3594
2 W
2 W
2 W
2 W
2 W
2 W
2 W
2 W
2 W
2 W
2 W
2 W
2 W
2 W
2 W
2 W
2 W
2 W
2 W
2 W
2 W
2 W
2 W
2 W
2 W
2 W
2 W
2 W
2 W
2 W
2 W
2 W
2 W
2 W
2 W
2 W
2 W
2 W
2 W
2 W
2 W
2 W
2 W
2 W
2 W
2 W
2 W
2 W
2 W
2 W
2 W
2 W
2 W
2 W
2 W
2 W
2 W
2 W
2 W
2 W
2 W
2 W
2 W
2 W
2 W
2 W
2 W
2 W
2 W
2 W
2 W
2 W
2 W
2 W
2 W
2 W
2 W
2 W
2 W
2 W
2 W
2 W
2 W
2 W
2 W
2 W
2 W
2 W
2 W
2 W
2 W
2 W
2 W
2 W
2 W
2 W
2 W
2 W
2 W
2 W
2 W
2 W
2 W
2 W
2 W
2 W
2 W
2 W
2 W
2 W
2 W
2 W
2 W
2 W
2 W
2 W
2 W
2 W
2 W
2 W
2 W
2 W
2 W
2 W
2 W
2 W
2 W
2 W
2 W
3 W
3 W
3 W
3 W
3 W
3 W
3 W
3 W
3 W
3 W
3 W
3 W
3 W
3 W
3 W
3 W
3 W
3 W
3 W
3 W
3 W
3 W
3 W
3 W
3 W
3 W
3 W
3 W
3 W
3 W
3 W
3 W
3 W
3 W
3 W
3 W
3 W
3 W
3 W
3 W
3 W
3 W
3 W
3 W
3 W
3 W
3 W
3 W
3 W
3 W
3 W
3 W
3 W
3 W
3 W
3 W
3 W
3 W
3 W
3 W
3 W
3 W
3 W
3 W
3 W
3 W
5 W
5 W
5 W
5 W
5 W
5 W
5 W
5 W
5 W
5 W
5 W
5 W
5 W
5 W
5 W
5 W
5 W
5 W
5 W
5 W
5 W
5 W
5 W
5 W
5 W
5 W
5 W
5 W
5 W
5 W
5 W
5 W
5 W
5 W
5 W
5 D
5 W
7 W
7 W
7 W
7 W
7 W
7 W
7 W
7 W
7 W
7 W
7 W
7 W
7 W
7 W
7 W
7 W
7 W
7 W
7 W
7 W
11 W
11 W
11 W
11 W
11 W
11 W
11 W
11 W
11 W
11 W
11 W
11 W
11 W
11 W
11 W
11 W
11 W
11 W
13 W
13 W
13 W
13 W
13 W
13 W
13 W
13 W
13 W
13 W
13 W
13 W
13 D
13 W
17 W
17 W
17 W
17 W
17 W
17 W
17 W
17 W
17 W
19 W
19 W
19 W
19 W
19 W
19 W
19 W
19 W
19 W
19 D
19 W
23 W
23 W
23 W
23 W
23 D
23 W
29 W
29 W
29 W
29 W
29 D
29 W
31 W
31 W
31 W
31 W
31 D
31 W
37 W
37 W
37 W
37 W
37 D
37 W
41 W
41 W
41 W
41 D
41 W
43 W
43 W
43 D
43 W
47 W
47 W
47 W
53 D
53 W
59 W
59 W
59 W
61 W
61 W
61 D
61 W
67 W
67 W
71 W
71 D
71 W
73 W
73 D
73 W
79 W
79 W
83 W
83 W
83 D
83 W
89 D
89 W
97 W
97 W
101 D
101 W
103 W
107 W
107 D
107 W
113 D
113 W
131 W
139 W
139 W
149 W
149 W
151 W
157 D
157 W
167 W
167 W
173 D
173 W
179 W
179 W
179 W
181 W
181 D
181 W
191 D
191 W
199 D
199 W
229 W
229 W
229 D
229 W
233 W
233 D
233 W
239 W
251 W
257 W
257 D
257 W
269 D
269 W
271 D
271 W
281 D
281 W
283 W
283 W
307 D
307 W
311 W
311 D
311 W
313 D
313 W
317 W
331 W
347 D
347 W
353 D
353 W
359 D
359 W
389 W
397 D
397 W
409 D
409 W
421 D
421 W
433 D
433 W
439 D
439 W
443 D
443 W
449 D
449 W
461 W
461 D
461 W
463 D
463 W
487 D
487 W
491 D
491 W
503 W
547 W
571 D
571 W
587 W
607 D
607 W
617 W
619 D
619 W
659 D
659 W
673 W
677 D
677 W
701 D
701 W
709 D
709 W
719 D
719 W
733 D
733 W
751 W
821 D
821 W
857 D
857 W
883 D
883 W
887 D
887 W
947 D
947 W
997 D
997 W
1033 D
1033 W
1039 D
1039 W
1151 D
1151 W
1171 D
1171 W
1187 D
1187 W
1213 D
1213 W
1223 D
1223 W
1283 D
1283 W
1289 D
1289 W
1291 D
1291 W
1487 D
1487 W
1493 D
1493 W
1531 D
1531 W
1549 D
1549 W
1583 D
1583 W
1601 D
1601 W
1637 D
1637 W
1663 D
1663 W
1777 D
1777 W
1811 D
1811 W
1823 D
1823 W
1861 D
1861 W
1873 D
1873 W
1889 D
1889 W
2003 D
2003 W
2011 D
2011 W
2039 D
2039 W
2053 D
2053 W
2113 D
2113 W
2143 D
2143 W
2207 D
2207 W
2309 D
2309 W
2393 D
2393 W
2473 D
2473 W
2693 D
2693 W
2713 D
2713 W
2777 D
2777 W
2887 D
2887 W
2903 D
2903 W
2969 D
2969 W
3037 D
3037 W
3163 D
3163 W
3217 D
3217 W
3331 D
3331 W
3347 D
3347 W
3407 D
3407 W
3593 D
3593 W
3607 D
3607 W
3659 D
3659 W
3673 D
3673 W
3911 D
3911 W
3943 D
3943 W
4133 D
4133 W
4153 D
4153 W
4243 D
4243 W
4373 D
4373 W
4903 D
4903 W
4933 D
4933 W
4943 D
4943 W
4967 D
4967 W
5167 D
5167 W
5297 D
5297 W
5399 D
5399 W
5701 D
5701 W
5827 D
5827 W
6277 D
6277 W
6793 D
6793 W
6829 D
6829 W
6833 D
6833 W
7547 D
7547 W
8039 D
8039 W
8101 D
8101 W
8221 D
8221 W
8461 D
8461 W
9463 D
9463 W
9677 D
9677 W
9721 D
9721 W
10151 D
10151 W
10247 D
10247 W
10333 D
10333 W
10711 D
10711 W
10867 D
10867 W
10909 D
10909 W
10973 D
10973 W
11443 D
11443 W
11593 D
11593 W
12703 D
12703 W
12781 D
12781 W
13469 D
13469 W
14051 D
14051 W
14783 D
14783 W
14929 D
14929 W
15077 D
15077 W
15973 D
15973 W
16519 D
16519 W
17077 D
17077 W
17293 D
17293 W
17491 D
17491 W
19259 D
19259 W
19609 D
19609 W
19727 D
19727 W
20353 D
20353 W
20411 D
20411 W
20441 D
20441 W
20507 D
20507 W
21739 D
21739 W
23917 D
23917 W
25997 D
25997 W
26161 D
26161 W
27299 D
27299 W
27763 D
27763 W
28211 D
28211 W
28643 D
28643 W
30113 D
30113 W
35671 D
35671 W
36563 D
36563 W
38011 D
38011 W
40759 D
40759 W
41849 D
41849 W
42839 D
42839 W
44687 D
44687 W
48449 D
48449 W
49033 D
49033 W
50969 D
50969 W
52639 D
52639 W
52691 D
52691 W
63913 D
63913 W
64013 D
64013 W
67391 D
67391 W
68891 D
68891 W
71341 D
71341 W
72901 D
72901 W
80681 D
80681 W
84719 D
84719 W
85999 D
85999 W
88843 D
88843 W
95089 D
95089 W
95369 D
95369 W
108461 D
108461 W
117731 D
117731 W
122957 D
122957 W
124669 D
124669 W
131251 D
131251 W
136813 D
136813 W
144887 D
144887 W
147451 D
147451 W
148891 D
148891 W
149861 D
149861 W
153947 D
153947 W
153991 D
153991 W
157307 D
157307 W
183439 D
183439 W
187139 D
187139 W
192799 D
192799 W
204797 D
204797 W
207269 D
207269 W
209123 D
209123 W
214283 D
214283 W
225671 D
225671 W
229459 D
229459 W
239201 D
239201 W
269987 D
269987 W
295411 D
295411 W
307277 D
307277 W
314267 D
314267 W
326993 D
326993 W
386723 D
386723 W
396239 D
396239 W
397643 D
397643 W
425101 D
425101 W
426427 D
426427 W
431671 D
431671 W
433673 D
433673 W
472399 D
472399 W
489743 D
489743 W
503197 D
503197 W
523949 D
523949 W
526667 D
526667 W
527627 D
527627 W
554417 D
554417 W
563587 D
563587 W
572449 D
572449 W
692927 D
692927 W
712939 D
712939 W
794921 D
794921 W
814423 D
814423 W
867337 D
867337 W
885169 D
885169 W
976447 D
976447 W
1081789 D
1081789 W
1211477 D
1211477 W
1291313 D
1291313 W
1358153 D
1358153 W
1397131 D
1397131 W
1699571 D
1699571 W
2040461 D
2040461 W
2084227 D
2084227 W
2126153 D
2126153 W
2192417 D
2192417 W
2290817 D
2290817 W
2323403 D
2323403 W
2326747 D
2326747 W
2331587 D
2331587 W
2443283 D
2443283 W
2497213 D
2497213 W
2515241 D
2515241 W
2713783 D
2713783 W
2781301 D
2781301 W
3033847 D
3033847 W
3381473 D
3381473 W
3388093 D
3388093 W
3633347 D
3633347 W
4412183 D
4412183 W
4571297 D
4571297 W
4828399 D
4828399 W
5680133 D
5680133 W
5894267 D
5894267 W
5948483 D
5948483 W
7004339 D
7004339 W
7228567 D
7228567 W
7855849 D
7855849 W
8417921 D
8417921 W
8596333 D
8596333 W
8755499 D
8755499 W
9011869 D
9011869 W
9891953 D
9891953 W
9919277 D
9919277 W
2 L
2 L
2 L
2 L
2 L
2 L
2 L
2 L
2 L
2 L
2 L
2 L
2 L
2 L
2 L
2 L
2 L
2 L
2 L
2 L
2 L
2 L
2 L
2 L
2 L
2 L
2 L
2 L
2 L
2 L
2 L
2 L
2 L
2 L
2 L
2 L
2 L
2 L
2 L
2 L
2 L
2 L
2 L
2 L
2 L
2 L
2 L
2 L
2 L
2 L
2 L
2 L
2 L
2 L
2 L
2 L
2 L
2 L
2 L
2 L
2 L
2 L
2 L
2 L
2 L
2 L
2 L
2 L
2 L
2 L
2 L
2 L
2 L
2 L
2 L
2 L
2 L
2 L
2 L
2 L
2 L
2 L
2 L
2 L
2 L
2 L
2 L
2 L
2 L
2 L
2 L
2 L
2 L
2 L
2 L
2 L
2 L
2 L
2 L
2 L
2 L
2 L
2 L
2 L
2 L
2 L
2 L
2 L
2 L
2 L
2 L
2 L
2 L
2 L
2 L
2 L
2 L
2 L
2 L
2 L
2 L
2 L
2 L
2 L
2 L
2 L
2 L
2 L
2 L
2 L
2 L
2 L
2 L
2 L
2 L
2 L
2 L
2 L
2 L
2 L
2 L
2 L
2 L
2 L
2 L
2 L
2 L
2 L
2 L
2 L
2 L
2 L
2 L
2 L
2 L
2 L
2 L
2 L
2 L
2 L
2 L
2 L
2 L
2 L
2 L
2 L
2 L
2 L
2 L
2 L
2 L
2 L
2 L
2 L
2 L
2 L
2 L
2 L
2 L
2 L
2 L
2 L
2 L
2 L
2 L
2 L
2 L
2 L
2 L
2 L
2 L
2 L
2 L
2 L
2 L
2 L
2 L
2 L
2 L
2 L
2 L
2 L
2 L
2 L
2 L
2 D
2 D
2 W
2 L
3 L
3 L
3 L
3 L
3 L
3 L
3 L
3 L
3 L
3 L
3 L
3 L
3 L
3 L
3 L
3 L
3 L
3 L
3 L
3 L
3 L
3 L
3 L
3 L
3 L
3 L
3 L
3 L
3 L
3 L
3 L
3 L
3 L
3 L
3 L
3 L
3 L
3 L
3 L
3 L
3 L
3 L
3 L
3 L
3 L
3 L
3 L
3 L
3 L
3 L
3 L
3 L
3 L
3 L
3 L
3 L
3 L
3 L
3 L
3 L
3 L
3 L
3 L
3 L
3 L
3 L
3 L
3 L
3 L
3 L
3 L
3 L
3 L
3 L
3 L
3 L
3 L
3 L
3 L
3 L
3 L
3 L
3 L
3 L
3 L
3 L
3 L
3 L
3 L
3 L
3 L
3 L
3 L
3 L
3 L
3 L
3 L
3 L
3 L
3 L
3 L
3 L
3 L
3 L
3 L
3 L
3 L
3 L
3 L
3 L
3 D
3 D
3 W
3 L
5 L
5 L
5 L
5 L
5 L
5 L
5 L
5 L
5 L
5 L
5 L
5 L
5 L
5 L
5 L
5 L
5 L
5 L
5 L
5 L
5 L
5 L
5 L
5 L
5 L
5 L
5 L
5 L
5 L
5 L
5 L
5 L
5 L
5 L
5 L
5 L
5 L
5 L
5 L
5 L
5 L
5 L
5 L
5 L
5 L
5 L
5 L
5 L
5 L
5 L
5 L
5 L
5 L
5 L
5 L
7 L
7 L
7 L
7 L
7 L
7 L
7 L
7 L
7 L
7 L
7 L
7 L
7 L
7 L
7 L
7 L
7 L
7 L
7 L
7 L
7 L
7 L
7 L
7 L
7 L
7 L
7 L
7 L
7 L
7 L
7 L
7 L
7 L
7 L
7 D
7 D
7 W
7 L
11 L
11 L
11 L
11 L
11 L
11 L
11 L
11 L
11 L
11 L
11 L
11 L
11 L
11 L
11 L
11 L
11 L
11 L
11 L
11 L
11 L
11 L
11 L
11 L
11 D
11 D
11 W
11 L
13 L
13 L
13 L
13 L
13 L
13 L
13 L
13 L
13 L
13 L
13 L
13 L
13 L
13 L
13 L
13 L
13 L
13 L
13 L
13 L
13 L
17 L
17 L
17 L
17 L
17 L
17 L
17 L
17 L
17 L
17 L
17 L
19 L
19 L
19 L
19 L
19 L
19 L
19 L
19 L
19 L
19 L
19 L
19 L
19 L
19 L
19 L
19 D
19 D
19 W
19 L
23 L
23 L
23 L
23 L
23 L
23 L
23 L
23 D
23 D
23 W
23 L
29 L
29 L
29 L
29 L
29 L
29 L
29 L
29 L
31 L
31 L
31 L
31 L
31 L
31 L
31 L
31 L
31 L
37 L
37 L
37 L
37 L
37 L
37 L
37 L
37 L
37 D
37 D
37 W
37 L
41 L
41 L
41 L
41 L
41 L
41 L
41 L
41 D
41 D
41 W
41 L
43 L
43 L
43 L
43 D
43 D
43 W
43 L
47 L
47 L
47 L
47 L
47 D
47 D
47 W
47 L
53 L
59 L
59 L
59 L
59 D
59 D
59 W
59 L
61 L
61 L
61 L
67 L
67 L
67 D
67 D
67 W
67 L
71 L
71 L
71 L
73 L
73 L
73 L
73 D
73 D
73 W
73 L
79 L
79 L
79 L
79 L
83 L
83 L
83 L
83 D
83 D
83 W
83 L
89 L
97 L
97 L
101 L
101 L
103 L
103 L
103 L
103 D
103 D
103 W
103 L
107 L
107 D
107 D
107 W
107 L
109 L
113 L
127 L
127 D
127 D
127 W
127 L
131 L
131 L
131 D
131 D
131 W
131 L
139 L
139 D
139 D
139 W
139 L
149 L
149 L
151 L
151 D
151 D
151 W
151 L
157 L
157 L
163 D
163 D
163 W
163 L
167 L
167 L
173 L
179 L
179 L
179 L
181 L
191 L
191 D
191 D
191 W
191 L
197 L
197 D
197 D
197 W
197 L
199 L
223 L
227 L
229 L
229 D
229 D
229 W
229 L
233 L
239 L
239 L
241 D
241 D
241 W
241 L
251 L
257 L
257 L
263 D
263 D
263 W
263 L
269 L
269 L
271 L
271 D
271 D
271 W
271 L
277 L
281 L
281 D
281 D
281 W
281 L
283 L
293 L
307 D
307 D
307 W
307 L
311 L
311 L
313 D
313 D
313 W
313 L
317 L
317 D
317 D
317 W
317 L
331 L
331 D
331 D
331 W
331 L
347 D
347 D
347 W
347 L
349 L
349 D
349 D
349 W
349 L
353 L
353 D
353 D
353 W
353 L
359 D
359 D
359 W
359 L
367 D
367 D
367 W
367 L
379 D
379 D
379 W
379 L
383 D
383 D
383 W
383 L
389 D
389 D
389 W
389 L
397 L
397 D
397 D
397 W
397 L
409 L
419 D
419 D
419 W
419 L
421 L
431 D
431 D
431 W
431 L
433 L
439 D
439 D
439 W
439 L
443 D
443 D
443 W
443 L
449 L
457 D
457 D
457 W
457 L
461 L
463 D
463 D
463 W
463 L
467 D
467 D
467 W
467 L
479 D
479 D
479 W
479 L
487 L
491 L
503 D
503 D
503 W
503 L
509 D
509 D
509 W
509 L
523 D
523 D
523 W
523 L
541 D
541 D
541 W
541 L
547 D
547 D
547 W
547 L
563 D
563 D
563 W
563 L
571 L
587 D
587 D
587 W
587 L
599 D
599 D
599 W
599 L
601 L
601 D
601 D
601 W
601 L
607 L
617 D
617 D
617 W
617 L
619 D
619 D
619 W
619 L
641 L
653 D
653 D
653 W
653 L
659 D
659 D
659 W
659 L
673 D
673 D
673 W
673 L
677 L
701 L
709 D
709 D
709 W
709 L
719 D
719 D
719 W
719 L
727 D
727 D
727 W
727 L
733 D
733 D
733 W
733 L
743 D
743 D
743 W
743 L
751 D
751 D
751 W
751 L
761 D
761 D
761 W
761 L
773 L
787 D
787 D
787 W
787 L
809 D
809 D
809 W
809 L
811 D
811 D
811 W
811 L
821 D
821 D
821 W
821 L
839 D
839 D
839 W
839 L
857 D
857 D
857 W
857 L
881 D
881 D
881 W
881 L
883 L
887 D
887 D
887 W
887 L
911 L
937 D
937 D
937 W
937 L
947 D
947 D
947 W
947 L
967 D
967 D
967 W
967 L
977 D
977 D
977 W
977 L
983 D
983 D
983 W
983 L
997 L
1013 D
1013 D
1013 W
1013 L
1031 D
1031 D
1031 W
1031 L
1033 D
1033 D
1033 W
1033 L
1039 L
1063 D
1063 D
1063 W
1063 L
1091 D
1091 D
1091 W
1091 L
1117 D
1117 D
1117 W
1117 L
1151 D
1151 D
1151 W
1151 L
1171 D
1171 D
1171 W
1171 L
1187 D
1187 D
1187 W
1187 L
1213 D
1213 D
1213 W
1213 L
1217 L
1217 D
1217 D
1217 W
1217 L
1223 L
1279 D
1279 D
1279 W
1279 L
1283 D
1283 D
1283 W
1283 L
1289 D
1289 D
1289 W
1289 L
1291 D
1291 D
1291 W
1291 L
1301 L
1321 D
1321 D
1321 W
1321 L
1327 D
1327 D
1327 W
1327 L
1361 L
1433 D
1433 D
1433 W
1433 L
1453 D
1453 D
1453 W
1453 L
1471 D
1471 D
1471 W
1471 L
1487 D
1487 D
1487 W
1487 L
1493 L
1493 D
1493 D
1493 W
1493 L
1499 D
1499 D
1499 W
1499 L
1531 D
1531 D
1531 W
1531 L
1549 D
1549 D
1549 W
1549 L
1553 D
1553 D
1553 W
1553 L
1583 D
1583 D
1583 W
1583 L
1601 D
1601 D
1601 W
1601 L
1613 D
1613 D
1613 W
1613 L
1637 D
1637 D
1637 W
1637 L
1657 D
1657 D
1657 W
1657 L
1663 D
1663 D
1663 W
1663 L
1667 D
1667 D
1667 W
1667 L
1709 D
1709 D
1709 W
1709 L
1723 D
1723 D
1723 W
1723 L
1753 L
1777 D
1777 D
1777 W
1777 L
1783 L
1783 D
1783 D
1783 W
1783 L
1811 D
1811 D
1811 W
1811 L
1823 D
1823 D
1823 W
1823 L
1861 D
1861 D
1861 W
1861 L
1873 L
1889 D
1889 D
1889 W
1889 L
1913 D
1913 D
1913 W
1913 L
1931 D
1931 D
1931 W
1931 L
1949 D
1949 D
1949 W
1949 L
2003 D
2003 D
2003 W
2003 L
2011 L
2011 D
2011 D
2011 W
2011 L
2039 D
2039 D
2039 W
2039 L
2053 L
2113 D
2113 D
2113 W
2113 L
2143 D
2143 D
2143 W
2143 L
2161 D
2161 D
2161 W
2161 L
2207 D
2207 D
2207 W
2207 L
2293 D
2293 D
2293 W
2293 L
2297 D
2297 D
2297 W
2297 L
2309 D
2309 D
2309 W
2309 L
2381 D
2381 D
2381 W
2381 L
2393 D
2393 D
2393 W
2393 L
2411 D
2411 D
2411 W
2411 L
2473 D
2473 D
2473 W
2473 L
2551 D
2551 D
2551 W
2551 L
2593 D
2593 D
2593 W
2593 L
2693 D
2693 D
2693 W
2693 L
2699 D
2699 D
2699 W
2699 L
2707 D
2707 D
2707 W
2707 L
2713 D
2713 D
2713 W
2713 L
2777 D
2777 D
2777 W
2777 L
2797 D
2797 D
2797 W
2797 L
2843 L
2887 D
2887 D
2887 W
2887 L
2897 D
2897 D
2897 W
2897 L
2903 D
2903 D
2903 W
2903 L
2969 D
2969 D
2969 W
2969 L
3037 D
3037 D
3037 W
3037 L
3049 D
3049 D
3049 W
3049 L
3163 D
3163 D
3163 W
3163 L
3167 D
3167 D
3167 W
3167 L
3217 D
3217 D
3217 W
3217 L
3221 D
3221 D
3221 W
3221 L
3251 D
3251 D
3251 W
3251 L
3307 D
3307 D
3307 W
3307 L
3331 D
3331 D
3331 W
3331 L
3347 D
3347 D
3347 W
3347 L
3371 D
3371 D
3371 W
3371 L
3407 D
3407 D
3407 W
3407 L
3581 D
3581 D
3581 W
3581 L
3593 D
3593 D
3593 W
3593 L
3607 D
3607 D
3607 W
3607 L
3659 D
3659 D
3659 W
3659 L
3673 D
3673 D
3673 W
3673 L
3833 D
3833 D
3833 W
3833 L
3853 D
3853 D
3853 W
3853 L
3877 D
3877 D
3877 W
3877 L
3911 L
3919 D
3919 D
3919 W
3919 L
3929 D
3929 D
3929 W
3929 L
3943 D
3943 D
3943 W
3943 L
4129 D
4129 D
4129 W
4129 L
4133 D
4133 D
4133 W
4133 L
4153 D
4153 D
4153 W
4153 L
4217 D
4217 D
4217 W
4217 L
4243 D
4243 D
4243 W
4243 L
4373 D
4373 D
4373 W
4373 L
4903 D
4903 D
4903 W
4903 L
4933 D
4933 D
4933 W
4933 L
4943 D
4943 D
4943 W
4943 L
4967 D
4967 D
4967 W
4967 L
5101 D
5101 D
5101 W
5101 L
5167 D
5167 D
5167 W
5167 L
5209 D
5209 D
5209 W
5209 L
5297 D
5297 D
5297 W
5297 L
5399 D
5399 D
5399 W
5399 L
5501 D
5501 D
5501 W
5501 L
5507 D
5507 D
5507 W
5507 L
5701 D
5701 D
5701 W
5701 L
5779 D
5779 D
5779 W
5779 L
5827 D
5827 D
5827 W
5827 L
5849 D
5849 D
5849 W
5849 L
6143 D
6143 D
6143 W
6143 L
6151 D
6151 D
6151 W
6151 L
6163 D
6163 D
6163 W
6163 L
6217 D
6217 D
6217 W
6217 L
6221 D
6221 D
6221 W
6221 L
6277 D
6277 D
6277 W
6277 L
6373 D
6373 D
6373 W
6373 L
6481 D
6481 D
6481 W
6481 L
6607 D
6607 D
6607 W
6607 L
6793 D
6793 D
6793 W
6793 L
6829 D
6829 D
6829 W
6829 L
6833 D
6833 D
6833 W
6833 L
7333 D
7333 D
7333 W
7333 L
7507 D
7507 D
7507 W
7507 L
7547 D
7547 D
7547 W
7547 L
8039 D
8039 D
8039 W
8039 L
8101 D
8101 D
8101 W
8101 L
8221 D
8221 D
8221 W
8221 L
8423 D
8423 D
8423 W
8423 L
8461 D
8461 D
8461 W
8461 L
9173 D
9173 D
9173 W
9173 L
9281 D
9281 D
9281 W
9281 L
9463 D
9463 D
9463 W
9463 L
9677 D
9677 D
9677 W
9677 L
9721 L
9829 D
9829 D
9829 W
9829 L
10133 D
10133 D
10133 W
10133 L
10151 D
10151 D
10151 W
10151 L
10247 D
10247 D
10247 W
10247 L
10333 D
10333 D
10333 W
10333 L
10487 D
10487 D
10487 W
10487 L
10667 D
10667 D
10667 W
10667 L
10711 D
10711 D
10711 W
10711 L
10867 D
10867 D
10867 W
10867 L
10909 D
10909 D
10909 W
10909 L
10973 D
10973 D
10973 W
10973 L
10979 D
10979 D
10979 W
10979 L
11369 D
11369 D
11369 W
11369 L
11443 D
11443 D
11443 W
11443 L
11587 D
11587 D
11587 W
11587 L
11593 D
11593 D
11593 W
11593 L
12239 D
12239 D
12239 W
12239 L
12479 D
12479 D
12479 W
12479 L
12703 D
12703 D
12703 W
12703 L
12781 D
12781 D
12781 W
12781 L
13469 D
13469 D
13469 W
13469 L
14051 D
14051 D
14051 W
14051 L
14221 D
14221 D
14221 W
14221 L
14783 D
14783 D
14783 W
14783 L
14929 D
14929 D
14929 W
14929 L
14969 D
14969 D
14969 W
14969 L
15077 D
15077 D
15077 W
15077 L
15199 D
15199 D
15199 W
15199 L
15973 D
15973 D
15973 W
15973 L
16229 D
16229 D
16229 W
16229 L
16519 D
16519 D
16519 W
16519 L
16547 D
16547 D
16547 W
16547 L
17077 D
17077 D
17077 W
17077 L
17293 D
17293 D
17293 W
17293 L
17383 D
17383 D
17383 W
17383 L
17491 D
17491 D
17491 W
17491 L
17579 D
17579 D
17579 W
17579 L
17959 D
17959 D
17959 W
17959 L
19259 D
19259 D
19259 W
19259 L
19267 D
19267 D
19267 W
19267 L
19609 D
19609 D
19609 W
19609 L
19727 D
19727 D
19727 W
19727 L
20353 D
20353 D
20353 W
20353 L
20411 D
20411 D
20411 W
20411 L
20441 D
20441 D
20441 W
20441 L
20507 D
20507 D
20507 W
20507 L
21739 D
21739 D
21739 W
21739 L
22541 D
22541 D
22541 W
22541 L
23917 L
25657 D
25657 D
25657 W
25657 L
25673 D
25673 D
25673 W
25673 L
25997 D
25997 D
25997 W
25997 L
26161 D
26161 D
26161 W
26161 L
26627 D
26627 D
26627 W
26627 L
27299 D
27299 D
27299 W
27299 L
27763 D
27763 D
27763 W
27763 L
28211 D
28211 D
28211 W
28211 L
28297 D
28297 D
28297 W
28297 L
28643 D
28643 D
28643 W
28643 L
30029 D
30029 D
30029 W
30029 L
30113 D
30113 D
30113 W
30113 L
30809 D
30809 D
30809 W
30809 L
31337 D
31337 D
31337 W
31337 L
32119 D
32119 D
32119 W
32119 L
34159 D
34159 D
34159 W
34159 L
34703 D
34703 D
34703 W
34703 L
34981 D
34981 D
34981 W
34981 L
35671 D
35671 D
35671 W
35671 L
36217 D
36217 D
36217 W
36217 L
36563 D
36563 D
36563 W
36563 L
38011 D
38011 D
38011 W
38011 L
38611 D
38611 D
38611 W
38611 L
40627 D
40627 D
40627 W
40627 L
40759 D
40759 D
40759 W
40759 L
41593 D
41593 D
41593 W
41593 L
41849 D
41849 D
41849 W
41849 L
42043 D
42043 D
42043 W
42043 L
42649 D
42649 D
42649 W
42649 L
42839 D
42839 D
42839 W
42839 L
42901 D
42901 D
42901 W
42901 L
44027 D
44027 D
44027 W
44027 L
44687 D
44687 D
44687 W
44687 L
48449 D
48449 D
48449 W
48449 L
48809 D
48809 D
48809 W
48809 L
49033 D
49033 D
49033 W
49033 L
50053 D
50053 D
50053 W
50053 L
50969 D
50969 D
50969 W
50969 L
52583 D
52583 D
52583 W
52583 L
52639 D
52639 D
52639 W
52639 L
52691 D
52691 D
52691 W
52691 L
55901 D
55901 D
55901 W
55901 L
61261 D
61261 D
61261 W
61261 L
63317 D
63317 D
63317 W
63317 L
63389 D
63389 D
63389 W
63389 L
63913 D
63913 D
63913 W
63913 L
64013 D
64013 D
64013 W
64013 L
65419 D
65419 D
65419 W
65419 L
67391 D
67391 D
67391 W
67391 L
68891 D
68891 D
68891 W
68891 L
70451 D
70451 D
70451 W
70451 L
71317 D
71317 D
71317 W
71317 L
71341 D
71341 D
71341 W
71341 L
72901 D
72901 D
72901 W
72901 L
75653 D
75653 D
75653 W
75653 L
79229 D
79229 D
79229 W
79229 L
80681 D
80681 D
80681 W
80681 L
80989 D
80989 D
80989 W
80989 L
84719 D
84719 D
84719 W
84719 L
85999 D
85999 D
85999 W
85999 L
88843 D
88843 D
88843 W
88843 L
95089 D
95089 D
95089 W
95089 L
95369 D
95369 D
95369 W
95369 L
100183 D
100183 D
100183 W
100183 L
106033 D
106033 D
106033 W
106033 L
108461 D
108461 D
108461 W
108461 L
111443 D
111443 D
111443 W
111443 L
111949 D
111949 D
111949 W
111949 L
114193 D
114193 D
114193 W
114193 L
116791 D
116791 D
116791 W
116791 L
117191 D
117191 D
117191 W
117191 L
117731 D
117731 D
117731 W
117731 L
118931 D
118931 D
118931 W
118931 L
122149 D
122149 D
122149 W
122149 L
122957 D
122957 D
122957 W
122957 L
124669 D
124669 D
124669 W
124669 L
125429 D
125429 D
125429 W
125429 L
127277 D
127277 D
127277 W
127277 L
131251 D
131251 D
131251 W
131251 L
136813 D
136813 D
136813 W
136813 L
140593 D
140593 D
140593 W
140593 L
142123 D
142123 D
142123 W
142123 L
144887 D
144887 D
144887 W
144887 L
147451 D
147451 D
147451 W
147451 L
148891 D
148891 D
148891 W
148891 L
149861 D
149861 D
149861 W
149861 L
152939 D
152939 D
152939 W
152939 L
153947 D
153947 D
153947 W
153947 L
153991 D
153991 D
153991 W
153991 L
157307 D
157307 D
157307 W
157307 L
161071 D
161071 D
161071 W
161071 L
162749 D
162749 D
162749 W
162749 L
164701 D
164701 D
164701 W
164701 L
166157 D
166157 D
166157 W
166157 L
183439 D
183439 D
183439 W
183439 L
185161 D
185161 D
185161 W
185161 L
187139 D
187139 D
187139 W
187139 L
192799 D
192799 D
192799 W
192799 L
203387 D
203387 D
203387 W
203387 L
204427 D
204427 D
204427 W
204427 L
204797 D
204797 D
204797 W
204797 L
207269 D
207269 D
207269 W
207269 L
209123 D
209123 D
209123 W
209123 L
211067 D
211067 D
211067 W
211067 L
214283 D
214283 D
214283 W
214283 L
216647 D
216647 D
216647 W
216647 L
225671 D
225671 D
225671 W
225671 L
227873 D
227873 D
227873 W
227873 L
229459 D
229459 D
229459 W
229459 L
236503 D
236503 D
236503 W
236503 L
239201 D
239201 D
239201 W
239201 L
246931 D
246931 D
246931 W
246931 L
251833 D
251833 D
251833 W
251833 L
259201 D
259201 D
259201 W
259201 L
269987 D
269987 D
269987 W
269987 L
270451 D
270451 D
270451 W
270451 L
280061 D
280061 D
280061 W
280061 L
281621 D
281621 D
281621 W
281621 L
283447 D
283447 D
283447 W
283447 L
295411 D
295411 D
295411 W
295411 L
300191 D
300191 D
300191 W
300191 L
307277 D
307277 D
307277 W
307277 L
314267 D
314267 D
314267 W
314267 L
321239 D
321239 D
321239 W
321239 L
326993 D
326993 D
326993 W
326993 L
344207 D
344207 D
344207 W
344207 L
353653 D
353653 D
353653 W
353653 L
368579 D
368579 D
368579 W
368579 L
386723 D
386723 D
386723 W
386723 L
396239 D
396239 D
396239 W
396239 L
397643 D
397643 D
397643 W
397643 L
425101 D
425101 D
425101 W
425101 L
426427 D
426427 D
426427 W
426427 L
426799 D
426799 D
426799 W
426799 L
431671 D
431671 D
431671 W
431671 L
433673 D
433673 D
433673 W
433673 L
450367 D
450367 D
450367 W
450367 L
451309 D
451309 D
451309 W
451309 L
472399 D
472399 D
472399 W
472399 L
487561 D
487561 D
487561 W
487561 L
488687 D
488687 D
488687 W
488687 L
489743 D
489743 D
489743 W
489743 L
493523 D
493523 D
493523 W
493523 L
503197 D
503197 D
503197 W
503197 L
520867 D
520867 D
520867 W
520867 L
523949 D
523949 D
523949 W
523949 L
526667 D
526667 D
526667 W
526667 L
527627 D
527627 D
527627 W
527627 L
554417 D
554417 D
554417 W
554417 L
563587 D
563587 D
563587 W
563587 L
565997 D
565997 D
565997 W
565997 L
572449 D
572449 D
572449 W
572449 L
577453 D
577453 D
577453 W
577453 L
587297 D
587297 D
587297 W
587297 L
598891 D
598891 D
598891 W
598891 L
634817 D
634817 D
634817 W
634817 L
689411 D
689411 D
689411 W
689411 L
692927 D
692927 D
692927 W
692927 L
710027 D
710027 D
710027 W
710027 L
712939 D
712939 D
712939 W
712939 L
744371 D
744371 D
744371 W
744371 L
744493 D
744493 D
744493 W
744493 L
794921 D
794921 D
794921 W
794921 L
800509 D
800509 D
800509 W
800509 L
814423 D
814423 D
814423 W
814423 L
819001 D
819001 D
819001 W
819001 L
842161 D
842161 D
842161 W
842161 L
846401 D
846401 D
846401 W
846401 L
867337 D
867337 D
867337 W
867337 L
885169 D
885169 D
885169 W
885169 L
976447 D
976447 D
976447 W
976447 L
1015123 D
1015123 D
1015123 W
1015123 L
1040069 D
1040069 D
1040069 W
1040069 L
1059007 D
1059007 D
1059007 W
1059007 L
1064339 D
1064339 D
1064339 W
1064339 L
1076519 D
1076519 D
1076519 W
1076519 L
1081789 D
1081789 D
1081789 W
1081789 L
1175173 D
1175173 D
1175173 W
1175173 L
1211477 D
1211477 D
1211477 W
1211477 L
1291313 D
1291313 D
1291313 W
1291313 L
1319719 D
1319719 D
1319719 W
1319719 L
1358153 D
1358153 D
1358153 W
1358153 L
1397131 D
1397131 D
1397131 W
1397131 L
1433669 D
1433669 D
1433669 W
1433669 L
1485101 D
1485101 D
1485101 W
1485101 L
1581473 D
1581473 D
1581473 W
1581473 L
1699571 D
1699571 D
1699571 W
1699571 L
1764809 D
1764809 D
1764809 W
1764809 L
1795517 D
1795517 D
1795517 W
1795517 L
1823407 D
1823407 D
1823407 W
1823407 L
1952647 D
1952647 D
1952647 W
1952647 L
2040461 D
2040461 D
2040461 W
2040461 L
2084227 D
2084227 D
2084227 W
2084227 L
2126153 D
2126153 D
2126153 W
2126153 L
2192417 D
2192417 D
2192417 W
2192417 L
2290817 D
2290817 D
2290817 W
2290817 L
2323403 D
2323403 D
2323403 W
2323403 L
2326747 D
2326747 D
2326747 W
2326747 L
2331587 D
2331587 D
2331587 W
2331587 L
2443283 D
2443283 D
2443283 W
2443283 L
2497213 D
2497213 D
2497213 W
2497213 L
2515241 D
2515241 D
2515241 W
2515241 L
2659187 D
2659187 D
2659187 W
2659187 L
2713783 D
2713783 D
2713783 W
2713783 L
2724067 D
2724067 D
2724067 W
2724067 L
2781301 D
2781301 D
2781301 W
2781301 L
2799233 D
2799233 D
2799233 W
2799233 L
3033847 D
3033847 D
3033847 W
3033847 L
3172667 D
3172667 D
3172667 W
3172667 L
3377189 D
3377189 D
3377189 W
3377189 L
3381473 D
3381473 D
3381473 W
3381473 L
3388093 D
3388093 D
3388093 W
3388093 L
3633347 D
3633347 D
3633347 W
3633347 L
4142129 D
4142129 D
4142129 W
4142129 L
4412183 D
4412183 D
4412183 W
4412183 L
4571297 D
4571297 D
4571297 W
4571297 L
4828399 D
4828399 D
4828399 W
4828399 L
4999627 D
4999627 D
4999627 W
4999627 L
5680133 D
5680133 D
5680133 W
5680133 L
5894267 D
5894267 D
5894267 W
5894267 L
5948483 D
5948483 D
5948483 W
5948483 L
6096049 D
6096049 D
6096049 W
6096049 L
7004339 D
7004339 D
7004339 W
7004339 L
7228567 D
7228567 D
7228567 W
7228567 L
7663153 D
7663153 D
7663153 W
7663153 L
7855849 D
7855849 D
7855849 W
7855849 L
8123411 D
8123411 D
8123411 W
8123411 L
8296751 D
8296751 D
8296751 W
8296751 L
8417921 D
8417921 D
8417921 W
8417921 L
8596333 D
8596333 D
8596333 W
8596333 L
8614729 D
8614729 D
8614729 W
8614729 L
8755499 D
8755499 D
8755499 W
8755499 L
9011869 D
9011869 D
9011869 W
9011869 L
9714053 D
9714053 D
9714053 W
9714053 L
9891953 D
9891953 D
9891953 W
9891953 L
9919277 D
9919277 D
9919277 W
9919277 L
