726
29 D
29 W
37 D
37 W
41 D
41 W
47 D
47 W
191 D
191 W
197 D
197 W
233 D
233 W
239 D
239 W
263 D
263 W
691 D
691 W
743 D
743 W
751 D
751 W
787 D
787 W
1009 D
1009 W
1223 D
1223 W
1279 D
1279 W
1303 D
1303 W
1453 D
1453 W
1481 D
1481 W
1499 D
1499 W
1811 D
1811 W
1901 D
1901 W
2087 D
2087 W
2333 D
2333 W
2447 D
2447 W
2459 D
2459 W
2579 D
2579 W
2591 D
2591 W
2711 D
2711 W
2957 D
2957 W
3049 D
3049 W
3313 D
3313 W
3449 D
3449 W
4019 D
4019 W
4517 D
4517 W
5021 D
5021 W
5227 D
5227 W
5297 D
5297 W
5867 D
5867 W
6217 D
6217 W
6473 D
6473 W
6833 D
6833 W
6977 D
6977 W
6997 D
6997 W
7333 D
7333 W
7673 D
7673 W
7723 D
7723 W
7753 D
7753 W
7841 D
7841 W
7853 D
7853 W
7901 D
7901 W
7919 D
7919 W
8429 D
8429 W
8563 D
8563 W
8623 D
8623 W
9049 D
9049 W
9203 D
9203 W
9293 D
9293 W
9391 D
9391 W
2 D
2 D
2 W
2 L
3 D
3 D
3 W
3 L
5 D
5 D
5 W
5 L
7 D
7 D
7 W
7 L
11 D
11 D
11 W
11 L
13 D
13 D
13 W
13 L
17 D
17 D
17 W
17 L
19 D
19 D
19 W
19 L
23 D
23 D
23 W
23 L
29 D
29 D
29 W
29 L
31 D
31 D
31 W
31 L
37 D
37 D
37 W
37 L
41 D
41 D
41 W
41 L
43 D
43 D
43 W
43 L
47 D
47 D
47 W
47 L
101 D
101 D
101 W
101 L
103 D
103 D
103 W
103 L
191 D
191 D
191 W
191 L
197 D
197 D
197 W
197 L
199 D
199 D
199 W
199 L
233 D
233 D
233 W
233 L
239 D
239 D
239 W
239 L
241 D
241 D
241 W
241 L
263 D
263 D
263 W
263 L
349 D
349 D
349 W
349 L
409 D
409 D
409 W
409 L
433 D
433 D
433 W
433 L
617 D
617 D
617 W
617 L
619 D
619 D
619 W
619 L
691 D
691 D
691 W
691 L
743 D
743 D
743 W
743 L
751 D
751 D
751 W
751 L
787 D
787 D
787 W
787 L
859 D
859 D
859 W
859 L
947 D
947 D
947 W
947 L
1009 D
1009 D
1009 W
1009 L
1049 D
1049 D
1049 W
1049 L
1087 D
1087 D
1087 W
1087 L
1097 D
1097 D
1097 W
1097 L
1109 D
1109 D
1109 W
1109 L
1223 D
1223 D
1223 W
1223 L
1249 D
1249 D
1249 W
1249 L
1279 D
1279 D
1279 W
1279 L
1303 D
1303 D
1303 W
1303 L
1319 D
1319 D
1319 W
1319 L
1367 D
1367 D
1367 W
1367 L
1373 D
1373 D
1373 W
1373 L
1453 D
1453 D
1453 W
1453 L
1471 D
1471 D
1471 W
1471 L
1481 D
1481 D
1481 W
1481 L
1499 D
1499 D
1499 W
1499 L
1553 D
1553 D
1553 W
1553 L
1571 D
1571 D
1571 W
1571 L
1619 D
1619 D
1619 W
1619 L
1699 D
1699 D
1699 W
1699 L
1733 D
1733 D
1733 W
1733 L
1811 D
1811 D
1811 W
1811 L
1879 D
1879 D
1879 W
1879 L
1901 D
1901 D
1901 W
1901 L
1913 D
1913 D
1913 W
1913 L
2087 D
2087 D
2087 W
2087 L
2143 D
2143 D
2143 W
2143 L
2179 D
2179 D
2179 W
2179 L
2213 D
2213 D
2213 W
2213 L
2333 D
2333 D
2333 W
2333 L
2447 D
2447 D
2447 W
2447 L
2459 D
2459 D
2459 W
2459 L
2473 D
2473 D
2473 W
2473 L
2503 D
2503 D
2503 W
2503 L
2579 D
2579 D
2579 W
2579 L
2591 D
2591 D
2591 W
2591 L
2711 D
2711 D
2711 W
2711 L
2803 D
2803 D
2803 W
2803 L
2957 D
2957 D
2957 W
2957 L
2969 D
2969 D
2969 W
2969 L
3049 D
3049 D
3049 W
3049 L
3067 D
3067 D
3067 W
3067 L
3209 D
3209 D
3209 W
3209 L
3221 D
3221 D
3221 W
3221 L
3313 D
3313 D
3313 W
3313 L
3449 D
3449 D
3449 W
3449 L
3467 D
3467 D
3467 W
3467 L
3571 D
3571 D
3571 W
3571 L
3671 D
3671 D
3671 W
3671 L
4019 D
4019 D
4019 W
4019 L
4127 D
4127 D
4127 W
4127 L
4349 D
4349 D
4349 W
4349 L
4391 D
4391 D
4391 W
4391 L
4483 D
4483 D
4483 W
4483 L
4517 D
4517 D
4517 W
4517 L
4549 D
4549 D
4549 W
4549 L
4651 D
4651 D
4651 W
4651 L
4721 D
4721 D
4721 W
4721 L
4751 D
4751 D
4751 W
4751 L
4799 D
4799 D
4799 W
4799 L
4999 D
4999 D
4999 W
4999 L
5021 D
5021 D
5021 W
5021 L
5023 D
5023 D
5023 W
5023 L
5099 D
5099 D
5099 W
5099 L
5227 D
5227 D
5227 W
5227 L
5297 D
5297 D
5297 W
5297 L
5657 D
5657 D
5657 W
5657 L
5711 D
5711 D
5711 W
5711 L
5807 D
5807 D
5807 W
5807 L
5813 D
5813 D
5813 W
5813 L
5867 D
5867 D
5867 W
5867 L
5897 D
5897 D
5897 W
5897 L
6217 D
6217 D
6217 W
6217 L
6473 D
6473 D
6473 W
6473 L
6833 D
6833 D
6833 W
6833 L
6917 D
6917 D
6917 W
6917 L
6971 D
6971 D
6971 W
6971 L
6977 D
6977 D
6977 W
6977 L
6997 D
6997 D
6997 W
6997 L
7013 D
7013 D
7013 W
7013 L
7237 D
7237 D
7237 W
7237 L
7333 D
7333 D
7333 W
7333 L
7457 D
7457 D
7457 W
7457 L
7547 D
7547 D
7547 W
7547 L
7573 D
7573 D
7573 W
7573 L
7673 D
7673 D
7673 W
7673 L
7723 D
7723 D
7723 W
7723 L
7753 D
7753 D
7753 W
7753 L
7757 D
7757 D
7757 W
7757 L
7841 D
7841 D
7841 W
7841 L
7853 D
7853 D
7853 W
7853 L
7879 D
7879 D
7879 W
7879 L
7901 D
7901 D
7901 W
7901 L
7919 D
7919 D
7919 W
7919 L
7963 D
7963 D
7963 W
7963 L
8221 D
8221 D
8221 W
8221 L
8387 D
8387 D
8387 W
8387 L
8423 D
8423 D
8423 W
8423 L
8429 D
8429 D
8429 W
8429 L
8461 D
8461 D
8461 W
8461 L
8563 D
8563 D
8563 W
8563 L
8597 D
8597 D
8597 W
8597 L
8623 D
8623 D
8623 W
8623 L
8783 D
8783 D
8783 W
8783 L
8867 D
8867 D
8867 W
8867 L
9049 D
9049 D
9049 W
9049 L
9187 D
9187 D
9187 W
9187 L
9203 D
9203 D
9203 W
9203 L
9293 D
9293 D
9293 W
9293 L
9341 D
9341 D
9341 W
9341 L
9371 D
9371 D
9371 W
9371 L
9391 D
9391 D
9391 W
9391 L
9403 D
9403 D
9403 W
9403 L
9479 D
9479 D
9479 W
9479 L
9613 D
9613 D
9613 W
9613 L
9743 D
9743 D
9743 W
9743 L
9839 D
9839 D
9839 W
9839 L
