962
23 D
23 W
37 D
37 W
41 D
41 W
59 D
59 W
61 D
61 W
83 D
83 W
107 D
107 W
227 D
227 W
233 D
233 W
317 D
317 W
1129 D
1129 W
1151 D
1151 W
1597 D
1597 W
1823 D
1823 W
1931 D
1931 W
1979 D
1979 W
2003 D
2003 W
2017 D
2017 W
2111 D
2111 W
2141 D
2141 W
2161 D
2161 W
2269 D
2269 W
2671 D
2671 W
2683 D
2683 W
2887 D
2887 W
3119 D
3119 W
3169 D
3169 W
3251 D
3251 W
3313 D
3313 W
3517 D
3517 W
3539 D
3539 W
3583 D
3583 W
3643 D
3643 W
3727 D
3727 W
3821 D
3821 W
4021 D
4021 W
4153 D
4153 W
4229 D
4229 W
4243 D
4243 W
4259 D
4259 W
4271 D
4271 W
4567 D
4567 W
4691 D
4691 W
4801 D
4801 W
4931 D
4931 W
5309 D
5309 W
5471 D
5471 W
5477 D
5477 W
5507 D
5507 W
5563 D
5563 W
5591 D
5591 W
5659 D
5659 W
5903 D
5903 W
5923 D
5923 W
6043 D
6043 W
6311 D
6311 W
6421 D
6421 W
6703 D
6703 W
6899 D
6899 W
6983 D
6983 W
7019 D
7019 W
7069 D
7069 W
7151 D
7151 W
7393 D
7393 W
7451 D
7451 W
7481 D
7481 W
7607 D
7607 W
7673 D
7673 W
7687 D
7687 W
7789 D
7789 W
7829 D
7829 W
7937 D
7937 W
7993 D
7993 W
8069 D
8069 W
8311 D
8311 W
8369 D
8369 W
8527 D
8527 W
8623 D
8623 W
8699 D
8699 W
8821 D
8821 W
8839 D
8839 W
8969 D
8969 W
9011 D
9011 W
9109 D
9109 W
9133 D
9133 W
9199 D
9199 W
9277 D
9277 W
9433 D
9433 W
9643 D
9643 W
9733 D
9733 W
9787 D
9787 W
9883 D
9883 W
9923 D
9923 W
9967 D
9967 W
9973 D
9973 W
2 D
2 D
2 W
2 L
3 D
3 D
3 W
3 L
5 D
5 D
5 W
5 L
7 D
7 D
7 W
7 L
11 D
11 D
11 W
11 L
13 D
13 D
13 W
13 L
17 D
17 D
17 W
17 L
19 D
19 D
19 W
19 L
23 D
23 D
23 W
23 L
31 D
31 D
31 W
31 L
37 D
37 D
37 W
37 L
41 D
41 D
41 W
41 L
59 D
59 D
59 W
59 L
61 D
61 D
61 W
61 L
83 D
83 D
83 W
83 L
107 D
107 D
107 W
107 L
227 D
227 D
227 W
227 L
233 D
233 D
233 W
233 L
283 D
283 D
283 W
283 L
317 D
317 D
317 W
317 L
479 D
479 D
479 W
479 L
503 D
503 D
503 W
503 L
569 D
569 D
569 W
569 L
643 D
643 D
643 W
643 L
691 D
691 D
691 W
691 L
743 D
743 D
743 W
743 L
823 D
823 D
823 W
823 L
1019 D
1019 D
1019 W
1019 L
1033 D
1033 D
1033 W
1033 L
1109 D
1109 D
1109 W
1109 L
1129 D
1129 D
1129 W
1129 L
1151 D
1151 D
1151 W
1151 L
1217 D
1217 D
1217 W
1217 L
1303 D
1303 D
1303 W
1303 L
1499 D
1499 D
1499 W
1499 L
1511 D
1511 D
1511 W
1511 L
1531 D
1531 D
1531 W
1531 L
1549 D
1549 D
1549 W
1549 L
1597 D
1597 D
1597 W
1597 L
1613 D
1613 D
1613 W
1613 L
1657 D
1657 D
1657 W
1657 L
1721 D
1721 D
1721 W
1721 L
1733 D
1733 D
1733 W
1733 L
1801 D
1801 D
1801 W
1801 L
1823 D
1823 D
1823 W
1823 L
1867 D
1867 D
1867 W
1867 L
1871 D
1871 D
1871 W
1871 L
1931 D
1931 D
1931 W
1931 L
1979 D
1979 D
1979 W
1979 L
2003 D
2003 D
2003 W
2003 L
2017 D
2017 D
2017 W
2017 L
2087 D
2087 D
2087 W
2087 L
2099 D
2099 D
2099 W
2099 L
2111 D
2111 D
2111 W
2111 L
2141 D
2141 D
2141 W
2141 L
2161 D
2161 D
2161 W
2161 L
2269 D
2269 D
2269 W
2269 L
2411 D
2411 D
2411 W
2411 L
2417 D
2417 D
2417 W
2417 L
2543 D
2543 D
2543 W
2543 L
2609 D
2609 D
2609 W
2609 L
2671 D
2671 D
2671 W
2671 L
2683 D
2683 D
2683 W
2683 L
2713 D
2713 D
2713 W
2713 L
2753 D
2753 D
2753 W
2753 L
2837 D
2837 D
2837 W
2837 L
2887 D
2887 D
2887 W
2887 L
2953 D
2953 D
2953 W
2953 L
2971 D
2971 D
2971 W
2971 L
3019 D
3019 D
3019 W
3019 L
3037 D
3037 D
3037 W
3037 L
3089 D
3089 D
3089 W
3089 L
3119 D
3119 D
3119 W
3119 L
3169 D
3169 D
3169 W
3169 L
3251 D
3251 D
3251 W
3251 L
3313 D
3313 D
3313 W
3313 L
3347 D
3347 D
3347 W
3347 L
3517 D
3517 D
3517 W
3517 L
3539 D
3539 D
3539 W
3539 L
3583 D
3583 D
3583 W
3583 L
3617 D
3617 D
3617 W
3617 L
3631 D
3631 D
3631 W
3631 L
3643 D
3643 D
3643 W
3643 L
3727 D
3727 D
3727 W
3727 L
3733 D
3733 D
3733 W
3733 L
3821 D
3821 D
3821 W
3821 L
3833 D
3833 D
3833 W
3833 L
4021 D
4021 D
4021 W
4021 L
4057 D
4057 D
4057 W
4057 L
4093 D
4093 D
4093 W
4093 L
4153 D
4153 D
4153 W
4153 L
4159 D
4159 D
4159 W
4159 L
4229 D
4229 D
4229 W
4229 L
4243 D
4243 D
4243 W
4243 L
4259 D
4259 D
4259 W
4259 L
4271 D
4271 D
4271 W
4271 L
4441 D
4441 D
4441 W
4441 L
4513 D
4513 D
4513 W
4513 L
4561 D
4561 D
4561 W
4561 L
4567 D
4567 D
4567 W
4567 L
4691 D
4691 D
4691 W
4691 L
4723 D
4723 D
4723 W
4723 L
4751 D
4751 D
4751 W
4751 L
4801 D
4801 D
4801 W
4801 L
4831 D
4831 D
4831 W
4831 L
4931 D
4931 D
4931 W
4931 L
4973 D
4973 D
4973 W
4973 L
4987 D
4987 D
4987 W
4987 L
5113 D
5113 D
5113 W
5113 L
5309 D
5309 D
5309 W
5309 L
5333 D
5333 D
5333 W
5333 L
5387 D
5387 D
5387 W
5387 L
5413 D
5413 D
5413 W
5413 L
5471 D
5471 D
5471 W
5471 L
5477 D
5477 D
5477 W
5477 L
5507 D
5507 D
5507 W
5507 L
5563 D
5563 D
5563 W
5563 L
5591 D
5591 D
5591 W
5591 L
5659 D
5659 D
5659 W
5659 L
5689 D
5689 D
5689 W
5689 L
5813 D
5813 D
5813 W
5813 L
5903 D
5903 D
5903 W
5903 L
5923 D
5923 D
5923 W
5923 L
6043 D
6043 D
6043 W
6043 L
6067 D
6067 D
6067 W
6067 L
6101 D
6101 D
6101 W
6101 L
6131 D
6131 D
6131 W
6131 L
6133 D
6133 D
6133 W
6133 L
6269 D
6269 D
6269 W
6269 L
6311 D
6311 D
6311 W
6311 L
6337 D
6337 D
6337 W
6337 L
6421 D
6421 D
6421 W
6421 L
6571 D
6571 D
6571 W
6571 L
6703 D
6703 D
6703 W
6703 L
6709 D
6709 D
6709 W
6709 L
6823 D
6823 D
6823 W
6823 L
6899 D
6899 D
6899 W
6899 L
6983 D
6983 D
6983 W
6983 L
7019 D
7019 D
7019 W
7019 L
7069 D
7069 D
7069 W
7069 L
7079 D
7079 D
7079 W
7079 L
7151 D
7151 D
7151 W
7151 L
7213 D
7213 D
7213 W
7213 L
7243 D
7243 D
7243 W
7243 L
7393 D
7393 D
7393 W
7393 L
7451 D
7451 D
7451 W
7451 L
7481 D
7481 D
7481 W
7481 L
7487 D
7487 D
7487 W
7487 L
7607 D
7607 D
7607 W
7607 L
7673 D
7673 D
7673 W
7673 L
7687 D
7687 D
7687 W
7687 L
7691 D
7691 D
7691 W
7691 L
7789 D
7789 D
7789 W
7789 L
7823 D
7823 D
7823 W
7823 L
7829 D
7829 D
7829 W
7829 L
7877 D
7877 D
7877 W
7877 L
7937 D
7937 D
7937 W
7937 L
7993 D
7993 D
7993 W
7993 L
8069 D
8069 D
8069 W
8069 L
8191 D
8191 D
8191 W
8191 L
8209 D
8209 D
8209 W
8209 L
8311 D
8311 D
8311 W
8311 L
8369 D
8369 D
8369 W
8369 L
8527 D
8527 D
8527 W
8527 L
8599 D
8599 D
8599 W
8599 L
8623 D
8623 D
8623 W
8623 L
8699 D
8699 D
8699 W
8699 L
8821 D
8821 D
8821 W
8821 L
8839 D
8839 D
8839 W
8839 L
8969 D
8969 D
8969 W
8969 L
8971 D
8971 D
8971 W
8971 L
9011 D
9011 D
9011 W
9011 L
9109 D
9109 D
9109 W
9109 L
9133 D
9133 D
9133 W
9133 L
9161 D
9161 D
9161 W
9161 L
9199 D
9199 D
9199 W
9199 L
9221 D
9221 D
9221 W
9221 L
9277 D
9277 D
9277 W
9277 L
9323 D
9323 D
9323 W
9323 L
9337 D
9337 D
9337 W
9337 L
9419 D
9419 D
9419 W
9419 L
9433 D
9433 D
9433 W
9433 L
9437 D
9437 D
9437 W
9437 L
9521 D
9521 D
9521 W
9521 L
9551 D
9551 D
9551 W
9551 L
9643 D
9643 D
9643 W
9643 L
9733 D
9733 D
9733 W
9733 L
9787 D
9787 D
9787 W
9787 L
9883 D
9883 D
9883 W
9883 L
9907 D
9907 D
9907 W
9907 L
9923 D
9923 D
9923 W
9923 L
9967 D
9967 D
9967 W
9967 L
9973 D
9973 D
9973 W
9973 L
