530
401 D
401 W
431 D
431 W
1289 D
1289 W
1423 D
1423 W
1579 D
1579 W
1693 D
1693 W
1993 D
1993 W
2953 D
2953 W
3517 D
3517 W
3637 D
3637 W
4463 D
4463 W
4523 D
4523 W
4937 D
4937 W
5153 D
5153 W
5711 D
5711 W
6007 D
6007 W
6521 D
6521 W
7151 D
7151 W
7577 D
7577 W
7649 D
7649 W
7741 D
7741 W
8237 D
8237 W
8353 D
8353 W
8527 D
8527 W
8539 D
8539 W
8707 D
8707 W
9029 D
9029 W
9203 D
9203 W
9689 D
9689 W
9857 D
9857 W
9871 D
9871 W
2 D
2 D
2 W
2 L
3 D
3 D
3 W
3 L
5 D
5 D
5 W
5 L
7 D
7 D
7 W
7 L
11 D
11 D
11 W
11 L
13 D
13 D
13 W
13 L
17 D
17 D
17 W
17 L
19 D
19 D
19 W
19 L
23 D
23 D
23 W
23 L
29 D
29 D
29 W
29 L
31 D
31 D
31 W
31 L
47 D
47 D
47 W
47 L
61 D
61 D
61 W
61 L
191 D
191 D
191 W
191 L
211 D
211 D
211 W
211 L
251 D
251 D
251 W
251 L
271 D
271 D
271 W
271 L
311 D
311 D
311 W
311 L
401 D
401 D
401 W
401 L
409 D
409 D
409 W
409 L
431 D
431 D
431 W
431 L
503 D
503 D
503 W
503 L
653 D
653 D
653 W
653 L
823 D
823 D
823 W
823 L
907 D
907 D
907 W
907 L
1039 D
1039 D
1039 W
1039 L
1051 D
1051 D
1051 W
1051 L
1097 D
1097 D
1097 W
1097 L
1217 D
1217 D
1217 W
1217 L
1289 D
1289 D
1289 W
1289 L
1361 D
1361 D
1361 W
1361 L
1367 D
1367 D
1367 W
1367 L
1423 D
1423 D
1423 W
1423 L
1427 D
1427 D
1427 W
1427 L
1429 D
1429 D
1429 W
1429 L
1493 D
1493 D
1493 W
1493 L
1553 D
1553 D
1553 W
1553 L
1579 D
1579 D
1579 W
1579 L
1693 D
1693 D
1693 W
1693 L
1931 D
1931 D
1931 W
1931 L
1993 D
1993 D
1993 W
1993 L
2099 D
2099 D
2099 W
2099 L
2129 D
2129 D
2129 W
2129 L
2137 D
2137 D
2137 W
2137 L
2953 D
2953 D
2953 W
2953 L
2957 D
2957 D
2957 W
2957 L
3037 D
3037 D
3037 W
3037 L
3407 D
3407 D
3407 W
3407 L
3413 D
3413 D
3413 W
3413 L
3517 D
3517 D
3517 W
3517 L
3617 D
3617 D
3617 W
3617 L
3637 D
3637 D
3637 W
3637 L
3659 D
3659 D
3659 W
3659 L
3697 D
3697 D
3697 W
3697 L
3719 D
3719 D
3719 W
3719 L
3863 D
3863 D
3863 W
3863 L
3919 D
3919 D
3919 W
3919 L
4021 D
4021 D
4021 W
4021 L
4093 D
4093 D
4093 W
4093 L
4133 D
4133 D
4133 W
4133 L
4219 D
4219 D
4219 W
4219 L
4231 D
4231 D
4231 W
4231 L
4297 D
4297 D
4297 W
4297 L
4463 D
4463 D
4463 W
4463 L
4483 D
4483 D
4483 W
4483 L
4517 D
4517 D
4517 W
4517 L
4523 D
4523 D
4523 W
4523 L
4547 D
4547 D
4547 W
4547 L
4691 D
4691 D
4691 W
4691 L
4799 D
4799 D
4799 W
4799 L
4937 D
4937 D
4937 W
4937 L
5009 D
5009 D
5009 W
5009 L
5023 D
5023 D
5023 W
5023 L
5099 D
5099 D
5099 W
5099 L
5113 D
5113 D
5113 W
5113 L
5153 D
5153 D
5153 W
5153 L
5209 D
5209 D
5209 W
5209 L
5527 D
5527 D
5527 W
5527 L
5693 D
5693 D
5693 W
5693 L
5711 D
5711 D
5711 W
5711 L
5869 D
5869 D
5869 W
5869 L
5881 D
5881 D
5881 W
5881 L
6007 D
6007 D
6007 W
6007 L
6257 D
6257 D
6257 W
6257 L
6521 D
6521 D
6521 W
6521 L
6551 D
6551 D
6551 W
6551 L
6577 D
6577 D
6577 W
6577 L
6869 D
6869 D
6869 W
6869 L
7151 D
7151 D
7151 W
7151 L
7577 D
7577 D
7577 W
7577 L
7591 D
7591 D
7591 W
7591 L
7643 D
7643 D
7643 W
7643 L
7649 D
7649 D
7649 W
7649 L
7741 D
7741 D
7741 W
7741 L
8179 D
8179 D
8179 W
8179 L
8237 D
8237 D
8237 W
8237 L
8353 D
8353 D
8353 W
8353 L
8387 D
8387 D
8387 W
8387 L
8389 D
8389 D
8389 W
8389 L
8527 D
8527 D
8527 W
8527 L
8539 D
8539 D
8539 W
8539 L
8707 D
8707 D
8707 W
8707 L
8863 D
8863 D
8863 W
8863 L
9029 D
9029 D
9029 W
9029 L
9187 D
9187 D
9187 W
9187 L
9203 D
9203 D
9203 W
9203 L
9433 D
9433 D
9433 W
9433 L
9601 D
9601 D
9601 W
9601 L
9679 D
9679 D
9679 W
9679 L
9689 D
9689 D
9689 W
9689 L
9719 D
9719 D
9719 W
9719 L
9811 D
9811 D
9811 W
9811 L
9857 D
9857 D
9857 W
9857 L
9871 D
9871 D
9871 W
9871 L
9883 D
9883 D
9883 W
9883 L
9901 D
9901 D
9901 W
9901 L
9923 D
9923 D
9923 W
9923 L
