2826
29 D
29 W
41 D
41 W
43 D
43 W
53 D
53 W
61 D
61 W
67 D
67 W
79 D
79 W
151 D
151 W
211 D
211 W
271 D
271 W
1069 D
1069 W
8317 D
8317 W
18367 D
18367 W
42901 D
42901 W
44221 D
44221 W
79153 D
79153 W
81619 D
81619 W
124349 D
124349 W
132529 D
132529 W
141073 D
141073 W
196387 D
196387 W
233881 D
233881 W
331367 D
331367 W
352493 D
352493 W
395137 D
395137 W
457817 D
457817 W
466547 D
466547 W
499903 D
499903 W
561931 D
561931 W
606251 D
606251 W
612317 D
612317 W
633767 D
633767 W
639853 D
639853 W
649573 D
649573 W
659137 D
659137 W
723287 D
723287 W
744043 D
744043 W
790871 D
790871 W
806893 D
806893 W
816317 D
816317 W
831539 D
831539 W
848839 D
848839 W
864419 D
864419 W
869321 D
869321 W
905347 D
905347 W
948391 D
948391 W
964219 D
964219 W
998947 D
998947 W
1013609 D
1013609 W
1051747 D
1051747 W
1107811 D
1107811 W
1197359 D
1197359 W
1239919 D
1239919 W
1243373 D
1243373 W
1273021 D
1273021 W
1318633 D
1318633 W
1343081 D
1343081 W
1344157 D
1344157 W
1352191 D
1352191 W
1378187 D
1378187 W
1405997 D
1405997 W
1558439 D
1558439 W
1665907 D
1665907 W
1712437 D
1712437 W
1734599 D
1734599 W
1773173 D
1773173 W
1956109 D
1956109 W
1968353 D
1968353 W
2010397 D
2010397 W
2066777 D
2066777 W
2076629 D
2076629 W
2111353 D
2111353 W
2257193 D
2257193 W
2264231 D
2264231 W
2407463 D
2407463 W
2435089 D
2435089 W
2452859 D
2452859 W
2453441 D
2453441 W
2492003 D
2492003 W
2512843 D
2512843 W
2556259 D
2556259 W
2614631 D
2614631 W
2622091 D
2622091 W
2658883 D
2658883 W
2669789 D
2669789 W
2709107 D
2709107 W
2763643 D
2763643 W
2819681 D
2819681 W
2836741 D
2836741 W
2868017 D
2868017 W
2915527 D
2915527 W
2986063 D
2986063 W
3003863 D
3003863 W
3029249 D
3029249 W
3038039 D
3038039 W
3091021 D
3091021 W
3155333 D
3155333 W
3165479 D
3165479 W
3181837 D
3181837 W
3199589 D
3199589 W
3220127 D
3220127 W
3224791 D
3224791 W
3234667 D
3234667 W
3277117 D
3277117 W
3330923 D
3330923 W
3350209 D
3350209 W
3356651 D
3356651 W
3414337 D
3414337 W
3427687 D
3427687 W
3454877 D
3454877 W
3507211 D
3507211 W
3510803 D
3510803 W
3541319 D
3541319 W
3547001 D
3547001 W
3597401 D
3597401 W
3650117 D
3650117 W
3667841 D
3667841 W
3714743 D
3714743 W
3789367 D
3789367 W
3805831 D
3805831 W
3822367 D
3822367 W
3892519 D
3892519 W
3912109 D
3912109 W
3937477 D
3937477 W
3976169 D
3976169 W
4015673 D
4015673 W
4042393 D
4042393 W
4087613 D
4087613 W
4111241 D
4111241 W
4111447 D
4111447 W
4155517 D
4155517 W
4180489 D
4180489 W
4414297 D
4414297 W
4473769 D
4473769 W
4476767 D
4476767 W
4497293 D
4497293 W
4523027 D
4523027 W
4569319 D
4569319 W
4643143 D
4643143 W
4667387 D
4667387 W
4672597 D
4672597 W
4685437 D
4685437 W
4710647 D
4710647 W
4715311 D
4715311 W
4738651 D
4738651 W
4749793 D
4749793 W
4823639 D
4823639 W
4836919 D
4836919 W
4866749 D
4866749 W
4888679 D
4888679 W
4906823 D
4906823 W
4962163 D
4962163 W
5005883 D
5005883 W
5016983 D
5016983 W
5033477 D
5033477 W
5042357 D
5042357 W
5048669 D
5048669 W
5050121 D
5050121 W
5062091 D
5062091 W
5077627 D
5077627 W
5077759 D
5077759 W
5108119 D
5108119 W
5121161 D
5121161 W
5128573 D
5128573 W
5158037 D
5158037 W
5197831 D
5197831 W
5209411 D
5209411 W
5234399 D
5234399 W
5245013 D
5245013 W
5275741 D
5275741 W
5280491 D
5280491 W
5335661 D
5335661 W
5383753 D
5383753 W
5410549 D
5410549 W
5413301 D
5413301 W
5558627 D
5558627 W
5648659 D
5648659 W
5652953 D
5652953 W
5680403 D
5680403 W
5695177 D
5695177 W
5701733 D
5701733 W
5715089 D
5715089 W
5725829 D
5725829 W
5762261 D
5762261 W
5785601 D
5785601 W
5831053 D
5831053 W
5942603 D
5942603 W
5947693 D
5947693 W
5961757 D
5961757 W
6017987 D
6017987 W
6028837 D
6028837 W
6033091 D
6033091 W
6036497 D
6036497 W
6090109 D
6090109 W
6137749 D
6137749 W
6262561 D
6262561 W
6336149 D
6336149 W
6391129 D
6391129 W
6447059 D
6447059 W
6448909 D
6448909 W
6452431 D
6452431 W
6469247 D
6469247 W
6470119 D
6470119 W
6477371 D
6477371 W
6490151 D
6490151 W
6518051 D
6518051 W
6521791 D
6521791 W
6539051 D
6539051 W
6547553 D
6547553 W
6550261 D
6550261 W
6615523 D
6615523 W
6637453 D
6637453 W
6656011 D
6656011 W
6753757 D
6753757 W
6814393 D
6814393 W
6929887 D
6929887 W
6946909 D
6946909 W
6966149 D
6966149 W
6990563 D
6990563 W
7053971 D
7053971 W
7058521 D
7058521 W
7168319 D
7168319 W
7288583 D
7288583 W
7361239 D
7361239 W
7401319 D
7401319 W
7496743 D
7496743 W
7518869 D
7518869 W
7519517 D
7519517 W
7535747 D
7535747 W
7612091 D
7612091 W
7625273 D
7625273 W
7631357 D
7631357 W
7635557 D
7635557 W
7694669 D
7694669 W
7727479 D
7727479 W
7754891 D
7754891 W
7780351 D
7780351 W
7869259 D
7869259 W
7874089 D
7874089 W
8042669 D
8042669 W
8078767 D
8078767 W
8090213 D
8090213 W
8113753 D
8113753 W
8196779 D
8196779 W
8223253 D
8223253 W
8235781 D
8235781 W
8261041 D
8261041 W
8293471 D
8293471 W
8331923 D
8331923 W
8332021 D
8332021 W
8339801 D
8339801 W
8449853 D
8449853 W
8473141 D
8473141 W
8483617 D
8483617 W
8542291 D
8542291 W
8554649 D
8554649 W
8618147 D
8618147 W
8770823 D
8770823 W
8851439 D
8851439 W
8915177 D
8915177 W
8932733 D
8932733 W
9048157 D
9048157 W
9057427 D
9057427 W
9084587 D
9084587 W
9130859 D
9130859 W
9163577 D
9163577 W
9197647 D
9197647 W
9215347 D
9215347 W
9219017 D
9219017 W
9238301 D
9238301 W
9262249 D
9262249 W
9316757 D
9316757 W
9422761 D
9422761 W
9446117 D
9446117 W
9493717 D
9493717 W
9541243 D
9541243 W
9545077 D
9545077 W
9560959 D
9560959 W
9640871 D
9640871 W
9648193 D
9648193 W
9701603 D
9701603 W
9762163 D
9762163 W
9766877 D
9766877 W
9795259 D
9795259 W
9801647 D
9801647 W
9831637 D
9831637 W
9837281 D
9837281 W
9912269 D
9912269 W
9943127 D
9943127 W
2 D
2 D
2 W
2 L
3 D
3 D
3 W
3 L
5 D
5 D
5 W
5 L
7 D
7 D
7 W
7 L
11 D
11 D
11 W
11 L
13 D
13 D
13 W
13 L
17 D
17 D
17 W
17 L
19 D
19 D
19 W
19 L
23 D
23 D
23 W
23 L
29 D
29 D
29 W
29 L
31 D
31 D
31 W
31 L
37 D
37 D
37 W
37 L
41 D
41 D
41 W
41 L
43 D
43 D
43 W
43 L
47 D
47 D
47 W
47 L
53 D
53 D
53 W
53 L
61 D
61 D
61 W
61 L
67 D
67 D
67 W
67 L
73 D
73 D
73 W
73 L
79 D
79 D
79 W
79 L
83 D
83 D
83 W
83 L
151 D
151 D
151 W
151 L
211 D
211 D
211 W
211 L
251 D
251 D
251 W
251 L
269 D
269 D
269 W
269 L
271 D
271 D
271 W
271 L
1069 D
1069 D
1069 W
1069 L
8317 D
8317 D
8317 W
8317 L
18367 D
18367 D
18367 W
18367 L
23053 D
23053 D
23053 W
23053 L
34649 D
34649 D
34649 W
34649 L
42901 D
42901 D
42901 W
42901 L
44221 D
44221 D
44221 W
44221 L
58543 D
58543 D
58543 W
58543 L
79153 D
79153 D
79153 W
79153 L
81619 D
81619 D
81619 W
81619 L
87133 D
87133 D
87133 W
87133 L
112481 D
112481 D
112481 W
112481 L
124349 D
124349 D
124349 W
124349 L
127579 D
127579 D
127579 W
127579 L
132529 D
132529 D
132529 W
132529 L
141073 D
141073 D
141073 W
141073 L
196387 D
196387 D
196387 W
196387 L
201769 D
201769 D
201769 W
201769 L
233881 D
233881 D
233881 W
233881 L
251609 D
251609 D
251609 W
251609 L
331367 D
331367 D
331367 W
331367 L
352493 D
352493 D
352493 W
352493 L
395137 D
395137 D
395137 W
395137 L
422087 D
422087 D
422087 W
422087 L
430601 D
430601 D
430601 W
430601 L
436649 D
436649 D
436649 W
436649 L
440723 D
440723 D
440723 W
440723 L
457817 D
457817 D
457817 W
457817 L
466547 D
466547 D
466547 W
466547 L
467009 D
467009 D
467009 W
467009 L
469321 D
469321 D
469321 W
469321 L
499903 D
499903 D
499903 W
499903 L
524123 D
524123 D
524123 W
524123 L
546019 D
546019 D
546019 W
546019 L
561931 D
561931 D
561931 W
561931 L
606251 D
606251 D
606251 W
606251 L
612317 D
612317 D
612317 W
612317 L
633767 D
633767 D
633767 W
633767 L
639853 D
639853 D
639853 W
639853 L
649573 D
649573 D
649573 W
649573 L
659137 D
659137 D
659137 W
659137 L
677953 D
677953 D
677953 W
677953 L
687457 D
687457 D
687457 W
687457 L
713287 D
713287 D
713287 W
713287 L
723287 D
723287 D
723287 W
723287 L
744043 D
744043 D
744043 W
744043 L
747499 D
747499 D
747499 W
747499 L
790871 D
790871 D
790871 W
790871 L
806893 D
806893 D
806893 W
806893 L
807797 D
807797 D
807797 W
807797 L
812213 D
812213 D
812213 W
812213 L
816317 D
816317 D
816317 W
816317 L
831539 D
831539 D
831539 W
831539 L
833633 D
833633 D
833633 W
833633 L
847673 D
847673 D
847673 W
847673 L
848839 D
848839 D
848839 W
848839 L
849931 D
849931 D
849931 W
849931 L
864419 D
864419 D
864419 W
864419 L
869321 D
869321 D
869321 W
869321 L
905347 D
905347 D
905347 W
905347 L
931789 D
931789 D
931789 W
931789 L
948391 D
948391 D
948391 W
948391 L
964219 D
964219 D
964219 W
964219 L
987053 D
987053 D
987053 W
987053 L
998947 D
998947 D
998947 W
998947 L
1013609 D
1013609 D
1013609 W
1013609 L
1030703 D
1030703 D
1030703 W
1030703 L
1051747 D
1051747 D
1051747 W
1051747 L
1107811 D
1107811 D
1107811 W
1107811 L
1138483 D
1138483 D
1138483 W
1138483 L
1166393 D
1166393 D
1166393 W
1166393 L
1177637 D
1177637 D
1177637 W
1177637 L
1197359 D
1197359 D
1197359 W
1197359 L
1199617 D
1199617 D
1199617 W
1199617 L
1222583 D
1222583 D
1222583 W
1222583 L
1223161 D
1223161 D
1223161 W
1223161 L
1235501 D
1235501 D
1235501 W
1235501 L
1236857 D
1236857 D
1236857 W
1236857 L
1239919 D
1239919 D
1239919 W
1239919 L
1243373 D
1243373 D
1243373 W
1243373 L
1269757 D
1269757 D
1269757 W
1269757 L
1273021 D
1273021 D
1273021 W
1273021 L
1300283 D
1300283 D
1300283 W
1300283 L
1313747 D
1313747 D
1313747 W
1313747 L
1318633 D
1318633 D
1318633 W
1318633 L
1343081 D
1343081 D
1343081 W
1343081 L
1344157 D
1344157 D
1344157 W
1344157 L
1352191 D
1352191 D
1352191 W
1352191 L
1378187 D
1378187 D
1378187 W
1378187 L
1395781 D
1395781 D
1395781 W
1395781 L
1405997 D
1405997 D
1405997 W
1405997 L
1454041 D
1454041 D
1454041 W
1454041 L
1490963 D
1490963 D
1490963 W
1490963 L
1521227 D
1521227 D
1521227 W
1521227 L
1550443 D
1550443 D
1550443 W
1550443 L
1558439 D
1558439 D
1558439 W
1558439 L
1559399 D
1559399 D
1559399 W
1559399 L
1608359 D
1608359 D
1608359 W
1608359 L
1615067 D
1615067 D
1615067 W
1615067 L
1617037 D
1617037 D
1617037 W
1617037 L
1636951 D
1636951 D
1636951 W
1636951 L
1665907 D
1665907 D
1665907 W
1665907 L
1712437 D
1712437 D
1712437 W
1712437 L
1729909 D
1729909 D
1729909 W
1729909 L
1734599 D
1734599 D
1734599 W
1734599 L
1769737 D
1769737 D
1769737 W
1769737 L
1773173 D
1773173 D
1773173 W
1773173 L
1786541 D
1786541 D
1786541 W
1786541 L
1800083 D
1800083 D
1800083 W
1800083 L
1841599 D
1841599 D
1841599 W
1841599 L
1852429 D
1852429 D
1852429 W
1852429 L
1858189 D
1858189 D
1858189 W
1858189 L
1859269 D
1859269 D
1859269 W
1859269 L
1861103 D
1861103 D
1861103 W
1861103 L
1904263 D
1904263 D
1904263 W
1904263 L
1906109 D
1906109 D
1906109 W
1906109 L
1908871 D
1908871 D
1908871 W
1908871 L
1912921 D
1912921 D
1912921 W
1912921 L
1945109 D
1945109 D
1945109 W
1945109 L
1953311 D
1953311 D
1953311 W
1953311 L
1956109 D
1956109 D
1956109 W
1956109 L
1968353 D
1968353 D
1968353 W
1968353 L
1980413 D
1980413 D
1980413 W
1980413 L
2010397 D
2010397 D
2010397 W
2010397 L
2014979 D
2014979 D
2014979 W
2014979 L
2062597 D
2062597 D
2062597 W
2062597 L
2066777 D
2066777 D
2066777 W
2066777 L
2074433 D
2074433 D
2074433 W
2074433 L
2076629 D
2076629 D
2076629 W
2076629 L
2104867 D
2104867 D
2104867 W
2104867 L
2111353 D
2111353 D
2111353 W
2111353 L
2122123 D
2122123 D
2122123 W
2122123 L
2159519 D
2159519 D
2159519 W
2159519 L
2190983 D
2190983 D
2190983 W
2190983 L
2203057 D
2203057 D
2203057 W
2203057 L
2257193 D
2257193 D
2257193 W
2257193 L
2264231 D
2264231 D
2264231 W
2264231 L
2308321 D
2308321 D
2308321 W
2308321 L
2344409 D
2344409 D
2344409 W
2344409 L
2407463 D
2407463 D
2407463 W
2407463 L
2435089 D
2435089 D
2435089 W
2435089 L
2452859 D
2452859 D
2452859 W
2452859 L
2453441 D
2453441 D
2453441 W
2453441 L
2492003 D
2492003 D
2492003 W
2492003 L
2508691 D
2508691 D
2508691 W
2508691 L
2512843 D
2512843 D
2512843 W
2512843 L
2530921 D
2530921 D
2530921 W
2530921 L
2541503 D
2541503 D
2541503 W
2541503 L
2555057 D
2555057 D
2555057 W
2555057 L
2556259 D
2556259 D
2556259 W
2556259 L
2576591 D
2576591 D
2576591 W
2576591 L
2581123 D
2581123 D
2581123 W
2581123 L
2614631 D
2614631 D
2614631 W
2614631 L
2622091 D
2622091 D
2622091 W
2622091 L
2633023 D
2633023 D
2633023 W
2633023 L
2658883 D
2658883 D
2658883 W
2658883 L
2669789 D
2669789 D
2669789 W
2669789 L
2681927 D
2681927 D
2681927 W
2681927 L
2709107 D
2709107 D
2709107 W
2709107 L
2749127 D
2749127 D
2749127 W
2749127 L
2763643 D
2763643 D
2763643 W
2763643 L
2771729 D
2771729 D
2771729 W
2771729 L
2776699 D
2776699 D
2776699 W
2776699 L
2819681 D
2819681 D
2819681 W
2819681 L
2827969 D
2827969 D
2827969 W
2827969 L
2836741 D
2836741 D
2836741 W
2836741 L
2868017 D
2868017 D
2868017 W
2868017 L
2894329 D
2894329 D
2894329 W
2894329 L
2896973 D
2896973 D
2896973 W
2896973 L
2915527 D
2915527 D
2915527 W
2915527 L
2948951 D
2948951 D
2948951 W
2948951 L
2986063 D
2986063 D
2986063 W
2986063 L
3003863 D
3003863 D
3003863 W
3003863 L
3029249 D
3029249 D
3029249 W
3029249 L
3038039 D
3038039 D
3038039 W
3038039 L
3091021 D
3091021 D
3091021 W
3091021 L
3155333 D
3155333 D
3155333 W
3155333 L
3165479 D
3165479 D
3165479 W
3165479 L
3181837 D
3181837 D
3181837 W
3181837 L
3182941 D
3182941 D
3182941 W
3182941 L
3198553 D
3198553 D
3198553 W
3198553 L
3199589 D
3199589 D
3199589 W
3199589 L
3205039 D
3205039 D
3205039 W
3205039 L
3220127 D
3220127 D
3220127 W
3220127 L
3224791 D
3224791 D
3224791 W
3224791 L
3234667 D
3234667 D
3234667 W
3234667 L
3277117 D
3277117 D
3277117 W
3277117 L
3282211 D
3282211 D
3282211 W
3282211 L
3330923 D
3330923 D
3330923 W
3330923 L
3339353 D
3339353 D
3339353 W
3339353 L
3345193 D
3345193 D
3345193 W
3345193 L
3350209 D
3350209 D
3350209 W
3350209 L
3356651 D
3356651 D
3356651 W
3356651 L
3377651 D
3377651 D
3377651 W
3377651 L
3414337 D
3414337 D
3414337 W
3414337 L
3427687 D
3427687 D
3427687 W
3427687 L
3435247 D
3435247 D
3435247 W
3435247 L
3454877 D
3454877 D
3454877 W
3454877 L
3507211 D
3507211 D
3507211 W
3507211 L
3510803 D
3510803 D
3510803 W
3510803 L
3513007 D
3513007 D
3513007 W
3513007 L
3515219 D
3515219 D
3515219 W
3515219 L
3522341 D
3522341 D
3522341 W
3522341 L
3535451 D
3535451 D
3535451 W
3535451 L
3541319 D
3541319 D
3541319 W
3541319 L
3542837 D
3542837 D
3542837 W
3542837 L
3547001 D
3547001 D
3547001 W
3547001 L
3597401 D
3597401 D
3597401 W
3597401 L
3600193 D
3600193 D
3600193 W
3600193 L
3633041 D
3633041 D
3633041 W
3633041 L
3634009 D
3634009 D
3634009 W
3634009 L
3650117 D
3650117 D
3650117 W
3650117 L
3650729 D
3650729 D
3650729 W
3650729 L
3667841 D
3667841 D
3667841 W
3667841 L
3714743 D
3714743 D
3714743 W
3714743 L
3720293 D
3720293 D
3720293 W
3720293 L
3785149 D
3785149 D
3785149 W
3785149 L
3789367 D
3789367 D
3789367 W
3789367 L
3805831 D
3805831 D
3805831 W
3805831 L
3814123 D
3814123 D
3814123 W
3814123 L
3822367 D
3822367 D
3822367 W
3822367 L
3827221 D
3827221 D
3827221 W
3827221 L
3839351 D
3839351 D
3839351 W
3839351 L
3892519 D
3892519 D
3892519 W
3892519 L
3912109 D
3912109 D
3912109 W
3912109 L
3913397 D
3913397 D
3913397 W
3913397 L
3917489 D
3917489 D
3917489 W
3917489 L
3937477 D
3937477 D
3937477 W
3937477 L
3947807 D
3947807 D
3947807 W
3947807 L
3976169 D
3976169 D
3976169 W
3976169 L
4015673 D
4015673 D
4015673 W
4015673 L
4042393 D
4042393 D
4042393 W
4042393 L
4084057 D
4084057 D
4084057 W
4084057 L
4085891 D
4085891 D
4085891 W
4085891 L
4087613 D
4087613 D
4087613 W
4087613 L
4111241 D
4111241 D
4111241 W
4111241 L
4111447 D
4111447 D
4111447 W
4111447 L
4155517 D
4155517 D
4155517 W
4155517 L
4180489 D
4180489 D
4180489 W
4180489 L
4201429 D
4201429 D
4201429 W
4201429 L
4227389 D
4227389 D
4227389 W
4227389 L
4268471 D
4268471 D
4268471 W
4268471 L
4294457 D
4294457 D
4294457 W
4294457 L
4319461 D
4319461 D
4319461 W
4319461 L
4325161 D
4325161 D
4325161 W
4325161 L
4341877 D
4341877 D
4341877 W
4341877 L
4355167 D
4355167 D
4355167 W
4355167 L
4360549 D
4360549 D
4360549 W
4360549 L
4414297 D
4414297 D
4414297 W
4414297 L
4414301 D
4414301 D
4414301 W
4414301 L
4422787 D
4422787 D
4422787 W
4422787 L
4457759 D
4457759 D
4457759 W
4457759 L
4473769 D
4473769 D
4473769 W
4473769 L
4476767 D
4476767 D
4476767 W
4476767 L
4497293 D
4497293 D
4497293 W
4497293 L
4523027 D
4523027 D
4523027 W
4523027 L
4538999 D
4538999 D
4538999 W
4538999 L
4549691 D
4549691 D
4549691 W
4549691 L
4566803 D
4566803 D
4566803 W
4566803 L
4569319 D
4569319 D
4569319 W
4569319 L
4596287 D
4596287 D
4596287 W
4596287 L
4620229 D
4620229 D
4620229 W
4620229 L
4643143 D
4643143 D
4643143 W
4643143 L
4667387 D
4667387 D
4667387 W
4667387 L
4672597 D
4672597 D
4672597 W
4672597 L
4685437 D
4685437 D
4685437 W
4685437 L
4710647 D
4710647 D
4710647 W
4710647 L
4715311 D
4715311 D
4715311 W
4715311 L
4727227 D
4727227 D
4727227 W
4727227 L
4738651 D
4738651 D
4738651 W
4738651 L
4739381 D
4739381 D
4739381 W
4739381 L
4749793 D
4749793 D
4749793 W
4749793 L
4760981 D
4760981 D
4760981 W
4760981 L
4823639 D
4823639 D
4823639 W
4823639 L
4826369 D
4826369 D
4826369 W
4826369 L
4836919 D
4836919 D
4836919 W
4836919 L
4866749 D
4866749 D
4866749 W
4866749 L
4888679 D
4888679 D
4888679 W
4888679 L
4906823 D
4906823 D
4906823 W
4906823 L
4921921 D
4921921 D
4921921 W
4921921 L
4962163 D
4962163 D
4962163 W
4962163 L
4968109 D
4968109 D
4968109 W
4968109 L
5003981 D
5003981 D
5003981 W
5003981 L
5005883 D
5005883 D
5005883 W
5005883 L
5016983 D
5016983 D
5016983 W
5016983 L
5032127 D
5032127 D
5032127 W
5032127 L
5033477 D
5033477 D
5033477 W
5033477 L
5042357 D
5042357 D
5042357 W
5042357 L
5048669 D
5048669 D
5048669 W
5048669 L
5050121 D
5050121 D
5050121 W
5050121 L
5062091 D
5062091 D
5062091 W
5062091 L
5077627 D
5077627 D
5077627 W
5077627 L
5077759 D
5077759 D
5077759 W
5077759 L
5108119 D
5108119 D
5108119 W
5108119 L
5116061 D
5116061 D
5116061 W
5116061 L
5121161 D
5121161 D
5121161 W
5121161 L
5128573 D
5128573 D
5128573 W
5128573 L
5158037 D
5158037 D
5158037 W
5158037 L
5178077 D
5178077 D
5178077 W
5178077 L
5197831 D
5197831 D
5197831 W
5197831 L
5203831 D
5203831 D
5203831 W
5203831 L
5209411 D
5209411 D
5209411 W
5209411 L
5234399 D
5234399 D
5234399 W
5234399 L
5245013 D
5245013 D
5245013 W
5245013 L
5250659 D
5250659 D
5250659 W
5250659 L
5275741 D
5275741 D
5275741 W
5275741 L
5280491 D
5280491 D
5280491 W
5280491 L
5291789 D
5291789 D
5291789 W
5291789 L
5335661 D
5335661 D
5335661 W
5335661 L
5348947 D
5348947 D
5348947 W
5348947 L
5383753 D
5383753 D
5383753 W
5383753 L
5385893 D
5385893 D
5385893 W
5385893 L
5405503 D
5405503 D
5405503 W
5405503 L
5410549 D
5410549 D
5410549 W
5410549 L
5413301 D
5413301 D
5413301 W
5413301 L
5419943 D
5419943 D
5419943 W
5419943 L
5447503 D
5447503 D
5447503 W
5447503 L
5447831 D
5447831 D
5447831 W
5447831 L
5449399 D
5449399 D
5449399 W
5449399 L
5537489 D
5537489 D
5537489 W
5537489 L
5558627 D
5558627 D
5558627 W
5558627 L
5648659 D
5648659 D
5648659 W
5648659 L
5652953 D
5652953 D
5652953 W
5652953 L
5673649 D
5673649 D
5673649 W
5673649 L
5680403 D
5680403 D
5680403 W
5680403 L
5695177 D
5695177 D
5695177 W
5695177 L
5701733 D
5701733 D
5701733 W
5701733 L
5707573 D
5707573 D
5707573 W
5707573 L
5715089 D
5715089 D
5715089 W
5715089 L
5725829 D
5725829 D
5725829 W
5725829 L
5762261 D
5762261 D
5762261 W
5762261 L
5771981 D
5771981 D
5771981 W
5771981 L
5785601 D
5785601 D
5785601 W
5785601 L
5794253 D
5794253 D
5794253 W
5794253 L
5831053 D
5831053 D
5831053 W
5831053 L
5878739 D
5878739 D
5878739 W
5878739 L
5942603 D
5942603 D
5942603 W
5942603 L
5947693 D
5947693 D
5947693 W
5947693 L
5951951 D
5951951 D
5951951 W
5951951 L
5961757 D
5961757 D
5961757 W
5961757 L
6017987 D
6017987 D
6017987 W
6017987 L
6028837 D
6028837 D
6028837 W
6028837 L
6033091 D
6033091 D
6033091 W
6033091 L
6036497 D
6036497 D
6036497 W
6036497 L
6066407 D
6066407 D
6066407 W
6066407 L
6090109 D
6090109 D
6090109 W
6090109 L
6104687 D
6104687 D
6104687 W
6104687 L
6137749 D
6137749 D
6137749 W
6137749 L
6166751 D
6166751 D
6166751 W
6166751 L
6217943 D
6217943 D
6217943 W
6217943 L
6227651 D
6227651 D
6227651 W
6227651 L
6230881 D
6230881 D
6230881 W
6230881 L
6262561 D
6262561 D
6262561 W
6262561 L
6262777 D
6262777 D
6262777 W
6262777 L
6296027 D
6296027 D
6296027 W
6296027 L
6336149 D
6336149 D
6336149 W
6336149 L
6391129 D
6391129 D
6391129 W
6391129 L
6431963 D
6431963 D
6431963 W
6431963 L
6439837 D
6439837 D
6439837 W
6439837 L
6441557 D
6441557 D
6441557 W
6441557 L
6447059 D
6447059 D
6447059 W
6447059 L
6448909 D
6448909 D
6448909 W
6448909 L
6452431 D
6452431 D
6452431 W
6452431 L
6469247 D
6469247 D
6469247 W
6469247 L
6470119 D
6470119 D
6470119 W
6470119 L
6477371 D
6477371 D
6477371 W
6477371 L
6490151 D
6490151 D
6490151 W
6490151 L
6492511 D
6492511 D
6492511 W
6492511 L
6518051 D
6518051 D
6518051 W
6518051 L
6520513 D
6520513 D
6520513 W
6520513 L
6521791 D
6521791 D
6521791 W
6521791 L
6539051 D
6539051 D
6539051 W
6539051 L
6547553 D
6547553 D
6547553 W
6547553 L
6550261 D
6550261 D
6550261 W
6550261 L
6577817 D
6577817 D
6577817 W
6577817 L
6608957 D
6608957 D
6608957 W
6608957 L
6615523 D
6615523 D
6615523 W
6615523 L
6637453 D
6637453 D
6637453 W
6637453 L
6656011 D
6656011 D
6656011 W
6656011 L
6669473 D
6669473 D
6669473 W
6669473 L
6674963 D
6674963 D
6674963 W
6674963 L
6709253 D
6709253 D
6709253 W
6709253 L
6730501 D
6730501 D
6730501 W
6730501 L
6753757 D
6753757 D
6753757 W
6753757 L
6790253 D
6790253 D
6790253 W
6790253 L
6794539 D
6794539 D
6794539 W
6794539 L
6814393 D
6814393 D
6814393 W
6814393 L
6819019 D
6819019 D
6819019 W
6819019 L
6929887 D
6929887 D
6929887 W
6929887 L
6946909 D
6946909 D
6946909 W
6946909 L
6966149 D
6966149 D
6966149 W
6966149 L
6987511 D
6987511 D
6987511 W
6987511 L
6990563 D
6990563 D
6990563 W
6990563 L
7009313 D
7009313 D
7009313 W
7009313 L
7026667 D
7026667 D
7026667 W
7026667 L
7053971 D
7053971 D
7053971 W
7053971 L
7058521 D
7058521 D
7058521 W
7058521 L
7096907 D
7096907 D
7096907 W
7096907 L
7118519 D
7118519 D
7118519 W
7118519 L
7123229 D
7123229 D
7123229 W
7123229 L
7168319 D
7168319 D
7168319 W
7168319 L
7184063 D
7184063 D
7184063 W
7184063 L
7288583 D
7288583 D
7288583 W
7288583 L
7317787 D
7317787 D
7317787 W
7317787 L
7361239 D
7361239 D
7361239 W
7361239 L
7368287 D
7368287 D
7368287 W
7368287 L
7401319 D
7401319 D
7401319 W
7401319 L
7496743 D
7496743 D
7496743 W
7496743 L
7518869 D
7518869 D
7518869 W
7518869 L
7519517 D
7519517 D
7519517 W
7519517 L
7535747 D
7535747 D
7535747 W
7535747 L
7553047 D
7553047 D
7553047 W
7553047 L
7567853 D
7567853 D
7567853 W
7567853 L
7612091 D
7612091 D
7612091 W
7612091 L
7619497 D
7619497 D
7619497 W
7619497 L
7625273 D
7625273 D
7625273 W
7625273 L
7631357 D
7631357 D
7631357 W
7631357 L
7635557 D
7635557 D
7635557 W
7635557 L
7672633 D
7672633 D
7672633 W
7672633 L
7691951 D
7691951 D
7691951 W
7691951 L
7694669 D
7694669 D
7694669 W
7694669 L
7715933 D
7715933 D
7715933 W
7715933 L
7719379 D
7719379 D
7719379 W
7719379 L
7727479 D
7727479 D
7727479 W
7727479 L
7739353 D
7739353 D
7739353 W
7739353 L
7754891 D
7754891 D
7754891 W
7754891 L
7780351 D
7780351 D
7780351 W
7780351 L
7845379 D
7845379 D
7845379 W
7845379 L
7868933 D
7868933 D
7868933 W
7868933 L
7869259 D
7869259 D
7869259 W
7869259 L
7874089 D
7874089 D
7874089 W
7874089 L
8000359 D
8000359 D
8000359 W
8000359 L
8021833 D
8021833 D
8021833 W
8021833 L
8023139 D
8023139 D
8023139 W
8023139 L
8042669 D
8042669 D
8042669 W
8042669 L
8051669 D
8051669 D
8051669 W
8051669 L
8078767 D
8078767 D
8078767 W
8078767 L
8090213 D
8090213 D
8090213 W
8090213 L
8111659 D
8111659 D
8111659 W
8111659 L
8113487 D
8113487 D
8113487 W
8113487 L
8113753 D
8113753 D
8113753 W
8113753 L
8187247 D
8187247 D
8187247 W
8187247 L
8196779 D
8196779 D
8196779 W
8196779 L
8209561 D
8209561 D
8209561 W
8209561 L
8223253 D
8223253 D
8223253 W
8223253 L
8235781 D
8235781 D
8235781 W
8235781 L
8237213 D
8237213 D
8237213 W
8237213 L
8253691 D
8253691 D
8253691 W
8253691 L
8261041 D
8261041 D
8261041 W
8261041 L
8289767 D
8289767 D
8289767 W
8289767 L
8293471 D
8293471 D
8293471 W
8293471 L
8331409 D
8331409 D
8331409 W
8331409 L
8331923 D
8331923 D
8331923 W
8331923 L
8332021 D
8332021 D
8332021 W
8332021 L
8336771 D
8336771 D
8336771 W
8336771 L
8339801 D
8339801 D
8339801 W
8339801 L
8449853 D
8449853 D
8449853 W
8449853 L
8473141 D
8473141 D
8473141 W
8473141 L
8483617 D
8483617 D
8483617 W
8483617 L
8542291 D
8542291 D
8542291 W
8542291 L
8543147 D
8543147 D
8543147 W
8543147 L
8554649 D
8554649 D
8554649 W
8554649 L
8581211 D
8581211 D
8581211 W
8581211 L
8618147 D
8618147 D
8618147 W
8618147 L
8683483 D
8683483 D
8683483 W
8683483 L
8687479 D
8687479 D
8687479 W
8687479 L
8693959 D
8693959 D
8693959 W
8693959 L
8699519 D
8699519 D
8699519 W
8699519 L
8721917 D
8721917 D
8721917 W
8721917 L
8770823 D
8770823 D
8770823 W
8770823 L
8802593 D
8802593 D
8802593 W
8802593 L
8833427 D
8833427 D
8833427 W
8833427 L
8851439 D
8851439 D
8851439 W
8851439 L
8868919 D
8868919 D
8868919 W
8868919 L
8879999 D
8879999 D
8879999 W
8879999 L
8915177 D
8915177 D
8915177 W
8915177 L
8932733 D
8932733 D
8932733 W
8932733 L
8983049 D
8983049 D
8983049 W
8983049 L
8998901 D
8998901 D
8998901 W
8998901 L
9018473 D
9018473 D
9018473 W
9018473 L
9048157 D
9048157 D
9048157 W
9048157 L
9057427 D
9057427 D
9057427 W
9057427 L
9084587 D
9084587 D
9084587 W
9084587 L
9093919 D
9093919 D
9093919 W
9093919 L
9130859 D
9130859 D
9130859 W
9130859 L
9135397 D
9135397 D
9135397 W
9135397 L
9155683 D
9155683 D
9155683 W
9155683 L
9163577 D
9163577 D
9163577 W
9163577 L
9168769 D
9168769 D
9168769 W
9168769 L
9186161 D
9186161 D
9186161 W
9186161 L
9191563 D
9191563 D
9191563 W
9191563 L
9196477 D
9196477 D
9196477 W
9196477 L
9197647 D
9197647 D
9197647 W
9197647 L
9211273 D
9211273 D
9211273 W
9211273 L
9213419 D
9213419 D
9213419 W
9213419 L
9215347 D
9215347 D
9215347 W
9215347 L
9219017 D
9219017 D
9219017 W
9219017 L
9238301 D
9238301 D
9238301 W
9238301 L
9256661 D
9256661 D
9256661 W
9256661 L
9262249 D
9262249 D
9262249 W
9262249 L
9316757 D
9316757 D
9316757 W
9316757 L
9422761 D
9422761 D
9422761 W
9422761 L
9446117 D
9446117 D
9446117 W
9446117 L
9462169 D
9462169 D
9462169 W
9462169 L
9487579 D
9487579 D
9487579 W
9487579 L
9493717 D
9493717 D
9493717 W
9493717 L
9507079 D
9507079 D
9507079 W
9507079 L
9510533 D
9510533 D
9510533 W
9510533 L
9541243 D
9541243 D
9541243 W
9541243 L
9545077 D
9545077 D
9545077 W
9545077 L
9560959 D
9560959 D
9560959 W
9560959 L
9561533 D
9561533 D
9561533 W
9561533 L
9566353 D
9566353 D
9566353 W
9566353 L
9632479 D
9632479 D
9632479 W
9632479 L
9640871 D
9640871 D
9640871 W
9640871 L
9648193 D
9648193 D
9648193 W
9648193 L
9649559 D
9649559 D
9649559 W
9649559 L
9665827 D
9665827 D
9665827 W
9665827 L
9690217 D
9690217 D
9690217 W
9690217 L
9696073 D
9696073 D
9696073 W
9696073 L
9700111 D
9700111 D
9700111 W
9700111 L
9701603 D
9701603 D
9701603 W
9701603 L
9715969 D
9715969 D
9715969 W
9715969 L
9731437 D
9731437 D
9731437 W
9731437 L
9762163 D
9762163 D
9762163 W
9762163 L
9766877 D
9766877 D
9766877 W
9766877 L
9791423 D
9791423 D
9791423 W
9791423 L
9795259 D
9795259 D
9795259 W
9795259 L
9801647 D
9801647 D
9801647 W
9801647 L
9831637 D
9831637 D
9831637 W
9831637 L
9837281 D
9837281 D
9837281 W
9837281 L
9891601 D
9891601 D
9891601 W
9891601 L
9912269 D
9912269 D
9912269 W
9912269 L
9931951 D
9931951 D
9931951 W
9931951 L
9943127 D
9943127 D
9943127 W
9943127 L
9998929 D
9998929 D
9998929 W
9998929 L
