2766
31 D
31 W
37 D
37 W
59 D
59 W
71 D
71 W
83 D
83 W
97 D
97 W
103 D
103 W
127 D
127 W
229 D
229 W
17137 D
17137 W
42899 D
42899 W
91753 D
91753 W
97303 D
97303 W
98779 D
98779 W
100937 D
100937 W
132437 D
132437 W
263429 D
263429 W
265471 D
265471 W
284483 D
284483 W
331217 D
331217 W
340037 D
340037 W
459467 D
459467 W
526121 D
526121 W
539843 D
539843 W
566987 D
566987 W
569083 D
569083 W
575371 D
575371 W
626611 D
626611 W
627269 D
627269 W
627953 D
627953 W
653507 D
653507 W
775807 D
775807 W
793553 D
793553 W
800651 D
800651 W
806363 D
806363 W
814937 D
814937 W
851843 D
851843 W
882449 D
882449 W
893099 D
893099 W
986851 D
986851 W
987209 D
987209 W
1025887 D
1025887 W
1037759 D
1037759 W
1132861 D
1132861 W
1136411 D
1136411 W
1166021 D
1166021 W
1184609 D
1184609 W
1247923 D
1247923 W
1257563 D
1257563 W
1283731 D
1283731 W
1317553 D
1317553 W
1601849 D
1601849 W
1744859 D
1744859 W
1755769 D
1755769 W
1790291 D
1790291 W
1842391 D
1842391 W
1897537 D
1897537 W
1913719 D
1913719 W
1950419 D
1950419 W
1965077 D
1965077 W
1975301 D
1975301 W
1997707 D
1997707 W
2005103 D
2005103 W
2012027 D
2012027 W
2014213 D
2014213 W
2021863 D
2021863 W
2090089 D
2090089 W
2138629 D
2138629 W
2217283 D
2217283 W
2254079 D
2254079 W
2274347 D
2274347 W
2309327 D
2309327 W
2314121 D
2314121 W
2389747 D
2389747 W
2396941 D
2396941 W
2402509 D
2402509 W
2467151 D
2467151 W
2470313 D
2470313 W
2473157 D
2473157 W
2481047 D
2481047 W
2482049 D
2482049 W
2488247 D
2488247 W
2497897 D
2497897 W
2610341 D
2610341 W
2675867 D
2675867 W
2727419 D
2727419 W
2730983 D
2730983 W
2732497 D
2732497 W
2762927 D
2762927 W
2817127 D
2817127 W
2858579 D
2858579 W
2863079 D
2863079 W
2867219 D
2867219 W
2870573 D
2870573 W
2907677 D
2907677 W
2964617 D
2964617 W
2969059 D
2969059 W
2979149 D
2979149 W
2979841 D
2979841 W
3016061 D
3016061 W
3020687 D
3020687 W
3076373 D
3076373 W
3091009 D
3091009 W
3184651 D
3184651 W
3210223 D
3210223 W
3278423 D
3278423 W
3333739 D
3333739 W
3348461 D
3348461 W
3414727 D
3414727 W
3538687 D
3538687 W
3580351 D
3580351 W
3677257 D
3677257 W
3683279 D
3683279 W
3707461 D
3707461 W
3735253 D
3735253 W
3754823 D
3754823 W
3969677 D
3969677 W
4111027 D
4111027 W
4279039 D
4279039 W
4312229 D
4312229 W
4330867 D
4330867 W
4371097 D
4371097 W
4420309 D
4420309 W
4454353 D
4454353 W
4465177 D
4465177 W
4509269 D
4509269 W
4514357 D
4514357 W
4527821 D
4527821 W
4539013 D
4539013 W
4543207 D
4543207 W
4582769 D
4582769 W
4609169 D
4609169 W
4617607 D
4617607 W
4628003 D
4628003 W
4647361 D
4647361 W
4732037 D
4732037 W
4737547 D
4737547 W
4746151 D
4746151 W
4756711 D
4756711 W
4831991 D
4831991 W
4848223 D
4848223 W
4917989 D
4917989 W
4919491 D
4919491 W
4930837 D
4930837 W
5020031 D
5020031 W
5091883 D
5091883 W
5245091 D
5245091 W
5269757 D
5269757 W
5270861 D
5270861 W
5373059 D
5373059 W
5441329 D
5441329 W
5509453 D
5509453 W
5529611 D
5529611 W
5593681 D
5593681 W
5612879 D
5612879 W
5618009 D
5618009 W
5620837 D
5620837 W
5630309 D
5630309 W
5654939 D
5654939 W
5677097 D
5677097 W
5698753 D
5698753 W
5701061 D
5701061 W
5747783 D
5747783 W
5778611 D
5778611 W
5824277 D
5824277 W
5835127 D
5835127 W
5837233 D
5837233 W
5841179 D
5841179 W
5858717 D
5858717 W
6041729 D
6041729 W
6047329 D
6047329 W
6135463 D
6135463 W
6145523 D
6145523 W
6153491 D
6153491 W
6170317 D
6170317 W
6187849 D
6187849 W
6201731 D
6201731 W
6207133 D
6207133 W
6228853 D
6228853 W
6287431 D
6287431 W
6313033 D
6313033 W
6323743 D
6323743 W
6367859 D
6367859 W
6396851 D
6396851 W
6403279 D
6403279 W
6406493 D
6406493 W
6435329 D
6435329 W
6459907 D
6459907 W
6490511 D
6490511 W
6511489 D
6511489 W
6524951 D
6524951 W
6525763 D
6525763 W
6670933 D
6670933 W
6672563 D
6672563 W
6734369 D
6734369 W
6734921 D
6734921 W
6741799 D
6741799 W
6775169 D
6775169 W
6798647 D
6798647 W
6850429 D
6850429 W
6894149 D
6894149 W
7091587 D
7091587 W
7142909 D
7142909 W
7159469 D
7159469 W
7268453 D
7268453 W
7322309 D
7322309 W
7445761 D
7445761 W
7483477 D
7483477 W
7512731 D
7512731 W
7542877 D
7542877 W
7582807 D
7582807 W
7596091 D
7596091 W
7599047 D
7599047 W
7618393 D
7618393 W
7648951 D
7648951 W
7707067 D
7707067 W
7770673 D
7770673 W
7781933 D
7781933 W
7855537 D
7855537 W
7870459 D
7870459 W
7888469 D
7888469 W
7911359 D
7911359 W
7972453 D
7972453 W
7977799 D
7977799 W
7988273 D
7988273 W
8191829 D
8191829 W
8207861 D
8207861 W
8224561 D
8224561 W
8257409 D
8257409 W
8377349 D
8377349 W
8413411 D
8413411 W
8428513 D
8428513 W
8433263 D
8433263 W
8440963 D
8440963 W
8462879 D
8462879 W
8502161 D
8502161 W
8527609 D
8527609 W
8547403 D
8547403 W
8560633 D
8560633 W
8577463 D
8577463 W
8706323 D
8706323 W
8729191 D
8729191 W
8778547 D
8778547 W
8784553 D
8784553 W
8819453 D
8819453 W
8824883 D
8824883 W
8831509 D
8831509 W
8875481 D
8875481 W
8901413 D
8901413 W
8904079 D
8904079 W
8965961 D
8965961 W
8978911 D
8978911 W
9118853 D
9118853 W
9125887 D
9125887 W
9145333 D
9145333 W
9162301 D
9162301 W
9238969 D
9238969 W
9239707 D
9239707 W
9242663 D
9242663 W
9315571 D
9315571 W
9368923 D
9368923 W
9428593 D
9428593 W
9504629 D
9504629 W
9530891 D
9530891 W
9690539 D
9690539 W
9695017 D
9695017 W
9708869 D
9708869 W
9765467 D
9765467 W
9794857 D
9794857 W
9859357 D
9859357 W
9861667 D
9861667 W
9892681 D
9892681 W
9903779 D
9903779 W
9919583 D
9919583 W
9923477 D
9923477 W
2 D
2 D
2 W
2 L
3 D
3 D
3 W
3 L
5 D
5 D
5 W
5 L
7 D
7 D
7 W
7 L
11 D
11 D
11 W
11 L
13 D
13 D
13 W
13 L
17 D
17 D
17 W
17 L
19 D
19 D
19 W
19 L
23 D
23 D
23 W
23 L
29 D
29 D
29 W
29 L
31 D
31 D
31 W
31 L
37 D
37 D
37 W
37 L
47 D
47 D
47 W
47 L
53 D
53 D
53 W
53 L
59 D
59 D
59 W
59 L
61 D
61 D
61 W
61 L
71 D
71 D
71 W
71 L
83 D
83 D
83 W
83 L
97 D
97 D
97 W
97 L
103 D
103 D
103 W
103 L
109 D
109 D
109 W
109 L
127 D
127 D
127 W
127 L
163 D
163 D
163 W
163 L
229 D
229 D
229 W
229 L
241 D
241 D
241 W
241 L
17137 D
17137 D
17137 W
17137 L
40939 D
40939 D
40939 W
40939 L
42899 D
42899 D
42899 W
42899 L
49937 D
49937 D
49937 W
49937 L
87121 D
87121 D
87121 W
87121 L
89521 D
89521 D
89521 W
89521 L
91753 D
91753 D
91753 W
91753 L
97303 D
97303 D
97303 W
97303 L
98779 D
98779 D
98779 W
98779 L
100937 D
100937 D
100937 W
100937 L
101749 D
101749 D
101749 W
101749 L
128683 D
128683 D
128683 W
128683 L
132437 D
132437 D
132437 W
132437 L
263429 D
263429 D
263429 W
263429 L
265471 D
265471 D
265471 W
265471 L
284483 D
284483 D
284483 W
284483 L
287057 D
287057 D
287057 W
287057 L
331217 D
331217 D
331217 W
331217 L
337609 D
337609 D
337609 W
337609 L
340037 D
340037 D
340037 W
340037 L
386371 D
386371 D
386371 W
386371 L
403049 D
403049 D
403049 W
403049 L
418933 D
418933 D
418933 W
418933 L
448907 D
448907 D
448907 W
448907 L
459467 D
459467 D
459467 W
459467 L
463511 D
463511 D
463511 W
463511 L
502451 D
502451 D
502451 W
502451 L
526121 D
526121 D
526121 W
526121 L
529741 D
529741 D
529741 W
529741 L
539843 D
539843 D
539843 W
539843 L
566987 D
566987 D
566987 W
566987 L
569083 D
569083 D
569083 W
569083 L
575371 D
575371 D
575371 W
575371 L
579539 D
579539 D
579539 W
579539 L
597757 D
597757 D
597757 W
597757 L
602039 D
602039 D
602039 W
602039 L
602461 D
602461 D
602461 W
602461 L
626611 D
626611 D
626611 W
626611 L
627269 D
627269 D
627269 W
627269 L
627953 D
627953 D
627953 W
627953 L
653507 D
653507 D
653507 W
653507 L
720019 D
720019 D
720019 W
720019 L
775807 D
775807 D
775807 W
775807 L
793553 D
793553 D
793553 W
793553 L
800651 D
800651 D
800651 W
800651 L
806363 D
806363 D
806363 W
806363 L
814937 D
814937 D
814937 W
814937 L
829987 D
829987 D
829987 W
829987 L
840223 D
840223 D
840223 W
840223 L
843779 D
843779 D
843779 W
843779 L
851843 D
851843 D
851843 W
851843 L
882449 D
882449 D
882449 W
882449 L
893099 D
893099 D
893099 W
893099 L
896573 D
896573 D
896573 W
896573 L
907703 D
907703 D
907703 W
907703 L
919519 D
919519 D
919519 W
919519 L
974803 D
974803 D
974803 W
974803 L
978697 D
978697 D
978697 W
978697 L
986851 D
986851 D
986851 W
986851 L
987209 D
987209 D
987209 W
987209 L
1025887 D
1025887 D
1025887 W
1025887 L
1037759 D
1037759 D
1037759 W
1037759 L
1093357 D
1093357 D
1093357 W
1093357 L
1097533 D
1097533 D
1097533 W
1097533 L
1124351 D
1124351 D
1124351 W
1124351 L
1132861 D
1132861 D
1132861 W
1132861 L
1136411 D
1136411 D
1136411 W
1136411 L
1158037 D
1158037 D
1158037 W
1158037 L
1166021 D
1166021 D
1166021 W
1166021 L
1184609 D
1184609 D
1184609 W
1184609 L
1185319 D
1185319 D
1185319 W
1185319 L
1195991 D
1195991 D
1195991 W
1195991 L
1218463 D
1218463 D
1218463 W
1218463 L
1231687 D
1231687 D
1231687 W
1231687 L
1234349 D
1234349 D
1234349 W
1234349 L
1247923 D
1247923 D
1247923 W
1247923 L
1257563 D
1257563 D
1257563 W
1257563 L
1283731 D
1283731 D
1283731 W
1283731 L
1317553 D
1317553 D
1317553 W
1317553 L
1398209 D
1398209 D
1398209 W
1398209 L
1422563 D
1422563 D
1422563 W
1422563 L
1426499 D
1426499 D
1426499 W
1426499 L
1556671 D
1556671 D
1556671 W
1556671 L
1559281 D
1559281 D
1559281 W
1559281 L
1565737 D
1565737 D
1565737 W
1565737 L
1601849 D
1601849 D
1601849 W
1601849 L
1656283 D
1656283 D
1656283 W
1656283 L
1659443 D
1659443 D
1659443 W
1659443 L
1674763 D
1674763 D
1674763 W
1674763 L
1740209 D
1740209 D
1740209 W
1740209 L
1741099 D
1741099 D
1741099 W
1741099 L
1744289 D
1744289 D
1744289 W
1744289 L
1744859 D
1744859 D
1744859 W
1744859 L
1755769 D
1755769 D
1755769 W
1755769 L
1775903 D
1775903 D
1775903 W
1775903 L
1782499 D
1782499 D
1782499 W
1782499 L
1789481 D
1789481 D
1789481 W
1789481 L
1790291 D
1790291 D
1790291 W
1790291 L
1841837 D
1841837 D
1841837 W
1841837 L
1842391 D
1842391 D
1842391 W
1842391 L
1851287 D
1851287 D
1851287 W
1851287 L
1882939 D
1882939 D
1882939 W
1882939 L
1897537 D
1897537 D
1897537 W
1897537 L
1903063 D
1903063 D
1903063 W
1903063 L
1913719 D
1913719 D
1913719 W
1913719 L
1929871 D
1929871 D
1929871 W
1929871 L
1950419 D
1950419 D
1950419 W
1950419 L
1965077 D
1965077 D
1965077 W
1965077 L
1975301 D
1975301 D
1975301 W
1975301 L
1997707 D
1997707 D
1997707 W
1997707 L
2005103 D
2005103 D
2005103 W
2005103 L
2012027 D
2012027 D
2012027 W
2012027 L
2014213 D
2014213 D
2014213 W
2014213 L
2021863 D
2021863 D
2021863 W
2021863 L
2090089 D
2090089 D
2090089 W
2090089 L
2104601 D
2104601 D
2104601 W
2104601 L
2115203 D
2115203 D
2115203 W
2115203 L
2138629 D
2138629 D
2138629 W
2138629 L
2147407 D
2147407 D
2147407 W
2147407 L
2217283 D
2217283 D
2217283 W
2217283 L
2231881 D
2231881 D
2231881 W
2231881 L
2237267 D
2237267 D
2237267 W
2237267 L
2254079 D
2254079 D
2254079 W
2254079 L
2274347 D
2274347 D
2274347 W
2274347 L
2284697 D
2284697 D
2284697 W
2284697 L
2296447 D
2296447 D
2296447 W
2296447 L
2309327 D
2309327 D
2309327 W
2309327 L
2314121 D
2314121 D
2314121 W
2314121 L
2320961 D
2320961 D
2320961 W
2320961 L
2389747 D
2389747 D
2389747 W
2389747 L
2396789 D
2396789 D
2396789 W
2396789 L
2396941 D
2396941 D
2396941 W
2396941 L
2402509 D
2402509 D
2402509 W
2402509 L
2463313 D
2463313 D
2463313 W
2463313 L
2467151 D
2467151 D
2467151 W
2467151 L
2470313 D
2470313 D
2470313 W
2470313 L
2473157 D
2473157 D
2473157 W
2473157 L
2481047 D
2481047 D
2481047 W
2481047 L
2482049 D
2482049 D
2482049 W
2482049 L
2488247 D
2488247 D
2488247 W
2488247 L
2497897 D
2497897 D
2497897 W
2497897 L
2531699 D
2531699 D
2531699 W
2531699 L
2548391 D
2548391 D
2548391 W
2548391 L
2561089 D
2561089 D
2561089 W
2561089 L
2610341 D
2610341 D
2610341 W
2610341 L
2622397 D
2622397 D
2622397 W
2622397 L
2630239 D
2630239 D
2630239 W
2630239 L
2638579 D
2638579 D
2638579 W
2638579 L
2675867 D
2675867 D
2675867 W
2675867 L
2727419 D
2727419 D
2727419 W
2727419 L
2730983 D
2730983 D
2730983 W
2730983 L
2732497 D
2732497 D
2732497 W
2732497 L
2742017 D
2742017 D
2742017 W
2742017 L
2755219 D
2755219 D
2755219 W
2755219 L
2762927 D
2762927 D
2762927 W
2762927 L
2767139 D
2767139 D
2767139 W
2767139 L
2767423 D
2767423 D
2767423 W
2767423 L
2772901 D
2772901 D
2772901 W
2772901 L
2792827 D
2792827 D
2792827 W
2792827 L
2817127 D
2817127 D
2817127 W
2817127 L
2834213 D
2834213 D
2834213 W
2834213 L
2843039 D
2843039 D
2843039 W
2843039 L
2853233 D
2853233 D
2853233 W
2853233 L
2858579 D
2858579 D
2858579 W
2858579 L
2863079 D
2863079 D
2863079 W
2863079 L
2867219 D
2867219 D
2867219 W
2867219 L
2870573 D
2870573 D
2870573 W
2870573 L
2907677 D
2907677 D
2907677 W
2907677 L
2917333 D
2917333 D
2917333 W
2917333 L
2922061 D
2922061 D
2922061 W
2922061 L
2926387 D
2926387 D
2926387 W
2926387 L
2938697 D
2938697 D
2938697 W
2938697 L
2956297 D
2956297 D
2956297 W
2956297 L
2964617 D
2964617 D
2964617 W
2964617 L
2969041 D
2969041 D
2969041 W
2969041 L
2969059 D
2969059 D
2969059 W
2969059 L
2979017 D
2979017 D
2979017 W
2979017 L
2979149 D
2979149 D
2979149 W
2979149 L
2979841 D
2979841 D
2979841 W
2979841 L
3008437 D
3008437 D
3008437 W
3008437 L
3016061 D
3016061 D
3016061 W
3016061 L
3020687 D
3020687 D
3020687 W
3020687 L
3043133 D
3043133 D
3043133 W
3043133 L
3076373 D
3076373 D
3076373 W
3076373 L
3091009 D
3091009 D
3091009 W
3091009 L
3114473 D
3114473 D
3114473 W
3114473 L
3147203 D
3147203 D
3147203 W
3147203 L
3166781 D
3166781 D
3166781 W
3166781 L
3184651 D
3184651 D
3184651 W
3184651 L
3210223 D
3210223 D
3210223 W
3210223 L
3236773 D
3236773 D
3236773 W
3236773 L
3278423 D
3278423 D
3278423 W
3278423 L
3309979 D
3309979 D
3309979 W
3309979 L
3325901 D
3325901 D
3325901 W
3325901 L
3333739 D
3333739 D
3333739 W
3333739 L
3345581 D
3345581 D
3345581 W
3345581 L
3348461 D
3348461 D
3348461 W
3348461 L
3411901 D
3411901 D
3411901 W
3411901 L
3414727 D
3414727 D
3414727 W
3414727 L
3437243 D
3437243 D
3437243 W
3437243 L
3479669 D
3479669 D
3479669 W
3479669 L
3533731 D
3533731 D
3533731 W
3533731 L
3538687 D
3538687 D
3538687 W
3538687 L
3571157 D
3571157 D
3571157 W
3571157 L
3580351 D
3580351 D
3580351 W
3580351 L
3588337 D
3588337 D
3588337 W
3588337 L
3609953 D
3609953 D
3609953 W
3609953 L
3616079 D
3616079 D
3616079 W
3616079 L
3621269 D
3621269 D
3621269 W
3621269 L
3656249 D
3656249 D
3656249 W
3656249 L
3668389 D
3668389 D
3668389 W
3668389 L
3677257 D
3677257 D
3677257 W
3677257 L
3683279 D
3683279 D
3683279 W
3683279 L
3707461 D
3707461 D
3707461 W
3707461 L
3735253 D
3735253 D
3735253 W
3735253 L
3754823 D
3754823 D
3754823 W
3754823 L
3808411 D
3808411 D
3808411 W
3808411 L
3850003 D
3850003 D
3850003 W
3850003 L
3881611 D
3881611 D
3881611 W
3881611 L
3969677 D
3969677 D
3969677 W
3969677 L
3980387 D
3980387 D
3980387 W
3980387 L
4048267 D
4048267 D
4048267 W
4048267 L
4083143 D
4083143 D
4083143 W
4083143 L
4111027 D
4111027 D
4111027 W
4111027 L
4125647 D
4125647 D
4125647 W
4125647 L
4145423 D
4145423 D
4145423 W
4145423 L
4225229 D
4225229 D
4225229 W
4225229 L
4279039 D
4279039 D
4279039 W
4279039 L
4281349 D
4281349 D
4281349 W
4281349 L
4312229 D
4312229 D
4312229 W
4312229 L
4330867 D
4330867 D
4330867 W
4330867 L
4368971 D
4368971 D
4368971 W
4368971 L
4371097 D
4371097 D
4371097 W
4371097 L
4401799 D
4401799 D
4401799 W
4401799 L
4410061 D
4410061 D
4410061 W
4410061 L
4420309 D
4420309 D
4420309 W
4420309 L
4450613 D
4450613 D
4450613 W
4450613 L
4454353 D
4454353 D
4454353 W
4454353 L
4465177 D
4465177 D
4465177 W
4465177 L
4498453 D
4498453 D
4498453 W
4498453 L
4508201 D
4508201 D
4508201 W
4508201 L
4509269 D
4509269 D
4509269 W
4509269 L
4510859 D
4510859 D
4510859 W
4510859 L
4514357 D
4514357 D
4514357 W
4514357 L
4527821 D
4527821 D
4527821 W
4527821 L
4539013 D
4539013 D
4539013 W
4539013 L
4543207 D
4543207 D
4543207 W
4543207 L
4582769 D
4582769 D
4582769 W
4582769 L
4585039 D
4585039 D
4585039 W
4585039 L
4609169 D
4609169 D
4609169 W
4609169 L
4617607 D
4617607 D
4617607 W
4617607 L
4628003 D
4628003 D
4628003 W
4628003 L
4642009 D
4642009 D
4642009 W
4642009 L
4647361 D
4647361 D
4647361 W
4647361 L
4723057 D
4723057 D
4723057 W
4723057 L
4732037 D
4732037 D
4732037 W
4732037 L
4737547 D
4737547 D
4737547 W
4737547 L
4744111 D
4744111 D
4744111 W
4744111 L
4746151 D
4746151 D
4746151 W
4746151 L
4756711 D
4756711 D
4756711 W
4756711 L
4829777 D
4829777 D
4829777 W
4829777 L
4831991 D
4831991 D
4831991 W
4831991 L
4834267 D
4834267 D
4834267 W
4834267 L
4848223 D
4848223 D
4848223 W
4848223 L
4858309 D
4858309 D
4858309 W
4858309 L
4869131 D
4869131 D
4869131 W
4869131 L
4870907 D
4870907 D
4870907 W
4870907 L
4891973 D
4891973 D
4891973 W
4891973 L
4907657 D
4907657 D
4907657 W
4907657 L
4917989 D
4917989 D
4917989 W
4917989 L
4919491 D
4919491 D
4919491 W
4919491 L
4930837 D
4930837 D
4930837 W
4930837 L
4932623 D
4932623 D
4932623 W
4932623 L
5020031 D
5020031 D
5020031 W
5020031 L
5030797 D
5030797 D
5030797 W
5030797 L
5061379 D
5061379 D
5061379 W
5061379 L
5087869 D
5087869 D
5087869 W
5087869 L
5091883 D
5091883 D
5091883 W
5091883 L
5114077 D
5114077 D
5114077 W
5114077 L
5132833 D
5132833 D
5132833 W
5132833 L
5158793 D
5158793 D
5158793 W
5158793 L
5179093 D
5179093 D
5179093 W
5179093 L
5245091 D
5245091 D
5245091 W
5245091 L
5269757 D
5269757 D
5269757 W
5269757 L
5270861 D
5270861 D
5270861 W
5270861 L
5316127 D
5316127 D
5316127 W
5316127 L
5322643 D
5322643 D
5322643 W
5322643 L
5373059 D
5373059 D
5373059 W
5373059 L
5416087 D
5416087 D
5416087 W
5416087 L
5433157 D
5433157 D
5433157 W
5433157 L
5441329 D
5441329 D
5441329 W
5441329 L
5452193 D
5452193 D
5452193 W
5452193 L
5466067 D
5466067 D
5466067 W
5466067 L
5490923 D
5490923 D
5490923 W
5490923 L
5491781 D
5491781 D
5491781 W
5491781 L
5494547 D
5494547 D
5494547 W
5494547 L
5509453 D
5509453 D
5509453 W
5509453 L
5516053 D
5516053 D
5516053 W
5516053 L
5529611 D
5529611 D
5529611 W
5529611 L
5531347 D
5531347 D
5531347 W
5531347 L
5533373 D
5533373 D
5533373 W
5533373 L
5543939 D
5543939 D
5543939 W
5543939 L
5568109 D
5568109 D
5568109 W
5568109 L
5593681 D
5593681 D
5593681 W
5593681 L
5603077 D
5603077 D
5603077 W
5603077 L
5610173 D
5610173 D
5610173 W
5610173 L
5612879 D
5612879 D
5612879 W
5612879 L
5618009 D
5618009 D
5618009 W
5618009 L
5620837 D
5620837 D
5620837 W
5620837 L
5622821 D
5622821 D
5622821 W
5622821 L
5630309 D
5630309 D
5630309 W
5630309 L
5654939 D
5654939 D
5654939 W
5654939 L
5658113 D
5658113 D
5658113 W
5658113 L
5676551 D
5676551 D
5676551 W
5676551 L
5677097 D
5677097 D
5677097 W
5677097 L
5698753 D
5698753 D
5698753 W
5698753 L
5701061 D
5701061 D
5701061 W
5701061 L
5747783 D
5747783 D
5747783 W
5747783 L
5777407 D
5777407 D
5777407 W
5777407 L
5778611 D
5778611 D
5778611 W
5778611 L
5792551 D
5792551 D
5792551 W
5792551 L
5794769 D
5794769 D
5794769 W
5794769 L
5824277 D
5824277 D
5824277 W
5824277 L
5835127 D
5835127 D
5835127 W
5835127 L
5837233 D
5837233 D
5837233 W
5837233 L
5841179 D
5841179 D
5841179 W
5841179 L
5858717 D
5858717 D
5858717 W
5858717 L
5875171 D
5875171 D
5875171 W
5875171 L
5924129 D
5924129 D
5924129 W
5924129 L
5927741 D
5927741 D
5927741 W
5927741 L
5946007 D
5946007 D
5946007 W
5946007 L
5961401 D
5961401 D
5961401 W
5961401 L
5991031 D
5991031 D
5991031 W
5991031 L
6041729 D
6041729 D
6041729 W
6041729 L
6042401 D
6042401 D
6042401 W
6042401 L
6047329 D
6047329 D
6047329 W
6047329 L
6061849 D
6061849 D
6061849 W
6061849 L
6089737 D
6089737 D
6089737 W
6089737 L
6135049 D
6135049 D
6135049 W
6135049 L
6135463 D
6135463 D
6135463 W
6135463 L
6145523 D
6145523 D
6145523 W
6145523 L
6153491 D
6153491 D
6153491 W
6153491 L
6170317 D
6170317 D
6170317 W
6170317 L
6187849 D
6187849 D
6187849 W
6187849 L
6188191 D
6188191 D
6188191 W
6188191 L
6201731 D
6201731 D
6201731 W
6201731 L
6207133 D
6207133 D
6207133 W
6207133 L
6228853 D
6228853 D
6228853 W
6228853 L
6286117 D
6286117 D
6286117 W
6286117 L
6287431 D
6287431 D
6287431 W
6287431 L
6313033 D
6313033 D
6313033 W
6313033 L
6323743 D
6323743 D
6323743 W
6323743 L
6361079 D
6361079 D
6361079 W
6361079 L
6367859 D
6367859 D
6367859 W
6367859 L
6396851 D
6396851 D
6396851 W
6396851 L
6403279 D
6403279 D
6403279 W
6403279 L
6406493 D
6406493 D
6406493 W
6406493 L
6435329 D
6435329 D
6435329 W
6435329 L
6459907 D
6459907 D
6459907 W
6459907 L
6468829 D
6468829 D
6468829 W
6468829 L
6490511 D
6490511 D
6490511 W
6490511 L
6491207 D
6491207 D
6491207 W
6491207 L
6511489 D
6511489 D
6511489 W
6511489 L
6524951 D
6524951 D
6524951 W
6524951 L
6525559 D
6525559 D
6525559 W
6525559 L
6525763 D
6525763 D
6525763 W
6525763 L
6670933 D
6670933 D
6670933 W
6670933 L
6672563 D
6672563 D
6672563 W
6672563 L
6734369 D
6734369 D
6734369 W
6734369 L
6734921 D
6734921 D
6734921 W
6734921 L
6741799 D
6741799 D
6741799 W
6741799 L
6771251 D
6771251 D
6771251 W
6771251 L
6775169 D
6775169 D
6775169 W
6775169 L
6796157 D
6796157 D
6796157 W
6796157 L
6798647 D
6798647 D
6798647 W
6798647 L
6850429 D
6850429 D
6850429 W
6850429 L
6853711 D
6853711 D
6853711 W
6853711 L
6862489 D
6862489 D
6862489 W
6862489 L
6894149 D
6894149 D
6894149 W
6894149 L
6905167 D
6905167 D
6905167 W
6905167 L
6964879 D
6964879 D
6964879 W
6964879 L
6967673 D
6967673 D
6967673 W
6967673 L
6968887 D
6968887 D
6968887 W
6968887 L
7033547 D
7033547 D
7033547 W
7033547 L
7044221 D
7044221 D
7044221 W
7044221 L
7091587 D
7091587 D
7091587 W
7091587 L
7115389 D
7115389 D
7115389 W
7115389 L
7124417 D
7124417 D
7124417 W
7124417 L
7138279 D
7138279 D
7138279 W
7138279 L
7138393 D
7138393 D
7138393 W
7138393 L
7142909 D
7142909 D
7142909 W
7142909 L
7159469 D
7159469 D
7159469 W
7159469 L
7199839 D
7199839 D
7199839 W
7199839 L
7232671 D
7232671 D
7232671 W
7232671 L
7257851 D
7257851 D
7257851 W
7257851 L
7268453 D
7268453 D
7268453 W
7268453 L
7286777 D
7286777 D
7286777 W
7286777 L
7322309 D
7322309 D
7322309 W
7322309 L
7372721 D
7372721 D
7372721 W
7372721 L
7373321 D
7373321 D
7373321 W
7373321 L
7445761 D
7445761 D
7445761 W
7445761 L
7483477 D
7483477 D
7483477 W
7483477 L
7512731 D
7512731 D
7512731 W
7512731 L
7519159 D
7519159 D
7519159 W
7519159 L
7523023 D
7523023 D
7523023 W
7523023 L
7542877 D
7542877 D
7542877 W
7542877 L
7560989 D
7560989 D
7560989 W
7560989 L
7563593 D
7563593 D
7563593 W
7563593 L
7582807 D
7582807 D
7582807 W
7582807 L
7592309 D
7592309 D
7592309 W
7592309 L
7593221 D
7593221 D
7593221 W
7593221 L
7596091 D
7596091 D
7596091 W
7596091 L
7599047 D
7599047 D
7599047 W
7599047 L
7618393 D
7618393 D
7618393 W
7618393 L
7648951 D
7648951 D
7648951 W
7648951 L
7707067 D
7707067 D
7707067 W
7707067 L
7723643 D
7723643 D
7723643 W
7723643 L
7770673 D
7770673 D
7770673 W
7770673 L
7781933 D
7781933 D
7781933 W
7781933 L
7816661 D
7816661 D
7816661 W
7816661 L
7835491 D
7835491 D
7835491 W
7835491 L
7836223 D
7836223 D
7836223 W
7836223 L
7850197 D
7850197 D
7850197 W
7850197 L
7853039 D
7853039 D
7853039 W
7853039 L
7855537 D
7855537 D
7855537 W
7855537 L
7870459 D
7870459 D
7870459 W
7870459 L
7888469 D
7888469 D
7888469 W
7888469 L
7911359 D
7911359 D
7911359 W
7911359 L
7915423 D
7915423 D
7915423 W
7915423 L
7941121 D
7941121 D
7941121 W
7941121 L
7972453 D
7972453 D
7972453 W
7972453 L
7977799 D
7977799 D
7977799 W
7977799 L
7988273 D
7988273 D
7988273 W
7988273 L
8005339 D
8005339 D
8005339 W
8005339 L
8086627 D
8086627 D
8086627 W
8086627 L
8132099 D
8132099 D
8132099 W
8132099 L
8191829 D
8191829 D
8191829 W
8191829 L
8199379 D
8199379 D
8199379 W
8199379 L
8207861 D
8207861 D
8207861 W
8207861 L
8224561 D
8224561 D
8224561 W
8224561 L
8248711 D
8248711 D
8248711 W
8248711 L
8257409 D
8257409 D
8257409 W
8257409 L
8373011 D
8373011 D
8373011 W
8373011 L
8377349 D
8377349 D
8377349 W
8377349 L
8410691 D
8410691 D
8410691 W
8410691 L
8413411 D
8413411 D
8413411 W
8413411 L
8422597 D
8422597 D
8422597 W
8422597 L
8428513 D
8428513 D
8428513 W
8428513 L
8433263 D
8433263 D
8433263 W
8433263 L
8440963 D
8440963 D
8440963 W
8440963 L
8462879 D
8462879 D
8462879 W
8462879 L
8502161 D
8502161 D
8502161 W
8502161 L
8516857 D
8516857 D
8516857 W
8516857 L
8527609 D
8527609 D
8527609 W
8527609 L
8547403 D
8547403 D
8547403 W
8547403 L
8560633 D
8560633 D
8560633 W
8560633 L
8569417 D
8569417 D
8569417 W
8569417 L
8577463 D
8577463 D
8577463 W
8577463 L
8620499 D
8620499 D
8620499 W
8620499 L
8653529 D
8653529 D
8653529 W
8653529 L
8658677 D
8658677 D
8658677 W
8658677 L
8692577 D
8692577 D
8692577 W
8692577 L
8706323 D
8706323 D
8706323 W
8706323 L
8717341 D
8717341 D
8717341 W
8717341 L
8729191 D
8729191 D
8729191 W
8729191 L
8746873 D
8746873 D
8746873 W
8746873 L
8747891 D
8747891 D
8747891 W
8747891 L
8778547 D
8778547 D
8778547 W
8778547 L
8784553 D
8784553 D
8784553 W
8784553 L
8812967 D
8812967 D
8812967 W
8812967 L
8819453 D
8819453 D
8819453 W
8819453 L
8824883 D
8824883 D
8824883 W
8824883 L
8827003 D
8827003 D
8827003 W
8827003 L
8831509 D
8831509 D
8831509 W
8831509 L
8836727 D
8836727 D
8836727 W
8836727 L
8869477 D
8869477 D
8869477 W
8869477 L
8875481 D
8875481 D
8875481 W
8875481 L
8892431 D
8892431 D
8892431 W
8892431 L
8901413 D
8901413 D
8901413 W
8901413 L
8904079 D
8904079 D
8904079 W
8904079 L
8965961 D
8965961 D
8965961 W
8965961 L
8978911 D
8978911 D
8978911 W
8978911 L
9012449 D
9012449 D
9012449 W
9012449 L
9031579 D
9031579 D
9031579 W
9031579 L
9041189 D
9041189 D
9041189 W
9041189 L
9079529 D
9079529 D
9079529 W
9079529 L
9093163 D
9093163 D
9093163 W
9093163 L
9118853 D
9118853 D
9118853 W
9118853 L
9125887 D
9125887 D
9125887 W
9125887 L
9133489 D
9133489 D
9133489 W
9133489 L
9137827 D
9137827 D
9137827 W
9137827 L
9145333 D
9145333 D
9145333 W
9145333 L
9162301 D
9162301 D
9162301 W
9162301 L
9206761 D
9206761 D
9206761 W
9206761 L
9238969 D
9238969 D
9238969 W
9238969 L
9239707 D
9239707 D
9239707 W
9239707 L
9242663 D
9242663 D
9242663 W
9242663 L
9308177 D
9308177 D
9308177 W
9308177 L
9315571 D
9315571 D
9315571 W
9315571 L
9368923 D
9368923 D
9368923 W
9368923 L
9386849 D
9386849 D
9386849 W
9386849 L
9394369 D
9394369 D
9394369 W
9394369 L
9428593 D
9428593 D
9428593 W
9428593 L
9466141 D
9466141 D
9466141 W
9466141 L
9494291 D
9494291 D
9494291 W
9494291 L
9496439 D
9496439 D
9496439 W
9496439 L
9502069 D
9502069 D
9502069 W
9502069 L
9504629 D
9504629 D
9504629 W
9504629 L
9509597 D
9509597 D
9509597 W
9509597 L
9530891 D
9530891 D
9530891 W
9530891 L
9531817 D
9531817 D
9531817 W
9531817 L
9602689 D
9602689 D
9602689 W
9602689 L
9604051 D
9604051 D
9604051 W
9604051 L
9690539 D
9690539 D
9690539 W
9690539 L
9695017 D
9695017 D
9695017 W
9695017 L
9708869 D
9708869 D
9708869 W
9708869 L
9735283 D
9735283 D
9735283 W
9735283 L
9741871 D
9741871 D
9741871 W
9741871 L
9765467 D
9765467 D
9765467 W
9765467 L
9765949 D
9765949 D
9765949 W
9765949 L
9794857 D
9794857 D
9794857 W
9794857 L
9849449 D
9849449 D
9849449 W
9849449 L
9859357 D
9859357 D
9859357 W
9859357 L
9861667 D
9861667 D
9861667 W
9861667 L
9885611 D
9885611 D
9885611 W
9885611 L
9892681 D
9892681 D
9892681 W
9892681 L
9903779 D
9903779 D
9903779 W
9903779 L
9919583 D
9919583 D
9919583 W
9919583 L
9923477 D
9923477 D
9923477 W
9923477 L
