371781862725
505915732 475339920
505915732 935215926
238108443 697048129
650823516 729251917
505915732 475339920
763359424 110933281
505915732 492140773
319552074 717434676
999549620 769775414
413420872 603845768
163802587 231676699
424857351 642229333
505915732 975514000
100497683 127128604
958734386 863408970
463558187 587601736
197227731 392332663
457484590 239831811
385478053 220775015
197808964 789276748
166933980 475339920
820047005 283606541
505915732 159647817
281211786 845452057
430604298 121855413
11284764 962677589
622854293 475339920
595510135 119748557
813553506 962214597
894271750 473491066
968138598 851635537
62005516 971016436
158662365 792983391
50506411 219498851
249591907 390448566
944362947 128390337
540496718 295096925
798137698 880386262
610584873 605871501
774345108 853578564
218735183 471006429
754464124 420116358
25031965 990957810
296961043 441507745
780781792 415330637
505915732 334694927
846243205 333448726
349843439 845735699
598794082 813075232
268811886 459939912
505915732 397413421
977414658 37415749
167917070 778685146
677394788 728241954
445740028 260762653
374650550 569587913
570983821 475339920
274585879 48513919
271286925 503648265
480448749 922869076
469753398 428922257
505915732 217583159
572987332 728943503
404807751 430388090
710254473 215460185
510293762 367909521
418184482 366333554
776862391 710852130
856282689 62417347
505915732 515088905
832666891 331245259
47888152 762438792
972337048 475339920
125334916 122969489
953775782 674676429
750077803 687551312
901989752 193256362
775425510 475339920
143074409 352518592
301009127 428760353
113700732 375042293
294091865 352738352
492755124 340320761
832318293 277254883
371732075 86703908
112187976 334227510
606899372 67868208
381134273 514873137
911116390 994122376
739260641 724361417
340654066 313048857
166526434 720487652
675661330 102683530
93406459 673148600
542572249 475339920
485904787 883755828
416059087 754986001
480666053 352022027
10717093 262902727
872725821 353604415
260096874 516173395
377904015 662490896
577204892 685371005
633439963 263094522
126471261 903092158
938113479 580504461
869278895 368398668
726282142 957534111
742861064 403990799
771976842 494139411
103910664 378573925
105686408 881056420
355263639 872789503
193031232 342964888
703530235 97882986
116604633 831654043
505915732 475339920
522664176 475339920
426016644 720841167
169171576 766159320
496892616 739585269
505915732 362469786
505296361 135434342
395453026 592579619
921590466 475339920
779282105 555462309
505915732 991785391
858800912 178240786
123450295 203969079
145889835 632038414
777336056 447706966
61841829 565899667
550604190 742427149
460171192 54124767
415164864 483867751
409995678 378623756
177348309 14048158
267613467 476007701
960088213 729061242
692851077 403991811
61303908 398034215
758545752 448795749
515970099 344883242
546277861 964371673
170719990 494445798
503872457 968767441
740431157 850123095
143623264 366308919
320461568 475339920
225138575 968164266
507271669 475339920
92914529 51370874
80489648 868790442
836295469 529760665
433539253 103225055
760041196 997819066
894236942 804437110
380415135 746060515
125284264 287248228
378630367 480360111
17849710 118450250
897940047 475339920
832985879 589004560
660406900 312597781
480013952 38104669
582910307 475339920
664256644 693478051
810504676 952786045
13352670 481891467
151195401 139318407
30518876 571407664
505915732 61955987
858934398 539499766
255281742 899728036
727912757 962918016
531625286 169096471
755648454 475339920
505915732 763467821
660622356 355343579
505915732 29833546
486287049 407572491
286361287 667889715
976164910 475339920
198502512 864796256
164671321 621403460
473000831 245920452
400002086 570807467
759594353 329210515
814559146 762343288
289692542 87615187
98411903 478852339
531581848 412251457
654220620 55650813
505915732 890415398
346954558 875982257
505915732 983624524
30405631 475339920
155687740 85201486
517274816 475339920
523663589 230718520
11577504 7654218
954049958 728598942
44091749 424412277
681200136 972904927
638055719 342743914
728305581 613332515
926264730 772146288
971844009 124358702
212409941 916117847
378436322 140143060
105542219 523830655
913904342 644473721
254886027 475339920
505915732 475339920
527955349 475339920
236336014 475339920
505915732 856077436
786462944 363181599
919742148 68802865
59032377 664711963
960236432 179217386
972583405 8598956
877126964 230692750
119997250 464881186
287826852 457678522
505044652 959994455
575253570 385614410
25137936 103402235
145672311 973282240
728531363 475339920
308134937 260899284
854492370 940635928
736762307 320356395
204471109 96155626
949707719 923419192
392772627 660916253
741228686 860048619
320082667 632765203
600797837 406921688
898946565 466436869
341772526 772578690
875515868 482623042
223488946 849356999
273902493 909630287
947828638 123273344
281814999 899595011
885459491 279181211
87544176 617192549
203271486 825672345
72976111 982689389
412048886 705670756
307712963 449989075
341790761 383313186
541098973 955157342
927834320 321886170
129415886 287766771
406300953 785423565
505915732 915274612
929665300 314393208
441669590 471642265
453654313 663251952
776224029 129129168
74901499 955259294
36312115 190263351
71761146 564775782
460405035 802843328
915952736 909393982
168451730 938990673
416229403 428999820
104701991 472413761
899639103 710685463
184088492 74709603
817982768 768860865
505915732 837719355
613783983 756835483
505915732 36721812
939910751 217554049
149217237 830865419
478238630 612208167
3114920 140274479
299646169 359969033
799697143 711232031
983421846 371276531
758947961 630925607
505915732 475339920
970820202 425131732
95433780 475339920
37096264 439639789
690095618 475339920
519700634 465999314
144093857 747574467
819820763 859805107
722647343 740072390
205031310 994891489
363727977 684181277
977944711 921918828
342510594 413695845
941111465 35465759
870043914 747424525
963294975 424381267
609050166 198248278
193823952 481171907
322185973 113121710
499070288 528858630
438134846 469094711
502111629 815281880
228521871 708592257
505915732 300236334
817914379 850166437
733701020 475339920
334066377 330679215
151164147 274647212
66870798 112885700
761369515 226679308
89181241 104819925
505915732 627362956
348100821 46509154
962155197 660271612
952826458 548584612
367896483 989078411
343482395 837675818
505915732 274163138
929543936 842720197
912931352 417217563
319166619 818463027
936474473 715326413
19439045 502923754
389639257 475339920
350836191 464264632
949091940 474556292
866828712 612341531
573215032 431419500
505915732 216639499
373087975 895108119
528714343 672514700
485219342 279730543
665916171 235539372
455057664 515183690
581852511 514776293
505915732 367826192
518316453 647082296
586911778 54432990
839437495 555464681
369127848 475339920
703779254 441252938
411158236 112072738
362847736 475339920
118700795 657524228
414998308 660013249
966865291 475339920
709599483 776818902
839994604 394389727
86531597 181841526
584208918 187025393
690154616 956907528
505915732 431845339
485128089 422438001
139848543 609309616
234537157 933416951
346175253 666604542
784639205 180970132
629347460 447680802
737226909 322779718
646800906 65548064
191791611 799032461
915054836 382364813
505915732 363242043
829050224 475339920
798201396 475339920
82695782 583197799
600706772 517429963
505915732 652149944
845932344 475339920
647392246 22356524
243542626 926758700
209693762 590609561
378020479 940415943
406037835 345048658
501667910 937497007
294684027 239658552
103152331 71697714
396965258 317346904
682392233 164365873
470855965 13806029
505915732 656972235
505915732 802113770
620460595 383066655
719543977 546087037
600882095 829848273
404746043 71518130
297719130 709064168
505915732 760397741
281632250 649617908
278876134 481353603
693241189 389230430
237811581 423734810
767904163 149039569
630991114 979706630
389535694 475339920
443433785 816891084
505915732 213981017
587813716 92924297
52658721 769934820
524553620 518878838
505915732 871250271
43336491 475339920
150933476 636069524
267356513 547995884
523526479 475339920
699390521 795502334
357735273 320150875
385961409 392475370
760262076 475339920
598750514 146271397
770515977 475339920
656378726 389161162
533330764 31117989
235627423 880274862
272220915 246431593
341417285 533439358
608690433 441999946
593021939 565388321
862041287 8466853
426203793 616695204
509724581 721738416
505915732 484445470
222241403 821374654
712051659 106198266
998390057 341492093
850741776 684486855
281071932 601570302
50788710 107090592
88559624 340893864
363683980 768098083
727410427 779013735
719950947 2143775
621980173 475339920
863387803 969397780
236731149 363756185
182926591 628695195
709282348 158474307
781178631 65748743
922406053 270937625
541261471 743747215
952364931 400143326
505915732 76669107
203766988 638034663
696340650 479549838
925222099 156273123
277766459 100694402
258713038 10294414
542408375 813808806
50549023 534646336
858858381 420718319
220447564 650835138
101438496 368519317
837934596 582020049
639600465 643023746
434361455 639730586
89608199 699539097
808173899 917820729
256204895 83222523
174512023 423852216
505915732 400919849
423364718 615322010
569565168 311842873
333556513 424990171
956609053 140341707
564062242 475339920
342202154 286603529
696715220 627669857
993111919 359166745
30666276 981378564
826541198 649834201
610692140 595876671
4586179 515263314
45234729 694236100
542213576 475339920
787398447 288594194
850866056 317155697
713713561 972290486
837988378 680397316
753622891 976354015
795467291 930723382
784204356 630901694
896925819 829141184
578439961 475339920
275704596 569183837
280317684 131815378
835092986 475339920
314473679 164260081
620233145 37837232
289680434 952420201
124549842 354157398
476733892 475339920
283409621 48414776
532909300 214732763
346223878 168470646
73755826 126163093
642453079 198289980
255214435 127103298
514490723 556419027
374492915 391541929
505353580 667285548
511379196 229222127
567850012 354606020
788416424 587862207
870854916 929796291
541093337 713591172
681061127 328744143
766958935 806757288
487671336 602929651
989850850 797373165
986026608 294808338
975358565 407116772
362642992 641437215
330161484 813498662
941978464 181927070
798684402 480793183
304557121 893133040
171441722 587055652
528992525 72350999
505915732 365847174
225700591 821793125
618568285 802021447
434953969 345154208
447342589 182910434
522321088 177847513
735283290 348537451
532300366 38497270
990879938 804545411
505358260 864643467
433146654 457367591
505915732 301283762
827113408 130406942
505915732 452868961
34430038 201510836
800399923 774078650
790267514 475339920
967274739 668058848
755448238 332621167
505915732 883675309
848923343 756699427
461447077 869580428
505915732 382625851
503310078 461983657
809901387 876952430
326596057 536154576
808534728 753063700
252556397 443840752
739248233 339038490
867308422 676086502
462623411 429209821
505915732 285157833
824149936 64322537
976611309 58494035
505915732 829696320
153532695 908765109
18148579 477462721
866176894 315730075
222488557 69907911
492994389 323358812
274783994 399843101
767680754 222476022
896665543 231971128
376673827 129352159
508837772 193665053
311103426 182668230
505915732 382905242
219510980 564008126
343823237 178874425
958385097 155646523
830323097 129501595
683170134 470453975
292748066 136479300
255779643 475339920
252355152 53651412
742347190 399850996
700340711 808451979
64013040 349092737
870615887 935729111
3262771 678455389
505915732 127008579
571455237 224881028
424362776 219185934
734076706 119251952
460950656 237791009
124618403 530637503
199103509 437220820
898589667 475339920
113945441 475339920
425376225 19694097
252055742 334838520
804440094 192066715
80233922 500985033
192880700 524406073
645220301 922741511
505915732 636460676
287100272 706846492
153397346 597348259
264285062 637398633
445833498 475339920
11933602 735645567
192942098 931180198
138347673 334758895
516933532 577519093
739677033 269842243
567343553 4494463
858008902 787734373
878240460 390806588
650187329 856915946
423912559 431425058
684310448 355503464
505915732 328649750
506895932 109892886
476205221 97620614
724912071 87263352
224146411 754711720
912119650 417874326
589629757 799292000
553102383 776970505
263933719 998692709
242505889 826982744
391504746 352038974
894674237 391354296
4262533 561609394
564207418 262984915
902648561 658076643
843121462 441368553
386595622 161265931
770226435 179649110
574827693 709892775
725455988 526414727
992452534 442779034
343213782 475339920
492805382 59139194
264866939 611406502
904950293 406813426
90638836 851045702
444555902 213927123
779806127 876322536
790349856 80421405
931090982 842444186
857812575 698459989
462922952 60055057
364746539 352555954
185225419 470532876
505915732 687285180
814159779 521511761
505915732 516354236
775149677 125115277
709066970 845461254
661246720 324987383
468145784 870773371
505915732 304340641
344201344 952419176
926696188 475339920
811799721 795022378
324110182 86928449
467880425 475339920
87444536 679182187
992052563 916760269
634617173 512463860
854057404 389303490
641820918 730677649
865759250 908878453
326546713 668853885
685122486 88804869
462658284 807813886
505915732 373063695
602388268 819537321
972835251 723011
945114938 315081267
615742671 225772791
273975311 258083744
640433913 475339920
132876474 714407027
739974529 491903211
711333286 873936231
205285174 980242076
883594233 979299451
666214225 652357193
803235553 178007291
255683220 467758353
505915732 45959675
712782193 475339920
17943704 314721933
154314632 980089601
81290948 475339920
926003582 825360520
83984226 240467949
513927212 778307655
186872569 872880454
313726289 475339920
625027725 475339920
826861034 950080259
650585393 475339920
582329297 819447761
407442726 319094904
147031252 690595157
848002945 123920532
505915732 518122772
220044261 475339920
377964796 3819855
51082892 116066003
562727266 475339920
213076965 728395776
270898026 36670500
269927378 808235499
748703867 421408552
711595655 319894392
243399711 475339920
831710568 11789977
382007825 330878795
663062005 699533491
904842949 24548800
804955329 246018785
987653594 710655286
946061709 299382081
431195950 868641995
261142967 616043399
977867119 839366874
976209739 95423280
780198507 711511265
850838198 3932586
956864359 819630234
611398697 103114331
17124550 645056948
634090107 475339920
586663917 298086851
878619788 106415048
912372455 475339920
185624663 211971956
443488444 746341901
764062203 98980890
124064437 862628178
93311940 278605339
530864796 379011388
855974016 60597054
314316450 827926695
505915732 475339920
212937301 879749607
391513478 76310298
400568838 669021900
96905746 256396750
824233036 91430648
527218652 923497427
511311179 91708866
505915732 611958802
168551679 965806479
146740603 215668360
494851780 846492458
832716092 327371707
969820412 422706090
326268940 476758554
219915465 579063323
36429288 759559512
294081368 974599536
695916598 274464594
380390385 532993338
236045813 475339920
704100675 971354060
931168447 489446635
505915732 698779773
370980605 475339920
447963706 646710778
242277677 901009621
463930561 382567720
902498893 941504780
420468512 297071450
505915732 796954429
587421705 453080364
238339437 475339920
12198180 280123117
697055856 475339920
185083771 485969432
604079305 844903129
868811357 474875429
505915732 698672490
505915732 730055502
129098203 597838274
505915732 38608525
505915732 986961029
649793300 471684020
582681750 686944441
601765814 71688702
367001127 491376664
543101066 880268650
505915732 509547322
505915732 907541006
690351369 336329624
543056085 936313687
644628813 475339920
220724320 450211606
297943756 5192896
389020126 261841011
73082862 825437141
324414902 246913274
611124760 297914288
299253291 213555196
626132190 786680645
936373195 571351512
711177190 201631763
884168965 475339920
177485458 283047952
791096735 475339920
304382982 285243637
183478974 475339920
971003838 233991948
934497593 265450089
269341683 597685807
817335158 83211448
505915732 475339920
209654253 978771298
444698359 112760487
406359329 160029772
424663344 852509842
82646195 267394501
457845683 518860344
505915732 51339560
987821829 334218053
778631438 330731168
505915732 689726714
803863066 475339920
326237983 866188866
505915732 475339920
505915732 59015944
856251721 412875744
505915732 466157254
105370100 502134194
712807031 849692146
757245775 836024613
