2822
2 W
2 W
2 W
2 W
2 W
2 W
2 W
2 W
2 W
2 W
2 W
2 W
2 W
2 W
2 W
2 W
2 W
2 W
2 W
2 W
2 W
2 W
2 W
2 W
2 W
2 W
2 W
2 W
2 W
2 W
2 W
2 W
2 W
2 W
2 D
2 W
3 W
3 W
3 W
3 W
3 W
3 W
3 W
3 W
3 W
3 D
3 W
5 W
5 W
5 W
5 W
5 D
5 W
7 W
7 W
7 W
7 W
7 D
7 W
11 D
11 W
13 W
13 W
13 W
17 W
17 W
19 W
19 D
19 W
23 W
23 D
23 W
29 W
53 D
53 W
61 W
67 D
67 W
73 W
73 D
73 W
83 D
83 W
89 D
89 W
101 D
101 W
103 W
107 D
107 W
109 D
109 W
113 D
113 W
131 D
131 W
139 D
139 W
149 D
149 W
173 D
173 W
179 D
179 W
181 D
181 W
197 D
197 W
233 D
233 W
251 D
251 W
257 D
257 W
263 D
263 W
277 W
277 D
277 W
307 W
383 D
383 W
397 D
397 W
433 D
433 W
487 D
487 W
523 D
523 W
601 D
601 W
647 D
647 W
881 W
1049 D
1049 W
1103 D
1103 W
1117 D
1117 W
1301 D
1301 W
1433 D
1433 W
1451 D
1451 W
1579 D
1579 W
2237 D
2237 W
2621 D
2621 W
2647 D
2647 W
3163 D
3163 W
3719 D
3719 W
3793 D
3793 W
3847 D
3847 W
4057 D
4057 W
4253 D
4253 W
4987 D
4987 W
8893 D
8893 W
19009 D
19009 W
19507 D
19507 W
24631 D
24631 W
32603 D
32603 W
44771 D
44771 W
44917 D
44917 W
46549 D
46549 W
53681 D
53681 W
57139 D
57139 W
75041 D
75041 W
112303 D
112303 W
135719 D
135719 W
251143 D
251143 W
266689 D
266689 W
388711 D
388711 W
787469 D
787469 W
987607 D
987607 W
997333 D
997333 W
1192517 D
1192517 W
1343479 D
1343479 W
1500827 D
1500827 W
1832933 D
1832933 W
3531907 D
3531907 W
4747819 D
4747819 W
5012999 D
5012999 W
5045477 D
5045477 W
5052037 D
5052037 W
5068201 D
5068201 W
5082991 D
5082991 W
5190001 D
5190001 W
5203771 D
5203771 W
5205989 D
5205989 W
5212841 D
5212841 W
5231857 D
5231857 W
5250451 D
5250451 W
5287507 D
5287507 W
5302541 D
5302541 W
5304001 D
5304001 W
5305829 D
5305829 W
5354759 D
5354759 W
5359379 D
5359379 W
5396771 D
5396771 W
5409557 D
5409557 W
5415967 D
5415967 W
5437303 D
5437303 W
5438753 D
5438753 W
5441663 D
5441663 W
5469743 D
5469743 W
5523803 D
5523803 W
5533343 D
5533343 W
5566703 D
5566703 W
5572139 D
5572139 W
5617093 D
5617093 W
5619923 D
5619923 W
5636671 D
5636671 W
5657599 D
5657599 W
5670941 D
5670941 W
5681231 D
5681231 W
5685739 D
5685739 W
5687053 D
5687053 W
5797661 D
5797661 W
5797943 D
5797943 W
5815907 D
5815907 W
5838907 D
5838907 W
5873587 D
5873587 W
5966971 D
5966971 W
5993387 D
5993387 W
6051341 D
6051341 W
6061439 D
6061439 W
6071911 D
6071911 W
6073829 D
6073829 W
6076687 D
6076687 W
6109277 D
6109277 W
6170947 D
6170947 W
6197309 D
6197309 W
6237251 D
6237251 W
6248303 D
6248303 W
6262283 D
6262283 W
6397211 D
6397211 W
6443429 D
6443429 W
6491117 D
6491117 W
6563929 D
6563929 W
6567157 D
6567157 W
6592783 D
6592783 W
6642803 D
6642803 W
6656549 D
6656549 W
6657517 D
6657517 W
6691771 D
6691771 W
6722719 D
6722719 W
6738971 D
6738971 W
6766477 D
6766477 W
6783521 D
6783521 W
6813673 D
6813673 W
6819893 D
6819893 W
6822709 D
6822709 W
6864139 D
6864139 W
6953699 D
6953699 W
6979901 D
6979901 W
6980551 D
6980551 W
7003957 D
7003957 W
7014757 D
7014757 W
7050613 D
7050613 W
7053971 D
7053971 W
7081831 D
7081831 W
7084531 D
7084531 W
7096399 D
7096399 W
7115477 D
7115477 W
7142621 D
7142621 W
7166851 D
7166851 W
7167101 D
7167101 W
7200733 D
7200733 W
7268857 D
7268857 W
7279211 D
7279211 W
7298407 D
7298407 W
7321661 D
7321661 W
7333979 D
7333979 W
7335787 D
7335787 W
7338061 D
7338061 W
7340293 D
7340293 W
7392191 D
7392191 W
7458593 D
7458593 W
7470961 D
7470961 W
7485953 D
7485953 W
7529771 D
7529771 W
7600217 D
7600217 W
7600517 D
7600517 W
7604867 D
7604867 W
7633903 D
7633903 W
7674431 D
7674431 W
7676857 D
7676857 W
7678379 D
7678379 W
7841497 D
7841497 W
7896689 D
7896689 W
7908371 D
7908371 W
7926181 D
7926181 W
7973171 D
7973171 W
8001839 D
8001839 W
8009011 D
8009011 W
8031977 D
8031977 W
8067407 D
8067407 W
8083589 D
8083589 W
8089351 D
8089351 W
8091553 D
8091553 W
8106913 D
8106913 W
8144999 D
8144999 W
8152609 D
8152609 W
8169589 D
8169589 W
8177933 D
8177933 W
8180933 D
8180933 W
8198917 D
8198917 W
8210239 D
8210239 W
8225149 D
8225149 W
8272093 D
8272093 W
8276087 D
8276087 W
8283871 D
8283871 W
8289901 W
8306821 D
8306821 W
8338009 D
8338009 W
8378087 D
8378087 W
8381183 D
8381183 W
8411119 D
8411119 W
8451887 D
8451887 W
8496727 D
8496727 W
8541991 D
8541991 W
8586563 D
8586563 W
8624929 D
8624929 W
8633111 D
8633111 W
8676847 D
8676847 W
8736433 D
8736433 W
8762473 D
8762473 W
8817329 D
8817329 W
8851669 D
8851669 W
8869951 D
8869951 W
8887553 D
8887553 W
8936077 D
8936077 W
8966621 D
8966621 W
8976223 D
8976223 W
8985161 D
8985161 W
8991163 D
8991163 W
9020023 D
9020023 W
9057689 D
9057689 W
9085561 D
9085561 W
9110987 D
9110987 W
9195143 D
9195143 W
9200669 D
9200669 W
9229673 D
9229673 W
9237049 D
9237049 W
9237887 D
9237887 W
9271421 D
9271421 W
9272831 D
9272831 W
9277867 D
9277867 W
9291109 D
9291109 W
9308839 D
9308839 W
9371563 D
9371563 W
9395851 D
9395851 W
9449483 D
9449483 W
9462587 D
9462587 W
9544967 D
9544967 W
9565463 D
9565463 W
9573653 D
9573653 W
9576031 D
9576031 W
9604831 D
9604831 W
9614509 D
9614509 W
9655421 D
9655421 W
9659051 D
9659051 W
9682513 D
9682513 W
9688741 D
9688741 W
9692083 D
9692083 W
9703063 D
9703063 W
9708893 D
9708893 W
9723029 D
9723029 W
9776227 D
9776227 W
9777169 D
9777169 W
9801619 D
9801619 W
9809507 D
9809507 W
9819913 D
9819913 W
9824951 D
9824951 W
9828677 D
9828677 W
9838723 D
9838723 W
9839917 D
9839917 W
9844699 D
9844699 W
9848833 D
9848833 W
9883949 D
9883949 W
9884863 D
9884863 W
9906079 D
9906079 W
9984199 D
9984199 W
2 L
2 L
2 L
2 L
2 L
2 L
2 L
2 L
2 L
2 L
2 L
2 L
2 L
2 L
2 L
2 L
2 L
2 L
2 L
2 L
2 L
2 L
2 L
2 L
2 L
2 L
2 L
2 L
2 L
2 L
2 L
2 L
2 L
2 L
2 L
2 L
2 L
2 D
2 D
2 W
2 L
3 L
3 L
3 L
3 L
3 L
3 L
3 L
3 L
3 L
3 L
3 L
3 L
3 L
3 L
3 L
3 L
5 L
5 L
5 L
5 L
5 L
5 L
5 D
5 D
5 W
5 L
7 L
7 L
7 L
7 L
7 L
7 L
11 L
11 L
11 L
13 L
13 L
13 D
13 D
13 W
13 L
17 L
17 L
17 L
17 L
17 D
17 D
17 W
17 L
19 L
19 L
19 L
23 L
23 L
29 D
29 D
29 W
29 L
41 D
41 D
41 W
41 L
43 D
43 D
43 W
43 L
53 D
53 D
53 W
53 L
61 L
67 L
71 D
71 D
71 W
71 L
73 L
83 L
89 D
89 D
89 W
89 L
101 D
101 D
101 W
101 L
103 L
107 D
107 D
107 W
107 L
109 D
109 D
109 W
109 L
113 D
113 D
113 W
113 L
131 L
137 D
137 D
137 W
137 L
139 L
149 L
149 D
149 D
149 W
149 L
173 D
173 D
173 W
173 L
179 L
181 D
181 D
181 W
181 L
197 D
197 D
197 W
197 L
227 D
227 D
227 W
227 L
233 D
233 D
233 W
233 L
241 D
241 D
241 W
241 L
251 D
251 D
251 W
251 L
257 D
257 D
257 W
257 L
263 D
263 D
263 W
263 L
277 L
307 D
307 D
307 W
307 L
383 D
383 D
383 W
383 L
389 D
389 D
389 W
389 L
397 D
397 D
397 W
397 L
433 D
433 D
433 W
433 L
487 D
487 D
487 W
487 L
523 D
523 D
523 W
523 L
601 L
607 D
607 D
607 W
607 L
647 D
647 D
647 W
647 L
857 D
857 D
857 W
857 L
881 L
919 D
919 D
919 W
919 L
1009 D
1009 D
1009 W
1009 L
1049 D
1049 D
1049 W
1049 L
1103 D
1103 D
1103 W
1103 L
1117 D
1117 D
1117 W
1117 L
1201 D
1201 D
1201 W
1201 L
1249 D
1249 D
1249 W
1249 L
1301 D
1301 D
1301 W
1301 L
1427 D
1427 D
1427 W
1427 L
1433 D
1433 D
1433 W
1433 L
1451 D
1451 D
1451 W
1451 L
1579 D
1579 D
1579 W
1579 L
1609 L
1747 D
1747 D
1747 W
1747 L
2089 D
2089 D
2089 W
2089 L
2203 D
2203 D
2203 W
2203 L
2237 D
2237 D
2237 W
2237 L
2621 D
2621 D
2621 W
2621 L
2647 D
2647 D
2647 W
2647 L
3163 D
3163 D
3163 W
3163 L
3719 D
3719 D
3719 W
3719 L
3793 D
3793 D
3793 W
3793 L
3847 D
3847 D
3847 W
3847 L
4057 D
4057 D
4057 W
4057 L
4253 D
4253 D
4253 W
4253 L
4637 D
4637 D
4637 W
4637 L
4813 D
4813 D
4813 W
4813 L
4987 D
4987 D
4987 W
4987 L
6197 D
6197 D
6197 W
6197 L
6899 D
6899 D
6899 W
6899 L
7013 D
7013 D
7013 W
7013 L
7283 D
7283 D
7283 W
7283 L
7901 D
7901 D
7901 W
7901 L
8893 D
8893 D
8893 W
8893 L
11131 D
11131 D
11131 W
11131 L
15817 D
15817 D
15817 W
15817 L
19009 D
19009 D
19009 W
19009 L
19237 D
19237 D
19237 W
19237 L
19507 D
19507 D
19507 W
19507 L
24631 D
24631 D
24631 W
24631 L
32603 D
32603 D
32603 W
32603 L
44771 D
44771 D
44771 W
44771 L
44797 D
44797 D
44797 W
44797 L
44917 D
44917 D
44917 W
44917 L
46549 D
46549 D
46549 W
46549 L
50221 D
50221 D
50221 W
50221 L
53681 D
53681 D
53681 W
53681 L
57139 D
57139 D
57139 W
57139 L
75041 D
75041 D
75041 W
75041 L
112303 D
112303 D
112303 W
112303 L
119131 D
119131 D
119131 W
119131 L
135719 D
135719 D
135719 W
135719 L
135829 D
135829 D
135829 W
135829 L
180491 D
180491 D
180491 W
180491 L
251143 D
251143 D
251143 W
251143 L
266689 D
266689 D
266689 W
266689 L
346447 D
346447 D
346447 W
346447 L
351259 D
351259 D
351259 W
351259 L
388711 D
388711 D
388711 W
388711 L
392269 D
392269 D
392269 W
392269 L
397597 D
397597 D
397597 W
397597 L
787469 D
787469 D
787469 W
787469 L
815623 D
815623 D
815623 W
815623 L
987607 D
987607 D
987607 W
987607 L
997333 D
997333 D
997333 W
997333 L
1080803 D
1080803 D
1080803 W
1080803 L
1192517 D
1192517 D
1192517 W
1192517 L
1341911 D
1341911 D
1341911 W
1341911 L
1343479 D
1343479 D
1343479 W
1343479 L
1500827 D
1500827 D
1500827 W
1500827 L
1832933 D
1832933 D
1832933 W
1832933 L
3201641 D
3201641 D
3201641 W
3201641 L
3448453 D
3448453 D
3448453 W
3448453 L
3531907 D
3531907 D
3531907 W
3531907 L
4747819 D
4747819 D
4747819 W
4747819 L
5007347 D
5007347 D
5007347 W
5007347 L
5012999 D
5012999 D
5012999 W
5012999 L
5045477 D
5045477 D
5045477 W
5045477 L
5052037 D
5052037 D
5052037 W
5052037 L
5068201 D
5068201 D
5068201 W
5068201 L
5074373 D
5074373 D
5074373 W
5074373 L
5082991 D
5082991 D
5082991 W
5082991 L
5085887 D
5085887 D
5085887 W
5085887 L
5135063 D
5135063 D
5135063 W
5135063 L
5138383 D
5138383 D
5138383 W
5138383 L
5190001 D
5190001 D
5190001 W
5190001 L
5190041 D
5190041 D
5190041 W
5190041 L
5203771 D
5203771 D
5203771 W
5203771 L
5205989 D
5205989 D
5205989 W
5205989 L
5212841 D
5212841 D
5212841 W
5212841 L
5231857 D
5231857 D
5231857 W
5231857 L
5250451 D
5250451 D
5250451 W
5250451 L
5278697 D
5278697 D
5278697 W
5278697 L
5287507 D
5287507 D
5287507 W
5287507 L
5302541 D
5302541 D
5302541 W
5302541 L
5304001 D
5304001 D
5304001 W
5304001 L
5305829 D
5305829 D
5305829 W
5305829 L
5315173 D
5315173 D
5315173 W
5315173 L
5354759 D
5354759 D
5354759 W
5354759 L
5359379 D
5359379 D
5359379 W
5359379 L
5396771 D
5396771 D
5396771 W
5396771 L
5397841 D
5397841 D
5397841 W
5397841 L
5409557 D
5409557 D
5409557 W
5409557 L
5415967 D
5415967 D
5415967 W
5415967 L
5420579 D
5420579 D
5420579 W
5420579 L
5434151 D
5434151 D
5434151 W
5434151 L
5437303 D
5437303 D
5437303 W
5437303 L
5438753 D
5438753 D
5438753 W
5438753 L
5441663 D
5441663 D
5441663 W
5441663 L
5444567 D
5444567 D
5444567 W
5444567 L
5446387 D
5446387 D
5446387 W
5446387 L
5450323 D
5450323 D
5450323 W
5450323 L
5454257 D
5454257 D
5454257 W
5454257 L
5454649 D
5454649 D
5454649 W
5454649 L
5468383 D
5468383 D
5468383 W
5468383 L
5469743 D
5469743 D
5469743 W
5469743 L
5503349 D
5503349 D
5503349 W
5503349 L
5523803 D
5523803 D
5523803 W
5523803 L
5525581 D
5525581 D
5525581 W
5525581 L
5526019 D
5526019 D
5526019 W
5526019 L
5526413 D
5526413 D
5526413 W
5526413 L
5533343 D
5533343 D
5533343 W
5533343 L
5549611 D
5549611 D
5549611 W
5549611 L
5566703 D
5566703 D
5566703 W
5566703 L
5572139 D
5572139 D
5572139 W
5572139 L
5574953 D
5574953 D
5574953 W
5574953 L
5578189 D
5578189 D
5578189 W
5578189 L
5605811 D
5605811 D
5605811 W
5605811 L
5615549 D
5615549 D
5615549 W
5615549 L
5617093 D
5617093 D
5617093 W
5617093 L
5619923 D
5619923 D
5619923 W
5619923 L
5636671 D
5636671 D
5636671 W
5636671 L
5638769 D
5638769 D
5638769 W
5638769 L
5657599 D
5657599 D
5657599 W
5657599 L
5668577 D
5668577 D
5668577 W
5668577 L
5670941 D
5670941 D
5670941 W
5670941 L
5681231 D
5681231 D
5681231 W
5681231 L
5684891 D
5684891 D
5684891 W
5684891 L
5685739 D
5685739 D
5685739 W
5685739 L
5687053 D
5687053 D
5687053 W
5687053 L
5690213 D
5690213 D
5690213 W
5690213 L
5745947 D
5745947 D
5745947 W
5745947 L
5765561 D
5765561 D
5765561 W
5765561 L
5781467 D
5781467 D
5781467 W
5781467 L
5797661 D
5797661 D
5797661 W
5797661 L
5797943 D
5797943 D
5797943 W
5797943 L
5811301 D
5811301 D
5811301 W
5811301 L
5815907 D
5815907 D
5815907 W
5815907 L
5831759 D
5831759 D
5831759 W
5831759 L
5837543 D
5837543 D
5837543 W
5837543 L
5838907 D
5838907 D
5838907 W
5838907 L
5841007 D
5841007 D
5841007 W
5841007 L
5873587 D
5873587 D
5873587 W
5873587 L
5880169 D
5880169 D
5880169 W
5880169 L
5907907 D
5907907 D
5907907 W
5907907 L
5945237 D
5945237 D
5945237 W
5945237 L
5966339 D
5966339 D
5966339 W
5966339 L
5966971 D
5966971 D
5966971 W
5966971 L
5992097 D
5992097 D
5992097 W
5992097 L
5993387 D
5993387 D
5993387 W
5993387 L
6015539 D
6015539 D
6015539 W
6015539 L
6019891 D
6019891 D
6019891 W
6019891 L
6030751 D
6030751 D
6030751 W
6030751 L
6051341 D
6051341 D
6051341 W
6051341 L
6057427 D
6057427 D
6057427 W
6057427 L
6061439 D
6061439 D
6061439 W
6061439 L
6070453 D
6070453 D
6070453 W
6070453 L
6071911 D
6071911 D
6071911 W
6071911 L
6073829 D
6073829 D
6073829 W
6073829 L
6076687 D
6076687 D
6076687 W
6076687 L
6081337 D
6081337 D
6081337 W
6081337 L
6109277 D
6109277 D
6109277 W
6109277 L
6122167 D
6122167 D
6122167 W
6122167 L
6138449 D
6138449 D
6138449 W
6138449 L
6170947 D
6170947 D
6170947 W
6170947 L
6182083 D
6182083 D
6182083 W
6182083 L
6196277 D
6196277 D
6196277 W
6196277 L
6197309 D
6197309 D
6197309 W
6197309 L
6218987 D
6218987 D
6218987 W
6218987 L
6231347 D
6231347 D
6231347 W
6231347 L
6232433 D
6232433 D
6232433 W
6232433 L
6237251 D
6237251 D
6237251 W
6237251 L
6248303 D
6248303 D
6248303 W
6248303 L
6259199 D
6259199 D
6259199 W
6259199 L
6262283 D
6262283 D
6262283 W
6262283 L
6292427 D
6292427 D
6292427 W
6292427 L
6340739 D
6340739 D
6340739 W
6340739 L
6359279 D
6359279 D
6359279 W
6359279 L
6368753 D
6368753 D
6368753 W
6368753 L
6371237 D
6371237 D
6371237 W
6371237 L
6375037 D
6375037 D
6375037 W
6375037 L
6377827 D
6377827 D
6377827 W
6377827 L
6380221 D
6380221 D
6380221 W
6380221 L
6396547 D
6396547 D
6396547 W
6396547 L
6397211 D
6397211 D
6397211 W
6397211 L
6399527 D
6399527 D
6399527 W
6399527 L
6418499 D
6418499 D
6418499 W
6418499 L
6442939 D
6442939 D
6442939 W
6442939 L
6443429 D
6443429 D
6443429 W
6443429 L
6457601 D
6457601 D
6457601 W
6457601 L
6476213 D
6476213 D
6476213 W
6476213 L
6491117 D
6491117 D
6491117 W
6491117 L
6524659 D
6524659 D
6524659 W
6524659 L
6529709 D
6529709 D
6529709 W
6529709 L
6537403 D
6537403 D
6537403 W
6537403 L
6563929 D
6563929 D
6563929 W
6563929 L
6567157 D
6567157 D
6567157 W
6567157 L
6573793 D
6573793 D
6573793 W
6573793 L
6574273 D
6574273 D
6574273 W
6574273 L
6589549 D
6589549 D
6589549 W
6589549 L
6592783 D
6592783 D
6592783 W
6592783 L
6594857 D
6594857 D
6594857 W
6594857 L
6638227 D
6638227 D
6638227 W
6638227 L
6642803 D
6642803 D
6642803 W
6642803 L
6656549 D
6656549 D
6656549 W
6656549 L
6657517 D
6657517 D
6657517 W
6657517 L
6661771 D
6661771 D
6661771 W
6661771 L
6689561 D
6689561 D
6689561 W
6689561 L
6691771 D
6691771 D
6691771 W
6691771 L
6722719 D
6722719 D
6722719 W
6722719 L
6724951 D
6724951 D
6724951 W
6724951 L
6733123 D
6733123 D
6733123 W
6733123 L
6738971 D
6738971 D
6738971 W
6738971 L
6755459 D
6755459 D
6755459 W
6755459 L
6756521 D
6756521 D
6756521 W
6756521 L
6766477 D
6766477 D
6766477 W
6766477 L
6783521 D
6783521 D
6783521 W
6783521 L
6813673 D
6813673 D
6813673 W
6813673 L
6819893 D
6819893 D
6819893 W
6819893 L
6821791 D
6821791 D
6821791 W
6821791 L
6822709 D
6822709 D
6822709 W
6822709 L
6864139 D
6864139 D
6864139 W
6864139 L
6885143 D
6885143 D
6885143 W
6885143 L
6920399 D
6920399 D
6920399 W
6920399 L
6953699 D
6953699 D
6953699 W
6953699 L
6979901 D
6979901 D
6979901 W
6979901 L
6980551 D
6980551 D
6980551 W
6980551 L
7003957 D
7003957 D
7003957 W
7003957 L
7014757 D
7014757 D
7014757 W
7014757 L
7016147 D
7016147 D
7016147 W
7016147 L
7022971 D
7022971 D
7022971 W
7022971 L
7025489 D
7025489 D
7025489 W
7025489 L
7026853 D
7026853 D
7026853 W
7026853 L
7033877 D
7033877 D
7033877 W
7033877 L
7050613 D
7050613 D
7050613 W
7050613 L
7051757 D
7051757 D
7051757 W
7051757 L
7053971 D
7053971 D
7053971 W
7053971 L
7076611 D
7076611 D
7076611 W
7076611 L
7081831 D
7081831 D
7081831 W
7081831 L
7084531 D
7084531 D
7084531 W
7084531 L
7090813 D
7090813 D
7090813 W
7090813 L
7092479 D
7092479 D
7092479 W
7092479 L
7096399 D
7096399 D
7096399 W
7096399 L
7115477 D
7115477 D
7115477 W
7115477 L
7118399 D
7118399 D
7118399 W
7118399 L
7129819 D
7129819 D
7129819 W
7129819 L
7142519 D
7142519 D
7142519 W
7142519 L
7142621 D
7142621 D
7142621 W
7142621 L
7166851 D
7166851 D
7166851 W
7166851 L
7167101 D
7167101 D
7167101 W
7167101 L
7173571 D
7173571 D
7173571 W
7173571 L
7185337 D
7185337 D
7185337 W
7185337 L
7200733 D
7200733 D
7200733 W
7200733 L
7222361 D
7222361 D
7222361 W
7222361 L
7262833 D
7262833 D
7262833 W
7262833 L
7268857 D
7268857 D
7268857 W
7268857 L
7270181 D
7270181 D
7270181 W
7270181 L
7278857 D
7278857 D
7278857 W
7278857 L
7279211 D
7279211 D
7279211 W
7279211 L
7279879 D
7279879 D
7279879 W
7279879 L
7291049 D
7291049 D
7291049 W
7291049 L
7298407 D
7298407 D
7298407 W
7298407 L
7321661 D
7321661 D
7321661 W
7321661 L
7321703 D
7321703 D
7321703 W
7321703 L
7328521 D
7328521 D
7328521 W
7328521 L
7333979 D
7333979 D
7333979 W
7333979 L
7335787 D
7335787 D
7335787 W
7335787 L
7338061 D
7338061 D
7338061 W
7338061 L
7340293 D
7340293 D
7340293 W
7340293 L
7344823 D
7344823 D
7344823 W
7344823 L
7348597 D
7348597 D
7348597 W
7348597 L
7365019 D
7365019 D
7365019 W
7365019 L
7372553 D
7372553 D
7372553 W
7372553 L
7392191 D
7392191 D
7392191 W
7392191 L
7397347 D
7397347 D
7397347 W
7397347 L
7440821 D
7440821 D
7440821 W
7440821 L
7458593 D
7458593 D
7458593 W
7458593 L
7470961 D
7470961 D
7470961 W
7470961 L
7485953 D
7485953 D
7485953 W
7485953 L
7529771 D
7529771 D
7529771 W
7529771 L
7600217 D
7600217 D
7600217 W
7600217 L
7600517 D
7600517 D
7600517 W
7600517 L
7602703 D
7602703 D
7602703 W
7602703 L
7604867 D
7604867 D
7604867 W
7604867 L
7608499 D
7608499 D
7608499 W
7608499 L
7632161 D
7632161 D
7632161 W
7632161 L
7633903 D
7633903 D
7633903 W
7633903 L
7639369 D
7639369 D
7639369 W
7639369 L
7654571 D
7654571 D
7654571 W
7654571 L
7674431 D
7674431 D
7674431 W
7674431 L
7676857 D
7676857 D
7676857 W
7676857 L
7678379 D
7678379 D
7678379 W
7678379 L
7695629 D
7695629 D
7695629 W
7695629 L
7697177 D
7697177 D
7697177 W
7697177 L
7704071 D
7704071 D
7704071 W
7704071 L
7736647 D
7736647 D
7736647 W
7736647 L
7747891 D
7747891 D
7747891 W
7747891 L
7780391 D
7780391 D
7780391 W
7780391 L
7792951 D
7792951 D
7792951 W
7792951 L
7809509 D
7809509 D
7809509 W
7809509 L
7841497 D
7841497 D
7841497 W
7841497 L
7852571 D
7852571 D
7852571 W
7852571 L
7852987 D
7852987 D
7852987 W
7852987 L
7866167 D
7866167 D
7866167 W
7866167 L
7888213 D
7888213 D
7888213 W
7888213 L
7896689 D
7896689 D
7896689 W
7896689 L
7897453 D
7897453 D
7897453 W
7897453 L
7908371 D
7908371 D
7908371 W
7908371 L
7926181 D
7926181 D
7926181 W
7926181 L
7931173 D
7931173 D
7931173 W
7931173 L
7939523 D
7939523 D
7939523 W
7939523 L
7959151 D
7959151 D
7959151 W
7959151 L
7967009 D
7967009 D
7967009 W
7967009 L
7973171 D
7973171 D
7973171 W
7973171 L
8001839 D
8001839 D
8001839 W
8001839 L
8009011 D
8009011 D
8009011 W
8009011 L
8031977 D
8031977 D
8031977 W
8031977 L
8067407 D
8067407 D
8067407 W
8067407 L
8083589 D
8083589 D
8083589 W
8083589 L
8089351 D
8089351 D
8089351 W
8089351 L
8091553 D
8091553 D
8091553 W
8091553 L
8101661 D
8101661 D
8101661 W
8101661 L
8106913 D
8106913 D
8106913 W
8106913 L
8138371 D
8138371 D
8138371 W
8138371 L
8144999 D
8144999 D
8144999 W
8144999 L
8152609 D
8152609 D
8152609 W
8152609 L
8155561 D
8155561 D
8155561 W
8155561 L
8159731 D
8159731 D
8159731 W
8159731 L
8169589 D
8169589 D
8169589 W
8169589 L
8177933 D
8177933 D
8177933 W
8177933 L
8180933 D
8180933 D
8180933 W
8180933 L
8181587 D
8181587 D
8181587 W
8181587 L
8198917 D
8198917 D
8198917 W
8198917 L
8210239 D
8210239 D
8210239 W
8210239 L
8225149 D
8225149 D
8225149 W
8225149 L
8240909 D
8240909 D
8240909 W
8240909 L
8272093 D
8272093 D
8272093 W
8272093 L
8276087 D
8276087 D
8276087 W
8276087 L
8283871 D
8283871 D
8283871 W
8283871 L
8289901 D
8289901 D
8289901 W
8289901 L
8306821 D
8306821 D
8306821 W
8306821 L
8313541 D
8313541 D
8313541 W
8313541 L
8314907 D
8314907 D
8314907 W
8314907 L
8315969 D
8315969 D
8315969 W
8315969 L
8338009 D
8338009 D
8338009 W
8338009 L
8351881 D
8351881 D
8351881 W
8351881 L
8368091 D
8368091 D
8368091 W
8368091 L
8369929 D
8369929 D
8369929 W
8369929 L
8378087 D
8378087 D
8378087 W
8378087 L
8381183 D
8381183 D
8381183 W
8381183 L
8411119 D
8411119 D
8411119 W
8411119 L
8432407 D
8432407 D
8432407 W
8432407 L
8450243 D
8450243 D
8450243 W
8450243 L
8451887 D
8451887 D
8451887 W
8451887 L
8456587 D
8456587 D
8456587 W
8456587 L
8481709 D
8481709 D
8481709 W
8481709 L
8496727 D
8496727 D
8496727 W
8496727 L
8498081 D
8498081 D
8498081 W
8498081 L
8508719 D
8508719 D
8508719 W
8508719 L
8509583 D
8509583 D
8509583 W
8509583 L
8541991 D
8541991 D
8541991 W
8541991 L
8563537 D
8563537 D
8563537 W
8563537 L
8586563 D
8586563 D
8586563 W
8586563 L
8606287 D
8606287 D
8606287 W
8606287 L
8616323 D
8616323 D
8616323 W
8616323 L
8624137 D
8624137 D
8624137 W
8624137 L
8624929 D
8624929 D
8624929 W
8624929 L
8633111 D
8633111 D
8633111 W
8633111 L
8640883 D
8640883 D
8640883 W
8640883 L
8653157 D
8653157 D
8653157 W
8653157 L
8676847 D
8676847 D
8676847 W
8676847 L
8718271 D
8718271 D
8718271 W
8718271 L
8736433 D
8736433 D
8736433 W
8736433 L
8752123 D
8752123 D
8752123 W
8752123 L
8762473 D
8762473 D
8762473 W
8762473 L
8762867 D
8762867 D
8762867 W
8762867 L
8766911 D
8766911 D
8766911 W
8766911 L
8801977 D
8801977 D
8801977 W
8801977 L
8817329 D
8817329 D
8817329 W
8817329 L
8832661 D
8832661 D
8832661 W
8832661 L
8843507 D
8843507 D
8843507 W
8843507 L
8845201 D
8845201 D
8845201 W
8845201 L
8851669 D
8851669 D
8851669 W
8851669 L
8869951 D
8869951 D
8869951 W
8869951 L
8884391 D
8884391 D
8884391 W
8884391 L
8887553 D
8887553 D
8887553 W
8887553 L
8897233 D
8897233 D
8897233 W
8897233 L
8921669 D
8921669 D
8921669 W
8921669 L
8922163 D
8922163 D
8922163 W
8922163 L
8936077 D
8936077 D
8936077 W
8936077 L
8941861 D
8941861 D
8941861 W
8941861 L
8966621 D
8966621 D
8966621 W
8966621 L
8976223 D
8976223 D
8976223 W
8976223 L
8985161 D
8985161 D
8985161 W
8985161 L
8987219 D
8987219 D
8987219 W
8987219 L
8991163 D
8991163 D
8991163 W
8991163 L
9001621 D
9001621 D
9001621 W
9001621 L
9008947 D
9008947 D
9008947 W
9008947 L
9017857 D
9017857 D
9017857 W
9017857 L
9020023 D
9020023 D
9020023 W
9020023 L
9039487 D
9039487 D
9039487 W
9039487 L
9054631 D
9054631 D
9054631 W
9054631 L
9057689 D
9057689 D
9057689 W
9057689 L
9061783 D
9061783 D
9061783 W
9061783 L
9085561 D
9085561 D
9085561 W
9085561 L
9090517 D
9090517 D
9090517 W
9090517 L
9092191 D
9092191 D
9092191 W
9092191 L
9110987 D
9110987 D
9110987 W
9110987 L
9114719 D
9114719 D
9114719 W
9114719 L
9121493 D
9121493 D
9121493 W
9121493 L
9137339 D
9137339 D
9137339 W
9137339 L
9156359 D
9156359 D
9156359 W
9156359 L
9163699 D
9163699 D
9163699 W
9163699 L
9195143 D
9195143 D
9195143 W
9195143 L
9200669 D
9200669 D
9200669 W
9200669 L
9229673 D
9229673 D
9229673 W
9229673 L
9237049 D
9237049 D
9237049 W
9237049 L
9237887 D
9237887 D
9237887 W
9237887 L
9247853 D
9247853 D
9247853 W
9247853 L
9251663 D
9251663 D
9251663 W
9251663 L
9270539 D
9270539 D
9270539 W
9270539 L
9271421 D
9271421 D
9271421 W
9271421 L
9272831 D
9272831 D
9272831 W
9272831 L
9277867 D
9277867 D
9277867 W
9277867 L
9291109 D
9291109 D
9291109 W
9291109 L
9305183 D
9305183 D
9305183 W
9305183 L
9305707 D
9305707 D
9305707 W
9305707 L
9308839 D
9308839 D
9308839 W
9308839 L
9369751 D
9369751 D
9369751 W
9369751 L
9371563 D
9371563 D
9371563 W
9371563 L
9371683 D
9371683 D
9371683 W
9371683 L
9375991 D
9375991 D
9375991 W
9375991 L
9395851 D
9395851 D
9395851 W
9395851 L
9449483 D
9449483 D
9449483 W
9449483 L
9462587 D
9462587 D
9462587 W
9462587 L
9463631 D
9463631 D
9463631 W
9463631 L
9469687 D
9469687 D
9469687 W
9469687 L
9503869 D
9503869 D
9503869 W
9503869 L
9528527 D
9528527 D
9528527 W
9528527 L
9544967 D
9544967 D
9544967 W
9544967 L
9558937 D
9558937 D
9558937 W
9558937 L
9565463 D
9565463 D
9565463 W
9565463 L
9573653 D
9573653 D
9573653 W
9573653 L
9575329 D
9575329 D
9575329 W
9575329 L
9576031 D
9576031 D
9576031 W
9576031 L
9604831 D
9604831 D
9604831 W
9604831 L
9614509 D
9614509 D
9614509 W
9614509 L
9616121 D
9616121 D
9616121 W
9616121 L
9630763 D
9630763 D
9630763 W
9630763 L
9655421 D
9655421 D
9655421 W
9655421 L
9659051 D
9659051 D
9659051 W
9659051 L
9661349 D
9661349 D
9661349 W
9661349 L
9681179 D
9681179 D
9681179 W
9681179 L
9682513 D
9682513 D
9682513 W
9682513 L
9683959 D
9683959 D
9683959 W
9683959 L
9684749 D
9684749 D
9684749 W
9684749 L
9688741 D
9688741 D
9688741 W
9688741 L
9692083 D
9692083 D
9692083 W
9692083 L
9703063 D
9703063 D
9703063 W
9703063 L
9708893 D
9708893 D
9708893 W
9708893 L
9719581 D
9719581 D
9719581 W
9719581 L
9723029 D
9723029 D
9723029 W
9723029 L
9751073 D
9751073 D
9751073 W
9751073 L
9776227 D
9776227 D
9776227 W
9776227 L
9777169 D
9777169 D
9777169 W
9777169 L
9801619 D
9801619 D
9801619 W
9801619 L
9809507 D
9809507 D
9809507 W
9809507 L
9819913 D
9819913 D
9819913 W
9819913 L
9824951 D
9824951 D
9824951 W
9824951 L
9828677 D
9828677 D
9828677 W
9828677 L
9838723 D
9838723 D
9838723 W
9838723 L
9839917 D
9839917 D
9839917 W
9839917 L
9842909 D
9842909 D
9842909 W
9842909 L
9844699 D
9844699 D
9844699 W
9844699 L
9848833 D
9848833 D
9848833 W
9848833 L
9883949 D
9883949 D
9883949 W
9883949 L
9884863 D
9884863 D
9884863 W
9884863 L
9898633 D
9898633 D
9898633 W
9898633 L
9906079 D
9906079 D
9906079 W
9906079 L
9919933 D
9919933 D
9919933 W
9919933 L
9981073 D
9981073 D
9981073 W
9981073 L
9984199 D
9984199 D
9984199 W
9984199 L
9993341 D
9993341 D
9993341 W
9993341 L
