782
17 D
17 W
19 D
19 W
29 D
29 W
37 D
37 W
41 D
41 W
227 D
227 W
229 D
229 W
263 D
263 W
281 D
281 W
439 D
439 W
499 D
499 W
541 D
541 W
653 D
653 W
991 D
991 W
1103 D
1103 W
1117 D
1117 W
1171 D
1171 W
1301 D
1301 W
1433 D
1433 W
1579 D
1579 W
1621 D
1621 W
1789 D
1789 W
1811 D
1811 W
1831 D
1831 W
2003 D
2003 W
2161 D
2161 W
2237 D
2237 W
2351 D
2351 W
2477 D
2477 W
2503 D
2503 W
2521 D
2521 W
2591 D
2591 W
2657 D
2657 W
2671 D
2671 W
3001 D
3001 W
3109 D
3109 W
3259 D
3259 W
3331 D
3331 W
3499 D
3499 W
3547 D
3547 W
3623 D
3623 W
3767 D
3767 W
3797 D
3797 W
4133 D
4133 W
4259 D
4259 W
4297 D
4297 W
4447 D
4447 W
4651 D
4651 W
4813 D
4813 W
4861 D
4861 W
4951 D
4951 W
5023 D
5023 W
5189 D
5189 W
5399 D
5399 W
5483 D
5483 W
6037 D
6037 W
6047 D
6047 W
6257 D
6257 W
6311 D
6311 W
6469 D
6469 W
6553 D
6553 W
6653 D
6653 W
6709 D
6709 W
6967 D
6967 W
7043 D
7043 W
7159 D
7159 W
7177 D
7177 W
7559 D
7559 W
7717 D
7717 W
7823 D
7823 W
7901 D
7901 W
7993 D
7993 W
8093 D
8093 W
8179 D
8179 W
8237 D
8237 W
8317 D
8317 W
8461 D
8461 W
8501 D
8501 W
8537 D
8537 W
8689 D
8689 W
8707 D
8707 W
8867 D
8867 W
8999 D
8999 W
9187 D
9187 W
9221 D
9221 W
9341 D
9341 W
9349 D
9349 W
9587 D
9587 W
9613 D
9613 W
9643 D
9643 W
9833 D
9833 W
2 D
2 D
2 W
2 L
3 D
3 D
3 W
3 L
5 D
5 D
5 W
5 L
7 D
7 D
7 W
7 L
11 D
11 D
11 W
11 L
13 D
13 D
13 W
13 L
17 D
17 D
17 W
17 L
19 D
19 D
19 W
19 L
23 D
23 D
23 W
23 L
29 D
29 D
29 W
29 L
31 D
31 D
31 W
31 L
37 D
37 D
37 W
37 L
41 D
41 D
41 W
41 L
59 D
59 D
59 W
59 L
67 D
67 D
67 W
67 L
103 D
103 D
103 W
103 L
109 D
109 D
109 W
109 L
137 D
137 D
137 W
137 L
197 D
197 D
197 W
197 L
227 D
227 D
227 W
227 L
229 D
229 D
229 W
229 L
263 D
263 D
263 W
263 L
281 D
281 D
281 W
281 L
439 D
439 D
439 W
439 L
499 D
499 D
499 W
499 L
541 D
541 D
541 W
541 L
653 D
653 D
653 W
653 L
809 D
809 D
809 W
809 L
977 D
977 D
977 W
977 L
991 D
991 D
991 W
991 L
1033 D
1033 D
1033 W
1033 L
1103 D
1103 D
1103 W
1103 L
1117 D
1117 D
1117 W
1117 L
1171 D
1171 D
1171 W
1171 L
1301 D
1301 D
1301 W
1301 L
1381 D
1381 D
1381 W
1381 L
1409 D
1409 D
1409 W
1409 L
1433 D
1433 D
1433 W
1433 L
1579 D
1579 D
1579 W
1579 L
1621 D
1621 D
1621 W
1621 L
1789 D
1789 D
1789 W
1789 L
1811 D
1811 D
1811 W
1811 L
1831 D
1831 D
1831 W
1831 L
1913 D
1913 D
1913 W
1913 L
1997 D
1997 D
1997 W
1997 L
2003 D
2003 D
2003 W
2003 L
2017 D
2017 D
2017 W
2017 L
2053 D
2053 D
2053 W
2053 L
2089 D
2089 D
2089 W
2089 L
2161 D
2161 D
2161 W
2161 L
2237 D
2237 D
2237 W
2237 L
2351 D
2351 D
2351 W
2351 L
2383 D
2383 D
2383 W
2383 L
2477 D
2477 D
2477 W
2477 L
2503 D
2503 D
2503 W
2503 L
2521 D
2521 D
2521 W
2521 L
2591 D
2591 D
2591 W
2591 L
2609 D
2609 D
2609 W
2609 L
2657 D
2657 D
2657 W
2657 L
2671 D
2671 D
2671 W
2671 L
2801 D
2801 D
2801 W
2801 L
3001 D
3001 D
3001 W
3001 L
3079 D
3079 D
3079 W
3079 L
3109 D
3109 D
3109 W
3109 L
3163 D
3163 D
3163 W
3163 L
3259 D
3259 D
3259 W
3259 L
3331 D
3331 D
3331 W
3331 L
3463 D
3463 D
3463 W
3463 L
3499 D
3499 D
3499 W
3499 L
3527 D
3527 D
3527 W
3527 L
3547 D
3547 D
3547 W
3547 L
3623 D
3623 D
3623 W
3623 L
3643 D
3643 D
3643 W
3643 L
3733 D
3733 D
3733 W
3733 L
3767 D
3767 D
3767 W
3767 L
3797 D
3797 D
3797 W
3797 L
3863 D
3863 D
3863 W
3863 L
4001 D
4001 D
4001 W
4001 L
4133 D
4133 D
4133 W
4133 L
4259 D
4259 D
4259 W
4259 L
4297 D
4297 D
4297 W
4297 L
4447 D
4447 D
4447 W
4447 L
4523 D
4523 D
4523 W
4523 L
4651 D
4651 D
4651 W
4651 L
4813 D
4813 D
4813 W
4813 L
4861 D
4861 D
4861 W
4861 L
4951 D
4951 D
4951 W
4951 L
5023 D
5023 D
5023 W
5023 L
5189 D
5189 D
5189 W
5189 L
5351 D
5351 D
5351 W
5351 L
5399 D
5399 D
5399 W
5399 L
5483 D
5483 D
5483 W
5483 L
5683 D
5683 D
5683 W
5683 L
5821 D
5821 D
5821 W
5821 L
6037 D
6037 D
6037 W
6037 L
6047 D
6047 D
6047 W
6047 L
6203 D
6203 D
6203 W
6203 L
6221 D
6221 D
6221 W
6221 L
6257 D
6257 D
6257 W
6257 L
6311 D
6311 D
6311 W
6311 L
6469 D
6469 D
6469 W
6469 L
6553 D
6553 D
6553 W
6553 L
6569 D
6569 D
6569 W
6569 L
6653 D
6653 D
6653 W
6653 L
6709 D
6709 D
6709 W
6709 L
6967 D
6967 D
6967 W
6967 L
7013 D
7013 D
7013 W
7013 L
7043 D
7043 D
7043 W
7043 L
7129 D
7129 D
7129 W
7129 L
7159 D
7159 D
7159 W
7159 L
7177 D
7177 D
7177 W
7177 L
7459 D
7459 D
7459 W
7459 L
7559 D
7559 D
7559 W
7559 L
7591 D
7591 D
7591 W
7591 L
7717 D
7717 D
7717 W
7717 L
7823 D
7823 D
7823 W
7823 L
7901 D
7901 D
7901 W
7901 L
7993 D
7993 D
7993 W
7993 L
8093 D
8093 D
8093 W
8093 L
8117 D
8117 D
8117 W
8117 L
8179 D
8179 D
8179 W
8179 L
8209 D
8209 D
8209 W
8209 L
8237 D
8237 D
8237 W
8237 L
8317 D
8317 D
8317 W
8317 L
8461 D
8461 D
8461 W
8461 L
8501 D
8501 D
8501 W
8501 L
8537 D
8537 D
8537 W
8537 L
8689 D
8689 D
8689 W
8689 L
8707 D
8707 D
8707 W
8707 L
8807 D
8807 D
8807 W
8807 L
8867 D
8867 D
8867 W
8867 L
8999 D
8999 D
8999 W
8999 L
9151 D
9151 D
9151 W
9151 L
9157 D
9157 D
9157 W
9157 L
9187 D
9187 D
9187 W
9187 L
9221 D
9221 D
9221 W
9221 L
9241 D
9241 D
9241 W
9241 L
9323 D
9323 D
9323 W
9323 L
9341 D
9341 D
9341 W
9341 L
9349 D
9349 D
9349 W
9349 L
9397 D
9397 D
9397 W
9397 L
9439 D
9439 D
9439 W
9439 L
9473 D
9473 D
9473 W
9473 L
9587 D
9587 D
9587 W
9587 L
9613 D
9613 D
9613 W
9613 L
9619 D
9619 D
9619 W
9619 L
9643 D
9643 D
9643 W
9643 L
9767 D
9767 D
9767 W
9767 L
9833 D
9833 D
9833 W
9833 L
9887 D
9887 D
9887 W
9887 L
