2992
2 W
2 W
2 W
2 W
2 W
2 W
2 W
2 W
2 W
2 W
2 W
2 W
2 W
2 W
2 W
2 W
2 W
2 W
2 W
2 W
2 W
2 W
2 W
2 W
2 W
2 W
2 W
2 W
2 W
2 W
2 W
2 W
2 W
2 W
2 W
3 W
3 W
3 W
3 W
3 W
3 W
3 W
3 W
3 W
3 W
3 W
3 W
3 W
3 W
3 W
3 W
3 W
5 W
5 W
5 W
5 W
5 W
5 W
5 W
7 W
7 W
7 W
7 W
7 W
7 W
7 W
7 W
7 W
11 W
11 W
11 W
11 D
11 W
13 W
13 W
17 W
17 W
17 W
17 D
17 W
19 W
19 W
19 W
29 W
29 D
29 W
31 W
31 W
37 W
41 W
53 D
53 W
61 D
61 W
71 D
71 W
73 W
79 D
79 W
89 W
89 W
97 D
97 W
107 D
107 W
131 D
131 W
139 W
157 D
157 W
199 D
199 W
227 D
227 W
239 D
239 W
257 D
257 W
269 D
269 W
307 D
307 W
613 D
613 W
661 D
661 W
733 D
733 W
809 D
809 W
937 D
937 W
971 D
971 W
997 W
1123 D
1123 W
1511 D
1511 W
1579 D
1579 W
1823 D
1823 W
2467 D
2467 W
2861 D
2861 W
2999 D
2999 W
3037 D
3037 W
3137 D
3137 W
4253 D
4253 W
4481 D
4481 W
5443 D
5443 W
5623 D
5623 W
5693 D
5693 W
5953 D
5953 W
6047 D
6047 W
6833 D
6833 W
9949 D
9949 W
12973 D
12973 W
18913 D
18913 W
20749 D
20749 W
20759 D
20759 W
22129 D
22129 W
22343 D
22343 W
22433 D
22433 W
42307 D
42307 W
69073 D
69073 W
84179 D
84179 W
91631 D
91631 W
118583 D
118583 W
154579 D
154579 W
244393 D
244393 W
257437 D
257437 W
282413 D
282413 W
347069 D
347069 W
592463 D
592463 W
727823 D
727823 W
1207597 D
1207597 W
1617373 D
1617373 W
1697873 D
1697873 W
1708493 D
1708493 W
1734937 D
1734937 W
2035879 D
2035879 W
2560049 D
2560049 W
2674369 D
2674369 W
2677757 D
2677757 W
4155659 D
4155659 W
5029067 D
5029067 W
5030273 D
5030273 W
5055913 D
5055913 W
5075459 D
5075459 W
5082521 D
5082521 W
5096879 D
5096879 W
5122883 D
5122883 W
5128889 D
5128889 W
5131871 D
5131871 W
5144317 D
5144317 W
5146261 D
5146261 W
5162099 D
5162099 W
5169379 D
5169379 W
5172077 D
5172077 W
5176799 D
5176799 W
5195357 D
5195357 W
5210827 D
5210827 W
5257793 D
5257793 W
5264177 D
5264177 W
5424553 D
5424553 W
5450257 D
5450257 W
5557579 D
5557579 W
5558599 D
5558599 W
5659883 D
5659883 W
5664943 D
5664943 W
5674937 D
5674937 W
5691151 D
5691151 W
5726387 D
5726387 W
5741279 D
5741279 W
5754863 D
5754863 W
5755709 D
5755709 W
5765699 D
5765699 W
5797751 D
5797751 W
5832529 D
5832529 W
5900701 D
5900701 W
5901031 D
5901031 W
5913067 D
5913067 W
5921011 D
5921011 W
6098479 D
6098479 W
6115363 D
6115363 W
6164981 D
6164981 W
6186707 D
6186707 W
6187289 D
6187289 W
6187661 D
6187661 W
6188647 D
6188647 W
6190043 D
6190043 W
6231361 D
6231361 W
6307621 D
6307621 W
6308033 D
6308033 W
6310481 D
6310481 W
6385231 D
6385231 W
6409253 D
6409253 W
6457991 D
6457991 W
6479059 D
6479059 W
6522209 D
6522209 W
6546571 D
6546571 W
6570001 D
6570001 W
6596749 D
6596749 W
6616991 D
6616991 W
6662507 D
6662507 W
6691099 D
6691099 W
6694211 D
6694211 W
6707999 D
6707999 W
6721867 D
6721867 W
6783107 D
6783107 W
6799057 D
6799057 W
6801391 D
6801391 W
6811397 D
6811397 W
6818263 D
6818263 W
6821747 D
6821747 W
6848453 D
6848453 W
6856601 D
6856601 W
6875933 D
6875933 W
6889483 D
6889483 W
6894317 D
6894317 W
6901399 D
6901399 W
7000633 D
7000633 W
7005541 D
7005541 W
7039243 D
7039243 W
7112717 D
7112717 W
7148131 D
7148131 W
7148203 D
7148203 W
7159937 D
7159937 W
7177463 D
7177463 W
7203503 D
7203503 W
7218457 D
7218457 W
7241903 D
7241903 W
7261157 D
7261157 W
7262861 D
7262861 W
7407689 D
7407689 W
7408363 D
7408363 W
7416443 D
7416443 W
7422959 D
7422959 W
7437971 D
7437971 W
7443011 D
7443011 W
7443643 D
7443643 W
7453009 D
7453009 W
7459999 D
7459999 W
7521221 D
7521221 W
7562923 D
7562923 W
7577369 D
7577369 W
7584931 D
7584931 W
7619537 D
7619537 W
7629301 D
7629301 W
7644907 D
7644907 W
7654051 D
7654051 W
7654253 D
7654253 W
7674311 D
7674311 W
7702213 D
7702213 W
7711751 D
7711751 W
7752229 D
7752229 W
7807087 D
7807087 W
7888247 D
7888247 W
7909739 D
7909739 W
7914563 D
7914563 W
7916317 D
7916317 W
7960129 D
7960129 W
7973117 D
7973117 W
7987649 D
7987649 W
8009557 D
8009557 W
8047327 D
8047327 W
8058593 D
8058593 W
8066771 D
8066771 W
8103437 D
8103437 W
8109967 D
8109967 W
8136563 D
8136563 W
8137021 D
8137021 W
8162857 D
8162857 W
8175679 D
8175679 W
8177209 D
8177209 W
8190113 D
8190113 W
8242723 D
8242723 W
8266567 D
8266567 W
8299513 D
8299513 W
8303081 D
8303081 W
8330753 D
8330753 W
8407261 D
8407261 W
8407943 D
8407943 W
8408117 D
8408117 W
8410861 D
8410861 W
8432443 D
8432443 W
8448233 D
8448233 W
8457049 D
8457049 W
8495191 D
8495191 W
8504291 D
8504291 W
8532541 D
8532541 W
8578039 D
8578039 W
8589101 D
8589101 W
8593121 D
8593121 W
8651329 D
8651329 W
8661193 D
8661193 W
8691589 D
8691589 W
8703853 D
8703853 W
8760877 D
8760877 W
8765089 D
8765089 W
8783249 D
8783249 W
8785009 D
8785009 W
8831201 D
8831201 W
8868527 D
8868527 W
8903693 D
8903693 W
8907737 D
8907737 W
8934923 D
8934923 W
8991001 D
8991001 W
8992259 D
8992259 W
9050087 D
9050087 W
9101327 D
9101327 W
9122569 D
9122569 W
9165349 D
9165349 W
9179767 D
9179767 W
9188281 D
9188281 W
9242971 D
9242971 W
9301549 D
9301549 W
9303653 D
9303653 W
9326267 D
9326267 W
9346397 D
9346397 W
9352289 D
9352289 W
9430103 D
9430103 W
9436057 D
9436057 W
9495973 D
9495973 W
9507821 D
9507821 W
9564253 D
9564253 W
9595009 D
9595009 W
9634883 D
9634883 W
9648481 D
9648481 W
9654943 D
9654943 W
9666779 D
9666779 W
9710011 D
9710011 W
9718913 D
9718913 W
9749251 D
9749251 W
9785599 D
9785599 W
9791687 D
9791687 W
9795413 D
9795413 W
9812567 D
9812567 W
9856817 D
9856817 W
9873649 D
9873649 W
9919223 D
9919223 W
9919237 D
9919237 W
9922529 D
9922529 W
9933197 D
9933197 W
9940717 D
9940717 W
9975457 D
9975457 W
9999761 D
9999761 W
2 L
2 L
2 L
2 L
2 L
2 L
2 L
2 L
2 L
2 L
2 L
2 L
2 L
2 L
2 L
2 L
2 L
2 L
2 L
2 L
2 L
2 L
2 L
2 L
2 L
2 L
2 L
2 L
2 L
2 L
2 L
2 L
2 L
2 L
2 L
2 L
2 D
2 D
2 W
2 L
3 L
3 L
3 L
3 L
3 L
3 L
3 L
3 L
3 L
3 L
3 L
3 L
3 L
3 L
3 L
3 L
3 L
3 L
3 L
3 L
5 L
5 L
5 L
5 L
5 L
5 L
5 L
5 L
5 L
7 L
7 L
7 L
7 L
7 L
7 L
7 L
11 L
11 L
11 L
11 L
13 L
13 L
13 D
13 D
13 W
13 L
17 L
17 L
17 L
19 L
19 L
19 L
23 L
23 D
23 D
23 W
23 L
29 L
29 D
29 D
29 W
29 L
31 L
31 L
31 L
31 D
31 D
31 W
31 L
37 D
37 D
37 W
37 L
41 L
41 D
41 D
41 W
41 L
47 D
47 D
47 W
47 L
53 D
53 D
53 W
53 L
59 L
61 L
67 D
67 D
67 W
67 L
71 D
71 D
71 W
71 L
73 D
73 D
73 W
73 L
79 L
83 D
83 D
83 W
83 L
89 L
97 L
107 D
107 D
107 W
107 L
131 L
131 D
131 D
131 W
131 L
139 D
139 D
139 W
139 L
151 D
151 D
151 W
151 L
157 L
163 D
163 D
163 W
163 L
181 D
181 D
181 W
181 L
199 D
199 D
199 W
199 L
211 D
211 D
211 W
211 L
227 D
227 D
227 W
227 L
233 D
233 D
233 W
233 L
239 D
239 D
239 W
239 L
241 D
241 D
241 W
241 L
257 D
257 D
257 W
257 L
269 D
269 D
269 W
269 L
281 D
281 D
281 W
281 L
307 D
307 D
307 W
307 L
367 L
433 D
433 D
433 W
433 L
461 D
461 D
461 W
461 L
509 D
509 D
509 W
509 L
571 D
571 D
571 W
571 L
613 D
613 D
613 W
613 L
631 D
631 D
631 W
631 L
661 D
661 D
661 W
661 L
733 D
733 D
733 W
733 L
809 D
809 D
809 W
809 L
827 D
827 D
827 W
827 L
937 D
937 D
937 W
937 L
971 L
997 D
997 D
997 W
997 L
1123 D
1123 D
1123 W
1123 L
1259 D
1259 D
1259 W
1259 L
1381 D
1381 D
1381 W
1381 L
1511 D
1511 D
1511 W
1511 L
1579 D
1579 D
1579 W
1579 L
1753 D
1753 D
1753 W
1753 L
1823 D
1823 D
1823 W
1823 L
1847 D
1847 D
1847 W
1847 L
1889 D
1889 D
1889 W
1889 L
1973 D
1973 D
1973 W
1973 L
2131 D
2131 D
2131 W
2131 L
2333 D
2333 D
2333 W
2333 L
2371 D
2371 D
2371 W
2371 L
2467 D
2467 D
2467 W
2467 L
2647 D
2647 D
2647 W
2647 L
2861 D
2861 D
2861 W
2861 L
2999 D
2999 D
2999 W
2999 L
3037 D
3037 D
3037 W
3037 L
3137 D
3137 D
3137 W
3137 L
3221 D
3221 D
3221 W
3221 L
3359 D
3359 D
3359 W
3359 L
3373 D
3373 D
3373 W
3373 L
3923 D
3923 D
3923 W
3923 L
4253 D
4253 D
4253 W
4253 L
4481 D
4481 D
4481 W
4481 L
4721 D
4721 D
4721 W
4721 L
5059 D
5059 D
5059 W
5059 L
5443 D
5443 D
5443 W
5443 L
5623 D
5623 D
5623 W
5623 L
5693 D
5693 D
5693 W
5693 L
5953 D
5953 D
5953 W
5953 L
6047 D
6047 D
6047 W
6047 L
6673 D
6673 D
6673 W
6673 L
6833 D
6833 D
6833 W
6833 L
7237 D
7237 D
7237 W
7237 L
8011 D
8011 D
8011 W
8011 L
9949 D
9949 D
9949 W
9949 L
11789 D
11789 D
11789 W
11789 L
12721 D
12721 D
12721 W
12721 L
12973 D
12973 D
12973 W
12973 L
13297 D
13297 D
13297 W
13297 L
17291 D
17291 D
17291 W
17291 L
18913 D
18913 D
18913 W
18913 L
20749 D
20749 D
20749 W
20749 L
20759 D
20759 D
20759 W
20759 L
22129 D
22129 D
22129 W
22129 L
22343 D
22343 D
22343 W
22343 L
22433 D
22433 D
22433 W
22433 L
26053 D
26053 D
26053 W
26053 L
42307 D
42307 D
42307 W
42307 L
49613 D
49613 D
49613 W
49613 L
68443 D
68443 D
68443 W
68443 L
69073 D
69073 D
69073 W
69073 L
77267 D
77267 D
77267 W
77267 L
84179 D
84179 D
84179 W
84179 L
91631 D
91631 D
91631 W
91631 L
118343 D
118343 D
118343 W
118343 L
118583 D
118583 D
118583 W
118583 L
132113 D
132113 D
132113 W
132113 L
154579 D
154579 D
154579 W
154579 L
155797 D
155797 D
155797 W
155797 L
196771 D
196771 D
196771 W
196771 L
197381 D
197381 D
197381 W
197381 L
244393 D
244393 D
244393 W
244393 L
257437 D
257437 D
257437 W
257437 L
268091 D
268091 D
268091 W
268091 L
282413 D
282413 D
282413 W
282413 L
284293 D
284293 D
284293 W
284293 L
347069 D
347069 D
347069 W
347069 L
496813 D
496813 D
496813 W
496813 L
511039 D
511039 D
511039 W
511039 L
592463 D
592463 D
592463 W
592463 L
648509 D
648509 D
648509 W
648509 L
677441 D
677441 D
677441 W
677441 L
727823 D
727823 D
727823 W
727823 L
917633 D
917633 D
917633 W
917633 L
929501 D
929501 D
929501 W
929501 L
1207597 D
1207597 D
1207597 W
1207597 L
1617373 D
1617373 D
1617373 W
1617373 L
1697873 D
1697873 D
1697873 W
1697873 L
1708493 D
1708493 D
1708493 W
1708493 L
1721579 D
1721579 D
1721579 W
1721579 L
1734937 D
1734937 D
1734937 W
1734937 L
2035879 D
2035879 D
2035879 W
2035879 L
2070569 D
2070569 D
2070569 W
2070569 L
2560049 D
2560049 D
2560049 W
2560049 L
2674369 D
2674369 D
2674369 W
2674369 L
2677757 D
2677757 D
2677757 W
2677757 L
3582259 D
3582259 D
3582259 W
3582259 L
4155659 D
4155659 D
4155659 W
4155659 L
5027651 D
5027651 D
5027651 W
5027651 L
5029067 D
5029067 D
5029067 W
5029067 L
5030273 D
5030273 D
5030273 W
5030273 L
5035351 D
5035351 D
5035351 W
5035351 L
5049169 D
5049169 D
5049169 W
5049169 L
5055913 D
5055913 D
5055913 W
5055913 L
5058523 D
5058523 D
5058523 W
5058523 L
5062133 D
5062133 D
5062133 W
5062133 L
5071103 D
5071103 D
5071103 W
5071103 L
5075459 D
5075459 D
5075459 W
5075459 L
5082521 D
5082521 D
5082521 W
5082521 L
5085887 D
5085887 D
5085887 W
5085887 L
5096879 D
5096879 D
5096879 W
5096879 L
5122883 D
5122883 D
5122883 W
5122883 L
5128889 D
5128889 D
5128889 W
5128889 L
5131871 D
5131871 D
5131871 W
5131871 L
5139259 D
5139259 D
5139259 W
5139259 L
5142913 D
5142913 D
5142913 W
5142913 L
5144317 D
5144317 D
5144317 W
5144317 L
5146261 D
5146261 D
5146261 W
5146261 L
5160679 D
5160679 D
5160679 W
5160679 L
5162099 D
5162099 D
5162099 W
5162099 L
5168623 D
5168623 D
5168623 W
5168623 L
5169379 D
5169379 D
5169379 W
5169379 L
5172077 D
5172077 D
5172077 W
5172077 L
5176799 D
5176799 D
5176799 W
5176799 L
5195357 D
5195357 D
5195357 W
5195357 L
5199583 D
5199583 D
5199583 W
5199583 L
5199877 D
5199877 D
5199877 W
5199877 L
5210827 D
5210827 D
5210827 W
5210827 L
5212093 D
5212093 D
5212093 W
5212093 L
5238581 D
5238581 D
5238581 W
5238581 L
5239153 D
5239153 D
5239153 W
5239153 L
5250043 D
5250043 D
5250043 W
5250043 L
5257793 D
5257793 D
5257793 W
5257793 L
5264177 D
5264177 D
5264177 W
5264177 L
5288267 D
5288267 D
5288267 W
5288267 L
5325347 D
5325347 D
5325347 W
5325347 L
5336003 D
5336003 D
5336003 W
5336003 L
5337751 D
5337751 D
5337751 W
5337751 L
5379643 D
5379643 D
5379643 W
5379643 L
5400001 D
5400001 D
5400001 W
5400001 L
5424553 D
5424553 D
5424553 W
5424553 L
5436709 D
5436709 D
5436709 W
5436709 L
5450257 D
5450257 D
5450257 W
5450257 L
5458969 D
5458969 D
5458969 W
5458969 L
5474839 D
5474839 D
5474839 W
5474839 L
5503241 D
5503241 D
5503241 W
5503241 L
5557579 D
5557579 D
5557579 W
5557579 L
5558599 D
5558599 D
5558599 W
5558599 L
5576273 D
5576273 D
5576273 W
5576273 L
5576579 D
5576579 D
5576579 W
5576579 L
5595277 D
5595277 D
5595277 W
5595277 L
5631221 D
5631221 D
5631221 W
5631221 L
5639297 D
5639297 D
5639297 W
5639297 L
5659883 D
5659883 D
5659883 W
5659883 L
5664943 D
5664943 D
5664943 W
5664943 L
5674937 D
5674937 D
5674937 W
5674937 L
5676943 D
5676943 D
5676943 W
5676943 L
5678341 D
5678341 D
5678341 W
5678341 L
5678957 D
5678957 D
5678957 W
5678957 L
5691151 D
5691151 D
5691151 W
5691151 L
5708057 D
5708057 D
5708057 W
5708057 L
5726387 D
5726387 D
5726387 W
5726387 L
5741279 D
5741279 D
5741279 W
5741279 L
5743963 D
5743963 D
5743963 W
5743963 L
5754863 D
5754863 D
5754863 W
5754863 L
5755709 D
5755709 D
5755709 W
5755709 L
5765699 D
5765699 D
5765699 W
5765699 L
5785991 D
5785991 D
5785991 W
5785991 L
5797751 D
5797751 D
5797751 W
5797751 L
5821069 D
5821069 D
5821069 W
5821069 L
5832529 D
5832529 D
5832529 W
5832529 L
5837281 D
5837281 D
5837281 W
5837281 L
5849551 D
5849551 D
5849551 W
5849551 L
5900701 D
5900701 D
5900701 W
5900701 L
5900731 D
5900731 D
5900731 W
5900731 L
5901031 D
5901031 D
5901031 W
5901031 L
5910313 D
5910313 D
5910313 W
5910313 L
5913067 D
5913067 D
5913067 W
5913067 L
5921011 D
5921011 D
5921011 W
5921011 L
5942603 D
5942603 D
5942603 W
5942603 L
5951797 D
5951797 D
5951797 W
5951797 L
5955337 D
5955337 D
5955337 W
5955337 L
5963669 D
5963669 D
5963669 W
5963669 L
6004121 D
6004121 D
6004121 W
6004121 L
6031673 D
6031673 D
6031673 W
6031673 L
6052591 D
6052591 D
6052591 W
6052591 L
6098479 D
6098479 D
6098479 W
6098479 L
6113941 D
6113941 D
6113941 W
6113941 L
6115363 D
6115363 D
6115363 W
6115363 L
6139253 D
6139253 D
6139253 W
6139253 L
6164981 D
6164981 D
6164981 W
6164981 L
6169909 D
6169909 D
6169909 W
6169909 L
6170327 D
6170327 D
6170327 W
6170327 L
6186707 D
6186707 D
6186707 W
6186707 L
6187289 D
6187289 D
6187289 W
6187289 L
6187661 D
6187661 D
6187661 W
6187661 L
6188647 D
6188647 D
6188647 W
6188647 L
6190043 D
6190043 D
6190043 W
6190043 L
6196783 D
6196783 D
6196783 W
6196783 L
6199499 D
6199499 D
6199499 W
6199499 L
6204179 D
6204179 D
6204179 W
6204179 L
6231361 D
6231361 D
6231361 W
6231361 L
6240263 D
6240263 D
6240263 W
6240263 L
6240973 D
6240973 D
6240973 W
6240973 L
6281491 D
6281491 D
6281491 W
6281491 L
6295433 D
6295433 D
6295433 W
6295433 L
6307621 D
6307621 D
6307621 W
6307621 L
6308033 D
6308033 D
6308033 W
6308033 L
6310481 D
6310481 D
6310481 W
6310481 L
6333191 D
6333191 D
6333191 W
6333191 L
6340247 D
6340247 D
6340247 W
6340247 L
6354263 D
6354263 D
6354263 W
6354263 L
6362089 D
6362089 D
6362089 W
6362089 L
6376429 D
6376429 D
6376429 W
6376429 L
6385231 D
6385231 D
6385231 W
6385231 L
6385447 D
6385447 D
6385447 W
6385447 L
6409253 D
6409253 D
6409253 W
6409253 L
6425381 D
6425381 D
6425381 W
6425381 L
6456239 D
6456239 D
6456239 W
6456239 L
6457991 D
6457991 D
6457991 W
6457991 L
6459407 D
6459407 D
6459407 W
6459407 L
6462017 D
6462017 D
6462017 W
6462017 L
6479059 D
6479059 D
6479059 W
6479059 L
6522209 D
6522209 D
6522209 W
6522209 L
6546571 D
6546571 D
6546571 W
6546571 L
6567961 D
6567961 D
6567961 W
6567961 L
6570001 D
6570001 D
6570001 W
6570001 L
6593633 D
6593633 D
6593633 W
6593633 L
6596749 D
6596749 D
6596749 W
6596749 L
6616991 D
6616991 D
6616991 W
6616991 L
6638953 D
6638953 D
6638953 W
6638953 L
6662507 D
6662507 D
6662507 W
6662507 L
6675839 D
6675839 D
6675839 W
6675839 L
6691099 D
6691099 D
6691099 W
6691099 L
6694211 D
6694211 D
6694211 W
6694211 L
6707201 D
6707201 D
6707201 W
6707201 L
6707999 D
6707999 D
6707999 W
6707999 L
6721867 D
6721867 D
6721867 W
6721867 L
6753067 D
6753067 D
6753067 W
6753067 L
6764393 D
6764393 D
6764393 W
6764393 L
6778559 D
6778559 D
6778559 W
6778559 L
6783107 D
6783107 D
6783107 W
6783107 L
6787457 D
6787457 D
6787457 W
6787457 L
6799057 D
6799057 D
6799057 W
6799057 L
6801391 D
6801391 D
6801391 W
6801391 L
6811397 D
6811397 D
6811397 W
6811397 L
6818263 D
6818263 D
6818263 W
6818263 L
6821747 D
6821747 D
6821747 W
6821747 L
6838019 D
6838019 D
6838019 W
6838019 L
6848453 D
6848453 D
6848453 W
6848453 L
6856601 D
6856601 D
6856601 W
6856601 L
6865679 D
6865679 D
6865679 W
6865679 L
6875933 D
6875933 D
6875933 W
6875933 L
6881759 D
6881759 D
6881759 W
6881759 L
6889483 D
6889483 D
6889483 W
6889483 L
6893641 D
6893641 D
6893641 W
6893641 L
6894317 D
6894317 D
6894317 W
6894317 L
6901399 D
6901399 D
6901399 W
6901399 L
6949609 D
6949609 D
6949609 W
6949609 L
6966629 D
6966629 D
6966629 W
6966629 L
6972517 D
6972517 D
6972517 W
6972517 L
6990259 D
6990259 D
6990259 W
6990259 L
7000633 D
7000633 D
7000633 W
7000633 L
7005541 D
7005541 D
7005541 W
7005541 L
7006561 D
7006561 D
7006561 W
7006561 L
7039243 D
7039243 D
7039243 W
7039243 L
7060771 D
7060771 D
7060771 W
7060771 L
7112717 D
7112717 D
7112717 W
7112717 L
7123691 D
7123691 D
7123691 W
7123691 L
7137077 D
7137077 D
7137077 W
7137077 L
7148131 D
7148131 D
7148131 W
7148131 L
7148203 D
7148203 D
7148203 W
7148203 L
7159937 D
7159937 D
7159937 W
7159937 L
7177463 D
7177463 D
7177463 W
7177463 L
7181897 D
7181897 D
7181897 W
7181897 L
7189921 D
7189921 D
7189921 W
7189921 L
7196087 D
7196087 D
7196087 W
7196087 L
7203437 D
7203437 D
7203437 W
7203437 L
7203503 D
7203503 D
7203503 W
7203503 L
7213621 D
7213621 D
7213621 W
7213621 L
7218457 D
7218457 D
7218457 W
7218457 L
7241903 D
7241903 D
7241903 W
7241903 L
7261157 D
7261157 D
7261157 W
7261157 L
7262861 D
7262861 D
7262861 W
7262861 L
7265633 D
7265633 D
7265633 W
7265633 L
7266407 D
7266407 D
7266407 W
7266407 L
7280033 D
7280033 D
7280033 W
7280033 L
7305301 D
7305301 D
7305301 W
7305301 L
7307719 D
7307719 D
7307719 W
7307719 L
7308019 D
7308019 D
7308019 W
7308019 L
7322621 D
7322621 D
7322621 W
7322621 L
7350493 D
7350493 D
7350493 W
7350493 L
7354973 D
7354973 D
7354973 W
7354973 L
7360597 D
7360597 D
7360597 W
7360597 L
7376407 D
7376407 D
7376407 W
7376407 L
7394549 D
7394549 D
7394549 W
7394549 L
7396721 D
7396721 D
7396721 W
7396721 L
7407689 D
7407689 D
7407689 W
7407689 L
7408363 D
7408363 D
7408363 W
7408363 L
7416443 D
7416443 D
7416443 W
7416443 L
7420003 D
7420003 D
7420003 W
7420003 L
7422959 D
7422959 D
7422959 W
7422959 L
7437971 D
7437971 D
7437971 W
7437971 L
7443011 D
7443011 D
7443011 W
7443011 L
7443643 D
7443643 D
7443643 W
7443643 L
7451369 D
7451369 D
7451369 W
7451369 L
7453009 D
7453009 D
7453009 W
7453009 L
7459999 D
7459999 D
7459999 W
7459999 L
7501609 D
7501609 D
7501609 W
7501609 L
7513423 D
7513423 D
7513423 W
7513423 L
7521221 D
7521221 D
7521221 W
7521221 L
7545169 D
7545169 D
7545169 W
7545169 L
7562923 D
7562923 D
7562923 W
7562923 L
7573933 D
7573933 D
7573933 W
7573933 L
7577369 D
7577369 D
7577369 W
7577369 L
7584931 D
7584931 D
7584931 W
7584931 L
7586779 D
7586779 D
7586779 W
7586779 L
7597763 D
7597763 D
7597763 W
7597763 L
7600913 D
7600913 D
7600913 W
7600913 L
7619537 D
7619537 D
7619537 W
7619537 L
7629301 D
7629301 D
7629301 W
7629301 L
7636229 D
7636229 D
7636229 W
7636229 L
7644907 D
7644907 D
7644907 W
7644907 L
7654051 D
7654051 D
7654051 W
7654051 L
7654253 D
7654253 D
7654253 W
7654253 L
7674311 D
7674311 D
7674311 W
7674311 L
7697159 D
7697159 D
7697159 W
7697159 L
7698869 D
7698869 D
7698869 W
7698869 L
7702213 D
7702213 D
7702213 W
7702213 L
7711751 D
7711751 D
7711751 W
7711751 L
7725559 D
7725559 D
7725559 W
7725559 L
7734607 D
7734607 D
7734607 W
7734607 L
7752229 D
7752229 D
7752229 W
7752229 L
7759721 D
7759721 D
7759721 W
7759721 L
7784989 D
7784989 D
7784989 W
7784989 L
7790117 D
7790117 D
7790117 W
7790117 L
7807087 D
7807087 D
7807087 W
7807087 L
7848437 D
7848437 D
7848437 W
7848437 L
7884517 D
7884517 D
7884517 W
7884517 L
7888247 D
7888247 D
7888247 W
7888247 L
7909739 D
7909739 D
7909739 W
7909739 L
7913833 D
7913833 D
7913833 W
7913833 L
7914563 D
7914563 D
7914563 W
7914563 L
7916317 D
7916317 D
7916317 W
7916317 L
7932259 D
7932259 D
7932259 W
7932259 L
7960129 D
7960129 D
7960129 W
7960129 L
7968001 D
7968001 D
7968001 W
7968001 L
7972907 D
7972907 D
7972907 W
7972907 L
7973117 D
7973117 D
7973117 W
7973117 L
7987457 D
7987457 D
7987457 W
7987457 L
7987649 D
7987649 D
7987649 W
7987649 L
8009557 D
8009557 D
8009557 W
8009557 L
8039569 D
8039569 D
8039569 W
8039569 L
8047327 D
8047327 D
8047327 W
8047327 L
8058593 D
8058593 D
8058593 W
8058593 L
8066771 D
8066771 D
8066771 W
8066771 L
8087153 D
8087153 D
8087153 W
8087153 L
8090671 D
8090671 D
8090671 W
8090671 L
8103437 D
8103437 D
8103437 W
8103437 L
8109967 D
8109967 D
8109967 W
8109967 L
8112803 D
8112803 D
8112803 W
8112803 L
8121557 D
8121557 D
8121557 W
8121557 L
8136563 D
8136563 D
8136563 W
8136563 L
8137021 D
8137021 D
8137021 W
8137021 L
8144219 D
8144219 D
8144219 W
8144219 L
8162857 D
8162857 D
8162857 W
8162857 L
8175679 D
8175679 D
8175679 W
8175679 L
8177209 D
8177209 D
8177209 W
8177209 L
8186071 D
8186071 D
8186071 W
8186071 L
8190113 D
8190113 D
8190113 W
8190113 L
8200177 D
8200177 D
8200177 W
8200177 L
8239537 D
8239537 D
8239537 W
8239537 L
8242723 D
8242723 D
8242723 W
8242723 L
8261023 D
8261023 D
8261023 W
8261023 L
8266567 D
8266567 D
8266567 W
8266567 L
8299513 D
8299513 D
8299513 W
8299513 L
8300377 D
8300377 D
8300377 W
8300377 L
8303081 D
8303081 D
8303081 W
8303081 L
8310503 D
8310503 D
8310503 W
8310503 L
8321141 D
8321141 D
8321141 W
8321141 L
8330753 D
8330753 D
8330753 W
8330753 L
8361677 D
8361677 D
8361677 W
8361677 L
8378147 D
8378147 D
8378147 W
8378147 L
8401201 D
8401201 D
8401201 W
8401201 L
8407261 D
8407261 D
8407261 W
8407261 L
8407943 D
8407943 D
8407943 W
8407943 L
8408117 D
8408117 D
8408117 W
8408117 L
8410861 D
8410861 D
8410861 W
8410861 L
8416249 D
8416249 D
8416249 W
8416249 L
8432443 D
8432443 D
8432443 W
8432443 L
8440603 D
8440603 D
8440603 W
8440603 L
8445109 D
8445109 D
8445109 W
8445109 L
8448233 D
8448233 D
8448233 W
8448233 L
8457049 D
8457049 D
8457049 W
8457049 L
8462723 D
8462723 D
8462723 W
8462723 L
8484169 D
8484169 D
8484169 W
8484169 L
8495191 D
8495191 D
8495191 W
8495191 L
8504291 D
8504291 D
8504291 W
8504291 L
8532541 D
8532541 D
8532541 W
8532541 L
8578039 D
8578039 D
8578039 W
8578039 L
8586859 D
8586859 D
8586859 W
8586859 L
8589101 D
8589101 D
8589101 W
8589101 L
8593121 D
8593121 D
8593121 W
8593121 L
8603521 D
8603521 D
8603521 W
8603521 L
8614003 D
8614003 D
8614003 W
8614003 L
8627029 D
8627029 D
8627029 W
8627029 L
8651329 D
8651329 D
8651329 W
8651329 L
8655923 D
8655923 D
8655923 W
8655923 L
8661193 D
8661193 D
8661193 W
8661193 L
8682551 D
8682551 D
8682551 W
8682551 L
8684047 D
8684047 D
8684047 W
8684047 L
8690599 D
8690599 D
8690599 W
8690599 L
8691589 D
8691589 D
8691589 W
8691589 L
8692093 D
8692093 D
8692093 W
8692093 L
8696531 D
8696531 D
8696531 W
8696531 L
8703853 D
8703853 D
8703853 W
8703853 L
8745071 D
8745071 D
8745071 W
8745071 L
8753051 D
8753051 D
8753051 W
8753051 L
8760877 D
8760877 D
8760877 W
8760877 L
8765089 D
8765089 D
8765089 W
8765089 L
8783249 D
8783249 D
8783249 W
8783249 L
8785009 D
8785009 D
8785009 W
8785009 L
8821243 D
8821243 D
8821243 W
8821243 L
8831201 D
8831201 D
8831201 W
8831201 L
8832913 D
8832913 D
8832913 W
8832913 L
8833241 D
8833241 D
8833241 W
8833241 L
8839931 D
8839931 D
8839931 W
8839931 L
8846231 D
8846231 D
8846231 W
8846231 L
8868527 D
8868527 D
8868527 W
8868527 L
8889889 D
8889889 D
8889889 W
8889889 L
8898229 D
8898229 D
8898229 W
8898229 L
8903693 D
8903693 D
8903693 W
8903693 L
8907737 D
8907737 D
8907737 W
8907737 L
8934923 D
8934923 D
8934923 W
8934923 L
8943563 D
8943563 D
8943563 W
8943563 L
8957383 D
8957383 D
8957383 W
8957383 L
8957771 D
8957771 D
8957771 W
8957771 L
8991001 D
8991001 D
8991001 W
8991001 L
8992259 D
8992259 D
8992259 W
8992259 L
9018547 D
9018547 D
9018547 W
9018547 L
9042529 D
9042529 D
9042529 W
9042529 L
9050087 D
9050087 D
9050087 W
9050087 L
9053797 D
9053797 D
9053797 W
9053797 L
9082303 D
9082303 D
9082303 W
9082303 L
9087389 D
9087389 D
9087389 W
9087389 L
9101327 D
9101327 D
9101327 W
9101327 L
9111511 D
9111511 D
9111511 W
9111511 L
9113891 D
9113891 D
9113891 W
9113891 L
9122569 D
9122569 D
9122569 W
9122569 L
9160751 D
9160751 D
9160751 W
9160751 L
9165349 D
9165349 D
9165349 W
9165349 L
9168209 D
9168209 D
9168209 W
9168209 L
9170411 D
9170411 D
9170411 W
9170411 L
9179767 D
9179767 D
9179767 W
9179767 L
9188281 D
9188281 D
9188281 W
9188281 L
9195097 D
9195097 D
9195097 W
9195097 L
9196093 D
9196093 D
9196093 W
9196093 L
9196217 D
9196217 D
9196217 W
9196217 L
9226957 D
9226957 D
9226957 W
9226957 L
9234493 D
9234493 D
9234493 W
9234493 L
9242971 D
9242971 D
9242971 W
9242971 L
9249803 D
9249803 D
9249803 W
9249803 L
9260263 D
9260263 D
9260263 W
9260263 L
9267581 D
9267581 D
9267581 W
9267581 L
9301549 D
9301549 D
9301549 W
9301549 L
9301909 D
9301909 D
9301909 W
9301909 L
9303653 D
9303653 D
9303653 W
9303653 L
9310087 D
9310087 D
9310087 W
9310087 L
9310667 D
9310667 D
9310667 W
9310667 L
9326267 D
9326267 D
9326267 W
9326267 L
9346397 D
9346397 D
9346397 W
9346397 L
9352289 D
9352289 D
9352289 W
9352289 L
9355937 D
9355937 D
9355937 W
9355937 L
9374623 D
9374623 D
9374623 W
9374623 L
9376897 D
9376897 D
9376897 W
9376897 L
9425719 D
9425719 D
9425719 W
9425719 L
9430103 D
9430103 D
9430103 W
9430103 L
9436057 D
9436057 D
9436057 W
9436057 L
9457969 D
9457969 D
9457969 W
9457969 L
9484291 D
9484291 D
9484291 W
9484291 L
9495973 D
9495973 D
9495973 W
9495973 L
9507821 D
9507821 D
9507821 W
9507821 L
9523643 D
9523643 D
9523643 W
9523643 L
9531409 D
9531409 D
9531409 W
9531409 L
9554309 D
9554309 D
9554309 W
9554309 L
9554341 D
9554341 D
9554341 W
9554341 L
9564253 D
9564253 D
9564253 W
9564253 L
9579923 D
9579923 D
9579923 W
9579923 L
9595009 D
9595009 D
9595009 W
9595009 L
9609203 D
9609203 D
9609203 W
9609203 L
9626479 D
9626479 D
9626479 W
9626479 L
9634883 D
9634883 D
9634883 W
9634883 L
9638009 D
9638009 D
9638009 W
9638009 L
9648481 D
9648481 D
9648481 W
9648481 L
9654943 D
9654943 D
9654943 W
9654943 L
9666779 D
9666779 D
9666779 W
9666779 L
9684827 D
9684827 D
9684827 W
9684827 L
9685537 D
9685537 D
9685537 W
9685537 L
9685889 D
9685889 D
9685889 W
9685889 L
9710011 D
9710011 D
9710011 W
9710011 L
9718913 D
9718913 D
9718913 W
9718913 L
9749251 D
9749251 D
9749251 W
9749251 L
9750617 D
9750617 D
9750617 W
9750617 L
9752723 D
9752723 D
9752723 W
9752723 L
9783601 D
9783601 D
9783601 W
9783601 L
9785599 D
9785599 D
9785599 W
9785599 L
9791687 D
9791687 D
9791687 W
9791687 L
9795413 D
9795413 D
9795413 W
9795413 L
9796211 D
9796211 D
9796211 W
9796211 L
9812503 D
9812503 D
9812503 W
9812503 L
9812567 D
9812567 D
9812567 W
9812567 L
9821173 D
9821173 D
9821173 W
9821173 L
9824201 D
9824201 D
9824201 W
9824201 L
9834911 D
9834911 D
9834911 W
9834911 L
9845687 D
9845687 D
9845687 W
9845687 L
9856817 D
9856817 D
9856817 W
9856817 L
9870953 D
9870953 D
9870953 W
9870953 L
9873649 D
9873649 D
9873649 W
9873649 L
9873707 D
9873707 D
9873707 W
9873707 L
9888539 D
9888539 D
9888539 W
9888539 L
9891589 D
9891589 D
9891589 W
9891589 L
9919223 D
9919223 D
9919223 W
9919223 L
9919237 D
9919237 D
9919237 W
9919237 L
9922529 D
9922529 D
9922529 W
9922529 L
9933197 D
9933197 D
9933197 W
9933197 L
9940717 D
9940717 D
9940717 W
9940717 L
9948637 D
9948637 D
9948637 W
9948637 L
9975457 D
9975457 D
9975457 W
9975457 L
9976777 D
9976777 D
9976777 W
9976777 L
9993119 D
9993119 D
9993119 W
9993119 L
9993551 D
9993551 D
9993551 W
9993551 L
9999761 D
9999761 D
9999761 W
9999761 L
