450275354226
488740045 516637801
542031364 500378863
833165373 516637801
105620672 287206924
310387646 599989981
268887243 721316150
270435274 516637801
938886446 19853867
681786846 253727287
929135851 498347832
328030153 516637801
321305441 487775572
179047322 419047648
454852492 759975804
800189393 110161374
709279073 73393763
120423586 468255639
488740045 803741834
182230804 516637801
400786302 348693198
844979803 92376429
583699249 686216314
539315924 617338900
494567590 568420621
554050831 729356646
844138727 22166925
667998312 988220632
783374951 921086829
907415133 827459628
241371136 636066090
791567518 720655114
628553266 907535077
721666236 397989477
819571736 498209559
383672990 825821061
508626576 584757992
182942979 869578082
366326579 225148654
336204308 534105835
151517457 63522570
241222808 339887405
368996895 746026218
915563957 319617073
337441063 102406270
109722368 139657937
40900620 488012073
360411161 101468651
57231995 516637801
791077067 95492878
866630291 516637801
533862977 260884428
820429747 969254391
775047995 516637801
361732501 365838821
280971512 289886348
488740045 299328531
877538743 900936799
830029485 433542553
728679396 558994787
222229763 183703277
698980122 994980166
212897063 310047017
932165540 99787222
502829479 781149963
610019303 963402537
488740045 897175400
843940624 505872403
980430332 599648415
911791863 102865920
105474662 626953536
70956537 531556305
343173868 333188854
722112927 356359161
191065873 15230778
650140191 412175049
631062451 679315482
24064649 895149796
771769999 326830190
962415942 49725481
301016017 112395805
473200312 966621132
227479433 421326358
639868254 11692086
812717794 444984770
413090665 737204320
305836535 141370462
855279090 214399910
547926411 492596684
250470719 311381049
468055769 804027386
989933845 886496418
64296324 352147477
358835601 653879534
382247706 594097294
559916237 516637801
853393290 308296082
885998460 862391256
595307582 765126550
694507646 532375685
826628306 352364823
986360108 376128582
488740045 31366985
34473010 457718569
513496192 279890276
691315253 741017586
413926352 671519147
186830319 913229141
884220313 647801583
702012995 456916833
515492191 628098746
709363036 912912747
472764825 365796304
108969432 759241400
500698635 964447955
495255067 926400239
144989350 333269880
806192911 587010541
232338576 518371052
283551032 840275175
163058117 516637801
17784579 727707749
16129428 830986082
355229005 375285490
140072464 361377660
66038514 280693603
617209165 401076383
704048126 990229395
577330099 474852276
206386025 618958611
488740045 352364187
842253938 336566277
793978002 515526071
825647717 841161164
995922426 185483854
897219680 567121626
202579052 656328953
796195829 694835885
730752487 406812304
419908272 437951574
698292963 585923361
628726512 516637801
934572536 194719509
464903377 711792102
460587179 449179024
829814022 807687822
548176450 638315152
177890448 538169434
624444068 516637801
461343083 516637801
49266524 555475470
323831138 438813667
950373973 836942172
37119203 322963078
55747418 233259021
416015676 232668829
731309451 847186780
239983539 61423067
384739412 663067158
502769931 181200907
839437605 458809643
488740045 620037510
689054763 932214283
46779405 356187869
75856119 450201865
315585488 478445164
11405706 491455662
854204990 516637801
683204067 731505353
338483886 264530524
410798781 516637801
204407440 276698119
485832315 402104961
511627854 120454041
395890215 162319635
907444860 895944567
755652114 468180456
481081046 801254078
862242565 285501322
313420094 865458542
94191784 239013794
432601044 773899638
530697641 916956753
445990279 172584183
864328353 194798627
417008596 757772016
768736997 837571161
787563408 315363336
177809468 793066325
202898010 736757538
488740045 889990244
153179206 452504679
888552933 265763882
160913008 536078479
860471799 819533094
53596850 487624602
338484758 723184135
320832723 488461360
488740045 153872750
236994712 651419364
488740045 144218387
907625780 133455200
320819898 277016717
542453047 186815042
298369490 516637801
640376702 791165978
678143487 549854360
595034209 426933422
566961885 468414133
545852693 394998748
590146060 158057516
264121105 423787570
662063164 414194772
913551646 330303426
488740045 775350575
970952282 556563823
797673445 47377093
212018811 626448194
780409507 702283720
904869213 180872268
683015745 172690366
821022015 308375156
102114171 795249142
36611693 691516793
696472432 394352072
782007914 773653504
321308236 927428794
829114906 615362103
917491168 516637801
989832471 627247048
810732964 915033578
384611984 244484365
488740045 537054175
782990123 220111939
885234826 566976213
130055900 995471904
643518976 209394639
503861361 33876154
71934285 703189756
194153942 952588540
876298273 336974711
847882002 830321067
117580365 180699375
229408084 506458960
50208627 865319308
776999583 812865898
184587901 885822365
951360748 242504985
637836021 222506868
403288043 54349842
593780352 63069591
317729027 607445847
204310649 904142288
501746322 626444989
14493340 562601009
481755769 622662620
665919092 902451492
892911531 494963494
205716916 532856904
287592102 995804459
678737671 219483960
135633834 177202569
764199727 664411044
19069943 811008116
566582690 109426764
488740045 516637801
698044078 764728038
488740045 503262893
494856724 340637729
599019642 137079155
760917581 320539661
783521365 269136829
410173591 516637801
395275830 339057320
488740045 516637801
751026426 217714575
29628840 466861766
853009177 838443048
118313118 918762274
520602922 471985680
178412296 882958206
493256732 130297175
488740045 96478840
854885112 327966685
726949148 144756975
793262781 648760796
99144642 962214240
716747498 56353520
528161527 925156993
159270561 224600085
77719079 891808520
386874654 204865910
64056816 516637801
831870138 651877614
590725003 501355192
614778534 116632349
927721608 550048776
249428529 719057253
921152024 921909866
736212795 661126196
719454182 700551797
697405206 840643013
94977854 934852152
874595840 477099251
953346421 153783852
361468192 19444764
410158078 604241883
513198300 87025169
793737936 944025295
384159226 23771332
292830956 106878408
895512282 551488747
137097979 110192664
43008292 238978049
39516776 295902545
800218384 508341699
249554970 600043467
279735321 700351440
619814734 275063407
473573496 516637801
978978758 906765724
929092819 439912638
348271279 204486560
488740045 552709612
488740045 975216346
638273163 382819525
99295612 940370997
234268420 771488147
578044063 792263086
108533323 635648154
168289644 566243113
26221495 102580043
481178729 384722852
917695751 598526742
216879779 293987340
583367482 762755723
568913206 348787946
488740045 412181313
83580837 575903025
190856088 82870479
279029103 612530956
653677948 13623703
425693628 622993069
29568977 511143528
329298230 204636572
677407756 141347990
313813494 400366876
635100793 409755271
45102641 863778101
727902099 516637801
488740045 604942608
346974781 139722704
846281271 713447729
680097033 516637801
986368645 516637801
900149154 450544555
422180923 993406907
61006210 390685882
980188606 131875982
87074552 996034799
235897207 874524693
365472625 613017402
702093814 157843576
310302684 673197668
488740045 749315474
488740045 155571715
47794218 798304889
783389850 280486252
88750521 444274979
967538088 395133166
111617472 902389294
103077592 402811284
894350772 516637801
108293417 952764153
549958326 930623896
512843672 100471705
261325862 907772531
855089219 516637801
542019724 253351645
346034309 662221800
615040661 213784243
488740045 791085250
565667347 329660623
313430047 332583569
822643072 877053022
585963105 299670380
34861318 253165883
488740045 925076823
320673312 279192581
619114466 516637801
226485223 814307857
449604060 933397336
114630996 507370315
658111990 617562676
646889574 17573163
48074131 207877510
488740045 812353197
814590325 516637801
444996055 923766099
997294647 120041358
938752971 849483961
398550381 853585577
845140843 229075379
86329234 756186292
985109769 444751437
168568551 372509284
623646680 466349754
184162806 459773307
868736736 629692182
226911496 435821624
361534756 974068901
783496493 197614239
787999409 929704279
651296626 917405584
528765776 847196625
587747558 586388919
462256558 658759011
984806293 485843585
873215584 957164081
251200401 403828718
938437884 951650758
363418933 610948549
804630861 679844205
377615715 849595985
440403696 843710621
866843515 234127330
836851094 294010092
862708216 178726172
338662012 615348695
488740045 516637801
550579397 516637801
296934659 536303666
916681497 612838376
840291720 308949853
519608939 773199547
273744922 716357418
184701369 245989001
744219814 862368815
762122275 806212674
488740045 819336738
992358045 773492856
818980741 421369829
474845216 142687919
244225225 972582068
212904519 676162234
518002395 62011720
868244522 609119950
488740045 475191409
994246760 552096739
648388431 372778764
139140470 492269379
56433481 238550331
488740045 516637801
32494586 340480307
964434282 294972040
764585580 702535335
258173568 194030280
942259509 529662785
732665126 927867345
809502389 794762741
488740045 516637801
68590184 218114603
343180827 56366034
542671634 453276206
758044778 329052498
983336074 125588772
327650095 455114221
201969832 952175909
120258442 379080318
508397080 171967738
829932097 157897758
672918814 297006573
728262579 872966417
29071362 382014817
163998783 760154847
812962058 367334331
483015452 516637801
153146632 229481798
462788303 516637801
529155811 799004956
391761949 753134775
317857236 374618265
3416793 549207397
398153663 320210554
901476077 182767033
359126083 516637801
373111869 25237985
75825798 504331961
227372221 516637801
932009137 247674710
488740045 790664036
62029855 982092092
111535133 229945076
392180996 432956291
91268649 450253634
729974558 591837084
651971118 707800692
166864533 953078487
165179379 657996058
64618858 818435796
232813191 516637801
557525626 997674262
881544226 434110568
904814481 251600187
636825472 516637801
716661257 54682240
275238795 16605408
133076982 878860658
388511490 519309942
443546803 467018613
613419713 12119887
442459596 468156330
282954079 49056690
176103371 849018230
835055105 366493337
963618959 770951217
107828536 567428062
620395446 516637801
941506179 488219483
541937809 239450425
262295580 137186645
228235525 918241669
747326888 220992239
488740045 769715844
235926981 681687617
233993007 516785186
778239477 516637801
678077090 383869580
654037025 877153307
130909952 642835386
55228571 386552074
431770742 857522201
202751768 922536659
488740045 530202547
547825741 297241534
326267184 819099120
103034594 516637801
298906182 828194412
537136137 958316784
914969083 797952298
515552949 725279216
488740045 941821554
147825340 693615264
144444114 575552613
879711947 401935698
969438544 973585200
282245233 530206578
308873986 842453087
459564404 390260824
721808190 36547915
708354713 336955156
488740045 897197828
635996338 322639066
488740045 693315810
488740045 680023279
147714628 642763111
430578821 696863314
81583722 186386531
614189556 457223470
521367225 184604610
955035294 689167123
478329236 116898263
93737462 692275160
488740045 680430863
639462754 775091531
573889056 474019617
365715306 687250248
488740045 877588607
272414034 172140519
665071097 835779167
230228841 10569856
979598896 798713901
118052320 700814230
927757351 497293897
605117645 677813685
488740045 179533942
36696804 55215940
330968475 626314492
725835285 256801544
747281184 970364486
64514953 993870298
546821454 60592077
963819883 23442478
488740045 423895071
136958098 575443503
471149234 660654399
125410212 337805290
920686504 406479483
798087087 172379220
543964421 94727815
249507991 516637801
459816841 940965273
494660626 61156359
482493610 422397078
739284870 541796507
971792967 765557387
296604148 185455410
449504093 895325543
491455217 185510619
488740045 873986552
784314264 807568455
667388663 82800904
888241837 892544527
241245922 212916488
330998200 955804265
536337512 516637801
488740045 799111283
94617167 135250162
488740045 537294679
927160475 397435738
344670951 516637801
767068233 868492992
260402525 633829903
885121161 201698196
402689422 517227513
488740045 194042104
459035298 857996285
386917078 615084388
461415097 588772592
488740045 976490493
939356 488317067
488740045 566209566
378737490 537954398
555759468 604591197
947996900 161602350
391485804 516637801
689469520 79010970
640530716 693568126
754235478 685298384
824593921 651491262
356594604 457869288
950984404 691719352
542995874 451624411
753426730 606428613
110820917 702555456
376172662 397493356
488740045 276235902
513196000 196877122
232104296 965503896
488740045 92657007
488740045 190549509
779243282 995152103
646630244 427884458
247784171 673390027
630485937 570180711
826868932 316438976
727205344 545892509
791894955 516637801
466095911 262048630
313427507 524823121
149629204 30426676
875101466 882305224
589013887 560132253
93170746 648559615
422179627 106854987
223159181 387610051
335094976 934543216
264567450 159738738
378572849 516637801
116568375 724350998
308784297 144129770
834643873 458693963
710436943 409447470
19922576 43826564
245897357 516637801
822484334 303292717
721471247 518603205
687288114 633791265
249969426 712794755
47342088 227149489
716121138 456874951
919020294 41880401
222715429 577594312
623331434 516637801
491944086 785154614
367429817 606118268
488740045 978850830
729175878 72951270
764893980 516637801
567932230 114002353
631002428 88549348
893889213 718955170
222068490 273427615
514242918 177541319
770265247 622066246
101503731 841705009
313576460 761966512
643614775 819521277
488740045 516637801
650398812 43458747
450578785 315271405
530729860 773969771
871759377 516637801
475680159 358330140
896501445 20107055
135401227 516637801
765893107 632407579
727560493 692229371
881811091 395363645
833529069 996193365
116784771 183391471
488740045 516637801
565682227 336840976
215214120 778543964
141610739 366245717
390886255 656141811
490200389 780906493
721246614 169084170
733971915 248039345
363551691 516637801
968793320 50389365
906404756 372602383
359670147 246124637
245384848 968888793
402620074 297394605
738345500 704002979
106805901 691971406
924140061 926538472
189245401 999544837
202556125 531414430
747766994 872028758
553765306 489342368
914335229 721328279
115179415 261646188
378171834 349080988
406393842 311637694
748960309 516637801
536146781 41705639
848377897 292576483
322489631 491665731
244327102 578199192
352383399 49389371
799912153 156148969
692763607 43901067
611964570 607106895
32888486 29741936
311860204 602686583
58196573 558537158
112002640 48860683
139230116 948989456
609392720 828356726
488740045 912151892
901150315 762058113
488740045 406537005
970714460 630650034
62274221 519942144
517879326 671470255
364688012 686886412
492587030 216993584
488740045 291082065
342103806 167087804
182177845 749545576
48253033 827517409
384545237 990836797
68889219 703822502
381957468 33899619
697132894 848552145
84239411 119163803
186556811 908377776
488740045 202878753
180940580 633409407
748879718 340865137
941208988 47295362
904409960 922983592
655054898 874541205
291000099 185620081
605966566 475045140
417061764 330935318
756575368 828379528
650995277 860382775
197648972 578171207
450482557 803581859
382042330 381238301
759407984 504511335
67951428 538969420
67502253 579788213
693217851 237650094
575749244 135954596
347487869 516637801
478001621 314834167
400791340 542026996
450938315 431613187
24479899 319803339
198272881 592489290
61877061 162965585
828340297 620462871
154740449 552619146
983246427 516637801
268233164 834906134
419895994 299639670
929010234 330193213
334497245 507122341
699973312 750470295
735276022 108776398
488740045 783965709
778370409 588027130
103956624 807841207
558239908 867496659
525803438 195269132
582659602 668388804
130079891 529923242
751169487 326925994
755126446 69539255
996539804 722922781
494251828 462405758
682464058 190265561
793410560 428658391
488740045 439320638
456287570 732020560
488740045 697553864
488740045 237923215
167297706 643184369
641688851 516637801
163083426 940787821
430997726 265763037
842592851 164001238
555593122 842658937
719770181 162711456
155921282 463857570
452131821 943344092
365604286 120946580
618359486 293895563
328967277 838791256
47773823 778721202
997287875 588528080
522391906 126327373
584021836 713909333
449540581 617372362
918971730 109685909
208741489 405422602
226246665 420163909
48604848 556345963
484380869 737016872
146720948 622529048
372957199 675752439
374959898 516637801
407757524 516637801
858320098 566427790
928646154 69943391
555834182 237060107
685051804 472779520
242668867 6832071
353686570 276723506
460967347 695850190
326277816 398650867
31677326 743175476
977846932 643664585
756254731 573401599
452682510 600031022
21983606 71202331
837814519 315324229
918286638 516637801
488740045 563714406
461805484 742582022
18622041 962768575
319786902 46841598
152787410 640044050
590522463 720757564
235595189 425019962
409286940 594182055
488740045 238575155
733726899 460192561
232152612 834124436
126505165 384362227
879689801 730196270
754938025 173507108
545777567 216982914
536742083 139876643
295029405 773625931
548484720 715818424
867229713 121767089
665303517 142032248
357925112 87045932
858421274 945110889
48707772 427379922
888642597 706975889
110359913 74933065
44265318 651633056
653724092 947120044
19668952 143320574
67116514 587223340
558083936 458603119
347466854 745997546
144117700 377323770
194055431 287214528
657151341 74739284
891497759 149804383
269624375 516637801
492144558 14218177
146663222 279144273
270029319 68803845
871168293 116983108
390412867 630927833
913144344 587483946
724171755 738922343
942038062 637815467
916178163 757560219
597610978 527597765
490196045 645631271
551680858 730355497
204758276 154175915
813169199 155367925
848624275 882856213
394087788 858271590
473473011 519940059
302819673 262273618
765597627 850188176
812777746 618149525
847692962 238577624
367748305 422729676
493709229 516637801
305767931 341493996
432828083 289940163
634477836 104524114
496610814 516637801
366946145 219785149
420646859 336839251
92449109 141321713
290215450 444974110
464610255 962115731
608063411 136027329
577450268 933510083
487710343 452086484
466678844 841781046
488740045 418886843
44522025 344969078
488740045 622873261
752666079 693555774
384480387 218192613
661897110 802864794
817191533 848499303
967469692 409320694
488740045 516637801
608308396 738329797
75756749 618384033
455033284 565498571
550241427 263678765
170861809 80774308
427983472 516515507
627180490 859353101
782763668 222545060
105440335 9380090
488740045 607914981
307491085 725199299
693191083 341969061
139909633 413986924
325831076 863484622
106048457 249357197
404707652 896349340
488740045 44192362
834080050 559335821
164526618 780892257
357518017 712290422
675949120 513165512
259343397 908849106
312335697 832509072
123748506 221267223
413864664 454597693
504335363 530620781
307258046 592600945
917600042 315018936
271395760 532937582
488740045 834369023
488740045 764647962
783798695 255831156
190659375 501723724
259426785 838894967
664731573 320098901
430342767 190040710
317838788 601242207
182105007 535758220
909254163 944710801
127193760 720180547
488740045 525056558
416869989 516637801
325392420 783248536
717645204 516637801
100676029 16987058
268805632 88579198
521667587 349050152
505544535 945959126
927918604 87570674
865398398 522620569
463808549 268436931
907732437 305296089
610970352 100006163
23074049 993870162
907324578 734697230
387739953 851818416
215317593 282778132
546681500 218739611
341785025 498567260
22318671 356496102
682173808 838338192
366962666 516637801
633057335 531495433
274975744 938923101
257393539 848558630
594263778 570730516
38220114 716659262
704119881 801793307
466904809 308683130
