3341
2 W
2 W
2 W
2 W
2 W
2 W
2 W
2 W
2 W
2 W
2 W
2 W
2 W
2 W
2 W
2 W
2 W
2 W
2 W
2 W
2 W
2 W
2 W
2 W
2 W
2 W
2 W
2 W
2 W
2 W
2 W
2 W
2 W
2 W
2 W
2 W
2 W
2 W
2 W
2 W
2 W
2 W
2 W
2 W
2 W
2 W
2 W
2 W
2 W
2 W
2 W
2 W
2 W
2 W
2 W
2 W
2 W
2 W
2 W
2 W
2 W
2 W
2 W
2 W
2 W
2 W
2 W
2 W
2 W
2 W
2 W
2 W
2 W
2 W
2 W
2 W
2 W
2 W
2 W
2 W
2 W
2 W
2 W
2 W
2 W
2 W
2 W
2 W
2 W
2 W
2 W
2 W
2 W
2 W
2 W
2 W
2 W
2 W
2 W
2 W
2 W
2 W
2 W
2 W
2 W
2 W
2 W
2 W
2 W
2 W
2 W
2 W
2 W
2 W
2 W
2 W
2 W
2 W
2 W
2 W
2 W
2 W
2 W
3 W
3 W
3 W
3 W
3 W
3 W
3 W
3 W
3 W
3 W
3 W
3 W
3 W
3 W
3 W
3 W
3 W
3 W
3 W
3 W
3 W
3 W
3 W
3 W
3 W
3 W
3 W
3 W
3 W
3 W
3 W
3 W
3 W
3 W
3 W
3 W
3 W
3 W
3 W
3 W
3 W
3 W
3 W
3 W
3 W
3 W
3 W
3 W
3 W
3 W
3 W
3 W
3 W
3 W
3 W
3 W
3 W
3 W
3 W
3 W
3 W
3 W
3 W
3 W
3 W
5 W
5 W
5 W
5 W
5 W
5 W
5 W
5 W
5 W
5 W
5 W
5 W
5 W
5 W
5 W
5 W
5 W
5 W
5 W
5 W
5 W
5 W
5 W
5 W
5 W
5 W
5 W
5 D
5 W
7 W
7 W
7 W
7 W
7 W
7 W
7 W
7 W
7 W
7 W
7 W
7 W
7 W
7 W
7 W
7 W
7 W
7 W
7 W
7 W
7 D
7 W
11 W
11 W
11 W
11 W
11 W
11 W
11 W
11 W
11 W
11 W
11 W
11 W
11 W
11 D
11 W
13 W
13 W
13 W
13 W
13 W
13 W
13 W
17 W
17 W
17 W
17 W
17 W
17 W
17 W
17 W
17 W
19 W
19 W
19 W
19 W
19 W
19 W
19 W
19 W
19 W
19 W
23 W
23 W
23 W
29 W
29 W
29 W
29 D
29 W
31 W
31 W
37 W
37 W
37 W
41 W
41 W
41 W
41 D
41 W
43 W
43 W
43 W
43 W
43 D
43 W
47 W
53 W
53 W
53 W
59 W
59 W
61 W
61 W
67 W
67 W
67 W
71 W
71 W
71 D
71 W
73 W
73 W
73 D
73 W
79 W
79 W
83 W
83 W
83 D
83 W
89 W
89 D
89 W
97 W
97 D
97 W
101 D
101 W
103 W
103 W
107 W
107 D
107 W
109 D
109 W
113 W
127 W
127 D
127 W
131 W
131 W
131 D
131 W
137 W
137 W
151 D
151 W
163 D
163 W
173 W
181 D
181 W
191 D
191 W
193 D
193 W
197 W
199 W
211 W
223 W
227 W
227 W
229 D
229 W
233 D
233 W
239 D
239 W
257 D
257 W
269 D
269 W
271 D
271 W
277 W
281 W
317 D
317 W
331 D
331 W
349 D
349 W
353 W
359 D
359 W
367 D
367 W
389 D
389 W
449 D
449 W
463 D
463 W
479 D
479 W
487 D
487 W
491 D
491 W
521 W
523 D
523 W
547 D
547 W
563 D
563 W
569 D
569 W
571 D
571 W
587 D
587 W
641 W
647 D
647 W
673 D
673 W
691 D
691 W
701 D
701 W
709 D
709 W
733 D
733 W
773 D
773 W
797 D
797 W
937 D
937 W
1019 D
1019 W
1031 D
1031 W
1061 D
1061 W
1091 D
1091 W
1109 D
1109 W
1129 D
1129 W
1231 W
1291 D
1291 W
1327 D
1327 W
1373 D
1373 W
1487 D
1487 W
1489 W
1493 D
1493 W
1511 D
1511 W
1597 D
1597 W
1613 D
1613 W
1669 D
1669 W
1783 D
1783 W
1861 D
1861 W
1867 D
1867 W
1871 D
1871 W
1931 D
1931 W
1973 D
1973 W
2111 D
2111 W
2131 D
2131 W
2339 D
2339 W
2351 D
2351 W
2531 D
2531 W
2557 D
2557 W
2659 D
2659 W
2699 D
2699 W
2767 D
2767 W
2789 D
2789 W
3301 D
3301 W
3673 D
3673 W
3803 D
3803 W
3823 D
3823 W
3851 D
3851 W
3967 D
3967 W
4099 D
4099 W
4139 D
4139 W
4243 D
4243 W
4357 D
4357 W
4603 D
4603 W
5051 D
5051 W
5273 W
5333 W
5519 D
5519 W
5851 D
5851 W
5939 D
5939 W
6079 D
6079 W
6131 D
6131 W
6263 D
6263 W
6451 D
6451 W
6997 D
6997 W
7121 D
7121 W
7283 D
7283 W
7639 D
7639 W
7727 D
7727 W
8123 D
8123 W
9689 D
9689 W
9719 D
9719 W
9721 D
9721 W
9791 D
9791 W
9929 D
9929 W
9941 D
9941 W
10357 D
10357 W
10949 D
10949 W
11833 D
11833 W
11909 D
11909 W
12211 D
12211 W
12277 D
12277 W
13417 D
13417 W
13883 D
13883 W
14543 D
14543 W
15091 D
15091 W
15227 D
15227 W
15307 D
15307 W
15331 D
15331 W
15803 D
15803 W
15973 D
15973 W
16091 D
16091 W
18217 D
18217 W
18251 D
18251 W
18481 D
18481 W
19211 D
19211 W
19609 D
19609 W
20407 D
20407 W
21377 D
21377 W
22871 D
22871 W
24469 D
24469 W
24977 D
24977 W
25919 D
25919 W
27751 D
27751 W
27883 D
27883 W
27983 D
27983 W
28211 D
28211 W
28493 D
28493 W
28729 D
28729 W
30817 D
30817 W
31223 D
31223 W
33151 D
33151 W
33161 D
33161 W
34613 D
34613 W
36389 D
36389 W
37693 D
37693 W
37897 D
37897 W
39097 D
39097 W
40087 D
40087 W
42157 D
42157 W
42451 D
42451 W
43067 D
43067 W
45821 D
45821 W
46757 D
46757 W
47563 D
47563 W
49031 D
49031 W
51521 D
51521 W
54371 D
54371 W
56311 D
56311 W
58363 D
58363 W
59029 D
59029 W
61657 D
61657 W
61967 D
61967 W
62303 D
62303 W
65899 D
65899 W
67943 D
67943 W
70009 D
70009 W
71987 D
71987 W
73907 D
73907 W
74131 D
74131 W
81349 D
81349 W
86399 D
86399 W
89017 D
89017 W
95783 D
95783 W
108401 D
108401 W
120091 D
120091 W
122029 D
122029 W
127249 D
127249 W
127261 D
127261 W
130043 D
130043 W
137597 D
137597 W
155473 D
155473 W
163637 D
163637 W
163753 D
163753 W
173807 D
173807 W
179021 D
179021 W
189041 D
189041 W
196171 D
196171 W
197699 D
197699 W
203309 D
203309 W
218531 D
218531 W
230863 D
230863 W
235621 D
235621 W
235723 D
235723 W
241663 D
241663 W
243517 D
243517 W
258241 D
258241 W
271553 D
271553 W
294053 D
294053 W
361927 D
361927 W
380327 D
380327 W
416149 D
416149 W
416677 D
416677 W
428579 D
428579 W
461257 D
461257 W
489449 D
489449 W
496187 D
496187 W
527203 D
527203 W
533033 D
533033 W
568097 D
568097 W
664687 D
664687 W
726137 D
726137 W
777313 D
777313 W
832673 D
832673 W
846661 D
846661 W
882061 D
882061 W
897563 D
897563 W
939439 D
939439 W
1010237 D
1010237 W
1098341 D
1098341 W
1166729 D
1166729 W
1212397 D
1212397 W
1257689 D
1257689 W
1274323 D
1274323 W
1352669 D
1352669 W
1517611 D
1517611 W
1685323 D
1685323 W
1716359 D
1716359 W
1739359 D
1739359 W
1889551 D
1889551 W
1996283 D
1996283 W
2028277 D
2028277 W
2056777 D
2056777 W
2058163 D
2058163 W
2132857 D
2132857 W
2215399 D
2215399 W
2264593 D
2264593 W
2288173 D
2288173 W
2389279 D
2389279 W
2564633 D
2564633 W
2964347 D
2964347 W
2975183 D
2975183 W
2989799 D
2989799 W
3403199 D
3403199 W
3433537 D
3433537 W
3586493 D
3586493 W
3736877 D
3736877 W
3953909 D
3953909 W
5355011 D
5355011 W
6581149 D
6581149 W
6973877 D
6973877 W
6989617 D
6989617 W
7254347 D
7254347 W
7475089 D
7475089 W
9368483 D
9368483 W
9492143 D
9492143 W
2 L
2 L
2 L
2 L
2 L
2 L
2 L
2 L
2 L
2 L
2 L
2 L
2 L
2 L
2 L
2 L
2 L
2 L
2 L
2 L
2 L
2 L
2 L
2 L
2 L
2 L
2 L
2 L
2 L
2 L
2 L
2 L
2 L
2 L
2 L
2 L
2 L
2 L
2 L
2 L
2 L
2 L
2 L
2 L
2 L
2 L
2 L
2 L
2 L
2 L
2 L
2 L
2 L
2 L
2 L
2 L
2 L
2 L
2 L
2 L
2 L
2 L
2 L
2 L
2 L
2 L
2 L
2 L
2 L
2 L
2 L
2 L
2 L
2 L
2 L
2 L
2 L
2 L
2 L
2 L
2 L
2 L
2 L
2 L
2 L
2 L
2 L
2 L
2 L
2 L
2 L
2 L
2 L
2 L
2 L
2 L
2 L
2 L
2 L
2 L
2 L
2 L
2 L
2 L
2 L
2 L
2 L
2 L
2 L
2 L
2 L
2 L
2 L
2 L
2 L
2 L
2 L
2 L
2 L
2 L
2 L
2 L
2 L
2 L
2 L
2 L
2 L
2 L
2 L
2 L
2 L
2 L
2 L
2 L
2 L
2 L
2 L
2 L
2 L
2 L
2 L
2 L
2 L
2 L
2 L
2 L
2 L
2 L
2 L
2 L
2 L
2 L
2 L
2 L
2 L
2 L
2 L
2 L
2 L
2 L
2 L
2 L
2 L
2 L
2 L
2 L
2 L
2 L
2 L
2 L
2 L
2 L
2 L
2 L
2 L
2 L
2 L
2 L
2 L
2 L
2 L
3 L
3 L
3 L
3 L
3 L
3 L
3 L
3 L
3 L
3 L
3 L
3 L
3 L
3 L
3 L
3 L
3 L
3 L
3 L
3 L
3 L
3 L
3 L
3 L
3 L
3 L
3 L
3 L
3 L
3 L
3 L
3 L
3 L
3 L
3 L
3 L
3 L
3 L
3 L
3 L
3 L
3 L
3 L
3 L
3 L
3 L
3 L
3 L
3 L
3 L
3 L
3 L
3 L
3 L
3 L
3 L
3 L
3 L
3 L
3 L
3 L
3 L
3 L
3 L
3 L
3 L
3 L
3 L
3 L
3 L
3 L
3 L
3 L
3 L
3 L
3 L
3 L
3 L
3 L
3 L
3 L
3 L
3 L
3 L
3 L
3 L
3 L
3 L
3 L
3 L
5 L
5 L
5 L
5 L
5 L
5 L
5 L
5 L
5 L
5 L
5 L
5 L
5 L
5 L
5 L
5 L
5 L
5 L
5 L
5 L
5 L
5 L
5 L
5 L
5 L
5 L
5 L
5 L
5 L
5 L
5 L
5 L
5 L
5 L
5 L
5 L
5 L
5 L
5 L
5 L
5 L
5 L
5 L
5 L
5 L
5 L
5 L
5 D
5 D
5 W
5 L
7 L
7 L
7 L
7 L
7 L
7 L
7 L
7 L
7 L
7 L
7 L
7 L
7 L
7 L
7 L
7 L
7 L
7 L
7 L
7 L
7 L
7 L
7 L
7 L
7 L
7 L
7 L
7 L
7 L
7 L
7 L
7 L
11 L
11 L
11 L
11 L
11 L
11 L
11 L
11 L
11 L
11 L
11 L
11 L
11 L
11 L
11 L
11 L
11 L
11 L
11 L
11 L
11 L
13 L
13 L
13 L
13 L
13 L
13 L
13 L
13 L
13 L
13 L
13 L
13 L
13 L
13 L
13 L
13 L
13 L
13 L
13 D
13 D
13 W
13 L
17 L
17 L
17 L
17 L
17 L
17 L
17 L
17 L
17 L
17 L
17 L
17 L
17 L
19 L
19 L
19 L
19 L
19 L
19 L
19 L
19 L
19 L
19 L
19 L
19 L
19 L
23 L
23 L
23 L
23 L
23 D
23 D
23 W
23 L
29 L
29 L
29 L
29 L
29 L
29 L
29 D
29 D
29 W
29 L
31 L
31 L
31 L
31 L
31 L
31 L
31 L
37 L
37 L
37 L
37 L
37 L
37 L
37 L
41 L
41 L
41 L
41 L
41 L
43 L
43 L
43 L
43 L
43 D
43 D
43 W
43 L
47 L
47 L
47 L
47 L
53 L
53 L
53 L
53 L
59 L
59 L
59 L
59 L
59 D
59 D
59 W
59 L
61 L
61 L
61 L
61 L
61 L
61 L
67 L
67 L
67 L
67 L
71 L
71 L
71 L
71 L
73 L
73 L
73 L
79 L
79 L
79 L
83 L
83 L
83 L
83 L
89 L
89 L
89 D
89 D
89 W
89 L
97 L
97 L
97 L
97 L
101 L
101 L
103 L
103 L
103 D
103 D
103 W
103 L
107 L
107 L
107 L
109 D
109 D
109 W
109 L
113 L
113 D
113 D
113 W
113 L
127 L
127 L
127 D
127 D
127 W
127 L
131 L
131 L
131 L
137 L
137 L
139 L
149 D
149 D
149 W
149 L
151 L
151 D
151 D
151 W
151 L
157 D
157 D
157 W
157 L
163 L
163 L
173 L
179 D
179 D
179 W
179 L
181 D
181 D
181 W
181 L
191 L
191 D
191 D
191 W
191 L
193 L
193 D
193 D
193 W
193 L
197 L
197 D
197 D
197 W
197 L
199 L
211 L
223 L
223 D
223 D
223 W
223 L
227 L
229 D
229 D
229 W
229 L
233 L
239 D
239 D
239 W
239 L
241 D
241 D
241 W
241 L
257 L
257 L
257 D
257 D
257 W
257 L
269 L
269 L
271 D
271 D
271 W
271 L
277 D
277 D
277 W
277 L
281 L
283 D
283 D
283 W
283 L
311 D
311 D
311 W
311 L
313 D
313 D
313 W
313 L
317 D
317 D
317 W
317 L
331 L
347 D
347 D
347 W
347 L
349 D
349 D
349 W
349 L
353 L
359 D
359 D
359 W
359 L
367 L
373 L
379 D
379 D
379 W
379 L
389 L
409 L
421 D
421 D
421 W
421 L
433 L
443 D
443 D
443 W
443 L
449 D
449 D
449 W
449 L
463 D
463 D
463 W
463 L
467 D
467 D
467 W
467 L
479 D
479 D
479 W
479 L
487 D
487 D
487 W
487 L
491 D
491 D
491 W
491 L
503 D
503 D
503 W
503 L
509 D
509 D
509 W
509 L
521 D
521 D
521 W
521 L
523 L
541 D
541 D
541 W
541 L
547 L
563 D
563 D
563 W
563 L
569 D
569 D
569 W
569 L
571 D
571 D
571 W
571 L
587 L
599 D
599 D
599 W
599 L
613 L
619 D
619 D
619 W
619 L
641 D
641 D
641 W
641 L
647 L
653 D
653 D
653 W
653 L
673 D
673 D
673 W
673 L
691 D
691 D
691 W
691 L
701 D
701 D
701 W
701 L
709 D
709 D
709 W
709 L
719 D
719 D
719 W
719 L
733 D
733 D
733 W
733 L
743 D
743 D
743 W
743 L
751 D
751 D
751 W
751 L
769 D
769 D
769 W
769 L
773 D
773 D
773 W
773 L
787 D
787 D
787 W
787 L
797 D
797 D
797 W
797 L
823 D
823 D
823 W
823 L
829 D
829 D
829 W
829 L
863 L
863 D
863 D
863 W
863 L
877 D
877 D
877 W
877 L
883 D
883 D
883 W
883 L
907 D
907 D
907 W
907 L
937 D
937 D
937 W
937 L
971 D
971 D
971 W
971 L
983 D
983 D
983 W
983 L
1019 D
1019 D
1019 W
1019 L
1031 D
1031 D
1031 W
1031 L
1039 D
1039 D
1039 W
1039 L
1061 D
1061 D
1061 W
1061 L
1091 D
1091 D
1091 W
1091 L
1097 D
1097 D
1097 W
1097 L
1109 D
1109 D
1109 W
1109 L
1129 D
1129 D
1129 W
1129 L
1151 D
1151 D
1151 W
1151 L
1193 D
1193 D
1193 W
1193 L
1231 L
1237 D
1237 D
1237 W
1237 L
1277 D
1277 D
1277 W
1277 L
1291 D
1291 D
1291 W
1291 L
1297 D
1297 D
1297 W
1297 L
1321 D
1321 D
1321 W
1321 L
1327 D
1327 D
1327 W
1327 L
1373 L
1429 D
1429 D
1429 W
1429 L
1487 D
1487 D
1487 W
1487 L
1489 D
1489 D
1489 W
1489 L
1493 D
1493 D
1493 W
1493 L
1499 D
1499 D
1499 W
1499 L
1511 D
1511 D
1511 W
1511 L
1543 D
1543 D
1543 W
1543 L
1549 D
1549 D
1549 W
1549 L
1597 D
1597 D
1597 W
1597 L
1601 D
1601 D
1601 W
1601 L
1613 D
1613 D
1613 W
1613 L
1627 D
1627 D
1627 W
1627 L
1669 D
1669 D
1669 W
1669 L
1759 D
1759 D
1759 W
1759 L
1783 D
1783 D
1783 W
1783 L
1861 D
1861 D
1861 W
1861 L
1867 D
1867 D
1867 W
1867 L
1871 D
1871 D
1871 W
1871 L
1931 D
1931 D
1931 W
1931 L
1973 D
1973 D
1973 W
1973 L
1979 L
2003 D
2003 D
2003 W
2003 L
2111 D
2111 D
2111 W
2111 L
2131 D
2131 D
2131 W
2131 L
2153 D
2153 D
2153 W
2153 L
2179 L
2339 D
2339 D
2339 W
2339 L
2351 D
2351 D
2351 W
2351 L
2381 D
2381 D
2381 W
2381 L
2417 D
2417 D
2417 W
2417 L
2531 L
2557 D
2557 D
2557 W
2557 L
2591 D
2591 D
2591 W
2591 L
2659 D
2659 D
2659 W
2659 L
2699 D
2699 D
2699 W
2699 L
2719 D
2719 D
2719 W
2719 L
2767 D
2767 D
2767 W
2767 L
2789 D
2789 D
2789 W
2789 L
2861 D
2861 D
2861 W
2861 L
2927 D
2927 D
2927 W
2927 L
3001 D
3001 D
3001 W
3001 L
3137 D
3137 D
3137 W
3137 L
3209 D
3209 D
3209 W
3209 L
3271 D
3271 D
3271 W
3271 L
3301 L
3307 D
3307 D
3307 W
3307 L
3413 D
3413 D
3413 W
3413 L
3581 D
3581 D
3581 W
3581 L
3593 D
3593 D
3593 W
3593 L
3637 D
3637 D
3637 W
3637 L
3673 D
3673 D
3673 W
3673 L
3677 D
3677 D
3677 W
3677 L
3691 D
3691 D
3691 W
3691 L
3761 D
3761 D
3761 W
3761 L
3779 D
3779 D
3779 W
3779 L
3803 D
3803 D
3803 W
3803 L
3823 D
3823 D
3823 W
3823 L
3851 D
3851 D
3851 W
3851 L
3911 D
3911 D
3911 W
3911 L
3967 D
3967 D
3967 W
3967 L
4021 D
4021 D
4021 W
4021 L
4051 D
4051 D
4051 W
4051 L
4099 D
4099 D
4099 W
4099 L
4139 D
4139 D
4139 W
4139 L
4231 D
4231 D
4231 W
4231 L
4243 D
4243 D
4243 W
4243 L
4273 D
4273 D
4273 W
4273 L
4357 D
4357 D
4357 W
4357 L
4547 D
4547 D
4547 W
4547 L
4583 D
4583 D
4583 W
4583 L
4603 D
4603 D
4603 W
4603 L
4621 D
4621 D
4621 W
4621 L
4787 D
4787 D
4787 W
4787 L
5051 D
5051 D
5051 W
5051 L
5273 D
5273 D
5273 W
5273 L
5309 D
5309 D
5309 W
5309 L
5333 D
5333 D
5333 W
5333 L
5347 D
5347 D
5347 W
5347 L
5387 D
5387 D
5387 W
5387 L
5483 D
5483 D
5483 W
5483 L
5519 D
5519 D
5519 W
5519 L
5527 D
5527 D
5527 W
5527 L
5639 D
5639 D
5639 W
5639 L
5843 D
5843 D
5843 W
5843 L
5851 D
5851 D
5851 W
5851 L
5939 D
5939 D
5939 W
5939 L
6079 D
6079 D
6079 W
6079 L
6131 D
6131 D
6131 W
6131 L
6263 D
6263 D
6263 W
6263 L
6361 L
6451 D
6451 D
6451 W
6451 L
6571 D
6571 D
6571 W
6571 L
6883 D
6883 D
6883 W
6883 L
6997 D
6997 D
6997 W
6997 L
7121 D
7121 D
7121 W
7121 L
7283 D
7283 D
7283 W
7283 L
7541 D
7541 D
7541 W
7541 L
7561 D
7561 D
7561 W
7561 L
7639 D
7639 D
7639 W
7639 L
7727 D
7727 D
7727 W
7727 L
8123 D
8123 D
8123 W
8123 L
8233 D
8233 D
8233 W
8233 L
8447 D
8447 D
8447 W
8447 L
8731 D
8731 D
8731 W
8731 L
8933 D
8933 D
8933 W
8933 L
9377 D
9377 D
9377 W
9377 L
9631 D
9631 D
9631 W
9631 L
9689 D
9689 D
9689 W
9689 L
9719 D
9719 D
9719 W
9719 L
9721 D
9721 D
9721 W
9721 L
9791 D
9791 D
9791 W
9791 L
9929 D
9929 D
9929 W
9929 L
9941 D
9941 D
9941 W
9941 L
10039 D
10039 D
10039 W
10039 L
10357 D
10357 D
10357 W
10357 L
10949 D
10949 D
10949 W
10949 L
11027 D
11027 D
11027 W
11027 L
11057 D
11057 D
11057 W
11057 L
11833 D
11833 D
11833 W
11833 L
11909 D
11909 D
11909 W
11909 L
11927 D
11927 D
11927 W
11927 L
12049 D
12049 D
12049 W
12049 L
12211 D
12211 D
12211 W
12211 L
12277 D
12277 D
12277 W
12277 L
12517 D
12517 D
12517 W
12517 L
13297 D
13297 D
13297 W
13297 L
13417 D
13417 D
13417 W
13417 L
13883 D
13883 D
13883 W
13883 L
14221 D
14221 D
14221 W
14221 L
14543 D
14543 D
14543 W
14543 L
14827 D
14827 D
14827 W
14827 L
15091 D
15091 D
15091 W
15091 L
15227 D
15227 D
15227 W
15227 L
15307 D
15307 D
15307 W
15307 L
15331 D
15331 D
15331 W
15331 L
15803 D
15803 D
15803 W
15803 L
15973 D
15973 D
15973 W
15973 L
15991 D
15991 D
15991 W
15991 L
16057 D
16057 D
16057 W
16057 L
16091 D
16091 D
16091 W
16091 L
16319 D
16319 D
16319 W
16319 L
16883 D
16883 D
16883 W
16883 L
17159 D
17159 D
17159 W
17159 L
17419 L
18217 D
18217 D
18217 W
18217 L
18251 D
18251 D
18251 W
18251 L
18481 D
18481 D
18481 W
18481 L
18749 D
18749 D
18749 W
18749 L
19211 D
19211 D
19211 W
19211 L
19457 D
19457 D
19457 W
19457 L
19609 D
19609 D
19609 W
19609 L
19961 D
19961 D
19961 W
19961 L
20407 D
20407 D
20407 W
20407 L
20719 D
20719 D
20719 W
20719 L
21377 D
21377 D
21377 W
21377 L
22093 D
22093 D
22093 W
22093 L
22871 D
22871 D
22871 W
22871 L
23099 D
23099 D
23099 W
23099 L
24359 D
24359 D
24359 W
24359 L
24469 D
24469 D
24469 W
24469 L
24977 D
24977 D
24977 W
24977 L
25349 L
25453 D
25453 D
25453 W
25453 L
25919 D
25919 D
25919 W
25919 L
26627 D
26627 D
26627 W
26627 L
27751 D
27751 D
27751 W
27751 L
27883 D
27883 D
27883 W
27883 L
27983 D
27983 D
27983 W
27983 L
28019 D
28019 D
28019 W
28019 L
28211 D
28211 D
28211 W
28211 L
28493 D
28493 D
28493 W
28493 L
28729 D
28729 D
28729 W
28729 L
30817 D
30817 D
30817 W
30817 L
31223 D
31223 D
31223 W
31223 L
32027 D
32027 D
32027 W
32027 L
32371 D
32371 D
32371 W
32371 L
32833 D
32833 D
32833 W
32833 L
33151 D
33151 D
33151 W
33151 L
33161 D
33161 D
33161 W
33161 L
34613 D
34613 D
34613 W
34613 L
35597 D
35597 D
35597 W
35597 L
36389 D
36389 D
36389 W
36389 L
37223 D
37223 D
37223 W
37223 L
37693 D
37693 D
37693 W
37693 L
37897 D
37897 D
37897 W
37897 L
38693 D
38693 D
38693 W
38693 L
39097 D
39097 D
39097 W
39097 L
39113 D
39113 D
39113 W
39113 L
39511 D
39511 D
39511 W
39511 L
40087 D
40087 D
40087 W
40087 L
40699 D
40699 D
40699 W
40699 L
41011 D
41011 D
41011 W
41011 L
42157 D
42157 D
42157 W
42157 L
42451 D
42451 D
42451 W
42451 L
42571 D
42571 D
42571 W
42571 L
43067 D
43067 D
43067 W
43067 L
45821 D
45821 D
45821 W
45821 L
46381 D
46381 D
46381 W
46381 L
46757 D
46757 D
46757 W
46757 L
47563 D
47563 D
47563 W
47563 L
49031 D
49031 D
49031 W
49031 L
51217 D
51217 D
51217 W
51217 L
51521 D
51521 D
51521 W
51521 L
53299 D
53299 D
53299 W
53299 L
54371 D
54371 D
54371 W
54371 L
56311 D
56311 D
56311 W
56311 L
57173 D
57173 D
57173 W
57173 L
57737 D
57737 D
57737 W
57737 L
57899 D
57899 D
57899 W
57899 L
58363 D
58363 D
58363 W
58363 L
59029 D
59029 D
59029 W
59029 L
61657 D
61657 D
61657 W
61657 L
61967 D
61967 D
61967 W
61967 L
62303 D
62303 D
62303 W
62303 L
65899 D
65899 D
65899 W
65899 L
67943 D
67943 D
67943 W
67943 L
69481 D
69481 D
69481 W
69481 L
70009 D
70009 D
70009 W
70009 L
70589 D
70589 D
70589 W
70589 L
71987 D
71987 D
71987 W
71987 L
73907 D
73907 D
73907 W
73907 L
74131 D
74131 D
74131 W
74131 L
79847 D
79847 D
79847 W
79847 L
81001 D
81001 D
81001 W
81001 L
81349 D
81349 D
81349 W
81349 L
85091 D
85091 D
85091 W
85091 L
86399 D
86399 D
86399 W
86399 L
87511 D
87511 D
87511 W
87511 L
89017 D
89017 D
89017 W
89017 L
95783 D
95783 D
95783 W
95783 L
101891 D
101891 D
101891 W
101891 L
102611 D
102611 D
102611 W
102611 L
103007 D
103007 D
103007 W
103007 L
105667 D
105667 D
105667 W
105667 L
105943 D
105943 D
105943 W
105943 L
107309 D
107309 D
107309 W
107309 L
108401 D
108401 D
108401 W
108401 L
111893 D
111893 D
111893 W
111893 L
116089 D
116089 D
116089 W
116089 L
117787 D
117787 D
117787 W
117787 L
120091 D
120091 D
120091 W
120091 L
120563 D
120563 D
120563 W
120563 L
122029 D
122029 D
122029 W
122029 L
122719 D
122719 D
122719 W
122719 L
124717 D
124717 D
124717 W
124717 L
127249 D
127249 D
127249 W
127249 L
127261 D
127261 D
127261 W
127261 L
128413 D
128413 D
128413 W
128413 L
130043 D
130043 D
130043 W
130043 L
133277 D
133277 D
133277 W
133277 L
137597 D
137597 D
137597 W
137597 L
142159 D
142159 D
142159 W
142159 L
150743 D
150743 D
150743 W
150743 L
155473 D
155473 D
155473 W
155473 L
163637 D
163637 D
163637 W
163637 L
163753 D
163753 D
163753 W
163753 L
166157 D
166157 D
166157 W
166157 L
173807 D
173807 D
173807 W
173807 L
178693 D
178693 D
178693 W
178693 L
179021 D
179021 D
179021 W
179021 L
185021 D
185021 D
185021 W
185021 L
189041 D
189041 D
189041 W
189041 L
196171 D
196171 D
196171 W
196171 L
197699 D
197699 D
197699 W
197699 L
203309 D
203309 D
203309 W
203309 L
204067 D
204067 D
204067 W
204067 L
209263 D
209263 D
209263 W
209263 L
213751 D
213751 D
213751 W
213751 L
218233 D
218233 D
218233 W
218233 L
218531 D
218531 D
218531 W
218531 L
230863 D
230863 D
230863 W
230863 L
235621 D
235621 D
235621 W
235621 L
235723 D
235723 D
235723 W
235723 L
241663 D
241663 D
241663 W
241663 L
243517 D
243517 D
243517 W
243517 L
258241 D
258241 D
258241 W
258241 L
271553 D
271553 D
271553 W
271553 L
279817 D
279817 D
279817 W
279817 L
294053 D
294053 D
294053 W
294053 L
294947 D
294947 D
294947 W
294947 L
298733 D
298733 D
298733 W
298733 L
345923 D
345923 D
345923 W
345923 L
346147 D
346147 D
346147 W
346147 L
361927 D
361927 D
361927 W
361927 L
380327 D
380327 D
380327 W
380327 L
415969 D
415969 D
415969 W
415969 L
416149 D
416149 D
416149 W
416149 L
416677 D
416677 D
416677 W
416677 L
428579 D
428579 D
428579 W
428579 L
438029 D
438029 D
438029 W
438029 L
456151 D
456151 D
456151 W
456151 L
461257 D
461257 D
461257 W
461257 L
467477 D
467477 D
467477 W
467477 L
480373 D
480373 D
480373 W
480373 L
489449 D
489449 D
489449 W
489449 L
496187 D
496187 D
496187 W
496187 L
514523 D
514523 D
514523 W
514523 L
519733 D
519733 D
519733 W
519733 L
527203 D
527203 D
527203 W
527203 L
533033 D
533033 D
533033 W
533033 L
556583 D
556583 D
556583 W
556583 L
568097 D
568097 D
568097 W
568097 L
607151 D
607151 D
607151 W
607151 L
623299 D
623299 D
623299 W
623299 L
637717 D
637717 D
637717 W
637717 L
645611 D
645611 D
645611 W
645611 L
651997 D
651997 D
651997 W
651997 L
664687 D
664687 D
664687 W
664687 L
670037 D
670037 D
670037 W
670037 L
671999 D
671999 D
671999 W
671999 L
726137 D
726137 D
726137 W
726137 L
739021 D
739021 D
739021 W
739021 L
744377 D
744377 D
744377 W
744377 L
749431 D
749431 D
749431 W
749431 L
777313 D
777313 D
777313 W
777313 L
832673 D
832673 D
832673 W
832673 L
842507 D
842507 D
842507 W
842507 L
843881 D
843881 D
843881 W
843881 L
846661 D
846661 D
846661 W
846661 L
864641 D
864641 D
864641 W
864641 L
866279 D
866279 D
866279 W
866279 L
875239 D
875239 D
875239 W
875239 L
882061 D
882061 D
882061 W
882061 L
897563 D
897563 D
897563 W
897563 L
910121 D
910121 D
910121 W
910121 L
918581 D
918581 D
918581 W
918581 L
939439 D
939439 D
939439 W
939439 L
1004477 D
1004477 D
1004477 W
1004477 L
1010237 D
1010237 D
1010237 W
1010237 L
1098341 D
1098341 D
1098341 W
1098341 L
1106771 D
1106771 D
1106771 W
1106771 L
1151041 D
1151041 D
1151041 W
1151041 L
1166729 D
1166729 D
1166729 W
1166729 L
1178393 D
1178393 D
1178393 W
1178393 L
1212397 D
1212397 D
1212397 W
1212397 L
1257689 D
1257689 D
1257689 W
1257689 L
1274323 D
1274323 D
1274323 W
1274323 L
1290847 D
1290847 D
1290847 W
1290847 L
1292143 D
1292143 D
1292143 W
1292143 L
1302293 D
1302293 D
1302293 W
1302293 L
1352669 D
1352669 D
1352669 W
1352669 L
1375769 D
1375769 D
1375769 W
1375769 L
1379491 D
1379491 D
1379491 W
1379491 L
1517611 D
1517611 D
1517611 W
1517611 L
1685323 D
1685323 D
1685323 W
1685323 L
1690573 D
1690573 D
1690573 W
1690573 L
1716359 D
1716359 D
1716359 W
1716359 L
1739359 D
1739359 D
1739359 W
1739359 L
1740589 D
1740589 D
1740589 W
1740589 L
1889551 D
1889551 D
1889551 W
1889551 L
1901993 D
1901993 D
1901993 W
1901993 L
1962239 D
1962239 D
1962239 W
1962239 L
1993949 D
1993949 D
1993949 W
1993949 L
1996283 D
1996283 D
1996283 W
1996283 L
2028277 D
2028277 D
2028277 W
2028277 L
2056777 D
2056777 D
2056777 W
2056777 L
2058163 D
2058163 D
2058163 W
2058163 L
2094233 D
2094233 D
2094233 W
2094233 L
2132857 D
2132857 D
2132857 W
2132857 L
2215399 D
2215399 D
2215399 W
2215399 L
2264593 D
2264593 D
2264593 W
2264593 L
2288173 D
2288173 D
2288173 W
2288173 L
2389279 D
2389279 D
2389279 W
2389279 L
2405633 D
2405633 D
2405633 W
2405633 L
2564633 D
2564633 D
2564633 W
2564633 L
2676811 D
2676811 D
2676811 W
2676811 L
2782861 D
2782861 D
2782861 W
2782861 L
2847623 D
2847623 D
2847623 W
2847623 L
2964347 D
2964347 D
2964347 W
2964347 L
2975183 D
2975183 D
2975183 W
2975183 L
2989799 D
2989799 D
2989799 W
2989799 L
3009341 D
3009341 D
3009341 W
3009341 L
3120977 D
3120977 D
3120977 W
3120977 L
3403199 D
3403199 D
3403199 W
3403199 L
3433537 D
3433537 D
3433537 W
3433537 L
3586493 D
3586493 D
3586493 W
3586493 L
3736877 D
3736877 D
3736877 W
3736877 L
3953909 D
3953909 D
3953909 W
3953909 L
4223519 D
4223519 D
4223519 W
4223519 L
4840127 D
4840127 D
4840127 W
4840127 L
4952681 D
4952681 D
4952681 W
4952681 L
5355011 D
5355011 D
5355011 W
5355011 L
5760343 D
5760343 D
5760343 W
5760343 L
6166717 D
6166717 D
6166717 W
6166717 L
6493919 D
6493919 D
6493919 W
6493919 L
6581149 D
6581149 D
6581149 W
6581149 L
6860851 D
6860851 D
6860851 W
6860851 L
6968561 D
6968561 D
6968561 W
6968561 L
6973877 D
6973877 D
6973877 W
6973877 L
6989617 D
6989617 D
6989617 W
6989617 L
7254347 D
7254347 D
7254347 W
7254347 L
7475089 D
7475089 D
7475089 W
7475089 L
9078403 D
9078403 D
9078403 W
9078403 L
9171961 D
9171961 D
9171961 W
9171961 L
9304381 D
9304381 D
9304381 W
9304381 L
9368483 D
9368483 D
9368483 W
9368483 L
9492143 D
9492143 D
9492143 W
9492143 L
9904471 D
9904471 D
9904471 W
9904471 L
9943679 D
9943679 D
9943679 W
9943679 L
