3675
2 W
2 W
2 W
2 W
2 W
2 W
2 W
2 W
2 W
2 W
2 W
2 W
2 W
2 W
2 W
2 W
2 W
2 W
2 W
2 W
2 W
2 W
2 W
2 W
2 W
2 W
2 W
2 W
2 W
2 W
2 W
2 W
2 W
2 W
2 W
2 W
2 W
2 W
2 W
2 W
2 W
2 W
2 W
2 W
2 W
2 W
2 W
2 W
2 W
2 W
2 W
2 W
2 W
2 W
2 W
2 W
2 W
2 W
2 W
2 W
2 W
2 W
2 W
2 W
2 W
2 W
2 W
2 W
2 W
2 W
2 W
2 W
2 W
2 W
2 W
2 W
2 W
2 W
2 W
2 W
2 W
2 W
2 W
2 W
2 W
2 W
2 W
2 W
2 W
2 W
2 W
2 W
2 W
2 W
2 W
2 W
2 W
2 W
2 W
2 W
2 W
2 W
2 W
2 W
2 W
2 W
2 W
2 W
2 W
2 W
2 W
2 W
2 W
2 W
2 W
2 W
2 W
2 W
2 W
2 W
2 W
2 W
2 W
2 W
2 W
2 W
2 D
2 W
3 W
3 W
3 W
3 W
3 W
3 W
3 W
3 W
3 W
3 W
3 W
3 W
3 W
3 W
3 W
3 W
3 W
3 W
3 W
3 W
3 W
3 W
3 W
3 W
3 W
3 W
3 W
3 W
3 W
3 W
3 W
3 W
3 W
3 W
3 W
3 W
3 W
3 W
3 W
3 W
3 W
3 W
3 W
3 W
3 W
3 W
3 W
3 W
3 W
3 W
3 W
3 W
3 W
3 W
3 W
3 W
3 W
3 W
3 W
3 W
3 W
3 W
3 W
3 W
3 W
3 W
3 W
3 W
3 W
3 W
3 W
3 W
3 W
3 W
3 W
3 W
3 W
3 W
3 W
3 W
3 W
3 W
3 W
3 W
3 D
3 W
5 W
5 W
5 W
5 W
5 W
5 W
5 W
5 W
5 W
5 W
5 W
5 W
5 W
5 W
5 W
5 W
5 W
5 W
5 W
5 W
5 W
5 W
5 W
5 W
5 W
5 W
5 W
5 W
5 W
5 W
5 W
5 W
5 W
5 W
5 W
5 W
5 W
5 W
5 W
7 W
7 W
7 W
7 W
7 W
7 W
7 W
7 W
7 W
7 W
7 W
7 W
7 W
7 W
7 D
7 W
11 W
11 W
11 W
11 W
11 W
11 W
11 W
11 W
11 W
11 W
11 W
11 W
11 W
11 W
11 W
11 W
13 W
13 W
13 W
13 W
13 W
13 W
13 W
13 W
13 W
13 W
13 W
13 W
17 W
17 W
17 W
17 W
17 W
17 W
17 W
17 W
17 W
17 W
17 D
17 W
19 W
19 W
19 W
19 W
19 W
19 W
19 W
23 W
23 W
23 W
23 W
23 W
29 W
29 W
29 W
29 W
29 D
29 W
31 W
31 W
31 W
31 W
31 W
31 D
31 W
37 W
37 W
37 W
37 D
37 W
41 W
41 W
41 W
41 W
41 D
41 W
43 W
43 D
43 W
47 W
47 W
47 W
47 W
47 D
47 W
53 W
53 D
53 W
59 W
59 W
59 W
59 W
59 W
61 W
61 W
61 W
61 W
61 W
67 W
67 W
67 W
67 D
67 W
71 W
71 W
71 W
71 D
71 W
73 W
73 D
73 W
79 W
79 D
79 W
83 W
83 W
83 D
83 W
89 W
89 W
97 W
101 W
101 W
103 D
103 W
109 W
109 D
109 W
113 W
113 D
113 W
127 W
127 W
131 W
137 D
137 W
139 W
139 D
139 W
149 D
149 W
157 W
157 D
157 W
163 W
167 W
173 W
173 D
173 W
179 D
179 W
181 D
181 W
193 D
193 W
197 W
197 D
197 W
211 W
211 D
211 W
229 D
229 W
233 W
233 W
241 W
251 D
251 W
257 W
269 W
277 D
277 W
281 W
281 W
283 D
283 W
293 D
293 W
307 W
307 W
311 W
313 W
313 W
313 D
313 W
317 W
331 D
331 W
337 D
337 W
347 W
349 D
349 W
353 D
353 W
359 W
367 D
367 W
383 W
397 D
397 W
419 D
419 W
431 W
433 W
439 D
439 W
457 D
457 W
467 D
467 W
487 W
499 D
499 W
503 D
503 W
509 D
509 W
541 W
563 D
563 W
571 D
571 W
607 D
607 W
617 D
617 W
619 D
619 W
631 W
659 D
659 W
661 D
661 W
673 D
673 W
683 D
683 W
701 D
701 W
709 D
709 W
719 W
809 D
809 W
821 D
821 W
823 D
823 W
829 W
857 D
857 W
863 D
863 W
877 D
877 W
907 D
907 W
929 D
929 W
937 D
937 W
971 D
971 W
977 D
977 W
983 D
983 W
991 D
991 W
997 D
997 W
1051 D
1051 W
1063 D
1063 W
1097 D
1097 W
1109 D
1109 W
1123 D
1123 W
1129 D
1129 W
1153 D
1153 W
1181 D
1181 W
1279 D
1279 W
1291 D
1291 W
1399 D
1399 W
1429 D
1429 W
1439 D
1439 W
1487 D
1487 W
1531 D
1531 W
1543 D
1543 W
1553 D
1553 W
1657 D
1657 W
1697 D
1697 W
1759 D
1759 W
1787 D
1787 W
1823 D
1823 W
1867 D
1867 W
1907 D
1907 W
2083 W
2341 D
2341 W
2447 D
2447 W
2477 D
2477 W
2539 D
2539 W
2551 W
2579 D
2579 W
2671 D
2671 W
2689 D
2689 W
2767 D
2767 W
2789 D
2789 W
2833 D
2833 W
3109 D
3109 W
3187 D
3187 W
3257 D
3257 W
3313 D
3313 W
3331 D
3331 W
3607 D
3607 W
3617 D
3617 W
3727 D
3727 W
3733 D
3733 W
3833 D
3833 W
3847 D
3847 W
3907 D
3907 W
3923 D
3923 W
3947 D
3947 W
3967 D
3967 W
4127 D
4127 W
4157 D
4157 W
4219 D
4219 W
4523 D
4523 W
4621 D
4621 W
4889 D
4889 W
5153 D
5153 W
5381 D
5381 W
5419 D
5419 W
5651 D
5651 W
5683 D
5683 W
6287 D
6287 W
6473 D
6473 W
6659 D
6659 W
6857 D
6857 W
6863 D
6863 W
7541 D
7541 W
7727 D
7727 W
7793 D
7793 W
8233 D
8233 W
8287 D
8287 W
8293 D
8293 W
9277 D
9277 W
10223 D
10223 W
10321 D
10321 W
10501 D
10501 W
10859 D
10859 W
11131 D
11131 W
11239 D
11239 W
11299 D
11299 W
11681 D
11681 W
11779 D
11779 W
12239 D
12239 W
12511 D
12511 W
13171 D
13171 W
13241 D
13241 W
13417 D
13417 W
13831 D
13831 W
14341 D
14341 W
14741 D
14741 W
15329 D
15329 W
15427 D
15427 W
17443 D
17443 W
17477 D
17477 W
17911 D
17911 W
18583 D
18583 W
18701 D
18701 W
18797 D
18797 W
19457 D
19457 W
19927 D
19927 W
19949 D
19949 W
20543 D
20543 W
20983 D
20983 W
21599 D
21599 W
22349 D
22349 W
22469 D
22469 W
22669 D
22669 W
22921 D
22921 W
22961 D
22961 W
23011 D
23011 W
23209 D
23209 W
23633 D
23633 W
24923 D
24923 W
27283 D
27283 W
27409 D
27409 W
28753 D
28753 W
29059 D
29059 W
30139 D
30139 W
30223 D
30223 W
30689 D
30689 W
31091 D
31091 W
32069 D
32069 W
34217 D
34217 W
34877 D
34877 W
39107 D
39107 W
39301 D
39301 W
39703 D
39703 W
40193 D
40193 W
40387 D
40387 W
43867 D
43867 W
49891 D
49891 W
50441 D
50441 W
50773 D
50773 W
51109 D
51109 W
56681 D
56681 W
59053 D
59053 W
61129 D
61129 W
62417 D
62417 W
64153 D
64153 W
69163 D
69163 W
71119 D
71119 W
71363 D
71363 W
74413 D
74413 W
81223 D
81223 W
84247 D
84247 W
89653 D
89653 W
105437 D
105437 W
107273 D
107273 W
111667 D
111667 W
112997 D
112997 W
113089 D
113089 W
117571 D
117571 W
119839 D
119839 W
122663 D
122663 W
126241 D
126241 W
131779 D
131779 W
136237 D
136237 W
145687 D
145687 W
146213 D
146213 W
147997 D
147997 W
150559 D
150559 W
150659 D
150659 W
151051 D
151051 W
178681 D
178681 W
184309 D
184309 W
188017 D
188017 W
193057 D
193057 W
193327 D
193327 W
202327 D
202327 W
205463 D
205463 W
206279 D
206279 W
223243 D
223243 W
229727 D
229727 W
233549 D
233549 W
289987 D
289987 W
298777 D
298777 W
308587 D
308587 W
399281 D
399281 W
426551 D
426551 W
429329 D
429329 W
451879 D
451879 W
470411 D
470411 W
495613 D
495613 W
511087 D
511087 W
518099 D
518099 W
539501 D
539501 W
541991 D
541991 W
620671 D
620671 W
623717 D
623717 W
668999 D
668999 W
703663 D
703663 W
739253 D
739253 W
763409 D
763409 W
818353 D
818353 W
900091 D
900091 W
923833 D
923833 W
935399 D
935399 W
972199 D
972199 W
1026941 D
1026941 W
1068409 D
1068409 W
1141909 D
1141909 W
1218773 D
1218773 W
1234789 D
1234789 W
1253059 D
1253059 W
1362637 D
1362637 W
1393559 D
1393559 W
1422257 D
1422257 W
1669651 D
1669651 W
1906559 D
1906559 W
1994087 D
1994087 W
2190047 D
2190047 W
2254687 D
2254687 W
2291717 D
2291717 W
2563837 D
2563837 W
2594951 D
2594951 W
2618761 D
2618761 W
3509251 D
3509251 W
3922357 D
3922357 W
4668529 D
4668529 W
4797701 D
4797701 W
4931219 D
4931219 W
5302093 D
5302093 W
5446271 D
5446271 W
5713369 D
5713369 W
7222903 D
7222903 W
7368353 D
7368353 W
8227789 D
8227789 W
9236309 D
9236309 W
9614389 D
9614389 W
9706843 D
9706843 W
2 L
2 L
2 L
2 L
2 L
2 L
2 L
2 L
2 L
2 L
2 L
2 L
2 L
2 L
2 L
2 L
2 L
2 L
2 L
2 L
2 L
2 L
2 L
2 L
2 L
2 L
2 L
2 L
2 L
2 L
2 L
2 L
2 L
2 L
2 L
2 L
2 L
2 L
2 L
2 L
2 L
2 L
2 L
2 L
2 L
2 L
2 L
2 L
2 L
2 L
2 L
2 L
2 L
2 L
2 L
2 L
2 L
2 L
2 L
2 L
2 L
2 L
2 L
2 L
2 L
2 L
2 L
2 L
2 L
2 L
2 L
2 L
2 L
2 L
2 L
2 L
2 L
2 L
2 L
2 L
2 L
2 L
2 L
2 L
2 L
2 L
2 L
2 L
2 L
2 L
2 L
2 L
2 L
2 L
2 L
2 L
2 L
2 L
2 L
2 L
2 L
2 L
2 L
2 L
2 L
2 L
2 L
2 L
2 L
2 L
2 L
2 L
2 L
2 L
2 L
2 L
2 L
2 L
2 L
2 L
2 L
2 L
2 L
2 L
2 L
2 L
2 L
2 L
2 L
2 L
2 L
2 L
2 L
2 L
2 L
2 L
2 L
2 L
2 L
2 L
2 L
2 L
2 L
2 L
2 L
2 L
2 L
2 L
2 L
2 L
2 L
2 L
2 L
2 L
2 L
2 L
2 L
2 L
2 L
2 L
2 L
2 L
2 L
2 L
2 L
2 L
2 L
2 L
2 L
2 L
2 L
2 L
2 L
2 L
2 L
2 L
2 L
2 L
2 L
2 L
2 L
2 L
2 L
2 L
2 L
2 L
2 L
2 L
2 L
2 L
2 L
2 L
2 L
2 L
2 L
2 L
2 L
2 L
2 L
2 L
2 L
2 D
2 D
2 W
2 L
3 L
3 L
3 L
3 L
3 L
3 L
3 L
3 L
3 L
3 L
3 L
3 L
3 L
3 L
3 L
3 L
3 L
3 L
3 L
3 L
3 L
3 L
3 L
3 L
3 L
3 L
3 L
3 L
3 L
3 L
3 L
3 L
3 L
3 L
3 L
3 L
3 L
3 L
3 L
3 L
3 L
3 L
3 L
3 L
3 L
3 L
3 L
3 L
3 L
3 L
3 L
3 L
3 L
3 L
3 L
3 L
3 L
3 L
3 L
3 L
3 L
3 L
3 L
3 L
3 L
3 L
3 L
3 L
3 L
3 L
3 L
3 L
3 L
3 L
3 L
3 L
3 L
3 L
3 L
3 L
3 L
3 L
3 L
3 L
3 L
3 L
3 L
3 L
3 L
3 L
3 L
3 L
3 L
3 L
3 L
3 L
3 L
3 L
3 L
3 L
3 D
3 D
3 W
3 L
5 L
5 L
5 L
5 L
5 L
5 L
5 L
5 L
5 L
5 L
5 L
5 L
5 L
5 L
5 L
5 L
5 L
5 L
5 L
5 L
5 L
5 L
5 L
5 L
5 L
5 L
5 L
5 L
5 L
5 L
5 L
5 L
5 L
5 L
5 L
5 L
5 L
5 L
5 L
5 L
5 L
5 L
5 L
5 L
5 L
5 L
5 L
5 L
5 L
5 L
5 L
5 L
5 D
5 D
5 W
5 L
7 L
7 L
7 L
7 L
7 L
7 L
7 L
7 L
7 L
7 L
7 L
7 L
7 L
7 L
7 L
7 L
7 L
7 L
7 L
7 L
7 L
7 L
7 L
7 L
7 L
7 L
7 L
7 L
11 L
11 L
11 L
11 L
11 L
11 L
11 L
11 L
11 L
11 L
11 L
11 L
11 L
11 L
11 L
11 L
11 L
11 L
11 L
11 L
13 L
13 L
13 L
13 L
13 L
13 L
13 L
13 L
13 L
13 L
13 L
13 L
13 L
13 L
13 L
13 L
13 L
13 L
17 L
17 L
17 L
17 L
17 L
17 L
17 L
17 L
17 L
17 L
17 L
17 L
17 L
17 D
17 D
17 W
17 L
19 L
19 L
19 L
19 L
19 L
19 L
19 L
19 L
19 L
19 L
19 L
19 D
19 D
19 W
19 L
23 L
23 L
23 L
23 L
23 L
23 L
23 L
23 L
29 L
29 L
29 L
29 L
29 L
29 L
29 L
29 L
29 L
29 D
29 D
29 W
29 L
31 L
31 L
31 L
31 L
31 L
31 L
31 L
31 L
31 L
37 L
37 L
37 L
37 L
37 L
37 L
37 L
37 D
37 D
37 W
37 L
41 L
41 L
41 L
41 L
41 L
41 L
41 D
41 D
41 W
41 L
43 L
43 L
43 L
43 L
43 L
47 L
47 L
47 L
47 D
47 D
47 W
47 L
53 L
53 L
53 L
59 L
59 L
59 L
59 L
59 L
59 L
61 L
61 L
61 L
61 L
61 D
61 D
61 W
61 L
67 L
67 L
67 L
67 L
67 D
67 D
67 W
67 L
71 L
71 L
71 L
71 L
73 L
73 L
73 D
73 D
73 W
73 L
79 L
79 L
79 L
83 L
83 L
83 D
83 D
83 W
83 L
89 L
89 L
89 L
97 D
97 D
97 W
97 L
101 L
101 L
101 L
103 L
107 L
107 L
109 L
109 L
109 L
109 D
109 D
109 W
109 L
113 L
113 L
127 L
127 L
127 D
127 D
127 W
127 L
131 L
131 L
131 L
131 L
137 L
137 L
137 D
137 D
137 W
137 L
139 L
139 D
139 D
139 W
139 L
149 L
149 L
151 D
151 D
151 W
151 L
157 L
157 L
157 D
157 D
157 W
157 L
163 L
163 D
163 D
163 W
163 L
167 L
173 L
173 L
173 D
173 D
173 W
173 L
179 L
181 L
181 L
191 L
193 D
193 D
193 W
193 L
197 L
197 L
197 L
199 L
199 L
211 L
211 L
223 D
223 D
223 W
223 L
227 L
229 L
233 L
233 D
233 D
233 W
233 L
241 L
251 D
251 D
251 W
251 L
257 D
257 D
257 W
257 L
263 D
263 D
263 W
263 L
269 L
277 L
277 L
281 L
283 D
283 D
283 W
283 L
293 D
293 D
293 W
293 L
307 L
311 D
311 D
311 W
311 L
313 L
313 L
313 D
313 D
313 W
313 L
317 L
331 D
331 D
331 W
331 L
337 D
337 D
337 W
337 L
347 L
349 D
349 D
349 W
349 L
353 D
353 D
353 W
353 L
359 L
367 L
373 D
373 D
373 W
373 L
383 L
397 L
397 D
397 D
397 W
397 L
409 D
409 D
409 W
409 L
419 D
419 D
419 W
419 L
421 D
421 D
421 W
421 L
431 D
431 D
431 W
431 L
433 D
433 D
433 W
433 L
439 L
439 L
457 D
457 D
457 W
457 L
463 D
463 D
463 W
463 L
467 D
467 D
467 W
467 L
479 D
479 D
479 W
479 L
487 L
487 D
487 D
487 W
487 L
491 L
499 L
499 L
503 L
509 D
509 D
509 W
509 L
523 D
523 D
523 W
523 L
541 L
547 D
547 D
547 W
547 L
563 L
569 D
569 D
569 W
569 L
571 L
599 D
599 D
599 W
599 L
601 D
601 D
601 W
601 L
607 D
607 D
607 W
607 L
617 L
619 D
619 D
619 W
619 L
631 D
631 D
631 W
631 L
643 D
643 D
643 W
643 L
647 L
647 D
647 D
647 W
647 L
659 L
661 D
661 D
661 W
661 L
673 L
677 D
677 D
677 W
677 L
683 D
683 D
683 W
683 L
701 D
701 D
701 W
701 L
709 L
719 D
719 D
719 W
719 L
769 D
769 D
769 W
769 L
809 D
809 D
809 W
809 L
821 D
821 D
821 W
821 L
823 D
823 D
823 W
823 L
829 L
857 D
857 D
857 W
857 L
859 D
859 D
859 W
859 L
863 D
863 D
863 W
863 L
877 D
877 D
877 W
877 L
907 D
907 D
907 W
907 L
919 D
919 D
919 W
919 L
929 D
929 D
929 W
929 L
937 D
937 D
937 W
937 L
971 D
971 D
971 W
971 L
977 D
977 D
977 W
977 L
983 L
991 D
991 D
991 W
991 L
997 D
997 D
997 W
997 L
1013 D
1013 D
1013 W
1013 L
1019 D
1019 D
1019 W
1019 L
1049 D
1049 D
1049 W
1049 L
1051 D
1051 D
1051 W
1051 L
1063 L
1091 D
1091 D
1091 W
1091 L
1097 D
1097 D
1097 W
1097 L
1109 L
1123 L
1129 D
1129 D
1129 W
1129 L
1153 D
1153 D
1153 W
1153 L
1171 D
1171 D
1171 W
1171 L
1181 D
1181 D
1181 W
1181 L
1223 L
1229 D
1229 D
1229 W
1229 L
1279 D
1279 D
1279 W
1279 L
1283 D
1283 D
1283 W
1283 L
1291 L
1291 D
1291 D
1291 W
1291 L
1381 D
1381 D
1381 W
1381 L
1399 L
1429 D
1429 D
1429 W
1429 L
1433 D
1433 D
1433 W
1433 L
1439 L
1447 D
1447 D
1447 W
1447 L
1487 D
1487 D
1487 W
1487 L
1523 D
1523 D
1523 W
1523 L
1531 D
1531 D
1531 W
1531 L
1543 D
1543 D
1543 W
1543 L
1549 D
1549 D
1549 W
1549 L
1553 D
1553 D
1553 W
1553 L
1627 D
1627 D
1627 W
1627 L
1657 D
1657 D
1657 W
1657 L
1697 L
1741 D
1741 D
1741 W
1741 L
1759 L
1787 D
1787 D
1787 W
1787 L
1789 D
1789 D
1789 W
1789 L
1823 D
1823 D
1823 W
1823 L
1867 L
1889 D
1889 D
1889 W
1889 L
1907 L
1987 D
1987 D
1987 W
1987 L
2083 D
2083 D
2083 W
2083 L
2213 D
2213 D
2213 W
2213 L
2221 D
2221 D
2221 W
2221 L
2239 D
2239 D
2239 W
2239 L
2311 D
2311 D
2311 W
2311 L
2341 D
2341 D
2341 W
2341 L
2371 D
2371 D
2371 W
2371 L
2447 D
2447 D
2447 W
2447 L
2477 D
2477 D
2477 W
2477 L
2539 D
2539 D
2539 W
2539 L
2551 D
2551 D
2551 W
2551 L
2579 D
2579 D
2579 W
2579 L
2609 L
2621 D
2621 D
2621 W
2621 L
2671 D
2671 D
2671 W
2671 L
2689 D
2689 D
2689 W
2689 L
2753 D
2753 D
2753 W
2753 L
2767 D
2767 D
2767 W
2767 L
2789 D
2789 D
2789 W
2789 L
2833 D
2833 D
2833 W
2833 L
2857 D
2857 D
2857 W
2857 L
2939 D
2939 D
2939 W
2939 L
3019 D
3019 D
3019 W
3019 L
3109 D
3109 D
3109 W
3109 L
3169 D
3169 D
3169 W
3169 L
3187 D
3187 D
3187 W
3187 L
3257 D
3257 D
3257 W
3257 L
3313 D
3313 D
3313 W
3313 L
3331 D
3331 D
3331 W
3331 L
3449 D
3449 D
3449 W
3449 L
3461 D
3461 D
3461 W
3461 L
3491 D
3491 D
3491 W
3491 L
3499 D
3499 D
3499 W
3499 L
3607 D
3607 D
3607 W
3607 L
3617 D
3617 D
3617 W
3617 L
3727 D
3727 D
3727 W
3727 L
3733 D
3733 D
3733 W
3733 L
3833 D
3833 D
3833 W
3833 L
3847 D
3847 D
3847 W
3847 L
3907 D
3907 D
3907 W
3907 L
3923 D
3923 D
3923 W
3923 L
3947 D
3947 D
3947 W
3947 L
3967 D
3967 D
3967 W
3967 L
4127 D
4127 D
4127 W
4127 L
4157 D
4157 D
4157 W
4157 L
4159 D
4159 D
4159 W
4159 L
4201 D
4201 D
4201 W
4201 L
4219 D
4219 D
4219 W
4219 L
4523 D
4523 D
4523 W
4523 L
4621 D
4621 D
4621 W
4621 L
4651 D
4651 D
4651 W
4651 L
4723 D
4723 D
4723 W
4723 L
4889 D
4889 D
4889 W
4889 L
5153 D
5153 D
5153 W
5153 L
5227 D
5227 D
5227 W
5227 L
5233 D
5233 D
5233 W
5233 L
5381 D
5381 D
5381 W
5381 L
5419 D
5419 D
5419 W
5419 L
5471 D
5471 D
5471 W
5471 L
5651 D
5651 D
5651 W
5651 L
5683 D
5683 D
5683 W
5683 L
5749 D
5749 D
5749 W
5749 L
5869 D
5869 D
5869 W
5869 L
6079 D
6079 D
6079 W
6079 L
6257 D
6257 D
6257 W
6257 L
6271 D
6271 D
6271 W
6271 L
6287 D
6287 D
6287 W
6287 L
6359 D
6359 D
6359 W
6359 L
6473 D
6473 D
6473 W
6473 L
6581 D
6581 D
6581 W
6581 L
6659 D
6659 D
6659 W
6659 L
6857 D
6857 D
6857 W
6857 L
6863 D
6863 D
6863 W
6863 L
7411 D
7411 D
7411 W
7411 L
7541 D
7541 D
7541 W
7541 L
7727 D
7727 D
7727 W
7727 L
7793 D
7793 D
7793 W
7793 L
8039 D
8039 D
8039 W
8039 L
8101 D
8101 D
8101 W
8101 L
8233 D
8233 D
8233 W
8233 L
8287 D
8287 D
8287 W
8287 L
8293 D
8293 D
8293 W
8293 L
8543 D
8543 D
8543 W
8543 L
8713 D
8713 D
8713 W
8713 L
9157 D
9157 D
9157 W
9157 L
9209 D
9209 D
9209 W
9209 L
9277 D
9277 D
9277 W
9277 L
9349 D
9349 D
9349 W
9349 L
10091 D
10091 D
10091 W
10091 L
10111 D
10111 D
10111 W
10111 L
10223 D
10223 D
10223 W
10223 L
10303 D
10303 D
10303 W
10303 L
10313 D
10313 D
10313 W
10313 L
10321 D
10321 D
10321 W
10321 L
10331 D
10331 D
10331 W
10331 L
10501 D
10501 D
10501 W
10501 L
10753 D
10753 D
10753 W
10753 L
10859 D
10859 D
10859 W
10859 L
10889 D
10889 D
10889 W
10889 L
10993 D
10993 D
10993 W
10993 L
11003 D
11003 D
11003 W
11003 L
11131 D
11131 D
11131 W
11131 L
11239 D
11239 D
11239 W
11239 L
11299 D
11299 D
11299 W
11299 L
11681 D
11681 D
11681 W
11681 L
11779 D
11779 D
11779 W
11779 L
11933 D
11933 D
11933 W
11933 L
12239 D
12239 D
12239 W
12239 L
12511 D
12511 D
12511 W
12511 L
12641 D
12641 D
12641 W
12641 L
12697 D
12697 D
12697 W
12697 L
13171 D
13171 D
13171 W
13171 L
13241 D
13241 D
13241 W
13241 L
13417 D
13417 D
13417 W
13417 L
13457 D
13457 D
13457 W
13457 L
13831 D
13831 D
13831 W
13831 L
14341 D
14341 D
14341 W
14341 L
14369 D
14369 D
14369 W
14369 L
14519 D
14519 D
14519 W
14519 L
14741 D
14741 D
14741 W
14741 L
15329 D
15329 D
15329 W
15329 L
15427 D
15427 D
15427 W
15427 L
16417 D
16417 D
16417 W
16417 L
16547 D
16547 D
16547 W
16547 L
16553 D
16553 D
16553 W
16553 L
16603 D
16603 D
16603 W
16603 L
16829 D
16829 D
16829 W
16829 L
17443 D
17443 D
17443 W
17443 L
17477 D
17477 D
17477 W
17477 L
17483 D
17483 D
17483 W
17483 L
17911 D
17911 D
17911 W
17911 L
18583 D
18583 D
18583 W
18583 L
18701 D
18701 D
18701 W
18701 L
18797 D
18797 D
18797 W
18797 L
19403 D
19403 D
19403 W
19403 L
19457 D
19457 D
19457 W
19457 L
19477 D
19477 D
19477 W
19477 L
19489 D
19489 D
19489 W
19489 L
19927 D
19927 D
19927 W
19927 L
19949 D
19949 D
19949 W
19949 L
20543 D
20543 D
20543 W
20543 L
20719 D
20719 D
20719 W
20719 L
20983 D
20983 D
20983 W
20983 L
21569 D
21569 D
21569 W
21569 L
21599 D
21599 D
21599 W
21599 L
22093 D
22093 D
22093 W
22093 L
22349 D
22349 D
22349 W
22349 L
22469 D
22469 D
22469 W
22469 L
22543 D
22543 D
22543 W
22543 L
22669 D
22669 D
22669 W
22669 L
22921 D
22921 D
22921 W
22921 L
22961 D
22961 D
22961 W
22961 L
23003 D
23003 D
23003 W
23003 L
23011 D
23011 D
23011 W
23011 L
23131 D
23131 D
23131 W
23131 L
23209 D
23209 D
23209 W
23209 L
23633 D
23633 D
23633 W
23633 L
24109 D
24109 D
24109 W
24109 L
24851 D
24851 D
24851 W
24851 L
24923 D
24923 D
24923 W
24923 L
26423 D
26423 D
26423 W
26423 L
26777 D
26777 D
26777 W
26777 L
27283 D
27283 D
27283 W
27283 L
27409 D
27409 D
27409 W
27409 L
27799 D
27799 D
27799 W
27799 L
28753 D
28753 D
28753 W
28753 L
29059 D
29059 D
29059 W
29059 L
29251 D
29251 D
29251 W
29251 L
30139 D
30139 D
30139 W
30139 L
30223 D
30223 D
30223 W
30223 L
30689 D
30689 D
30689 W
30689 L
30817 D
30817 D
30817 W
30817 L
31091 D
31091 D
31091 W
31091 L
31253 D
31253 D
31253 W
31253 L
32069 D
32069 D
32069 W
32069 L
33317 D
33317 D
33317 W
33317 L
33349 D
33349 D
33349 W
33349 L
34019 D
34019 D
34019 W
34019 L
34217 D
34217 D
34217 W
34217 L
34877 D
34877 D
34877 W
34877 L
37369 D
37369 D
37369 W
37369 L
38177 D
38177 D
38177 W
38177 L
39107 D
39107 D
39107 W
39107 L
39301 D
39301 D
39301 W
39301 L
39703 D
39703 D
39703 W
39703 L
40193 D
40193 D
40193 W
40193 L
40387 D
40387 D
40387 W
40387 L
40819 D
40819 D
40819 W
40819 L
41443 D
41443 D
41443 W
41443 L
43399 D
43399 D
43399 W
43399 L
43481 D
43481 D
43481 W
43481 L
43867 D
43867 D
43867 W
43867 L
44753 D
44753 D
44753 W
44753 L
45013 D
45013 D
45013 W
45013 L
45077 D
45077 D
45077 W
45077 L
47609 D
47609 D
47609 W
47609 L
48857 D
48857 D
48857 W
48857 L
49811 D
49811 D
49811 W
49811 L
49891 D
49891 D
49891 W
49891 L
50051 D
50051 D
50051 W
50051 L
50441 D
50441 D
50441 W
50441 L
50773 D
50773 D
50773 W
50773 L
51109 D
51109 D
51109 W
51109 L
52769 D
52769 D
52769 W
52769 L
53309 D
53309 D
53309 W
53309 L
53857 D
53857 D
53857 W
53857 L
56519 D
56519 D
56519 W
56519 L
56681 D
56681 D
56681 W
56681 L
59053 D
59053 D
59053 W
59053 L
61129 D
61129 D
61129 W
61129 L
62417 D
62417 D
62417 W
62417 L
64153 D
64153 D
64153 W
64153 L
68141 D
68141 D
68141 W
68141 L
69163 D
69163 D
69163 W
69163 L
71119 D
71119 D
71119 W
71119 L
71363 D
71363 D
71363 W
71363 L
71741 D
71741 D
71741 W
71741 L
72617 D
72617 D
72617 W
72617 L
72797 D
72797 D
72797 W
72797 L
74413 D
74413 D
74413 W
74413 L
75997 D
75997 D
75997 W
75997 L
81223 D
81223 D
81223 W
81223 L
81371 D
81371 D
81371 W
81371 L
83921 D
83921 D
83921 W
83921 L
84247 D
84247 D
84247 W
84247 L
86143 D
86143 D
86143 W
86143 L
89237 D
89237 D
89237 W
89237 L
89653 D
89653 D
89653 W
89653 L
89897 D
89897 D
89897 W
89897 L
91459 D
91459 D
91459 W
91459 L
92107 D
92107 D
92107 W
92107 L
92927 D
92927 D
92927 W
92927 L
95801 D
95801 D
95801 W
95801 L
100379 D
100379 D
100379 W
100379 L
102059 D
102059 D
102059 W
102059 L
102547 D
102547 D
102547 W
102547 L
102829 D
102829 D
102829 W
102829 L
105437 D
105437 D
105437 W
105437 L
106661 D
106661 D
106661 W
106661 L
107273 D
107273 D
107273 W
107273 L
109831 D
109831 D
109831 W
109831 L
110161 D
110161 D
110161 W
110161 L
111667 D
111667 D
111667 W
111667 L
112997 D
112997 D
112997 W
112997 L
113089 D
113089 D
113089 W
113089 L
115237 D
115237 D
115237 W
115237 L
117571 D
117571 D
117571 W
117571 L
119839 D
119839 D
119839 W
119839 L
122663 D
122663 D
122663 W
122663 L
126241 D
126241 D
126241 W
126241 L
126611 D
126611 D
126611 W
126611 L
126683 D
126683 D
126683 W
126683 L
130267 D
130267 D
130267 W
130267 L
131779 D
131779 D
131779 W
131779 L
136237 D
136237 D
136237 W
136237 L
138683 D
138683 D
138683 W
138683 L
145687 D
145687 D
145687 W
145687 L
146213 D
146213 D
146213 W
146213 L
147997 D
147997 D
147997 W
147997 L
149873 D
149873 D
149873 W
149873 L
150559 D
150559 D
150559 W
150559 L
150659 D
150659 D
150659 W
150659 L
151051 D
151051 D
151051 W
151051 L
159193 D
159193 D
159193 W
159193 L
159673 D
159673 D
159673 W
159673 L
161411 D
161411 D
161411 W
161411 L
167197 D
167197 D
167197 W
167197 L
168977 D
168977 D
168977 W
168977 L
170881 D
170881 D
170881 W
170881 L
176431 D
176431 D
176431 W
176431 L
178681 D
178681 D
178681 W
178681 L
184309 D
184309 D
184309 W
184309 L
188017 D
188017 D
188017 W
188017 L
188179 D
188179 D
188179 W
188179 L
192923 D
192923 D
192923 W
192923 L
193057 D
193057 D
193057 W
193057 L
193327 D
193327 D
193327 W
193327 L
202327 D
202327 D
202327 W
202327 L
205463 D
205463 D
205463 W
205463 L
206279 D
206279 D
206279 W
206279 L
209861 D
209861 D
209861 W
209861 L
222619 D
222619 D
222619 W
222619 L
223243 D
223243 D
223243 W
223243 L
225839 D
225839 D
225839 W
225839 L
229727 D
229727 D
229727 W
229727 L
229939 D
229939 D
229939 W
229939 L
233549 D
233549 D
233549 W
233549 L
235793 D
235793 D
235793 W
235793 L
242971 D
242971 D
242971 W
242971 L
249199 D
249199 D
249199 W
249199 L
250027 D
250027 D
250027 W
250027 L
253273 D
253273 D
253273 W
253273 L
255803 D
255803 D
255803 W
255803 L
256799 D
256799 D
256799 W
256799 L
263503 D
263503 D
263503 W
263503 L
273997 D
273997 D
273997 W
273997 L
289987 D
289987 D
289987 W
289987 L
298777 D
298777 D
298777 W
298777 L
308587 D
308587 D
308587 W
308587 L
309707 D
309707 D
309707 W
309707 L
317593 D
317593 D
317593 W
317593 L
318247 D
318247 D
318247 W
318247 L
327829 D
327829 D
327829 W
327829 L
328651 D
328651 D
328651 W
328651 L
335089 D
335089 D
335089 W
335089 L
337457 D
337457 D
337457 W
337457 L
363773 D
363773 D
363773 W
363773 L
399281 D
399281 D
399281 W
399281 L
426551 D
426551 D
426551 W
426551 L
429329 D
429329 D
429329 W
429329 L
451879 D
451879 D
451879 W
451879 L
470411 D
470411 D
470411 W
470411 L
475583 D
475583 D
475583 W
475583 L
475729 D
475729 D
475729 W
475729 L
495613 D
495613 D
495613 W
495613 L
498497 D
498497 D
498497 W
498497 L
511087 D
511087 D
511087 W
511087 L
518099 D
518099 D
518099 W
518099 L
538987 D
538987 D
538987 W
538987 L
539267 D
539267 D
539267 W
539267 L
539501 D
539501 D
539501 W
539501 L
541991 D
541991 D
541991 W
541991 L
547529 D
547529 D
547529 W
547529 L
600233 D
600233 D
600233 W
600233 L
620671 D
620671 D
620671 W
620671 L
623717 D
623717 D
623717 W
623717 L
639941 D
639941 D
639941 W
639941 L
641411 D
641411 D
641411 W
641411 L
654343 D
654343 D
654343 W
654343 L
665381 D
665381 D
665381 W
665381 L
668999 D
668999 D
668999 W
668999 L
677077 D
677077 D
677077 W
677077 L
679837 D
679837 D
679837 W
679837 L
703663 D
703663 D
703663 W
703663 L
709451 D
709451 D
709451 W
709451 L
713233 D
713233 D
713233 W
713233 L
733277 D
733277 D
733277 W
733277 L
739253 D
739253 D
739253 W
739253 L
763409 D
763409 D
763409 W
763409 L
789979 D
789979 D
789979 W
789979 L
818353 D
818353 D
818353 W
818353 L
900091 D
900091 D
900091 W
900091 L
923833 D
923833 D
923833 W
923833 L
935399 D
935399 D
935399 W
935399 L
972199 D
972199 D
972199 W
972199 L
1001387 D
1001387 D
1001387 W
1001387 L
1026941 D
1026941 D
1026941 W
1026941 L
1068409 D
1068409 D
1068409 W
1068409 L
1141909 D
1141909 D
1141909 W
1141909 L
1218773 D
1218773 D
1218773 W
1218773 L
1234789 D
1234789 D
1234789 W
1234789 L
1250507 D
1250507 D
1250507 W
1250507 L
1253059 D
1253059 D
1253059 W
1253059 L
1362637 D
1362637 D
1362637 W
1362637 L
1393559 D
1393559 D
1393559 W
1393559 L
1399403 D
1399403 D
1399403 W
1399403 L
1420201 D
1420201 D
1420201 W
1420201 L
1422257 D
1422257 D
1422257 W
1422257 L
1487053 D
1487053 D
1487053 W
1487053 L
1669651 D
1669651 D
1669651 W
1669651 L
1731421 D
1731421 D
1731421 W
1731421 L
1747001 D
1747001 D
1747001 W
1747001 L
1858187 D
1858187 D
1858187 W
1858187 L
1877189 D
1877189 D
1877189 W
1877189 L
1906559 D
1906559 D
1906559 W
1906559 L
1948483 D
1948483 D
1948483 W
1948483 L
1994087 D
1994087 D
1994087 W
1994087 L
2112569 D
2112569 D
2112569 W
2112569 L
2190047 D
2190047 D
2190047 W
2190047 L
2254687 D
2254687 D
2254687 W
2254687 L
2291717 D
2291717 D
2291717 W
2291717 L
2357507 D
2357507 D
2357507 W
2357507 L
2387249 D
2387249 D
2387249 W
2387249 L
2563837 D
2563837 D
2563837 W
2563837 L
2594951 D
2594951 D
2594951 W
2594951 L
2606677 D
2606677 D
2606677 W
2606677 L
2618761 D
2618761 D
2618761 W
2618761 L
2765671 D
2765671 D
2765671 W
2765671 L
3042943 D
3042943 D
3042943 W
3042943 L
3509251 D
3509251 D
3509251 W
3509251 L
3814609 D
3814609 D
3814609 W
3814609 L
3922357 D
3922357 D
3922357 W
3922357 L
4098709 D
4098709 D
4098709 W
4098709 L
4284037 D
4284037 D
4284037 W
4284037 L
4649963 D
4649963 D
4649963 W
4649963 L
4668529 D
4668529 D
4668529 W
4668529 L
4679951 D
4679951 D
4679951 W
4679951 L
4797701 D
4797701 D
4797701 W
4797701 L
4931219 D
4931219 D
4931219 W
4931219 L
5302093 D
5302093 D
5302093 W
5302093 L
5408857 D
5408857 D
5408857 W
5408857 L
5446271 D
5446271 D
5446271 W
5446271 L
5451137 D
5451137 D
5451137 W
5451137 L
5713369 D
5713369 D
5713369 W
5713369 L
5882213 D
5882213 D
5882213 W
5882213 L
5897531 D
5897531 D
5897531 W
5897531 L
5973523 D
5973523 D
5973523 W
5973523 L
6634949 D
6634949 D
6634949 W
6634949 L
7222903 D
7222903 D
7222903 W
7222903 L
7368353 D
7368353 D
7368353 W
7368353 L
8227789 D
8227789 D
8227789 W
8227789 L
8465207 D
8465207 D
8465207 W
8465207 L
9236309 D
9236309 D
9236309 W
9236309 L
9459727 D
9459727 D
9459727 W
9459727 L
9614389 D
9614389 D
9614389 W
9614389 L
9706843 D
9706843 D
9706843 W
9706843 L
