2944
2 W
2 W
2 W
2 W
2 W
2 W
2 W
2 W
2 W
2 W
2 W
2 W
2 W
2 W
2 W
2 W
2 W
2 W
2 W
2 W
2 W
2 W
2 W
2 W
2 W
2 D
2 W
3 W
3 W
3 W
3 W
3 W
3 W
3 W
3 W
3 W
3 W
3 W
3 W
3 W
3 W
3 W
3 W
3 W
3 W
5 W
5 W
5 W
5 W
5 W
5 W
5 W
7 W
7 W
11 W
11 W
13 W
13 W
17 W
17 W
19 W
19 D
19 W
23 W
29 D
29 W
37 D
37 W
53 D
53 W
59 D
59 W
61 W
67 D
67 W
71 D
71 W
79 D
79 W
83 D
83 W
89 D
89 W
97 D
97 W
101 D
101 W
103 D
103 W
109 D
109 W
113 D
113 W
131 D
131 W
137 D
137 W
163 D
163 W
179 D
179 W
239 D
239 W
271 D
271 W
311 D
311 W
337 D
337 W
347 D
347 W
349 D
349 W
491 D
491 W
569 D
569 W
631 D
631 W
787 D
787 W
809 D
809 W
953 D
953 W
1021 D
1021 W
1447 D
1447 W
1483 D
1483 W
1709 D
1709 W
2311 D
2311 W
3203 D
3203 W
3833 D
3833 W
3877 D
3877 W
4597 D
4597 W
5741 D
5741 W
7451 D
7451 W
8527 D
8527 W
9467 D
9467 W
12269 D
12269 W
12373 D
12373 W
13241 D
13241 W
14029 D
14029 W
14411 D
14411 W
17053 D
17053 W
27917 D
27917 W
38039 D
38039 W
50119 D
50119 W
51419 D
51419 W
56501 D
56501 W
59453 D
59453 W
59951 D
59951 W
106487 D
106487 W
152249 D
152249 W
321949 D
321949 W
428339 D
428339 W
469153 D
469153 W
607921 D
607921 W
663161 D
663161 W
872353 D
872353 W
971917 D
971917 W
1071283 D
1071283 W
1148263 D
1148263 W
1804013 D
1804013 W
2814557 D
2814557 W
5004067 D
5004067 W
5006761 D
5006761 W
5027557 D
5027557 W
5028943 D
5028943 W
5057453 D
5057453 W
5058437 D
5058437 W
5076199 D
5076199 W
5142911 D
5142911 W
5206489 D
5206489 W
5298107 D
5298107 W
5325659 D
5325659 W
5327369 D
5327369 W
5346613 D
5346613 W
5347619 D
5347619 W
5355299 D
5355299 W
5355487 D
5355487 W
5364893 D
5364893 W
5425787 D
5425787 W
5426483 D
5426483 W
5465497 D
5465497 W
5489443 D
5489443 W
5493197 D
5493197 W
5498851 D
5498851 W
5516561 D
5516561 W
5564269 D
5564269 W
5565247 D
5565247 W
5584567 D
5584567 W
5589229 D
5589229 W
5592869 D
5592869 W
5595613 D
5595613 W
5611477 D
5611477 W
5611789 D
5611789 W
5640461 D
5640461 W
5642729 D
5642729 W
5647069 D
5647069 W
5661209 D
5661209 W
5685037 D
5685037 W
5685683 D
5685683 W
5747773 D
5747773 W
5762863 D
5762863 W
5773991 D
5773991 W
5781803 D
5781803 W
5795021 D
5795021 W
5845753 D
5845753 W
5857921 D
5857921 W
5876327 D
5876327 W
5877853 D
5877853 W
5949079 D
5949079 W
6009853 D
6009853 W
6018919 D
6018919 W
6023651 D
6023651 W
6029119 D
6029119 W
6033593 D
6033593 W
6036721 D
6036721 W
6048769 D
6048769 W
6083687 D
6083687 W
6161213 D
6161213 W
6169463 D
6169463 W
6175991 D
6175991 W
6204613 D
6204613 W
6210551 D
6210551 W
6210613 D
6210613 W
6228809 D
6228809 W
6241733 D
6241733 W
6248303 D
6248303 W
6256487 D
6256487 W
6290873 D
6290873 W
6314447 D
6314447 W
6341213 D
6341213 W
6352147 D
6352147 W
6363289 D
6363289 W
6388981 D
6388981 W
6399611 D
6399611 W
6429947 D
6429947 W
6458737 D
6458737 W
6484901 D
6484901 W
6492443 D
6492443 W
6547529 D
6547529 W
6658843 D
6658843 W
6707891 D
6707891 W
6716929 D
6716929 W
6734803 D
6734803 W
6741533 D
6741533 W
6744539 D
6744539 W
6755599 D
6755599 W
6807961 D
6807961 W
6817297 D
6817297 W
6856781 D
6856781 W
6857759 D
6857759 W
6868759 D
6868759 W
6869743 D
6869743 W
6884197 D
6884197 W
6892031 D
6892031 W
6903437 D
6903437 W
6921127 D
6921127 W
6943459 D
6943459 W
6966919 D
6966919 W
6988511 D
6988511 W
6991571 D
6991571 W
7067747 D
7067747 W
7091681 D
7091681 W
7095467 D
7095467 W
7116647 D
7116647 W
7161997 D
7161997 W
7170643 D
7170643 W
7178141 D
7178141 W
7266491 D
7266491 W
7276699 D
7276699 W
7371269 D
7371269 W
7390051 D
7390051 W
7390519 D
7390519 W
7397347 D
7397347 W
7403321 D
7403321 W
7441591 D
7441591 W
7586659 D
7586659 W
7608833 D
7608833 W
7624093 D
7624093 W
7635151 D
7635151 W
7678733 D
7678733 W
7686689 D
7686689 W
7706869 D
7706869 W
7709783 D
7709783 W
7710761 D
7710761 W
7732279 D
7732279 W
7738537 D
7738537 W
7767433 D
7767433 W
7789333 D
7789333 W
7798369 D
7798369 W
7828157 D
7828157 W
7831081 D
7831081 W
7833893 D
7833893 W
7865393 D
7865393 W
7924733 D
7924733 W
7936141 D
7936141 W
7956043 D
7956043 W
7967423 D
7967423 W
7968871 D
7968871 W
7970507 D
7970507 W
7979173 D
7979173 W
8072593 D
8072593 W
8102581 D
8102581 W
8102609 D
8102609 W
8110667 D
8110667 W
8116763 D
8116763 W
8139031 D
8139031 W
8147647 D
8147647 W
8167111 D
8167111 W
8173927 D
8173927 W
8192923 D
8192923 W
8305681 D
8305681 W
8312411 D
8312411 W
8313719 D
8313719 W
8315507 D
8315507 W
8316541 D
8316541 W
8326193 D
8326193 W
8347483 D
8347483 W
8474357 D
8474357 W
8480827 D
8480827 W
8483117 D
8483117 W
8484167 D
8484167 W
8497249 D
8497249 W
8520503 D
8520503 W
8529919 D
8529919 W
8581087 D
8581087 W
8603267 D
8603267 W
8624617 D
8624617 W
8670773 D
8670773 W
8671697 D
8671697 W
8688577 D
8688577 W
8712827 D
8712827 W
8726087 D
8726087 W
8726803 D
8726803 W
8739503 D
8739503 W
8748601 D
8748601 W
8787839 D
8787839 W
8824219 D
8824219 W
8824679 D
8824679 W
8854733 D
8854733 W
8898761 D
8898761 W
8910151 D
8910151 W
8917789 D
8917789 W
8939131 D
8939131 W
8951249 D
8951249 W
8956139 D
8956139 W
8965049 D
8965049 W
8976157 D
8976157 W
8983411 D
8983411 W
9064571 D
9064571 W
9098477 D
9098477 W
9131939 D
9131939 W
9133633 D
9133633 W
9166879 D
9166879 W
9168407 D
9168407 W
9180481 D
9180481 W
9197599 D
9197599 W
9224161 D
9224161 W
9225709 D
9225709 W
9230227 D
9230227 W
9246631 D
9246631 W
9284563 D
9284563 W
9291167 D
9291167 W
9310297 D
9310297 W
9340147 D
9340147 W
9365017 D
9365017 W
9378793 D
9378793 W
9381859 D
9381859 W
9384521 D
9384521 W
9388843 D
9388843 W
9459217 D
9459217 W
9467461 D
9467461 W
9531727 D
9531727 W
9559307 D
9559307 W
9563467 D
9563467 W
9629369 D
9629369 W
9663727 D
9663727 W
9666073 D
9666073 W
9685477 D
9685477 W
9753661 D
9753661 W
9795103 D
9795103 W
9851719 D
9851719 W
9913697 D
9913697 W
9917263 D
9917263 W
9961421 D
9961421 W
9994709 D
9994709 W
2 L
2 L
2 L
2 L
2 L
2 L
2 L
2 L
2 L
2 L
2 L
2 L
2 L
2 L
2 L
2 L
2 L
2 L
2 L
2 L
2 L
2 L
2 L
2 L
2 L
2 L
2 L
2 L
2 L
2 L
2 L
2 L
2 L
2 L
2 L
2 L
2 L
2 L
2 L
2 L
2 L
2 L
2 L
2 L
2 L
2 L
2 L
2 L
2 L
3 L
3 L
3 L
3 L
3 L
3 L
3 L
3 L
3 L
3 L
3 L
3 L
3 L
3 L
3 L
3 L
3 L
3 L
3 L
3 L
3 L
3 L
3 L
3 L
3 L
3 L
3 D
3 D
3 W
3 L
5 L
5 L
5 L
5 L
5 L
5 L
5 D
5 D
5 W
5 L
7 L
7 L
7 L
7 L
7 L
7 L
7 L
11 L
11 L
11 L
11 D
11 D
11 W
11 L
13 L
13 L
13 L
17 L
17 L
19 L
19 L
23 L
23 L
23 L
23 L
29 L
29 L
29 D
29 D
29 W
29 L
31 L
37 D
37 D
37 W
37 L
43 D
43 D
43 W
43 L
53 D
53 D
53 W
53 L
59 D
59 D
59 W
59 L
61 D
61 D
61 W
61 L
67 D
67 D
67 W
67 L
71 L
79 L
83 D
83 D
83 W
83 L
89 L
89 D
89 D
89 W
89 L
97 D
97 D
97 W
97 L
101 D
101 D
101 W
101 L
103 L
107 L
109 D
109 D
109 W
109 L
113 L
127 D
127 D
127 W
127 L
131 L
137 D
137 D
137 W
137 L
139 D
139 D
139 W
139 L
149 L
163 L
167 D
167 D
167 W
167 L
173 D
173 D
173 W
173 L
179 L
223 L
239 L
271 D
271 D
271 W
271 L
283 D
283 D
283 W
283 L
311 L
337 L
347 D
347 D
347 W
347 L
349 D
349 D
349 W
349 L
353 L
409 D
409 D
409 W
409 L
421 D
421 D
421 W
421 L
431 D
431 D
431 W
431 L
487 D
487 D
487 W
487 L
491 D
491 D
491 W
491 L
557 D
557 D
557 W
557 L
569 D
569 D
569 W
569 L
631 D
631 D
631 W
631 L
787 D
787 D
787 W
787 L
809 D
809 D
809 W
809 L
953 D
953 D
953 W
953 L
1021 L
1031 D
1031 D
1031 W
1031 L
1091 D
1091 D
1091 W
1091 L
1447 D
1447 D
1447 W
1447 L
1471 D
1471 D
1471 W
1471 L
1483 D
1483 D
1483 W
1483 L
1597 D
1597 D
1597 W
1597 L
1709 D
1709 D
1709 W
1709 L
1787 D
1787 D
1787 W
1787 L
1889 D
1889 D
1889 W
1889 L
2269 D
2269 D
2269 W
2269 L
2311 D
2311 D
2311 W
2311 L
2383 D
2383 D
2383 W
2383 L
2593 D
2593 D
2593 W
2593 L
2897 D
2897 D
2897 W
2897 L
2957 D
2957 D
2957 W
2957 L
2971 D
2971 D
2971 W
2971 L
3203 D
3203 D
3203 W
3203 L
3833 D
3833 D
3833 W
3833 L
3877 D
3877 D
3877 W
3877 L
4423 D
4423 D
4423 W
4423 L
4597 D
4597 D
4597 W
4597 L
5471 D
5471 D
5471 W
5471 L
5741 D
5741 D
5741 W
5741 L
5821 D
5821 D
5821 W
5821 L
6047 D
6047 D
6047 W
6047 L
7129 D
7129 D
7129 W
7129 L
7451 D
7451 D
7451 W
7451 L
8329 D
8329 D
8329 W
8329 L
8527 D
8527 D
8527 W
8527 L
8647 D
8647 D
8647 W
8647 L
9467 D
9467 D
9467 W
9467 L
12043 D
12043 D
12043 W
12043 L
12269 D
12269 D
12269 W
12269 L
12373 D
12373 D
12373 W
12373 L
13241 D
13241 D
13241 W
13241 L
14029 D
14029 D
14029 W
14029 L
14249 D
14249 D
14249 W
14249 L
14347 D
14347 D
14347 W
14347 L
14411 D
14411 D
14411 W
14411 L
14449 D
14449 D
14449 W
14449 L
17053 D
17053 D
17053 W
17053 L
23201 D
23201 D
23201 W
23201 L
27917 D
27917 D
27917 W
27917 L
28351 D
28351 D
28351 W
28351 L
36107 D
36107 D
36107 W
36107 L
38039 D
38039 D
38039 W
38039 L
38561 D
38561 D
38561 W
38561 L
44021 D
44021 D
44021 W
44021 L
50119 D
50119 D
50119 W
50119 L
51419 D
51419 D
51419 W
51419 L
56501 D
56501 D
56501 W
56501 L
59453 D
59453 D
59453 W
59453 L
59951 D
59951 D
59951 W
59951 L
61843 D
61843 D
61843 W
61843 L
66457 D
66457 D
66457 W
66457 L
70583 D
70583 D
70583 W
70583 L
73529 D
73529 D
73529 W
73529 L
89227 D
89227 D
89227 W
89227 L
106487 D
106487 D
106487 W
106487 L
151253 D
151253 D
151253 W
151253 L
152249 D
152249 D
152249 W
152249 L
207269 D
207269 D
207269 W
207269 L
235811 D
235811 D
235811 W
235811 L
321949 D
321949 D
321949 W
321949 L
326087 D
326087 D
326087 W
326087 L
394759 D
394759 D
394759 W
394759 L
428339 D
428339 D
428339 W
428339 L
449131 D
449131 D
449131 W
449131 L
469153 D
469153 D
469153 W
469153 L
484037 D
484037 D
484037 W
484037 L
557927 D
557927 D
557927 W
557927 L
607921 D
607921 D
607921 W
607921 L
663161 D
663161 D
663161 W
663161 L
672283 D
672283 D
672283 W
672283 L
872353 D
872353 D
872353 W
872353 L
957161 D
957161 D
957161 W
957161 L
971917 D
971917 D
971917 W
971917 L
1040989 D
1040989 D
1040989 W
1040989 L
1071283 D
1071283 D
1071283 W
1071283 L
1148263 D
1148263 D
1148263 W
1148263 L
1804013 D
1804013 D
1804013 W
1804013 L
2036143 D
2036143 D
2036143 W
2036143 L
2056333 D
2056333 D
2056333 W
2056333 L
2194931 D
2194931 D
2194931 W
2194931 L
2357809 D
2357809 D
2357809 W
2357809 L
2814557 D
2814557 D
2814557 W
2814557 L
3898177 D
3898177 D
3898177 W
3898177 L
5004067 D
5004067 D
5004067 W
5004067 L
5006761 D
5006761 D
5006761 W
5006761 L
5023397 D
5023397 D
5023397 W
5023397 L
5027557 D
5027557 D
5027557 W
5027557 L
5028943 D
5028943 D
5028943 W
5028943 L
5029303 D
5029303 D
5029303 W
5029303 L
5046401 D
5046401 D
5046401 W
5046401 L
5057453 D
5057453 D
5057453 W
5057453 L
5058437 D
5058437 D
5058437 W
5058437 L
5076199 D
5076199 D
5076199 W
5076199 L
5100083 D
5100083 D
5100083 W
5100083 L
5101627 D
5101627 D
5101627 W
5101627 L
5107607 D
5107607 D
5107607 W
5107607 L
5118359 D
5118359 D
5118359 W
5118359 L
5142911 D
5142911 D
5142911 W
5142911 L
5151581 D
5151581 D
5151581 W
5151581 L
5186947 D
5186947 D
5186947 W
5186947 L
5206489 D
5206489 D
5206489 W
5206489 L
5218793 D
5218793 D
5218793 W
5218793 L
5224631 D
5224631 D
5224631 W
5224631 L
5243419 D
5243419 D
5243419 W
5243419 L
5243869 D
5243869 D
5243869 W
5243869 L
5246617 D
5246617 D
5246617 W
5246617 L
5289289 D
5289289 D
5289289 W
5289289 L
5298107 D
5298107 D
5298107 W
5298107 L
5325659 D
5325659 D
5325659 W
5325659 L
5327369 D
5327369 D
5327369 W
5327369 L
5333227 D
5333227 D
5333227 W
5333227 L
5338121 D
5338121 D
5338121 W
5338121 L
5346083 D
5346083 D
5346083 W
5346083 L
5346613 D
5346613 D
5346613 W
5346613 L
5347619 D
5347619 D
5347619 W
5347619 L
5355299 D
5355299 D
5355299 W
5355299 L
5355487 D
5355487 D
5355487 W
5355487 L
5364893 D
5364893 D
5364893 W
5364893 L
5369101 D
5369101 D
5369101 W
5369101 L
5385143 D
5385143 D
5385143 W
5385143 L
5425787 D
5425787 D
5425787 W
5425787 L
5426483 D
5426483 D
5426483 W
5426483 L
5437339 D
5437339 D
5437339 W
5437339 L
5465497 D
5465497 D
5465497 W
5465497 L
5489443 D
5489443 D
5489443 W
5489443 L
5493197 D
5493197 D
5493197 W
5493197 L
5495629 D
5495629 D
5495629 W
5495629 L
5498851 D
5498851 D
5498851 W
5498851 L
5509039 D
5509039 D
5509039 W
5509039 L
5510207 D
5510207 D
5510207 W
5510207 L
5516561 D
5516561 D
5516561 W
5516561 L
5564269 D
5564269 D
5564269 W
5564269 L
5565247 D
5565247 D
5565247 W
5565247 L
5573927 D
5573927 D
5573927 W
5573927 L
5575553 D
5575553 D
5575553 W
5575553 L
5584567 D
5584567 D
5584567 W
5584567 L
5589229 D
5589229 D
5589229 W
5589229 L
5592869 D
5592869 D
5592869 W
5592869 L
5595613 D
5595613 D
5595613 W
5595613 L
5607361 D
5607361 D
5607361 W
5607361 L
5611477 D
5611477 D
5611477 W
5611477 L
5611789 D
5611789 D
5611789 W
5611789 L
5631599 D
5631599 D
5631599 W
5631599 L
5637733 D
5637733 D
5637733 W
5637733 L
5640461 D
5640461 D
5640461 W
5640461 L
5642729 D
5642729 D
5642729 W
5642729 L
5647069 D
5647069 D
5647069 W
5647069 L
5661209 D
5661209 D
5661209 W
5661209 L
5685037 D
5685037 D
5685037 W
5685037 L
5685683 D
5685683 D
5685683 W
5685683 L
5747773 D
5747773 D
5747773 W
5747773 L
5752699 D
5752699 D
5752699 W
5752699 L
5753323 D
5753323 D
5753323 W
5753323 L
5753731 D
5753731 D
5753731 W
5753731 L
5762863 D
5762863 D
5762863 W
5762863 L
5770253 D
5770253 D
5770253 W
5770253 L
5773991 D
5773991 D
5773991 W
5773991 L
5778769 D
5778769 D
5778769 W
5778769 L
5781803 D
5781803 D
5781803 W
5781803 L
5795021 D
5795021 D
5795021 W
5795021 L
5799977 D
5799977 D
5799977 W
5799977 L
5845753 D
5845753 D
5845753 W
5845753 L
5849461 D
5849461 D
5849461 W
5849461 L
5857921 D
5857921 D
5857921 W
5857921 L
5867749 D
5867749 D
5867749 W
5867749 L
5876327 D
5876327 D
5876327 W
5876327 L
5877853 D
5877853 D
5877853 W
5877853 L
5917267 D
5917267 D
5917267 W
5917267 L
5919289 D
5919289 D
5919289 W
5919289 L
5921989 D
5921989 D
5921989 W
5921989 L
5949079 D
5949079 D
5949079 W
5949079 L
5958047 D
5958047 D
5958047 W
5958047 L
6009853 D
6009853 D
6009853 W
6009853 L
6013211 D
6013211 D
6013211 W
6013211 L
6014473 D
6014473 D
6014473 W
6014473 L
6018919 D
6018919 D
6018919 W
6018919 L
6023651 D
6023651 D
6023651 W
6023651 L
6028313 D
6028313 D
6028313 W
6028313 L
6029119 D
6029119 D
6029119 W
6029119 L
6033593 D
6033593 D
6033593 W
6033593 L
6036721 D
6036721 D
6036721 W
6036721 L
6048769 D
6048769 D
6048769 W
6048769 L
6051079 D
6051079 D
6051079 W
6051079 L
6083687 D
6083687 D
6083687 W
6083687 L
6161213 D
6161213 D
6161213 W
6161213 L
6169463 D
6169463 D
6169463 W
6169463 L
6175861 D
6175861 D
6175861 W
6175861 L
6175991 D
6175991 D
6175991 W
6175991 L
6204613 D
6204613 D
6204613 W
6204613 L
6210551 D
6210551 D
6210551 W
6210551 L
6210613 D
6210613 D
6210613 W
6210613 L
6211831 D
6211831 D
6211831 W
6211831 L
6228809 D
6228809 D
6228809 W
6228809 L
6241733 D
6241733 D
6241733 W
6241733 L
6248303 D
6248303 D
6248303 W
6248303 L
6256487 D
6256487 D
6256487 W
6256487 L
6290873 D
6290873 D
6290873 W
6290873 L
6308851 D
6308851 D
6308851 W
6308851 L
6311051 D
6311051 D
6311051 W
6311051 L
6312773 D
6312773 D
6312773 W
6312773 L
6314447 D
6314447 D
6314447 W
6314447 L
6341213 D
6341213 D
6341213 W
6341213 L
6346553 D
6346553 D
6346553 W
6346553 L
6352147 D
6352147 D
6352147 W
6352147 L
6363289 D
6363289 D
6363289 W
6363289 L
6388981 D
6388981 D
6388981 W
6388981 L
6399611 D
6399611 D
6399611 W
6399611 L
6429947 D
6429947 D
6429947 W
6429947 L
6439033 D
6439033 D
6439033 W
6439033 L
6458737 D
6458737 D
6458737 W
6458737 L
6460567 D
6460567 D
6460567 W
6460567 L
6464551 D
6464551 D
6464551 W
6464551 L
6484901 D
6484901 D
6484901 W
6484901 L
6488939 D
6488939 D
6488939 W
6488939 L
6492443 D
6492443 D
6492443 W
6492443 L
6504599 D
6504599 D
6504599 W
6504599 L
6531403 D
6531403 D
6531403 W
6531403 L
6535073 D
6535073 D
6535073 W
6535073 L
6547529 D
6547529 D
6547529 W
6547529 L
6552353 D
6552353 D
6552353 W
6552353 L
6558791 D
6558791 D
6558791 W
6558791 L
6558913 D
6558913 D
6558913 W
6558913 L
6566387 D
6566387 D
6566387 W
6566387 L
6581137 D
6581137 D
6581137 W
6581137 L
6592693 D
6592693 D
6592693 W
6592693 L
6596167 D
6596167 D
6596167 W
6596167 L
6606641 D
6606641 D
6606641 W
6606641 L
6658843 D
6658843 D
6658843 W
6658843 L
6678017 D
6678017 D
6678017 W
6678017 L
6707891 D
6707891 D
6707891 W
6707891 L
6716929 D
6716929 D
6716929 W
6716929 L
6728009 D
6728009 D
6728009 W
6728009 L
6734803 D
6734803 D
6734803 W
6734803 L
6739309 D
6739309 D
6739309 W
6739309 L
6741533 D
6741533 D
6741533 W
6741533 L
6744539 D
6744539 D
6744539 W
6744539 L
6755599 D
6755599 D
6755599 W
6755599 L
6782051 D
6782051 D
6782051 W
6782051 L
6796883 D
6796883 D
6796883 W
6796883 L
6807961 D
6807961 D
6807961 W
6807961 L
6817297 D
6817297 D
6817297 W
6817297 L
6850793 D
6850793 D
6850793 W
6850793 L
6851489 D
6851489 D
6851489 W
6851489 L
6856781 D
6856781 D
6856781 W
6856781 L
6857759 D
6857759 D
6857759 W
6857759 L
6867181 D
6867181 D
6867181 W
6867181 L
6868759 D
6868759 D
6868759 W
6868759 L
6869743 D
6869743 D
6869743 W
6869743 L
6884197 D
6884197 D
6884197 W
6884197 L
6890537 D
6890537 D
6890537 W
6890537 L
6892031 D
6892031 D
6892031 W
6892031 L
6903437 D
6903437 D
6903437 W
6903437 L
6920801 D
6920801 D
6920801 W
6920801 L
6921127 D
6921127 D
6921127 W
6921127 L
6925847 D
6925847 D
6925847 W
6925847 L
6936367 D
6936367 D
6936367 W
6936367 L
6939011 D
6939011 D
6939011 W
6939011 L
6943459 D
6943459 D
6943459 W
6943459 L
6966703 D
6966703 D
6966703 W
6966703 L
6966919 D
6966919 D
6966919 W
6966919 L
6979241 D
6979241 D
6979241 W
6979241 L
6988511 D
6988511 D
6988511 W
6988511 L
6991571 D
6991571 D
6991571 W
6991571 L
7001083 D
7001083 D
7001083 W
7001083 L
7031293 D
7031293 D
7031293 W
7031293 L
7067747 D
7067747 D
7067747 W
7067747 L
7068569 D
7068569 D
7068569 W
7068569 L
7091681 D
7091681 D
7091681 W
7091681 L
7095467 D
7095467 D
7095467 W
7095467 L
7105583 D
7105583 D
7105583 W
7105583 L
7116647 D
7116647 D
7116647 W
7116647 L
7122697 D
7122697 D
7122697 W
7122697 L
7161997 D
7161997 D
7161997 W
7161997 L
7170643 D
7170643 D
7170643 W
7170643 L
7173349 D
7173349 D
7173349 W
7173349 L
7178141 D
7178141 D
7178141 W
7178141 L
7190369 D
7190369 D
7190369 W
7190369 L
7213061 D
7213061 D
7213061 W
7213061 L
7266491 D
7266491 D
7266491 W
7266491 L
7276699 D
7276699 D
7276699 W
7276699 L
7322873 D
7322873 D
7322873 W
7322873 L
7349879 D
7349879 D
7349879 W
7349879 L
7371269 D
7371269 D
7371269 W
7371269 L
7390051 D
7390051 D
7390051 W
7390051 L
7390519 D
7390519 D
7390519 W
7390519 L
7397347 D
7397347 D
7397347 W
7397347 L
7403321 D
7403321 D
7403321 W
7403321 L
7403917 D
7403917 D
7403917 W
7403917 L
7441591 D
7441591 D
7441591 W
7441591 L
7462321 D
7462321 D
7462321 W
7462321 L
7474871 D
7474871 D
7474871 W
7474871 L
7496959 D
7496959 D
7496959 W
7496959 L
7567321 D
7567321 D
7567321 W
7567321 L
7572977 D
7572977 D
7572977 W
7572977 L
7586659 D
7586659 D
7586659 W
7586659 L
7588351 D
7588351 D
7588351 W
7588351 L
7604563 D
7604563 D
7604563 W
7604563 L
7608833 D
7608833 D
7608833 W
7608833 L
7624093 D
7624093 D
7624093 W
7624093 L
7635151 D
7635151 D
7635151 W
7635151 L
7659997 D
7659997 D
7659997 W
7659997 L
7678733 D
7678733 D
7678733 W
7678733 L
7686689 D
7686689 D
7686689 W
7686689 L
7699891 D
7699891 D
7699891 W
7699891 L
7706869 D
7706869 D
7706869 W
7706869 L
7709783 D
7709783 D
7709783 W
7709783 L
7710761 D
7710761 D
7710761 W
7710761 L
7732279 D
7732279 D
7732279 W
7732279 L
7735669 D
7735669 D
7735669 W
7735669 L
7738537 D
7738537 D
7738537 W
7738537 L
7767433 D
7767433 D
7767433 W
7767433 L
7768177 D
7768177 D
7768177 W
7768177 L
7785067 D
7785067 D
7785067 W
7785067 L
7789333 D
7789333 D
7789333 W
7789333 L
7790507 D
7790507 D
7790507 W
7790507 L
7798369 D
7798369 D
7798369 W
7798369 L
7809203 D
7809203 D
7809203 W
7809203 L
7819519 D
7819519 D
7819519 W
7819519 L
7828157 D
7828157 D
7828157 W
7828157 L
7831081 D
7831081 D
7831081 W
7831081 L
7833893 D
7833893 D
7833893 W
7833893 L
7835819 D
7835819 D
7835819 W
7835819 L
7856213 D
7856213 D
7856213 W
7856213 L
7865393 D
7865393 D
7865393 W
7865393 L
7911503 D
7911503 D
7911503 W
7911503 L
7924733 D
7924733 D
7924733 W
7924733 L
7936141 D
7936141 D
7936141 W
7936141 L
7939147 D
7939147 D
7939147 W
7939147 L
7956043 D
7956043 D
7956043 W
7956043 L
7967423 D
7967423 D
7967423 W
7967423 L
7968871 D
7968871 D
7968871 W
7968871 L
7970507 D
7970507 D
7970507 W
7970507 L
7974587 D
7974587 D
7974587 W
7974587 L
7979173 D
7979173 D
7979173 W
7979173 L
8033891 D
8033891 D
8033891 W
8033891 L
8072593 D
8072593 D
8072593 W
8072593 L
8102581 D
8102581 D
8102581 W
8102581 L
8102609 D
8102609 D
8102609 W
8102609 L
8110667 D
8110667 D
8110667 W
8110667 L
8116001 D
8116001 D
8116001 W
8116001 L
8116763 D
8116763 D
8116763 W
8116763 L
8139031 D
8139031 D
8139031 W
8139031 L
8147647 D
8147647 D
8147647 W
8147647 L
8167111 D
8167111 D
8167111 W
8167111 L
8173927 D
8173927 D
8173927 W
8173927 L
8192923 D
8192923 D
8192923 W
8192923 L
8305681 D
8305681 D
8305681 W
8305681 L
8312411 D
8312411 D
8312411 W
8312411 L
8313719 D
8313719 D
8313719 W
8313719 L
8315507 D
8315507 D
8315507 W
8315507 L
8316541 D
8316541 D
8316541 W
8316541 L
8326193 D
8326193 D
8326193 W
8326193 L
8337023 D
8337023 D
8337023 W
8337023 L
8347483 D
8347483 D
8347483 W
8347483 L
8347979 D
8347979 D
8347979 W
8347979 L
8359081 D
8359081 D
8359081 W
8359081 L
8379647 D
8379647 D
8379647 W
8379647 L
8389489 D
8389489 D
8389489 W
8389489 L
8401633 D
8401633 D
8401633 W
8401633 L
8425891 D
8425891 D
8425891 W
8425891 L
8426107 D
8426107 D
8426107 W
8426107 L
8436167 D
8436167 D
8436167 W
8436167 L
8436763 D
8436763 D
8436763 W
8436763 L
8456551 D
8456551 D
8456551 W
8456551 L
8462879 D
8462879 D
8462879 W
8462879 L
8474357 D
8474357 D
8474357 W
8474357 L
8480827 D
8480827 D
8480827 W
8480827 L
8483117 D
8483117 D
8483117 W
8483117 L
8484167 D
8484167 D
8484167 W
8484167 L
8488621 D
8488621 D
8488621 W
8488621 L
8493869 D
8493869 D
8493869 W
8493869 L
8497249 D
8497249 D
8497249 W
8497249 L
8508013 D
8508013 D
8508013 W
8508013 L
8520503 D
8520503 D
8520503 W
8520503 L
8529919 D
8529919 D
8529919 W
8529919 L
8581087 D
8581087 D
8581087 W
8581087 L
8603267 D
8603267 D
8603267 W
8603267 L
8606341 D
8606341 D
8606341 W
8606341 L
8624617 D
8624617 D
8624617 W
8624617 L
8670773 D
8670773 D
8670773 W
8670773 L
8671697 D
8671697 D
8671697 W
8671697 L
8674271 D
8674271 D
8674271 W
8674271 L
8688577 D
8688577 D
8688577 W
8688577 L
8696113 D
8696113 D
8696113 W
8696113 L
8712827 D
8712827 D
8712827 W
8712827 L
8726087 D
8726087 D
8726087 W
8726087 L
8726803 D
8726803 D
8726803 W
8726803 L
8731711 D
8731711 D
8731711 W
8731711 L
8737571 D
8737571 D
8737571 W
8737571 L
8739503 D
8739503 D
8739503 W
8739503 L
8743489 D
8743489 D
8743489 W
8743489 L
8748601 D
8748601 D
8748601 W
8748601 L
8771459 D
8771459 D
8771459 W
8771459 L
8780327 D
8780327 D
8780327 W
8780327 L
8787839 D
8787839 D
8787839 W
8787839 L
8815343 D
8815343 D
8815343 W
8815343 L
8824219 D
8824219 D
8824219 W
8824219 L
8824679 D
8824679 D
8824679 W
8824679 L
8851727 D
8851727 D
8851727 W
8851727 L
8854733 D
8854733 D
8854733 W
8854733 L
8874557 D
8874557 D
8874557 W
8874557 L
8886799 D
8886799 D
8886799 W
8886799 L
8898761 D
8898761 D
8898761 W
8898761 L
8910151 D
8910151 D
8910151 W
8910151 L
8911489 D
8911489 D
8911489 W
8911489 L
8917789 D
8917789 D
8917789 W
8917789 L
8939131 D
8939131 D
8939131 W
8939131 L
8951249 D
8951249 D
8951249 W
8951249 L
8956139 D
8956139 D
8956139 W
8956139 L
8965049 D
8965049 D
8965049 W
8965049 L
8976157 D
8976157 D
8976157 W
8976157 L
8983411 D
8983411 D
8983411 W
8983411 L
9025271 D
9025271 D
9025271 W
9025271 L
9027973 D
9027973 D
9027973 W
9027973 L
9041027 D
9041027 D
9041027 W
9041027 L
9043939 D
9043939 D
9043939 W
9043939 L
9053827 D
9053827 D
9053827 W
9053827 L
9063623 D
9063623 D
9063623 W
9063623 L
9064571 D
9064571 D
9064571 W
9064571 L
9082727 D
9082727 D
9082727 W
9082727 L
9098477 D
9098477 D
9098477 W
9098477 L
9126181 D
9126181 D
9126181 W
9126181 L
9128989 D
9128989 D
9128989 W
9128989 L
9131939 D
9131939 D
9131939 W
9131939 L
9133633 D
9133633 D
9133633 W
9133633 L
9138427 D
9138427 D
9138427 W
9138427 L
9164861 D
9164861 D
9164861 W
9164861 L
9166879 D
9166879 D
9166879 W
9166879 L
9168407 D
9168407 D
9168407 W
9168407 L
9180481 D
9180481 D
9180481 W
9180481 L
9191381 D
9191381 D
9191381 W
9191381 L
9197599 D
9197599 D
9197599 W
9197599 L
9211597 D
9211597 D
9211597 W
9211597 L
9215933 D
9215933 D
9215933 W
9215933 L
9223519 D
9223519 D
9223519 W
9223519 L
9224161 D
9224161 D
9224161 W
9224161 L
9225709 D
9225709 D
9225709 W
9225709 L
9226411 D
9226411 D
9226411 W
9226411 L
9230227 D
9230227 D
9230227 W
9230227 L
9231401 D
9231401 D
9231401 W
9231401 L
9238057 D
9238057 D
9238057 W
9238057 L
9246631 D
9246631 D
9246631 W
9246631 L
9256151 D
9256151 D
9256151 W
9256151 L
9284563 D
9284563 D
9284563 W
9284563 L
9291167 D
9291167 D
9291167 W
9291167 L
9310297 D
9310297 D
9310297 W
9310297 L
9332909 D
9332909 D
9332909 W
9332909 L
9340147 D
9340147 D
9340147 W
9340147 L
9356803 D
9356803 D
9356803 W
9356803 L
9365017 D
9365017 D
9365017 W
9365017 L
9371581 D
9371581 D
9371581 W
9371581 L
9378793 D
9378793 D
9378793 W
9378793 L
9381859 D
9381859 D
9381859 W
9381859 L
9384521 D
9384521 D
9384521 W
9384521 L
9388843 D
9388843 D
9388843 W
9388843 L
9409747 D
9409747 D
9409747 W
9409747 L
9412603 D
9412603 D
9412603 W
9412603 L
9418007 D
9418007 D
9418007 W
9418007 L
9434729 D
9434729 D
9434729 W
9434729 L
9436253 D
9436253 D
9436253 W
9436253 L
9459217 D
9459217 D
9459217 W
9459217 L
9459337 D
9459337 D
9459337 W
9459337 L
9466799 D
9466799 D
9466799 W
9466799 L
9467461 D
9467461 D
9467461 W
9467461 L
9517583 D
9517583 D
9517583 W
9517583 L
9529361 D
9529361 D
9529361 W
9529361 L
9531727 D
9531727 D
9531727 W
9531727 L
9555659 D
9555659 D
9555659 W
9555659 L
9559307 D
9559307 D
9559307 W
9559307 L
9563467 D
9563467 D
9563467 W
9563467 L
9581983 D
9581983 D
9581983 W
9581983 L
9594421 D
9594421 D
9594421 W
9594421 L
9614141 D
9614141 D
9614141 W
9614141 L
9614183 D
9614183 D
9614183 W
9614183 L
9614617 D
9614617 D
9614617 W
9614617 L
9619007 D
9619007 D
9619007 W
9619007 L
9627517 D
9627517 D
9627517 W
9627517 L
9629369 D
9629369 D
9629369 W
9629369 L
9642869 D
9642869 D
9642869 W
9642869 L
9651533 D
9651533 D
9651533 W
9651533 L
9663727 D
9663727 D
9663727 W
9663727 L
9665507 D
9665507 D
9665507 W
9665507 L
9666073 D
9666073 D
9666073 W
9666073 L
9685477 D
9685477 D
9685477 W
9685477 L
9686321 D
9686321 D
9686321 W
9686321 L
9734237 D
9734237 D
9734237 W
9734237 L
9753661 D
9753661 D
9753661 W
9753661 L
9774491 D
9774491 D
9774491 W
9774491 L
9786787 D
9786787 D
9786787 W
9786787 L
9788083 D
9788083 D
9788083 W
9788083 L
9790061 D
9790061 D
9790061 W
9790061 L
9795103 D
9795103 D
9795103 W
9795103 L
9795257 D
9795257 D
9795257 W
9795257 L
9832019 D
9832019 D
9832019 W
9832019 L
9850669 D
9850669 D
9850669 W
9850669 L
9851719 D
9851719 D
9851719 W
9851719 L
9854417 D
9854417 D
9854417 W
9854417 L
9913697 D
9913697 D
9913697 W
9913697 L
9917263 D
9917263 D
9917263 W
9917263 L
9960053 D
9960053 D
9960053 W
9960053 L
9961421 D
9961421 D
9961421 W
9961421 L
9993967 D
9993967 D
9993967 W
9993967 L
9994709 D
9994709 D
9994709 W
9994709 L
9998281 D
9998281 D
9998281 W
9998281 L
