840
29 D
29 W
281 D
281 W
293 D
293 W
401 D
401 W
479 D
479 W
617 D
617 W
677 D
677 W
683 D
683 W
691 D
691 W
709 D
709 W
823 D
823 W
881 D
881 W
1163 D
1163 W
1217 D
1217 W
1249 D
1249 W
1429 D
1429 W
1451 D
1451 W
1493 D
1493 W
1543 D
1543 W
1559 D
1559 W
1747 D
1747 W
1783 D
1783 W
1823 D
1823 W
1831 D
1831 W
1889 D
1889 W
2089 D
2089 W
2557 D
2557 W
2591 D
2591 W
2657 D
2657 W
2767 D
2767 W
2791 D
2791 W
2957 D
2957 W
3119 D
3119 W
3343 D
3343 W
3373 D
3373 W
3407 D
3407 W
3533 D
3533 W
3733 D
3733 W
3917 D
3917 W
4073 D
4073 W
4241 D
4241 W
4273 D
4273 W
4423 D
4423 W
4507 D
4507 W
4621 D
4621 W
4663 D
4663 W
4679 D
4679 W
4733 D
4733 W
4759 D
4759 W
4919 D
4919 W
5021 D
5021 W
5101 D
5101 W
5167 D
5167 W
5179 D
5179 W
5273 D
5273 W
5443 D
5443 W
5527 D
5527 W
5839 D
5839 W
5981 D
5981 W
6047 D
6047 W
6217 D
6217 W
6247 D
6247 W
6277 D
6277 W
6367 D
6367 W
6427 D
6427 W
6473 D
6473 W
6563 D
6563 W
6869 D
6869 W
7109 D
7109 W
7487 D
7487 W
7603 D
7603 W
7841 D
7841 W
7907 D
7907 W
7949 D
7949 W
8059 D
8059 W
8069 D
8069 W
8629 D
8629 W
8663 D
8663 W
8741 D
8741 W
8929 D
8929 W
9091 D
9091 W
9341 D
9341 W
9397 D
9397 W
9521 D
9521 W
9739 D
9739 W
9749 D
9749 W
2 D
2 D
2 W
2 L
3 D
3 D
3 W
3 L
5 D
5 D
5 W
5 L
7 D
7 D
7 W
7 L
11 D
11 D
11 W
11 L
13 D
13 D
13 W
13 L
17 D
17 D
17 W
17 L
19 D
19 D
19 W
19 L
23 D
23 D
23 W
23 L
29 D
29 D
29 W
29 L
31 D
31 D
31 W
31 L
43 D
43 D
43 W
43 L
89 D
89 D
89 W
89 L
103 D
103 D
103 W
103 L
137 D
137 D
137 W
137 L
227 D
227 D
227 W
227 L
271 D
271 D
271 W
271 L
281 D
281 D
281 W
281 L
293 D
293 D
293 W
293 L
367 D
367 D
367 W
367 L
401 D
401 D
401 W
401 L
419 D
419 D
419 W
419 L
479 D
479 D
479 W
479 L
571 D
571 D
571 W
571 L
599 D
599 D
599 W
599 L
607 D
607 D
607 W
607 L
617 D
617 D
617 W
617 L
677 D
677 D
677 W
677 L
683 D
683 D
683 W
683 L
691 D
691 D
691 W
691 L
709 D
709 D
709 W
709 L
809 D
809 D
809 W
809 L
823 D
823 D
823 W
823 L
881 D
881 D
881 W
881 L
883 D
883 D
883 W
883 L
1031 D
1031 D
1031 W
1031 L
1033 D
1033 D
1033 W
1033 L
1117 D
1117 D
1117 W
1117 L
1163 D
1163 D
1163 W
1163 L
1193 D
1193 D
1193 W
1193 L
1217 D
1217 D
1217 W
1217 L
1249 D
1249 D
1249 W
1249 L
1277 D
1277 D
1277 W
1277 L
1321 D
1321 D
1321 W
1321 L
1423 D
1423 D
1423 W
1423 L
1429 D
1429 D
1429 W
1429 L
1451 D
1451 D
1451 W
1451 L
1493 D
1493 D
1493 W
1493 L
1543 D
1543 D
1543 W
1543 L
1559 D
1559 D
1559 W
1559 L
1747 D
1747 D
1747 W
1747 L
1783 D
1783 D
1783 W
1783 L
1823 D
1823 D
1823 W
1823 L
1831 D
1831 D
1831 W
1831 L
1877 D
1877 D
1877 W
1877 L
1889 D
1889 D
1889 W
1889 L
1901 D
1901 D
1901 W
1901 L
2089 D
2089 D
2089 W
2089 L
2213 D
2213 D
2213 W
2213 L
2339 D
2339 D
2339 W
2339 L
2539 D
2539 D
2539 W
2539 L
2557 D
2557 D
2557 W
2557 L
2591 D
2591 D
2591 W
2591 L
2657 D
2657 D
2657 W
2657 L
2687 D
2687 D
2687 W
2687 L
2713 D
2713 D
2713 W
2713 L
2767 D
2767 D
2767 W
2767 L
2791 D
2791 D
2791 W
2791 L
2797 D
2797 D
2797 W
2797 L
2903 D
2903 D
2903 W
2903 L
2957 D
2957 D
2957 W
2957 L
2971 D
2971 D
2971 W
2971 L
3109 D
3109 D
3109 W
3109 L
3119 D
3119 D
3119 W
3119 L
3121 D
3121 D
3121 W
3121 L
3187 D
3187 D
3187 W
3187 L
3217 D
3217 D
3217 W
3217 L
3221 D
3221 D
3221 W
3221 L
3343 D
3343 D
3343 W
3343 L
3373 D
3373 D
3373 W
3373 L
3407 D
3407 D
3407 W
3407 L
3457 D
3457 D
3457 W
3457 L
3533 D
3533 D
3533 W
3533 L
3631 D
3631 D
3631 W
3631 L
3709 D
3709 D
3709 W
3709 L
3733 D
3733 D
3733 W
3733 L
3803 D
3803 D
3803 W
3803 L
3917 D
3917 D
3917 W
3917 L
3919 D
3919 D
3919 W
3919 L
4049 D
4049 D
4049 W
4049 L
4073 D
4073 D
4073 W
4073 L
4129 D
4129 D
4129 W
4129 L
4241 D
4241 D
4241 W
4241 L
4273 D
4273 D
4273 W
4273 L
4423 D
4423 D
4423 W
4423 L
4507 D
4507 D
4507 W
4507 L
4517 D
4517 D
4517 W
4517 L
4547 D
4547 D
4547 W
4547 L
4621 D
4621 D
4621 W
4621 L
4663 D
4663 D
4663 W
4663 L
4679 D
4679 D
4679 W
4679 L
4703 D
4703 D
4703 W
4703 L
4721 D
4721 D
4721 W
4721 L
4733 D
4733 D
4733 W
4733 L
4759 D
4759 D
4759 W
4759 L
4919 D
4919 D
4919 W
4919 L
5021 D
5021 D
5021 W
5021 L
5081 D
5081 D
5081 W
5081 L
5101 D
5101 D
5101 W
5101 L
5167 D
5167 D
5167 W
5167 L
5179 D
5179 D
5179 W
5179 L
5273 D
5273 D
5273 W
5273 L
5279 D
5279 D
5279 W
5279 L
5393 D
5393 D
5393 W
5393 L
5443 D
5443 D
5443 W
5443 L
5527 D
5527 D
5527 W
5527 L
5647 D
5647 D
5647 W
5647 L
5839 D
5839 D
5839 W
5839 L
5869 D
5869 D
5869 W
5869 L
5953 D
5953 D
5953 W
5953 L
5981 D
5981 D
5981 W
5981 L
6011 D
6011 D
6011 W
6011 L
6047 D
6047 D
6047 W
6047 L
6067 D
6067 D
6067 W
6067 L
6217 D
6217 D
6217 W
6217 L
6247 D
6247 D
6247 W
6247 L
6277 D
6277 D
6277 W
6277 L
6359 D
6359 D
6359 W
6359 L
6367 D
6367 D
6367 W
6367 L
6427 D
6427 D
6427 W
6427 L
6473 D
6473 D
6473 W
6473 L
6563 D
6563 D
6563 W
6563 L
6599 D
6599 D
6599 W
6599 L
6659 D
6659 D
6659 W
6659 L
6673 D
6673 D
6673 W
6673 L
6701 D
6701 D
6701 W
6701 L
6869 D
6869 D
6869 W
6869 L
6977 D
6977 D
6977 W
6977 L
7109 D
7109 D
7109 W
7109 L
7151 D
7151 D
7151 W
7151 L
7487 D
7487 D
7487 W
7487 L
7549 D
7549 D
7549 W
7549 L
7603 D
7603 D
7603 W
7603 L
7687 D
7687 D
7687 W
7687 L
7841 D
7841 D
7841 W
7841 L
7877 D
7877 D
7877 W
7877 L
7901 D
7901 D
7901 W
7901 L
7907 D
7907 D
7907 W
7907 L
7937 D
7937 D
7937 W
7937 L
7949 D
7949 D
7949 W
7949 L
8059 D
8059 D
8059 W
8059 L
8069 D
8069 D
8069 W
8069 L
8513 D
8513 D
8513 W
8513 L
8629 D
8629 D
8629 W
8629 L
8663 D
8663 D
8663 W
8663 L
8741 D
8741 D
8741 W
8741 L
8929 D
8929 D
8929 W
8929 L
9091 D
9091 D
9091 W
9091 L
9161 D
9161 D
9161 W
9161 L
9203 D
9203 D
9203 W
9203 L
9311 D
9311 D
9311 W
9311 L
9341 D
9341 D
9341 W
9341 L
9397 D
9397 D
9397 W
9397 L
9521 D
9521 D
9521 W
9521 L
9539 D
9539 D
9539 W
9539 L
9739 D
9739 D
9739 W
9739 L
9749 D
9749 D
9749 W
9749 L
