766
29 D
29 W
61 D
61 W
337 D
337 W
601 D
601 W
653 D
653 W
769 D
769 W
1831 D
1831 W
2377 D
2377 W
2399 D
2399 W
2579 D
2579 W
2729 D
2729 W
2833 D
2833 W
2927 D
2927 W
3001 D
3001 W
3079 D
3079 W
3119 D
3119 W
3361 D
3361 W
3499 D
3499 W
3631 D
3631 W
3797 D
3797 W
3803 D
3803 W
3877 D
3877 W
3947 D
3947 W
3967 D
3967 W
4073 D
4073 W
4079 D
4079 W
4129 D
4129 W
4253 D
4253 W
4363 D
4363 W
4493 D
4493 W
4751 D
4751 W
5437 D
5437 W
5449 D
5449 W
5563 D
5563 W
5783 D
5783 W
6091 D
6091 W
6581 D
6581 W
6719 D
6719 W
6871 D
6871 W
6991 D
6991 W
7043 D
7043 W
7109 D
7109 W
7237 D
7237 W
7321 D
7321 W
7451 D
7451 W
7673 D
7673 W
7687 D
7687 W
8093 D
8093 W
8117 D
8117 W
8501 D
8501 W
8819 D
8819 W
8863 D
8863 W
9623 D
9623 W
9733 D
9733 W
9929 D
9929 W
2 D
2 D
2 W
2 L
3 D
3 D
3 W
3 L
5 D
5 D
5 W
5 L
7 D
7 D
7 W
7 L
11 D
11 D
11 W
11 L
13 D
13 D
13 W
13 L
17 D
17 D
17 W
17 L
19 D
19 D
19 W
19 L
23 D
23 D
23 W
23 L
29 D
29 D
29 W
29 L
31 D
31 D
31 W
31 L
47 D
47 D
47 W
47 L
61 D
61 D
61 W
61 L
131 D
131 D
131 W
131 L
157 D
157 D
157 W
157 L
197 D
197 D
197 W
197 L
263 D
263 D
263 W
263 L
269 D
269 D
269 W
269 L
281 D
281 D
281 W
281 L
337 D
337 D
337 W
337 L
449 D
449 D
449 W
449 L
601 D
601 D
601 W
601 L
647 D
647 D
647 W
647 L
653 D
653 D
653 W
653 L
661 D
661 D
661 W
661 L
719 D
719 D
719 W
719 L
769 D
769 D
769 W
769 L
809 D
809 D
809 W
809 L
887 D
887 D
887 W
887 L
983 D
983 D
983 W
983 L
1061 D
1061 D
1061 W
1061 L
1087 D
1087 D
1087 W
1087 L
1163 D
1163 D
1163 W
1163 L
1201 D
1201 D
1201 W
1201 L
1237 D
1237 D
1237 W
1237 L
1667 D
1667 D
1667 W
1667 L
1831 D
1831 D
1831 W
1831 L
1877 D
1877 D
1877 W
1877 L
2143 D
2143 D
2143 W
2143 L
2221 D
2221 D
2221 W
2221 L
2273 D
2273 D
2273 W
2273 L
2377 D
2377 D
2377 W
2377 L
2389 D
2389 D
2389 W
2389 L
2399 D
2399 D
2399 W
2399 L
2521 D
2521 D
2521 W
2521 L
2551 D
2551 D
2551 W
2551 L
2579 D
2579 D
2579 W
2579 L
2621 D
2621 D
2621 W
2621 L
2729 D
2729 D
2729 W
2729 L
2731 D
2731 D
2731 W
2731 L
2801 D
2801 D
2801 W
2801 L
2833 D
2833 D
2833 W
2833 L
2927 D
2927 D
2927 W
2927 L
3001 D
3001 D
3001 W
3001 L
3041 D
3041 D
3041 W
3041 L
3079 D
3079 D
3079 W
3079 L
3119 D
3119 D
3119 W
3119 L
3209 D
3209 D
3209 W
3209 L
3271 D
3271 D
3271 W
3271 L
3313 D
3313 D
3313 W
3313 L
3329 D
3329 D
3329 W
3329 L
3361 D
3361 D
3361 W
3361 L
3391 D
3391 D
3391 W
3391 L
3467 D
3467 D
3467 W
3467 L
3499 D
3499 D
3499 W
3499 L
3533 D
3533 D
3533 W
3533 L
3623 D
3623 D
3623 W
3623 L
3631 D
3631 D
3631 W
3631 L
3797 D
3797 D
3797 W
3797 L
3803 D
3803 D
3803 W
3803 L
3853 D
3853 D
3853 W
3853 L
3877 D
3877 D
3877 W
3877 L
3931 D
3931 D
3931 W
3931 L
3947 D
3947 D
3947 W
3947 L
3967 D
3967 D
3967 W
3967 L
4027 D
4027 D
4027 W
4027 L
4073 D
4073 D
4073 W
4073 L
4079 D
4079 D
4079 W
4079 L
4091 D
4091 D
4091 W
4091 L
4129 D
4129 D
4129 W
4129 L
4253 D
4253 D
4253 W
4253 L
4363 D
4363 D
4363 W
4363 L
4493 D
4493 D
4493 W
4493 L
4523 D
4523 D
4523 W
4523 L
4751 D
4751 D
4751 W
4751 L
4793 D
4793 D
4793 W
4793 L
5209 D
5209 D
5209 W
5209 L
5231 D
5231 D
5231 W
5231 L
5393 D
5393 D
5393 W
5393 L
5431 D
5431 D
5431 W
5431 L
5437 D
5437 D
5437 W
5437 L
5449 D
5449 D
5449 W
5449 L
5563 D
5563 D
5563 W
5563 L
5569 D
5569 D
5569 W
5569 L
5669 D
5669 D
5669 W
5669 L
5693 D
5693 D
5693 W
5693 L
5737 D
5737 D
5737 W
5737 L
5783 D
5783 D
5783 W
5783 L
5821 D
5821 D
5821 W
5821 L
5827 D
5827 D
5827 W
5827 L
5857 D
5857 D
5857 W
5857 L
5879 D
5879 D
5879 W
5879 L
5923 D
5923 D
5923 W
5923 L
6043 D
6043 D
6043 W
6043 L
6091 D
6091 D
6091 W
6091 L
6121 D
6121 D
6121 W
6121 L
6367 D
6367 D
6367 W
6367 L
6379 D
6379 D
6379 W
6379 L
6473 D
6473 D
6473 W
6473 L
6529 D
6529 D
6529 W
6529 L
6581 D
6581 D
6581 W
6581 L
6599 D
6599 D
6599 W
6599 L
6637 D
6637 D
6637 W
6637 L
6673 D
6673 D
6673 W
6673 L
6691 D
6691 D
6691 W
6691 L
6703 D
6703 D
6703 W
6703 L
6719 D
6719 D
6719 W
6719 L
6871 D
6871 D
6871 W
6871 L
6911 D
6911 D
6911 W
6911 L
6991 D
6991 D
6991 W
6991 L
7043 D
7043 D
7043 W
7043 L
7109 D
7109 D
7109 W
7109 L
7187 D
7187 D
7187 W
7187 L
7237 D
7237 D
7237 W
7237 L
7321 D
7321 D
7321 W
7321 L
7351 D
7351 D
7351 W
7351 L
7451 D
7451 D
7451 W
7451 L
7489 D
7489 D
7489 W
7489 L
7673 D
7673 D
7673 W
7673 L
7687 D
7687 D
7687 W
7687 L
7717 D
7717 D
7717 W
7717 L
7789 D
7789 D
7789 W
7789 L
7901 D
7901 D
7901 W
7901 L
8093 D
8093 D
8093 W
8093 L
8117 D
8117 D
8117 W
8117 L
8167 D
8167 D
8167 W
8167 L
8209 D
8209 D
8209 W
8209 L
8263 D
8263 D
8263 W
8263 L
8501 D
8501 D
8501 W
8501 L
8581 D
8581 D
8581 W
8581 L
8629 D
8629 D
8629 W
8629 L
8669 D
8669 D
8669 W
8669 L
8693 D
8693 D
8693 W
8693 L
8783 D
8783 D
8783 W
8783 L
8807 D
8807 D
8807 W
8807 L
8819 D
8819 D
8819 W
8819 L
8837 D
8837 D
8837 W
8837 L
8863 D
8863 D
8863 W
8863 L
8887 D
8887 D
8887 W
8887 L
9001 D
9001 D
9001 W
9001 L
9137 D
9137 D
9137 W
9137 L
9151 D
9151 D
9151 W
9151 L
9173 D
9173 D
9173 W
9173 L
9311 D
9311 D
9311 W
9311 L
9337 D
9337 D
9337 W
9337 L
9433 D
9433 D
9433 W
9433 L
9439 D
9439 D
9439 W
9439 L
9601 D
9601 D
9601 W
9601 L
9623 D
9623 D
9623 W
9623 L
9733 D
9733 D
9733 W
9733 L
9781 D
9781 D
9781 W
9781 L
9791 D
9791 D
9791 W
9791 L
9839 D
9839 D
9839 W
9839 L
9929 D
9929 D
9929 W
9929 L
