2794
41 D
41 W
53 D
53 W
59 D
59 W
79 D
79 W
89 D
89 W
107 D
107 W
109 D
109 W
227 D
227 W
353 D
353 W
457 D
457 W
14321 D
14321 W
17333 D
17333 W
24239 D
24239 W
65521 D
65521 W
86179 D
86179 W
109891 D
109891 W
110161 D
110161 W
123931 D
123931 W
164449 D
164449 W
200017 D
200017 W
205141 D
205141 W
219169 D
219169 W
224947 D
224947 W
278743 D
278743 W
296099 D
296099 W
407233 D
407233 W
418027 D
418027 W
460913 D
460913 W
466787 D
466787 W
478991 D
478991 W
607261 D
607261 W
630163 D
630163 W
667013 D
667013 W
670673 D
670673 W
770353 D
770353 W
798937 D
798937 W
809563 D
809563 W
832003 D
832003 W
873091 D
873091 W
981391 D
981391 W
1055597 D
1055597 W
1066411 D
1066411 W
1099793 D
1099793 W
1132447 D
1132447 W
1187947 D
1187947 W
1195031 D
1195031 W
1258087 D
1258087 W
1263071 D
1263071 W
1296209 D
1296209 W
1387117 D
1387117 W
1414943 D
1414943 W
1434109 D
1434109 W
1441871 D
1441871 W
1449893 D
1449893 W
1487809 D
1487809 W
1574747 D
1574747 W
1596071 D
1596071 W
1700219 D
1700219 W
1718701 D
1718701 W
1758527 D
1758527 W
1774639 D
1774639 W
1797821 D
1797821 W
1803349 D
1803349 W
1804763 D
1804763 W
1837867 D
1837867 W
1848323 D
1848323 W
1881161 D
1881161 W
1883773 D
1883773 W
1918529 D
1918529 W
1992547 D
1992547 W
2011517 D
2011517 W
2081813 D
2081813 W
2090191 D
2090191 W
2138797 D
2138797 W
2163307 D
2163307 W
2389973 D
2389973 W
2417087 D
2417087 W
2458867 D
2458867 W
2508017 D
2508017 W
2531197 D
2531197 W
2544331 D
2544331 W
2571581 D
2571581 W
2656727 D
2656727 W
2738599 D
2738599 W
2739293 D
2739293 W
2744551 D
2744551 W
2912333 D
2912333 W
2941877 D
2941877 W
3055649 D
3055649 W
3061481 D
3061481 W
3102917 D
3102917 W
3201833 D
3201833 W
3208873 D
3208873 W
3218987 D
3218987 W
3222787 D
3222787 W
3230749 D
3230749 W
3246743 D
3246743 W
3295307 D
3295307 W
3312077 D
3312077 W
3330281 D
3330281 W
3350687 D
3350687 W
3385829 D
3385829 W
3430831 D
3430831 W
3436957 D
3436957 W
3463387 D
3463387 W
3490387 D
3490387 W
3501587 D
3501587 W
3513007 D
3513007 W
3524161 D
3524161 W
3665903 D
3665903 W
3686663 D
3686663 W
3689519 D
3689519 W
3720839 D
3720839 W
3736003 D
3736003 W
3741587 D
3741587 W
3822883 D
3822883 W
3841973 D
3841973 W
3883501 D
3883501 W
3893363 D
3893363 W
3983699 D
3983699 W
4129597 D
4129597 W
4154089 D
4154089 W
4167307 D
4167307 W
4183499 D
4183499 W
4196659 D
4196659 W
4231483 D
4231483 W
4401923 D
4401923 W
4433147 D
4433147 W
4439047 D
4439047 W
4528429 D
4528429 W
4599337 D
4599337 W
4602109 D
4602109 W
4617919 D
4617919 W
4687099 D
4687099 W
4688083 D
4688083 W
4739099 D
4739099 W
4740223 D
4740223 W
4775299 D
4775299 W
4777277 D
4777277 W
4835891 D
4835891 W
4869521 D
4869521 W
4880789 D
4880789 W
4906361 D
4906361 W
5014441 D
5014441 W
5039501 D
5039501 W
5114479 D
5114479 W
5158289 D
5158289 W
5167637 D
5167637 W
5181299 D
5181299 W
5243801 D
5243801 W
5258293 D
5258293 W
5329897 D
5329897 W
5430011 D
5430011 W
5462719 D
5462719 W
5610463 D
5610463 W
5625863 D
5625863 W
5665571 D
5665571 W
5707397 D
5707397 W
5714081 D
5714081 W
5736439 D
5736439 W
5765611 D
5765611 W
5882879 D
5882879 W
5887229 D
5887229 W
5953691 D
5953691 W
5995669 D
5995669 W
5998367 D
5998367 W
6001939 D
6001939 W
6069419 D
6069419 W
6077683 D
6077683 W
6093629 D
6093629 W
6165763 D
6165763 W
6214699 D
6214699 W
6224503 D
6224503 W
6239423 D
6239423 W
6310151 D
6310151 W
6317371 D
6317371 W
6327793 D
6327793 W
6339029 D
6339029 W
6365231 D
6365231 W
6466123 D
6466123 W
6476791 D
6476791 W
6562603 D
6562603 W
6570457 D
6570457 W
6576133 D
6576133 W
6606181 D
6606181 W
6609769 D
6609769 W
6618041 D
6618041 W
6669409 D
6669409 W
6813007 D
6813007 W
6840157 D
6840157 W
6848087 D
6848087 W
6879949 D
6879949 W
6881359 D
6881359 W
6928679 D
6928679 W
6929941 D
6929941 W
6977279 D
6977279 W
7064389 D
7064389 W
7075699 D
7075699 W
7143319 D
7143319 W
7150019 D
7150019 W
7153673 D
7153673 W
7226183 D
7226183 W
7245779 D
7245779 W
7316371 D
7316371 W
7422227 D
7422227 W
7465487 D
7465487 W
7508903 D
7508903 W
7525451 D
7525451 W
7529101 D
7529101 W
7579867 D
7579867 W
7603511 D
7603511 W
7710817 D
7710817 W
7713479 D
7713479 W
7746953 D
7746953 W
7753153 D
7753153 W
7787959 D
7787959 W
7809433 D
7809433 W
7860689 D
7860689 W
7894021 D
7894021 W
8024057 D
8024057 W
8047729 D
8047729 W
8053817 D
8053817 W
8107123 D
8107123 W
8109397 D
8109397 W
8182309 D
8182309 W
8186389 D
8186389 W
8230979 D
8230979 W
8258441 D
8258441 W
8331889 D
8331889 W
8341979 D
8341979 W
8352079 D
8352079 W
8373941 D
8373941 W
8394223 D
8394223 W
8584183 D
8584183 W
8590633 D
8590633 W
8776519 D
8776519 W
8833889 D
8833889 W
8841431 D
8841431 W
8867303 D
8867303 W
8962411 D
8962411 W
8989237 D
8989237 W
9021253 D
9021253 W
9157471 D
9157471 W
9317159 D
9317159 W
9389461 D
9389461 W
9403073 D
9403073 W
9435739 D
9435739 W
9497387 D
9497387 W
9577303 D
9577303 W
9642307 D
9642307 W
9668377 D
9668377 W
9758263 D
9758263 W
9789869 D
9789869 W
9815287 D
9815287 W
9827953 D
9827953 W
9893131 D
9893131 W
9923083 D
9923083 W
9945157 D
9945157 W
9949393 D
9949393 W
9966599 D
9966599 W
9970549 D
9970549 W
2 D
2 D
2 W
2 L
3 D
3 D
3 W
3 L
5 D
5 D
5 W
5 L
7 D
7 D
7 W
7 L
11 D
11 D
11 W
11 L
13 D
13 D
13 W
13 L
17 D
17 D
17 W
17 L
19 D
19 D
19 W
19 L
23 D
23 D
23 W
23 L
29 D
29 D
29 W
29 L
31 D
31 D
31 W
31 L
37 D
37 D
37 W
37 L
41 D
41 D
41 W
41 L
43 D
43 D
43 W
43 L
47 D
47 D
47 W
47 L
53 D
53 D
53 W
53 L
59 D
59 D
59 W
59 L
61 D
61 D
61 W
61 L
67 D
67 D
67 W
67 L
71 D
71 D
71 W
71 L
73 D
73 D
73 W
73 L
79 D
79 D
79 W
79 L
83 D
83 D
83 W
83 L
89 D
89 D
89 W
89 L
107 D
107 D
107 W
107 L
109 D
109 D
109 W
109 L
227 D
227 D
227 W
227 L
353 D
353 D
353 W
353 L
457 D
457 D
457 W
457 L
1579 D
1579 D
1579 W
1579 L
3761 D
3761 D
3761 W
3761 L
14321 D
14321 D
14321 W
14321 L
17333 D
17333 D
17333 W
17333 L
24239 D
24239 D
24239 W
24239 L
50177 D
50177 D
50177 W
50177 L
56591 D
56591 D
56591 W
56591 L
65521 D
65521 D
65521 W
65521 L
86179 D
86179 D
86179 W
86179 L
108007 D
108007 D
108007 W
108007 L
109891 D
109891 D
109891 W
109891 L
110161 D
110161 D
110161 W
110161 L
118051 D
118051 D
118051 W
118051 L
123931 D
123931 D
123931 W
123931 L
132607 D
132607 D
132607 W
132607 L
139747 D
139747 D
139747 W
139747 L
153649 D
153649 D
153649 W
153649 L
164449 D
164449 D
164449 W
164449 L
200017 D
200017 D
200017 W
200017 L
205141 D
205141 D
205141 W
205141 L
207523 D
207523 D
207523 W
207523 L
219169 D
219169 D
219169 W
219169 L
224947 D
224947 D
224947 W
224947 L
238801 D
238801 D
238801 W
238801 L
260317 D
260317 D
260317 W
260317 L
278743 D
278743 D
278743 W
278743 L
296099 D
296099 D
296099 W
296099 L
312071 D
312071 D
312071 W
312071 L
322859 D
322859 D
322859 W
322859 L
351079 D
351079 D
351079 W
351079 L
394129 D
394129 D
394129 W
394129 L
407233 D
407233 D
407233 W
407233 L
418027 D
418027 D
418027 W
418027 L
425237 D
425237 D
425237 W
425237 L
460913 D
460913 D
460913 W
460913 L
461443 D
461443 D
461443 W
461443 L
466787 D
466787 D
466787 W
466787 L
478991 D
478991 D
478991 W
478991 L
510077 D
510077 D
510077 W
510077 L
534577 D
534577 D
534577 W
534577 L
542323 D
542323 D
542323 W
542323 L
551269 D
551269 D
551269 W
551269 L
587771 D
587771 D
587771 W
587771 L
589643 D
589643 D
589643 W
589643 L
593213 D
593213 D
593213 W
593213 L
604781 D
604781 D
604781 W
604781 L
607261 D
607261 D
607261 W
607261 L
630163 D
630163 D
630163 W
630163 L
667013 D
667013 D
667013 W
667013 L
667501 D
667501 D
667501 W
667501 L
669857 D
669857 D
669857 W
669857 L
670673 D
670673 D
670673 W
670673 L
703789 D
703789 D
703789 W
703789 L
735461 D
735461 D
735461 W
735461 L
738877 D
738877 D
738877 W
738877 L
754577 D
754577 D
754577 W
754577 L
764539 D
764539 D
764539 W
764539 L
770353 D
770353 D
770353 W
770353 L
793253 D
793253 D
793253 W
793253 L
798937 D
798937 D
798937 W
798937 L
809563 D
809563 D
809563 W
809563 L
831617 D
831617 D
831617 W
831617 L
832003 D
832003 D
832003 W
832003 L
873017 D
873017 D
873017 W
873017 L
873091 D
873091 D
873091 W
873091 L
878719 D
878719 D
878719 W
878719 L
900149 D
900149 D
900149 W
900149 L
928699 D
928699 D
928699 W
928699 L
973597 D
973597 D
973597 W
973597 L
981391 D
981391 D
981391 W
981391 L
1026029 D
1026029 D
1026029 W
1026029 L
1052281 D
1052281 D
1052281 W
1052281 L
1055597 D
1055597 D
1055597 W
1055597 L
1066411 D
1066411 D
1066411 W
1066411 L
1099793 D
1099793 D
1099793 W
1099793 L
1101103 D
1101103 D
1101103 W
1101103 L
1129433 D
1129433 D
1129433 W
1129433 L
1132447 D
1132447 D
1132447 W
1132447 L
1132499 D
1132499 D
1132499 W
1132499 L
1179263 D
1179263 D
1179263 W
1179263 L
1183397 D
1183397 D
1183397 W
1183397 L
1187947 D
1187947 D
1187947 W
1187947 L
1195031 D
1195031 D
1195031 W
1195031 L
1216849 D
1216849 D
1216849 W
1216849 L
1242517 D
1242517 D
1242517 W
1242517 L
1254637 D
1254637 D
1254637 W
1254637 L
1258087 D
1258087 D
1258087 W
1258087 L
1263071 D
1263071 D
1263071 W
1263071 L
1270249 D
1270249 D
1270249 W
1270249 L
1272289 D
1272289 D
1272289 W
1272289 L
1272577 D
1272577 D
1272577 W
1272577 L
1296209 D
1296209 D
1296209 W
1296209 L
1299499 D
1299499 D
1299499 W
1299499 L
1311229 D
1311229 D
1311229 W
1311229 L
1337317 D
1337317 D
1337317 W
1337317 L
1338877 D
1338877 D
1338877 W
1338877 L
1343479 D
1343479 D
1343479 W
1343479 L
1387117 D
1387117 D
1387117 W
1387117 L
1394083 D
1394083 D
1394083 W
1394083 L
1410257 D
1410257 D
1410257 W
1410257 L
1414943 D
1414943 D
1414943 W
1414943 L
1427047 D
1427047 D
1427047 W
1427047 L
1434109 D
1434109 D
1434109 W
1434109 L
1441871 D
1441871 D
1441871 W
1441871 L
1442437 D
1442437 D
1442437 W
1442437 L
1443257 D
1443257 D
1443257 W
1443257 L
1449509 D
1449509 D
1449509 W
1449509 L
1449893 D
1449893 D
1449893 W
1449893 L
1487809 D
1487809 D
1487809 W
1487809 L
1491739 D
1491739 D
1491739 W
1491739 L
1538057 D
1538057 D
1538057 W
1538057 L
1572239 D
1572239 D
1572239 W
1572239 L
1574747 D
1574747 D
1574747 W
1574747 L
1596071 D
1596071 D
1596071 W
1596071 L
1610293 D
1610293 D
1610293 W
1610293 L
1651961 D
1651961 D
1651961 W
1651961 L
1700219 D
1700219 D
1700219 W
1700219 L
1706797 D
1706797 D
1706797 W
1706797 L
1718701 D
1718701 D
1718701 W
1718701 L
1752137 D
1752137 D
1752137 W
1752137 L
1758527 D
1758527 D
1758527 W
1758527 L
1759573 D
1759573 D
1759573 W
1759573 L
1774639 D
1774639 D
1774639 W
1774639 L
1775591 D
1775591 D
1775591 W
1775591 L
1797821 D
1797821 D
1797821 W
1797821 L
1803349 D
1803349 D
1803349 W
1803349 L
1804763 D
1804763 D
1804763 W
1804763 L
1837867 D
1837867 D
1837867 W
1837867 L
1840469 D
1840469 D
1840469 W
1840469 L
1848323 D
1848323 D
1848323 W
1848323 L
1881161 D
1881161 D
1881161 W
1881161 L
1883773 D
1883773 D
1883773 W
1883773 L
1890997 D
1890997 D
1890997 W
1890997 L
1903987 D
1903987 D
1903987 W
1903987 L
1910399 D
1910399 D
1910399 W
1910399 L
1915183 D
1915183 D
1915183 W
1915183 L
1918529 D
1918529 D
1918529 W
1918529 L
1936523 D
1936523 D
1936523 W
1936523 L
1942729 D
1942729 D
1942729 W
1942729 L
1950181 D
1950181 D
1950181 W
1950181 L
1982803 D
1982803 D
1982803 W
1982803 L
1989073 D
1989073 D
1989073 W
1989073 L
1992547 D
1992547 D
1992547 W
1992547 L
2011517 D
2011517 D
2011517 W
2011517 L
2014921 D
2014921 D
2014921 W
2014921 L
2043721 D
2043721 D
2043721 W
2043721 L
2055917 D
2055917 D
2055917 W
2055917 L
2075999 D
2075999 D
2075999 W
2075999 L
2081351 D
2081351 D
2081351 W
2081351 L
2081813 D
2081813 D
2081813 W
2081813 L
2090191 D
2090191 D
2090191 W
2090191 L
2097449 D
2097449 D
2097449 W
2097449 L
2118113 D
2118113 D
2118113 W
2118113 L
2128253 D
2128253 D
2128253 W
2128253 L
2138797 D
2138797 D
2138797 W
2138797 L
2163307 D
2163307 D
2163307 W
2163307 L
2186627 D
2186627 D
2186627 W
2186627 L
2197873 D
2197873 D
2197873 W
2197873 L
2227723 D
2227723 D
2227723 W
2227723 L
2309129 D
2309129 D
2309129 W
2309129 L
2323721 D
2323721 D
2323721 W
2323721 L
2389973 D
2389973 D
2389973 W
2389973 L
2415431 D
2415431 D
2415431 W
2415431 L
2417087 D
2417087 D
2417087 W
2417087 L
2428159 D
2428159 D
2428159 W
2428159 L
2458867 D
2458867 D
2458867 W
2458867 L
2470579 D
2470579 D
2470579 W
2470579 L
2472373 D
2472373 D
2472373 W
2472373 L
2480617 D
2480617 D
2480617 W
2480617 L
2501077 D
2501077 D
2501077 W
2501077 L
2508017 D
2508017 D
2508017 W
2508017 L
2531197 D
2531197 D
2531197 W
2531197 L
2544331 D
2544331 D
2544331 W
2544331 L
2571581 D
2571581 D
2571581 W
2571581 L
2630239 D
2630239 D
2630239 W
2630239 L
2641099 D
2641099 D
2641099 W
2641099 L
2648813 D
2648813 D
2648813 W
2648813 L
2656727 D
2656727 D
2656727 W
2656727 L
2708351 D
2708351 D
2708351 W
2708351 L
2738599 D
2738599 D
2738599 W
2738599 L
2739293 D
2739293 D
2739293 W
2739293 L
2744551 D
2744551 D
2744551 W
2744551 L
2755877 D
2755877 D
2755877 W
2755877 L
2847323 D
2847323 D
2847323 W
2847323 L
2858129 D
2858129 D
2858129 W
2858129 L
2863031 D
2863031 D
2863031 W
2863031 L
2912333 D
2912333 D
2912333 W
2912333 L
2913431 D
2913431 D
2913431 W
2913431 L
2920751 D
2920751 D
2920751 W
2920751 L
2941877 D
2941877 D
2941877 W
2941877 L
2972171 D
2972171 D
2972171 W
2972171 L
3010699 D
3010699 D
3010699 W
3010699 L
3039341 D
3039341 D
3039341 W
3039341 L
3055649 D
3055649 D
3055649 W
3055649 L
3061481 D
3061481 D
3061481 W
3061481 L
3091007 D
3091007 D
3091007 W
3091007 L
3101479 D
3101479 D
3101479 W
3101479 L
3102917 D
3102917 D
3102917 W
3102917 L
3195547 D
3195547 D
3195547 W
3195547 L
3201833 D
3201833 D
3201833 W
3201833 L
3207151 D
3207151 D
3207151 W
3207151 L
3208873 D
3208873 D
3208873 W
3208873 L
3215759 D
3215759 D
3215759 W
3215759 L
3218987 D
3218987 D
3218987 W
3218987 L
3222787 D
3222787 D
3222787 W
3222787 L
3230749 D
3230749 D
3230749 W
3230749 L
3246743 D
3246743 D
3246743 W
3246743 L
3264263 D
3264263 D
3264263 W
3264263 L
3295307 D
3295307 D
3295307 W
3295307 L
3312077 D
3312077 D
3312077 W
3312077 L
3330281 D
3330281 D
3330281 W
3330281 L
3335359 D
3335359 D
3335359 W
3335359 L
3350687 D
3350687 D
3350687 W
3350687 L
3378229 D
3378229 D
3378229 W
3378229 L
3385829 D
3385829 D
3385829 W
3385829 L
3397519 D
3397519 D
3397519 W
3397519 L
3430831 D
3430831 D
3430831 W
3430831 L
3436957 D
3436957 D
3436957 W
3436957 L
3447943 D
3447943 D
3447943 W
3447943 L
3463387 D
3463387 D
3463387 W
3463387 L
3473329 D
3473329 D
3473329 W
3473329 L
3490387 D
3490387 D
3490387 W
3490387 L
3501587 D
3501587 D
3501587 W
3501587 L
3513007 D
3513007 D
3513007 W
3513007 L
3524161 D
3524161 D
3524161 W
3524161 L
3524929 D
3524929 D
3524929 W
3524929 L
3556367 D
3556367 D
3556367 W
3556367 L
3575317 D
3575317 D
3575317 W
3575317 L
3580127 D
3580127 D
3580127 W
3580127 L
3608837 D
3608837 D
3608837 W
3608837 L
3632929 D
3632929 D
3632929 W
3632929 L
3665903 D
3665903 D
3665903 W
3665903 L
3686663 D
3686663 D
3686663 W
3686663 L
3689519 D
3689519 D
3689519 W
3689519 L
3714019 D
3714019 D
3714019 W
3714019 L
3720839 D
3720839 D
3720839 W
3720839 L
3736003 D
3736003 D
3736003 W
3736003 L
3741587 D
3741587 D
3741587 W
3741587 L
3775973 D
3775973 D
3775973 W
3775973 L
3801899 D
3801899 D
3801899 W
3801899 L
3822883 D
3822883 D
3822883 W
3822883 L
3841973 D
3841973 D
3841973 W
3841973 L
3854843 D
3854843 D
3854843 W
3854843 L
3871139 D
3871139 D
3871139 W
3871139 L
3883501 D
3883501 D
3883501 W
3883501 L
3893363 D
3893363 D
3893363 W
3893363 L
3924953 D
3924953 D
3924953 W
3924953 L
3929951 D
3929951 D
3929951 W
3929951 L
3983699 D
3983699 D
3983699 W
3983699 L
3984259 D
3984259 D
3984259 W
3984259 L
4008349 D
4008349 D
4008349 W
4008349 L
4018699 D
4018699 D
4018699 W
4018699 L
4122043 D
4122043 D
4122043 W
4122043 L
4129597 D
4129597 D
4129597 W
4129597 L
4154089 D
4154089 D
4154089 W
4154089 L
4154923 D
4154923 D
4154923 W
4154923 L
4167307 D
4167307 D
4167307 W
4167307 L
4170371 D
4170371 D
4170371 W
4170371 L
4183499 D
4183499 D
4183499 W
4183499 L
4189337 D
4189337 D
4189337 W
4189337 L
4190447 D
4190447 D
4190447 W
4190447 L
4191679 D
4191679 D
4191679 W
4191679 L
4196659 D
4196659 D
4196659 W
4196659 L
4212907 D
4212907 D
4212907 W
4212907 L
4231483 D
4231483 D
4231483 W
4231483 L
4310071 D
4310071 D
4310071 W
4310071 L
4338407 D
4338407 D
4338407 W
4338407 L
4359403 D
4359403 D
4359403 W
4359403 L
4366309 D
4366309 D
4366309 W
4366309 L
4401923 D
4401923 D
4401923 W
4401923 L
4432229 D
4432229 D
4432229 W
4432229 L
4433147 D
4433147 D
4433147 W
4433147 L
4439047 D
4439047 D
4439047 W
4439047 L
4455691 D
4455691 D
4455691 W
4455691 L
4462309 D
4462309 D
4462309 W
4462309 L
4476067 D
4476067 D
4476067 W
4476067 L
4504681 D
4504681 D
4504681 W
4504681 L
4528429 D
4528429 D
4528429 W
4528429 L
4545599 D
4545599 D
4545599 W
4545599 L
4568969 D
4568969 D
4568969 W
4568969 L
4585033 D
4585033 D
4585033 W
4585033 L
4599337 D
4599337 D
4599337 W
4599337 L
4602109 D
4602109 D
4602109 W
4602109 L
4617919 D
4617919 D
4617919 W
4617919 L
4687099 D
4687099 D
4687099 W
4687099 L
4688083 D
4688083 D
4688083 W
4688083 L
4700827 D
4700827 D
4700827 W
4700827 L
4735153 D
4735153 D
4735153 W
4735153 L
4739099 D
4739099 D
4739099 W
4739099 L
4740223 D
4740223 D
4740223 W
4740223 L
4766533 D
4766533 D
4766533 W
4766533 L
4775299 D
4775299 D
4775299 W
4775299 L
4776073 D
4776073 D
4776073 W
4776073 L
4777277 D
4777277 D
4777277 W
4777277 L
4810411 D
4810411 D
4810411 W
4810411 L
4835891 D
4835891 D
4835891 W
4835891 L
4858897 D
4858897 D
4858897 W
4858897 L
4869521 D
4869521 D
4869521 W
4869521 L
4872337 D
4872337 D
4872337 W
4872337 L
4880789 D
4880789 D
4880789 W
4880789 L
4891643 D
4891643 D
4891643 W
4891643 L
4906361 D
4906361 D
4906361 W
4906361 L
4962631 D
4962631 D
4962631 W
4962631 L
4984351 D
4984351 D
4984351 W
4984351 L
4999769 D
4999769 D
4999769 W
4999769 L
5012971 D
5012971 D
5012971 W
5012971 L
5014441 D
5014441 D
5014441 W
5014441 L
5039501 D
5039501 D
5039501 W
5039501 L
5099191 D
5099191 D
5099191 W
5099191 L
5114479 D
5114479 D
5114479 W
5114479 L
5131363 D
5131363 D
5131363 W
5131363 L
5143147 D
5143147 D
5143147 W
5143147 L
5148197 D
5148197 D
5148197 W
5148197 L
5156297 D
5156297 D
5156297 W
5156297 L
5158289 D
5158289 D
5158289 W
5158289 L
5167637 D
5167637 D
5167637 W
5167637 L
5181299 D
5181299 D
5181299 W
5181299 L
5198159 D
5198159 D
5198159 W
5198159 L
5243801 D
5243801 D
5243801 W
5243801 L
5258293 D
5258293 D
5258293 W
5258293 L
5318867 D
5318867 D
5318867 W
5318867 L
5329897 D
5329897 D
5329897 W
5329897 L
5383967 D
5383967 D
5383967 W
5383967 L
5408387 D
5408387 D
5408387 W
5408387 L
5423359 D
5423359 D
5423359 W
5423359 L
5430011 D
5430011 D
5430011 W
5430011 L
5462719 D
5462719 D
5462719 W
5462719 L
5610463 D
5610463 D
5610463 W
5610463 L
5615347 D
5615347 D
5615347 W
5615347 L
5625863 D
5625863 D
5625863 W
5625863 L
5630657 D
5630657 D
5630657 W
5630657 L
5654813 D
5654813 D
5654813 W
5654813 L
5665571 D
5665571 D
5665571 W
5665571 L
5686427 D
5686427 D
5686427 W
5686427 L
5702483 D
5702483 D
5702483 W
5702483 L
5707397 D
5707397 D
5707397 W
5707397 L
5714081 D
5714081 D
5714081 W
5714081 L
5736439 D
5736439 D
5736439 W
5736439 L
5765611 D
5765611 D
5765611 W
5765611 L
5770511 D
5770511 D
5770511 W
5770511 L
5819741 D
5819741 D
5819741 W
5819741 L
5834371 D
5834371 D
5834371 W
5834371 L
5845591 D
5845591 D
5845591 W
5845591 L
5882879 D
5882879 D
5882879 W
5882879 L
5887229 D
5887229 D
5887229 W
5887229 L
5919493 D
5919493 D
5919493 W
5919493 L
5953691 D
5953691 D
5953691 W
5953691 L
5995669 D
5995669 D
5995669 W
5995669 L
5998367 D
5998367 D
5998367 W
5998367 L
5999137 D
5999137 D
5999137 W
5999137 L
6001939 D
6001939 D
6001939 W
6001939 L
6008207 D
6008207 D
6008207 W
6008207 L
6069101 D
6069101 D
6069101 W
6069101 L
6069419 D
6069419 D
6069419 W
6069419 L
6077683 D
6077683 D
6077683 W
6077683 L
6093629 D
6093629 D
6093629 W
6093629 L
6120377 D
6120377 D
6120377 W
6120377 L
6162077 D
6162077 D
6162077 W
6162077 L
6165763 D
6165763 D
6165763 W
6165763 L
6174479 D
6174479 D
6174479 W
6174479 L
6175229 D
6175229 D
6175229 W
6175229 L
6197099 D
6197099 D
6197099 W
6197099 L
6214699 D
6214699 D
6214699 W
6214699 L
6224503 D
6224503 D
6224503 W
6224503 L
6239423 D
6239423 D
6239423 W
6239423 L
6295189 D
6295189 D
6295189 W
6295189 L
6309343 D
6309343 D
6309343 W
6309343 L
6310151 D
6310151 D
6310151 W
6310151 L
6317371 D
6317371 D
6317371 W
6317371 L
6327793 D
6327793 D
6327793 W
6327793 L
6336641 D
6336641 D
6336641 W
6336641 L
6339029 D
6339029 D
6339029 W
6339029 L
6365231 D
6365231 D
6365231 W
6365231 L
6398869 D
6398869 D
6398869 W
6398869 L
6423799 D
6423799 D
6423799 W
6423799 L
6433793 D
6433793 D
6433793 W
6433793 L
6466123 D
6466123 D
6466123 W
6466123 L
6476791 D
6476791 D
6476791 W
6476791 L
6539513 D
6539513 D
6539513 W
6539513 L
6542021 D
6542021 D
6542021 W
6542021 L
6562603 D
6562603 D
6562603 W
6562603 L
6570457 D
6570457 D
6570457 W
6570457 L
6570469 D
6570469 D
6570469 W
6570469 L
6576133 D
6576133 D
6576133 W
6576133 L
6582733 D
6582733 D
6582733 W
6582733 L
6606181 D
6606181 D
6606181 W
6606181 L
6609769 D
6609769 D
6609769 W
6609769 L
6618041 D
6618041 D
6618041 W
6618041 L
6669409 D
6669409 D
6669409 W
6669409 L
6722743 D
6722743 D
6722743 W
6722743 L
6751513 D
6751513 D
6751513 W
6751513 L
6813007 D
6813007 D
6813007 W
6813007 L
6837217 D
6837217 D
6837217 W
6837217 L
6840157 D
6840157 D
6840157 W
6840157 L
6848087 D
6848087 D
6848087 W
6848087 L
6864059 D
6864059 D
6864059 W
6864059 L
6867739 D
6867739 D
6867739 W
6867739 L
6879949 D
6879949 D
6879949 W
6879949 L
6881359 D
6881359 D
6881359 W
6881359 L
6909017 D
6909017 D
6909017 W
6909017 L
6921179 D
6921179 D
6921179 W
6921179 L
6926291 D
6926291 D
6926291 W
6926291 L
6928679 D
6928679 D
6928679 W
6928679 L
6929941 D
6929941 D
6929941 W
6929941 L
6944467 D
6944467 D
6944467 W
6944467 L
6977279 D
6977279 D
6977279 W
6977279 L
7019729 D
7019729 D
7019729 W
7019729 L
7031107 D
7031107 D
7031107 W
7031107 L
7064389 D
7064389 D
7064389 W
7064389 L
7067117 D
7067117 D
7067117 W
7067117 L
7075699 D
7075699 D
7075699 W
7075699 L
7082461 D
7082461 D
7082461 W
7082461 L
7091713 D
7091713 D
7091713 W
7091713 L
7126127 D
7126127 D
7126127 W
7126127 L
7142293 D
7142293 D
7142293 W
7142293 L
7143319 D
7143319 D
7143319 W
7143319 L
7150019 D
7150019 D
7150019 W
7150019 L
7153673 D
7153673 D
7153673 W
7153673 L
7169837 D
7169837 D
7169837 W
7169837 L
7226183 D
7226183 D
7226183 W
7226183 L
7245779 D
7245779 D
7245779 W
7245779 L
7270189 D
7270189 D
7270189 W
7270189 L
7277783 D
7277783 D
7277783 W
7277783 L
7294681 D
7294681 D
7294681 W
7294681 L
7316371 D
7316371 D
7316371 W
7316371 L
7330889 D
7330889 D
7330889 W
7330889 L
7422227 D
7422227 D
7422227 W
7422227 L
7465487 D
7465487 D
7465487 W
7465487 L
7508903 D
7508903 D
7508903 W
7508903 L
7525451 D
7525451 D
7525451 W
7525451 L
7529101 D
7529101 D
7529101 W
7529101 L
7535999 D
7535999 D
7535999 W
7535999 L
7549847 D
7549847 D
7549847 W
7549847 L
7579867 D
7579867 D
7579867 W
7579867 L
7591439 D
7591439 D
7591439 W
7591439 L
7603511 D
7603511 D
7603511 W
7603511 L
7609649 D
7609649 D
7609649 W
7609649 L
7626631 D
7626631 D
7626631 W
7626631 L
7710817 D
7710817 D
7710817 W
7710817 L
7713479 D
7713479 D
7713479 W
7713479 L
7746953 D
7746953 D
7746953 W
7746953 L
7753153 D
7753153 D
7753153 W
7753153 L
7787959 D
7787959 D
7787959 W
7787959 L
7809433 D
7809433 D
7809433 W
7809433 L
7825429 D
7825429 D
7825429 W
7825429 L
7849879 D
7849879 D
7849879 W
7849879 L
7860689 D
7860689 D
7860689 W
7860689 L
7894021 D
7894021 D
7894021 W
7894021 L
8024057 D
8024057 D
8024057 W
8024057 L
8047729 D
8047729 D
8047729 W
8047729 L
8053817 D
8053817 D
8053817 W
8053817 L
8057011 D
8057011 D
8057011 W
8057011 L
8072209 D
8072209 D
8072209 W
8072209 L
8107123 D
8107123 D
8107123 W
8107123 L
8109397 D
8109397 D
8109397 W
8109397 L
8111947 D
8111947 D
8111947 W
8111947 L
8182309 D
8182309 D
8182309 W
8182309 L
8186389 D
8186389 D
8186389 W
8186389 L
8230979 D
8230979 D
8230979 W
8230979 L
8251267 D
8251267 D
8251267 W
8251267 L
8258441 D
8258441 D
8258441 W
8258441 L
8307791 D
8307791 D
8307791 W
8307791 L
8331889 D
8331889 D
8331889 W
8331889 L
8341979 D
8341979 D
8341979 W
8341979 L
8346797 D
8346797 D
8346797 W
8346797 L
8352079 D
8352079 D
8352079 W
8352079 L
8353993 D
8353993 D
8353993 W
8353993 L
8373941 D
8373941 D
8373941 W
8373941 L
8379253 D
8379253 D
8379253 W
8379253 L
8394223 D
8394223 D
8394223 W
8394223 L
8401013 D
8401013 D
8401013 W
8401013 L
8408357 D
8408357 D
8408357 W
8408357 L
8549291 D
8549291 D
8549291 W
8549291 L
8560787 D
8560787 D
8560787 W
8560787 L
8584183 D
8584183 D
8584183 W
8584183 L
8590633 D
8590633 D
8590633 W
8590633 L
8616653 D
8616653 D
8616653 W
8616653 L
8668057 D
8668057 D
8668057 W
8668057 L
8735443 D
8735443 D
8735443 W
8735443 L
8748991 D
8748991 D
8748991 W
8748991 L
8776519 D
8776519 D
8776519 W
8776519 L
8779961 D
8779961 D
8779961 W
8779961 L
8802811 D
8802811 D
8802811 W
8802811 L
8833889 D
8833889 D
8833889 W
8833889 L
8841431 D
8841431 D
8841431 W
8841431 L
8847941 D
8847941 D
8847941 W
8847941 L
8863199 D
8863199 D
8863199 W
8863199 L
8867303 D
8867303 D
8867303 W
8867303 L
8917453 D
8917453 D
8917453 W
8917453 L
8926721 D
8926721 D
8926721 W
8926721 L
8929051 D
8929051 D
8929051 W
8929051 L
8933741 D
8933741 D
8933741 W
8933741 L
8962411 D
8962411 D
8962411 W
8962411 L
8978831 D
8978831 D
8978831 W
8978831 L
8987753 D
8987753 D
8987753 W
8987753 L
8989237 D
8989237 D
8989237 W
8989237 L
9002701 D
9002701 D
9002701 W
9002701 L
9021253 D
9021253 D
9021253 W
9021253 L
9064019 D
9064019 D
9064019 W
9064019 L
9110977 D
9110977 D
9110977 W
9110977 L
9157471 D
9157471 D
9157471 W
9157471 L
9168911 D
9168911 D
9168911 W
9168911 L
9198503 D
9198503 D
9198503 W
9198503 L
9206447 D
9206447 D
9206447 W
9206447 L
9244049 D
9244049 D
9244049 W
9244049 L
9249167 D
9249167 D
9249167 W
9249167 L
9317159 D
9317159 D
9317159 W
9317159 L
9348839 D
9348839 D
9348839 W
9348839 L
9362833 D
9362833 D
9362833 W
9362833 L
9389461 D
9389461 D
9389461 W
9389461 L
9395153 D
9395153 D
9395153 W
9395153 L
9403073 D
9403073 D
9403073 W
9403073 L
9416047 D
9416047 D
9416047 W
9416047 L
9435739 D
9435739 D
9435739 W
9435739 L
9484331 D
9484331 D
9484331 W
9484331 L
9497387 D
9497387 D
9497387 W
9497387 L
9519151 D
9519151 D
9519151 W
9519151 L
9535651 D
9535651 D
9535651 W
9535651 L
9577303 D
9577303 D
9577303 W
9577303 L
9616393 D
9616393 D
9616393 W
9616393 L
9642307 D
9642307 D
9642307 W
9642307 L
9668377 D
9668377 D
9668377 W
9668377 L
9671059 D
9671059 D
9671059 W
9671059 L
9680137 D
9680137 D
9680137 W
9680137 L
9687571 D
9687571 D
9687571 W
9687571 L
9754837 D
9754837 D
9754837 W
9754837 L
9758263 D
9758263 D
9758263 W
9758263 L
9769093 D
9769093 D
9769093 W
9769093 L
9789869 D
9789869 D
9789869 W
9789869 L
9815287 D
9815287 D
9815287 W
9815287 L
9827953 D
9827953 D
9827953 W
9827953 L
9863701 D
9863701 D
9863701 W
9863701 L
9866429 D
9866429 D
9866429 W
9866429 L
9893131 D
9893131 D
9893131 W
9893131 L
9923083 D
9923083 D
9923083 W
9923083 L
9945157 D
9945157 D
9945157 W
9945157 L
9949393 D
9949393 D
9949393 W
9949393 L
9966599 D
9966599 D
9966599 W
9966599 L
9970549 D
9970549 D
9970549 W
9970549 L
