3496
2 W
2 W
2 W
2 W
2 W
2 W
2 W
2 W
2 W
2 W
2 W
2 W
2 W
2 W
2 W
2 W
2 W
2 W
2 W
2 W
2 W
2 W
2 W
2 W
2 W
2 W
2 W
2 W
2 W
2 W
2 W
2 W
2 W
2 W
2 W
2 W
2 W
2 W
2 W
2 W
2 W
2 W
2 W
2 W
2 W
2 W
2 W
2 W
2 W
2 W
2 W
2 W
2 W
2 W
2 W
2 W
2 W
2 W
2 W
2 W
2 W
2 W
2 W
2 W
2 W
2 W
2 W
2 W
2 W
2 W
2 W
2 W
2 W
2 W
2 W
2 W
2 W
2 W
2 W
2 W
2 W
2 W
2 W
2 W
2 W
2 W
2 W
2 W
2 W
2 W
2 W
2 W
2 W
2 W
2 W
2 W
2 W
2 W
2 W
2 W
2 W
2 W
2 W
2 W
2 W
2 W
2 W
2 W
2 W
2 W
2 W
2 W
2 W
2 W
2 W
2 W
2 W
2 W
2 W
2 W
2 W
2 W
2 W
2 W
2 W
2 W
2 W
2 W
2 W
2 W
2 W
2 W
2 W
2 W
2 D
2 W
3 W
3 W
3 W
3 W
3 W
3 W
3 W
3 W
3 W
3 W
3 W
3 W
3 W
3 W
3 W
3 W
3 W
3 W
3 W
3 W
3 W
3 W
3 W
3 W
3 W
3 W
3 W
3 W
3 W
3 W
3 W
3 W
3 W
3 W
3 W
3 W
3 W
3 W
3 W
3 W
3 W
3 W
3 W
3 W
3 W
3 W
3 W
3 W
3 W
3 W
3 W
3 W
3 W
3 W
3 W
3 W
5 W
5 W
5 W
5 W
5 W
5 W
5 W
5 W
5 W
5 W
5 W
5 W
5 W
5 W
5 W
5 W
5 W
5 W
5 W
5 W
5 W
5 W
5 W
5 W
5 W
5 W
5 W
5 W
5 W
5 W
5 W
5 W
5 W
5 W
5 W
5 W
5 W
5 W
5 W
5 D
5 W
7 W
7 W
7 W
7 W
7 W
7 W
7 W
7 W
7 W
7 W
7 W
7 W
7 W
7 W
7 W
7 W
7 W
7 D
7 W
11 W
11 W
11 W
11 W
11 W
11 W
11 W
11 W
11 W
11 W
11 W
11 W
11 W
11 W
11 W
11 W
11 W
11 D
11 W
13 W
13 W
13 W
13 W
13 W
13 W
13 W
13 W
13 W
13 D
13 W
17 W
17 W
17 W
17 W
17 W
19 W
19 W
19 W
19 W
19 W
23 W
23 W
23 W
23 W
23 W
29 W
29 W
29 W
29 W
31 W
31 W
31 W
31 W
31 W
37 W
37 W
37 W
37 D
37 W
41 W
41 W
41 W
41 W
43 W
43 W
43 W
43 W
43 D
43 W
47 W
47 W
47 W
47 W
47 D
47 W
53 W
53 W
59 W
59 W
61 W
61 W
61 D
61 W
67 W
67 W
67 D
67 W
71 W
71 W
71 D
71 W
73 W
73 W
79 W
79 D
79 W
83 W
83 W
83 W
89 W
89 D
89 W
97 W
97 W
97 W
97 W
101 D
101 W
107 W
107 W
109 D
109 W
113 W
113 D
113 W
127 W
131 D
131 W
137 D
137 W
139 D
139 W
149 D
149 W
157 D
157 W
163 D
163 W
173 D
173 W
179 D
179 W
191 W
191 W
191 D
191 W
193 W
197 W
211 W
223 D
223 W
233 D
233 W
241 D
241 W
251 W
257 D
257 W
263 W
263 D
263 W
269 D
269 W
271 D
271 W
277 D
277 W
281 D
281 W
283 D
283 W
317 W
317 D
317 W
353 D
353 W
359 D
359 W
367 D
367 W
373 D
373 W
379 D
379 W
389 D
389 W
397 W
409 D
409 W
419 W
467 D
467 W
479 W
487 D
487 W
491 D
491 W
499 W
521 W
523 W
569 W
577 D
577 W
587 D
587 W
601 D
601 W
617 D
617 W
641 D
641 W
643 D
643 W
653 D
653 W
677 D
677 W
701 D
701 W
719 D
719 W
733 D
733 W
757 W
761 D
761 W
787 D
787 W
809 D
809 W
827 D
827 W
829 D
829 W
839 D
839 W
857 D
857 W
863 D
863 W
883 D
883 W
907 D
907 W
947 D
947 W
1013 W
1031 D
1031 W
1063 D
1063 W
1091 D
1091 W
1093 D
1093 W
1171 W
1181 D
1181 W
1193 D
1193 W
1217 D
1217 W
1279 D
1279 W
1289 D
1289 W
1291 D
1291 W
1321 D
1321 W
1399 D
1399 W
1409 D
1409 W
1423 W
1429 D
1429 W
1453 D
1453 W
1483 D
1483 W
1499 D
1499 W
1553 D
1553 W
1567 D
1567 W
1609 D
1609 W
1669 D
1669 W
1741 D
1741 W
1787 D
1787 W
1789 D
1789 W
1811 D
1811 W
1949 D
1949 W
2017 D
2017 W
2039 D
2039 W
2053 D
2053 W
2069 D
2069 W
2141 D
2141 W
2237 D
2237 W
2243 D
2243 W
2273 D
2273 W
2281 D
2281 W
2293 D
2293 W
2333 D
2333 W
2341 D
2341 W
2411 D
2411 W
2423 D
2423 W
2441 D
2441 W
2543 D
2543 W
2677 D
2677 W
2689 D
2689 W
2851 D
2851 W
2917 D
2917 W
3049 D
3049 W
3089 D
3089 W
3109 D
3109 W
3323 D
3323 W
3407 D
3407 W
3677 D
3677 W
3767 D
3767 W
3851 D
3851 W
4159 D
4159 W
4211 D
4211 W
4271 W
4457 D
4457 W
4463 D
4463 W
4787 D
4787 W
4793 D
4793 W
4969 D
4969 W
5689 D
5689 W
6133 D
6133 W
6143 D
6143 W
6277 D
6277 W
6337 D
6337 W
6779 D
6779 W
6823 D
6823 W
7019 D
7019 W
7243 D
7243 W
7643 D
7643 W
8431 D
8431 W
8447 D
8447 W
8623 D
8623 W
9283 D
9283 W
9397 D
9397 W
10301 D
10301 W
11351 D
11351 W
11369 D
11369 W
11447 D
11447 W
11503 D
11503 W
11587 D
11587 W
11821 D
11821 W
12379 D
12379 W
12547 D
12547 W
12589 D
12589 W
12653 D
12653 W
13007 D
13007 W
13751 D
13751 W
14549 D
14549 W
14983 D
14983 W
17539 D
17539 W
17957 D
17957 W
18413 D
18413 W
19603 D
19603 W
20261 D
20261 W
20287 D
20287 W
20773 D
20773 W
22159 D
22159 W
22193 D
22193 W
24481 D
24481 W
25453 D
25453 W
27701 D
27701 W
28151 D
28151 W
29101 D
29101 W
29881 D
29881 W
31601 D
31601 W
33749 D
33749 W
34499 D
34499 W
42101 D
42101 W
42433 D
42433 W
42899 D
42899 W
43541 D
43541 W
43577 D
43577 W
47623 D
47623 W
51383 D
51383 W
55819 W
57331 D
57331 W
59387 D
59387 W
60761 D
60761 W
66697 D
66697 W
68507 D
68507 W
73331 D
73331 W
75979 D
75979 W
77369 D
77369 W
78041 D
78041 W
78497 D
78497 W
79757 D
79757 W
80273 D
80273 W
83449 D
83449 W
83459 D
83459 W
83591 D
83591 W
87121 D
87121 W
91139 D
91139 W
104917 D
104917 W
105361 D
105361 W
105379 D
105379 W
118457 D
118457 W
129841 D
129841 W
131437 D
131437 W
141121 D
141121 W
147607 D
147607 W
149861 D
149861 W
170773 D
170773 W
194377 D
194377 W
198967 D
198967 W
240589 D
240589 W
242309 D
242309 W
258871 D
258871 W
292933 D
292933 W
322513 D
322513 W
328787 D
328787 W
349337 D
349337 W
355211 D
355211 W
367469 D
367469 W
399263 D
399263 W
411703 D
411703 W
417953 D
417953 W
450071 D
450071 W
476143 D
476143 W
477821 D
477821 W
529343 D
529343 W
547271 D
547271 W
548489 D
548489 W
554969 D
554969 W
623321 D
623321 W
652997 D
652997 W
749081 D
749081 W
753983 D
753983 W
882187 D
882187 W
941407 D
941407 W
990169 D
990169 W
1030511 D
1030511 W
1034233 D
1034233 W
1267481 D
1267481 W
1426097 D
1426097 W
1583171 D
1583171 W
1739533 D
1739533 W
1763821 D
1763821 W
1790203 D
1790203 W
1883341 D
1883341 W
1898549 D
1898549 W
1975669 D
1975669 W
2480267 D
2480267 W
2511851 D
2511851 W
2749283 D
2749283 W
3059519 D
3059519 W
3177649 D
3177649 W
3231971 D
3231971 W
3311303 D
3311303 W
3484583 D
3484583 W
3681031 D
3681031 W
3980231 D
3980231 W
4523137 D
4523137 W
4644509 D
4644509 W
4646167 D
4646167 W
4961237 D
4961237 W
5000539 D
5000539 W
5375603 D
5375603 W
6413789 D
6413789 W
7525759 D
7525759 W
7869607 D
7869607 W
8221069 D
8221069 W
8281073 D
8281073 W
8492153 D
8492153 W
8565881 D
8565881 W
9267773 D
9267773 W
9921323 D
9921323 W
2 L
2 L
2 L
2 L
2 L
2 L
2 L
2 L
2 L
2 L
2 L
2 L
2 L
2 L
2 L
2 L
2 L
2 L
2 L
2 L
2 L
2 L
2 L
2 L
2 L
2 L
2 L
2 L
2 L
2 L
2 L
2 L
2 L
2 L
2 L
2 L
2 L
2 L
2 L
2 L
2 L
2 L
2 L
2 L
2 L
2 L
2 L
2 L
2 L
2 L
2 L
2 L
2 L
2 L
2 L
2 L
2 L
2 L
2 L
2 L
2 L
2 L
2 L
2 L
2 L
2 L
2 L
2 L
2 L
2 L
2 L
2 L
2 L
2 L
2 L
2 L
2 L
2 L
2 L
2 L
2 L
2 L
2 L
2 L
2 L
2 L
2 L
2 L
2 L
2 L
2 L
2 L
2 L
2 L
2 L
2 L
2 L
2 L
2 L
2 L
2 L
2 L
2 L
2 L
2 L
2 L
2 L
2 L
2 L
2 L
2 L
2 L
2 L
2 L
2 L
2 L
2 L
2 L
2 L
2 L
2 L
2 L
2 L
2 L
2 L
2 L
2 L
2 L
2 L
2 L
2 L
2 L
2 L
2 L
2 L
2 L
2 L
2 L
2 L
2 L
2 L
2 L
2 L
2 L
2 L
2 L
2 L
2 L
2 L
2 L
2 L
2 L
2 L
2 L
2 L
2 L
2 L
2 L
2 L
2 L
2 L
2 L
2 L
2 L
2 L
2 L
2 L
2 L
2 L
2 L
2 L
2 L
2 L
2 L
2 L
2 L
2 L
2 L
2 L
2 L
2 L
2 L
2 L
2 L
2 L
2 L
2 L
2 L
2 L
2 L
2 L
2 L
2 L
2 L
2 L
2 L
2 L
2 L
2 L
2 L
2 L
2 L
2 L
2 L
2 L
2 L
2 L
2 L
2 L
2 L
2 L
2 L
2 L
2 L
2 D
2 D
2 W
2 L
3 L
3 L
3 L
3 L
3 L
3 L
3 L
3 L
3 L
3 L
3 L
3 L
3 L
3 L
3 L
3 L
3 L
3 L
3 L
3 L
3 L
3 L
3 L
3 L
3 L
3 L
3 L
3 L
3 L
3 L
3 L
3 L
3 L
3 L
3 L
3 L
3 L
3 L
3 L
3 L
3 L
3 L
3 L
3 L
3 L
3 L
3 L
3 L
3 L
3 L
3 L
3 L
3 L
3 L
3 L
3 L
3 L
3 L
3 L
3 L
3 L
3 L
3 L
3 L
3 L
3 L
3 L
3 L
3 L
3 L
3 L
3 L
3 L
3 L
3 L
3 L
3 L
3 L
3 L
3 L
3 L
3 L
3 L
3 L
3 L
3 L
3 L
3 L
3 L
3 L
3 L
3 L
3 L
3 L
3 L
3 L
3 L
3 L
3 L
3 L
5 L
5 L
5 L
5 L
5 L
5 L
5 L
5 L
5 L
5 L
5 L
5 L
5 L
5 L
5 L
5 L
5 L
5 L
5 L
5 L
5 L
5 L
5 L
5 L
5 L
5 L
5 L
5 L
5 L
5 L
5 L
5 L
5 L
5 L
5 L
5 L
5 L
5 L
5 L
5 L
5 L
5 L
5 L
5 L
5 L
5 L
5 L
5 L
5 L
5 L
5 L
5 L
5 D
5 D
5 W
5 L
7 L
7 L
7 L
7 L
7 L
7 L
7 L
7 L
7 L
7 L
7 L
7 L
7 L
7 L
7 L
7 L
7 L
7 L
7 L
7 L
7 L
7 L
7 L
7 L
7 L
7 L
11 L
11 L
11 L
11 L
11 L
11 L
11 L
11 L
11 L
11 L
11 L
11 L
11 L
11 L
11 L
11 L
11 L
11 L
11 L
11 L
13 L
13 L
13 L
13 L
13 L
13 L
13 L
13 L
13 L
13 L
13 L
13 L
13 L
13 L
13 L
13 L
17 L
17 L
17 L
17 L
17 L
17 L
17 L
19 L
19 L
19 L
19 L
19 L
19 L
19 L
19 L
19 L
19 L
19 L
19 L
19 L
23 L
23 L
23 L
23 L
23 L
23 L
23 L
23 L
23 L
23 L
23 D
23 D
23 W
23 L
29 L
29 L
29 L
29 L
31 L
31 L
31 L
31 L
31 L
31 L
31 L
31 D
31 D
31 W
31 L
37 L
37 L
37 L
37 L
37 L
37 L
37 L
37 L
37 D
37 D
37 W
37 L
41 L
41 L
41 L
41 L
41 L
41 L
41 L
41 D
41 D
41 W
41 L
43 L
43 L
43 L
43 L
43 L
43 L
43 D
43 D
43 W
43 L
47 L
47 L
47 L
47 L
47 L
47 L
47 L
47 L
47 D
47 D
47 W
47 L
53 L
53 L
59 L
59 L
59 L
59 D
59 D
59 W
59 L
61 L
61 L
61 L
61 L
61 L
61 L
67 L
67 L
67 L
67 L
67 D
67 D
67 W
67 L
71 L
71 L
71 L
71 L
73 L
73 L
73 L
79 L
79 L
79 L
79 L
83 L
83 L
83 L
89 L
89 L
89 D
89 D
89 W
89 L
97 L
97 L
101 L
101 L
101 D
101 D
101 W
101 L
103 L
103 D
103 D
103 W
103 L
107 L
107 L
109 L
113 L
113 L
127 D
127 D
127 W
127 L
131 L
137 L
139 L
139 L
149 L
151 D
151 D
151 W
151 L
157 D
157 D
157 W
157 L
163 L
163 L
163 D
163 D
163 W
163 L
167 L
167 L
173 L
173 D
173 D
173 W
173 L
179 L
179 D
179 D
179 W
179 L
181 D
181 D
181 W
181 L
191 L
191 L
191 D
191 D
191 W
191 L
193 L
193 L
197 D
197 D
197 W
197 L
199 L
211 L
211 D
211 D
211 W
211 L
223 L
229 L
233 L
233 L
239 D
239 D
239 W
239 L
241 L
251 L
251 D
251 D
251 W
251 L
257 L
263 L
269 L
269 L
271 L
277 L
281 D
281 D
281 W
281 L
283 L
293 D
293 D
293 W
293 L
307 D
307 D
307 W
307 L
313 D
313 D
313 W
313 L
317 L
317 D
317 D
317 W
317 L
347 D
347 D
347 W
347 L
349 D
349 D
349 W
349 L
353 L
359 D
359 D
359 W
359 L
367 L
367 L
373 L
379 L
379 D
379 D
379 W
379 L
389 L
389 D
389 D
389 W
389 L
397 L
409 L
419 L
439 D
439 D
439 W
439 L
449 D
449 D
449 W
449 L
467 D
467 D
467 W
467 L
479 D
479 D
479 W
479 L
487 L
491 L
491 D
491 D
491 W
491 L
499 D
499 D
499 W
499 L
521 L
521 D
521 D
521 W
521 L
523 L
541 L
547 L
569 D
569 D
569 W
569 L
577 D
577 D
577 W
577 L
587 D
587 D
587 W
587 L
593 D
593 D
593 W
593 L
599 D
599 D
599 W
599 L
601 D
601 D
601 W
601 L
617 D
617 D
617 W
617 L
641 D
641 D
641 W
641 L
643 L
653 D
653 D
653 W
653 L
659 D
659 D
659 W
659 L
677 L
683 D
683 D
683 W
683 L
691 D
691 D
691 W
691 L
701 L
719 L
733 D
733 D
733 W
733 L
757 D
757 D
757 W
757 L
761 D
761 D
761 W
761 L
787 D
787 D
787 W
787 L
809 L
827 D
827 D
827 W
827 L
829 L
839 D
839 D
839 W
839 L
857 D
857 D
857 W
857 L
859 D
859 D
859 W
859 L
863 D
863 D
863 W
863 L
881 D
881 D
881 W
881 L
883 D
883 D
883 W
883 L
907 D
907 D
907 W
907 L
947 L
947 D
947 D
947 W
947 L
953 D
953 D
953 W
953 L
971 D
971 D
971 W
971 L
997 D
997 D
997 W
997 L
1013 D
1013 D
1013 W
1013 L
1031 D
1031 D
1031 W
1031 L
1039 D
1039 D
1039 W
1039 L
1051 D
1051 D
1051 W
1051 L
1063 D
1063 D
1063 W
1063 L
1069 D
1069 D
1069 W
1069 L
1091 D
1091 D
1091 W
1091 L
1093 L
1103 D
1103 D
1103 W
1103 L
1117 D
1117 D
1117 W
1117 L
1129 D
1129 D
1129 W
1129 L
1171 D
1171 D
1171 W
1171 L
1181 D
1181 D
1181 W
1181 L
1193 L
1201 D
1201 D
1201 W
1201 L
1217 D
1217 D
1217 W
1217 L
1259 D
1259 D
1259 W
1259 L
1277 L
1279 D
1279 D
1279 W
1279 L
1283 D
1283 D
1283 W
1283 L
1289 D
1289 D
1289 W
1289 L
1291 D
1291 D
1291 W
1291 L
1297 D
1297 D
1297 W
1297 L
1301 D
1301 D
1301 W
1301 L
1321 D
1321 D
1321 W
1321 L
1373 L
1373 D
1373 D
1373 W
1373 L
1399 D
1399 D
1399 W
1399 L
1409 L
1423 D
1423 D
1423 W
1423 L
1429 D
1429 D
1429 W
1429 L
1439 D
1439 D
1439 W
1439 L
1453 D
1453 D
1453 W
1453 L
1483 D
1483 D
1483 W
1483 L
1499 L
1511 D
1511 D
1511 W
1511 L
1553 D
1553 D
1553 W
1553 L
1567 D
1567 D
1567 W
1567 L
1607 D
1607 D
1607 W
1607 L
1609 D
1609 D
1609 W
1609 L
1669 D
1669 D
1669 W
1669 L
1697 D
1697 D
1697 W
1697 L
1741 D
1741 D
1741 W
1741 L
1787 D
1787 D
1787 W
1787 L
1789 D
1789 D
1789 W
1789 L
1811 D
1811 D
1811 W
1811 L
1861 D
1861 D
1861 W
1861 L
1867 D
1867 D
1867 W
1867 L
1907 D
1907 D
1907 W
1907 L
1949 D
1949 D
1949 W
1949 L
1987 D
1987 D
1987 W
1987 L
1997 D
1997 D
1997 W
1997 L
2017 D
2017 D
2017 W
2017 L
2029 D
2029 D
2029 W
2029 L
2039 D
2039 D
2039 W
2039 L
2053 D
2053 D
2053 W
2053 L
2069 D
2069 D
2069 W
2069 L
2111 L
2131 D
2131 D
2131 W
2131 L
2141 D
2141 D
2141 W
2141 L
2237 D
2237 D
2237 W
2237 L
2243 D
2243 D
2243 W
2243 L
2267 D
2267 D
2267 W
2267 L
2273 D
2273 D
2273 W
2273 L
2281 D
2281 D
2281 W
2281 L
2293 D
2293 D
2293 W
2293 L
2333 D
2333 D
2333 W
2333 L
2341 D
2341 D
2341 W
2341 L
2411 D
2411 D
2411 W
2411 L
2417 D
2417 D
2417 W
2417 L
2423 D
2423 D
2423 W
2423 L
2441 D
2441 D
2441 W
2441 L
2543 D
2543 D
2543 W
2543 L
2633 D
2633 D
2633 W
2633 L
2677 D
2677 D
2677 W
2677 L
2689 D
2689 D
2689 W
2689 L
2693 D
2693 D
2693 W
2693 L
2749 D
2749 D
2749 W
2749 L
2753 D
2753 D
2753 W
2753 L
2803 D
2803 D
2803 W
2803 L
2851 D
2851 D
2851 W
2851 L
2887 D
2887 D
2887 W
2887 L
2917 D
2917 D
2917 W
2917 L
2971 D
2971 D
2971 W
2971 L
3049 D
3049 D
3049 W
3049 L
3083 D
3083 D
3083 W
3083 L
3089 D
3089 D
3089 W
3089 L
3109 D
3109 D
3109 W
3109 L
3121 D
3121 D
3121 W
3121 L
3301 D
3301 D
3301 W
3301 L
3323 D
3323 D
3323 W
3323 L
3329 D
3329 D
3329 W
3329 L
3407 D
3407 D
3407 W
3407 L
3677 D
3677 D
3677 W
3677 L
3767 D
3767 D
3767 W
3767 L
3769 D
3769 D
3769 W
3769 L
3851 D
3851 D
3851 W
3851 L
4159 D
4159 D
4159 W
4159 L
4211 D
4211 D
4211 W
4211 L
4261 D
4261 D
4261 W
4261 L
4271 D
4271 D
4271 W
4271 L
4457 D
4457 D
4457 W
4457 L
4463 D
4463 D
4463 W
4463 L
4547 D
4547 D
4547 W
4547 L
4643 D
4643 D
4643 W
4643 L
4759 D
4759 D
4759 W
4759 L
4787 D
4787 D
4787 W
4787 L
4793 D
4793 D
4793 W
4793 L
4903 D
4903 D
4903 W
4903 L
4919 D
4919 D
4919 W
4919 L
4969 D
4969 D
4969 W
4969 L
5039 D
5039 D
5039 W
5039 L
5051 D
5051 D
5051 W
5051 L
5059 D
5059 D
5059 W
5059 L
5323 D
5323 D
5323 W
5323 L
5333 D
5333 D
5333 W
5333 L
5381 D
5381 D
5381 W
5381 L
5639 D
5639 D
5639 W
5639 L
5651 D
5651 D
5651 W
5651 L
5689 D
5689 D
5689 W
5689 L
5711 D
5711 D
5711 W
5711 L
5801 D
5801 D
5801 W
5801 L
5927 D
5927 D
5927 W
5927 L
6133 D
6133 D
6133 W
6133 L
6143 D
6143 D
6143 W
6143 L
6277 D
6277 D
6277 W
6277 L
6317 D
6317 D
6317 W
6317 L
6337 D
6337 D
6337 W
6337 L
6451 D
6451 D
6451 W
6451 L
6779 L
6823 D
6823 D
6823 W
6823 L
6983 D
6983 D
6983 W
6983 L
7019 D
7019 D
7019 W
7019 L
7069 D
7069 D
7069 W
7069 L
7193 D
7193 D
7193 W
7193 L
7243 D
7243 D
7243 W
7243 L
7297 D
7297 D
7297 W
7297 L
7333 D
7333 D
7333 W
7333 L
7487 D
7487 D
7487 W
7487 L
7583 D
7583 D
7583 W
7583 L
7643 D
7643 D
7643 W
7643 L
8161 D
8161 D
8161 W
8161 L
8219 D
8219 D
8219 W
8219 L
8369 D
8369 D
8369 W
8369 L
8431 D
8431 D
8431 W
8431 L
8447 D
8447 D
8447 W
8447 L
8623 D
8623 D
8623 W
8623 L
8737 D
8737 D
8737 W
8737 L
9283 D
9283 D
9283 W
9283 L
9323 D
9323 D
9323 W
9323 L
9397 D
9397 D
9397 W
9397 L
9491 D
9491 D
9491 W
9491 L
9511 D
9511 D
9511 W
9511 L
10103 D
10103 D
10103 W
10103 L
10301 D
10301 D
10301 W
10301 L
11351 D
11351 D
11351 W
11351 L
11369 D
11369 D
11369 W
11369 L
11447 D
11447 D
11447 W
11447 L
11503 D
11503 D
11503 W
11503 L
11587 D
11587 D
11587 W
11587 L
11777 D
11777 D
11777 W
11777 L
11821 D
11821 D
11821 W
11821 L
12043 D
12043 D
12043 W
12043 L
12211 D
12211 D
12211 W
12211 L
12379 D
12379 D
12379 W
12379 L
12547 D
12547 D
12547 W
12547 L
12589 D
12589 D
12589 W
12589 L
12653 D
12653 D
12653 W
12653 L
13007 D
13007 D
13007 W
13007 L
13577 D
13577 D
13577 W
13577 L
13723 D
13723 D
13723 W
13723 L
13751 D
13751 D
13751 W
13751 L
14197 D
14197 D
14197 W
14197 L
14549 L
14633 D
14633 D
14633 W
14633 L
14783 D
14783 D
14783 W
14783 L
14983 D
14983 D
14983 W
14983 L
15149 D
15149 D
15149 W
15149 L
15271 D
15271 D
15271 W
15271 L
16411 D
16411 D
16411 W
16411 L
17053 D
17053 D
17053 W
17053 L
17489 D
17489 D
17489 W
17489 L
17539 D
17539 D
17539 W
17539 L
17713 D
17713 D
17713 W
17713 L
17863 D
17863 D
17863 W
17863 L
17957 D
17957 D
17957 W
17957 L
18131 D
18131 D
18131 W
18131 L
18413 D
18413 D
18413 W
18413 L
18433 D
18433 D
18433 W
18433 L
19013 D
19013 D
19013 W
19013 L
19417 D
19417 D
19417 W
19417 L
19543 D
19543 D
19543 W
19543 L
19603 D
19603 D
19603 W
19603 L
19867 D
19867 D
19867 W
19867 L
20261 D
20261 D
20261 W
20261 L
20287 D
20287 D
20287 W
20287 L
20773 D
20773 D
20773 W
20773 L
21799 D
21799 D
21799 W
21799 L
21881 D
21881 D
21881 W
21881 L
22159 D
22159 D
22159 W
22159 L
22193 D
22193 D
22193 W
22193 L
23447 D
23447 D
23447 W
23447 L
23767 D
23767 D
23767 W
23767 L
23831 D
23831 D
23831 W
23831 L
24481 D
24481 D
24481 W
24481 L
25453 D
25453 D
25453 W
25453 L
25463 D
25463 D
25463 W
25463 L
26237 D
26237 D
26237 W
26237 L
27701 D
27701 D
27701 W
27701 L
28151 D
28151 D
28151 W
28151 L
29101 D
29101 D
29101 W
29101 L
29881 D
29881 D
29881 W
29881 L
31601 D
31601 D
31601 W
31601 L
33113 D
33113 D
33113 W
33113 L
33749 D
33749 D
33749 W
33749 L
33767 D
33767 D
33767 W
33767 L
34499 D
34499 D
34499 W
34499 L
34781 D
34781 D
34781 W
34781 L
35407 D
35407 D
35407 W
35407 L
35603 D
35603 D
35603 W
35603 L
36263 D
36263 D
36263 W
36263 L
37357 D
37357 D
37357 W
37357 L
37397 D
37397 D
37397 W
37397 L
37423 D
37423 D
37423 W
37423 L
38867 D
38867 D
38867 W
38867 L
39089 D
39089 D
39089 W
39089 L
42101 D
42101 D
42101 W
42101 L
42433 D
42433 D
42433 W
42433 L
42697 D
42697 D
42697 W
42697 L
42899 D
42899 D
42899 W
42899 L
43541 D
43541 D
43541 W
43541 L
43577 D
43577 D
43577 W
43577 L
47623 D
47623 D
47623 W
47623 L
48383 D
48383 D
48383 W
48383 L
51383 D
51383 D
51383 W
51383 L
52747 D
52747 D
52747 W
52747 L
53731 D
53731 D
53731 W
53731 L
55819 D
55819 D
55819 W
55819 L
55837 D
55837 D
55837 W
55837 L
56167 D
56167 D
56167 W
56167 L
56369 D
56369 D
56369 W
56369 L
56711 D
56711 D
56711 W
56711 L
57331 D
57331 D
57331 W
57331 L
58061 D
58061 D
58061 W
58061 L
59387 D
59387 D
59387 W
59387 L
60761 D
60761 D
60761 W
60761 L
63211 D
63211 D
63211 W
63211 L
63493 D
63493 D
63493 W
63493 L
65777 D
65777 D
65777 W
65777 L
66697 D
66697 D
66697 W
66697 L
68507 D
68507 D
68507 W
68507 L
70393 D
70393 D
70393 W
70393 L
73331 D
73331 D
73331 W
73331 L
74797 D
74797 D
74797 W
74797 L
75377 D
75377 D
75377 W
75377 L
75833 D
75833 D
75833 W
75833 L
75979 D
75979 D
75979 W
75979 L
76829 D
76829 D
76829 W
76829 L
77369 D
77369 D
77369 W
77369 L
78041 D
78041 D
78041 W
78041 L
78497 D
78497 D
78497 W
78497 L
79613 D
79613 D
79613 W
79613 L
79757 D
79757 D
79757 W
79757 L
80273 D
80273 D
80273 W
80273 L
82021 D
82021 D
82021 W
82021 L
83449 D
83449 D
83449 W
83449 L
83459 D
83459 D
83459 W
83459 L
83591 D
83591 D
83591 W
83591 L
87121 D
87121 D
87121 W
87121 L
89227 D
89227 D
89227 W
89227 L
91139 D
91139 D
91139 W
91139 L
92683 D
92683 D
92683 W
92683 L
96847 D
96847 D
96847 W
96847 L
99923 D
99923 D
99923 W
99923 L
101203 D
101203 D
101203 W
101203 L
102079 D
102079 D
102079 W
102079 L
102181 D
102181 D
102181 W
102181 L
104917 D
104917 D
104917 W
104917 L
105361 D
105361 D
105361 W
105361 L
105379 D
105379 D
105379 W
105379 L
107713 D
107713 D
107713 W
107713 L
109423 D
109423 D
109423 W
109423 L
111487 D
111487 D
111487 W
111487 L
118457 D
118457 D
118457 W
118457 L
129841 D
129841 D
129841 W
129841 L
131431 D
131431 D
131431 W
131431 L
131437 D
131437 D
131437 W
131437 L
137077 D
137077 D
137077 W
137077 L
141121 D
141121 D
141121 W
141121 L
143093 D
143093 D
143093 W
143093 L
147607 D
147607 D
147607 W
147607 L
148711 D
148711 D
148711 W
148711 L
149861 D
149861 D
149861 W
149861 L
159739 D
159739 D
159739 W
159739 L
165203 D
165203 D
165203 W
165203 L
166867 D
166867 D
166867 W
166867 L
170773 D
170773 D
170773 W
170773 L
194377 D
194377 D
194377 W
194377 L
195047 D
195047 D
195047 W
195047 L
198967 D
198967 D
198967 W
198967 L
212851 D
212851 D
212851 W
212851 L
224201 D
224201 D
224201 W
224201 L
225223 D
225223 D
225223 W
225223 L
234131 D
234131 D
234131 W
234131 L
237179 D
237179 D
237179 W
237179 L
240589 D
240589 D
240589 W
240589 L
242309 D
242309 D
242309 W
242309 L
248719 D
248719 D
248719 W
248719 L
258871 D
258871 D
258871 W
258871 L
262387 D
262387 D
262387 W
262387 L
277073 D
277073 D
277073 W
277073 L
292493 D
292493 D
292493 W
292493 L
292933 D
292933 D
292933 W
292933 L
294479 D
294479 D
294479 W
294479 L
306517 D
306517 D
306517 W
306517 L
322513 D
322513 D
322513 W
322513 L
328787 D
328787 D
328787 W
328787 L
333101 D
333101 D
333101 W
333101 L
333457 D
333457 D
333457 W
333457 L
335033 D
335033 D
335033 W
335033 L
349337 D
349337 D
349337 W
349337 L
355211 D
355211 D
355211 W
355211 L
362303 D
362303 D
362303 W
362303 L
367469 D
367469 D
367469 W
367469 L
397907 D
397907 D
397907 W
397907 L
399263 D
399263 D
399263 W
399263 L
402053 D
402053 D
402053 W
402053 L
411703 D
411703 D
411703 W
411703 L
417953 D
417953 D
417953 W
417953 L
430601 D
430601 D
430601 W
430601 L
431399 D
431399 D
431399 W
431399 L
450071 D
450071 D
450071 W
450071 L
460073 D
460073 D
460073 W
460073 L
476143 D
476143 D
476143 W
476143 L
477811 D
477811 D
477811 W
477811 L
477821 D
477821 D
477821 W
477821 L
490849 D
490849 D
490849 W
490849 L
502919 D
502919 D
502919 W
502919 L
508229 D
508229 D
508229 W
508229 L
529343 D
529343 D
529343 W
529343 L
544013 D
544013 D
544013 W
544013 L
547271 D
547271 D
547271 W
547271 L
548489 D
548489 D
548489 W
548489 L
554969 D
554969 D
554969 W
554969 L
567451 D
567451 D
567451 W
567451 L
576943 D
576943 D
576943 W
576943 L
580687 D
580687 D
580687 W
580687 L
623321 D
623321 D
623321 W
623321 L
628993 D
628993 D
628993 W
628993 L
652997 D
652997 D
652997 W
652997 L
656129 D
656129 D
656129 W
656129 L
660787 D
660787 D
660787 W
660787 L
662591 D
662591 D
662591 W
662591 L
696119 D
696119 D
696119 W
696119 L
711749 D
711749 D
711749 W
711749 L
749081 D
749081 D
749081 W
749081 L
750961 D
750961 D
750961 W
750961 L
753983 D
753983 D
753983 W
753983 L
767831 D
767831 D
767831 W
767831 L
779351 D
779351 D
779351 W
779351 L
794011 D
794011 D
794011 W
794011 L
855989 D
855989 D
855989 W
855989 L
882187 D
882187 D
882187 W
882187 L
941407 D
941407 D
941407 W
941407 L
951787 D
951787 D
951787 W
951787 L
990169 D
990169 D
990169 W
990169 L
1030511 D
1030511 D
1030511 W
1030511 L
1034233 D
1034233 D
1034233 W
1034233 L
1091147 D
1091147 D
1091147 W
1091147 L
1144691 D
1144691 D
1144691 W
1144691 L
1166131 D
1166131 D
1166131 W
1166131 L
1205173 D
1205173 D
1205173 W
1205173 L
1223939 D
1223939 D
1223939 W
1223939 L
1267481 D
1267481 D
1267481 W
1267481 L
1394681 D
1394681 D
1394681 W
1394681 L
1404497 D
1404497 D
1404497 W
1404497 L
1426097 D
1426097 D
1426097 W
1426097 L
1428811 D
1428811 D
1428811 W
1428811 L
1495019 D
1495019 D
1495019 W
1495019 L
1536719 D
1536719 D
1536719 W
1536719 L
1583171 D
1583171 D
1583171 W
1583171 L
1611901 D
1611901 D
1611901 W
1611901 L
1631309 D
1631309 D
1631309 W
1631309 L
1739533 D
1739533 D
1739533 W
1739533 L
1763821 D
1763821 D
1763821 W
1763821 L
1790203 D
1790203 D
1790203 W
1790203 L
1806281 D
1806281 D
1806281 W
1806281 L
1822787 D
1822787 D
1822787 W
1822787 L
1883341 D
1883341 D
1883341 W
1883341 L
1898549 D
1898549 D
1898549 W
1898549 L
1975669 D
1975669 D
1975669 W
1975669 L
1991729 D
1991729 D
1991729 W
1991729 L
2039629 D
2039629 D
2039629 W
2039629 L
2418359 D
2418359 D
2418359 W
2418359 L
2442383 D
2442383 D
2442383 W
2442383 L
2480267 D
2480267 D
2480267 W
2480267 L
2511851 D
2511851 D
2511851 W
2511851 L
2574757 D
2574757 D
2574757 W
2574757 L
2749283 D
2749283 D
2749283 W
2749283 L
2766887 D
2766887 D
2766887 W
2766887 L
2850811 D
2850811 D
2850811 W
2850811 L
3059519 D
3059519 D
3059519 W
3059519 L
3177649 D
3177649 D
3177649 W
3177649 L
3231971 D
3231971 D
3231971 W
3231971 L
3311303 D
3311303 D
3311303 W
3311303 L
3440429 D
3440429 D
3440429 W
3440429 L
3484583 D
3484583 D
3484583 W
3484583 L
3492953 D
3492953 D
3492953 W
3492953 L
3517573 D
3517573 D
3517573 W
3517573 L
3681031 D
3681031 D
3681031 W
3681031 L
3842989 D
3842989 D
3842989 W
3842989 L
3980231 D
3980231 D
3980231 W
3980231 L
4523137 D
4523137 D
4523137 W
4523137 L
4644509 D
4644509 D
4644509 W
4644509 L
4644769 D
4644769 D
4644769 W
4644769 L
4646167 D
4646167 D
4646167 W
4646167 L
4961237 D
4961237 D
4961237 W
4961237 L
5000539 D
5000539 D
5000539 W
5000539 L
5375603 D
5375603 D
5375603 W
5375603 L
5392141 D
5392141 D
5392141 W
5392141 L
6397133 D
6397133 D
6397133 W
6397133 L
6413789 D
6413789 D
6413789 W
6413789 L
6809833 D
6809833 D
6809833 W
6809833 L
6815293 D
6815293 D
6815293 W
6815293 L
7525759 D
7525759 D
7525759 W
7525759 L
7869607 D
7869607 D
7869607 W
7869607 L
8043323 D
8043323 D
8043323 W
8043323 L
8221069 D
8221069 D
8221069 W
8221069 L
8281073 D
8281073 D
8281073 W
8281073 L
8492153 D
8492153 D
8492153 W
8492153 L
8565881 D
8565881 D
8565881 W
8565881 L
8967389 D
8967389 D
8967389 W
8967389 L
9090131 D
9090131 D
9090131 W
9090131 L
9267773 D
9267773 D
9267773 W
9267773 L
9543293 D
9543293 D
9543293 W
9543293 L
9921323 D
9921323 D
9921323 W
9921323 L
