2996
109 D
109 W
311 D
311 W
1249 D
1249 W
1319 D
1319 W
4483 D
4483 W
7681 D
7681 W
31649 D
31649 W
43487 D
43487 W
202001 D
202001 W
203323 D
203323 W
217697 D
217697 W
221713 D
221713 W
248641 D
248641 W
305597 D
305597 W
310283 D
310283 W
330241 D
330241 W
375511 D
375511 W
401711 D
401711 W
409573 D
409573 W
448519 D
448519 W
474571 D
474571 W
561797 D
561797 W
572879 D
572879 W
592727 D
592727 W
704549 D
704549 W
732703 D
732703 W
744823 D
744823 W
761773 D
761773 W
786823 D
786823 W
804989 D
804989 W
901247 D
901247 W
912631 D
912631 W
930211 D
930211 W
973801 D
973801 W
982603 D
982603 W
1026413 D
1026413 W
1090883 D
1090883 W
1128931 D
1128931 W
1148621 D
1148621 W
1165301 D
1165301 W
1210003 D
1210003 W
1274111 D
1274111 W
1293961 D
1293961 W
1331657 D
1331657 W
1380679 D
1380679 W
1429423 D
1429423 W
1477951 D
1477951 W
1486787 D
1486787 W
1513367 D
1513367 W
1526411 D
1526411 W
1606753 D
1606753 W
1675859 D
1675859 W
1679459 D
1679459 W
1703773 D
1703773 W
1732139 D
1732139 W
1738207 D
1738207 W
1741231 D
1741231 W
1743473 D
1743473 W
1746607 D
1746607 W
1863223 D
1863223 W
1936889 D
1936889 W
1972781 D
1972781 W
2071543 D
2071543 W
2095309 D
2095309 W
2153633 D
2153633 W
2183063 D
2183063 W
2187901 D
2187901 W
2225653 D
2225653 W
2293483 D
2293483 W
2314777 D
2314777 W
2358403 D
2358403 W
2400511 D
2400511 W
2508433 D
2508433 W
2522713 D
2522713 W
2579119 D
2579119 W
2625977 D
2625977 W
2649851 D
2649851 W
2655113 D
2655113 W
2683787 D
2683787 W
2697701 D
2697701 W
2771239 D
2771239 W
2814821 D
2814821 W
2857187 D
2857187 W
2858929 D
2858929 W
2898893 D
2898893 W
2902153 D
2902153 W
2950459 D
2950459 W
3059401 D
3059401 W
3070807 D
3070807 W
3086981 D
3086981 W
3165671 D
3165671 W
3182819 D
3182819 W
3240617 D
3240617 W
3263287 D
3263287 W
3265441 D
3265441 W
3277817 D
3277817 W
3287587 D
3287587 W
3288113 D
3288113 W
3308593 D
3308593 W
3424271 D
3424271 W
3445549 D
3445549 W
3507211 D
3507211 W
3539059 D
3539059 W
3582401 D
3582401 W
3586943 D
3586943 W
3603539 D
3603539 W
3605087 D
3605087 W
3623369 D
3623369 W
3675401 D
3675401 W
3706379 D
3706379 W
3790333 D
3790333 W
3844949 D
3844949 W
3849829 D
3849829 W
3883519 D
3883519 W
3913747 D
3913747 W
3914983 D
3914983 W
3963581 D
3963581 W
3994079 D
3994079 W
4010603 D
4010603 W
4017407 D
4017407 W
4051361 D
4051361 W
4070761 D
4070761 W
4105579 D
4105579 W
4174343 D
4174343 W
4268177 D
4268177 W
4290491 D
4290491 W
4334107 D
4334107 W
4366577 D
4366577 W
4389223 D
4389223 W
4403963 D
4403963 W
4409003 D
4409003 W
4455469 D
4455469 W
4458133 D
4458133 W
4466299 D
4466299 W
4517833 D
4517833 W
4579073 D
4579073 W
4627841 D
4627841 W
4783993 D
4783993 W
4799279 D
4799279 W
4804409 D
4804409 W
4879057 D
4879057 W
4884779 D
4884779 W
4901803 D
4901803 W
4922923 D
4922923 W
4951649 D
4951649 W
5118713 D
5118713 W
5125391 D
5125391 W
5127341 D
5127341 W
5127613 D
5127613 W
5142421 D
5142421 W
5146391 D
5146391 W
5248543 D
5248543 W
5311909 D
5311909 W
5343641 D
5343641 W
5350357 D
5350357 W
5381989 D
5381989 W
5401307 D
5401307 W
5410441 D
5410441 W
5417389 D
5417389 W
5442751 D
5442751 W
5537593 D
5537593 W
5542079 D
5542079 W
5626277 D
5626277 W
5684909 D
5684909 W
5695309 D
5695309 W
5706443 D
5706443 W
5716031 D
5716031 W
5745743 D
5745743 W
5776079 D
5776079 W
5778779 D
5778779 W
5783249 D
5783249 W
5849231 D
5849231 W
5886019 D
5886019 W
5958299 D
5958299 W
5999767 D
5999767 W
6015511 D
6015511 W
6025343 D
6025343 W
6049643 D
6049643 W
6163097 D
6163097 W
6224447 D
6224447 W
6235837 D
6235837 W
6244603 D
6244603 W
6265849 D
6265849 W
6323923 D
6323923 W
6325303 D
6325303 W
6329377 D
6329377 W
6352013 D
6352013 W
6482417 D
6482417 W
6581563 D
6581563 W
6588551 D
6588551 W
6618223 D
6618223 W
6625123 D
6625123 W
6653761 D
6653761 W
6660119 D
6660119 W
6669331 D
6669331 W
6719837 D
6719837 W
6721999 D
6721999 W
6763381 D
6763381 W
6786709 D
6786709 W
6817379 D
6817379 W
6820741 D
6820741 W
6872479 D
6872479 W
6896959 D
6896959 W
6960713 D
6960713 W
6962701 D
6962701 W
7041373 D
7041373 W
7108663 D
7108663 W
7140047 D
7140047 W
7151707 D
7151707 W
7225811 D
7225811 W
7352629 D
7352629 W
7380931 D
7380931 W
7396919 D
7396919 W
7508981 D
7508981 W
7577069 D
7577069 W
7585397 D
7585397 W
7606009 D
7606009 W
7655891 D
7655891 W
7779521 D
7779521 W
7809253 D
7809253 W
7813459 D
7813459 W
7856803 D
7856803 W
7869131 D
7869131 W
7883341 D
7883341 W
7886731 D
7886731 W
7899559 D
7899559 W
7911677 D
7911677 W
7937927 D
7937927 W
7945213 D
7945213 W
8045183 D
8045183 W
8052659 D
8052659 W
8122193 D
8122193 W
8132989 D
8132989 W
8139563 D
8139563 W
8218201 D
8218201 W
8237357 D
8237357 W
8262841 D
8262841 W
8266411 D
8266411 W
8366279 D
8366279 W
8371703 D
8371703 W
8374103 D
8374103 W
8495593 D
8495593 W
8509349 D
8509349 W
8530003 D
8530003 W
8539771 D
8539771 W
8551687 D
8551687 W
8573953 D
8573953 W
8637203 D
8637203 W
8645491 D
8645491 W
8649187 D
8649187 W
8696893 D
8696893 W
8712779 D
8712779 W
8773969 D
8773969 W
8784431 D
8784431 W
8803363 D
8803363 W
8869187 D
8869187 W
8919319 D
8919319 W
8931583 D
8931583 W
8961713 D
8961713 W
8979479 D
8979479 W
9054607 D
9054607 W
9082781 D
9082781 W
9100459 D
9100459 W
9147881 D
9147881 W
9172403 D
9172403 W
9221741 D
9221741 W
9233767 D
9233767 W
9236567 D
9236567 W
9247489 D
9247489 W
9399191 D
9399191 W
9401059 D
9401059 W
9425693 D
9425693 W
9433621 D
9433621 W
9440407 D
9440407 W
9448067 D
9448067 W
9487817 D
9487817 W
9530363 D
9530363 W
9613481 D
9613481 W
9616741 D
9616741 W
9730393 D
9730393 W
9752021 D
9752021 W
9817361 D
9817361 W
9821629 D
9821629 W
9851713 D
9851713 W
9899951 D
9899951 W
9902359 D
9902359 W
9914693 D
9914693 W
9983339 D
9983339 W
2 D
2 D
2 W
2 L
3 D
3 D
3 W
3 L
5 D
5 D
5 W
5 L
7 D
7 D
7 W
7 L
11 D
11 D
11 W
11 L
13 D
13 D
13 W
13 L
17 D
17 D
17 W
17 L
19 D
19 D
19 W
19 L
23 D
23 D
23 W
23 L
29 D
29 D
29 W
29 L
31 D
31 D
31 W
31 L
37 D
37 D
37 W
37 L
41 D
41 D
41 W
41 L
43 D
43 D
43 W
43 L
47 D
47 D
47 W
47 L
109 D
109 D
109 W
109 L
113 D
113 D
113 W
113 L
149 D
149 D
149 W
149 L
257 D
257 D
257 W
257 L
311 D
311 D
311 W
311 L
557 D
557 D
557 W
557 L
1249 D
1249 D
1249 W
1249 L
1319 D
1319 D
1319 W
1319 L
4483 D
4483 D
4483 W
4483 L
6577 D
6577 D
6577 W
6577 L
7159 D
7159 D
7159 W
7159 L
7681 D
7681 D
7681 W
7681 L
30869 D
30869 D
30869 W
30869 L
31649 D
31649 D
31649 W
31649 L
36599 D
36599 D
36599 W
36599 L
43487 D
43487 D
43487 W
43487 L
109423 D
109423 D
109423 W
109423 L
182927 D
182927 D
182927 W
182927 L
189463 D
189463 D
189463 W
189463 L
199417 D
199417 D
199417 W
199417 L
202001 D
202001 D
202001 W
202001 L
202817 D
202817 D
202817 W
202817 L
203323 D
203323 D
203323 W
203323 L
208217 D
208217 D
208217 W
208217 L
217697 D
217697 D
217697 W
217697 L
221713 D
221713 D
221713 W
221713 L
229529 D
229529 D
229529 W
229529 L
248641 D
248641 D
248641 W
248641 L
250949 D
250949 D
250949 W
250949 L
264739 D
264739 D
264739 W
264739 L
305597 D
305597 D
305597 W
305597 L
305741 D
305741 D
305741 W
305741 L
310283 D
310283 D
310283 W
310283 L
316661 D
316661 D
316661 W
316661 L
322261 D
322261 D
322261 W
322261 L
330241 D
330241 D
330241 W
330241 L
338563 D
338563 D
338563 W
338563 L
350941 D
350941 D
350941 W
350941 L
375511 D
375511 D
375511 W
375511 L
401587 D
401587 D
401587 W
401587 L
401711 D
401711 D
401711 W
401711 L
409573 D
409573 D
409573 W
409573 L
430981 D
430981 D
430981 W
430981 L
448519 D
448519 D
448519 W
448519 L
474571 D
474571 D
474571 W
474571 L
475669 D
475669 D
475669 W
475669 L
503501 D
503501 D
503501 W
503501 L
508811 D
508811 D
508811 W
508811 L
561797 D
561797 D
561797 W
561797 L
572879 D
572879 D
572879 W
572879 L
575573 D
575573 D
575573 W
575573 L
592727 D
592727 D
592727 W
592727 L
631469 D
631469 D
631469 W
631469 L
704549 D
704549 D
704549 W
704549 L
727399 D
727399 D
727399 W
727399 L
732703 D
732703 D
732703 W
732703 L
744823 D
744823 D
744823 W
744823 L
747889 D
747889 D
747889 W
747889 L
761773 D
761773 D
761773 W
761773 L
786823 D
786823 D
786823 W
786823 L
804989 D
804989 D
804989 W
804989 L
853889 D
853889 D
853889 W
853889 L
854713 D
854713 D
854713 W
854713 L
867067 D
867067 D
867067 W
867067 L
901247 D
901247 D
901247 W
901247 L
911419 D
911419 D
911419 W
911419 L
912631 D
912631 D
912631 W
912631 L
930211 D
930211 D
930211 W
930211 L
937243 D
937243 D
937243 W
937243 L
940547 D
940547 D
940547 W
940547 L
973801 D
973801 D
973801 W
973801 L
976193 D
976193 D
976193 W
976193 L
978697 D
978697 D
978697 W
978697 L
982603 D
982603 D
982603 W
982603 L
996617 D
996617 D
996617 W
996617 L
1004317 D
1004317 D
1004317 W
1004317 L
1026413 D
1026413 D
1026413 W
1026413 L
1042609 D
1042609 D
1042609 W
1042609 L
1044517 D
1044517 D
1044517 W
1044517 L
1053809 D
1053809 D
1053809 W
1053809 L
1079509 D
1079509 D
1079509 W
1079509 L
1090883 D
1090883 D
1090883 W
1090883 L
1112381 D
1112381 D
1112381 W
1112381 L
1113859 D
1113859 D
1113859 W
1113859 L
1127029 D
1127029 D
1127029 W
1127029 L
1128931 D
1128931 D
1128931 W
1128931 L
1148621 D
1148621 D
1148621 W
1148621 L
1165301 D
1165301 D
1165301 W
1165301 L
1178173 D
1178173 D
1178173 W
1178173 L
1178767 D
1178767 D
1178767 W
1178767 L
1198447 D
1198447 D
1198447 W
1198447 L
1210003 D
1210003 D
1210003 W
1210003 L
1215359 D
1215359 D
1215359 W
1215359 L
1254301 D
1254301 D
1254301 W
1254301 L
1260989 D
1260989 D
1260989 W
1260989 L
1274111 D
1274111 D
1274111 W
1274111 L
1293961 D
1293961 D
1293961 W
1293961 L
1331657 D
1331657 D
1331657 W
1331657 L
1339069 D
1339069 D
1339069 W
1339069 L
1380679 D
1380679 D
1380679 W
1380679 L
1429423 D
1429423 D
1429423 W
1429423 L
1461517 D
1461517 D
1461517 W
1461517 L
1477951 D
1477951 D
1477951 W
1477951 L
1486787 D
1486787 D
1486787 W
1486787 L
1500419 D
1500419 D
1500419 W
1500419 L
1502591 D
1502591 D
1502591 W
1502591 L
1513367 D
1513367 D
1513367 W
1513367 L
1526411 D
1526411 D
1526411 W
1526411 L
1547573 D
1547573 D
1547573 W
1547573 L
1565561 D
1565561 D
1565561 W
1565561 L
1567031 D
1567031 D
1567031 W
1567031 L
1606753 D
1606753 D
1606753 W
1606753 L
1646681 D
1646681 D
1646681 W
1646681 L
1668587 D
1668587 D
1668587 W
1668587 L
1675859 D
1675859 D
1675859 W
1675859 L
1679459 D
1679459 D
1679459 W
1679459 L
1693667 D
1693667 D
1693667 W
1693667 L
1703773 D
1703773 D
1703773 W
1703773 L
1728997 D
1728997 D
1728997 W
1728997 L
1730579 D
1730579 D
1730579 W
1730579 L
1732139 D
1732139 D
1732139 W
1732139 L
1734431 D
1734431 D
1734431 W
1734431 L
1738207 D
1738207 D
1738207 W
1738207 L
1741231 D
1741231 D
1741231 W
1741231 L
1743473 D
1743473 D
1743473 W
1743473 L
1743761 D
1743761 D
1743761 W
1743761 L
1746607 D
1746607 D
1746607 W
1746607 L
1754743 D
1754743 D
1754743 W
1754743 L
1755701 D
1755701 D
1755701 W
1755701 L
1756397 D
1756397 D
1756397 W
1756397 L
1824707 D
1824707 D
1824707 W
1824707 L
1838741 D
1838741 D
1838741 W
1838741 L
1863223 D
1863223 D
1863223 W
1863223 L
1936889 D
1936889 D
1936889 W
1936889 L
1972781 D
1972781 D
1972781 W
1972781 L
1984211 D
1984211 D
1984211 W
1984211 L
2005763 D
2005763 D
2005763 W
2005763 L
2007013 D
2007013 D
2007013 W
2007013 L
2036387 D
2036387 D
2036387 W
2036387 L
2043763 D
2043763 D
2043763 W
2043763 L
2071543 D
2071543 D
2071543 W
2071543 L
2094107 D
2094107 D
2094107 W
2094107 L
2095309 D
2095309 D
2095309 W
2095309 L
2107247 D
2107247 D
2107247 W
2107247 L
2121181 D
2121181 D
2121181 W
2121181 L
2153633 D
2153633 D
2153633 W
2153633 L
2166679 D
2166679 D
2166679 W
2166679 L
2174479 D
2174479 D
2174479 W
2174479 L
2181947 D
2181947 D
2181947 W
2181947 L
2183063 D
2183063 D
2183063 W
2183063 L
2187901 D
2187901 D
2187901 W
2187901 L
2225653 D
2225653 D
2225653 W
2225653 L
2286187 D
2286187 D
2286187 W
2286187 L
2293483 D
2293483 D
2293483 W
2293483 L
2305361 D
2305361 D
2305361 W
2305361 L
2314777 D
2314777 D
2314777 W
2314777 L
2334337 D
2334337 D
2334337 W
2334337 L
2342381 D
2342381 D
2342381 W
2342381 L
2358403 D
2358403 D
2358403 W
2358403 L
2400511 D
2400511 D
2400511 W
2400511 L
2414171 D
2414171 D
2414171 W
2414171 L
2452487 D
2452487 D
2452487 W
2452487 L
2453027 D
2453027 D
2453027 W
2453027 L
2508433 D
2508433 D
2508433 W
2508433 L
2522713 D
2522713 D
2522713 W
2522713 L
2529251 D
2529251 D
2529251 W
2529251 L
2539651 D
2539651 D
2539651 W
2539651 L
2560247 D
2560247 D
2560247 W
2560247 L
2564039 D
2564039 D
2564039 W
2564039 L
2579119 D
2579119 D
2579119 W
2579119 L
2588359 D
2588359 D
2588359 W
2588359 L
2618953 D
2618953 D
2618953 W
2618953 L
2620129 D
2620129 D
2620129 W
2620129 L
2625977 D
2625977 D
2625977 W
2625977 L
2636261 D
2636261 D
2636261 W
2636261 L
2641879 D
2641879 D
2641879 W
2641879 L
2649851 D
2649851 D
2649851 W
2649851 L
2655113 D
2655113 D
2655113 W
2655113 L
2683787 D
2683787 D
2683787 W
2683787 L
2697701 D
2697701 D
2697701 W
2697701 L
2703031 D
2703031 D
2703031 W
2703031 L
2704189 D
2704189 D
2704189 W
2704189 L
2744591 D
2744591 D
2744591 W
2744591 L
2771239 D
2771239 D
2771239 W
2771239 L
2812639 D
2812639 D
2812639 W
2812639 L
2814821 D
2814821 D
2814821 W
2814821 L
2857187 D
2857187 D
2857187 W
2857187 L
2858929 D
2858929 D
2858929 W
2858929 L
2898893 D
2898893 D
2898893 W
2898893 L
2902153 D
2902153 D
2902153 W
2902153 L
2940989 D
2940989 D
2940989 W
2940989 L
2950459 D
2950459 D
2950459 W
2950459 L
3006533 D
3006533 D
3006533 W
3006533 L
3019949 D
3019949 D
3019949 W
3019949 L
3059401 D
3059401 D
3059401 W
3059401 L
3070807 D
3070807 D
3070807 W
3070807 L
3072659 D
3072659 D
3072659 W
3072659 L
3083869 D
3083869 D
3083869 W
3083869 L
3086981 D
3086981 D
3086981 W
3086981 L
3165671 D
3165671 D
3165671 W
3165671 L
3182819 D
3182819 D
3182819 W
3182819 L
3221423 D
3221423 D
3221423 W
3221423 L
3221917 D
3221917 D
3221917 W
3221917 L
3224267 D
3224267 D
3224267 W
3224267 L
3234379 D
3234379 D
3234379 W
3234379 L
3240617 D
3240617 D
3240617 W
3240617 L
3256423 D
3256423 D
3256423 W
3256423 L
3263287 D
3263287 D
3263287 W
3263287 L
3265441 D
3265441 D
3265441 W
3265441 L
3277817 D
3277817 D
3277817 W
3277817 L
3287587 D
3287587 D
3287587 W
3287587 L
3288113 D
3288113 D
3288113 W
3288113 L
3308369 D
3308369 D
3308369 W
3308369 L
3308593 D
3308593 D
3308593 W
3308593 L
3344633 D
3344633 D
3344633 W
3344633 L
3361601 D
3361601 D
3361601 W
3361601 L
3424271 D
3424271 D
3424271 W
3424271 L
3441707 D
3441707 D
3441707 W
3441707 L
3445549 D
3445549 D
3445549 W
3445549 L
3469013 D
3469013 D
3469013 W
3469013 L
3507211 D
3507211 D
3507211 W
3507211 L
3539059 D
3539059 D
3539059 W
3539059 L
3559753 D
3559753 D
3559753 W
3559753 L
3582401 D
3582401 D
3582401 W
3582401 L
3586943 D
3586943 D
3586943 W
3586943 L
3595231 D
3595231 D
3595231 W
3595231 L
3603539 D
3603539 D
3603539 W
3603539 L
3605087 D
3605087 D
3605087 W
3605087 L
3606497 D
3606497 D
3606497 W
3606497 L
3623369 D
3623369 D
3623369 W
3623369 L
3656981 D
3656981 D
3656981 W
3656981 L
3675401 D
3675401 D
3675401 W
3675401 L
3706379 D
3706379 D
3706379 W
3706379 L
3728377 D
3728377 D
3728377 W
3728377 L
3757151 D
3757151 D
3757151 W
3757151 L
3790333 D
3790333 D
3790333 W
3790333 L
3799559 D
3799559 D
3799559 W
3799559 L
3806291 D
3806291 D
3806291 W
3806291 L
3809593 D
3809593 D
3809593 W
3809593 L
3844949 D
3844949 D
3844949 W
3844949 L
3849829 D
3849829 D
3849829 W
3849829 L
3870193 D
3870193 D
3870193 W
3870193 L
3883519 D
3883519 D
3883519 W
3883519 L
3913747 D
3913747 D
3913747 W
3913747 L
3914983 D
3914983 D
3914983 W
3914983 L
3935629 D
3935629 D
3935629 W
3935629 L
3963581 D
3963581 D
3963581 W
3963581 L
3994079 D
3994079 D
3994079 W
3994079 L
3995633 D
3995633 D
3995633 W
3995633 L
4010603 D
4010603 D
4010603 W
4010603 L
4017407 D
4017407 D
4017407 W
4017407 L
4051361 D
4051361 D
4051361 W
4051361 L
4070761 D
4070761 D
4070761 W
4070761 L
4073933 D
4073933 D
4073933 W
4073933 L
4076951 D
4076951 D
4076951 W
4076951 L
4082693 D
4082693 D
4082693 W
4082693 L
4085111 D
4085111 D
4085111 W
4085111 L
4088047 D
4088047 D
4088047 W
4088047 L
4105579 D
4105579 D
4105579 W
4105579 L
4157347 D
4157347 D
4157347 W
4157347 L
4174343 D
4174343 D
4174343 W
4174343 L
4190189 D
4190189 D
4190189 W
4190189 L
4228561 D
4228561 D
4228561 W
4228561 L
4241119 D
4241119 D
4241119 W
4241119 L
4268177 D
4268177 D
4268177 W
4268177 L
4290491 D
4290491 D
4290491 W
4290491 L
4319153 D
4319153 D
4319153 W
4319153 L
4334107 D
4334107 D
4334107 W
4334107 L
4347911 D
4347911 D
4347911 W
4347911 L
4362859 D
4362859 D
4362859 W
4362859 L
4366577 D
4366577 D
4366577 W
4366577 L
4389223 D
4389223 D
4389223 W
4389223 L
4403963 D
4403963 D
4403963 W
4403963 L
4409003 D
4409003 D
4409003 W
4409003 L
4428869 D
4428869 D
4428869 W
4428869 L
4455469 D
4455469 D
4455469 W
4455469 L
4458133 D
4458133 D
4458133 W
4458133 L
4466299 D
4466299 D
4466299 W
4466299 L
4486463 D
4486463 D
4486463 W
4486463 L
4495873 D
4495873 D
4495873 W
4495873 L
4517833 D
4517833 D
4517833 W
4517833 L
4577411 D
4577411 D
4577411 W
4577411 L
4579073 D
4579073 D
4579073 W
4579073 L
4579769 D
4579769 D
4579769 W
4579769 L
4580449 D
4580449 D
4580449 W
4580449 L
4592969 D
4592969 D
4592969 W
4592969 L
4614997 D
4614997 D
4614997 W
4614997 L
4627841 D
4627841 D
4627841 W
4627841 L
4634009 D
4634009 D
4634009 W
4634009 L
4634389 D
4634389 D
4634389 W
4634389 L
4652117 D
4652117 D
4652117 W
4652117 L
4687741 D
4687741 D
4687741 W
4687741 L
4716793 D
4716793 D
4716793 W
4716793 L
4724231 D
4724231 D
4724231 W
4724231 L
4740961 D
4740961 D
4740961 W
4740961 L
4762441 D
4762441 D
4762441 W
4762441 L
4764989 D
4764989 D
4764989 W
4764989 L
4783993 D
4783993 D
4783993 W
4783993 L
4799279 D
4799279 D
4799279 W
4799279 L
4804409 D
4804409 D
4804409 W
4804409 L
4841153 D
4841153 D
4841153 W
4841153 L
4879057 D
4879057 D
4879057 W
4879057 L
4884779 D
4884779 D
4884779 W
4884779 L
4901803 D
4901803 D
4901803 W
4901803 L
4922923 D
4922923 D
4922923 W
4922923 L
4951649 D
4951649 D
4951649 W
4951649 L
5118713 D
5118713 D
5118713 W
5118713 L
5125391 D
5125391 D
5125391 W
5125391 L
5127341 D
5127341 D
5127341 W
5127341 L
5127613 D
5127613 D
5127613 W
5127613 L
5142421 D
5142421 D
5142421 W
5142421 L
5146391 D
5146391 D
5146391 W
5146391 L
5181599 D
5181599 D
5181599 W
5181599 L
5248543 D
5248543 D
5248543 W
5248543 L
5311909 D
5311909 D
5311909 W
5311909 L
5328251 D
5328251 D
5328251 W
5328251 L
5343641 D
5343641 D
5343641 W
5343641 L
5350357 D
5350357 D
5350357 W
5350357 L
5350613 D
5350613 D
5350613 W
5350613 L
5381989 D
5381989 D
5381989 W
5381989 L
5401307 D
5401307 D
5401307 W
5401307 L
5410441 D
5410441 D
5410441 W
5410441 L
5417389 D
5417389 D
5417389 W
5417389 L
5442319 D
5442319 D
5442319 W
5442319 L
5442751 D
5442751 D
5442751 W
5442751 L
5453573 D
5453573 D
5453573 W
5453573 L
5460797 D
5460797 D
5460797 W
5460797 L
5537593 D
5537593 D
5537593 W
5537593 L
5542079 D
5542079 D
5542079 W
5542079 L
5626277 D
5626277 D
5626277 W
5626277 L
5638967 D
5638967 D
5638967 W
5638967 L
5640659 D
5640659 D
5640659 W
5640659 L
5647823 D
5647823 D
5647823 W
5647823 L
5661961 D
5661961 D
5661961 W
5661961 L
5684909 D
5684909 D
5684909 W
5684909 L
5695309 D
5695309 D
5695309 W
5695309 L
5706391 D
5706391 D
5706391 W
5706391 L
5706443 D
5706443 D
5706443 W
5706443 L
5711773 D
5711773 D
5711773 W
5711773 L
5716031 D
5716031 D
5716031 W
5716031 L
5739649 D
5739649 D
5739649 W
5739649 L
5745743 D
5745743 D
5745743 W
5745743 L
5747909 D
5747909 D
5747909 W
5747909 L
5776079 D
5776079 D
5776079 W
5776079 L
5778779 D
5778779 D
5778779 W
5778779 L
5783249 D
5783249 D
5783249 W
5783249 L
5806643 D
5806643 D
5806643 W
5806643 L
5847997 D
5847997 D
5847997 W
5847997 L
5849231 D
5849231 D
5849231 W
5849231 L
5862149 D
5862149 D
5862149 W
5862149 L
5886019 D
5886019 D
5886019 W
5886019 L
5896277 D
5896277 D
5896277 W
5896277 L
5915093 D
5915093 D
5915093 W
5915093 L
5958299 D
5958299 D
5958299 W
5958299 L
5976331 D
5976331 D
5976331 W
5976331 L
5994187 D
5994187 D
5994187 W
5994187 L
5999767 D
5999767 D
5999767 W
5999767 L
6015511 D
6015511 D
6015511 W
6015511 L
6022589 D
6022589 D
6022589 W
6022589 L
6025343 D
6025343 D
6025343 W
6025343 L
6049643 D
6049643 D
6049643 W
6049643 L
6055949 D
6055949 D
6055949 W
6055949 L
6071173 D
6071173 D
6071173 W
6071173 L
6093211 D
6093211 D
6093211 W
6093211 L
6120563 D
6120563 D
6120563 W
6120563 L
6163097 D
6163097 D
6163097 W
6163097 L
6208259 D
6208259 D
6208259 W
6208259 L
6216829 D
6216829 D
6216829 W
6216829 L
6224447 D
6224447 D
6224447 W
6224447 L
6229409 D
6229409 D
6229409 W
6229409 L
6235837 D
6235837 D
6235837 W
6235837 L
6244603 D
6244603 D
6244603 W
6244603 L
6265849 D
6265849 D
6265849 W
6265849 L
6270883 D
6270883 D
6270883 W
6270883 L
6278897 D
6278897 D
6278897 W
6278897 L
6285581 D
6285581 D
6285581 W
6285581 L
6293137 D
6293137 D
6293137 W
6293137 L
6323923 D
6323923 D
6323923 W
6323923 L
6325303 D
6325303 D
6325303 W
6325303 L
6329377 D
6329377 D
6329377 W
6329377 L
6352013 D
6352013 D
6352013 W
6352013 L
6383239 D
6383239 D
6383239 W
6383239 L
6393811 D
6393811 D
6393811 W
6393811 L
6445177 D
6445177 D
6445177 W
6445177 L
6453443 D
6453443 D
6453443 W
6453443 L
6468971 D
6468971 D
6468971 W
6468971 L
6478229 D
6478229 D
6478229 W
6478229 L
6482417 D
6482417 D
6482417 W
6482417 L
6494857 D
6494857 D
6494857 W
6494857 L
6581563 D
6581563 D
6581563 W
6581563 L
6588551 D
6588551 D
6588551 W
6588551 L
6618223 D
6618223 D
6618223 W
6618223 L
6625123 D
6625123 D
6625123 W
6625123 L
6653761 D
6653761 D
6653761 W
6653761 L
6660119 D
6660119 D
6660119 W
6660119 L
6669331 D
6669331 D
6669331 W
6669331 L
6678383 D
6678383 D
6678383 W
6678383 L
6707083 D
6707083 D
6707083 W
6707083 L
6719837 D
6719837 D
6719837 W
6719837 L
6721999 D
6721999 D
6721999 W
6721999 L
6763381 D
6763381 D
6763381 W
6763381 L
6786709 D
6786709 D
6786709 W
6786709 L
6808801 D
6808801 D
6808801 W
6808801 L
6811303 D
6811303 D
6811303 W
6811303 L
6817379 D
6817379 D
6817379 W
6817379 L
6820741 D
6820741 D
6820741 W
6820741 L
6827747 D
6827747 D
6827747 W
6827747 L
6872479 D
6872479 D
6872479 W
6872479 L
6884243 D
6884243 D
6884243 W
6884243 L
6896959 D
6896959 D
6896959 W
6896959 L
6900731 D
6900731 D
6900731 W
6900731 L
6902431 D
6902431 D
6902431 W
6902431 L
6929401 D
6929401 D
6929401 W
6929401 L
6948437 D
6948437 D
6948437 W
6948437 L
6960713 D
6960713 D
6960713 W
6960713 L
6962701 D
6962701 D
6962701 W
6962701 L
6986423 D
6986423 D
6986423 W
6986423 L
6998461 D
6998461 D
6998461 W
6998461 L
7006541 D
7006541 D
7006541 W
7006541 L
7034767 D
7034767 D
7034767 W
7034767 L
7041373 D
7041373 D
7041373 W
7041373 L
7084073 D
7084073 D
7084073 W
7084073 L
7103141 D
7103141 D
7103141 W
7103141 L
7104509 D
7104509 D
7104509 W
7104509 L
7108663 D
7108663 D
7108663 W
7108663 L
7128437 D
7128437 D
7128437 W
7128437 L
7140047 D
7140047 D
7140047 W
7140047 L
7151707 D
7151707 D
7151707 W
7151707 L
7199869 D
7199869 D
7199869 W
7199869 L
7208189 D
7208189 D
7208189 W
7208189 L
7225811 D
7225811 D
7225811 W
7225811 L
7270903 D
7270903 D
7270903 W
7270903 L
7274081 D
7274081 D
7274081 W
7274081 L
7339763 D
7339763 D
7339763 W
7339763 L
7345127 D
7345127 D
7345127 W
7345127 L
7352629 D
7352629 D
7352629 W
7352629 L
7380931 D
7380931 D
7380931 W
7380931 L
7396919 D
7396919 D
7396919 W
7396919 L
7405547 D
7405547 D
7405547 W
7405547 L
7441823 D
7441823 D
7441823 W
7441823 L
7467857 D
7467857 D
7467857 W
7467857 L
7490453 D
7490453 D
7490453 W
7490453 L
7503869 D
7503869 D
7503869 W
7503869 L
7508981 D
7508981 D
7508981 W
7508981 L
7511717 D
7511717 D
7511717 W
7511717 L
7545313 D
7545313 D
7545313 W
7545313 L
7556411 D
7556411 D
7556411 W
7556411 L
7563013 D
7563013 D
7563013 W
7563013 L
7577069 D
7577069 D
7577069 W
7577069 L
7585397 D
7585397 D
7585397 W
7585397 L
7587233 D
7587233 D
7587233 W
7587233 L
7603429 D
7603429 D
7603429 W
7603429 L
7606009 D
7606009 D
7606009 W
7606009 L
7626127 D
7626127 D
7626127 W
7626127 L
7650827 D
7650827 D
7650827 W
7650827 L
7655891 D
7655891 D
7655891 W
7655891 L
7692599 D
7692599 D
7692599 W
7692599 L
7724191 D
7724191 D
7724191 W
7724191 L
7737529 D
7737529 D
7737529 W
7737529 L
7763557 D
7763557 D
7763557 W
7763557 L
7779521 D
7779521 D
7779521 W
7779521 L
7782403 D
7782403 D
7782403 W
7782403 L
7804007 D
7804007 D
7804007 W
7804007 L
7809253 D
7809253 D
7809253 W
7809253 L
7811833 D
7811833 D
7811833 W
7811833 L
7813459 D
7813459 D
7813459 W
7813459 L
7856803 D
7856803 D
7856803 W
7856803 L
7869131 D
7869131 D
7869131 W
7869131 L
7883341 D
7883341 D
7883341 W
7883341 L
7886731 D
7886731 D
7886731 W
7886731 L
7899559 D
7899559 D
7899559 W
7899559 L
7911677 D
7911677 D
7911677 W
7911677 L
7937927 D
7937927 D
7937927 W
7937927 L
7945213 D
7945213 D
7945213 W
7945213 L
7948609 D
7948609 D
7948609 W
7948609 L
8038483 D
8038483 D
8038483 W
8038483 L
8042897 D
8042897 D
8042897 W
8042897 L
8045183 D
8045183 D
8045183 W
8045183 L
8052659 D
8052659 D
8052659 W
8052659 L
8063959 D
8063959 D
8063959 W
8063959 L
8095469 D
8095469 D
8095469 W
8095469 L
8107223 D
8107223 D
8107223 W
8107223 L
8116567 D
8116567 D
8116567 W
8116567 L
8122193 D
8122193 D
8122193 W
8122193 L
8132989 D
8132989 D
8132989 W
8132989 L
8139563 D
8139563 D
8139563 W
8139563 L
8170549 D
8170549 D
8170549 W
8170549 L
8189743 D
8189743 D
8189743 W
8189743 L
8218201 D
8218201 D
8218201 W
8218201 L
8237357 D
8237357 D
8237357 W
8237357 L
8250269 D
8250269 D
8250269 W
8250269 L
8255249 D
8255249 D
8255249 W
8255249 L
8262841 D
8262841 D
8262841 W
8262841 L
8266411 D
8266411 D
8266411 W
8266411 L
8287711 D
8287711 D
8287711 W
8287711 L
8308981 D
8308981 D
8308981 W
8308981 L
8366279 D
8366279 D
8366279 W
8366279 L
8371703 D
8371703 D
8371703 W
8371703 L
8374103 D
8374103 D
8374103 W
8374103 L
8419553 D
8419553 D
8419553 W
8419553 L
8463187 D
8463187 D
8463187 W
8463187 L
8495593 D
8495593 D
8495593 W
8495593 L
8509349 D
8509349 D
8509349 W
8509349 L
8521453 D
8521453 D
8521453 W
8521453 L
8524889 D
8524889 D
8524889 W
8524889 L
8530003 D
8530003 D
8530003 W
8530003 L
8530441 D
8530441 D
8530441 W
8530441 L
8539771 D
8539771 D
8539771 W
8539771 L
8551687 D
8551687 D
8551687 W
8551687 L
8560463 D
8560463 D
8560463 W
8560463 L
8562803 D
8562803 D
8562803 W
8562803 L
8573953 D
8573953 D
8573953 W
8573953 L
8575181 D
8575181 D
8575181 W
8575181 L
8625853 D
8625853 D
8625853 W
8625853 L
8637203 D
8637203 D
8637203 W
8637203 L
8645491 D
8645491 D
8645491 W
8645491 L
8649187 D
8649187 D
8649187 W
8649187 L
8660189 D
8660189 D
8660189 W
8660189 L
8669929 D
8669929 D
8669929 W
8669929 L
8696893 D
8696893 D
8696893 W
8696893 L
8712779 D
8712779 D
8712779 W
8712779 L
8749991 D
8749991 D
8749991 W
8749991 L
8752207 D
8752207 D
8752207 W
8752207 L
8759059 D
8759059 D
8759059 W
8759059 L
8773969 D
8773969 D
8773969 W
8773969 L
8775709 D
8775709 D
8775709 W
8775709 L
8784431 D
8784431 D
8784431 W
8784431 L
8803363 D
8803363 D
8803363 W
8803363 L
8854231 D
8854231 D
8854231 W
8854231 L
8869187 D
8869187 D
8869187 W
8869187 L
8919319 D
8919319 D
8919319 W
8919319 L
8921053 D
8921053 D
8921053 W
8921053 L
8931583 D
8931583 D
8931583 W
8931583 L
8961713 D
8961713 D
8961713 W
8961713 L
8979479 D
8979479 D
8979479 W
8979479 L
9054607 D
9054607 D
9054607 W
9054607 L
9058523 D
9058523 D
9058523 W
9058523 L
9080167 D
9080167 D
9080167 W
9080167 L
9082781 D
9082781 D
9082781 W
9082781 L
9098477 D
9098477 D
9098477 W
9098477 L
9100459 D
9100459 D
9100459 W
9100459 L
9112717 D
9112717 D
9112717 W
9112717 L
9131849 D
9131849 D
9131849 W
9131849 L
9147881 D
9147881 D
9147881 W
9147881 L
9163927 D
9163927 D
9163927 W
9163927 L
9172403 D
9172403 D
9172403 W
9172403 L
9221741 D
9221741 D
9221741 W
9221741 L
9233767 D
9233767 D
9233767 W
9233767 L
9236567 D
9236567 D
9236567 W
9236567 L
9247489 D
9247489 D
9247489 W
9247489 L
9286033 D
9286033 D
9286033 W
9286033 L
9292741 D
9292741 D
9292741 W
9292741 L
9300287 D
9300287 D
9300287 W
9300287 L
9369673 D
9369673 D
9369673 W
9369673 L
9370957 D
9370957 D
9370957 W
9370957 L
9382223 D
9382223 D
9382223 W
9382223 L
9390151 D
9390151 D
9390151 W
9390151 L
9399191 D
9399191 D
9399191 W
9399191 L
9401059 D
9401059 D
9401059 W
9401059 L
9425693 D
9425693 D
9425693 W
9425693 L
9433621 D
9433621 D
9433621 W
9433621 L
9440407 D
9440407 D
9440407 W
9440407 L
9448067 D
9448067 D
9448067 W
9448067 L
9462823 D
9462823 D
9462823 W
9462823 L
9468313 D
9468313 D
9468313 W
9468313 L
9480409 D
9480409 D
9480409 W
9480409 L
9487657 D
9487657 D
9487657 W
9487657 L
9487817 D
9487817 D
9487817 W
9487817 L
9530363 D
9530363 D
9530363 W
9530363 L
9598949 D
9598949 D
9598949 W
9598949 L
9613481 D
9613481 D
9613481 W
9613481 L
9616741 D
9616741 D
9616741 W
9616741 L
9730393 D
9730393 D
9730393 W
9730393 L
9752021 D
9752021 D
9752021 W
9752021 L
9756953 D
9756953 D
9756953 W
9756953 L
9805561 D
9805561 D
9805561 W
9805561 L
9817361 D
9817361 D
9817361 W
9817361 L
9819427 D
9819427 D
9819427 W
9819427 L
9821629 D
9821629 D
9821629 W
9821629 L
9838151 D
9838151 D
9838151 W
9838151 L
9845489 D
9845489 D
9845489 W
9845489 L
9851713 D
9851713 D
9851713 W
9851713 L
9870247 D
9870247 D
9870247 W
9870247 L
9896629 D
9896629 D
9896629 W
9896629 L
9899951 D
9899951 D
9899951 W
9899951 L
9902359 D
9902359 D
9902359 W
9902359 L
9914693 D
9914693 D
9914693 W
9914693 L
9937409 D
9937409 D
9937409 W
9937409 L
9979271 D
9979271 D
9979271 W
9979271 L
9983339 D
9983339 D
9983339 W
9983339 L
