654
29 D
29 W
31 D
31 W
41 D
41 W
181 D
181 W
239 D
239 W
263 D
263 W
499 D
499 W
683 D
683 W
751 D
751 W
761 D
761 W
1229 D
1229 W
1319 D
1319 W
1619 D
1619 W
1637 D
1637 W
2243 D
2243 W
2713 D
2713 W
2791 D
2791 W
3079 D
3079 W
3299 D
3299 W
3613 D
3613 W
3659 D
3659 W
3671 D
3671 W
3701 D
3701 W
3709 D
3709 W
4007 D
4007 W
4051 D
4051 W
4583 D
4583 W
4591 D
4591 W
4793 D
4793 W
4967 D
4967 W
5471 D
5471 W
5527 D
5527 W
5711 D
5711 W
5857 D
5857 W
6091 D
6091 W
6203 D
6203 W
6427 D
6427 W
6689 D
6689 W
7759 D
7759 W
7789 D
7789 W
7817 D
7817 W
7883 D
7883 W
8081 D
8081 W
8191 D
8191 W
8423 D
8423 W
8513 D
8513 W
8693 D
8693 W
8707 D
8707 W
8807 D
8807 W
8929 D
8929 W
9133 D
9133 W
9173 D
9173 W
9323 D
9323 W
9391 D
9391 W
9467 D
9467 W
9533 D
9533 W
9619 D
9619 W
9689 D
9689 W
9907 D
9907 W
2 D
2 D
2 W
2 L
3 D
3 D
3 W
3 L
5 D
5 D
5 W
5 L
7 D
7 D
7 W
7 L
11 D
11 D
11 W
11 L
13 D
13 D
13 W
13 L
17 D
17 D
17 W
17 L
19 D
19 D
19 W
19 L
23 D
23 D
23 W
23 L
29 D
29 D
29 W
29 L
31 D
31 D
31 W
31 L
41 D
41 D
41 W
41 L
53 D
53 D
53 W
53 L
59 D
59 D
59 W
59 L
61 D
61 D
61 W
61 L
127 D
127 D
127 W
127 L
181 D
181 D
181 W
181 L
239 D
239 D
239 W
239 L
263 D
263 D
263 W
263 L
281 D
281 D
281 W
281 L
353 D
353 D
353 W
353 L
409 D
409 D
409 W
409 L
499 D
499 D
499 W
499 L
509 D
509 D
509 W
509 L
563 D
563 D
563 W
563 L
569 D
569 D
569 W
569 L
619 D
619 D
619 W
619 L
683 D
683 D
683 W
683 L
739 D
739 D
739 W
739 L
751 D
751 D
751 W
751 L
761 D
761 D
761 W
761 L
883 D
883 D
883 W
883 L
1229 D
1229 D
1229 W
1229 L
1319 D
1319 D
1319 W
1319 L
1471 D
1471 D
1471 W
1471 L
1499 D
1499 D
1499 W
1499 L
1559 D
1559 D
1559 W
1559 L
1619 D
1619 D
1619 W
1619 L
1637 D
1637 D
1637 W
1637 L
1721 D
1721 D
1721 W
1721 L
1747 D
1747 D
1747 W
1747 L
1847 D
1847 D
1847 W
1847 L
1999 D
1999 D
1999 W
1999 L
2027 D
2027 D
2027 W
2027 L
2137 D
2137 D
2137 W
2137 L
2239 D
2239 D
2239 W
2239 L
2243 D
2243 D
2243 W
2243 L
2539 D
2539 D
2539 W
2539 L
2713 D
2713 D
2713 W
2713 L
2777 D
2777 D
2777 W
2777 L
2791 D
2791 D
2791 W
2791 L
3067 D
3067 D
3067 W
3067 L
3079 D
3079 D
3079 W
3079 L
3181 D
3181 D
3181 W
3181 L
3259 D
3259 D
3259 W
3259 L
3299 D
3299 D
3299 W
3299 L
3307 D
3307 D
3307 W
3307 L
3391 D
3391 D
3391 W
3391 L
3469 D
3469 D
3469 W
3469 L
3613 D
3613 D
3613 W
3613 L
3659 D
3659 D
3659 W
3659 L
3671 D
3671 D
3671 W
3671 L
3701 D
3701 D
3701 W
3701 L
3709 D
3709 D
3709 W
3709 L
3881 D
3881 D
3881 W
3881 L
4007 D
4007 D
4007 W
4007 L
4019 D
4019 D
4019 W
4019 L
4051 D
4051 D
4051 W
4051 L
4057 D
4057 D
4057 W
4057 L
4139 D
4139 D
4139 W
4139 L
4201 D
4201 D
4201 W
4201 L
4337 D
4337 D
4337 W
4337 L
4447 D
4447 D
4447 W
4447 L
4567 D
4567 D
4567 W
4567 L
4583 D
4583 D
4583 W
4583 L
4591 D
4591 D
4591 W
4591 L
4751 D
4751 D
4751 W
4751 L
4783 D
4783 D
4783 W
4783 L
4793 D
4793 D
4793 W
4793 L
4937 D
4937 D
4937 W
4937 L
4967 D
4967 D
4967 W
4967 L
5153 D
5153 D
5153 W
5153 L
5449 D
5449 D
5449 W
5449 L
5471 D
5471 D
5471 W
5471 L
5527 D
5527 D
5527 W
5527 L
5693 D
5693 D
5693 W
5693 L
5711 D
5711 D
5711 W
5711 L
5857 D
5857 D
5857 W
5857 L
6091 D
6091 D
6091 W
6091 L
6121 D
6121 D
6121 W
6121 L
6203 D
6203 D
6203 W
6203 L
6247 D
6247 D
6247 W
6247 L
6329 D
6329 D
6329 W
6329 L
6427 D
6427 D
6427 W
6427 L
6689 D
6689 D
6689 W
6689 L
6863 D
6863 D
6863 W
6863 L
7039 D
7039 D
7039 W
7039 L
7393 D
7393 D
7393 W
7393 L
7649 D
7649 D
7649 W
7649 L
7759 D
7759 D
7759 W
7759 L
7789 D
7789 D
7789 W
7789 L
7817 D
7817 D
7817 W
7817 L
7883 D
7883 D
7883 W
7883 L
8081 D
8081 D
8081 W
8081 L
8093 D
8093 D
8093 W
8093 L
8111 D
8111 D
8111 W
8111 L
8191 D
8191 D
8191 W
8191 L
8231 D
8231 D
8231 W
8231 L
8317 D
8317 D
8317 W
8317 L
8423 D
8423 D
8423 W
8423 L
8467 D
8467 D
8467 W
8467 L
8513 D
8513 D
8513 W
8513 L
8693 D
8693 D
8693 W
8693 L
8707 D
8707 D
8707 W
8707 L
8807 D
8807 D
8807 W
8807 L
8929 D
8929 D
8929 W
8929 L
9091 D
9091 D
9091 W
9091 L
9133 D
9133 D
9133 W
9133 L
9173 D
9173 D
9173 W
9173 L
9221 D
9221 D
9221 W
9221 L
9323 D
9323 D
9323 W
9323 L
9391 D
9391 D
9391 W
9391 L
9439 D
9439 D
9439 W
9439 L
9467 D
9467 D
9467 W
9467 L
9479 D
9479 D
9479 W
9479 L
9533 D
9533 D
9533 W
9533 L
9619 D
9619 D
9619 W
9619 L
9629 D
9629 D
9629 W
9629 L
9689 D
9689 D
9689 W
9689 L
9733 D
9733 D
9733 W
9733 L
9803 D
9803 D
9803 W
9803 L
9829 D
9829 D
9829 W
9829 L
9907 D
9907 D
9907 W
9907 L
9973 D
9973 D
9973 W
9973 L
