3439
2 W
2 W
2 W
2 W
2 W
2 W
2 W
2 W
2 W
2 W
2 W
2 W
2 W
2 W
2 W
2 W
2 W
2 W
2 W
2 W
2 W
2 W
2 W
2 W
2 W
2 W
2 W
2 W
2 W
2 W
2 W
2 W
2 W
2 W
2 W
2 W
2 W
2 W
2 W
2 W
2 W
2 W
2 W
2 W
2 W
2 W
2 W
2 W
2 W
2 W
2 W
2 W
2 W
2 W
2 W
2 W
2 W
2 W
2 W
2 W
2 W
2 W
2 W
2 W
2 W
2 W
2 W
2 W
2 W
2 W
2 W
2 W
2 W
2 W
2 W
2 W
2 W
2 W
2 W
2 W
2 W
2 W
2 W
2 W
2 W
2 W
2 W
2 W
2 W
2 W
2 W
2 W
2 W
2 W
2 W
2 W
2 W
2 W
2 W
2 W
2 W
2 W
2 W
2 W
2 W
2 W
2 W
2 W
2 W
2 W
2 W
2 W
2 W
2 W
2 W
2 W
3 W
3 W
3 W
3 W
3 W
3 W
3 W
3 W
3 W
3 W
3 W
3 W
3 W
3 W
3 W
3 W
3 W
3 W
3 W
3 W
3 W
3 W
3 W
3 W
3 W
3 W
3 W
3 W
3 W
3 W
3 W
3 W
3 W
3 W
3 W
3 W
3 W
3 W
3 W
3 W
3 W
3 W
3 W
3 W
3 W
3 W
3 W
3 W
3 W
3 W
3 W
3 W
3 W
3 W
3 W
3 W
3 W
3 W
3 W
3 W
3 W
3 W
3 W
3 W
3 W
3 W
3 W
3 W
3 W
3 W
3 W
3 W
3 W
3 D
3 W
5 W
5 W
5 W
5 W
5 W
5 W
5 W
5 W
5 W
5 W
5 W
5 W
5 W
5 W
5 W
5 W
5 W
5 W
5 W
5 W
5 W
5 W
5 W
5 W
5 W
5 W
5 W
5 W
5 W
5 W
5 W
5 W
5 W
5 W
7 W
7 W
7 W
7 W
7 W
7 W
7 W
7 W
7 W
7 W
7 W
7 W
7 W
7 W
7 W
7 W
7 W
7 W
7 W
11 W
11 W
11 W
11 W
11 W
11 W
11 W
11 W
11 W
11 W
11 W
11 D
11 W
13 W
13 W
13 W
13 W
13 W
13 W
13 W
13 W
13 W
13 W
17 W
17 W
17 W
17 W
17 W
17 W
17 W
17 W
17 W
17 W
17 W
19 W
19 W
19 W
19 W
19 W
19 W
19 W
19 W
19 W
19 W
19 W
23 W
23 W
23 W
23 W
23 W
23 W
23 W
23 W
23 W
29 W
29 W
29 W
29 W
29 W
29 W
29 W
31 W
31 W
31 W
31 W
31 W
37 W
37 W
41 W
41 W
41 W
41 W
41 W
41 W
43 W
43 W
43 W
47 W
47 W
47 D
47 W
53 W
53 W
53 W
53 W
53 D
53 W
59 W
59 W
61 W
61 W
61 D
61 W
67 W
67 D
67 W
71 W
71 W
71 W
71 W
73 W
73 W
73 D
73 W
79 D
79 W
83 W
89 W
89 W
89 W
89 D
89 W
97 W
101 D
101 W
103 W
103 W
107 W
107 W
113 W
113 W
127 W
127 W
131 W
137 W
139 D
139 W
149 W
149 W
149 D
149 W
151 W
151 D
151 W
157 D
157 W
163 W
167 W
167 W
167 D
167 W
173 W
179 D
179 W
181 W
197 W
197 W
199 D
199 W
211 W
223 W
227 D
227 W
229 D
229 W
233 D
233 W
239 D
239 W
241 D
241 W
251 D
251 W
263 D
263 W
269 W
269 D
269 W
277 D
277 W
281 D
281 W
283 D
283 W
311 W
313 W
337 D
337 W
349 D
349 W
353 D
353 W
359 D
359 W
373 D
373 W
379 D
379 W
383 D
383 W
389 D
389 W
401 D
401 W
457 D
457 W
467 D
467 W
487 D
487 W
509 D
509 W
563 W
601 D
601 W
619 W
619 D
619 W
631 D
631 W
653 D
653 W
673 D
673 W
691 D
691 W
701 D
701 W
733 W
733 D
733 W
743 D
743 W
811 W
839 D
839 W
883 D
883 W
967 D
967 W
971 D
971 W
977 D
977 W
983 W
1009 D
1009 W
1013 D
1013 W
1039 D
1039 W
1063 W
1109 D
1109 W
1117 D
1117 W
1123 D
1123 W
1129 D
1129 W
1153 D
1153 W
1277 D
1277 W
1319 D
1319 W
1367 D
1367 W
1373 D
1373 W
1427 D
1427 W
1471 D
1471 W
1531 D
1531 W
1579 D
1579 W
1583 D
1583 W
1597 D
1597 W
1607 D
1607 W
1609 D
1609 W
1993 D
1993 W
2143 D
2143 W
2179 D
2179 W
2213 D
2213 W
2423 D
2423 W
2753 D
2753 W
2897 D
2897 W
3049 D
3049 W
3109 D
3109 W
3191 D
3191 W
3319 D
3319 W
3517 D
3517 W
3613 D
3613 W
3931 D
3931 W
3947 D
3947 W
4013 D
4013 W
4243 D
4243 W
4391 D
4391 W
4597 D
4597 W
4831 D
4831 W
4933 D
4933 W
5179 D
5179 W
5303 D
5303 W
5573 D
5573 W
5623 D
5623 W
5827 D
5827 W
6101 D
6101 W
7331 D
7331 W
7547 D
7547 W
7583 D
7583 W
7589 D
7589 W
7789 D
7789 W
7873 D
7873 W
7879 D
7879 W
8171 D
8171 W
8311 D
8311 W
9749 D
9749 W
10141 D
10141 W
10487 D
10487 W
12157 D
12157 W
12703 D
12703 W
13523 D
13523 W
13799 D
13799 W
13877 D
13877 W
14071 D
14071 W
14323 D
14323 W
14629 D
14629 W
14699 D
14699 W
14767 D
14767 W
14897 D
14897 W
14939 D
14939 W
15619 D
15619 W
15641 D
15641 W
15959 D
15959 W
15971 D
15971 W
17569 D
17569 W
17839 D
17839 W
18047 D
18047 W
18583 D
18583 W
19777 D
19777 W
20147 D
20147 W
20249 D
20249 W
22193 D
22193 W
22669 D
22669 W
22727 D
22727 W
23021 D
23021 W
23371 D
23371 W
23719 D
23719 W
23827 D
23827 W
27253 D
27253 W
27739 D
27739 W
27917 D
27917 W
29207 D
29207 W
29723 D
29723 W
30449 D
30449 W
30859 D
30859 W
31547 D
31547 W
33353 D
33353 W
34019 D
34019 W
37951 D
37951 W
41113 D
41113 W
42979 D
42979 W
43261 D
43261 W
44029 D
44029 W
44959 D
44959 W
44971 D
44971 W
47137 D
47137 W
48119 D
48119 W
51787 D
51787 W
52937 D
52937 W
56779 D
56779 W
57719 D
57719 W
58043 D
58043 W
59239 D
59239 W
61561 D
61561 W
71597 D
71597 W
72383 D
72383 W
77201 D
77201 W
78737 D
78737 W
80149 D
80149 W
80491 D
80491 W
85213 D
85213 W
88129 D
88129 W
89017 D
89017 W
93179 D
93179 W
93427 D
93427 W
104683 D
104683 W
112459 D
112459 W
117101 D
117101 W
135637 D
135637 W
153151 D
153151 W
156011 D
156011 W
171317 D
171317 W
172031 D
172031 W
181763 D
181763 W
205993 D
205993 W
208441 D
208441 W
237877 D
237877 W
240263 D
240263 W
244451 D
244451 W
259531 D
259531 W
262369 D
262369 W
265277 D
265277 W
269539 D
269539 W
275549 D
275549 W
277421 D
277421 W
282229 D
282229 W
289957 D
289957 W
295993 D
295993 W
310333 D
310333 W
311473 D
311473 W
313777 D
313777 W
343163 D
343163 W
388691 D
388691 W
394501 D
394501 W
413183 D
413183 W
471853 D
471853 W
519521 D
519521 W
521993 D
521993 W
530669 D
530669 W
535627 D
535627 W
660403 D
660403 W
724519 D
724519 W
783737 D
783737 W
785947 D
785947 W
859381 D
859381 W
889921 D
889921 W
995347 D
995347 W
1014337 D
1014337 W
1099421 D
1099421 W
1279961 D
1279961 W
1288891 D
1288891 W
1305061 D
1305061 W
1430959 D
1430959 W
1488499 D
1488499 W
1707353 D
1707353 W
1914389 D
1914389 W
2074993 D
2074993 W
2119483 D
2119483 W
2215303 D
2215303 W
2440679 D
2440679 W
2494157 D
2494157 W
2519981 D
2519981 W
2522297 D
2522297 W
2565053 D
2565053 W
2915509 D
2915509 W
3916811 D
3916811 W
4525091 D
4525091 W
4616761 D
4616761 W
5224231 D
5224231 W
6239941 D
6239941 W
6337699 D
6337699 W
6354947 D
6354947 W
6901007 D
6901007 W
7768961 D
7768961 W
8278799 D
8278799 W
8363689 D
8363689 W
9009349 D
9009349 W
9093713 D
9093713 W
9767999 D
9767999 W
2 L
2 L
2 L
2 L
2 L
2 L
2 L
2 L
2 L
2 L
2 L
2 L
2 L
2 L
2 L
2 L
2 L
2 L
2 L
2 L
2 L
2 L
2 L
2 L
2 L
2 L
2 L
2 L
2 L
2 L
2 L
2 L
2 L
2 L
2 L
2 L
2 L
2 L
2 L
2 L
2 L
2 L
2 L
2 L
2 L
2 L
2 L
2 L
2 L
2 L
2 L
2 L
2 L
2 L
2 L
2 L
2 L
2 L
2 L
2 L
2 L
2 L
2 L
2 L
2 L
2 L
2 L
2 L
2 L
2 L
2 L
2 L
2 L
2 L
2 L
2 L
2 L
2 L
2 L
2 L
2 L
2 L
2 L
2 L
2 L
2 L
2 L
2 L
2 L
2 L
2 L
2 L
2 L
2 L
2 L
2 L
2 L
2 L
2 L
2 L
2 L
2 L
2 L
2 L
2 L
2 L
2 L
2 L
2 L
2 L
2 L
2 L
2 L
2 L
2 L
2 L
2 L
2 L
2 L
2 L
2 L
2 L
2 L
2 L
2 L
2 L
2 L
2 L
2 L
2 L
2 L
2 L
2 L
2 L
2 L
2 L
2 L
2 L
2 L
2 L
2 L
2 L
2 L
2 L
2 L
2 L
2 L
2 L
2 L
2 L
2 L
2 L
2 L
2 L
2 L
2 L
2 L
2 L
2 L
2 L
2 L
2 L
2 L
2 L
2 L
2 L
2 L
2 L
2 L
2 L
2 L
2 L
2 L
2 L
2 L
2 L
2 L
2 L
2 L
2 L
2 L
2 L
2 L
2 L
2 L
2 L
2 L
2 L
2 L
2 L
2 L
2 L
2 L
2 L
2 L
2 L
2 L
2 L
2 L
2 L
2 L
2 L
2 L
2 L
2 L
2 L
2 D
2 D
2 W
2 L
3 L
3 L
3 L
3 L
3 L
3 L
3 L
3 L
3 L
3 L
3 L
3 L
3 L
3 L
3 L
3 L
3 L
3 L
3 L
3 L
3 L
3 L
3 L
3 L
3 L
3 L
3 L
3 L
3 L
3 L
3 L
3 L
3 L
3 L
3 L
3 L
3 L
3 L
3 L
3 L
3 L
3 L
3 L
3 L
3 L
3 L
3 L
3 L
3 L
3 L
3 L
3 L
3 L
3 L
3 L
3 L
3 L
3 L
3 L
3 L
3 L
3 L
3 L
3 L
3 L
3 L
3 L
3 L
3 L
3 L
3 L
3 L
3 L
3 L
3 L
3 L
3 L
3 L
3 L
3 L
3 L
3 L
3 L
3 L
3 L
3 L
3 L
3 L
3 L
3 L
3 L
3 L
3 L
3 L
3 L
3 L
3 L
3 L
3 L
3 L
3 L
3 L
3 L
3 L
3 L
3 L
3 D
3 D
3 W
3 L
5 L
5 L
5 L
5 L
5 L
5 L
5 L
5 L
5 L
5 L
5 L
5 L
5 L
5 L
5 L
5 L
5 L
5 L
5 L
5 L
5 L
5 L
5 L
5 L
5 L
5 L
5 L
5 L
5 L
5 L
5 L
5 L
5 L
5 L
5 L
5 L
5 L
5 L
5 L
5 L
5 L
5 L
5 L
5 L
5 L
5 L
5 L
5 L
5 L
5 D
5 D
5 W
5 L
7 L
7 L
7 L
7 L
7 L
7 L
7 L
7 L
7 L
7 L
7 L
7 L
7 L
7 L
7 L
7 L
7 L
7 L
7 L
7 L
7 L
7 L
7 L
7 L
7 L
7 L
7 L
7 L
7 L
7 L
7 L
7 L
7 L
7 L
7 L
7 L
11 L
11 L
11 L
11 L
11 L
11 L
11 L
11 L
11 L
11 L
11 L
11 L
11 L
11 L
11 L
11 L
11 L
11 L
13 L
13 L
13 L
13 L
13 L
13 L
13 L
13 L
13 L
13 L
13 L
13 L
13 L
13 L
17 L
17 L
17 L
17 L
17 L
17 L
17 L
17 L
17 L
17 L
17 L
17 L
17 L
17 L
17 L
19 L
19 L
19 L
19 L
19 L
19 L
19 L
19 L
19 L
19 L
19 L
19 D
19 D
19 W
19 L
23 L
23 L
23 L
23 L
23 L
23 L
23 L
23 L
23 L
23 L
23 L
23 L
23 L
29 L
29 L
29 L
29 L
29 L
29 L
29 L
29 L
31 L
31 L
31 L
31 L
31 L
31 L
37 L
37 L
37 L
37 L
41 L
41 L
41 L
41 L
41 L
41 L
43 L
43 L
43 L
43 L
47 L
47 L
47 L
47 L
47 L
47 L
53 L
53 L
53 L
53 L
53 L
53 D
53 D
53 W
53 L
59 L
59 L
59 D
59 D
59 W
59 L
61 L
61 D
61 D
61 W
61 L
67 L
67 L
67 L
67 L
67 L
67 D
67 D
67 W
67 L
71 L
71 L
71 L
71 D
71 D
71 W
71 L
73 L
73 L
73 L
73 L
73 D
73 D
73 W
73 L
79 L
79 L
79 L
83 L
83 L
89 L
89 L
89 L
89 L
89 D
89 D
89 W
89 L
97 L
97 D
97 D
97 W
97 L
101 L
101 L
101 L
101 L
103 L
107 L
107 L
109 L
109 D
109 D
109 W
109 L
113 L
113 L
113 L
127 L
127 L
127 D
127 D
127 W
127 L
131 L
137 L
139 D
139 D
139 W
139 L
149 L
149 L
149 D
149 D
149 W
149 L
151 L
151 L
157 L
157 D
157 D
157 W
157 L
163 D
163 D
163 W
163 L
167 L
167 L
167 L
167 L
173 D
173 D
173 W
173 L
179 L
179 L
179 D
179 D
179 W
179 L
181 D
181 D
181 W
181 L
197 L
197 L
197 D
197 D
197 W
197 L
199 L
199 D
199 D
199 W
199 L
211 D
211 D
211 W
211 L
223 L
223 L
227 L
227 D
227 D
227 W
227 L
229 L
233 L
233 L
233 D
233 D
233 W
233 L
239 L
241 D
241 D
241 W
241 L
251 D
251 D
251 W
251 L
257 L
257 D
257 D
257 W
257 L
263 L
263 L
263 D
263 D
263 W
263 L
269 L
271 D
271 D
271 W
271 L
277 L
281 D
281 D
281 W
281 L
283 L
293 D
293 D
293 W
293 L
307 D
307 D
307 W
307 L
311 L
313 D
313 D
313 W
313 L
317 L
337 L
347 D
347 D
347 W
347 L
349 L
353 L
359 D
359 D
359 W
359 L
367 D
367 D
367 W
367 L
373 D
373 D
373 W
373 L
379 D
379 D
379 W
379 L
383 D
383 D
383 W
383 L
389 D
389 D
389 W
389 L
401 D
401 D
401 W
401 L
419 L
421 D
421 D
421 W
421 L
431 D
431 D
431 W
431 L
433 L
443 L
449 D
449 D
449 W
449 L
457 L
467 D
467 D
467 W
467 L
487 L
491 D
491 D
491 W
491 L
503 D
503 D
503 W
503 L
509 L
509 D
509 D
509 W
509 L
557 D
557 D
557 W
557 L
563 L
569 D
569 D
569 W
569 L
593 L
601 D
601 D
601 W
601 L
607 D
607 D
607 W
607 L
619 L
619 D
619 D
619 W
619 L
631 D
631 D
631 W
631 L
653 D
653 D
653 W
653 L
673 D
673 D
673 W
673 L
691 D
691 D
691 W
691 L
701 D
701 D
701 W
701 L
709 D
709 D
709 W
709 L
719 L
733 L
733 D
733 D
733 W
733 L
743 L
751 D
751 D
751 W
751 L
769 D
769 D
769 W
769 L
787 D
787 D
787 W
787 L
797 D
797 D
797 W
797 L
811 D
811 D
811 W
811 L
827 D
827 D
827 W
827 L
839 L
859 L
883 D
883 D
883 W
883 L
907 D
907 D
907 W
907 L
919 D
919 D
919 W
919 L
937 D
937 D
937 W
937 L
941 D
941 D
941 W
941 L
967 L
971 D
971 D
971 W
971 L
977 D
977 D
977 W
977 L
983 D
983 D
983 W
983 L
1009 D
1009 D
1009 W
1009 L
1013 L
1019 D
1019 D
1019 W
1019 L
1039 D
1039 D
1039 W
1039 L
1061 D
1061 D
1061 W
1061 L
1063 D
1063 D
1063 W
1063 L
1091 D
1091 D
1091 W
1091 L
1109 D
1109 D
1109 W
1109 L
1117 D
1117 D
1117 W
1117 L
1123 D
1123 D
1123 W
1123 L
1129 D
1129 D
1129 W
1129 L
1151 D
1151 D
1151 W
1151 L
1153 D
1153 D
1153 W
1153 L
1171 D
1171 D
1171 W
1171 L
1223 D
1223 D
1223 W
1223 L
1231 D
1231 D
1231 W
1231 L
1277 D
1277 D
1277 W
1277 L
1279 D
1279 D
1279 W
1279 L
1319 D
1319 D
1319 W
1319 L
1327 D
1327 D
1327 W
1327 L
1367 D
1367 D
1367 W
1367 L
1373 D
1373 D
1373 W
1373 L
1427 D
1427 D
1427 W
1427 L
1471 D
1471 D
1471 W
1471 L
1511 D
1511 D
1511 W
1511 L
1531 L
1549 D
1549 D
1549 W
1549 L
1579 D
1579 D
1579 W
1579 L
1583 D
1583 D
1583 W
1583 L
1597 D
1597 D
1597 W
1597 L
1607 D
1607 D
1607 W
1607 L
1609 D
1609 D
1609 W
1609 L
1699 D
1699 D
1699 W
1699 L
1723 D
1723 D
1723 W
1723 L
1777 L
1787 D
1787 D
1787 W
1787 L
1993 D
1993 D
1993 W
1993 L
2081 D
2081 D
2081 W
2081 L
2143 D
2143 D
2143 W
2143 L
2179 D
2179 D
2179 W
2179 L
2213 D
2213 D
2213 W
2213 L
2221 L
2269 D
2269 D
2269 W
2269 L
2287 D
2287 D
2287 W
2287 L
2393 D
2393 D
2393 W
2393 L
2423 D
2423 D
2423 W
2423 L
2447 D
2447 D
2447 W
2447 L
2473 D
2473 D
2473 W
2473 L
2683 D
2683 D
2683 W
2683 L
2729 L
2741 D
2741 D
2741 W
2741 L
2749 D
2749 D
2749 W
2749 L
2753 D
2753 D
2753 W
2753 L
2879 D
2879 D
2879 W
2879 L
2897 D
2897 D
2897 W
2897 L
3019 D
3019 D
3019 W
3019 L
3037 D
3037 D
3037 W
3037 L
3049 D
3049 D
3049 W
3049 L
3109 D
3109 D
3109 W
3109 L
3121 D
3121 D
3121 W
3121 L
3191 L
3259 D
3259 D
3259 W
3259 L
3319 D
3319 D
3319 W
3319 L
3413 D
3413 D
3413 W
3413 L
3449 D
3449 D
3449 W
3449 L
3461 D
3461 D
3461 W
3461 L
3517 D
3517 D
3517 W
3517 L
3571 L
3613 D
3613 D
3613 W
3613 L
3851 D
3851 D
3851 W
3851 L
3889 D
3889 D
3889 W
3889 L
3917 D
3917 D
3917 W
3917 L
3931 D
3931 D
3931 W
3931 L
3947 D
3947 D
3947 W
3947 L
4003 D
4003 D
4003 W
4003 L
4013 D
4013 D
4013 W
4013 L
4099 D
4099 D
4099 W
4099 L
4139 D
4139 D
4139 W
4139 L
4243 D
4243 D
4243 W
4243 L
4337 D
4337 D
4337 W
4337 L
4391 D
4391 D
4391 W
4391 L
4441 D
4441 D
4441 W
4441 L
4597 D
4597 D
4597 W
4597 L
4723 D
4723 D
4723 W
4723 L
4831 D
4831 D
4831 W
4831 L
4877 D
4877 D
4877 W
4877 L
4933 D
4933 D
4933 W
4933 L
4999 D
4999 D
4999 W
4999 L
5179 D
5179 D
5179 W
5179 L
5303 D
5303 D
5303 W
5303 L
5573 D
5573 D
5573 W
5573 L
5623 D
5623 D
5623 W
5623 L
5659 D
5659 D
5659 W
5659 L
5827 D
5827 D
5827 W
5827 L
5861 L
5897 D
5897 D
5897 W
5897 L
6011 D
6011 D
6011 W
6011 L
6053 D
6053 D
6053 W
6053 L
6101 D
6101 D
6101 W
6101 L
6427 D
6427 D
6427 W
6427 L
6781 D
6781 D
6781 W
6781 L
6983 D
6983 D
6983 W
6983 L
7297 D
7297 D
7297 W
7297 L
7331 D
7331 D
7331 W
7331 L
7369 D
7369 D
7369 W
7369 L
7547 D
7547 D
7547 W
7547 L
7583 D
7583 D
7583 W
7583 L
7589 D
7589 D
7589 W
7589 L
7639 D
7639 D
7639 W
7639 L
7789 D
7789 D
7789 W
7789 L
7873 D
7873 D
7873 W
7873 L
7879 D
7879 D
7879 W
7879 L
8167 D
8167 D
8167 W
8167 L
8171 D
8171 D
8171 W
8171 L
8233 D
8233 D
8233 W
8233 L
8311 D
8311 D
8311 W
8311 L
8741 D
8741 D
8741 W
8741 L
8923 D
8923 D
8923 W
8923 L
9041 D
9041 D
9041 W
9041 L
9413 D
9413 D
9413 W
9413 L
9511 D
9511 D
9511 W
9511 L
9551 D
9551 D
9551 W
9551 L
9733 D
9733 D
9733 W
9733 L
9739 D
9739 D
9739 W
9739 L
9749 D
9749 D
9749 W
9749 L
10141 D
10141 D
10141 W
10141 L
10159 D
10159 D
10159 W
10159 L
10487 D
10487 D
10487 W
10487 L
10739 D
10739 D
10739 W
10739 L
11423 D
11423 D
11423 W
11423 L
12157 D
12157 D
12157 W
12157 L
12269 D
12269 D
12269 W
12269 L
12301 D
12301 D
12301 W
12301 L
12451 D
12451 D
12451 W
12451 L
12511 D
12511 D
12511 W
12511 L
12659 D
12659 D
12659 W
12659 L
12703 D
12703 D
12703 W
12703 L
13309 D
13309 D
13309 W
13309 L
13523 D
13523 D
13523 W
13523 L
13613 D
13613 D
13613 W
13613 L
13633 D
13633 D
13633 W
13633 L
13799 D
13799 D
13799 W
13799 L
13877 D
13877 D
13877 W
13877 L
14071 D
14071 D
14071 W
14071 L
14323 D
14323 D
14323 W
14323 L
14629 D
14629 D
14629 W
14629 L
14699 D
14699 D
14699 W
14699 L
14767 D
14767 D
14767 W
14767 L
14897 D
14897 D
14897 W
14897 L
14939 L
15131 D
15131 D
15131 W
15131 L
15373 D
15373 D
15373 W
15373 L
15443 D
15443 D
15443 W
15443 L
15619 D
15619 D
15619 W
15619 L
15641 D
15641 D
15641 W
15641 L
15661 D
15661 D
15661 W
15661 L
15809 D
15809 D
15809 W
15809 L
15959 D
15959 D
15959 W
15959 L
15971 D
15971 D
15971 W
15971 L
16339 D
16339 D
16339 W
16339 L
17321 D
17321 D
17321 W
17321 L
17569 D
17569 D
17569 W
17569 L
17839 D
17839 D
17839 W
17839 L
18047 D
18047 D
18047 W
18047 L
18583 D
18583 D
18583 W
18583 L
19777 D
19777 D
19777 W
19777 L
20147 D
20147 D
20147 W
20147 L
20249 D
20249 D
20249 W
20249 L
20297 D
20297 D
20297 W
20297 L
21017 D
21017 D
21017 W
21017 L
21277 D
21277 D
21277 W
21277 L
22193 D
22193 D
22193 W
22193 L
22613 D
22613 D
22613 W
22613 L
22669 D
22669 D
22669 W
22669 L
22727 D
22727 D
22727 W
22727 L
23021 D
23021 D
23021 W
23021 L
23371 D
23371 D
23371 W
23371 L
23719 D
23719 D
23719 W
23719 L
23827 D
23827 D
23827 W
23827 L
25013 D
25013 D
25013 W
25013 L
25057 D
25057 D
25057 W
25057 L
25793 D
25793 D
25793 W
25793 L
25939 D
25939 D
25939 W
25939 L
26669 D
26669 D
26669 W
26669 L
26849 D
26849 D
26849 W
26849 L
26879 D
26879 D
26879 W
26879 L
27191 D
27191 D
27191 W
27191 L
27253 D
27253 D
27253 W
27253 L
27739 D
27739 D
27739 W
27739 L
27917 D
27917 D
27917 W
27917 L
28837 D
28837 D
28837 W
28837 L
29207 D
29207 D
29207 W
29207 L
29629 D
29629 D
29629 W
29629 L
29723 D
29723 D
29723 W
29723 L
30449 D
30449 D
30449 W
30449 L
30859 D
30859 D
30859 W
30859 L
31547 D
31547 D
31547 W
31547 L
32141 D
32141 D
32141 W
32141 L
33329 D
33329 D
33329 W
33329 L
33353 D
33353 D
33353 W
33353 L
34019 D
34019 D
34019 W
34019 L
34913 D
34913 D
34913 W
34913 L
35381 D
35381 D
35381 W
35381 L
35731 D
35731 D
35731 W
35731 L
35869 D
35869 D
35869 W
35869 L
36857 D
36857 D
36857 W
36857 L
37951 D
37951 D
37951 W
37951 L
39703 D
39703 D
39703 W
39703 L
39883 D
39883 D
39883 W
39883 L
41113 D
41113 D
41113 W
41113 L
42979 D
42979 D
42979 W
42979 L
43261 D
43261 D
43261 W
43261 L
44029 D
44029 D
44029 W
44029 L
44381 D
44381 D
44381 W
44381 L
44959 D
44959 D
44959 W
44959 L
44971 D
44971 D
44971 W
44971 L
47137 D
47137 D
47137 W
47137 L
48119 D
48119 D
48119 W
48119 L
49037 D
49037 D
49037 W
49037 L
50993 D
50993 D
50993 W
50993 L
51787 D
51787 D
51787 W
51787 L
52937 D
52937 D
52937 W
52937 L
54541 D
54541 D
54541 W
54541 L
55667 D
55667 D
55667 W
55667 L
56779 D
56779 D
56779 W
56779 L
57719 D
57719 D
57719 W
57719 L
58043 D
58043 D
58043 W
58043 L
59239 D
59239 D
59239 W
59239 L
61561 D
61561 D
61561 W
61561 L
71597 D
71597 D
71597 W
71597 L
72053 D
72053 D
72053 W
72053 L
72383 D
72383 D
72383 W
72383 L
72421 D
72421 D
72421 W
72421 L
72661 D
72661 D
72661 W
72661 L
74531 D
74531 D
74531 W
74531 L
74587 D
74587 D
74587 W
74587 L
77201 D
77201 D
77201 W
77201 L
77929 D
77929 D
77929 W
77929 L
78737 D
78737 D
78737 W
78737 L
80149 D
80149 D
80149 W
80149 L
80363 D
80363 D
80363 W
80363 L
80491 D
80491 D
80491 W
80491 L
85213 D
85213 D
85213 W
85213 L
87187 D
87187 D
87187 W
87187 L
88129 D
88129 D
88129 W
88129 L
89017 D
89017 D
89017 W
89017 L
90373 D
90373 D
90373 W
90373 L
92173 D
92173 D
92173 W
92173 L
93179 D
93179 D
93179 W
93179 L
93427 D
93427 D
93427 W
93427 L
94993 D
94993 D
94993 W
94993 L
96377 D
96377 D
96377 W
96377 L
98297 D
98297 D
98297 W
98297 L
100169 D
100169 D
100169 W
100169 L
104683 D
104683 D
104683 W
104683 L
105097 D
105097 D
105097 W
105097 L
112459 D
112459 D
112459 W
112459 L
114073 D
114073 D
114073 W
114073 L
117101 D
117101 D
117101 W
117101 L
123217 D
123217 D
123217 W
123217 L
126739 D
126739 D
126739 W
126739 L
135637 D
135637 D
135637 W
135637 L
138739 D
138739 D
138739 W
138739 L
146647 D
146647 D
146647 W
146647 L
153151 D
153151 D
153151 W
153151 L
156011 D
156011 D
156011 W
156011 L
171317 D
171317 D
171317 W
171317 L
172031 D
172031 D
172031 W
172031 L
178613 D
178613 D
178613 W
178613 L
179243 D
179243 D
179243 W
179243 L
181763 D
181763 D
181763 W
181763 L
188443 D
188443 D
188443 W
188443 L
196583 D
196583 D
196583 W
196583 L
205993 D
205993 D
205993 W
205993 L
208441 D
208441 D
208441 W
208441 L
217367 D
217367 D
217367 W
217367 L
219683 D
219683 D
219683 W
219683 L
231589 D
231589 D
231589 W
231589 L
231859 D
231859 D
231859 W
231859 L
234527 D
234527 D
234527 W
234527 L
237877 D
237877 D
237877 W
237877 L
240263 D
240263 D
240263 W
240263 L
244451 D
244451 D
244451 W
244451 L
256721 D
256721 D
256721 W
256721 L
259531 D
259531 D
259531 W
259531 L
262369 D
262369 D
262369 W
262369 L
265277 D
265277 D
265277 W
265277 L
267521 D
267521 D
267521 W
267521 L
269539 D
269539 D
269539 W
269539 L
275549 D
275549 D
275549 W
275549 L
277421 D
277421 D
277421 W
277421 L
282229 D
282229 D
282229 W
282229 L
282869 D
282869 D
282869 W
282869 L
289957 D
289957 D
289957 W
289957 L
293899 D
293899 D
293899 W
293899 L
295993 D
295993 D
295993 W
295993 L
297247 D
297247 D
297247 W
297247 L
310333 D
310333 D
310333 W
310333 L
311473 D
311473 D
311473 W
311473 L
313777 D
313777 D
313777 W
313777 L
325883 D
325883 D
325883 W
325883 L
326539 D
326539 D
326539 W
326539 L
343163 D
343163 D
343163 W
343163 L
346961 D
346961 D
346961 W
346961 L
358829 D
358829 D
358829 W
358829 L
363437 D
363437 D
363437 W
363437 L
372653 D
372653 D
372653 W
372653 L
374753 D
374753 D
374753 W
374753 L
388691 D
388691 D
388691 W
388691 L
389591 D
389591 D
389591 W
389591 L
390407 D
390407 D
390407 W
390407 L
394501 D
394501 D
394501 W
394501 L
401417 D
401417 D
401417 W
401417 L
402043 D
402043 D
402043 W
402043 L
412109 D
412109 D
412109 W
412109 L
413183 D
413183 D
413183 W
413183 L
422321 D
422321 D
422321 W
422321 L
429643 D
429643 D
429643 W
429643 L
441251 D
441251 D
441251 W
441251 L
447101 D
447101 D
447101 W
447101 L
462437 D
462437 D
462437 W
462437 L
471853 D
471853 D
471853 W
471853 L
472289 D
472289 D
472289 W
472289 L
519521 D
519521 D
519521 W
519521 L
521993 D
521993 D
521993 W
521993 L
530669 D
530669 D
530669 W
530669 L
535627 D
535627 D
535627 W
535627 L
563929 D
563929 D
563929 W
563929 L
571147 D
571147 D
571147 W
571147 L
591469 D
591469 D
591469 W
591469 L
660403 D
660403 D
660403 W
660403 L
681773 D
681773 D
681773 W
681773 L
713189 D
713189 D
713189 W
713189 L
724519 D
724519 D
724519 W
724519 L
740371 D
740371 D
740371 W
740371 L
740893 D
740893 D
740893 W
740893 L
783023 D
783023 D
783023 W
783023 L
783737 D
783737 D
783737 W
783737 L
785947 D
785947 D
785947 W
785947 L
792397 D
792397 D
792397 W
792397 L
797747 D
797747 D
797747 W
797747 L
801551 D
801551 D
801551 W
801551 L
855431 D
855431 D
855431 W
855431 L
859381 D
859381 D
859381 W
859381 L
868177 D
868177 D
868177 W
868177 L
889921 D
889921 D
889921 W
889921 L
940183 D
940183 D
940183 W
940183 L
945701 D
945701 D
945701 W
945701 L
995347 D
995347 D
995347 W
995347 L
1007309 D
1007309 D
1007309 W
1007309 L
1014337 D
1014337 D
1014337 W
1014337 L
1099421 D
1099421 D
1099421 W
1099421 L
1132177 D
1132177 D
1132177 W
1132177 L
1230379 D
1230379 D
1230379 W
1230379 L
1279961 D
1279961 D
1279961 W
1279961 L
1288891 D
1288891 D
1288891 W
1288891 L
1299061 D
1299061 D
1299061 W
1299061 L
1305061 D
1305061 D
1305061 W
1305061 L
1379603 D
1379603 D
1379603 W
1379603 L
1430959 D
1430959 D
1430959 W
1430959 L
1488499 D
1488499 D
1488499 W
1488499 L
1524851 D
1524851 D
1524851 W
1524851 L
1570043 D
1570043 D
1570043 W
1570043 L
1707353 D
1707353 D
1707353 W
1707353 L
1744753 D
1744753 D
1744753 W
1744753 L
1806569 D
1806569 D
1806569 W
1806569 L
1914389 D
1914389 D
1914389 W
1914389 L
1924679 D
1924679 D
1924679 W
1924679 L
1959011 D
1959011 D
1959011 W
1959011 L
1995121 D
1995121 D
1995121 W
1995121 L
2074993 D
2074993 D
2074993 W
2074993 L
2119483 D
2119483 D
2119483 W
2119483 L
2120269 D
2120269 D
2120269 W
2120269 L
2147941 D
2147941 D
2147941 W
2147941 L
2215303 D
2215303 D
2215303 W
2215303 L
2225579 D
2225579 D
2225579 W
2225579 L
2372599 D
2372599 D
2372599 W
2372599 L
2440679 D
2440679 D
2440679 W
2440679 L
2494157 D
2494157 D
2494157 W
2494157 L
2519981 D
2519981 D
2519981 W
2519981 L
2522297 D
2522297 D
2522297 W
2522297 L
2565053 D
2565053 D
2565053 W
2565053 L
2823047 D
2823047 D
2823047 W
2823047 L
2902397 D
2902397 D
2902397 W
2902397 L
2915509 D
2915509 D
2915509 W
2915509 L
3054043 D
3054043 D
3054043 W
3054043 L
3173329 D
3173329 D
3173329 W
3173329 L
3500111 D
3500111 D
3500111 W
3500111 L
3670151 D
3670151 D
3670151 W
3670151 L
3760997 D
3760997 D
3760997 W
3760997 L
3779003 D
3779003 D
3779003 W
3779003 L
3842089 D
3842089 D
3842089 W
3842089 L
3842689 D
3842689 D
3842689 W
3842689 L
3916811 D
3916811 D
3916811 W
3916811 L
4029433 D
4029433 D
4029433 W
4029433 L
4139741 D
4139741 D
4139741 W
4139741 L
4189417 D
4189417 D
4189417 W
4189417 L
4225451 D
4225451 D
4225451 W
4225451 L
4281443 D
4281443 D
4281443 W
4281443 L
4525091 D
4525091 D
4525091 W
4525091 L
4616761 D
4616761 D
4616761 W
4616761 L
4661029 D
4661029 D
4661029 W
4661029 L
4772939 D
4772939 D
4772939 W
4772939 L
5224231 D
5224231 D
5224231 W
5224231 L
5949751 D
5949751 D
5949751 W
5949751 L
6229451 D
6229451 D
6229451 W
6229451 L
6239941 D
6239941 D
6239941 W
6239941 L
6274633 D
6274633 D
6274633 W
6274633 L
6337699 D
6337699 D
6337699 W
6337699 L
6354947 D
6354947 D
6354947 W
6354947 L
6471791 D
6471791 D
6471791 W
6471791 L
6901007 D
6901007 D
6901007 W
6901007 L
7768961 D
7768961 D
7768961 W
7768961 L
8278799 D
8278799 D
8278799 W
8278799 L
8299169 D
8299169 D
8299169 W
8299169 L
8363689 D
8363689 D
8363689 W
8363689 L
8532413 D
8532413 D
8532413 W
8532413 L
9009349 D
9009349 D
9009349 W
9009349 L
9093713 D
9093713 D
9093713 W
9093713 L
9236897 D
9236897 D
9236897 W
9236897 L
9712489 D
9712489 D
9712489 W
9712489 L
9767999 D
9767999 D
9767999 W
9767999 L
