638
29 D
29 W
73 D
73 W
127 D
127 W
197 D
197 W
607 D
607 W
887 D
887 W
1051 D
1051 W
1451 D
1451 W
1667 D
1667 W
1979 D
1979 W
2029 D
2029 W
2243 D
2243 W
2383 D
2383 W
2441 D
2441 W
3001 D
3001 W
3037 D
3037 W
3089 D
3089 W
3109 D
3109 W
3359 D
3359 W
3889 D
3889 W
3931 D
3931 W
4001 D
4001 W
4127 D
4127 W
4549 D
4549 W
4603 D
4603 W
4691 D
4691 W
4703 D
4703 W
4793 D
4793 W
5437 D
5437 W
5807 D
5807 W
5923 D
5923 W
6089 D
6089 W
6143 D
6143 W
6703 D
6703 W
6997 D
6997 W
7001 D
7001 W
7013 D
7013 W
7043 D
7043 W
7207 D
7207 W
7547 D
7547 W
7607 D
7607 W
8101 D
8101 W
8287 D
8287 W
8543 D
8543 W
8609 D
8609 W
8741 D
8741 W
8753 D
8753 W
8803 D
8803 W
9257 D
9257 W
9319 D
9319 W
9391 D
9391 W
9601 D
9601 W
9649 D
9649 W
9719 D
9719 W
9839 D
9839 W
9887 D
9887 W
9967 D
9967 W
2 D
2 D
2 W
2 L
3 D
3 D
3 W
3 L
5 D
5 D
5 W
5 L
7 D
7 D
7 W
7 L
11 D
11 D
11 W
11 L
13 D
13 D
13 W
13 L
17 D
17 D
17 W
17 L
19 D
19 D
19 W
19 L
23 D
23 D
23 W
23 L
29 D
29 D
29 W
29 L
31 D
31 D
31 W
31 L
37 D
37 D
37 W
37 L
41 D
41 D
41 W
41 L
47 D
47 D
47 W
47 L
53 D
53 D
53 W
53 L
73 D
73 D
73 W
73 L
83 D
83 D
83 W
83 L
113 D
113 D
113 W
113 L
127 D
127 D
127 W
127 L
151 D
151 D
151 W
151 L
197 D
197 D
197 W
197 L
229 D
229 D
229 W
229 L
241 D
241 D
241 W
241 L
283 D
283 D
283 W
283 L
347 D
347 D
347 W
347 L
563 D
563 D
563 W
563 L
569 D
569 D
569 W
569 L
607 D
607 D
607 W
607 L
727 D
727 D
727 W
727 L
853 D
853 D
853 W
853 L
863 D
863 D
863 W
863 L
887 D
887 D
887 W
887 L
941 D
941 D
941 W
941 L
1051 D
1051 D
1051 W
1051 L
1061 D
1061 D
1061 W
1061 L
1093 D
1093 D
1093 W
1093 L
1193 D
1193 D
1193 W
1193 L
1259 D
1259 D
1259 W
1259 L
1301 D
1301 D
1301 W
1301 L
1451 D
1451 D
1451 W
1451 L
1523 D
1523 D
1523 W
1523 L
1607 D
1607 D
1607 W
1607 L
1667 D
1667 D
1667 W
1667 L
1979 D
1979 D
1979 W
1979 L
2029 D
2029 D
2029 W
2029 L
2213 D
2213 D
2213 W
2213 L
2239 D
2239 D
2239 W
2239 L
2243 D
2243 D
2243 W
2243 L
2293 D
2293 D
2293 W
2293 L
2383 D
2383 D
2383 W
2383 L
2393 D
2393 D
2393 W
2393 L
2441 D
2441 D
2441 W
2441 L
2539 D
2539 D
2539 W
2539 L
2731 D
2731 D
2731 W
2731 L
2917 D
2917 D
2917 W
2917 L
3001 D
3001 D
3001 W
3001 L
3037 D
3037 D
3037 W
3037 L
3089 D
3089 D
3089 W
3089 L
3109 D
3109 D
3109 W
3109 L
3217 D
3217 D
3217 W
3217 L
3299 D
3299 D
3299 W
3299 L
3359 D
3359 D
3359 W
3359 L
3547 D
3547 D
3547 W
3547 L
3889 D
3889 D
3889 W
3889 L
3931 D
3931 D
3931 W
3931 L
3943 D
3943 D
3943 W
3943 L
4001 D
4001 D
4001 W
4001 L
4127 D
4127 D
4127 W
4127 L
4139 D
4139 D
4139 W
4139 L
4177 D
4177 D
4177 W
4177 L
4261 D
4261 D
4261 W
4261 L
4549 D
4549 D
4549 W
4549 L
4603 D
4603 D
4603 W
4603 L
4679 D
4679 D
4679 W
4679 L
4691 D
4691 D
4691 W
4691 L
4703 D
4703 D
4703 W
4703 L
4793 D
4793 D
4793 W
4793 L
4969 D
4969 D
4969 W
4969 L
5021 D
5021 D
5021 W
5021 L
5051 D
5051 D
5051 W
5051 L
5437 D
5437 D
5437 W
5437 L
5639 D
5639 D
5639 W
5639 L
5689 D
5689 D
5689 W
5689 L
5807 D
5807 D
5807 W
5807 L
5813 D
5813 D
5813 W
5813 L
5857 D
5857 D
5857 W
5857 L
5923 D
5923 D
5923 W
5923 L
6089 D
6089 D
6089 W
6089 L
6143 D
6143 D
6143 W
6143 L
6421 D
6421 D
6421 W
6421 L
6427 D
6427 D
6427 W
6427 L
6661 D
6661 D
6661 W
6661 L
6703 D
6703 D
6703 W
6703 L
6827 D
6827 D
6827 W
6827 L
6857 D
6857 D
6857 W
6857 L
6899 D
6899 D
6899 W
6899 L
6997 D
6997 D
6997 W
6997 L
7001 D
7001 D
7001 W
7001 L
7013 D
7013 D
7013 W
7013 L
7043 D
7043 D
7043 W
7043 L
7207 D
7207 D
7207 W
7207 L
7351 D
7351 D
7351 W
7351 L
7411 D
7411 D
7411 W
7411 L
7433 D
7433 D
7433 W
7433 L
7547 D
7547 D
7547 W
7547 L
7607 D
7607 D
7607 W
7607 L
7643 D
7643 D
7643 W
7643 L
7673 D
7673 D
7673 W
7673 L
7703 D
7703 D
7703 W
7703 L
7873 D
7873 D
7873 W
7873 L
7877 D
7877 D
7877 W
7877 L
8101 D
8101 D
8101 W
8101 L
8287 D
8287 D
8287 W
8287 L
8461 D
8461 D
8461 W
8461 L
8543 D
8543 D
8543 W
8543 L
8609 D
8609 D
8609 W
8609 L
8623 D
8623 D
8623 W
8623 L
8741 D
8741 D
8741 W
8741 L
8753 D
8753 D
8753 W
8753 L
8803 D
8803 D
8803 W
8803 L
9257 D
9257 D
9257 W
9257 L
9319 D
9319 D
9319 W
9319 L
9391 D
9391 D
9391 W
9391 L
9533 D
9533 D
9533 W
9533 L
9601 D
9601 D
9601 W
9601 L
9613 D
9613 D
9613 W
9613 L
9649 D
9649 D
9649 W
9649 L
9719 D
9719 D
9719 W
9719 L
9839 D
9839 D
9839 W
9839 L
9887 D
9887 D
9887 W
9887 L
9967 D
9967 D
9967 W
9967 L
