3436
2 W
2 W
2 W
2 W
2 W
2 W
2 W
2 W
2 W
2 W
2 W
2 W
2 W
2 W
2 W
2 W
2 W
2 W
2 W
2 W
2 W
2 W
2 W
2 W
2 W
2 W
2 W
2 W
2 W
2 W
2 W
2 W
2 W
2 W
2 W
2 W
2 W
2 W
2 W
2 W
2 W
2 W
2 W
2 W
2 W
2 W
2 W
2 W
2 W
2 W
2 W
2 W
2 W
2 W
2 W
2 W
2 W
2 W
2 W
2 W
2 W
2 W
2 W
2 W
2 W
2 W
2 W
2 W
2 W
2 W
2 W
2 W
2 W
2 W
2 W
2 W
2 W
2 W
2 W
2 W
2 W
2 W
2 W
2 W
2 W
2 W
2 W
2 W
2 W
2 W
2 W
2 W
2 W
2 W
2 W
2 W
2 W
2 W
2 W
2 W
2 W
2 W
2 W
2 W
2 W
2 W
2 W
2 W
2 W
2 W
2 W
2 W
2 W
3 W
3 W
3 W
3 W
3 W
3 W
3 W
3 W
3 W
3 W
3 W
3 W
3 W
3 W
3 W
3 W
3 W
3 W
3 W
3 W
3 W
3 W
3 W
3 W
3 W
3 W
3 W
3 W
3 W
3 W
3 W
3 W
3 W
3 W
3 W
3 W
3 W
3 W
3 W
3 W
3 W
3 W
3 W
3 W
3 W
3 W
3 W
3 W
3 W
3 W
3 W
3 W
3 W
3 W
3 W
3 W
3 W
3 W
3 W
3 D
3 W
5 W
5 W
5 W
5 W
5 W
5 W
5 W
5 W
5 W
5 W
5 W
5 W
5 W
5 W
5 W
5 W
5 W
5 W
5 W
5 W
5 W
5 W
5 W
5 W
5 W
5 W
7 W
7 W
7 W
7 W
7 W
7 W
7 W
7 W
7 W
7 W
7 W
7 W
7 W
7 W
7 W
7 W
7 W
7 W
7 W
7 W
7 W
7 W
7 W
7 W
7 W
7 W
7 D
7 W
11 W
11 W
11 W
11 W
11 W
11 W
11 W
11 W
11 W
11 W
11 W
11 W
11 W
11 W
13 W
13 W
13 W
13 W
13 W
13 D
13 W
17 W
17 W
17 W
17 W
17 W
17 W
17 W
19 W
19 W
19 W
19 W
19 W
19 W
19 W
19 W
19 W
19 W
19 W
19 D
19 W
23 W
23 W
23 W
23 W
23 W
23 W
23 D
23 W
29 W
29 W
29 W
29 D
29 W
31 W
31 W
31 W
31 D
31 W
37 W
37 W
37 W
37 W
37 W
37 D
37 W
41 W
41 D
41 W
43 W
43 W
47 W
47 W
47 W
47 W
53 W
53 W
59 W
59 W
61 W
61 W
61 W
61 W
67 W
67 W
71 W
71 D
71 W
73 W
73 D
73 W
79 D
79 W
83 W
83 D
83 W
97 W
101 D
101 W
103 D
103 W
113 W
113 D
113 W
127 W
127 W
127 D
127 W
131 W
131 D
131 W
137 W
137 W
137 D
137 W
139 W
139 D
139 W
149 W
151 W
151 D
151 W
157 D
157 W
163 D
163 W
181 W
191 D
191 W
193 D
193 W
197 D
197 W
227 W
227 W
229 W
251 W
257 D
257 W
263 D
263 W
281 W
293 D
293 W
313 D
313 W
331 D
331 W
337 D
337 W
347 D
347 W
359 D
359 W
373 D
373 W
379 D
379 W
397 W
401 W
409 W
431 D
431 W
433 D
433 W
439 D
439 W
443 D
443 W
457 D
457 W
461 D
461 W
467 D
467 W
491 W
499 D
499 W
509 D
509 W
541 D
541 W
557 D
557 W
563 D
563 W
569 D
569 W
571 D
571 W
599 W
601 D
601 W
607 D
607 W
613 D
613 W
619 D
619 W
631 D
631 W
653 D
653 W
683 D
683 W
727 D
727 W
739 D
739 W
751 D
751 W
769 D
769 W
863 D
863 W
883 W
887 D
887 W
907 D
907 W
919 D
919 W
947 D
947 W
967 D
967 W
991 W
1009 D
1009 W
1031 D
1031 W
1039 D
1039 W
1069 D
1069 W
1091 W
1117 D
1117 W
1217 D
1217 W
1237 D
1237 W
1289 D
1289 W
1291 D
1291 W
1321 D
1321 W
1327 D
1327 W
1423 D
1423 W
1429 D
1429 W
1439 D
1439 W
1471 D
1471 W
1493 D
1493 W
1523 D
1523 W
1531 D
1531 W
1579 D
1579 W
1619 D
1619 W
1621 D
1621 W
1723 D
1723 W
1777 D
1777 W
1787 D
1787 W
1913 D
1913 W
1933 D
1933 W
1997 D
1997 W
2137 D
2137 W
2383 D
2383 W
2531 D
2531 W
2593 D
2593 W
2657 D
2657 W
2819 D
2819 W
2909 D
2909 W
3023 D
3023 W
3217 W
3299 D
3299 W
3433 D
3433 W
3461 D
3461 W
3727 D
3727 W
3769 D
3769 W
3877 D
3877 W
3881 D
3881 W
4339 D
4339 W
4349 D
4349 W
4457 D
4457 W
4481 D
4481 W
4987 D
4987 W
5197 D
5197 W
5573 D
5573 W
5927 D
5927 W
6089 D
6089 W
6247 W
6361 D
6361 W
6473 D
6473 W
6733 D
6733 W
6983 D
6983 W
7451 D
7451 W
7717 D
7717 W
7883 D
7883 W
8581 D
8581 W
9887 D
9887 W
10313 D
10313 W
10567 D
10567 W
12143 D
12143 W
12491 D
12491 W
12911 D
12911 W
13187 D
13187 W
13331 D
13331 W
14929 D
14929 W
15971 D
15971 W
16363 D
16363 W
17207 D
17207 W
17317 D
17317 W
18049 D
18049 W
21179 D
21179 W
21481 D
21481 W
22073 D
22073 W
22691 D
22691 W
23099 D
23099 W
23189 D
23189 W
23687 D
23687 W
23689 D
23689 W
23819 D
23819 W
24029 D
24029 W
24841 D
24841 W
26099 D
26099 W
26387 D
26387 W
26683 D
26683 W
31159 D
31159 W
33809 D
33809 W
34589 D
34589 W
35023 D
35023 W
35531 D
35531 W
35911 D
35911 W
35993 D
35993 W
36451 D
36451 W
40093 D
40093 W
40879 D
40879 W
42257 D
42257 W
44027 D
44027 W
46867 D
46867 W
47143 D
47143 W
49919 D
49919 W
52457 D
52457 W
54877 D
54877 W
56473 D
56473 W
59797 D
59797 W
61211 D
61211 W
63901 D
63901 W
65173 D
65173 W
67139 D
67139 W
72019 D
72019 W
75533 D
75533 W
80777 D
80777 W
82193 D
82193 W
87107 D
87107 W
94273 D
94273 W
99833 D
99833 W
101663 D
101663 W
104891 D
104891 W
104911 D
104911 W
105361 D
105361 W
106759 D
106759 W
110917 D
110917 W
113227 D
113227 W
115337 D
115337 W
125863 D
125863 W
128993 D
128993 W
130457 D
130457 W
131113 D
131113 W
132863 D
132863 W
132953 D
132953 W
137947 D
137947 W
145643 D
145643 W
149411 D
149411 W
160309 D
160309 W
167443 D
167443 W
179939 D
179939 W
181669 D
181669 W
183023 D
183023 W
184199 D
184199 W
189421 D
189421 W
198623 D
198623 W
213383 D
213383 W
235789 D
235789 W
271597 D
271597 W
284957 D
284957 W
294523 D
294523 W
315593 D
315593 W
321037 D
321037 W
325627 D
325627 W
393157 D
393157 W
396377 D
396377 W
400579 D
400579 W
403577 D
403577 W
408229 D
408229 W
424547 D
424547 W
433051 D
433051 W
458683 D
458683 W
504017 D
504017 W
515741 D
515741 W
531911 D
531911 W
551063 D
551063 W
551093 D
551093 W
554011 D
554011 W
571331 D
571331 W
583337 D
583337 W
586903 D
586903 W
607337 D
607337 W
642217 D
642217 W
724879 D
724879 W
747139 D
747139 W
765329 D
765329 W
777871 D
777871 W
779869 D
779869 W
828811 D
828811 W
843113 D
843113 W
905599 D
905599 W
996539 D
996539 W
1143943 D
1143943 W
1284623 D
1284623 W
1340701 D
1340701 W
1604753 D
1604753 W
1733399 D
1733399 W
1736071 D
1736071 W
1780021 D
1780021 W
1859617 D
1859617 W
1886663 D
1886663 W
2059157 D
2059157 W
2375993 D
2375993 W
2485211 D
2485211 W
2582009 D
2582009 W
2658521 D
2658521 W
2680999 D
2680999 W
2747851 D
2747851 W
2757743 D
2757743 W
2769647 D
2769647 W
2965363 D
2965363 W
2984263 D
2984263 W
3040699 D
3040699 W
3100301 D
3100301 W
3288541 D
3288541 W
3300491 D
3300491 W
3794353 D
3794353 W
4238303 D
4238303 W
4407761 D
4407761 W
4471069 D
4471069 W
4577779 D
4577779 W
4618217 D
4618217 W
4639597 D
4639597 W
4815289 D
4815289 W
4846279 D
4846279 W
7063601 D
7063601 W
8666863 D
8666863 W
8814821 D
8814821 W
2 L
2 L
2 L
2 L
2 L
2 L
2 L
2 L
2 L
2 L
2 L
2 L
2 L
2 L
2 L
2 L
2 L
2 L
2 L
2 L
2 L
2 L
2 L
2 L
2 L
2 L
2 L
2 L
2 L
2 L
2 L
2 L
2 L
2 L
2 L
2 L
2 L
2 L
2 L
2 L
2 L
2 L
2 L
2 L
2 L
2 L
2 L
2 L
2 L
2 L
2 L
2 L
2 L
2 L
2 L
2 L
2 L
2 L
2 L
2 L
2 L
2 L
2 L
2 L
2 L
2 L
2 L
2 L
2 L
2 L
2 L
2 L
2 L
2 L
2 L
2 L
2 L
2 L
2 L
2 L
2 L
2 L
2 L
2 L
2 L
2 L
2 L
2 L
2 L
2 L
2 L
2 L
2 L
2 L
2 L
2 L
2 L
2 L
2 L
2 L
2 L
2 L
2 L
2 L
2 L
2 L
2 L
2 L
2 L
2 L
2 L
2 L
2 L
2 L
2 L
2 L
2 L
2 L
2 L
2 L
2 L
2 L
2 L
2 L
2 L
2 L
2 L
2 L
2 L
2 L
2 L
2 L
2 L
2 L
2 L
2 L
2 L
2 L
2 L
2 L
2 L
2 L
2 L
2 L
2 L
2 L
2 L
2 L
2 L
2 L
2 L
2 L
2 L
2 L
2 L
2 L
2 L
2 L
2 L
2 L
2 L
2 L
2 L
2 L
2 L
2 L
2 L
2 L
2 L
2 L
2 L
2 L
2 L
2 L
2 L
2 L
2 L
2 L
2 L
2 L
2 L
2 L
2 L
2 L
2 L
2 L
2 D
2 D
2 W
2 L
3 L
3 L
3 L
3 L
3 L
3 L
3 L
3 L
3 L
3 L
3 L
3 L
3 L
3 L
3 L
3 L
3 L
3 L
3 L
3 L
3 L
3 L
3 L
3 L
3 L
3 L
3 L
3 L
3 L
3 L
3 L
3 L
3 L
3 L
3 L
3 L
3 L
3 L
3 L
3 L
3 L
3 L
3 L
3 L
3 L
3 L
3 L
3 L
3 L
3 L
3 L
3 L
3 L
3 L
3 L
3 L
3 L
3 L
3 L
3 L
3 L
3 L
3 L
3 L
3 L
3 L
3 L
3 L
3 L
3 L
3 L
3 L
3 L
3 L
3 L
3 L
3 L
3 L
3 L
3 L
3 L
3 L
3 L
3 L
3 L
3 L
3 L
3 L
3 L
3 L
3 L
3 L
3 L
3 L
3 L
3 L
3 L
3 L
3 L
3 L
3 L
3 L
3 L
3 D
3 D
3 W
3 L
5 L
5 L
5 L
5 L
5 L
5 L
5 L
5 L
5 L
5 L
5 L
5 L
5 L
5 L
5 L
5 L
5 L
5 L
5 L
5 L
5 L
5 L
5 L
5 L
5 L
5 L
5 L
5 L
5 L
5 L
5 L
5 L
5 L
5 L
5 L
5 L
5 L
5 L
5 L
5 L
5 L
5 L
7 L
7 L
7 L
7 L
7 L
7 L
7 L
7 L
7 L
7 L
7 L
7 L
7 L
7 L
7 L
7 L
7 L
7 L
7 L
7 L
7 L
7 L
7 L
7 L
7 L
7 L
7 L
7 L
7 L
7 L
7 L
7 L
7 L
7 L
7 L
7 D
7 D
7 W
7 L
11 L
11 L
11 L
11 L
11 L
11 L
11 L
11 L
11 L
11 L
11 L
11 L
11 L
11 L
11 L
11 L
11 L
11 L
11 L
11 L
11 D
11 D
11 W
11 L
13 L
13 L
13 L
13 L
13 L
13 L
13 L
13 L
13 L
13 L
13 L
13 L
13 L
17 L
17 L
17 L
17 L
17 L
17 L
17 L
17 D
17 D
17 W
17 L
19 L
19 L
19 L
19 L
19 L
19 L
19 L
19 L
19 L
19 L
19 L
19 D
19 D
19 W
19 L
23 L
23 L
23 L
23 L
23 L
23 L
23 L
23 L
23 L
29 L
29 L
29 L
29 L
29 L
29 L
29 L
29 L
29 L
31 L
31 L
31 L
31 L
31 L
31 L
31 L
31 D
31 D
31 W
31 L
37 L
37 L
37 L
37 L
37 L
37 L
41 L
41 L
41 L
41 L
41 L
41 L
43 L
43 L
43 D
43 D
43 W
43 L
47 L
47 L
47 L
47 L
47 L
47 L
47 D
47 D
47 W
47 L
53 L
53 L
53 L
53 L
59 L
59 L
59 L
59 L
59 L
61 L
61 L
61 D
61 D
61 W
61 L
67 L
67 L
67 L
67 D
67 D
67 W
67 L
71 L
71 D
71 D
71 W
71 L
73 L
73 L
73 L
79 L
79 L
79 L
83 L
83 L
83 L
89 L
97 L
97 L
97 D
97 D
97 W
97 L
101 L
101 D
101 D
101 W
101 L
103 L
103 L
107 D
107 D
107 W
107 L
109 D
109 D
109 W
109 L
113 L
113 L
113 L
127 L
127 L
127 L
127 D
127 D
127 W
127 L
131 L
131 D
131 D
131 W
131 L
137 L
137 D
137 D
137 W
137 L
139 L
149 L
151 L
151 L
151 D
151 D
151 W
151 L
157 L
163 L
163 L
167 D
167 D
167 W
167 L
179 L
181 D
181 D
181 W
181 L
191 L
191 D
191 D
191 W
191 L
193 L
197 D
197 D
197 W
197 L
199 D
199 D
199 W
199 L
223 L
227 L
227 D
227 D
227 W
227 L
229 D
229 D
229 W
229 L
233 D
233 D
233 W
233 L
239 D
239 D
239 W
239 L
241 D
241 D
241 W
241 L
251 D
251 D
251 W
251 L
257 D
257 D
257 W
257 L
263 L
269 L
277 L
281 L
281 D
281 D
281 W
281 L
293 D
293 D
293 W
293 L
307 D
307 D
307 W
307 L
311 D
311 D
311 W
311 L
313 D
313 D
313 W
313 L
317 D
317 D
317 W
317 L
331 L
337 L
347 D
347 D
347 W
347 L
349 D
349 D
349 W
349 L
359 L
359 D
359 D
359 W
359 L
367 D
367 D
367 W
367 L
373 L
373 D
373 D
373 W
373 L
379 L
383 L
397 D
397 D
397 W
397 L
401 D
401 D
401 W
401 L
409 L
409 D
409 D
409 W
409 L
421 D
421 D
421 W
421 L
431 D
431 D
431 W
431 L
433 D
433 D
433 W
433 L
439 L
439 D
439 D
439 W
439 L
443 L
457 L
461 D
461 D
461 W
461 L
463 D
463 D
463 W
463 L
467 L
479 L
491 D
491 D
491 W
491 L
499 D
499 D
499 W
499 L
509 L
523 D
523 D
523 W
523 L
541 D
541 D
541 W
541 L
547 D
547 D
547 W
547 L
557 L
563 D
563 D
563 W
563 L
569 D
569 D
569 W
569 L
571 L
571 D
571 D
571 W
571 L
577 L
593 L
599 L
601 D
601 D
601 W
601 L
607 D
607 D
607 W
607 L
613 L
617 L
619 L
631 D
631 D
631 W
631 L
643 D
643 D
643 W
643 L
653 L
659 D
659 D
659 W
659 L
673 D
673 D
673 W
673 L
677 L
677 L
683 D
683 D
683 W
683 L
719 D
719 D
719 W
719 L
727 L
739 D
739 D
739 W
739 L
743 D
743 D
743 W
743 L
751 D
751 D
751 W
751 L
761 D
761 D
761 W
761 L
769 L
821 D
821 D
821 W
821 L
827 D
827 D
827 W
827 L
829 D
829 D
829 W
829 L
853 D
853 D
853 W
853 L
857 D
857 D
857 W
857 L
863 D
863 D
863 W
863 L
883 D
883 D
883 W
883 L
887 D
887 D
887 W
887 L
907 D
907 D
907 W
907 L
919 D
919 D
919 W
919 L
947 L
967 L
991 D
991 D
991 W
991 L
1009 D
1009 D
1009 W
1009 L
1019 D
1019 D
1019 W
1019 L
1021 D
1021 D
1021 W
1021 L
1031 L
1039 L
1063 D
1063 D
1063 W
1063 L
1069 D
1069 D
1069 W
1069 L
1087 D
1087 D
1087 W
1087 L
1091 D
1091 D
1091 W
1091 L
1117 D
1117 D
1117 W
1117 L
1217 D
1217 D
1217 W
1217 L
1237 D
1237 D
1237 W
1237 L
1283 D
1283 D
1283 W
1283 L
1289 D
1289 D
1289 W
1289 L
1291 D
1291 D
1291 W
1291 L
1307 D
1307 D
1307 W
1307 L
1321 D
1321 D
1321 W
1321 L
1327 D
1327 D
1327 W
1327 L
1399 D
1399 D
1399 W
1399 L
1423 D
1423 D
1423 W
1423 L
1427 D
1427 D
1427 W
1427 L
1429 L
1439 D
1439 D
1439 W
1439 L
1459 D
1459 D
1459 W
1459 L
1471 D
1471 D
1471 W
1471 L
1493 D
1493 D
1493 W
1493 L
1523 L
1531 D
1531 D
1531 W
1531 L
1579 D
1579 D
1579 W
1579 L
1609 D
1609 D
1609 W
1609 L
1619 D
1619 D
1619 W
1619 L
1621 D
1621 D
1621 W
1621 L
1723 D
1723 D
1723 W
1723 L
1777 L
1787 D
1787 D
1787 W
1787 L
1913 D
1913 D
1913 W
1913 L
1933 D
1933 D
1933 W
1933 L
1997 D
1997 D
1997 W
1997 L
2011 D
2011 D
2011 W
2011 L
2029 D
2029 D
2029 W
2029 L
2137 L
2141 D
2141 D
2141 W
2141 L
2153 D
2153 D
2153 W
2153 L
2221 D
2221 D
2221 W
2221 L
2237 D
2237 D
2237 W
2237 L
2383 D
2383 D
2383 W
2383 L
2531 D
2531 D
2531 W
2531 L
2539 D
2539 D
2539 W
2539 L
2593 D
2593 D
2593 W
2593 L
2657 D
2657 D
2657 W
2657 L
2719 D
2719 D
2719 W
2719 L
2729 D
2729 D
2729 W
2729 L
2819 D
2819 D
2819 W
2819 L
2833 D
2833 D
2833 W
2833 L
2909 L
2939 D
2939 D
2939 W
2939 L
3023 D
3023 D
3023 W
3023 L
3049 D
3049 D
3049 W
3049 L
3191 D
3191 D
3191 W
3191 L
3217 D
3217 D
3217 W
3217 L
3299 D
3299 D
3299 W
3299 L
3433 D
3433 D
3433 W
3433 L
3461 D
3461 D
3461 W
3461 L
3547 D
3547 D
3547 W
3547 L
3631 D
3631 D
3631 W
3631 L
3709 D
3709 D
3709 W
3709 L
3719 D
3719 D
3719 W
3719 L
3727 D
3727 D
3727 W
3727 L
3769 L
3821 D
3821 D
3821 W
3821 L
3877 D
3877 D
3877 W
3877 L
3881 D
3881 D
3881 W
3881 L
3907 D
3907 D
3907 W
3907 L
3917 D
3917 D
3917 W
3917 L
4259 D
4259 D
4259 W
4259 L
4271 D
4271 D
4271 W
4271 L
4339 L
4349 D
4349 D
4349 W
4349 L
4391 D
4391 D
4391 W
4391 L
4423 D
4423 D
4423 W
4423 L
4457 D
4457 D
4457 W
4457 L
4481 L
4583 D
4583 D
4583 W
4583 L
4691 D
4691 D
4691 W
4691 L
4957 D
4957 D
4957 W
4957 L
4987 D
4987 D
4987 W
4987 L
4993 D
4993 D
4993 W
4993 L
5101 D
5101 D
5101 W
5101 L
5197 D
5197 D
5197 W
5197 L
5303 D
5303 D
5303 W
5303 L
5573 D
5573 D
5573 W
5573 L
5927 D
5927 D
5927 W
5927 L
6089 D
6089 D
6089 W
6089 L
6173 D
6173 D
6173 W
6173 L
6247 D
6247 D
6247 W
6247 L
6361 D
6361 D
6361 W
6361 L
6473 D
6473 D
6473 W
6473 L
6551 D
6551 D
6551 W
6551 L
6733 D
6733 D
6733 W
6733 L
6827 D
6827 D
6827 W
6827 L
6883 D
6883 D
6883 W
6883 L
6983 D
6983 D
6983 W
6983 L
7069 D
7069 D
7069 W
7069 L
7451 D
7451 D
7451 W
7451 L
7717 D
7717 D
7717 W
7717 L
7877 D
7877 D
7877 W
7877 L
7883 D
7883 D
7883 W
7883 L
7949 D
7949 D
7949 W
7949 L
8581 D
8581 D
8581 W
8581 L
8663 D
8663 D
8663 W
8663 L
9199 D
9199 D
9199 W
9199 L
9257 D
9257 D
9257 W
9257 L
9859 D
9859 D
9859 W
9859 L
9887 D
9887 D
9887 W
9887 L
9929 D
9929 D
9929 W
9929 L
10079 D
10079 D
10079 W
10079 L
10169 D
10169 D
10169 W
10169 L
10303 D
10303 D
10303 W
10303 L
10313 D
10313 D
10313 W
10313 L
10567 D
10567 D
10567 W
10567 L
10973 D
10973 D
10973 W
10973 L
11069 D
11069 D
11069 W
11069 L
11393 D
11393 D
11393 W
11393 L
11549 D
11549 D
11549 W
11549 L
11971 D
11971 D
11971 W
11971 L
12143 D
12143 D
12143 W
12143 L
12161 D
12161 D
12161 W
12161 L
12473 D
12473 D
12473 W
12473 L
12491 D
12491 D
12491 W
12491 L
12911 D
12911 D
12911 W
12911 L
12973 D
12973 D
12973 W
12973 L
13187 D
13187 D
13187 W
13187 L
13241 D
13241 D
13241 W
13241 L
13331 D
13331 D
13331 W
13331 L
13451 D
13451 D
13451 W
13451 L
13691 D
13691 D
13691 W
13691 L
14029 D
14029 D
14029 W
14029 L
14251 D
14251 D
14251 W
14251 L
14741 D
14741 D
14741 W
14741 L
14929 D
14929 D
14929 W
14929 L
14947 D
14947 D
14947 W
14947 L
15187 D
15187 D
15187 W
15187 L
15493 D
15493 D
15493 W
15493 L
15497 D
15497 D
15497 W
15497 L
15733 D
15733 D
15733 W
15733 L
15971 D
15971 D
15971 W
15971 L
16363 D
16363 D
16363 W
16363 L
16421 D
16421 D
16421 W
16421 L
16979 D
16979 D
16979 W
16979 L
17207 D
17207 D
17207 W
17207 L
17317 D
17317 D
17317 W
17317 L
17491 D
17491 D
17491 W
17491 L
17959 D
17959 D
17959 W
17959 L
18049 D
18049 D
18049 W
18049 L
18131 D
18131 D
18131 W
18131 L
18541 D
18541 D
18541 W
18541 L
19163 D
19163 D
19163 W
19163 L
19211 D
19211 D
19211 W
19211 L
19213 D
19213 D
19213 W
19213 L
21179 D
21179 D
21179 W
21179 L
21481 D
21481 D
21481 W
21481 L
22073 D
22073 D
22073 W
22073 L
22691 D
22691 D
22691 W
22691 L
23099 D
23099 D
23099 W
23099 L
23189 D
23189 D
23189 W
23189 L
23581 D
23581 D
23581 W
23581 L
23609 D
23609 D
23609 W
23609 L
23687 D
23687 D
23687 W
23687 L
23689 D
23689 D
23689 W
23689 L
23819 D
23819 D
23819 W
23819 L
24029 D
24029 D
24029 W
24029 L
24611 D
24611 D
24611 W
24611 L
24841 D
24841 D
24841 W
24841 L
24847 D
24847 D
24847 W
24847 L
26099 D
26099 D
26099 W
26099 L
26387 D
26387 D
26387 W
26387 L
26683 D
26683 D
26683 W
26683 L
27067 D
27067 D
27067 W
27067 L
27179 D
27179 D
27179 W
27179 L
27647 D
27647 D
27647 W
27647 L
29537 D
29537 D
29537 W
29537 L
30313 D
30313 D
30313 W
30313 L
30931 D
30931 D
30931 W
30931 L
31081 D
31081 D
31081 W
31081 L
31159 D
31159 D
31159 W
31159 L
33809 D
33809 D
33809 W
33809 L
34589 D
34589 D
34589 W
34589 L
35023 D
35023 D
35023 W
35023 L
35531 D
35531 D
35531 W
35531 L
35597 D
35597 D
35597 W
35597 L
35911 D
35911 D
35911 W
35911 L
35951 D
35951 D
35951 W
35951 L
35993 D
35993 D
35993 W
35993 L
36451 D
36451 D
36451 W
36451 L
38543 D
38543 D
38543 W
38543 L
39019 D
39019 D
39019 W
39019 L
40093 D
40093 D
40093 W
40093 L
40693 D
40693 D
40693 W
40693 L
40879 D
40879 D
40879 W
40879 L
41117 D
41117 D
41117 W
41117 L
41579 D
41579 D
41579 W
41579 L
42257 D
42257 D
42257 W
42257 L
43051 D
43051 D
43051 W
43051 L
44027 D
44027 D
44027 W
44027 L
46867 D
46867 D
46867 W
46867 L
47143 D
47143 D
47143 W
47143 L
49919 D
49919 D
49919 W
49919 L
52457 D
52457 D
52457 W
52457 L
54101 D
54101 D
54101 W
54101 L
54709 D
54709 D
54709 W
54709 L
54877 D
54877 D
54877 W
54877 L
55381 D
55381 D
55381 W
55381 L
55681 D
55681 D
55681 W
55681 L
56473 D
56473 D
56473 W
56473 L
56951 D
56951 D
56951 W
56951 L
59797 D
59797 D
59797 W
59797 L
60449 D
60449 D
60449 W
60449 L
61211 D
61211 D
61211 W
61211 L
63031 D
63031 D
63031 W
63031 L
63901 D
63901 D
63901 W
63901 L
65173 D
65173 D
65173 W
65173 L
65521 D
65521 D
65521 W
65521 L
67139 D
67139 D
67139 W
67139 L
68351 D
68351 D
68351 W
68351 L
72019 D
72019 D
72019 W
72019 L
72089 D
72089 D
72089 W
72089 L
75533 D
75533 D
75533 W
75533 L
80071 D
80071 D
80071 W
80071 L
80777 D
80777 D
80777 W
80777 L
82193 D
82193 D
82193 W
82193 L
82601 D
82601 D
82601 W
82601 L
85223 D
85223 D
85223 W
85223 L
86951 D
86951 D
86951 W
86951 L
87107 D
87107 D
87107 W
87107 L
94273 D
94273 D
94273 W
94273 L
95369 D
95369 D
95369 W
95369 L
96731 D
96731 D
96731 W
96731 L
99529 D
99529 D
99529 W
99529 L
99833 D
99833 D
99833 W
99833 L
101663 D
101663 D
101663 W
101663 L
103099 D
103099 D
103099 W
103099 L
104891 D
104891 D
104891 W
104891 L
104911 D
104911 D
104911 W
104911 L
105277 D
105277 D
105277 W
105277 L
105361 D
105361 D
105361 W
105361 L
106759 D
106759 D
106759 W
106759 L
109717 D
109717 D
109717 W
109717 L
109937 D
109937 D
109937 W
109937 L
110339 D
110339 D
110339 W
110339 L
110917 D
110917 D
110917 W
110917 L
113227 D
113227 D
113227 W
113227 L
115337 D
115337 D
115337 W
115337 L
119563 D
119563 D
119563 W
119563 L
125627 D
125627 D
125627 W
125627 L
125863 D
125863 D
125863 W
125863 L
127529 D
127529 D
127529 W
127529 L
128993 D
128993 D
128993 W
128993 L
130457 D
130457 D
130457 W
130457 L
130811 D
130811 D
130811 W
130811 L
131113 D
131113 D
131113 W
131113 L
132619 D
132619 D
132619 W
132619 L
132863 D
132863 D
132863 W
132863 L
132953 D
132953 D
132953 W
132953 L
137947 D
137947 D
137947 W
137947 L
141221 D
141221 D
141221 W
141221 L
145417 D
145417 D
145417 W
145417 L
145643 D
145643 D
145643 W
145643 L
148403 D
148403 D
148403 W
148403 L
148429 D
148429 D
148429 W
148429 L
149411 D
149411 D
149411 W
149411 L
152599 D
152599 D
152599 W
152599 L
153269 D
153269 D
153269 W
153269 L
155191 D
155191 D
155191 W
155191 L
155209 D
155209 D
155209 W
155209 L
158269 D
158269 D
158269 W
158269 L
160309 D
160309 D
160309 W
160309 L
167443 D
167443 D
167443 W
167443 L
178571 D
178571 D
178571 W
178571 L
179939 D
179939 D
179939 W
179939 L
181669 D
181669 D
181669 W
181669 L
183023 D
183023 D
183023 W
183023 L
184199 D
184199 D
184199 W
184199 L
185477 D
185477 D
185477 W
185477 L
189421 D
189421 D
189421 W
189421 L
193451 D
193451 D
193451 W
193451 L
198623 D
198623 D
198623 W
198623 L
207079 D
207079 D
207079 W
207079 L
213383 D
213383 D
213383 W
213383 L
226649 D
226649 D
226649 W
226649 L
232963 D
232963 D
232963 W
232963 L
235789 D
235789 D
235789 W
235789 L
242773 D
242773 D
242773 W
242773 L
249107 D
249107 D
249107 W
249107 L
254963 D
254963 D
254963 W
254963 L
258407 D
258407 D
258407 W
258407 L
258613 D
258613 D
258613 W
258613 L
264529 D
264529 D
264529 W
264529 L
271597 D
271597 D
271597 W
271597 L
284957 D
284957 D
284957 W
284957 L
294523 D
294523 D
294523 W
294523 L
308017 D
308017 D
308017 W
308017 L
315593 D
315593 D
315593 W
315593 L
316177 D
316177 D
316177 W
316177 L
321037 D
321037 D
321037 W
321037 L
325627 D
325627 D
325627 W
325627 L
336227 D
336227 D
336227 W
336227 L
337907 D
337907 D
337907 W
337907 L
338707 D
338707 D
338707 W
338707 L
367819 D
367819 D
367819 W
367819 L
370169 D
370169 D
370169 W
370169 L
373823 D
373823 D
373823 W
373823 L
393157 D
393157 D
393157 W
393157 L
396377 D
396377 D
396377 W
396377 L
400579 D
400579 D
400579 W
400579 L
403577 D
403577 D
403577 W
403577 L
408229 D
408229 D
408229 W
408229 L
424547 D
424547 D
424547 W
424547 L
433051 D
433051 D
433051 W
433051 L
445931 D
445931 D
445931 W
445931 L
458683 D
458683 D
458683 W
458683 L
471589 D
471589 D
471589 W
471589 L
496487 D
496487 D
496487 W
496487 L
500069 D
500069 D
500069 W
500069 L
504017 D
504017 D
504017 W
504017 L
515741 D
515741 D
515741 W
515741 L
531911 D
531911 D
531911 W
531911 L
534403 D
534403 D
534403 W
534403 L
551063 D
551063 D
551063 W
551063 L
551093 D
551093 D
551093 W
551093 L
554011 D
554011 D
554011 W
554011 L
571331 D
571331 D
571331 W
571331 L
583337 D
583337 D
583337 W
583337 L
586903 D
586903 D
586903 W
586903 L
607337 D
607337 D
607337 W
607337 L
635617 D
635617 D
635617 W
635617 L
642217 D
642217 D
642217 W
642217 L
662551 D
662551 D
662551 W
662551 L
667103 D
667103 D
667103 W
667103 L
667519 D
667519 D
667519 W
667519 L
724879 D
724879 D
724879 W
724879 L
732157 D
732157 D
732157 W
732157 L
747139 D
747139 D
747139 W
747139 L
748183 D
748183 D
748183 W
748183 L
765329 D
765329 D
765329 W
765329 L
777871 D
777871 D
777871 W
777871 L
779869 D
779869 D
779869 W
779869 L
780389 D
780389 D
780389 W
780389 L
828811 D
828811 D
828811 W
828811 L
835559 D
835559 D
835559 W
835559 L
843113 D
843113 D
843113 W
843113 L
854263 D
854263 D
854263 W
854263 L
854459 D
854459 D
854459 W
854459 L
860381 D
860381 D
860381 W
860381 L
905599 D
905599 D
905599 W
905599 L
943543 D
943543 D
943543 W
943543 L
994949 D
994949 D
994949 W
994949 L
996539 D
996539 D
996539 W
996539 L
1010143 D
1010143 D
1010143 W
1010143 L
1027739 D
1027739 D
1027739 W
1027739 L
1078009 D
1078009 D
1078009 W
1078009 L
1084019 D
1084019 D
1084019 W
1084019 L
1143943 D
1143943 D
1143943 W
1143943 L
1284623 D
1284623 D
1284623 W
1284623 L
1340701 D
1340701 D
1340701 W
1340701 L
1398197 D
1398197 D
1398197 W
1398197 L
1429387 D
1429387 D
1429387 W
1429387 L
1451509 D
1451509 D
1451509 W
1451509 L
1463767 D
1463767 D
1463767 W
1463767 L
1508197 D
1508197 D
1508197 W
1508197 L
1515713 D
1515713 D
1515713 W
1515713 L
1574543 D
1574543 D
1574543 W
1574543 L
1604753 D
1604753 D
1604753 W
1604753 L
1605047 D
1605047 D
1605047 W
1605047 L
1630457 D
1630457 D
1630457 W
1630457 L
1691411 D
1691411 D
1691411 W
1691411 L
1701509 D
1701509 D
1701509 W
1701509 L
1733399 D
1733399 D
1733399 W
1733399 L
1736071 D
1736071 D
1736071 W
1736071 L
1780021 D
1780021 D
1780021 W
1780021 L
1832629 D
1832629 D
1832629 W
1832629 L
1848827 D
1848827 D
1848827 W
1848827 L
1859617 D
1859617 D
1859617 W
1859617 L
1886663 D
1886663 D
1886663 W
1886663 L
2003557 D
2003557 D
2003557 W
2003557 L
2051743 D
2051743 D
2051743 W
2051743 L
2059157 D
2059157 D
2059157 W
2059157 L
2104633 D
2104633 D
2104633 W
2104633 L
2125393 D
2125393 D
2125393 W
2125393 L
2140847 D
2140847 D
2140847 W
2140847 L
2332651 D
2332651 D
2332651 W
2332651 L
2375993 D
2375993 D
2375993 W
2375993 L
2485211 D
2485211 D
2485211 W
2485211 L
2582009 D
2582009 D
2582009 W
2582009 L
2658521 D
2658521 D
2658521 W
2658521 L
2680999 D
2680999 D
2680999 W
2680999 L
2747851 D
2747851 D
2747851 W
2747851 L
2757743 D
2757743 D
2757743 W
2757743 L
2769647 D
2769647 D
2769647 W
2769647 L
2951579 D
2951579 D
2951579 W
2951579 L
2965363 D
2965363 D
2965363 W
2965363 L
2984263 D
2984263 D
2984263 W
2984263 L
2994611 D
2994611 D
2994611 W
2994611 L
3040699 D
3040699 D
3040699 W
3040699 L
3100301 D
3100301 D
3100301 W
3100301 L
3125261 D
3125261 D
3125261 W
3125261 L
3288541 D
3288541 D
3288541 W
3288541 L
3300491 D
3300491 D
3300491 W
3300491 L
3789811 D
3789811 D
3789811 W
3789811 L
3794353 D
3794353 D
3794353 W
3794353 L
4238303 D
4238303 D
4238303 W
4238303 L
4407761 D
4407761 D
4407761 W
4407761 L
4471069 D
4471069 D
4471069 W
4471069 L
4577779 D
4577779 D
4577779 W
4577779 L
4618217 D
4618217 D
4618217 W
4618217 L
4639597 D
4639597 D
4639597 W
4639597 L
4815289 D
4815289 D
4815289 W
4815289 L
4846279 D
4846279 D
4846279 W
4846279 L
4933967 D
4933967 D
4933967 W
4933967 L
4986361 D
4986361 D
4986361 W
4986361 L
5288399 D
5288399 D
5288399 W
5288399 L
7063601 D
7063601 D
7063601 W
7063601 L
8666863 D
8666863 D
8666863 W
8666863 L
8727569 D
8727569 D
8727569 W
8727569 L
8814821 D
8814821 D
8814821 W
8814821 L
9028141 D
9028141 D
9028141 W
9028141 L
9266407 D
9266407 D
9266407 W
9266407 L
