312029121967
506817305 526750287
703521660 485629689
881149046 580847623
584985054 273544090
13387794 79332274
683304496 526750287
882859405 817333510
583031663 118869002
255292987 457449095
733930003 139887773
642734679 835533916
455905575 353166817
338282204 987868647
926267530 122350239
876542207 762683425
640245932 41643675
346443469 977462855
533067671 67429894
793842560 40044126
164962669 257365964
215488137 782649014
577358503 887903562
770215571 238083654
200690603 797806664
979351962 526750287
264037951 36955112
870455791 206126015
965659727 980230879
24826895 534013061
380060024 694977785
689024520 106709278
621928143 743473179
259101075 111777219
506817305 753115116
341927341 773010620
185401077 527705969
752557304 743096128
755275760 500994295
363786321 789780612
883468189 998270761
341024919 526750287
828159438 917023311
260410456 15638239
365167978 225040919
506817305 904193148
625282757 482337296
748769449 107467562
803359531 533542282
418710542 508804168
506817305 661775144
984392038 533225031
180129061 578455080
144336403 868290128
506817305 163257708
241629425 186628296
794361724 109210980
925000544 585860126
342533598 491746047
61159779 111181458
319047173 538361923
310396008 526750287
735897741 719248430
536637544 786729085
778623346 39891154
506817305 361237798
717152346 846771900
49464140 526750287
733485969 732209185
506817305 396239427
261413179 938433334
95885848 189366395
363134838 801809065
189557355 896430090
657699630 911533093
707848916 199136934
763725250 61777241
650907251 178647979
692442016 436404013
181754215 438377112
929825537 526750287
524150060 241005858
506817305 656141614
24516222 282342679
363522351 33550775
37978054 472044435
975038879 749960947
818102459 258268541
706981467 841661581
501670788 526750287
506817305 574694570
589507943 532776973
344634355 661999845
71739765 455965037
382632707 828645377
988173001 780718603
627565653 45255840
37800795 282904540
68684796 884050820
33180673 522152571
564935685 718257033
555314753 878224580
198811464 526750287
611386198 896022906
933158515 526750287
262000468 888396476
806019980 54379123
745294015 575105313
487310918 851621368
860128563 526750287
97972212 921919953
464187125 471008743
625238606 700333605
711401392 457353182
506817305 984850314
407834080 388985252
20395639 461619586
174576202 534586137
878446600 984466954
435204522 335722180
100235680 868032594
850961059 89522765
632685816 686509747
435609058 888610811
583175610 320366951
886568885 62913001
329639116 248033517
511152570 769883340
501805583 16217130
267896095 673063187
978305983 413470449
828205975 368691426
759378113 208602613
631504750 284042529
191284293 277127511
274720761 981111309
304201154 64141121
707228971 623253790
821705887 352678817
506817305 526750287
506817305 924682908
446990238 950007647
538143861 949416570
209296309 613551030
41106559 915923476
729081435 738570273
495745078 859239749
50045800 339871440
849029410 526750287
544496494 473089462
19503782 120636869
506817305 526750287
601033665 10207186
458489409 421414069
206564814 843071029
992998181 748203452
827557284 626768748
824355402 723841593
657763223 362605643
506817305 941936510
807841196 429777316
638613835 368794977
121199861 862300136
486450737 561917989
778638307 820720927
526393252 468636275
177674458 526750287
190395939 624241717
406239586 540592077
506817305 578647134
719934895 506202912
790618523 507789035
273755677 232141593
69132709 502327942
550671869 354029367
144969913 361361273
501200068 8335465
417656958 588967191
267936618 557033800
677054772 526750287
442818148 955013988
108583512 210786817
192569210 526750287
523538044 310845249
643312556 264395219
87963682 526750287
673188903 223006602
712292491 126501258
938812680 544694944
214492960 353064690
267848564 65858222
896735975 932965554
251708776 318717573
371150586 220477575
353395099 646039725
290150387 903023795
920358709 297339786
968800592 495910424
560138151 473200402
684242716 183510456
301607095 624957323
376251953 176593324
318929030 816828769
441717986 482894300
402191532 357011776
479658970 862697354
687291389 259011438
603526718 830943913
506817305 645589840
935774865 710679941
822797728 660001190
512143591 39149735
707974647 163349778
160389944 81959189
552498078 526750287
432336836 520875450
309476407 81015915
195020003 208235385
282245543 281591421
560845662 511781373
480147023 147647031
359986541 149589363
863806828 579543495
587653504 962951526
274585188 342922898
12005636 736227101
882242956 747302706
146305277 671939830
946952052 635362863
233415037 516073778
421758298 413359591
268315294 294482168
129194731 934095879
482613641 551114510
794212884 654814682
76041443 108326912
535287870 180870638
156458089 88640552
538774089 342775231
112352996 630497779
506817305 570944520
864408525 669602478
466524405 526750287
115828011 995367649
145305010 30575341
331458365 219277606
90548211 625770033
865997731 215799538
464361808 222003123
827674498 332662620
506817305 728597570
481391457 721642785
856500438 469723202
417051475 913162017
192196533 412969758
714659597 360421490
282741706 396716543
108751453 411373992
626084729 800243231
304849360 523044862
85573131 276128476
546877886 645569939
485036243 771523056
429427258 820978636
301497890 352331375
506817305 310457031
598545899 845794658
446871969 901103162
457471602 632782224
422213426 794048644
763238102 996757228
504224471 477880489
653200646 988265184
520737383 162645090
130382055 991724535
372786780 747077178
506817305 785496818
436257079 314528673
456099335 665140969
275655133 100229863
707761908 643260861
385741251 407198367
596228605 831851253
292824277 989699730
303417858 592001221
315077287 513327786
885874189 824339631
545397185 288326456
506817305 693905830
274195353 188589075
417203993 93159543
865400183 21335112
901809591 871402590
696923248 584628185
423271149 756531827
962061331 903851332
447640089 159523108
871134717 343540567
977353693 51285364
457625444 775580795
886535957 526750287
307653923 570914950
628283890 187142369
506817305 236320709
2569851 607893892
379758288 607595154
761341200 719487141
638269755 304562216
659782781 137111089
943444323 181449065
167415605 147373703
203565757 827566095
966384156 38656647
509428584 152902651
193511798 141185291
276782647 147437304
757480244 952697535
175184617 184789554
796666702 440728788
268859620 602207172
828821497 982085276
698413932 885332017
183582143 406284280
290909948 305961563
732896525 352060509
751161651 257355378
718178116 556938796
506817305 950854986
129963592 708356854
641760163 526750287
892532309 228609212
979432082 440413343
767742920 388065001
658335820 845317244
794840060 1952306
60368216 808444164
672032444 612251178
651750470 289758442
968152338 52431756
128461007 489701031
753076302 549315946
631642307 986188934
676433460 709996586
530076805 734087264
930184105 488436726
660078580 451158205
234377404 673736331
103129529 582668065
789232807 579719904
456523876 969019427
440992481 526750287
588991115 712570731
872594495 905359382
258691211 766597302
736484371 571091600
899767721 782210774
702584832 876777347
786091616 567124040
115325980 800845500
363872776 585404058
297169257 107162274
761639552 718513845
28392510 783260821
400868944 327259788
733628224 59467205
488090128 257920806
932870522 123718859
493852248 438587696
125944166 812640323
506439788 147963855
221684455 310365154
539724706 612169206
409534373 556913643
678051246 430640351
31328050 925856207
391761886 264880203
747329403 587453100
850049483 282958173
805313197 555235668
601732536 575843959
252292853 264025275
655485364 260401028
726387581 216070657
209543273 416089555
878437688 31286561
857632422 521390377
506817305 395210763
745673496 710327619
457613541 563073229
63632010 635786178
413765833 145177675
958516870 908107353
635127606 526750287
55698436 111505717
506817305 342136527
506817305 730902114
628361638 31353885
27450443 849349026
506817305 953493610
248316320 35219351
799246242 909836760
976360658 569217296
53888692 731662086
915991182 602970903
794816996 369702695
757678987 736435525
236168927 640111665
90951441 864016102
764909108 277317913
17233691 297667360
858354462 75794298
190827391 891821684
522638774 526750287
931821626 325942256
275574689 652864874
807862248 479352023
462594658 526750287
681420363 251091173
583682772 814462378
138202425 786587035
719405117 611485801
25928150 526750287
987379326 678174596
506817305 289197444
22794527 502827171
909306866 203832747
981915398 120783234
61990966 671480617
747182303 929117978
643381518 526750287
468521847 86951377
6117625 729142771
374600151 526750287
199657759 492369815
704634987 618422050
282534061 795386737
581993642 526750287
506817305 915089135
88440707 481062642
128104955 362943283
857347748 526750287
327742881 813939258
144642887 618904718
904698980 970706367
468717077 433663608
906930713 371870348
220315880 980444770
844878922 289687940
475812113 516903206
857839487 526750287
844134500 788520979
103546809 526750287
534228127 95670112
939168553 923424512
781142419 884661388
169245040 813794447
388871662 736296170
427739040 138219906
502871121 853390393
468912977 526750287
185807884 996439984
337185292 632215099
920210447 866864554
677083837 925893406
975806745 640775143
506817305 326907986
617613992 672299023
353313186 183158207
715544693 790119811
447542909 114655865
687350770 651479904
759256921 874395754
559644065 11511998
125819308 526750287
262446832 182161995
222088173 487525999
506817305 458792138
687001357 165263619
506817305 494051582
543785954 990473310
908025478 285944538
734588687 568639085
914455242 581095259
80921593 342555677
827864189 526750287
160024740 874240933
385996233 414339278
146259339 934380160
927519796 799893602
911569522 139362920
953870663 840339107
506817305 747771933
419135962 722388183
887830739 444979267
22041892 350086464
102350559 526750287
311082070 699987244
161721042 80772406
253111242 104018620
575677354 780670275
528628851 588200777
566623252 393029339
431847079 352482796
506817305 158427515
651785147 187926982
274504580 370729846
99739469 830083774
788822862 359891141
159990752 225547785
898552361 382944955
341275758 19008574
67803114 412691079
79141245 178572103
161705323 526750287
506817305 286763316
356233131 545836625
931611990 685548514
488988334 229360391
467911936 323084431
391557109 848090998
741729178 342720687
349876698 307066792
262098288 623240963
292616575 116425537
686649888 944601953
844098590 98977272
489485213 526750287
31074911 420879165
626069107 318174933
889513823 538472395
750395220 749335227
808855596 939600047
37773386 577916812
556244919 710934908
274838836 420805925
135375173 227012348
891506391 651868679
538620243 893461081
16192698 496226736
280472215 609738703
660400784 415459336
199628453 779778937
961354835 523134983
866560285 706951935
716162626 25375787
289765090 355522076
919043200 78409064
649373798 576148428
35880031 29202624
111579077 16559634
506817305 705228322
669343852 801666306
799933771 703872102
780337342 526750287
193260839 958579688
506817305 959611173
953136301 113670997
566987611 909665238
928303223 665340438
506817305 853250789
506817305 551319717
632401843 199323184
901849348 163489091
467659224 621616161
516045372 546376883
395452998 388633304
219839922 590900511
272464019 292758193
806588180 853436609
470207912 717620960
93459084 958419583
480020772 181767196
728726870 264768112
506817305 819559815
626419225 855128430
801164909 933921537
77800905 745366788
379095230 321059238
794017307 253864881
248960312 867422908
841625159 330725174
707035849 153829048
915164136 383802874
619410234 254899652
760247915 636117907
873641290 589228408
236218271 470529359
15164190 739649994
170659878 829603818
219458607 61780542
599798496 722844393
182685039 88360143
506817305 167457789
828252035 598838985
873533599 703224774
49697640 192191446
608771754 719833188
639743896 824376068
207694184 124768784
608529530 317742543
210802040 526750287
306964106 243186475
506817305 311624698
126375648 993404978
506175391 711210876
506817305 399664524
506817305 526750287
980676067 502715202
243219212 475722128
744654935 111287650
506817305 774021935
846472264 97710756
506817305 746311669
229222534 557056253
758209633 787964891
557991884 237710054
697569641 566694262
994067452 526750287
900984169 251737038
337525166 855195912
506817305 740716893
265131717 510744050
178904184 369828097
401643641 526750287
280724470 61375550
496893315 371002675
484678323 97099894
404076099 332323114
506817305 736020650
684086876 712604291
587666213 232728443
272757170 444095260
955529267 669257532
254272093 734865860
609993598 247146139
53515897 106069745
972805801 486038674
572257866 965212383
892507648 367566412
627188244 113237245
194058824 138200412
731000346 332277124
949970988 835426363
264559066 369562403
159528387 29321645
401698134 514762665
240101406 526750287
506817305 15448332
506817305 881146457
743264958 513839842
299596916 667433742
267471146 550948743
422325895 242109192
417731006 940112542
687820816 289699468
569672442 438107754
354103406 659049371
397137405 526750287
139872850 994344418
217573147 797240506
769930739 752624980
467028092 296130896
668752782 474527128
372531390 671093952
234683544 547762867
232737927 844210986
441203111 431007583
906271709 526750287
288667641 932573395
781606496 508946104
288188169 952160855
729407582 957088960
595963674 727275720
389716430 527739225
648362955 869558914
650364030 18146326
450316641 861972377
691451672 285154893
359754721 853978687
422209908 235634564
874733825 621904510
779987064 826041771
914521206 526750287
506817305 282254949
506817305 73549093
769042319 673911163
221440601 949143966
868335276 939793689
149857032 336972545
701995346 456621436
