2926
37 D
37 W
41 D
41 W
47 D
47 W
1259 D
1259 W
3449 D
3449 W
151451 D
151451 W
195691 D
195691 W
223831 D
223831 W
233993 D
233993 W
262649 D
262649 W
316861 D
316861 W
322537 D
322537 W
351563 D
351563 W
403003 D
403003 W
407203 D
407203 W
407233 D
407233 W
416089 D
416089 W
500693 D
500693 W
511153 D
511153 W
523793 D
523793 W
537143 D
537143 W
547301 D
547301 W
591893 D
591893 W
659999 D
659999 W
664537 D
664537 W
732191 D
732191 W
739439 D
739439 W
791933 D
791933 W
809707 D
809707 W
816847 D
816847 W
866431 D
866431 W
895357 D
895357 W
928643 D
928643 W
987043 D
987043 W
1003307 D
1003307 W
1025551 D
1025551 W
1181321 D
1181321 W
1229279 D
1229279 W
1242221 D
1242221 W
1263961 D
1263961 W
1276747 D
1276747 W
1360753 D
1360753 W
1397603 D
1397603 W
1451743 D
1451743 W
1469747 D
1469747 W
1549367 D
1549367 W
1554781 D
1554781 W
1583807 D
1583807 W
1588903 D
1588903 W
1645757 D
1645757 W
1669931 D
1669931 W
1716623 D
1716623 W
1774453 D
1774453 W
1816051 D
1816051 W
1834069 D
1834069 W
1863497 D
1863497 W
1924501 D
1924501 W
1988729 D
1988729 W
1993561 D
1993561 W
2043761 D
2043761 W
2139383 D
2139383 W
2183681 D
2183681 W
2237309 D
2237309 W
2255489 D
2255489 W
2285141 D
2285141 W
2307527 D
2307527 W
2328401 D
2328401 W
2346781 D
2346781 W
2365829 D
2365829 W
2387467 D
2387467 W
2499421 D
2499421 W
2507881 D
2507881 W
2616023 D
2616023 W
2636279 D
2636279 W
2640509 D
2640509 W
2641577 D
2641577 W
2671843 D
2671843 W
2743571 D
2743571 W
2754751 D
2754751 W
2796037 D
2796037 W
2809277 D
2809277 W
2810191 D
2810191 W
2827907 D
2827907 W
2830367 D
2830367 W
2836963 D
2836963 W
2883781 D
2883781 W
2901229 D
2901229 W
2971183 D
2971183 W
3088517 D
3088517 W
3113611 D
3113611 W
3132601 D
3132601 W
3142219 D
3142219 W
3145169 D
3145169 W
3199591 D
3199591 W
3259973 D
3259973 W
3325261 D
3325261 W
3437297 D
3437297 W
3584183 D
3584183 W
3609629 D
3609629 W
3629831 D
3629831 W
3650609 D
3650609 W
3696619 D
3696619 W
3713387 D
3713387 W
3726421 D
3726421 W
3737563 D
3737563 W
3817211 D
3817211 W
3836489 D
3836489 W
3861961 D
3861961 W
3864451 D
3864451 W
3911069 D
3911069 W
3949063 D
3949063 W
3969863 D
3969863 W
3971531 D
3971531 W
4127083 D
4127083 W
4134703 D
4134703 W
4156627 D
4156627 W
4178483 D
4178483 W
4190063 D
4190063 W
4246523 D
4246523 W
4287313 D
4287313 W
4305361 D
4305361 W
4309841 D
4309841 W
4386787 D
4386787 W
4405559 D
4405559 W
4430171 D
4430171 W
4440503 D
4440503 W
4473283 D
4473283 W
4502581 D
4502581 W
4561399 D
4561399 W
4574741 D
4574741 W
4598887 D
4598887 W
4617101 D
4617101 W
4645117 D
4645117 W
4734319 D
4734319 W
4753061 D
4753061 W
4789969 D
4789969 W
4794641 D
4794641 W
4854623 D
4854623 W
4921717 D
4921717 W
4930157 D
4930157 W
4944053 D
4944053 W
4967813 D
4967813 W
4979137 D
4979137 W
5022649 D
5022649 W
5029139 D
5029139 W
5051621 D
5051621 W
5069081 D
5069081 W
5210269 D
5210269 W
5243177 D
5243177 W
5272807 D
5272807 W
5276833 D
5276833 W
5331971 D
5331971 W
5332471 D
5332471 W
5339987 D
5339987 W
5401447 D
5401447 W
5422927 D
5422927 W
5438099 D
5438099 W
5636693 D
5636693 W
5675519 D
5675519 W
5745197 D
5745197 W
5776097 D
5776097 W
5803241 D
5803241 W
5828363 D
5828363 W
5872313 D
5872313 W
5948357 D
5948357 W
6064771 D
6064771 W
6085109 D
6085109 W
6099767 D
6099767 W
6139613 D
6139613 W
6225409 D
6225409 W
6257483 D
6257483 W
6304583 D
6304583 W
6318409 D
6318409 W
6327847 D
6327847 W
6402883 D
6402883 W
6416477 D
6416477 W
6429571 D
6429571 W
6436091 D
6436091 W
6465077 D
6465077 W
6510919 D
6510919 W
6516043 D
6516043 W
6527401 D
6527401 W
6565291 D
6565291 W
6571153 D
6571153 W
6585289 D
6585289 W
6655879 D
6655879 W
6665017 D
6665017 W
6769099 D
6769099 W
6775801 D
6775801 W
6785189 D
6785189 W
6821629 D
6821629 W
6826067 D
6826067 W
6938977 D
6938977 W
6944237 D
6944237 W
6983077 D
6983077 W
6984463 D
6984463 W
7030669 D
7030669 W
7084907 D
7084907 W
7088149 D
7088149 W
7088581 D
7088581 W
7091719 D
7091719 W
7101811 D
7101811 W
7133117 D
7133117 W
7139659 D
7139659 W
7193699 D
7193699 W
7260961 D
7260961 W
7263559 D
7263559 W
7334533 D
7334533 W
7416091 D
7416091 W
7418423 D
7418423 W
7421251 D
7421251 W
7464217 D
7464217 W
7476439 D
7476439 W
7525307 D
7525307 W
7526279 D
7526279 W
7581859 D
7581859 W
7598453 D
7598453 W
7608371 D
7608371 W
7608749 D
7608749 W
7615759 D
7615759 W
7633499 D
7633499 W
7640683 D
7640683 W
7641281 D
7641281 W
7660129 D
7660129 W
7671637 D
7671637 W
7725527 D
7725527 W
7836823 D
7836823 W
7884059 D
7884059 W
7887707 D
7887707 W
7888273 D
7888273 W
7894961 D
7894961 W
7896781 D
7896781 W
7924541 D
7924541 W
7938121 D
7938121 W
7957151 D
7957151 W
7965037 D
7965037 W
7994447 D
7994447 W
8004853 D
8004853 W
8033491 D
8033491 W
8039183 D
8039183 W
8101459 D
8101459 W
8138063 D
8138063 W
8178449 D
8178449 W
8268691 D
8268691 W
8305403 D
8305403 W
8309009 D
8309009 W
8368601 D
8368601 W
8409941 D
8409941 W
8412527 D
8412527 W
8444687 D
8444687 W
8445977 D
8445977 W
8449159 D
8449159 W
8507221 D
8507221 W
8523413 D
8523413 W
8545787 D
8545787 W
8559301 D
8559301 W
8578943 D
8578943 W
8590333 D
8590333 W
8671381 D
8671381 W
8703389 D
8703389 W
8712533 D
8712533 W
8739389 D
8739389 W
8746093 D
8746093 W
8795429 D
8795429 W
8796499 D
8796499 W
8812099 D
8812099 W
8812967 D
8812967 W
8840591 D
8840591 W
8899603 D
8899603 W
8911759 D
8911759 W
8935207 D
8935207 W
8937919 D
8937919 W
8946337 D
8946337 W
8997421 D
8997421 W
9017947 D
9017947 W
9077539 D
9077539 W
9184027 D
9184027 W
9287849 D
9287849 W
9292411 D
9292411 W
9302123 D
9302123 W
9304777 D
9304777 W
9374831 D
9374831 W
9413269 D
9413269 W
9437921 D
9437921 W
9451619 D
9451619 W
9455581 D
9455581 W
9485689 D
9485689 W
9510511 D
9510511 W
9519533 D
9519533 W
9639887 D
9639887 W
9641507 D
9641507 W
9681341 D
9681341 W
9727997 D
9727997 W
9733819 D
9733819 W
9740551 D
9740551 W
9763541 D
9763541 W
9786827 D
9786827 W
9825953 D
9825953 W
9881009 D
9881009 W
9906107 D
9906107 W
9929053 D
9929053 W
9934159 D
9934159 W
9971123 D
9971123 W
2 D
2 D
2 W
2 L
3 D
3 D
3 W
3 L
5 D
5 D
5 W
5 L
7 D
7 D
7 W
7 L
11 D
11 D
11 W
11 L
13 D
13 D
13 W
13 L
17 D
17 D
17 W
17 L
19 D
19 D
19 W
19 L
23 D
23 D
23 W
23 L
29 D
29 D
29 W
29 L
31 D
31 D
31 W
31 L
37 D
37 D
37 W
37 L
41 D
41 D
41 W
41 L
47 D
47 D
47 W
47 L
97 D
97 D
97 W
97 L
103 D
103 D
103 W
103 L
113 D
113 D
113 W
113 L
131 D
131 D
131 W
131 L
307 D
307 D
307 W
307 L
359 D
359 D
359 W
359 L
1259 D
1259 D
1259 W
1259 L
2593 D
2593 D
2593 W
2593 L
3449 D
3449 D
3449 W
3449 L
25189 D
25189 D
25189 W
25189 L
53899 D
53899 D
53899 W
53899 L
73679 D
73679 D
73679 W
73679 L
75797 D
75797 D
75797 W
75797 L
76519 D
76519 D
76519 W
76519 L
151451 D
151451 D
151451 W
151451 L
178903 D
178903 D
178903 W
178903 L
195691 D
195691 D
195691 W
195691 L
223831 D
223831 D
223831 W
223831 L
233687 D
233687 D
233687 W
233687 L
233993 D
233993 D
233993 W
233993 L
255083 D
255083 D
255083 W
255083 L
262649 D
262649 D
262649 W
262649 L
276113 D
276113 D
276113 W
276113 L
280957 D
280957 D
280957 W
280957 L
295129 D
295129 D
295129 W
295129 L
316861 D
316861 D
316861 W
316861 L
322537 D
322537 D
322537 W
322537 L
335077 D
335077 D
335077 W
335077 L
351563 D
351563 D
351563 W
351563 L
403003 D
403003 D
403003 W
403003 L
407203 D
407203 D
407203 W
407203 L
407233 D
407233 D
407233 W
407233 L
416089 D
416089 D
416089 W
416089 L
417941 D
417941 D
417941 W
417941 L
424157 D
424157 D
424157 W
424157 L
470207 D
470207 D
470207 W
470207 L
489127 D
489127 D
489127 W
489127 L
490571 D
490571 D
490571 W
490571 L
492617 D
492617 D
492617 W
492617 L
492901 D
492901 D
492901 W
492901 L
497999 D
497999 D
497999 W
497999 L
500693 D
500693 D
500693 W
500693 L
511153 D
511153 D
511153 W
511153 L
523793 D
523793 D
523793 W
523793 L
537143 D
537143 D
537143 W
537143 L
547301 D
547301 D
547301 W
547301 L
576151 D
576151 D
576151 W
576151 L
582961 D
582961 D
582961 W
582961 L
591893 D
591893 D
591893 W
591893 L
592367 D
592367 D
592367 W
592367 L
592919 D
592919 D
592919 W
592919 L
602321 D
602321 D
602321 W
602321 L
620507 D
620507 D
620507 W
620507 L
659999 D
659999 D
659999 W
659999 L
664537 D
664537 D
664537 W
664537 L
698729 D
698729 D
698729 W
698729 L
705493 D
705493 D
705493 W
705493 L
722849 D
722849 D
722849 W
722849 L
729587 D
729587 D
729587 W
729587 L
732191 D
732191 D
732191 W
732191 L
739439 D
739439 D
739439 W
739439 L
791933 D
791933 D
791933 W
791933 L
809707 D
809707 D
809707 W
809707 L
816847 D
816847 D
816847 W
816847 L
860957 D
860957 D
860957 W
860957 L
866431 D
866431 D
866431 W
866431 L
895357 D
895357 D
895357 W
895357 L
928643 D
928643 D
928643 W
928643 L
930289 D
930289 D
930289 W
930289 L
982759 D
982759 D
982759 W
982759 L
987043 D
987043 D
987043 W
987043 L
1003307 D
1003307 D
1003307 W
1003307 L
1025551 D
1025551 D
1025551 W
1025551 L
1029289 D
1029289 D
1029289 W
1029289 L
1031911 D
1031911 D
1031911 W
1031911 L
1044041 D
1044041 D
1044041 W
1044041 L
1081981 D
1081981 D
1081981 W
1081981 L
1121447 D
1121447 D
1121447 W
1121447 L
1156121 D
1156121 D
1156121 W
1156121 L
1181321 D
1181321 D
1181321 W
1181321 L
1229279 D
1229279 D
1229279 W
1229279 L
1242221 D
1242221 D
1242221 W
1242221 L
1246199 D
1246199 D
1246199 W
1246199 L
1261933 D
1261933 D
1261933 W
1261933 L
1263961 D
1263961 D
1263961 W
1263961 L
1276747 D
1276747 D
1276747 W
1276747 L
1292729 D
1292729 D
1292729 W
1292729 L
1301011 D
1301011 D
1301011 W
1301011 L
1332251 D
1332251 D
1332251 W
1332251 L
1336267 D
1336267 D
1336267 W
1336267 L
1360753 D
1360753 D
1360753 W
1360753 L
1373849 D
1373849 D
1373849 W
1373849 L
1397603 D
1397603 D
1397603 W
1397603 L
1414573 D
1414573 D
1414573 W
1414573 L
1442921 D
1442921 D
1442921 W
1442921 L
1450747 D
1450747 D
1450747 W
1450747 L
1451743 D
1451743 D
1451743 W
1451743 L
1469747 D
1469747 D
1469747 W
1469747 L
1499759 D
1499759 D
1499759 W
1499759 L
1521809 D
1521809 D
1521809 W
1521809 L
1526071 D
1526071 D
1526071 W
1526071 L
1549367 D
1549367 D
1549367 W
1549367 L
1554781 D
1554781 D
1554781 W
1554781 L
1557041 D
1557041 D
1557041 W
1557041 L
1583807 D
1583807 D
1583807 W
1583807 L
1588903 D
1588903 D
1588903 W
1588903 L
1614871 D
1614871 D
1614871 W
1614871 L
1618399 D
1618399 D
1618399 W
1618399 L
1645757 D
1645757 D
1645757 W
1645757 L
1669931 D
1669931 D
1669931 W
1669931 L
1701023 D
1701023 D
1701023 W
1701023 L
1709789 D
1709789 D
1709789 W
1709789 L
1716623 D
1716623 D
1716623 W
1716623 L
1757387 D
1757387 D
1757387 W
1757387 L
1774453 D
1774453 D
1774453 W
1774453 L
1787089 D
1787089 D
1787089 W
1787089 L
1816051 D
1816051 D
1816051 W
1816051 L
1834069 D
1834069 D
1834069 W
1834069 L
1834111 D
1834111 D
1834111 W
1834111 L
1863497 D
1863497 D
1863497 W
1863497 L
1919927 D
1919927 D
1919927 W
1919927 L
1924501 D
1924501 D
1924501 W
1924501 L
1938803 D
1938803 D
1938803 W
1938803 L
1977529 D
1977529 D
1977529 W
1977529 L
1986769 D
1986769 D
1986769 W
1986769 L
1988729 D
1988729 D
1988729 W
1988729 L
1993561 D
1993561 D
1993561 W
1993561 L
1998181 D
1998181 D
1998181 W
1998181 L
2043761 D
2043761 D
2043761 W
2043761 L
2074091 D
2074091 D
2074091 W
2074091 L
2081897 D
2081897 D
2081897 W
2081897 L
2107607 D
2107607 D
2107607 W
2107607 L
2116591 D
2116591 D
2116591 W
2116591 L
2137979 D
2137979 D
2137979 W
2137979 L
2139383 D
2139383 D
2139383 W
2139383 L
2183681 D
2183681 D
2183681 W
2183681 L
2215691 D
2215691 D
2215691 W
2215691 L
2237309 D
2237309 D
2237309 W
2237309 L
2240089 D
2240089 D
2240089 W
2240089 L
2241191 D
2241191 D
2241191 W
2241191 L
2255489 D
2255489 D
2255489 W
2255489 L
2275327 D
2275327 D
2275327 W
2275327 L
2285141 D
2285141 D
2285141 W
2285141 L
2287687 D
2287687 D
2287687 W
2287687 L
2296127 D
2296127 D
2296127 W
2296127 L
2307527 D
2307527 D
2307527 W
2307527 L
2328401 D
2328401 D
2328401 W
2328401 L
2346781 D
2346781 D
2346781 W
2346781 L
2350877 D
2350877 D
2350877 W
2350877 L
2365829 D
2365829 D
2365829 W
2365829 L
2387467 D
2387467 D
2387467 W
2387467 L
2388929 D
2388929 D
2388929 W
2388929 L
2407499 D
2407499 D
2407499 W
2407499 L
2417923 D
2417923 D
2417923 W
2417923 L
2424739 D
2424739 D
2424739 W
2424739 L
2487673 D
2487673 D
2487673 W
2487673 L
2498131 D
2498131 D
2498131 W
2498131 L
2499421 D
2499421 D
2499421 W
2499421 L
2507881 D
2507881 D
2507881 W
2507881 L
2561159 D
2561159 D
2561159 W
2561159 L
2566021 D
2566021 D
2566021 W
2566021 L
2573617 D
2573617 D
2573617 W
2573617 L
2587423 D
2587423 D
2587423 W
2587423 L
2609903 D
2609903 D
2609903 W
2609903 L
2616023 D
2616023 D
2616023 W
2616023 L
2630539 D
2630539 D
2630539 W
2630539 L
2636279 D
2636279 D
2636279 W
2636279 L
2640509 D
2640509 D
2640509 W
2640509 L
2641577 D
2641577 D
2641577 W
2641577 L
2663701 D
2663701 D
2663701 W
2663701 L
2671843 D
2671843 D
2671843 W
2671843 L
2743571 D
2743571 D
2743571 W
2743571 L
2754751 D
2754751 D
2754751 W
2754751 L
2786081 D
2786081 D
2786081 W
2786081 L
2796037 D
2796037 D
2796037 W
2796037 L
2803939 D
2803939 D
2803939 W
2803939 L
2809277 D
2809277 D
2809277 W
2809277 L
2810191 D
2810191 D
2810191 W
2810191 L
2827907 D
2827907 D
2827907 W
2827907 L
2830367 D
2830367 D
2830367 W
2830367 L
2836963 D
2836963 D
2836963 W
2836963 L
2883781 D
2883781 D
2883781 W
2883781 L
2901229 D
2901229 D
2901229 W
2901229 L
2936519 D
2936519 D
2936519 W
2936519 L
2971183 D
2971183 D
2971183 W
2971183 L
3088517 D
3088517 D
3088517 W
3088517 L
3113611 D
3113611 D
3113611 W
3113611 L
3132601 D
3132601 D
3132601 W
3132601 L
3142157 D
3142157 D
3142157 W
3142157 L
3142219 D
3142219 D
3142219 W
3142219 L
3145169 D
3145169 D
3145169 W
3145169 L
3166253 D
3166253 D
3166253 W
3166253 L
3199591 D
3199591 D
3199591 W
3199591 L
3217429 D
3217429 D
3217429 W
3217429 L
3259973 D
3259973 D
3259973 W
3259973 L
3263693 D
3263693 D
3263693 W
3263693 L
3325261 D
3325261 D
3325261 W
3325261 L
3332207 D
3332207 D
3332207 W
3332207 L
3333593 D
3333593 D
3333593 W
3333593 L
3434759 D
3434759 D
3434759 W
3434759 L
3437297 D
3437297 D
3437297 W
3437297 L
3499453 D
3499453 D
3499453 W
3499453 L
3584183 D
3584183 D
3584183 W
3584183 L
3609629 D
3609629 D
3609629 W
3609629 L
3618553 D
3618553 D
3618553 W
3618553 L
3629831 D
3629831 D
3629831 W
3629831 L
3646889 D
3646889 D
3646889 W
3646889 L
3650609 D
3650609 D
3650609 W
3650609 L
3685337 D
3685337 D
3685337 W
3685337 L
3694547 D
3694547 D
3694547 W
3694547 L
3696619 D
3696619 D
3696619 W
3696619 L
3713387 D
3713387 D
3713387 W
3713387 L
3726421 D
3726421 D
3726421 W
3726421 L
3737563 D
3737563 D
3737563 W
3737563 L
3753193 D
3753193 D
3753193 W
3753193 L
3789703 D
3789703 D
3789703 W
3789703 L
3805069 D
3805069 D
3805069 W
3805069 L
3817211 D
3817211 D
3817211 W
3817211 L
3830599 D
3830599 D
3830599 W
3830599 L
3836489 D
3836489 D
3836489 W
3836489 L
3845119 D
3845119 D
3845119 W
3845119 L
3861961 D
3861961 D
3861961 W
3861961 L
3864451 D
3864451 D
3864451 W
3864451 L
3886193 D
3886193 D
3886193 W
3886193 L
3888713 D
3888713 D
3888713 W
3888713 L
3911069 D
3911069 D
3911069 W
3911069 L
3949063 D
3949063 D
3949063 W
3949063 L
3950041 D
3950041 D
3950041 W
3950041 L
3969863 D
3969863 D
3969863 W
3969863 L
3971531 D
3971531 D
3971531 W
3971531 L
4074071 D
4074071 D
4074071 W
4074071 L
4127083 D
4127083 D
4127083 W
4127083 L
4134703 D
4134703 D
4134703 W
4134703 L
4149833 D
4149833 D
4149833 W
4149833 L
4156627 D
4156627 D
4156627 W
4156627 L
4178483 D
4178483 D
4178483 W
4178483 L
4190063 D
4190063 D
4190063 W
4190063 L
4221643 D
4221643 D
4221643 W
4221643 L
4246523 D
4246523 D
4246523 W
4246523 L
4264109 D
4264109 D
4264109 W
4264109 L
4287313 D
4287313 D
4287313 W
4287313 L
4301047 D
4301047 D
4301047 W
4301047 L
4305361 D
4305361 D
4305361 W
4305361 L
4309841 D
4309841 D
4309841 W
4309841 L
4341251 D
4341251 D
4341251 W
4341251 L
4386787 D
4386787 D
4386787 W
4386787 L
4405559 D
4405559 D
4405559 W
4405559 L
4430171 D
4430171 D
4430171 W
4430171 L
4440503 D
4440503 D
4440503 W
4440503 L
4473283 D
4473283 D
4473283 W
4473283 L
4502581 D
4502581 D
4502581 W
4502581 L
4517651 D
4517651 D
4517651 W
4517651 L
4533961 D
4533961 D
4533961 W
4533961 L
4551929 D
4551929 D
4551929 W
4551929 L
4561399 D
4561399 D
4561399 W
4561399 L
4574741 D
4574741 D
4574741 W
4574741 L
4598887 D
4598887 D
4598887 W
4598887 L
4617101 D
4617101 D
4617101 W
4617101 L
4645117 D
4645117 D
4645117 W
4645117 L
4648561 D
4648561 D
4648561 W
4648561 L
4731299 D
4731299 D
4731299 W
4731299 L
4734319 D
4734319 D
4734319 W
4734319 L
4751599 D
4751599 D
4751599 W
4751599 L
4753061 D
4753061 D
4753061 W
4753061 L
4762763 D
4762763 D
4762763 W
4762763 L
4789969 D
4789969 D
4789969 W
4789969 L
4794641 D
4794641 D
4794641 W
4794641 L
4835203 D
4835203 D
4835203 W
4835203 L
4847477 D
4847477 D
4847477 W
4847477 L
4849639 D
4849639 D
4849639 W
4849639 L
4854623 D
4854623 D
4854623 W
4854623 L
4872097 D
4872097 D
4872097 W
4872097 L
4921717 D
4921717 D
4921717 W
4921717 L
4930157 D
4930157 D
4930157 W
4930157 L
4944053 D
4944053 D
4944053 W
4944053 L
4967813 D
4967813 D
4967813 W
4967813 L
4975349 D
4975349 D
4975349 W
4975349 L
4979137 D
4979137 D
4979137 W
4979137 L
4993459 D
4993459 D
4993459 W
4993459 L
5022649 D
5022649 D
5022649 W
5022649 L
5029139 D
5029139 D
5029139 W
5029139 L
5046491 D
5046491 D
5046491 W
5046491 L
5051621 D
5051621 D
5051621 W
5051621 L
5069081 D
5069081 D
5069081 W
5069081 L
5083231 D
5083231 D
5083231 W
5083231 L
5108713 D
5108713 D
5108713 W
5108713 L
5128297 D
5128297 D
5128297 W
5128297 L
5149621 D
5149621 D
5149621 W
5149621 L
5210269 D
5210269 D
5210269 W
5210269 L
5243177 D
5243177 D
5243177 W
5243177 L
5272807 D
5272807 D
5272807 W
5272807 L
5273117 D
5273117 D
5273117 W
5273117 L
5276833 D
5276833 D
5276833 W
5276833 L
5331971 D
5331971 D
5331971 W
5331971 L
5332471 D
5332471 D
5332471 W
5332471 L
5339987 D
5339987 D
5339987 W
5339987 L
5401447 D
5401447 D
5401447 W
5401447 L
5422927 D
5422927 D
5422927 W
5422927 L
5430923 D
5430923 D
5430923 W
5430923 L
5438099 D
5438099 D
5438099 W
5438099 L
5502743 D
5502743 D
5502743 W
5502743 L
5505061 D
5505061 D
5505061 W
5505061 L
5562439 D
5562439 D
5562439 W
5562439 L
5634107 D
5634107 D
5634107 W
5634107 L
5636693 D
5636693 D
5636693 W
5636693 L
5665013 D
5665013 D
5665013 W
5665013 L
5675519 D
5675519 D
5675519 W
5675519 L
5745197 D
5745197 D
5745197 W
5745197 L
5776097 D
5776097 D
5776097 W
5776097 L
5800969 D
5800969 D
5800969 W
5800969 L
5803241 D
5803241 D
5803241 W
5803241 L
5828363 D
5828363 D
5828363 W
5828363 L
5872313 D
5872313 D
5872313 W
5872313 L
5880737 D
5880737 D
5880737 W
5880737 L
5900101 D
5900101 D
5900101 W
5900101 L
5946323 D
5946323 D
5946323 W
5946323 L
5948357 D
5948357 D
5948357 W
5948357 L
5957639 D
5957639 D
5957639 W
5957639 L
5958577 D
5958577 D
5958577 W
5958577 L
5974421 D
5974421 D
5974421 W
5974421 L
6064771 D
6064771 D
6064771 W
6064771 L
6085109 D
6085109 D
6085109 W
6085109 L
6088129 D
6088129 D
6088129 W
6088129 L
6099767 D
6099767 D
6099767 W
6099767 L
6125773 D
6125773 D
6125773 W
6125773 L
6130067 D
6130067 D
6130067 W
6130067 L
6139613 D
6139613 D
6139613 W
6139613 L
6192871 D
6192871 D
6192871 W
6192871 L
6196877 D
6196877 D
6196877 W
6196877 L
6225409 D
6225409 D
6225409 W
6225409 L
6251431 D
6251431 D
6251431 W
6251431 L
6257483 D
6257483 D
6257483 W
6257483 L
6280007 D
6280007 D
6280007 W
6280007 L
6292129 D
6292129 D
6292129 W
6292129 L
6304583 D
6304583 D
6304583 W
6304583 L
6318409 D
6318409 D
6318409 W
6318409 L
6327847 D
6327847 D
6327847 W
6327847 L
6350209 D
6350209 D
6350209 W
6350209 L
6392339 D
6392339 D
6392339 W
6392339 L
6402883 D
6402883 D
6402883 W
6402883 L
6416477 D
6416477 D
6416477 W
6416477 L
6429571 D
6429571 D
6429571 W
6429571 L
6436091 D
6436091 D
6436091 W
6436091 L
6439273 D
6439273 D
6439273 W
6439273 L
6465077 D
6465077 D
6465077 W
6465077 L
6510919 D
6510919 D
6510919 W
6510919 L
6516043 D
6516043 D
6516043 W
6516043 L
6527401 D
6527401 D
6527401 W
6527401 L
6565291 D
6565291 D
6565291 W
6565291 L
6571153 D
6571153 D
6571153 W
6571153 L
6576613 D
6576613 D
6576613 W
6576613 L
6585289 D
6585289 D
6585289 W
6585289 L
6592321 D
6592321 D
6592321 W
6592321 L
6602347 D
6602347 D
6602347 W
6602347 L
6616231 D
6616231 D
6616231 W
6616231 L
6628673 D
6628673 D
6628673 W
6628673 L
6643723 D
6643723 D
6643723 W
6643723 L
6655879 D
6655879 D
6655879 W
6655879 L
6665017 D
6665017 D
6665017 W
6665017 L
6706277 D
6706277 D
6706277 W
6706277 L
6710269 D
6710269 D
6710269 W
6710269 L
6769099 D
6769099 D
6769099 W
6769099 L
6774953 D
6774953 D
6774953 W
6774953 L
6775801 D
6775801 D
6775801 W
6775801 L
6785189 D
6785189 D
6785189 W
6785189 L
6803869 D
6803869 D
6803869 W
6803869 L
6806573 D
6806573 D
6806573 W
6806573 L
6815533 D
6815533 D
6815533 W
6815533 L
6821629 D
6821629 D
6821629 W
6821629 L
6826067 D
6826067 D
6826067 W
6826067 L
6828827 D
6828827 D
6828827 W
6828827 L
6847157 D
6847157 D
6847157 W
6847157 L
6848969 D
6848969 D
6848969 W
6848969 L
6928529 D
6928529 D
6928529 W
6928529 L
6938257 D
6938257 D
6938257 W
6938257 L
6938977 D
6938977 D
6938977 W
6938977 L
6940987 D
6940987 D
6940987 W
6940987 L
6944237 D
6944237 D
6944237 W
6944237 L
6948209 D
6948209 D
6948209 W
6948209 L
6948233 D
6948233 D
6948233 W
6948233 L
6979801 D
6979801 D
6979801 W
6979801 L
6983077 D
6983077 D
6983077 W
6983077 L
6984463 D
6984463 D
6984463 W
6984463 L
7030669 D
7030669 D
7030669 W
7030669 L
7084907 D
7084907 D
7084907 W
7084907 L
7088149 D
7088149 D
7088149 W
7088149 L
7088581 D
7088581 D
7088581 W
7088581 L
7091719 D
7091719 D
7091719 W
7091719 L
7101811 D
7101811 D
7101811 W
7101811 L
7109119 D
7109119 D
7109119 W
7109119 L
7112233 D
7112233 D
7112233 W
7112233 L
7133117 D
7133117 D
7133117 W
7133117 L
7139659 D
7139659 D
7139659 W
7139659 L
7153339 D
7153339 D
7153339 W
7153339 L
7193699 D
7193699 D
7193699 W
7193699 L
7260961 D
7260961 D
7260961 W
7260961 L
7263559 D
7263559 D
7263559 W
7263559 L
7324069 D
7324069 D
7324069 W
7324069 L
7334533 D
7334533 D
7334533 W
7334533 L
7380851 D
7380851 D
7380851 W
7380851 L
7416091 D
7416091 D
7416091 W
7416091 L
7418423 D
7418423 D
7418423 W
7418423 L
7421251 D
7421251 D
7421251 W
7421251 L
7464217 D
7464217 D
7464217 W
7464217 L
7464901 D
7464901 D
7464901 W
7464901 L
7476439 D
7476439 D
7476439 W
7476439 L
7487923 D
7487923 D
7487923 W
7487923 L
7524943 D
7524943 D
7524943 W
7524943 L
7525307 D
7525307 D
7525307 W
7525307 L
7526279 D
7526279 D
7526279 W
7526279 L
7581859 D
7581859 D
7581859 W
7581859 L
7598453 D
7598453 D
7598453 W
7598453 L
7600181 D
7600181 D
7600181 W
7600181 L
7602403 D
7602403 D
7602403 W
7602403 L
7608371 D
7608371 D
7608371 W
7608371 L
7608749 D
7608749 D
7608749 W
7608749 L
7615759 D
7615759 D
7615759 W
7615759 L
7633499 D
7633499 D
7633499 W
7633499 L
7640683 D
7640683 D
7640683 W
7640683 L
7641281 D
7641281 D
7641281 W
7641281 L
7645159 D
7645159 D
7645159 W
7645159 L
7660129 D
7660129 D
7660129 W
7660129 L
7671637 D
7671637 D
7671637 W
7671637 L
7725527 D
7725527 D
7725527 W
7725527 L
7733581 D
7733581 D
7733581 W
7733581 L
7752761 D
7752761 D
7752761 W
7752761 L
7757467 D
7757467 D
7757467 W
7757467 L
7794529 D
7794529 D
7794529 W
7794529 L
7836823 D
7836823 D
7836823 W
7836823 L
7863767 D
7863767 D
7863767 W
7863767 L
7884059 D
7884059 D
7884059 W
7884059 L
7887707 D
7887707 D
7887707 W
7887707 L
7888273 D
7888273 D
7888273 W
7888273 L
7894961 D
7894961 D
7894961 W
7894961 L
7896781 D
7896781 D
7896781 W
7896781 L
7901281 D
7901281 D
7901281 W
7901281 L
7905757 D
7905757 D
7905757 W
7905757 L
7906981 D
7906981 D
7906981 W
7906981 L
7924541 D
7924541 D
7924541 W
7924541 L
7938121 D
7938121 D
7938121 W
7938121 L
7945559 D
7945559 D
7945559 W
7945559 L
7957151 D
7957151 D
7957151 W
7957151 L
7965037 D
7965037 D
7965037 W
7965037 L
7975199 D
7975199 D
7975199 W
7975199 L
7994447 D
7994447 D
7994447 W
7994447 L
8004853 D
8004853 D
8004853 W
8004853 L
8033491 D
8033491 D
8033491 W
8033491 L
8039183 D
8039183 D
8039183 W
8039183 L
8075539 D
8075539 D
8075539 W
8075539 L
8101459 D
8101459 D
8101459 W
8101459 L
8107787 D
8107787 D
8107787 W
8107787 L
8126953 D
8126953 D
8126953 W
8126953 L
8138063 D
8138063 D
8138063 W
8138063 L
8178449 D
8178449 D
8178449 W
8178449 L
8198791 D
8198791 D
8198791 W
8198791 L
8213437 D
8213437 D
8213437 W
8213437 L
8258813 D
8258813 D
8258813 W
8258813 L
8268691 D
8268691 D
8268691 W
8268691 L
8305403 D
8305403 D
8305403 W
8305403 L
8309009 D
8309009 D
8309009 W
8309009 L
8340529 D
8340529 D
8340529 W
8340529 L
8368601 D
8368601 D
8368601 W
8368601 L
8379731 D
8379731 D
8379731 W
8379731 L
8409941 D
8409941 D
8409941 W
8409941 L
8412527 D
8412527 D
8412527 W
8412527 L
8416249 D
8416249 D
8416249 W
8416249 L
8427533 D
8427533 D
8427533 W
8427533 L
8444687 D
8444687 D
8444687 W
8444687 L
8445977 D
8445977 D
8445977 W
8445977 L
8449159 D
8449159 D
8449159 W
8449159 L
8507221 D
8507221 D
8507221 W
8507221 L
8523413 D
8523413 D
8523413 W
8523413 L
8545787 D
8545787 D
8545787 W
8545787 L
8547829 D
8547829 D
8547829 W
8547829 L
8559301 D
8559301 D
8559301 W
8559301 L
8575201 D
8575201 D
8575201 W
8575201 L
8578943 D
8578943 D
8578943 W
8578943 L
8590333 D
8590333 D
8590333 W
8590333 L
8599397 D
8599397 D
8599397 W
8599397 L
8645237 D
8645237 D
8645237 W
8645237 L
8651267 D
8651267 D
8651267 W
8651267 L
8671381 D
8671381 D
8671381 W
8671381 L
8689063 D
8689063 D
8689063 W
8689063 L
8703389 D
8703389 D
8703389 W
8703389 L
8712533 D
8712533 D
8712533 W
8712533 L
8722477 D
8722477 D
8722477 W
8722477 L
8732137 D
8732137 D
8732137 W
8732137 L
8739389 D
8739389 D
8739389 W
8739389 L
8746093 D
8746093 D
8746093 W
8746093 L
8795429 D
8795429 D
8795429 W
8795429 L
8796499 D
8796499 D
8796499 W
8796499 L
8812099 D
8812099 D
8812099 W
8812099 L
8812967 D
8812967 D
8812967 W
8812967 L
8816987 D
8816987 D
8816987 W
8816987 L
8840591 D
8840591 D
8840591 W
8840591 L
8850329 D
8850329 D
8850329 W
8850329 L
8899603 D
8899603 D
8899603 W
8899603 L
8908033 D
8908033 D
8908033 W
8908033 L
8910527 D
8910527 D
8910527 W
8910527 L
8911169 D
8911169 D
8911169 W
8911169 L
8911759 D
8911759 D
8911759 W
8911759 L
8935207 D
8935207 D
8935207 W
8935207 L
8937919 D
8937919 D
8937919 W
8937919 L
8946337 D
8946337 D
8946337 W
8946337 L
8994133 D
8994133 D
8994133 W
8994133 L
8997421 D
8997421 D
8997421 W
8997421 L
9002467 D
9002467 D
9002467 W
9002467 L
9017947 D
9017947 D
9017947 W
9017947 L
9077539 D
9077539 D
9077539 W
9077539 L
9115129 D
9115129 D
9115129 W
9115129 L
9152489 D
9152489 D
9152489 W
9152489 L
9155869 D
9155869 D
9155869 W
9155869 L
9184027 D
9184027 D
9184027 W
9184027 L
9191051 D
9191051 D
9191051 W
9191051 L
9236449 D
9236449 D
9236449 W
9236449 L
9237887 D
9237887 D
9237887 W
9237887 L
9260453 D
9260453 D
9260453 W
9260453 L
9276473 D
9276473 D
9276473 W
9276473 L
9287849 D
9287849 D
9287849 W
9287849 L
9292411 D
9292411 D
9292411 W
9292411 L
9301157 D
9301157 D
9301157 W
9301157 L
9302123 D
9302123 D
9302123 W
9302123 L
9304777 D
9304777 D
9304777 W
9304777 L
9309869 D
9309869 D
9309869 W
9309869 L
9374831 D
9374831 D
9374831 W
9374831 L
9413269 D
9413269 D
9413269 W
9413269 L
9437921 D
9437921 D
9437921 W
9437921 L
9451619 D
9451619 D
9451619 W
9451619 L
9455581 D
9455581 D
9455581 W
9455581 L
9485689 D
9485689 D
9485689 W
9485689 L
9509609 D
9509609 D
9509609 W
9509609 L
9510511 D
9510511 D
9510511 W
9510511 L
9511589 D
9511589 D
9511589 W
9511589 L
9519533 D
9519533 D
9519533 W
9519533 L
9552451 D
9552451 D
9552451 W
9552451 L
9564299 D
9564299 D
9564299 W
9564299 L
9569017 D
9569017 D
9569017 W
9569017 L
9579923 D
9579923 D
9579923 W
9579923 L
9587393 D
9587393 D
9587393 W
9587393 L
9615521 D
9615521 D
9615521 W
9615521 L
9636413 D
9636413 D
9636413 W
9636413 L
9639887 D
9639887 D
9639887 W
9639887 L
9641507 D
9641507 D
9641507 W
9641507 L
9670429 D
9670429 D
9670429 W
9670429 L
9681341 D
9681341 D
9681341 W
9681341 L
9719219 D
9719219 D
9719219 W
9719219 L
9721589 D
9721589 D
9721589 W
9721589 L
9727997 D
9727997 D
9727997 W
9727997 L
9729869 D
9729869 D
9729869 W
9729869 L
9733819 D
9733819 D
9733819 W
9733819 L
9740551 D
9740551 D
9740551 W
9740551 L
9751993 D
9751993 D
9751993 W
9751993 L
9763541 D
9763541 D
9763541 W
9763541 L
9786827 D
9786827 D
9786827 W
9786827 L
9802103 D
9802103 D
9802103 W
9802103 L
9825953 D
9825953 D
9825953 W
9825953 L
9881009 D
9881009 D
9881009 W
9881009 L
9888353 D
9888353 D
9888353 W
9888353 L
9903451 D
9903451 D
9903451 W
9903451 L
9906107 D
9906107 D
9906107 W
9906107 L
9922651 D
9922651 D
9922651 W
9922651 L
9929053 D
9929053 D
9929053 W
9929053 L
9934159 D
9934159 D
9934159 W
9934159 L
9971123 D
9971123 D
9971123 W
9971123 L
9975337 D
9975337 D
9975337 W
9975337 L
9982127 D
9982127 D
9982127 W
9982127 L
