374870862227
521288074 498319164
599439335 703425526
521288074 548294271
899662173 917316743
548219112 506559211
940290292 848248713
621949046 141599766
265911057 665730385
293160868 664480865
750133307 122020461
894387096 938408990
503011331 568561394
732976333 439746480
508369848 337183168
860566122 151964814
369722160 603418513
301874232 180456683
235499808 859756573
371565058 371334971
52046808 498319164
683912905 594264130
877653142 531016835
962223107 498319164
943757016 843672718
521288074 40377586
361478663 217242635
458039131 20278903
51874665 489135703
841038909 481428871
322459528 222514390
537573480 634802168
587548501 812494556
794251074 251384895
802706729 271418350
145344423 279150034
783137500 545562099
82755573 371276428
477251146 520732732
645115484 767952828
261362760 774770669
827659260 484900313
74268371 737912538
946407606 676588552
561741700 243797104
963871371 848727164
692305438 890108450
878114402 57648812
971246034 84112394
718049136 539354696
747871841 255430493
38169307 498319164
997352903 203535384
992500535 616828859
439096458 124232508
972388897 970779694
672720500 661657263
159613772 439888986
724003367 449159155
827735264 800674610
314635845 112539868
469707021 808523253
554926718 372431857
857059645 801162901
223295390 81334686
812751277 583086541
799723160 218618944
650948624 132588599
194604820 280573136
600207355 737014789
929167992 472891851
636609637 76350645
924845273 967616868
800631572 826027249
274771036 909533725
772133930 40577189
991380546 581225480
525879883 876566775
423495988 14953799
441631171 826541912
442539979 395749003
655934165 941531701
823500299 267578514
251407220 193685992
87767423 138738914
521288074 304044968
65704186 978557567
598110600 269428575
684940395 629452654
434391013 30348800
517446578 732493141
309647278 566990494
521288074 992867061
446019680 662569548
41351436 943188668
284601900 59514217
521288074 813385517
697190897 986942329
540683440 740401878
292653583 699564028
703206069 566095891
735850780 498319164
521288074 479730159
595555139 382880912
14808753 594056479
823777130 675210940
711591112 252013180
335293287 356275635
86727125 654592308
13488876 5906205
978485347 492402463
521288074 715582642
400877604 935822059
214692274 498319164
82286182 702361379
944007342 492651741
63859815 594231529
623855381 963652925
143116265 243269711
467886157 905779826
338452443 543947728
716447000 850272599
299550932 227790323
457933171 334933697
207125453 519133319
349858436 839230994
67288905 661483322
41812600 770982517
632033045 367856115
584603602 762622286
172527800 990844045
740195141 120899551
685124906 414429620
265812075 921471997
559274011 901327494
521288074 647815296
323432987 166496371
864745594 122626563
595746474 147257063
861839162 120182170
966282724 438485467
102472803 459592122
612046264 498319164
702514094 232126187
95242049 188723666
618403826 908740636
623177300 788650252
590513488 498319164
608631024 474435211
51332068 853775135
316657758 425656494
102212267 593535762
200618881 358615409
156883347 126450687
617244944 518196900
865823017 343263857
273600205 250724442
521288074 841687446
127232135 402685252
754390740 475165597
187309884 921993341
61446413 319910125
573232853 312070428
910540116 817726318
941594665 818205229
540803436 189106849
402553055 852618195
431023862 808991986
984808621 539856458
521288074 621213225
512886621 899408951
198767672 350029387
622693606 115852237
788267173 200503861
521271443 973960197
225090068 130428919
602964381 498319164
932255105 8986943
392549994 529682918
167929383 458677342
238365755 852507047
844927213 25506561
74944831 498201377
310484164 511636614
992015588 630807838
446563034 468443238
825121204 498319164
314662724 156460504
358861786 32152504
255985173 956964414
521288074 799767016
869275915 764299812
945362061 771553280
767166037 282654066
521288074 157327429
405550269 90678704
521288074 840361152
451438437 498319164
755545196 498319164
940452708 452187829
506810992 340469569
597631829 475523899
285481167 81887461
67378040 150670821
871060301 431354220
855335739 326757196
177241186 790165738
968374701 498319164
513222190 447839792
521288074 853500471
765153616 602644568
653743925 275101583
32513703 728467272
498586900 349938892
897006086 420468036
322828487 787344033
293582952 476283281
878485949 30835391
969825059 298141919
621987315 83729984
309721972 498319164
186926807 498319164
190867565 325154760
348796455 344470658
425713003 989877175
393109937 555251154
524074997 280254548
146458796 883518483
938370351 527694526
4331034 993558483
16892521 808469374
559465523 946235885
834164267 503897411
335326455 463571309
36054709 843493192
820876905 149852119
272898788 164864003
440147427 499043320
126164199 409515711
739348530 945090253
51064813 197222230
853906656 218424247
694580628 498319164
257488016 727402265
521288074 203075665
833128568 595231720
786960267 115474792
521288074 260827329
383878777 567690786
223542733 699158337
831935247 498319164
734756138 954708597
117061601 851620715
988726380 595757397
220562573 408297506
484904600 839156501
768210634 981643878
715194606 48858583
201706363 249010625
169322260 498319164
351329524 575522071
88809576 498319164
867745410 583082945
786583336 217012668
561758283 205720894
419796116 969890479
2751714 435067885
936106494 463730471
405905023 103285586
748578314 569254797
627612303 128344809
660243601 866872062
521288074 494223584
191965064 29000139
595810584 703760246
731137409 429535717
119744565 779180046
742644461 647471361
251484583 690408550
521288074 665959924
194152138 194717249
383018929 714004008
251649623 789819178
480333330 46415338
453585010 435482416
700213726 532932590
59670888 245208238
976791954 65128946
108039478 782154548
995885160 754000659
33714366 416459971
449326817 102529249
579617965 545787574
541667827 620652485
655737241 114430345
194864933 840662193
110067796 51476630
90085508 218766449
154681415 387959237
791631933 903087831
110654428 548463610
521288074 584121170
154480743 106563835
668147552 670136501
627264557 641542427
97297663 796271061
101472663 404516562
293770057 206286862
632385441 104568679
121905014 748396840
717598447 221581796
521288074 951135118
654751932 413232251
693853140 498319164
102793439 886525911
283462831 549079664
906334934 242534083
247580879 858986482
521288074 620481586
222270127 495730657
249771647 351490855
536941975 2530447
457135267 254372630
429236780 224544160
669478323 985699084
38918070 307846840
568099166 684835924
175118663 95166496
980189116 498319164
761858064 512036709
282671840 991606551
871615118 498319164
187435411 583122041
521288074 542793290
741599916 597164772
88788416 699844413
786497430 940518254
181182896 212138340
907672187 744466797
929807379 157704230
452798806 316364792
206952286 471590626
410645214 616834889
213156584 415137292
329537004 149305009
444290619 842702053
814904575 622370183
812928336 238717750
146514237 675946739
331800252 498319164
712080993 850888680
534984691 542464897
417016024 155658136
402787025 724336504
567101590 478504315
656131386 498319164
458960209 954607130
253608158 837393456
528509710 89336249
132854501 581610910
738849848 315180306
202129049 775557114
354948576 928049237
521288074 934858089
991067292 430605070
907539164 360124911
492109845 795619794
521288074 140609389
240711841 707916715
194709121 33654884
589850025 191632203
967761862 923201783
73844774 262663960
954779042 530961453
962032980 816640816
712375499 863990093
265283920 2005446
637403275 767708894
58398257 202654569
342228754 438739835
521288074 715309246
553141368 421399177
176422526 678034919
397408386 121354533
895669688 224007905
61948679 498293159
521288074 102836756
981128821 498319164
513651763 414393107
693356649 706547543
407018493 170141375
403361993 498319164
654374857 650265349
839325087 979781373
645746825 656629705
288593785 722673526
972728350 682877365
191434241 296544715
348410699 325489194
677706975 243495507
472704560 645197583
376794844 915995730
969622819 301532444
337132282 405332193
918877237 395929508
477271087 422743274
225068994 595480837
69872879 957839264
969897472 544891235
890652994 358699463
799487985 778913906
606189249 936938572
552050892 953375633
480528239 165920435
72157013 953632258
623121088 498319164
50939306 473353178
723772387 498319164
243991712 441543104
743089102 959941384
555787239 303970152
567861332 910320612
521288074 506790797
452105514 953463247
945149545 794616542
495469947 411857044
621108784 653360371
474047626 366767499
443952422 209947300
521288074 106203635
849437457 724372225
749534349 951302945
249122670 472087733
31223905 63316799
125945654 997808847
714305636 65693758
72249125 742616137
715427710 382987233
203191041 655014395
766196877 924906732
521288074 815130546
759485174 340295842
845665780 375890321
92702459 410285667
157157939 986671472
914381603 386564752
535382786 606286819
527592807 498319164
560172277 948163165
101087752 221931765
757106135 383873093
133858524 725080815
521288074 944743050
998570932 467429755
311889614 296094271
55112283 35050339
254296245 138388390
853826813 73644010
521288074 910138220
456319684 348448634
98509030 402152289
627955070 742581036
614392325 498319164
802864599 653495474
585384175 440228480
519059868 338297945
341257319 936953240
347092420 23938996
677431200 197898294
786390454 511157747
710216532 932105555
715325980 682995734
533415025 903719597
426364523 743024973
514198990 459397917
820831499 511825157
696153182 666865562
242441339 513259996
554826630 204204104
163476092 405633380
820678641 498319164
826325618 940391144
274841928 786005074
496522938 748136731
673398181 415741408
478725862 800369286
885273216 598299153
587962943 798423331
467438081 315374099
884196938 682894308
166805921 498319164
889188597 843493882
682638835 425448493
720634160 501003875
909087138 466198009
334664137 411388764
727094534 630807114
361627241 550684916
835461731 700117296
521288074 365418323
603723451 498319164
388803593 798064395
797717992 456797015
916231958 547843988
151369946 563903230
521288074 267979262
842987126 956193532
184707700 741088914
131532066 767212927
650380222 285464881
935965947 184255432
279298372 763017240
425808956 574036710
148265952 340443304
212853111 646213833
477439538 339699169
728196789 836509158
758574129 498319164
625440902 539906943
322376235 856825996
874728497 573051218
840997196 373382002
961074749 409231853
95338478 295435673
310507140 407201238
38896518 352009448
283418394 65559701
194281217 287703677
521288074 621306787
838353021 52662282
85410313 847706088
774378207 498319164
231961245 174419854
460335326 185372327
895648072 471528403
693815046 865999215
359174007 106767390
855702449 498319164
906212370 78567894
173440204 221072178
856144562 57013236
653410651 415896871
812896364 498319164
400284907 808369516
723593324 370905552
184029064 253863605
361153411 383740222
529139720 779477003
138644508 316376571
521288074 81234102
318016594 510976726
649915881 614930558
801997348 940725951
511492746 737073616
521288074 669208243
745574935 567162982
501513302 439346622
792386879 314820466
529831918 936676506
164529998 378550852
783397632 604070715
118158312 498319164
712627824 294888876
313213389 430644311
995462078 67612547
720225054 632241316
521288074 652038155
904857941 498319164
950690540 954647230
371265189 753924493
767933046 774362488
638602241 907910723
146835657 947671557
521288074 669726953
888284566 165239179
882564652 873738421
849608632 105668798
127411543 344347662
603631438 929989822
521288074 282224564
574653013 879153384
541494968 469108131
521288074 617564752
472928747 498319164
629081284 496527156
492379063 715744046
222745670 635315885
924603349 604863836
312386168 90776057
477886072 811859235
423050597 808192817
960608618 279177034
29848611 380947350
407988416 555003369
192135675 311023050
928760895 944223137
794096758 51761578
702065458 80558732
44421782 754651235
982979262 498319164
220633532 834711733
588329813 125378772
800712376 840535404
760171970 603937274
183726134 272284157
372117598 760583771
119799446 346515766
310663475 500646080
557144515 781091236
845666427 648868136
332744948 276967143
746308445 923024865
256478351 521429722
661208046 354669997
415221858 100701367
682938606 832513203
82861503 270713336
976299852 121676823
432286125 331465559
337274261 488813387
645007795 418633881
24659270 927896378
902224295 835942950
908342251 555591476
371529906 245237939
950764360 608409025
68186619 410629904
521288074 466138060
773156367 536906123
658855144 736550614
480926173 849198210
191388783 62562243
368062673 171602283
598276199 340286799
13356829 811944650
547481961 38405992
470075237 246594333
676556306 140697908
964737925 28398242
523958488 314555886
867059421 381976377
766374657 673307688
380540126 177286273
685063742 992529838
434738689 861700563
555532516 547152159
744748047 578383765
674525222 877932347
96305964 641225970
358470848 201162565
951330273 52078030
521288074 498319164
849156720 277070584
640483760 196720998
533865158 584770359
163187438 759199863
326858459 850627760
888739639 917434139
819080126 678066368
210019368 694903112
461702957 942846929
615093745 32230376
783460355 548579627
791882592 396271069
420023596 498319164
820586795 955641266
680342286 103412800
514174895 145448924
521288074 937219051
776367164 575535698
422683981 27092412
517238614 316668350
969051074 710177989
135288782 178131395
451881840 719274133
824497717 347101994
611803053 872144144
521288074 497122989
521288074 219078993
930400504 543915955
717848135 225715951
450980022 266101149
100515137 286128019
744837333 498319164
669513186 498638588
952503357 191921687
369675372 964753292
774611405 50980344
493945736 170210340
621633848 886587383
423420420 357234661
736248494 31180677
343151426 20766438
388449951 498319164
314391226 906017967
959479347 184716187
870648496 304337477
57493411 465372820
186439547 242745910
541286341 720706761
188091299 835291202
582025828 605570602
529537331 123086701
482583764 862667177
870833766 218686293
706544926 783638657
898499436 962072122
521288074 290995001
11239322 587106559
633920808 646205592
72821438 653479287
47404323 193574810
187260559 821394310
448161037 605561981
917184217 87884034
63241996 767738781
137967825 395725894
144044655 121113322
710964612 776253209
8640910 296764058
213245441 958144221
510028826 501989694
41276765 460984709
965414974 896909392
504882991 405122342
487163106 67468916
118033830 355703955
521288074 498319164
611315144 32784981
521288074 651731936
125540581 690567180
171654303 282802662
946663160 441964797
213159985 498319164
798460738 247821158
5423503 173219223
998296580 439770890
195840741 679197919
738280013 604613691
306739300 547456447
521288074 980206420
26832572 498319164
917622892 707451313
580676896 682178174
360082530 314316304
741815812 818638899
219084241 383986499
868175817 682741418
316794482 63116660
521288074 176121765
657503289 641075308
608609288 472084225
891915812 634701835
340605675 403876206
987156176 842784686
634435255 101428956
556627203 195506330
653809867 498319164
952348751 133254738
576500526 57604045
488235930 827146833
838943722 929594303
70258854 498319164
480573058 498319164
40630364 498319164
396660489 234848125
681257526 276698511
7534336 993608492
523334292 90313453
724155235 44550273
174672731 172233428
782793000 292947916
332411638 488401841
435891505 141780913
145158134 444874311
902826332 668106450
253230022 631453608
284961905 241078333
35634126 127236163
253088996 14517389
684506213 415458469
220371285 339642658
356517433 449364010
353147183 666014607
169125615 316203264
708764497 498319164
521288074 724131398
245788968 978714312
89058910 264924831
404769359 884435176
673010484 573844206
861884721 506087116
580010628 843517741
471040801 522281192
139279276 436846034
331102946 929173454
175882321 216841194
577552269 114365641
305056319 212601764
466063337 47368315
233437557 458891387
582385766 567859706
618058867 199915596
406794554 498319164
521288074 145094699
494076083 360182105
430128893 419601116
521288074 290968006
320689631 292461278
876494610 359097401
996541608 586843998
521288074 833599065
257406346 820602057
499075666 566657446
526405657 936594115
678169894 579042899
627286264 672564057
576654283 169302991
656795040 94123971
218646845 530368521
467596787 653560400
639341173 188568826
667981977 117105885
396120924 924783756
53517301 440749815
514805569 500136751
