664
29 D
29 W
41 D
41 W
71 D
71 W
73 D
73 W
149 D
149 W
157 D
157 W
787 D
787 W
809 D
809 W
877 D
877 W
919 D
919 W
1031 D
1031 W
1231 D
1231 W
1381 D
1381 W
1429 D
1429 W
1997 D
1997 W
2297 D
2297 W
2441 D
2441 W
2633 D
2633 W
2729 D
2729 W
2903 D
2903 W
2939 D
2939 W
3041 D
3041 W
3109 D
3109 W
3461 D
3461 W
3511 D
3511 W
3631 D
3631 W
3643 D
3643 W
3691 D
3691 W
3739 D
3739 W
3967 D
3967 W
4057 D
4057 W
4129 D
4129 W
4177 D
4177 W
4259 D
4259 W
4457 D
4457 W
4549 D
4549 W
4937 D
4937 W
5197 D
5197 W
5261 D
5261 W
5449 D
5449 W
5953 D
5953 W
6073 D
6073 W
6079 D
6079 W
6353 D
6353 W
6389 D
6389 W
6761 D
6761 W
6857 D
6857 W
7577 D
7577 W
7853 D
7853 W
7937 D
7937 W
7951 D
7951 W
8233 D
8233 W
8461 D
8461 W
9103 D
9103 W
9319 D
9319 W
9497 D
9497 W
2 D
2 D
2 W
2 L
3 D
3 D
3 W
3 L
5 D
5 D
5 W
5 L
7 D
7 D
7 W
7 L
11 D
11 D
11 W
11 L
13 D
13 D
13 W
13 L
17 D
17 D
17 W
17 L
19 D
19 D
19 W
19 L
23 D
23 D
23 W
23 L
29 D
29 D
29 W
29 L
37 D
37 D
37 W
37 L
41 D
41 D
41 W
41 L
43 D
43 D
43 W
43 L
53 D
53 D
53 W
53 L
59 D
59 D
59 W
59 L
71 D
71 D
71 W
71 L
73 D
73 D
73 W
73 L
101 D
101 D
101 W
101 L
139 D
139 D
139 W
139 L
149 D
149 D
149 W
149 L
151 D
151 D
151 W
151 L
157 D
157 D
157 W
157 L
193 D
193 D
193 W
193 L
337 D
337 D
337 W
337 L
347 D
347 D
347 W
347 L
499 D
499 D
499 W
499 L
503 D
503 D
503 W
503 L
571 D
571 D
571 W
571 L
577 D
577 D
577 W
577 L
643 D
643 D
643 W
643 L
787 D
787 D
787 W
787 L
809 D
809 D
809 W
809 L
877 D
877 D
877 W
877 L
919 D
919 D
919 W
919 L
1021 D
1021 D
1021 W
1021 L
1031 D
1031 D
1031 W
1031 L
1231 D
1231 D
1231 W
1231 L
1259 D
1259 D
1259 W
1259 L
1381 D
1381 D
1381 W
1381 L
1429 D
1429 D
1429 W
1429 L
1499 D
1499 D
1499 W
1499 L
1531 D
1531 D
1531 W
1531 L
1637 D
1637 D
1637 W
1637 L
1733 D
1733 D
1733 W
1733 L
1747 D
1747 D
1747 W
1747 L
1847 D
1847 D
1847 W
1847 L
1987 D
1987 D
1987 W
1987 L
1997 D
1997 D
1997 W
1997 L
2113 D
2113 D
2113 W
2113 L
2297 D
2297 D
2297 W
2297 L
2441 D
2441 D
2441 W
2441 L
2447 D
2447 D
2447 W
2447 L
2459 D
2459 D
2459 W
2459 L
2633 D
2633 D
2633 W
2633 L
2729 D
2729 D
2729 W
2729 L
2803 D
2803 D
2803 W
2803 L
2903 D
2903 D
2903 W
2903 L
2939 D
2939 D
2939 W
2939 L
2963 D
2963 D
2963 W
2963 L
2969 D
2969 D
2969 W
2969 L
3041 D
3041 D
3041 W
3041 L
3049 D
3049 D
3049 W
3049 L
3109 D
3109 D
3109 W
3109 L
3119 D
3119 D
3119 W
3119 L
3461 D
3461 D
3461 W
3461 L
3511 D
3511 D
3511 W
3511 L
3607 D
3607 D
3607 W
3607 L
3631 D
3631 D
3631 W
3631 L
3643 D
3643 D
3643 W
3643 L
3691 D
3691 D
3691 W
3691 L
3727 D
3727 D
3727 W
3727 L
3739 D
3739 D
3739 W
3739 L
3967 D
3967 D
3967 W
3967 L
4057 D
4057 D
4057 W
4057 L
4129 D
4129 D
4129 W
4129 L
4177 D
4177 D
4177 W
4177 L
4259 D
4259 D
4259 W
4259 L
4271 D
4271 D
4271 W
4271 L
4457 D
4457 D
4457 W
4457 L
4481 D
4481 D
4481 W
4481 L
4513 D
4513 D
4513 W
4513 L
4519 D
4519 D
4519 W
4519 L
4549 D
4549 D
4549 W
4549 L
4567 D
4567 D
4567 W
4567 L
4603 D
4603 D
4603 W
4603 L
4637 D
4637 D
4637 W
4637 L
4909 D
4909 D
4909 W
4909 L
4937 D
4937 D
4937 W
4937 L
4957 D
4957 D
4957 W
4957 L
4993 D
4993 D
4993 W
4993 L
5147 D
5147 D
5147 W
5147 L
5197 D
5197 D
5197 W
5197 L
5261 D
5261 D
5261 W
5261 L
5449 D
5449 D
5449 W
5449 L
5501 D
5501 D
5501 W
5501 L
5519 D
5519 D
5519 W
5519 L
5647 D
5647 D
5647 W
5647 L
5659 D
5659 D
5659 W
5659 L
5939 D
5939 D
5939 W
5939 L
5953 D
5953 D
5953 W
5953 L
5981 D
5981 D
5981 W
5981 L
6047 D
6047 D
6047 W
6047 L
6073 D
6073 D
6073 W
6073 L
6079 D
6079 D
6079 W
6079 L
6163 D
6163 D
6163 W
6163 L
6247 D
6247 D
6247 W
6247 L
6353 D
6353 D
6353 W
6353 L
6389 D
6389 D
6389 W
6389 L
6521 D
6521 D
6521 W
6521 L
6661 D
6661 D
6661 W
6661 L
6761 D
6761 D
6761 W
6761 L
6857 D
6857 D
6857 W
6857 L
6899 D
6899 D
6899 W
6899 L
6949 D
6949 D
6949 W
6949 L
7297 D
7297 D
7297 W
7297 L
7433 D
7433 D
7433 W
7433 L
7457 D
7457 D
7457 W
7457 L
7541 D
7541 D
7541 W
7541 L
7559 D
7559 D
7559 W
7559 L
7577 D
7577 D
7577 W
7577 L
7853 D
7853 D
7853 W
7853 L
7937 D
7937 D
7937 W
7937 L
7951 D
7951 D
7951 W
7951 L
8011 D
8011 D
8011 W
8011 L
8191 D
8191 D
8191 W
8191 L
8233 D
8233 D
8233 W
8233 L
8461 D
8461 D
8461 W
8461 L
8803 D
8803 D
8803 W
8803 L
9103 D
9103 D
9103 W
9103 L
9137 D
9137 D
9137 W
9137 L
9173 D
9173 D
9173 W
9173 L
9221 D
9221 D
9221 W
9221 L
9319 D
9319 D
9319 W
9319 L
9497 D
9497 D
9497 W
9497 L
9547 D
9547 D
9547 W
9547 L
9743 D
9743 D
9743 W
9743 L
9929 D
9929 D
9929 W
9929 L
9941 D
9941 D
9941 W
9941 L
