3113
2 W
2 W
2 W
2 W
2 W
2 W
2 W
2 W
2 W
2 W
2 W
2 W
2 W
2 W
2 W
2 W
2 W
2 W
2 W
2 W
2 W
2 W
2 W
2 W
2 W
2 D
2 W
3 W
3 W
3 W
3 W
3 W
3 W
3 W
3 W
3 W
3 W
3 W
3 W
3 W
3 W
3 W
5 W
5 W
5 W
5 W
5 W
5 W
5 W
5 W
5 D
5 W
7 W
7 W
7 W
7 D
7 W
11 W
11 W
11 W
11 W
13 W
13 W
13 D
13 W
17 D
17 W
19 W
19 W
19 D
19 W
23 W
23 W
23 W
29 W
29 W
29 D
29 W
37 W
37 D
37 W
41 D
41 W
43 W
43 D
43 W
47 W
53 D
53 W
71 D
71 W
79 D
79 W
97 D
97 W
103 W
109 W
113 D
113 W
131 D
131 W
137 D
137 W
211 D
211 W
223 D
223 W
263 D
263 W
269 D
269 W
307 D
307 W
331 D
331 W
547 D
547 W
577 D
577 W
607 D
607 W
701 D
701 W
719 D
719 W
761 W
863 D
863 W
919 D
919 W
929 D
929 W
1093 D
1093 W
1109 D
1109 W
1117 D
1117 W
1213 D
1213 W
1303 D
1303 W
1429 D
1429 W
1931 D
1931 W
2689 D
2689 W
2837 D
2837 W
3163 D
3163 W
3191 D
3191 W
3253 D
3253 W
3257 D
3257 W
3643 D
3643 W
5897 D
5897 W
6007 D
6007 W
8291 D
8291 W
9397 D
9397 W
11959 D
11959 W
12211 D
12211 W
16381 D
16381 W
18973 D
18973 W
18979 D
18979 W
23029 D
23029 W
26561 D
26561 W
30071 D
30071 W
36187 D
36187 W
42379 D
42379 W
46649 D
46649 W
52571 D
52571 W
62921 D
62921 W
76123 D
76123 W
106411 D
106411 W
116443 D
116443 W
180563 D
180563 W
184837 D
184837 W
204583 D
204583 W
214559 D
214559 W
379387 D
379387 W
409867 D
409867 W
886973 D
886973 W
1140749 D
1140749 W
1908077 D
1908077 W
2079461 D
2079461 W
2225683 D
2225683 W
4139189 D
4139189 W
4329973 D
4329973 W
5006741 D
5006741 W
5046449 D
5046449 W
5057711 D
5057711 W
5069819 D
5069819 W
5086063 D
5086063 W
5114827 D
5114827 W
5124263 D
5124263 W
5127553 D
5127553 W
5137219 D
5137219 W
5142259 D
5142259 W
5144669 D
5144669 W
5149409 D
5149409 W
5170483 D
5170483 W
5171891 D
5171891 W
5176511 D
5176511 W
5182477 D
5182477 W
5194421 D
5194421 W
5202779 D
5202779 W
5219393 D
5219393 W
5262319 D
5262319 W
5276329 D
5276329 W
5295287 D
5295287 W
5296651 D
5296651 W
5325347 D
5325347 W
5345999 D
5345999 W
5382967 D
5382967 W
5407111 D
5407111 W
5457701 D
5457701 W
5483017 D
5483017 W
5527099 D
5527099 W
5536397 D
5536397 W
5538571 D
5538571 W
5549659 D
5549659 W
5568847 D
5568847 W
5601943 D
5601943 W
5660273 D
5660273 W
5668591 D
5668591 W
5726293 D
5726293 W
5749127 D
5749127 W
5768801 D
5768801 W
5770001 D
5770001 W
5786281 D
5786281 W
5788481 D
5788481 W
5812403 D
5812403 W
5829973 D
5829973 W
5922877 D
5922877 W
5950669 D
5950669 W
5958569 D
5958569 W
5964661 D
5964661 W
5972357 D
5972357 W
5973463 D
5973463 W
5984599 D
5984599 W
5999183 D
5999183 W
6061189 D
6061189 W
6065341 D
6065341 W
6076321 D
6076321 W
6088337 D
6088337 W
6172051 D
6172051 W
6216569 D
6216569 W
6240463 D
6240463 W
6242153 D
6242153 W
6264781 D
6264781 W
6355523 D
6355523 W
6496531 D
6496531 W
6519979 D
6519979 W
6539003 D
6539003 W
6543587 D
6543587 W
6561283 D
6561283 W
6578821 D
6578821 W
6586781 D
6586781 W
6587783 D
6587783 W
6616759 D
6616759 W
6642431 D
6642431 W
6668027 D
6668027 W
6685633 D
6685633 W
6694663 D
6694663 W
6724631 D
6724631 W
6760711 D
6760711 W
6839801 D
6839801 W
6843989 D
6843989 W
6848717 D
6848717 W
6871763 D
6871763 W
6900853 D
6900853 W
6920827 D
6920827 W
6933401 D
6933401 W
6948569 D
6948569 W
6951151 D
6951151 W
6975107 D
6975107 W
6989383 D
6989383 W
6996271 D
6996271 W
6997021 D
6997021 W
7130869 D
7130869 W
7150681 D
7150681 W
7153049 D
7153049 W
7158857 D
7158857 W
7186477 D
7186477 W
7230701 D
7230701 W
7232233 D
7232233 W
7263367 D
7263367 W
7360679 D
7360679 W
7369751 D
7369751 W
7403909 D
7403909 W
7416841 D
7416841 W
7460753 D
7460753 W
7469923 D
7469923 W
7470821 D
7470821 W
7496581 D
7496581 W
7498769 D
7498769 W
7513391 D
7513391 W
7516819 D
7516819 W
7557157 D
7557157 W
7562641 D
7562641 W
7571383 D
7571383 W
7581997 D
7581997 W
7594901 D
7594901 W
7618223 D
7618223 W
7637813 D
7637813 W
7725127 D
7725127 W
7777967 D
7777967 W
7781881 D
7781881 W
7786127 D
7786127 W
7801051 D
7801051 W
7813423 D
7813423 W
7829399 D
7829399 W
7873399 D
7873399 W
7892441 D
7892441 W
7919993 D
7919993 W
7976611 D
7976611 W
7988063 D
7988063 W
7988537 D
7988537 W
7992263 D
7992263 W
8001277 D
8001277 W
8065853 D
8065853 W
8089817 D
8089817 W
8096533 D
8096533 W
8131667 D
8131667 W
8153021 D
8153021 W
8155493 D
8155493 W
8168683 D
8168683 W
8175047 D
8175047 W
8177621 D
8177621 W
8208061 D
8208061 W
8276327 D
8276327 W
8326511 D
8326511 W
8370157 D
8370157 W
8382379 D
8382379 W
8403277 D
8403277 W
8431351 D
8431351 W
8439143 D
8439143 W
8447653 D
8447653 W
8457061 D
8457061 W
8460223 D
8460223 W
8543131 D
8543131 W
8565593 D
8565593 W
8565619 D
8565619 W
8624003 D
8624003 W
8636921 D
8636921 W
8666167 D
8666167 W
8701457 D
8701457 W
8718419 D
8718419 W
8727871 D
8727871 W
8753747 D
8753747 W
8753989 D
8753989 W
8757877 D
8757877 W
8786639 D
8786639 W
8857159 D
8857159 W
8885783 D
8885783 W
8888071 D
8888071 W
8897813 D
8897813 W
8905811 D
8905811 W
8907853 D
8907853 W
8913407 D
8913407 W
8993869 D
8993869 W
8998373 D
8998373 W
9024121 D
9024121 W
9033979 D
9033979 W
9047677 D
9047677 W
9072541 D
9072541 W
9111667 D
9111667 W
9116147 D
9116147 W
9117841 D
9117841 W
9195941 D
9195941 W
9204821 D
9204821 W
9207607 D
9207607 W
9223559 D
9223559 W
9234529 D
9234529 W
9279191 D
9279191 W
9303731 D
9303731 W
9324239 D
9324239 W
9328973 D
9328973 W
9419533 D
9419533 W
9427513 D
9427513 W
9464159 D
9464159 W
9579233 D
9579233 W
9601253 D
9601253 W
9608369 D
9608369 W
9618589 D
9618589 W
9626651 D
9626651 W
9633787 D
9633787 W
9659729 D
9659729 W
9732269 D
9732269 W
9763309 D
9763309 W
9764159 D
9764159 W
9787649 D
9787649 W
9800387 D
9800387 W
9801133 D
9801133 W
9838303 D
9838303 W
9844259 D
9844259 W
9845657 D
9845657 W
9858733 D
9858733 W
9866431 D
9866431 W
9869339 D
9869339 W
9873637 D
9873637 W
9887681 D
9887681 W
9909701 D
9909701 W
9958051 D
9958051 W
9995369 D
9995369 W
9996523 D
9996523 W
9999863 D
9999863 W
2 L
2 L
2 L
2 L
2 L
2 L
2 L
2 L
2 L
2 L
2 L
2 L
2 L
2 L
2 L
2 L
2 L
2 L
2 L
2 L
2 L
2 L
2 L
2 L
2 L
2 L
2 L
2 L
2 L
2 L
2 L
2 L
2 L
2 L
2 L
2 L
2 L
2 L
2 L
2 L
2 L
2 D
2 D
2 W
2 L
3 L
3 L
3 L
3 L
3 L
3 L
3 L
3 L
3 L
3 L
3 L
3 L
3 L
3 L
3 L
3 L
3 L
3 L
3 L
3 L
3 L
5 L
5 L
5 L
5 L
5 L
5 L
5 L
5 L
5 L
5 L
5 L
5 L
5 D
5 D
5 W
5 L
7 L
7 L
7 L
7 L
7 D
7 D
7 W
7 L
11 L
11 L
11 L
11 L
13 L
13 L
13 L
13 L
17 L
17 D
17 D
17 W
17 L
19 L
19 L
19 L
19 D
19 D
19 W
19 L
23 L
23 L
23 L
29 L
29 L
29 D
29 D
29 W
29 L
37 L
37 D
37 D
37 W
37 L
41 L
43 L
47 L
47 D
47 D
47 W
47 L
53 D
53 D
53 W
53 L
61 D
61 D
61 W
61 L
71 D
71 D
71 W
71 L
79 L
79 D
79 D
79 W
79 L
83 L
97 D
97 D
97 W
97 L
101 L
103 L
109 D
109 D
109 W
109 L
113 D
113 D
113 W
113 L
131 D
131 D
131 W
131 L
137 L
137 D
137 D
137 W
137 L
149 D
149 D
149 W
149 L
157 L
181 L
181 D
181 D
181 W
181 L
191 D
191 D
191 W
191 L
197 D
197 D
197 W
197 L
199 D
199 D
199 W
199 L
211 D
211 D
211 W
211 L
223 D
223 D
223 W
223 L
239 D
239 D
239 W
239 L
263 D
263 D
263 W
263 L
269 D
269 D
269 W
269 L
277 D
277 D
277 W
277 L
293 L
307 D
307 D
307 W
307 L
331 D
331 D
331 W
331 L
379 D
379 D
379 W
379 L
383 D
383 D
383 W
383 L
397 D
397 D
397 W
397 L
487 D
487 D
487 W
487 L
547 D
547 D
547 W
547 L
557 D
557 D
557 W
557 L
577 D
577 D
577 W
577 L
607 D
607 D
607 W
607 L
647 D
647 D
647 W
647 L
701 D
701 D
701 W
701 L
719 D
719 D
719 W
719 L
733 D
733 D
733 W
733 L
761 D
761 D
761 W
761 L
823 D
823 D
823 W
823 L
829 D
829 D
829 W
829 L
863 D
863 D
863 W
863 L
919 D
919 D
919 W
919 L
929 D
929 D
929 W
929 L
991 D
991 D
991 W
991 L
1093 D
1093 D
1093 W
1093 L
1109 D
1109 D
1109 W
1109 L
1117 D
1117 D
1117 W
1117 L
1213 D
1213 D
1213 W
1213 L
1303 D
1303 D
1303 W
1303 L
1429 D
1429 D
1429 W
1429 L
1613 D
1613 D
1613 W
1613 L
1667 D
1667 D
1667 W
1667 L
1789 D
1789 D
1789 W
1789 L
1913 D
1913 D
1913 W
1913 L
1931 D
1931 D
1931 W
1931 L
2161 D
2161 D
2161 W
2161 L
2689 D
2689 D
2689 W
2689 L
2837 D
2837 D
2837 W
2837 L
2957 D
2957 D
2957 W
2957 L
3067 D
3067 D
3067 W
3067 L
3163 D
3163 D
3163 W
3163 L
3191 D
3191 D
3191 W
3191 L
3253 D
3253 D
3253 W
3253 L
3257 D
3257 D
3257 W
3257 L
3461 D
3461 D
3461 W
3461 L
3643 D
3643 D
3643 W
3643 L
3877 D
3877 D
3877 W
3877 L
4127 D
4127 D
4127 W
4127 L
4133 D
4133 D
4133 W
4133 L
4603 D
4603 D
4603 W
4603 L
5897 D
5897 D
5897 W
5897 L
6007 D
6007 D
6007 W
6007 L
6619 D
6619 D
6619 W
6619 L
6967 D
6967 D
6967 W
6967 L
8291 D
8291 D
8291 W
8291 L
9041 D
9041 D
9041 W
9041 L
9397 D
9397 D
9397 W
9397 L
9697 D
9697 D
9697 W
9697 L
10259 D
10259 D
10259 W
10259 L
11959 D
11959 D
11959 W
11959 L
12211 D
12211 D
12211 W
12211 L
13681 D
13681 D
13681 W
13681 L
16381 D
16381 D
16381 W
16381 L
16979 D
16979 D
16979 W
16979 L
18973 D
18973 D
18973 W
18973 L
18979 D
18979 D
18979 W
18979 L
23029 D
23029 D
23029 W
23029 L
23827 D
23827 D
23827 W
23827 L
26561 D
26561 D
26561 W
26561 L
30071 D
30071 D
30071 W
30071 L
31547 D
31547 D
31547 W
31547 L
32503 D
32503 D
32503 W
32503 L
34871 D
34871 D
34871 W
34871 L
36187 D
36187 D
36187 W
36187 L
37313 D
37313 D
37313 W
37313 L
39119 D
39119 D
39119 W
39119 L
42379 D
42379 D
42379 W
42379 L
46649 D
46649 D
46649 W
46649 L
48787 D
48787 D
48787 W
48787 L
52571 D
52571 D
52571 W
52571 L
62921 D
62921 D
62921 W
62921 L
74747 D
74747 D
74747 W
74747 L
76123 D
76123 D
76123 W
76123 L
82339 D
82339 D
82339 W
82339 L
106411 D
106411 D
106411 W
106411 L
107077 D
107077 D
107077 W
107077 L
116443 D
116443 D
116443 W
116443 L
137911 D
137911 D
137911 W
137911 L
170813 D
170813 D
170813 W
170813 L
180563 D
180563 D
180563 W
180563 L
184837 D
184837 D
184837 W
184837 L
204583 D
204583 D
204583 W
204583 L
214559 D
214559 D
214559 W
214559 L
352633 D
352633 D
352633 W
352633 L
371333 D
371333 D
371333 W
371333 L
379387 D
379387 D
379387 W
379387 L
409867 D
409867 D
409867 W
409867 L
456223 D
456223 D
456223 W
456223 L
473833 D
473833 D
473833 W
473833 L
480989 D
480989 D
480989 W
480989 L
886973 D
886973 D
886973 W
886973 L
1140749 D
1140749 D
1140749 W
1140749 L
1359181 D
1359181 D
1359181 W
1359181 L
1673927 D
1673927 D
1673927 W
1673927 L
1908077 D
1908077 D
1908077 W
1908077 L
2079461 D
2079461 D
2079461 W
2079461 L
2225683 D
2225683 D
2225683 W
2225683 L
2449901 D
2449901 D
2449901 W
2449901 L
2490737 D
2490737 D
2490737 W
2490737 L
3784481 D
3784481 D
3784481 W
3784481 L
4139189 D
4139189 D
4139189 W
4139189 L
4329973 D
4329973 D
4329973 W
4329973 L
5006741 D
5006741 D
5006741 W
5006741 L
5046449 D
5046449 D
5046449 W
5046449 L
5057219 D
5057219 D
5057219 W
5057219 L
5057711 D
5057711 D
5057711 W
5057711 L
5069819 D
5069819 D
5069819 W
5069819 L
5080129 D
5080129 D
5080129 W
5080129 L
5086063 D
5086063 D
5086063 W
5086063 L
5114827 D
5114827 D
5114827 W
5114827 L
5124263 D
5124263 D
5124263 W
5124263 L
5125871 D
5125871 D
5125871 W
5125871 L
5127553 D
5127553 D
5127553 W
5127553 L
5137219 D
5137219 D
5137219 W
5137219 L
5142259 L
5144669 D
5144669 D
5144669 W
5144669 L
5149409 D
5149409 D
5149409 W
5149409 L
5150027 D
5150027 D
5150027 W
5150027 L
5170483 D
5170483 D
5170483 W
5170483 L
5171429 D
5171429 D
5171429 W
5171429 L
5171891 D
5171891 D
5171891 W
5171891 L
5176511 D
5176511 D
5176511 W
5176511 L
5182477 D
5182477 D
5182477 W
5182477 L
5194421 D
5194421 D
5194421 W
5194421 L
5200847 D
5200847 D
5200847 W
5200847 L
5202779 D
5202779 D
5202779 W
5202779 L
5219393 D
5219393 D
5219393 W
5219393 L
5221549 D
5221549 D
5221549 W
5221549 L
5232047 D
5232047 D
5232047 W
5232047 L
5241959 D
5241959 D
5241959 W
5241959 L
5262319 D
5262319 D
5262319 W
5262319 L
5263417 D
5263417 D
5263417 W
5263417 L
5267291 D
5267291 D
5267291 W
5267291 L
5276329 D
5276329 D
5276329 W
5276329 L
5295287 D
5295287 D
5295287 W
5295287 L
5295559 D
5295559 D
5295559 W
5295559 L
5296651 D
5296651 D
5296651 W
5296651 L
5305673 D
5305673 D
5305673 W
5305673 L
5325347 D
5325347 D
5325347 W
5325347 L
5345999 D
5345999 D
5345999 W
5345999 L
5369101 D
5369101 D
5369101 W
5369101 L
5371693 D
5371693 D
5371693 W
5371693 L
5382967 D
5382967 D
5382967 W
5382967 L
5407111 D
5407111 D
5407111 W
5407111 L
5411039 D
5411039 D
5411039 W
5411039 L
5440307 D
5440307 D
5440307 W
5440307 L
5455519 D
5455519 D
5455519 W
5455519 L
5457701 D
5457701 D
5457701 W
5457701 L
5483017 D
5483017 D
5483017 W
5483017 L
5526881 D
5526881 D
5526881 W
5526881 L
5527099 D
5527099 D
5527099 W
5527099 L
5528287 D
5528287 D
5528287 W
5528287 L
5536397 D
5536397 D
5536397 W
5536397 L
5538571 D
5538571 D
5538571 W
5538571 L
5543387 D
5543387 D
5543387 W
5543387 L
5549659 D
5549659 D
5549659 W
5549659 L
5568847 D
5568847 D
5568847 W
5568847 L
5585947 D
5585947 D
5585947 W
5585947 L
5595119 D
5595119 D
5595119 W
5595119 L
5601943 D
5601943 D
5601943 W
5601943 L
5651377 D
5651377 D
5651377 W
5651377 L
5652847 D
5652847 D
5652847 W
5652847 L
5660273 D
5660273 D
5660273 W
5660273 L
5668591 D
5668591 D
5668591 W
5668591 L
5702981 D
5702981 D
5702981 W
5702981 L
5726293 D
5726293 D
5726293 W
5726293 L
5749127 D
5749127 D
5749127 W
5749127 L
5768801 D
5768801 D
5768801 W
5768801 L
5770001 D
5770001 D
5770001 W
5770001 L
5786281 D
5786281 D
5786281 W
5786281 L
5787181 D
5787181 D
5787181 W
5787181 L
5788481 D
5788481 D
5788481 W
5788481 L
5789957 D
5789957 D
5789957 W
5789957 L
5801567 D
5801567 D
5801567 W
5801567 L
5812403 D
5812403 D
5812403 W
5812403 L
5829973 D
5829973 D
5829973 W
5829973 L
5830789 D
5830789 D
5830789 W
5830789 L
5876231 D
5876231 D
5876231 W
5876231 L
5876929 D
5876929 D
5876929 W
5876929 L
5898313 D
5898313 D
5898313 W
5898313 L
5922877 D
5922877 D
5922877 W
5922877 L
5926873 D
5926873 D
5926873 W
5926873 L
5950669 D
5950669 D
5950669 W
5950669 L
5958569 D
5958569 D
5958569 W
5958569 L
5964661 D
5964661 D
5964661 W
5964661 L
5972357 D
5972357 D
5972357 W
5972357 L
5973463 D
5973463 D
5973463 W
5973463 L
5984599 D
5984599 D
5984599 W
5984599 L
5999183 D
5999183 D
5999183 W
5999183 L
6028483 D
6028483 D
6028483 W
6028483 L
6035423 D
6035423 D
6035423 W
6035423 L
6037589 D
6037589 D
6037589 W
6037589 L
6054107 D
6054107 D
6054107 W
6054107 L
6055759 D
6055759 D
6055759 W
6055759 L
6058189 D
6058189 D
6058189 W
6058189 L
6061189 D
6061189 D
6061189 W
6061189 L
6065341 D
6065341 D
6065341 W
6065341 L
6076321 D
6076321 D
6076321 W
6076321 L
6077861 D
6077861 D
6077861 W
6077861 L
6088337 D
6088337 D
6088337 W
6088337 L
6118597 D
6118597 D
6118597 W
6118597 L
6124009 D
6124009 D
6124009 W
6124009 L
6127763 D
6127763 D
6127763 W
6127763 L
6130979 D
6130979 D
6130979 W
6130979 L
6153647 D
6153647 D
6153647 W
6153647 L
6158407 D
6158407 D
6158407 W
6158407 L
6169507 D
6169507 D
6169507 W
6169507 L
6172051 D
6172051 D
6172051 W
6172051 L
6216569 D
6216569 D
6216569 W
6216569 L
6226673 D
6226673 D
6226673 W
6226673 L
6238369 D
6238369 D
6238369 W
6238369 L
6240463 D
6240463 D
6240463 W
6240463 L
6242153 D
6242153 D
6242153 W
6242153 L
6251123 D
6251123 D
6251123 W
6251123 L
6264781 D
6264781 D
6264781 W
6264781 L
6273481 D
6273481 D
6273481 W
6273481 L
6279431 D
6279431 D
6279431 W
6279431 L
6280867 D
6280867 D
6280867 W
6280867 L
6288977 D
6288977 D
6288977 W
6288977 L
6312659 D
6312659 D
6312659 W
6312659 L
6317611 D
6317611 D
6317611 W
6317611 L
6355523 D
6355523 D
6355523 W
6355523 L
6362999 D
6362999 D
6362999 W
6362999 L
6389683 D
6389683 D
6389683 W
6389683 L
6412669 D
6412669 D
6412669 W
6412669 L
6449041 D
6449041 D
6449041 W
6449041 L
6474173 D
6474173 D
6474173 W
6474173 L
6483779 D
6483779 D
6483779 W
6483779 L
6486101 D
6486101 D
6486101 W
6486101 L
6496531 D
6496531 D
6496531 W
6496531 L
6516931 D
6516931 D
6516931 W
6516931 L
6519979 D
6519979 D
6519979 W
6519979 L
6539003 D
6539003 D
6539003 W
6539003 L
6543587 D
6543587 D
6543587 W
6543587 L
6544667 D
6544667 D
6544667 W
6544667 L
6547427 D
6547427 D
6547427 W
6547427 L
6561283 D
6561283 D
6561283 W
6561283 L
6578821 D
6578821 D
6578821 W
6578821 L
6586781 D
6586781 D
6586781 W
6586781 L
6587783 D
6587783 D
6587783 W
6587783 L
6616759 D
6616759 D
6616759 W
6616759 L
6618761 D
6618761 D
6618761 W
6618761 L
6622097 D
6622097 D
6622097 W
6622097 L
6642431 D
6642431 D
6642431 W
6642431 L
6663971 D
6663971 D
6663971 W
6663971 L
6668027 D
6668027 D
6668027 W
6668027 L
6685633 D
6685633 D
6685633 W
6685633 L
6694663 D
6694663 D
6694663 W
6694663 L
6696917 D
6696917 D
6696917 W
6696917 L
6702779 D
6702779 D
6702779 W
6702779 L
6724631 D
6724631 D
6724631 W
6724631 L
6748673 D
6748673 D
6748673 W
6748673 L
6760711 D
6760711 D
6760711 W
6760711 L
6806603 D
6806603 D
6806603 W
6806603 L
6823549 D
6823549 D
6823549 W
6823549 L
6839801 D
6839801 D
6839801 W
6839801 L
6843989 D
6843989 D
6843989 W
6843989 L
6848717 D
6848717 D
6848717 W
6848717 L
6851437 D
6851437 D
6851437 W
6851437 L
6871763 D
6871763 D
6871763 W
6871763 L
6885161 D
6885161 D
6885161 W
6885161 L
6900853 D
6900853 D
6900853 W
6900853 L
6920827 D
6920827 D
6920827 W
6920827 L
6924221 D
6924221 D
6924221 W
6924221 L
6933401 D
6933401 D
6933401 W
6933401 L
6945217 D
6945217 D
6945217 W
6945217 L
6948569 D
6948569 D
6948569 W
6948569 L
6951151 D
6951151 D
6951151 W
6951151 L
6975107 D
6975107 D
6975107 W
6975107 L
6989383 D
6989383 D
6989383 W
6989383 L
6989659 D
6989659 D
6989659 W
6989659 L
6996271 D
6996271 D
6996271 W
6996271 L
6997021 D
6997021 D
6997021 W
6997021 L
7023589 D
7023589 D
7023589 W
7023589 L
7051391 D
7051391 D
7051391 W
7051391 L
7053239 D
7053239 D
7053239 W
7053239 L
7053899 D
7053899 D
7053899 W
7053899 L
7063229 D
7063229 D
7063229 W
7063229 L
7130869 D
7130869 D
7130869 W
7130869 L
7150681 D
7150681 D
7150681 W
7150681 L
7153049 D
7153049 D
7153049 W
7153049 L
7158857 D
7158857 D
7158857 W
7158857 L
7174171 D
7174171 D
7174171 W
7174171 L
7177463 D
7177463 D
7177463 W
7177463 L
7186477 D
7186477 D
7186477 W
7186477 L
7217267 D
7217267 D
7217267 W
7217267 L
7223417 D
7223417 D
7223417 W
7223417 L
7230701 D
7230701 D
7230701 W
7230701 L
7232233 D
7232233 D
7232233 W
7232233 L
7234091 D
7234091 D
7234091 W
7234091 L
7243771 D
7243771 D
7243771 W
7243771 L
7243877 D
7243877 D
7243877 W
7243877 L
7260221 D
7260221 D
7260221 W
7260221 L
7263367 D
7263367 D
7263367 W
7263367 L
7285339 D
7285339 D
7285339 W
7285339 L
7288031 D
7288031 D
7288031 W
7288031 L
7300133 D
7300133 D
7300133 W
7300133 L
7315367 D
7315367 D
7315367 W
7315367 L
7320553 D
7320553 D
7320553 W
7320553 L
7334783 D
7334783 D
7334783 W
7334783 L
7348931 D
7348931 D
7348931 W
7348931 L
7360679 D
7360679 D
7360679 W
7360679 L
7367531 D
7367531 D
7367531 W
7367531 L
7369751 D
7369751 D
7369751 W
7369751 L
7370747 D
7370747 D
7370747 W
7370747 L
7371157 D
7371157 D
7371157 W
7371157 L
7377739 D
7377739 D
7377739 W
7377739 L
7403909 D
7403909 D
7403909 W
7403909 L
7410883 D
7410883 D
7410883 W
7410883 L
7416841 D
7416841 D
7416841 W
7416841 L
7459033 D
7459033 D
7459033 W
7459033 L
7460753 D
7460753 D
7460753 W
7460753 L
7468711 D
7468711 D
7468711 W
7468711 L
7469923 D
7469923 D
7469923 W
7469923 L
7470821 D
7470821 D
7470821 W
7470821 L
7478111 D
7478111 D
7478111 W
7478111 L
7496581 D
7496581 D
7496581 W
7496581 L
7498769 D
7498769 D
7498769 W
7498769 L
7509721 D
7509721 D
7509721 W
7509721 L
7513391 D
7513391 D
7513391 W
7513391 L
7516819 D
7516819 D
7516819 W
7516819 L
7522439 D
7522439 D
7522439 W
7522439 L
7530893 D
7530893 D
7530893 W
7530893 L
7557157 D
7557157 D
7557157 W
7557157 L
7562641 D
7562641 D
7562641 W
7562641 L
7571383 D
7571383 D
7571383 W
7571383 L
7581997 D
7581997 D
7581997 W
7581997 L
7582409 D
7582409 D
7582409 W
7582409 L
7594901 D
7594901 D
7594901 W
7594901 L
7618223 D
7618223 D
7618223 W
7618223 L
7637813 D
7637813 D
7637813 W
7637813 L
7643959 D
7643959 D
7643959 W
7643959 L
7672429 D
7672429 D
7672429 W
7672429 L
7707659 D
7707659 D
7707659 W
7707659 L
7725127 D
7725127 D
7725127 W
7725127 L
7726307 D
7726307 D
7726307 W
7726307 L
7738351 D
7738351 D
7738351 W
7738351 L
7746353 D
7746353 D
7746353 W
7746353 L
7763519 D
7763519 D
7763519 W
7763519 L
7767719 D
7767719 D
7767719 W
7767719 L
7777967 D
7777967 D
7777967 W
7777967 L
7781881 D
7781881 D
7781881 W
7781881 L
7783037 D
7783037 D
7783037 W
7783037 L
7786127 D
7786127 D
7786127 W
7786127 L
7797359 D
7797359 D
7797359 W
7797359 L
7801051 D
7801051 D
7801051 W
7801051 L
7813423 D
7813423 D
7813423 W
7813423 L
7817837 D
7817837 D
7817837 W
7817837 L
7829399 D
7829399 D
7829399 W
7829399 L
7846217 D
7846217 D
7846217 W
7846217 L
7855703 D
7855703 D
7855703 W
7855703 L
7868933 D
7868933 D
7868933 W
7868933 L
7873399 D
7873399 D
7873399 W
7873399 L
7877861 D
7877861 D
7877861 W
7877861 L
7892441 D
7892441 D
7892441 W
7892441 L
7911989 D
7911989 D
7911989 W
7911989 L
7919993 D
7919993 D
7919993 W
7919993 L
7927979 D
7927979 D
7927979 W
7927979 L
7934383 D
7934383 D
7934383 W
7934383 L
7954907 D
7954907 D
7954907 W
7954907 L
7957879 D
7957879 D
7957879 W
7957879 L
7971721 D
7971721 D
7971721 W
7971721 L
7976611 D
7976611 D
7976611 W
7976611 L
7988063 D
7988063 D
7988063 W
7988063 L
7988537 D
7988537 D
7988537 W
7988537 L
7992263 D
7992263 D
7992263 W
7992263 L
7994971 D
7994971 D
7994971 W
7994971 L
8001047 D
8001047 D
8001047 W
8001047 L
8001277 D
8001277 D
8001277 W
8001277 L
8024647 D
8024647 D
8024647 W
8024647 L
8046607 D
8046607 D
8046607 W
8046607 L
8065853 D
8065853 D
8065853 W
8065853 L
8089817 D
8089817 D
8089817 W
8089817 L
8096533 D
8096533 D
8096533 W
8096533 L
8102903 D
8102903 D
8102903 W
8102903 L
8105557 D
8105557 D
8105557 W
8105557 L
8131667 D
8131667 D
8131667 W
8131667 L
8139473 D
8139473 D
8139473 W
8139473 L
8153021 D
8153021 D
8153021 W
8153021 L
8155493 D
8155493 D
8155493 W
8155493 L
8157133 D
8157133 D
8157133 W
8157133 L
8168683 D
8168683 D
8168683 W
8168683 L
8175047 D
8175047 D
8175047 W
8175047 L
8175707 D
8175707 D
8175707 W
8175707 L
8177621 D
8177621 D
8177621 W
8177621 L
8203409 D
8203409 D
8203409 W
8203409 L
8208061 D
8208061 D
8208061 W
8208061 L
8218703 D
8218703 D
8218703 W
8218703 L
8235991 D
8235991 D
8235991 W
8235991 L
8237081 D
8237081 D
8237081 W
8237081 L
8246233 D
8246233 D
8246233 W
8246233 L
8251807 D
8251807 D
8251807 W
8251807 L
8261879 D
8261879 D
8261879 W
8261879 L
8267561 D
8267561 D
8267561 W
8267561 L
8269477 D
8269477 D
8269477 W
8269477 L
8276327 D
8276327 D
8276327 W
8276327 L
8279203 D
8279203 D
8279203 W
8279203 L
8302193 D
8302193 D
8302193 W
8302193 L
8326511 D
8326511 D
8326511 W
8326511 L
8333821 D
8333821 D
8333821 W
8333821 L
8370157 D
8370157 D
8370157 W
8370157 L
8379653 D
8379653 D
8379653 W
8379653 L
8382379 D
8382379 D
8382379 W
8382379 L
8403277 D
8403277 D
8403277 W
8403277 L
8431351 D
8431351 D
8431351 W
8431351 L
8439143 D
8439143 D
8439143 W
8439143 L
8447653 D
8447653 D
8447653 W
8447653 L
8448551 D
8448551 D
8448551 W
8448551 L
8457061 D
8457061 D
8457061 W
8457061 L
8460223 D
8460223 D
8460223 W
8460223 L
8533543 D
8533543 D
8533543 W
8533543 L
8543131 D
8543131 D
8543131 W
8543131 L
8547377 D
8547377 D
8547377 W
8547377 L
8551639 D
8551639 D
8551639 W
8551639 L
8554529 D
8554529 D
8554529 W
8554529 L
8565593 D
8565593 D
8565593 W
8565593 L
8565619 D
8565619 D
8565619 W
8565619 L
8584187 D
8584187 D
8584187 W
8584187 L
8603393 D
8603393 D
8603393 W
8603393 L
8621843 D
8621843 D
8621843 W
8621843 L
8624003 L
8633777 D
8633777 D
8633777 W
8633777 L
8636921 D
8636921 D
8636921 W
8636921 L
8641631 D
8641631 D
8641631 W
8641631 L
8642723 D
8642723 D
8642723 W
8642723 L
8661491 D
8661491 D
8661491 W
8661491 L
8666167 D
8666167 D
8666167 W
8666167 L
8689169 D
8689169 D
8689169 W
8689169 L
8701457 D
8701457 D
8701457 W
8701457 L
8717591 D
8717591 D
8717591 W
8717591 L
8718419 D
8718419 D
8718419 W
8718419 L
8727871 D
8727871 D
8727871 W
8727871 L
8729659 D
8729659 D
8729659 W
8729659 L
8753747 D
8753747 D
8753747 W
8753747 L
8753989 D
8753989 D
8753989 W
8753989 L
8757877 D
8757877 D
8757877 W
8757877 L
8786639 D
8786639 D
8786639 W
8786639 L
8822939 D
8822939 D
8822939 W
8822939 L
8838443 D
8838443 D
8838443 W
8838443 L
8857159 D
8857159 D
8857159 W
8857159 L
8867597 D
8867597 D
8867597 W
8867597 L
8885783 D
8885783 D
8885783 W
8885783 L
8888071 D
8888071 D
8888071 W
8888071 L
8897813 D
8897813 D
8897813 W
8897813 L
8905811 D
8905811 D
8905811 W
8905811 L
8907853 D
8907853 D
8907853 W
8907853 L
8913407 D
8913407 D
8913407 W
8913407 L
8956891 D
8956891 D
8956891 W
8956891 L
8965763 D
8965763 D
8965763 W
8965763 L
8981923 D
8981923 D
8981923 W
8981923 L
8982521 D
8982521 D
8982521 W
8982521 L
8993869 D
8993869 D
8993869 W
8993869 L
8998373 D
8998373 D
8998373 W
8998373 L
9024121 D
9024121 D
9024121 W
9024121 L
9026893 D
9026893 D
9026893 W
9026893 L
9033979 D
9033979 D
9033979 W
9033979 L
9047677 D
9047677 D
9047677 W
9047677 L
9047959 D
9047959 D
9047959 W
9047959 L
9049699 D
9049699 D
9049699 W
9049699 L
9067733 D
9067733 D
9067733 W
9067733 L
9072541 D
9072541 D
9072541 W
9072541 L
9089653 D
9089653 D
9089653 W
9089653 L
9111667 D
9111667 D
9111667 W
9111667 L
9116147 D
9116147 D
9116147 W
9116147 L
9117841 D
9117841 D
9117841 W
9117841 L
9130789 D
9130789 D
9130789 W
9130789 L
9140003 D
9140003 D
9140003 W
9140003 L
9143881 D
9143881 D
9143881 W
9143881 L
9151759 D
9151759 D
9151759 W
9151759 L
9156743 D
9156743 D
9156743 W
9156743 L
9170723 D
9170723 D
9170723 W
9170723 L
9195941 D
9195941 D
9195941 W
9195941 L
9198197 D
9198197 D
9198197 W
9198197 L
9204821 D
9204821 D
9204821 W
9204821 L
9207607 D
9207607 D
9207607 W
9207607 L
9223559 D
9223559 D
9223559 W
9223559 L
9224921 D
9224921 D
9224921 W
9224921 L
9226421 D
9226421 D
9226421 W
9226421 L
9234529 D
9234529 D
9234529 W
9234529 L
9254627 D
9254627 D
9254627 W
9254627 L
9260327 D
9260327 D
9260327 W
9260327 L
9261163 D
9261163 D
9261163 W
9261163 L
9279191 D
9279191 D
9279191 W
9279191 L
9303731 D
9303731 D
9303731 W
9303731 L
9305063 D
9305063 D
9305063 W
9305063 L
9312671 D
9312671 D
9312671 W
9312671 L
9324239 D
9324239 D
9324239 W
9324239 L
9328973 D
9328973 D
9328973 W
9328973 L
9342631 D
9342631 D
9342631 W
9342631 L
9419533 D
9419533 D
9419533 W
9419533 L
9421823 D
9421823 D
9421823 W
9421823 L
9427513 D
9427513 D
9427513 W
9427513 L
9430277 D
9430277 D
9430277 W
9430277 L
9433201 D
9433201 D
9433201 W
9433201 L
9435967 D
9435967 D
9435967 W
9435967 L
9443123 D
9443123 D
9443123 W
9443123 L
9463343 D
9463343 D
9463343 W
9463343 L
9464159 D
9464159 D
9464159 W
9464159 L
9482933 D
9482933 D
9482933 W
9482933 L
9519413 D
9519413 D
9519413 W
9519413 L
9538033 D
9538033 D
9538033 W
9538033 L
9562801 D
9562801 D
9562801 W
9562801 L
9566771 D
9566771 D
9566771 W
9566771 L
9579233 D
9579233 D
9579233 W
9579233 L
9594577 D
9594577 D
9594577 W
9594577 L
9598657 D
9598657 D
9598657 W
9598657 L
9601253 D
9601253 D
9601253 W
9601253 L
9606379 D
9606379 D
9606379 W
9606379 L
9608369 D
9608369 D
9608369 W
9608369 L
9618589 D
9618589 D
9618589 W
9618589 L
9619303 D
9619303 D
9619303 W
9619303 L
9626651 D
9626651 D
9626651 W
9626651 L
9633787 D
9633787 D
9633787 W
9633787 L
9659729 D
9659729 D
9659729 W
9659729 L
9673771 D
9673771 D
9673771 W
9673771 L
9677341 D
9677341 D
9677341 W
9677341 L
9702629 D
9702629 D
9702629 W
9702629 L
9726943 D
9726943 D
9726943 W
9726943 L
9727021 D
9727021 D
9727021 W
9727021 L
9727129 D
9727129 D
9727129 W
9727129 L
9732269 D
9732269 D
9732269 W
9732269 L
9763309 D
9763309 D
9763309 W
9763309 L
9764159 D
9764159 D
9764159 W
9764159 L
9772489 D
9772489 D
9772489 W
9772489 L
9774209 D
9774209 D
9774209 W
9774209 L
9787649 D
9787649 D
9787649 W
9787649 L
9800387 D
9800387 D
9800387 W
9800387 L
9801133 D
9801133 D
9801133 W
9801133 L
9838303 D
9838303 D
9838303 W
9838303 L
9844259 D
9844259 D
9844259 W
9844259 L
9845657 D
9845657 D
9845657 W
9845657 L
9858733 D
9858733 D
9858733 W
9858733 L
9866431 D
9866431 D
9866431 W
9866431 L
9869339 D
9869339 D
9869339 W
9869339 L
9873637 D
9873637 D
9873637 W
9873637 L
9875293 D
9875293 D
9875293 W
9875293 L
9879959 D
9879959 D
9879959 W
9879959 L
9882163 D
9882163 D
9882163 W
9882163 L
9887681 D
9887681 D
9887681 W
9887681 L
9890263 D
9890263 D
9890263 W
9890263 L
9901189 D
9901189 D
9901189 W
9901189 L
9905879 D
9905879 D
9905879 W
9905879 L
9909701 D
9909701 D
9909701 W
9909701 L
9929617 D
9929617 D
9929617 W
9929617 L
9938281 D
9938281 D
9938281 W
9938281 L
9942367 D
9942367 D
9942367 W
9942367 L
9956227 D
9956227 D
9956227 W
9956227 L
9958051 D
9958051 D
9958051 W
9958051 L
9983839 D
9983839 D
9983839 W
9983839 L
9995369 D
9995369 D
9995369 W
9995369 L
9996523 D
9996523 D
9996523 W
9996523 L
9999863 D
9999863 D
9999863 W
9999863 L
