2950
47 D
47 W
53 D
53 W
61 D
61 W
67 D
67 W
73 D
73 W
103 D
103 W
127 D
127 W
229 D
229 W
673 D
673 W
811 D
811 W
1319 D
1319 W
5651 D
5651 W
29059 D
29059 W
36629 D
36629 W
64609 D
64609 W
72871 D
72871 W
102107 D
102107 W
130121 D
130121 W
140779 D
140779 W
142619 D
142619 W
184693 D
184693 W
250007 D
250007 W
258563 D
258563 W
276707 D
276707 W
276901 D
276901 W
331501 D
331501 W
349477 D
349477 W
389461 D
389461 W
432589 D
432589 W
440567 D
440567 W
467611 D
467611 W
512579 D
512579 W
541759 D
541759 W
586939 D
586939 W
592931 D
592931 W
592939 D
592939 W
606251 D
606251 W
631039 D
631039 W
667577 D
667577 W
778123 D
778123 W
803813 D
803813 W
838099 D
838099 W
871613 D
871613 W
945731 D
945731 W
964097 D
964097 W
989011 D
989011 W
1000829 D
1000829 W
1030049 D
1030049 W
1061101 D
1061101 W
1072933 D
1072933 W
1135111 D
1135111 W
1144037 D
1144037 W
1153393 D
1153393 W
1174423 D
1174423 W
1187993 D
1187993 W
1211999 D
1211999 W
1224943 D
1224943 W
1241081 D
1241081 W
1284467 D
1284467 W
1326641 D
1326641 W
1362349 D
1362349 W
1362869 D
1362869 W
1369337 D
1369337 W
1478089 D
1478089 W
1547131 D
1547131 W
1571183 D
1571183 W
1628897 D
1628897 W
1633757 D
1633757 W
1678037 D
1678037 W
1678759 D
1678759 W
1701841 D
1701841 W
1714067 D
1714067 W
1790771 D
1790771 W
1799137 D
1799137 W
1819541 D
1819541 W
1868201 D
1868201 W
1882271 D
1882271 W
1892441 D
1892441 W
1957909 D
1957909 W
2084003 D
2084003 W
2132209 D
2132209 W
2154743 D
2154743 W
2164621 D
2164621 W
2186563 D
2186563 W
2232107 D
2232107 W
2256857 D
2256857 W
2301757 D
2301757 W
2325241 D
2325241 W
2327131 D
2327131 W
2552677 D
2552677 W
2620901 D
2620901 W
2649503 D
2649503 W
2664589 D
2664589 W
2698789 D
2698789 W
2706923 D
2706923 W
2750893 D
2750893 W
2758117 D
2758117 W
2817547 D
2817547 W
2843389 D
2843389 W
2852813 D
2852813 W
2861917 D
2861917 W
2863951 D
2863951 W
2866583 D
2866583 W
2870711 D
2870711 W
2873509 D
2873509 W
2912887 D
2912887 W
2915243 D
2915243 W
2918329 D
2918329 W
2951029 D
2951029 W
2978407 D
2978407 W
3032773 D
3032773 W
3068029 D
3068029 W
3100057 D
3100057 W
3101437 D
3101437 W
3131419 D
3131419 W
3141811 D
3141811 W
3216047 D
3216047 W
3269803 D
3269803 W
3292813 D
3292813 W
3300337 D
3300337 W
3306539 D
3306539 W
3349061 D
3349061 W
3456023 D
3456023 W
3471989 D
3471989 W
3517883 D
3517883 W
3529369 D
3529369 W
3537151 D
3537151 W
3543301 D
3543301 W
3549901 D
3549901 W
3555509 D
3555509 W
3570517 D
3570517 W
3620437 D
3620437 W
3622433 D
3622433 W
3624139 D
3624139 W
3657151 D
3657151 W
3689299 D
3689299 W
3727961 D
3727961 W
3761123 D
3761123 W
3765631 D
3765631 W
3776011 D
3776011 W
3787657 D
3787657 W
3886343 D
3886343 W
3959677 D
3959677 W
4007747 D
4007747 W
4041803 D
4041803 W
4049057 D
4049057 W
4064143 D
4064143 W
4064539 D
4064539 W
4068829 D
4068829 W
4088011 D
4088011 W
4127173 D
4127173 W
4185029 D
4185029 W
4279967 D
4279967 W
4281857 D
4281857 W
4302601 D
4302601 W
4312381 D
4312381 W
4418731 D
4418731 W
4466239 D
4466239 W
4470419 D
4470419 W
4481249 D
4481249 W
4492259 D
4492259 W
4543379 D
4543379 W
4644691 D
4644691 W
4657771 D
4657771 W
4663079 D
4663079 W
4674443 D
4674443 W
4683563 D
4683563 W
4684891 D
4684891 W
4701001 D
4701001 W
4727293 D
4727293 W
4728761 D
4728761 W
4747153 D
4747153 W
4755967 D
4755967 W
4819813 D
4819813 W
4829911 D
4829911 W
4856923 D
4856923 W
4871527 D
4871527 W
4886081 D
4886081 W
4914263 D
4914263 W
5047849 D
5047849 W
5066401 D
5066401 W
5068571 D
5068571 W
5090779 D
5090779 W
5096879 D
5096879 W
5103473 D
5103473 W
5105231 D
5105231 W
5234213 D
5234213 W
5265353 D
5265353 W
5301407 D
5301407 W
5337533 D
5337533 W
5392201 D
5392201 W
5474839 D
5474839 W
5507731 D
5507731 W
5593727 D
5593727 W
5644487 D
5644487 W
5746691 D
5746691 W
5748103 D
5748103 W
5869609 D
5869609 W
5904257 D
5904257 W
6017381 D
6017381 W
6017521 D
6017521 W
6021559 D
6021559 W
6045811 D
6045811 W
6083437 D
6083437 W
6171233 D
6171233 W
6182717 D
6182717 W
6194189 D
6194189 W
6197771 D
6197771 W
6246313 D
6246313 W
6252559 D
6252559 W
6296663 D
6296663 W
6343657 D
6343657 W
6383071 D
6383071 W
6414281 D
6414281 W
6449033 D
6449033 W
6472099 D
6472099 W
6489227 D
6489227 W
6521717 D
6521717 W
6524017 D
6524017 W
6542791 D
6542791 W
6575893 D
6575893 W
6578053 D
6578053 W
6584771 D
6584771 W
6608821 D
6608821 W
6692071 D
6692071 W
6694901 D
6694901 W
6900689 D
6900689 W
6985763 D
6985763 W
6987767 D
6987767 W
7041271 D
7041271 W
7047487 D
7047487 W
7065943 D
7065943 W
7148717 D
7148717 W
7278779 D
7278779 W
7310747 D
7310747 W
7349533 D
7349533 W
7357699 D
7357699 W
7382899 D
7382899 W
7470271 D
7470271 W
7506581 D
7506581 W
7578959 D
7578959 W
7585117 D
7585117 W
7610143 D
7610143 W
7648441 D
7648441 W
7680929 D
7680929 W
7776583 D
7776583 W
7781161 D
7781161 W
7792361 D
7792361 W
7795939 D
7795939 W
7807937 D
7807937 W
7817233 D
7817233 W
7827569 D
7827569 W
7869661 D
7869661 W
7873027 D
7873027 W
7915561 D
7915561 W
7991657 D
7991657 W
8029501 D
8029501 W
8029577 D
8029577 W
8129117 D
8129117 W
8135429 D
8135429 W
8182847 D
8182847 W
8273653 D
8273653 W
8274143 D
8274143 W
8318669 D
8318669 W
8339491 D
8339491 W
8345501 D
8345501 W
8368601 D
8368601 W
8411911 D
8411911 W
8417267 D
8417267 W
8446751 D
8446751 W
8451491 D
8451491 W
8456641 D
8456641 W
8480971 D
8480971 W
8594737 D
8594737 W
8638621 D
8638621 W
8647753 D
8647753 W
8652373 D
8652373 W
8697581 D
8697581 W
8727163 D
8727163 W
8776919 D
8776919 W
8802883 D
8802883 W
8833229 D
8833229 W
8844931 D
8844931 W
8923171 D
8923171 W
8924687 D
8924687 W
8961811 D
8961811 W
8971873 D
8971873 W
9074561 D
9074561 W
9134701 D
9134701 W
9218303 D
9218303 W
9223597 D
9223597 W
9403327 D
9403327 W
9406147 D
9406147 W
9416549 D
9416549 W
9443327 D
9443327 W
9449357 D
9449357 W
9519781 D
9519781 W
9533851 D
9533851 W
9567997 D
9567997 W
9719033 D
9719033 W
9719989 D
9719989 W
9728273 D
9728273 W
9741133 D
9741133 W
9807619 D
9807619 W
9886993 D
9886993 W
2 D
2 D
2 W
2 L
3 D
3 D
3 W
3 L
5 D
5 D
5 W
5 L
7 D
7 D
7 W
7 L
11 D
11 D
11 W
11 L
13 D
13 D
13 W
13 L
17 D
17 D
17 W
17 L
19 D
19 D
19 W
19 L
23 D
23 D
23 W
23 L
29 D
29 D
29 W
29 L
31 D
31 D
31 W
31 L
37 D
37 D
37 W
37 L
41 D
41 D
41 W
41 L
43 D
43 D
43 W
43 L
47 D
47 D
47 W
47 L
53 D
53 D
53 W
53 L
59 D
59 D
59 W
59 L
61 D
61 D
61 W
61 L
67 D
67 D
67 W
67 L
73 D
73 D
73 W
73 L
103 D
103 D
103 W
103 L
109 D
109 D
109 W
109 L
127 D
127 D
127 W
127 L
151 D
151 D
151 W
151 L
229 D
229 D
229 W
229 L
673 D
673 D
673 W
673 L
719 D
719 D
719 W
719 L
811 D
811 D
811 W
811 L
1319 D
1319 D
1319 W
1319 L
4657 D
4657 D
4657 W
4657 L
5651 D
5651 D
5651 W
5651 L
18787 D
18787 D
18787 W
18787 L
29059 D
29059 D
29059 W
29059 L
36629 D
36629 D
36629 W
36629 L
64609 D
64609 D
64609 W
64609 L
72871 D
72871 D
72871 W
72871 L
75479 D
75479 D
75479 W
75479 L
102107 D
102107 D
102107 W
102107 L
125527 D
125527 D
125527 W
125527 L
130121 D
130121 D
130121 W
130121 L
140779 D
140779 D
140779 W
140779 L
142619 D
142619 D
142619 W
142619 L
149791 D
149791 D
149791 W
149791 L
167197 D
167197 D
167197 W
167197 L
184693 D
184693 D
184693 W
184693 L
219277 D
219277 D
219277 W
219277 L
250007 D
250007 D
250007 W
250007 L
250543 D
250543 D
250543 W
250543 L
258563 D
258563 D
258563 W
258563 L
264091 D
264091 D
264091 W
264091 L
266797 D
266797 D
266797 W
266797 L
276707 D
276707 D
276707 W
276707 L
276901 D
276901 D
276901 W
276901 L
331501 D
331501 D
331501 W
331501 L
332711 D
332711 D
332711 W
332711 L
343243 D
343243 D
343243 W
343243 L
347141 D
347141 D
347141 W
347141 L
349477 D
349477 D
349477 W
349477 L
355867 D
355867 D
355867 W
355867 L
389461 D
389461 D
389461 W
389461 L
424709 D
424709 D
424709 W
424709 L
432589 D
432589 D
432589 W
432589 L
440567 D
440567 D
440567 W
440567 L
450493 D
450493 D
450493 W
450493 L
467611 D
467611 D
467611 W
467611 L
478483 D
478483 D
478483 W
478483 L
493579 D
493579 D
493579 W
493579 L
494107 D
494107 D
494107 W
494107 L
512579 D
512579 D
512579 W
512579 L
524947 D
524947 D
524947 W
524947 L
536561 D
536561 D
536561 W
536561 L
541759 D
541759 D
541759 W
541759 L
555221 D
555221 D
555221 W
555221 L
586939 D
586939 D
586939 W
586939 L
591431 D
591431 D
591431 W
591431 L
592931 D
592931 D
592931 W
592931 L
592939 D
592939 D
592939 W
592939 L
606251 D
606251 D
606251 W
606251 L
631039 D
631039 D
631039 W
631039 L
644327 D
644327 D
644327 W
644327 L
667577 D
667577 D
667577 W
667577 L
762319 D
762319 D
762319 W
762319 L
775477 D
775477 D
775477 W
775477 L
776137 D
776137 D
776137 W
776137 L
778123 D
778123 D
778123 W
778123 L
803813 D
803813 D
803813 W
803813 L
829627 D
829627 D
829627 W
829627 L
838099 D
838099 D
838099 W
838099 L
849019 D
849019 D
849019 W
849019 L
857011 D
857011 D
857011 W
857011 L
869863 D
869863 D
869863 W
869863 L
871613 D
871613 D
871613 W
871613 L
916141 D
916141 D
916141 W
916141 L
923371 D
923371 D
923371 W
923371 L
940297 D
940297 D
940297 W
940297 L
945731 D
945731 D
945731 W
945731 L
964097 D
964097 D
964097 W
964097 L
970111 D
970111 D
970111 W
970111 L
989011 D
989011 D
989011 W
989011 L
1000829 D
1000829 D
1000829 W
1000829 L
1030049 D
1030049 D
1030049 W
1030049 L
1041869 D
1041869 D
1041869 W
1041869 L
1061101 D
1061101 D
1061101 W
1061101 L
1065887 D
1065887 D
1065887 W
1065887 L
1072933 D
1072933 D
1072933 W
1072933 L
1122001 D
1122001 D
1122001 W
1122001 L
1135111 D
1135111 D
1135111 W
1135111 L
1144037 D
1144037 D
1144037 W
1144037 L
1145099 D
1145099 D
1145099 W
1145099 L
1153393 D
1153393 D
1153393 W
1153393 L
1157437 D
1157437 D
1157437 W
1157437 L
1174423 D
1174423 D
1174423 W
1174423 L
1184461 D
1184461 D
1184461 W
1184461 L
1187993 D
1187993 D
1187993 W
1187993 L
1211999 D
1211999 D
1211999 W
1211999 L
1224943 D
1224943 D
1224943 W
1224943 L
1240523 D
1240523 D
1240523 W
1240523 L
1241081 D
1241081 D
1241081 W
1241081 L
1269377 D
1269377 D
1269377 W
1269377 L
1284467 D
1284467 D
1284467 W
1284467 L
1287217 D
1287217 D
1287217 W
1287217 L
1326641 D
1326641 D
1326641 W
1326641 L
1362349 D
1362349 D
1362349 W
1362349 L
1362869 D
1362869 D
1362869 W
1362869 L
1369337 D
1369337 D
1369337 W
1369337 L
1413301 D
1413301 D
1413301 W
1413301 L
1435597 D
1435597 D
1435597 W
1435597 L
1471219 D
1471219 D
1471219 W
1471219 L
1472167 D
1472167 D
1472167 W
1472167 L
1478089 D
1478089 D
1478089 W
1478089 L
1547131 D
1547131 D
1547131 W
1547131 L
1571183 D
1571183 D
1571183 W
1571183 L
1597081 D
1597081 D
1597081 W
1597081 L
1610107 D
1610107 D
1610107 W
1610107 L
1617779 D
1617779 D
1617779 W
1617779 L
1628897 D
1628897 D
1628897 W
1628897 L
1633757 D
1633757 D
1633757 W
1633757 L
1678037 D
1678037 D
1678037 W
1678037 L
1678759 D
1678759 D
1678759 W
1678759 L
1701841 D
1701841 D
1701841 W
1701841 L
1714067 D
1714067 D
1714067 W
1714067 L
1714403 D
1714403 D
1714403 W
1714403 L
1758247 D
1758247 D
1758247 W
1758247 L
1778593 D
1778593 D
1778593 W
1778593 L
1782811 D
1782811 D
1782811 W
1782811 L
1790771 D
1790771 D
1790771 W
1790771 L
1791221 D
1791221 D
1791221 W
1791221 L
1799137 D
1799137 D
1799137 W
1799137 L
1819541 D
1819541 D
1819541 W
1819541 L
1859083 D
1859083 D
1859083 W
1859083 L
1859609 D
1859609 D
1859609 W
1859609 L
1866437 D
1866437 D
1866437 W
1866437 L
1867601 D
1867601 D
1867601 W
1867601 L
1868201 D
1868201 D
1868201 W
1868201 L
1870783 D
1870783 D
1870783 W
1870783 L
1881211 D
1881211 D
1881211 W
1881211 L
1882271 D
1882271 D
1882271 W
1882271 L
1882319 D
1882319 D
1882319 W
1882319 L
1892441 D
1892441 D
1892441 W
1892441 L
1952647 D
1952647 D
1952647 W
1952647 L
1957909 D
1957909 D
1957909 W
1957909 L
2008717 D
2008717 D
2008717 W
2008717 L
2051123 D
2051123 D
2051123 W
2051123 L
2052943 D
2052943 D
2052943 W
2052943 L
2084003 D
2084003 D
2084003 W
2084003 L
2132209 D
2132209 D
2132209 W
2132209 L
2146987 D
2146987 D
2146987 W
2146987 L
2154743 D
2154743 D
2154743 W
2154743 L
2164621 D
2164621 D
2164621 W
2164621 L
2186563 D
2186563 D
2186563 W
2186563 L
2207213 D
2207213 D
2207213 W
2207213 L
2207539 D
2207539 D
2207539 W
2207539 L
2218157 D
2218157 D
2218157 W
2218157 L
2232107 D
2232107 D
2232107 W
2232107 L
2238239 D
2238239 D
2238239 W
2238239 L
2238757 D
2238757 D
2238757 W
2238757 L
2242217 D
2242217 D
2242217 W
2242217 L
2256857 D
2256857 D
2256857 W
2256857 L
2301757 D
2301757 D
2301757 W
2301757 L
2301883 D
2301883 D
2301883 W
2301883 L
2325241 D
2325241 D
2325241 W
2325241 L
2327131 D
2327131 D
2327131 W
2327131 L
2405441 D
2405441 D
2405441 W
2405441 L
2407333 D
2407333 D
2407333 W
2407333 L
2430671 D
2430671 D
2430671 W
2430671 L
2498087 D
2498087 D
2498087 W
2498087 L
2552677 D
2552677 D
2552677 W
2552677 L
2607107 D
2607107 D
2607107 W
2607107 L
2620901 D
2620901 D
2620901 W
2620901 L
2628053 D
2628053 D
2628053 W
2628053 L
2649503 D
2649503 D
2649503 W
2649503 L
2664589 D
2664589 D
2664589 W
2664589 L
2698789 D
2698789 D
2698789 W
2698789 L
2701393 D
2701393 D
2701393 W
2701393 L
2706923 D
2706923 D
2706923 W
2706923 L
2750893 D
2750893 D
2750893 W
2750893 L
2758117 D
2758117 D
2758117 W
2758117 L
2802347 D
2802347 D
2802347 W
2802347 L
2817547 D
2817547 D
2817547 W
2817547 L
2843389 D
2843389 D
2843389 W
2843389 L
2852813 D
2852813 D
2852813 W
2852813 L
2861917 D
2861917 D
2861917 W
2861917 L
2863951 D
2863951 D
2863951 W
2863951 L
2866583 D
2866583 D
2866583 W
2866583 L
2870711 D
2870711 D
2870711 W
2870711 L
2873509 D
2873509 D
2873509 W
2873509 L
2912887 D
2912887 D
2912887 W
2912887 L
2915243 D
2915243 D
2915243 W
2915243 L
2918329 D
2918329 D
2918329 W
2918329 L
2951029 D
2951029 D
2951029 W
2951029 L
2967119 D
2967119 D
2967119 W
2967119 L
2978407 D
2978407 D
2978407 W
2978407 L
2995541 D
2995541 D
2995541 W
2995541 L
3021581 D
3021581 D
3021581 W
3021581 L
3032773 D
3032773 D
3032773 W
3032773 L
3068029 D
3068029 D
3068029 W
3068029 L
3080353 D
3080353 D
3080353 W
3080353 L
3100057 D
3100057 D
3100057 W
3100057 L
3101437 D
3101437 D
3101437 W
3101437 L
3121429 D
3121429 D
3121429 W
3121429 L
3131419 D
3131419 D
3131419 W
3131419 L
3141811 D
3141811 D
3141811 W
3141811 L
3211279 D
3211279 D
3211279 W
3211279 L
3216047 D
3216047 D
3216047 W
3216047 L
3243839 D
3243839 D
3243839 W
3243839 L
3262241 D
3262241 D
3262241 W
3262241 L
3269803 D
3269803 D
3269803 W
3269803 L
3292813 D
3292813 D
3292813 W
3292813 L
3300337 D
3300337 D
3300337 W
3300337 L
3306539 D
3306539 D
3306539 W
3306539 L
3331649 D
3331649 D
3331649 W
3331649 L
3349061 D
3349061 D
3349061 W
3349061 L
3373631 D
3373631 D
3373631 W
3373631 L
3374297 D
3374297 D
3374297 W
3374297 L
3386027 D
3386027 D
3386027 W
3386027 L
3418243 D
3418243 D
3418243 W
3418243 L
3451417 D
3451417 D
3451417 W
3451417 L
3456023 D
3456023 D
3456023 W
3456023 L
3471989 D
3471989 D
3471989 W
3471989 L
3482953 D
3482953 D
3482953 W
3482953 L
3483553 D
3483553 D
3483553 W
3483553 L
3510233 D
3510233 D
3510233 W
3510233 L
3517883 D
3517883 D
3517883 W
3517883 L
3529369 D
3529369 D
3529369 W
3529369 L
3537151 D
3537151 D
3537151 W
3537151 L
3543301 D
3543301 D
3543301 W
3543301 L
3549901 D
3549901 D
3549901 W
3549901 L
3555509 D
3555509 D
3555509 W
3555509 L
3570517 D
3570517 D
3570517 W
3570517 L
3572321 D
3572321 D
3572321 W
3572321 L
3575441 D
3575441 D
3575441 W
3575441 L
3620437 D
3620437 D
3620437 W
3620437 L
3622433 D
3622433 D
3622433 W
3622433 L
3624139 D
3624139 D
3624139 W
3624139 L
3657151 D
3657151 D
3657151 W
3657151 L
3674071 D
3674071 D
3674071 W
3674071 L
3689299 D
3689299 D
3689299 W
3689299 L
3727961 D
3727961 D
3727961 W
3727961 L
3751481 D
3751481 D
3751481 W
3751481 L
3761123 D
3761123 D
3761123 W
3761123 L
3765631 D
3765631 D
3765631 W
3765631 L
3776011 D
3776011 D
3776011 W
3776011 L
3777799 D
3777799 D
3777799 W
3777799 L
3787657 D
3787657 D
3787657 W
3787657 L
3886343 D
3886343 D
3886343 W
3886343 L
3893543 D
3893543 D
3893543 W
3893543 L
3959677 D
3959677 D
3959677 W
3959677 L
3960599 D
3960599 D
3960599 W
3960599 L
3994621 D
3994621 D
3994621 W
3994621 L
4007747 D
4007747 D
4007747 W
4007747 L
4041803 D
4041803 D
4041803 W
4041803 L
4049057 D
4049057 D
4049057 W
4049057 L
4061669 D
4061669 D
4061669 W
4061669 L
4064143 D
4064143 D
4064143 W
4064143 L
4064209 D
4064209 D
4064209 W
4064209 L
4064539 D
4064539 D
4064539 W
4064539 L
4068829 D
4068829 D
4068829 W
4068829 L
4088011 D
4088011 D
4088011 W
4088011 L
4116181 D
4116181 D
4116181 W
4116181 L
4127173 D
4127173 D
4127173 W
4127173 L
4152139 D
4152139 D
4152139 W
4152139 L
4185029 D
4185029 D
4185029 W
4185029 L
4213681 D
4213681 D
4213681 W
4213681 L
4240597 D
4240597 D
4240597 W
4240597 L
4258217 D
4258217 D
4258217 W
4258217 L
4279967 D
4279967 D
4279967 W
4279967 L
4281857 D
4281857 D
4281857 W
4281857 L
4300577 D
4300577 D
4300577 W
4300577 L
4302601 D
4302601 D
4302601 W
4302601 L
4312381 D
4312381 D
4312381 W
4312381 L
4356691 D
4356691 D
4356691 W
4356691 L
4375537 D
4375537 D
4375537 W
4375537 L
4398131 D
4398131 D
4398131 W
4398131 L
4418731 D
4418731 D
4418731 W
4418731 L
4447819 D
4447819 D
4447819 W
4447819 L
4466239 D
4466239 D
4466239 W
4466239 L
4466323 D
4466323 D
4466323 W
4466323 L
4470419 D
4470419 D
4470419 W
4470419 L
4481249 D
4481249 D
4481249 W
4481249 L
4492259 D
4492259 D
4492259 W
4492259 L
4538953 D
4538953 D
4538953 W
4538953 L
4543379 D
4543379 D
4543379 W
4543379 L
4554493 D
4554493 D
4554493 W
4554493 L
4555753 D
4555753 D
4555753 W
4555753 L
4624507 D
4624507 D
4624507 W
4624507 L
4644691 D
4644691 D
4644691 W
4644691 L
4646329 D
4646329 D
4646329 W
4646329 L
4657771 D
4657771 D
4657771 W
4657771 L
4663079 D
4663079 D
4663079 W
4663079 L
4674443 D
4674443 D
4674443 W
4674443 L
4676657 D
4676657 D
4676657 W
4676657 L
4683563 D
4683563 D
4683563 W
4683563 L
4684891 D
4684891 D
4684891 W
4684891 L
4701001 D
4701001 D
4701001 W
4701001 L
4705381 D
4705381 D
4705381 W
4705381 L
4727293 D
4727293 D
4727293 W
4727293 L
4728761 D
4728761 D
4728761 W
4728761 L
4747153 D
4747153 D
4747153 W
4747153 L
4755967 D
4755967 D
4755967 W
4755967 L
4759193 D
4759193 D
4759193 W
4759193 L
4819813 D
4819813 D
4819813 W
4819813 L
4829911 D
4829911 D
4829911 W
4829911 L
4856923 D
4856923 D
4856923 W
4856923 L
4871527 D
4871527 D
4871527 W
4871527 L
4886081 D
4886081 D
4886081 W
4886081 L
4914263 D
4914263 D
4914263 W
4914263 L
4985731 D
4985731 D
4985731 W
4985731 L
5013293 D
5013293 D
5013293 W
5013293 L
5017343 D
5017343 D
5017343 W
5017343 L
5042413 D
5042413 D
5042413 W
5042413 L
5047849 D
5047849 D
5047849 W
5047849 L
5052763 D
5052763 D
5052763 W
5052763 L
5066401 D
5066401 D
5066401 W
5066401 L
5068571 D
5068571 D
5068571 W
5068571 L
5090779 D
5090779 D
5090779 W
5090779 L
5096879 D
5096879 D
5096879 W
5096879 L
5103473 D
5103473 D
5103473 W
5103473 L
5105231 D
5105231 D
5105231 W
5105231 L
5222323 D
5222323 D
5222323 W
5222323 L
5234213 D
5234213 D
5234213 W
5234213 L
5248169 D
5248169 D
5248169 W
5248169 L
5265353 D
5265353 D
5265353 W
5265353 L
5301407 D
5301407 D
5301407 W
5301407 L
5337533 D
5337533 D
5337533 W
5337533 L
5369869 D
5369869 D
5369869 W
5369869 L
5387339 D
5387339 D
5387339 W
5387339 L
5392201 D
5392201 D
5392201 W
5392201 L
5413091 D
5413091 D
5413091 W
5413091 L
5433089 D
5433089 D
5433089 W
5433089 L
5459747 D
5459747 D
5459747 W
5459747 L
5474839 D
5474839 D
5474839 W
5474839 L
5507731 D
5507731 D
5507731 W
5507731 L
5518171 D
5518171 D
5518171 W
5518171 L
5558191 D
5558191 D
5558191 W
5558191 L
5571187 D
5571187 D
5571187 W
5571187 L
5584057 D
5584057 D
5584057 W
5584057 L
5593727 D
5593727 D
5593727 W
5593727 L
5595893 D
5595893 D
5595893 W
5595893 L
5610463 D
5610463 D
5610463 W
5610463 L
5625553 D
5625553 D
5625553 W
5625553 L
5644487 D
5644487 D
5644487 W
5644487 L
5684113 D
5684113 D
5684113 W
5684113 L
5732113 D
5732113 D
5732113 W
5732113 L
5746691 D
5746691 D
5746691 W
5746691 L
5748103 D
5748103 D
5748103 W
5748103 L
5765579 D
5765579 D
5765579 W
5765579 L
5820883 D
5820883 D
5820883 W
5820883 L
5824673 D
5824673 D
5824673 W
5824673 L
5832439 D
5832439 D
5832439 W
5832439 L
5869609 D
5869609 D
5869609 W
5869609 L
5873159 D
5873159 D
5873159 W
5873159 L
5904257 D
5904257 D
5904257 W
5904257 L
5919721 D
5919721 D
5919721 W
5919721 L
5949703 D
5949703 D
5949703 W
5949703 L
5974763 D
5974763 D
5974763 W
5974763 L
6017381 D
6017381 D
6017381 W
6017381 L
6017521 D
6017521 D
6017521 W
6017521 L
6017701 D
6017701 D
6017701 W
6017701 L
6021559 D
6021559 D
6021559 W
6021559 L
6025933 D
6025933 D
6025933 W
6025933 L
6028097 D
6028097 D
6028097 W
6028097 L
6045811 D
6045811 D
6045811 W
6045811 L
6048409 D
6048409 D
6048409 W
6048409 L
6073531 D
6073531 D
6073531 W
6073531 L
6083437 D
6083437 D
6083437 W
6083437 L
6119329 D
6119329 D
6119329 W
6119329 L
6171233 D
6171233 D
6171233 W
6171233 L
6182717 D
6182717 D
6182717 W
6182717 L
6194189 D
6194189 D
6194189 W
6194189 L
6197771 D
6197771 D
6197771 W
6197771 L
6213157 D
6213157 D
6213157 W
6213157 L
6229529 D
6229529 D
6229529 W
6229529 L
6246313 D
6246313 D
6246313 W
6246313 L
6248881 D
6248881 D
6248881 W
6248881 L
6252559 D
6252559 D
6252559 W
6252559 L
6253517 D
6253517 D
6253517 W
6253517 L
6276877 D
6276877 D
6276877 W
6276877 L
6295207 D
6295207 D
6295207 W
6295207 L
6296663 D
6296663 D
6296663 W
6296663 L
6343657 D
6343657 D
6343657 W
6343657 L
6383071 D
6383071 D
6383071 W
6383071 L
6414281 D
6414281 D
6414281 W
6414281 L
6445051 D
6445051 D
6445051 W
6445051 L
6449033 D
6449033 D
6449033 W
6449033 L
6472099 D
6472099 D
6472099 W
6472099 L
6489227 D
6489227 D
6489227 W
6489227 L
6521717 D
6521717 D
6521717 W
6521717 L
6524017 D
6524017 D
6524017 W
6524017 L
6542791 D
6542791 D
6542791 W
6542791 L
6552197 D
6552197 D
6552197 W
6552197 L
6556973 D
6556973 D
6556973 W
6556973 L
6559699 D
6559699 D
6559699 W
6559699 L
6575893 D
6575893 D
6575893 W
6575893 L
6578053 D
6578053 D
6578053 W
6578053 L
6584771 D
6584771 D
6584771 W
6584771 L
6596609 D
6596609 D
6596609 W
6596609 L
6608821 D
6608821 D
6608821 W
6608821 L
6631271 D
6631271 D
6631271 W
6631271 L
6670039 D
6670039 D
6670039 W
6670039 L
6679949 D
6679949 D
6679949 W
6679949 L
6692071 D
6692071 D
6692071 W
6692071 L
6694901 D
6694901 D
6694901 W
6694901 L
6696259 D
6696259 D
6696259 W
6696259 L
6726689 D
6726689 D
6726689 W
6726689 L
6745801 D
6745801 D
6745801 W
6745801 L
6767863 D
6767863 D
6767863 W
6767863 L
6790759 D
6790759 D
6790759 W
6790759 L
6837251 D
6837251 D
6837251 W
6837251 L
6900689 D
6900689 D
6900689 W
6900689 L
6931721 D
6931721 D
6931721 W
6931721 L
6936091 D
6936091 D
6936091 W
6936091 L
6953693 D
6953693 D
6953693 W
6953693 L
6985763 D
6985763 D
6985763 W
6985763 L
6987767 D
6987767 D
6987767 W
6987767 L
6991571 D
6991571 D
6991571 W
6991571 L
7041271 D
7041271 D
7041271 W
7041271 L
7047487 D
7047487 D
7047487 W
7047487 L
7065943 D
7065943 D
7065943 W
7065943 L
7066351 D
7066351 D
7066351 W
7066351 L
7066571 D
7066571 D
7066571 W
7066571 L
7072771 D
7072771 D
7072771 W
7072771 L
7122209 D
7122209 D
7122209 W
7122209 L
7148717 D
7148717 D
7148717 W
7148717 L
7224127 D
7224127 D
7224127 W
7224127 L
7226501 D
7226501 D
7226501 W
7226501 L
7259849 D
7259849 D
7259849 W
7259849 L
7278779 D
7278779 D
7278779 W
7278779 L
7310747 D
7310747 D
7310747 W
7310747 L
7341443 D
7341443 D
7341443 W
7341443 L
7349533 D
7349533 D
7349533 W
7349533 L
7357699 D
7357699 D
7357699 W
7357699 L
7374709 D
7374709 D
7374709 W
7374709 L
7382899 D
7382899 D
7382899 W
7382899 L
7392457 D
7392457 D
7392457 W
7392457 L
7397729 D
7397729 D
7397729 W
7397729 L
7470271 D
7470271 D
7470271 W
7470271 L
7505077 D
7505077 D
7505077 W
7505077 L
7506581 D
7506581 D
7506581 W
7506581 L
7544233 D
7544233 D
7544233 W
7544233 L
7551317 D
7551317 D
7551317 W
7551317 L
7578959 D
7578959 D
7578959 W
7578959 L
7581851 D
7581851 D
7581851 W
7581851 L
7585117 D
7585117 D
7585117 W
7585117 L
7597553 D
7597553 D
7597553 W
7597553 L
7610143 D
7610143 D
7610143 W
7610143 L
7648441 D
7648441 D
7648441 W
7648441 L
7662647 D
7662647 D
7662647 W
7662647 L
7680929 D
7680929 D
7680929 W
7680929 L
7714943 D
7714943 D
7714943 W
7714943 L
7741163 D
7741163 D
7741163 W
7741163 L
7742521 D
7742521 D
7742521 W
7742521 L
7755133 D
7755133 D
7755133 W
7755133 L
7776583 D
7776583 D
7776583 W
7776583 L
7781161 D
7781161 D
7781161 W
7781161 L
7791499 D
7791499 D
7791499 W
7791499 L
7792361 D
7792361 D
7792361 W
7792361 L
7795939 D
7795939 D
7795939 W
7795939 L
7800119 D
7800119 D
7800119 W
7800119 L
7807937 D
7807937 D
7807937 W
7807937 L
7817233 D
7817233 D
7817233 W
7817233 L
7820639 D
7820639 D
7820639 W
7820639 L
7827569 D
7827569 D
7827569 W
7827569 L
7869661 D
7869661 D
7869661 W
7869661 L
7873027 D
7873027 D
7873027 W
7873027 L
7915561 D
7915561 D
7915561 W
7915561 L
7927841 D
7927841 D
7927841 W
7927841 L
7930673 D
7930673 D
7930673 W
7930673 L
7991657 D
7991657 D
7991657 W
7991657 L
8013893 D
8013893 D
8013893 W
8013893 L
8029501 D
8029501 D
8029501 W
8029501 L
8029577 D
8029577 D
8029577 W
8029577 L
8061737 D
8061737 D
8061737 W
8061737 L
8063971 D
8063971 D
8063971 W
8063971 L
8109109 D
8109109 D
8109109 W
8109109 L
8118953 D
8118953 D
8118953 W
8118953 L
8129117 D
8129117 D
8129117 W
8129117 L
8135429 D
8135429 D
8135429 W
8135429 L
8175379 D
8175379 D
8175379 W
8175379 L
8182847 D
8182847 D
8182847 W
8182847 L
8183533 D
8183533 D
8183533 W
8183533 L
8194691 D
8194691 D
8194691 W
8194691 L
8200537 D
8200537 D
8200537 W
8200537 L
8227601 D
8227601 D
8227601 W
8227601 L
8261993 D
8261993 D
8261993 W
8261993 L
8273653 D
8273653 D
8273653 W
8273653 L
8274143 D
8274143 D
8274143 W
8274143 L
8313449 D
8313449 D
8313449 W
8313449 L
8318669 D
8318669 D
8318669 W
8318669 L
8327191 D
8327191 D
8327191 W
8327191 L
8328233 D
8328233 D
8328233 W
8328233 L
8339491 D
8339491 D
8339491 W
8339491 L
8345501 D
8345501 D
8345501 W
8345501 L
8368601 D
8368601 D
8368601 W
8368601 L
8395669 D
8395669 D
8395669 W
8395669 L
8411911 D
8411911 D
8411911 W
8411911 L
8414851 D
8414851 D
8414851 W
8414851 L
8417267 D
8417267 D
8417267 W
8417267 L
8446751 D
8446751 D
8446751 W
8446751 L
8451491 D
8451491 D
8451491 W
8451491 L
8456641 D
8456641 D
8456641 W
8456641 L
8480971 D
8480971 D
8480971 W
8480971 L
8544329 D
8544329 D
8544329 W
8544329 L
8594737 D
8594737 D
8594737 W
8594737 L
8624267 D
8624267 D
8624267 W
8624267 L
8630929 D
8630929 D
8630929 W
8630929 L
8638621 D
8638621 D
8638621 W
8638621 L
8642237 D
8642237 D
8642237 W
8642237 L
8647753 D
8647753 D
8647753 W
8647753 L
8652373 D
8652373 D
8652373 W
8652373 L
8697581 D
8697581 D
8697581 W
8697581 L
8727163 D
8727163 D
8727163 W
8727163 L
8734393 D
8734393 D
8734393 W
8734393 L
8776919 D
8776919 D
8776919 W
8776919 L
8802883 D
8802883 D
8802883 W
8802883 L
8833229 D
8833229 D
8833229 W
8833229 L
8844931 D
8844931 D
8844931 W
8844931 L
8868359 D
8868359 D
8868359 W
8868359 L
8923171 D
8923171 D
8923171 W
8923171 L
8924687 D
8924687 D
8924687 W
8924687 L
8952197 D
8952197 D
8952197 W
8952197 L
8961811 D
8961811 D
8961811 W
8961811 L
8971873 D
8971873 D
8971873 W
8971873 L
8993053 D
8993053 D
8993053 W
8993053 L
9025801 D
9025801 D
9025801 W
9025801 L
9031793 D
9031793 D
9031793 W
9031793 L
9034639 D
9034639 D
9034639 W
9034639 L
9071597 D
9071597 D
9071597 W
9071597 L
9074561 D
9074561 D
9074561 W
9074561 L
9096151 D
9096151 D
9096151 W
9096151 L
9126301 D
9126301 D
9126301 W
9126301 L
9134701 D
9134701 D
9134701 W
9134701 L
9154231 D
9154231 D
9154231 W
9154231 L
9218303 D
9218303 D
9218303 W
9218303 L
9223597 D
9223597 D
9223597 W
9223597 L
9229673 D
9229673 D
9229673 W
9229673 L
9250607 D
9250607 D
9250607 W
9250607 L
9354173 D
9354173 D
9354173 W
9354173 L
9365621 D
9365621 D
9365621 W
9365621 L
9403327 D
9403327 D
9403327 W
9403327 L
9406147 D
9406147 D
9406147 W
9406147 L
9416549 D
9416549 D
9416549 W
9416549 L
9443327 D
9443327 D
9443327 W
9443327 L
9449357 D
9449357 D
9449357 W
9449357 L
9460259 D
9460259 D
9460259 W
9460259 L
9485897 D
9485897 D
9485897 W
9485897 L
9519781 D
9519781 D
9519781 W
9519781 L
9533851 D
9533851 D
9533851 W
9533851 L
9537457 D
9537457 D
9537457 W
9537457 L
9538553 D
9538553 D
9538553 W
9538553 L
9552013 D
9552013 D
9552013 W
9552013 L
9567997 D
9567997 D
9567997 W
9567997 L
9637489 D
9637489 D
9637489 W
9637489 L
9645113 D
9645113 D
9645113 W
9645113 L
9688391 D
9688391 D
9688391 W
9688391 L
9719033 D
9719033 D
9719033 W
9719033 L
9719989 D
9719989 D
9719989 W
9719989 L
9728273 D
9728273 D
9728273 W
9728273 L
9741133 D
9741133 D
9741133 W
9741133 L
9774001 D
9774001 D
9774001 W
9774001 L
9807619 D
9807619 D
9807619 W
9807619 L
9812123 D
9812123 D
9812123 W
9812123 L
9813623 D
9813623 D
9813623 W
9813623 L
9886993 D
9886993 D
9886993 W
9886993 L
9941089 D
9941089 D
9941089 W
9941089 L
9947071 D
9947071 D
9947071 W
9947071 L
