2818
53 D
53 W
59 D
59 W
61 D
61 W
71 D
71 W
73 D
73 W
103 D
103 W
137 D
137 W
193 D
193 W
313 D
313 W
23753 D
23753 W
42169 D
42169 W
47713 D
47713 W
90931 D
90931 W
94727 D
94727 W
108301 D
108301 W
115637 D
115637 W
118967 D
118967 W
153749 D
153749 W
161627 D
161627 W
191413 D
191413 W
236107 D
236107 W
280949 D
280949 W
284173 D
284173 W
310433 D
310433 W
319489 D
319489 W
388699 D
388699 W
395459 D
395459 W
416089 D
416089 W
426763 D
426763 W
441187 D
441187 W
453889 D
453889 W
465917 D
465917 W
492251 D
492251 W
495827 D
495827 W
514013 D
514013 W
634199 D
634199 W
643729 D
643729 W
655547 D
655547 W
660137 D
660137 W
704507 D
704507 W
718357 D
718357 W
727121 D
727121 W
790697 D
790697 W
804919 D
804919 W
843553 D
843553 W
879623 D
879623 W
919169 D
919169 W
931351 D
931351 W
933973 D
933973 W
1072543 D
1072543 W
1112017 D
1112017 W
1155127 D
1155127 W
1229213 D
1229213 W
1235243 D
1235243 W
1248469 D
1248469 W
1281827 D
1281827 W
1298057 D
1298057 W
1311251 D
1311251 W
1324619 D
1324619 W
1331969 D
1331969 W
1340083 D
1340083 W
1376981 D
1376981 W
1412969 D
1412969 W
1445557 D
1445557 W
1463767 D
1463767 W
1520423 D
1520423 W
1542889 D
1542889 W
1546217 D
1546217 W
1546939 D
1546939 W
1591949 D
1591949 W
1624717 D
1624717 W
1641583 D
1641583 W
1663169 D
1663169 W
1693309 D
1693309 W
1714411 D
1714411 W
1732961 D
1732961 W
1751837 D
1751837 W
1768339 D
1768339 W
1812073 D
1812073 W
1834663 D
1834663 W
1939033 D
1939033 W
1966819 D
1966819 W
2013491 D
2013491 W
2028197 D
2028197 W
2045317 D
2045317 W
2048261 D
2048261 W
2058919 D
2058919 W
2082413 D
2082413 W
2101903 D
2101903 W
2110861 D
2110861 W
2136143 D
2136143 W
2149237 D
2149237 W
2175599 D
2175599 W
2239537 D
2239537 W
2272451 D
2272451 W
2354141 D
2354141 W
2418067 D
2418067 W
2436293 D
2436293 W
2441431 D
2441431 W
2472179 D
2472179 W
2476181 D
2476181 W
2484689 D
2484689 W
2490209 D
2490209 W
2497951 D
2497951 W
2567423 D
2567423 W
2583299 D
2583299 W
2592167 D
2592167 W
2637659 D
2637659 W
2641687 D
2641687 W
2667227 D
2667227 W
2687023 D
2687023 W
2804927 D
2804927 W
2848789 D
2848789 W
2852893 D
2852893 W
2876221 D
2876221 W
2882497 D
2882497 W
2911871 D
2911871 W
2942609 D
2942609 W
2949647 D
2949647 W
2979797 D
2979797 W
3014743 D
3014743 W
3028171 D
3028171 W
3048671 D
3048671 W
3056857 D
3056857 W
3066517 D
3066517 W
3120373 D
3120373 W
3132629 D
3132629 W
3136841 D
3136841 W
3192877 D
3192877 W
3413437 D
3413437 W
3446717 D
3446717 W
3457453 D
3457453 W
3482351 D
3482351 W
3530729 D
3530729 W
3579949 D
3579949 W
3646427 D
3646427 W
3694039 D
3694039 W
3716221 D
3716221 W
3727459 D
3727459 W
3727579 D
3727579 W
3729721 D
3729721 W
3790991 D
3790991 W
3832267 D
3832267 W
3840821 D
3840821 W
3886867 D
3886867 W
3887959 D
3887959 W
3969943 D
3969943 W
4002221 D
4002221 W
4203601 D
4203601 W
4261709 D
4261709 W
4320829 D
4320829 W
4476931 D
4476931 W
4489687 D
4489687 W
4525291 D
4525291 W
4584077 D
4584077 W
4589873 D
4589873 W
4614271 D
4614271 W
4661989 D
4661989 W
4664449 D
4664449 W
4687747 D
4687747 W
4842917 D
4842917 W
4957087 D
4957087 W
4991009 D
4991009 W
4998947 D
4998947 W
5000077 D
5000077 W
5030143 D
5030143 W
5041433 D
5041433 W
5083957 D
5083957 W
5090551 D
5090551 W
5108057 D
5108057 W
5139377 D
5139377 W
5140153 D
5140153 W
5151131 D
5151131 W
5159239 D
5159239 W
5198429 D
5198429 W
5318581 D
5318581 W
5390531 D
5390531 W
5420867 D
5420867 W
5447503 D
5447503 W
5476349 D
5476349 W
5627621 D
5627621 W
5676641 D
5676641 W
5791993 D
5791993 W
5792933 D
5792933 W
5795017 D
5795017 W
5802997 D
5802997 W
5804059 D
5804059 W
5848861 D
5848861 W
5868761 D
5868761 W
5917297 D
5917297 W
5964481 D
5964481 W
5968439 D
5968439 W
6081233 D
6081233 W
6268621 D
6268621 W
6299357 D
6299357 W
6322909 D
6322909 W
6327467 D
6327467 W
6354449 D
6354449 W
6409757 D
6409757 W
6431471 D
6431471 W
6472513 D
6472513 W
6477931 D
6477931 W
6483193 D
6483193 W
6543461 D
6543461 W
6591743 D
6591743 W
6752861 D
6752861 W
6808049 D
6808049 W
6834301 D
6834301 W
6883159 D
6883159 W
6929891 D
6929891 W
6995501 D
6995501 W
7098977 D
7098977 W
7114169 D
7114169 W
7144853 D
7144853 W
7210699 D
7210699 W
7249339 D
7249339 W
7254421 D
7254421 W
7290631 D
7290631 W
7310857 D
7310857 W
7310893 D
7310893 W
7404659 D
7404659 W
7423079 D
7423079 W
7428877 D
7428877 W
7545113 D
7545113 W
7630279 D
7630279 W
7649641 D
7649641 W
7695241 D
7695241 W
7812521 D
7812521 W
7843951 D
7843951 W
7926323 D
7926323 W
7976849 D
7976849 W
8013949 D
8013949 W
8066129 D
8066129 W
8079353 D
8079353 W
8221583 D
8221583 W
8330549 D
8330549 W
8349829 D
8349829 W
8462369 D
8462369 W
8494181 D
8494181 W
8640823 D
8640823 W
8667929 D
8667929 W
8668837 D
8668837 W
8678147 D
8678147 W
8722099 D
8722099 W
8789477 D
8789477 W
8807401 D
8807401 W
8820421 D
8820421 W
8837513 D
8837513 W
8860793 D
8860793 W
8867063 D
8867063 W
8924911 D
8924911 W
8935603 D
8935603 W
8960453 D
8960453 W
8962321 D
8962321 W
8973889 D
8973889 W
8978191 D
8978191 W
8986247 D
8986247 W
9007477 D
9007477 W
9038273 D
9038273 W
9047849 D
9047849 W
9063421 D
9063421 W
9090127 D
9090127 W
9103327 D
9103327 W
9112319 D
9112319 W
9121601 D
9121601 W
9155977 D
9155977 W
9178361 D
9178361 W
9195491 D
9195491 W
9279643 D
9279643 W
9328723 D
9328723 W
9370967 D
9370967 W
9387113 D
9387113 W
9390833 D
9390833 W
9456449 D
9456449 W
9479797 D
9479797 W
9576803 D
9576803 W
9584639 D
9584639 W
9646387 D
9646387 W
9673967 D
9673967 W
9680299 D
9680299 W
9705911 D
9705911 W
9733733 D
9733733 W
9777017 D
9777017 W
9804799 D
9804799 W
9871219 D
9871219 W
9887641 D
9887641 W
9995369 D
9995369 W
2 D
2 D
2 W
2 L
3 D
3 D
3 W
3 L
5 D
5 D
5 W
5 L
7 D
7 D
7 W
7 L
11 D
11 D
11 W
11 L
13 D
13 D
13 W
13 L
17 D
17 D
17 W
17 L
19 D
19 D
19 W
19 L
23 D
23 D
23 W
23 L
29 D
29 D
29 W
29 L
31 D
31 D
31 W
31 L
37 D
37 D
37 W
37 L
41 D
41 D
41 W
41 L
43 D
43 D
43 W
43 L
47 D
47 D
47 W
47 L
53 D
53 D
53 W
53 L
59 D
59 D
59 W
59 L
61 D
61 D
61 W
61 L
67 D
67 D
67 W
67 L
71 D
71 D
71 W
71 L
73 D
73 D
73 W
73 L
79 D
79 D
79 W
79 L
103 D
103 D
103 W
103 L
137 D
137 D
137 W
137 L
193 D
193 D
193 W
193 L
313 D
313 D
313 W
313 L
1907 D
1907 D
1907 W
1907 L
4099 D
4099 D
4099 W
4099 L
23753 D
23753 D
23753 W
23753 L
42169 D
42169 D
42169 W
42169 L
47713 D
47713 D
47713 W
47713 L
90931 D
90931 D
90931 W
90931 L
93179 D
93179 D
93179 W
93179 L
94727 D
94727 D
94727 W
94727 L
106753 D
106753 D
106753 W
106753 L
108301 D
108301 D
108301 W
108301 L
115637 D
115637 D
115637 W
115637 L
118967 D
118967 D
118967 W
118967 L
153749 D
153749 D
153749 W
153749 L
161627 D
161627 D
161627 W
161627 L
171233 D
171233 D
171233 W
171233 L
176369 D
176369 D
176369 W
176369 L
179717 D
179717 D
179717 W
179717 L
191413 D
191413 D
191413 W
191413 L
195047 D
195047 D
195047 W
195047 L
201907 D
201907 D
201907 W
201907 L
221509 D
221509 D
221509 W
221509 L
231571 D
231571 D
231571 W
231571 L
236107 D
236107 D
236107 W
236107 L
280949 D
280949 D
280949 W
280949 L
284173 D
284173 D
284173 W
284173 L
287179 D
287179 D
287179 W
287179 L
310433 D
310433 D
310433 W
310433 L
319489 D
319489 D
319489 W
319489 L
359509 D
359509 D
359509 W
359509 L
388699 D
388699 D
388699 W
388699 L
395459 D
395459 D
395459 W
395459 L
416089 D
416089 D
416089 W
416089 L
422881 D
422881 D
422881 W
422881 L
426763 D
426763 D
426763 W
426763 L
441187 D
441187 D
441187 W
441187 L
453889 D
453889 D
453889 W
453889 L
460571 D
460571 D
460571 W
460571 L
465917 D
465917 D
465917 W
465917 L
492251 D
492251 D
492251 W
492251 L
495827 D
495827 D
495827 W
495827 L
514013 D
514013 D
514013 W
514013 L
597409 D
597409 D
597409 W
597409 L
602717 D
602717 D
602717 W
602717 L
604787 D
604787 D
604787 W
604787 L
624667 D
624667 D
624667 W
624667 L
626207 D
626207 D
626207 W
626207 L
634199 D
634199 D
634199 W
634199 L
643729 D
643729 D
643729 W
643729 L
651181 D
651181 D
651181 W
651181 L
655547 D
655547 D
655547 W
655547 L
660137 D
660137 D
660137 W
660137 L
663407 D
663407 D
663407 W
663407 L
704507 D
704507 D
704507 W
704507 L
717491 D
717491 D
717491 W
717491 L
718357 D
718357 D
718357 W
718357 L
727121 D
727121 D
727121 W
727121 L
761251 D
761251 D
761251 W
761251 L
761777 D
761777 D
761777 W
761777 L
768319 D
768319 D
768319 W
768319 L
790697 D
790697 D
790697 W
790697 L
804919 D
804919 D
804919 W
804919 L
835391 D
835391 D
835391 W
835391 L
843553 D
843553 D
843553 W
843553 L
846757 D
846757 D
846757 W
846757 L
864169 D
864169 D
864169 W
864169 L
879623 D
879623 D
879623 W
879623 L
919169 D
919169 D
919169 W
919169 L
919859 D
919859 D
919859 W
919859 L
920333 D
920333 D
920333 W
920333 L
931351 D
931351 D
931351 W
931351 L
933949 D
933949 D
933949 W
933949 L
933973 D
933973 D
933973 W
933973 L
950483 D
950483 D
950483 W
950483 L
957031 D
957031 D
957031 W
957031 L
990923 D
990923 D
990923 W
990923 L
1021243 D
1021243 D
1021243 W
1021243 L
1025543 D
1025543 D
1025543 W
1025543 L
1032679 D
1032679 D
1032679 W
1032679 L
1061807 D
1061807 D
1061807 W
1061807 L
1072543 D
1072543 D
1072543 W
1072543 L
1112017 D
1112017 D
1112017 W
1112017 L
1135919 D
1135919 D
1135919 W
1135919 L
1145801 D
1145801 D
1145801 W
1145801 L
1155127 D
1155127 D
1155127 W
1155127 L
1213879 D
1213879 D
1213879 W
1213879 L
1229213 D
1229213 D
1229213 W
1229213 L
1235243 D
1235243 D
1235243 W
1235243 L
1245017 D
1245017 D
1245017 W
1245017 L
1248469 D
1248469 D
1248469 W
1248469 L
1262311 D
1262311 D
1262311 W
1262311 L
1281827 D
1281827 D
1281827 W
1281827 L
1297369 D
1297369 D
1297369 W
1297369 L
1298057 D
1298057 D
1298057 W
1298057 L
1311251 D
1311251 D
1311251 W
1311251 L
1324619 D
1324619 D
1324619 W
1324619 L
1331969 D
1331969 D
1331969 W
1331969 L
1340083 D
1340083 D
1340083 W
1340083 L
1350029 D
1350029 D
1350029 W
1350029 L
1376981 D
1376981 D
1376981 W
1376981 L
1379633 D
1379633 D
1379633 W
1379633 L
1412969 D
1412969 D
1412969 W
1412969 L
1437011 D
1437011 D
1437011 W
1437011 L
1445557 D
1445557 D
1445557 W
1445557 L
1463767 D
1463767 D
1463767 W
1463767 L
1494463 D
1494463 D
1494463 W
1494463 L
1512517 D
1512517 D
1512517 W
1512517 L
1520423 D
1520423 D
1520423 W
1520423 L
1531811 D
1531811 D
1531811 W
1531811 L
1538569 D
1538569 D
1538569 W
1538569 L
1542889 D
1542889 D
1542889 W
1542889 L
1546217 D
1546217 D
1546217 W
1546217 L
1546939 D
1546939 D
1546939 W
1546939 L
1591949 D
1591949 D
1591949 W
1591949 L
1624717 D
1624717 D
1624717 W
1624717 L
1641583 D
1641583 D
1641583 W
1641583 L
1650757 D
1650757 D
1650757 W
1650757 L
1663169 D
1663169 D
1663169 W
1663169 L
1693309 D
1693309 D
1693309 W
1693309 L
1711123 D
1711123 D
1711123 W
1711123 L
1714411 D
1714411 D
1714411 W
1714411 L
1732961 D
1732961 D
1732961 W
1732961 L
1745113 D
1745113 D
1745113 W
1745113 L
1748639 D
1748639 D
1748639 W
1748639 L
1751837 D
1751837 D
1751837 W
1751837 L
1768339 D
1768339 D
1768339 W
1768339 L
1788547 D
1788547 D
1788547 W
1788547 L
1812073 D
1812073 D
1812073 W
1812073 L
1831783 D
1831783 D
1831783 W
1831783 L
1834663 D
1834663 D
1834663 W
1834663 L
1842509 D
1842509 D
1842509 W
1842509 L
1863941 D
1863941 D
1863941 W
1863941 L
1928447 D
1928447 D
1928447 W
1928447 L
1935379 D
1935379 D
1935379 W
1935379 L
1939033 D
1939033 D
1939033 W
1939033 L
1965647 D
1965647 D
1965647 W
1965647 L
1966819 D
1966819 D
1966819 W
1966819 L
2013491 D
2013491 D
2013491 W
2013491 L
2028197 D
2028197 D
2028197 W
2028197 L
2045317 D
2045317 D
2045317 W
2045317 L
2048261 D
2048261 D
2048261 W
2048261 L
2058919 D
2058919 D
2058919 W
2058919 L
2072393 D
2072393 D
2072393 W
2072393 L
2082413 D
2082413 D
2082413 W
2082413 L
2085233 D
2085233 D
2085233 W
2085233 L
2100803 D
2100803 D
2100803 W
2100803 L
2101903 D
2101903 D
2101903 W
2101903 L
2110861 D
2110861 D
2110861 W
2110861 L
2120981 D
2120981 D
2120981 W
2120981 L
2136143 D
2136143 D
2136143 W
2136143 L
2147903 D
2147903 D
2147903 W
2147903 L
2149237 D
2149237 D
2149237 W
2149237 L
2174723 D
2174723 D
2174723 W
2174723 L
2175599 D
2175599 D
2175599 W
2175599 L
2192207 D
2192207 D
2192207 W
2192207 L
2220289 D
2220289 D
2220289 W
2220289 L
2239537 D
2239537 D
2239537 W
2239537 L
2272451 D
2272451 D
2272451 W
2272451 L
2342609 D
2342609 D
2342609 W
2342609 L
2354141 D
2354141 D
2354141 W
2354141 L
2418067 D
2418067 D
2418067 W
2418067 L
2436293 D
2436293 D
2436293 W
2436293 L
2441431 D
2441431 D
2441431 W
2441431 L
2472179 D
2472179 D
2472179 W
2472179 L
2476181 D
2476181 D
2476181 W
2476181 L
2484689 D
2484689 D
2484689 W
2484689 L
2490209 D
2490209 D
2490209 W
2490209 L
2497951 D
2497951 D
2497951 W
2497951 L
2534153 D
2534153 D
2534153 W
2534153 L
2546129 D
2546129 D
2546129 W
2546129 L
2567423 D
2567423 D
2567423 W
2567423 L
2583299 D
2583299 D
2583299 W
2583299 L
2592167 D
2592167 D
2592167 W
2592167 L
2605847 D
2605847 D
2605847 W
2605847 L
2637659 D
2637659 D
2637659 W
2637659 L
2641687 D
2641687 D
2641687 W
2641687 L
2667227 D
2667227 D
2667227 W
2667227 L
2687023 D
2687023 D
2687023 W
2687023 L
2762183 D
2762183 D
2762183 W
2762183 L
2804927 D
2804927 D
2804927 W
2804927 L
2813423 D
2813423 D
2813423 W
2813423 L
2848789 D
2848789 D
2848789 W
2848789 L
2852893 D
2852893 D
2852893 W
2852893 L
2876221 D
2876221 D
2876221 W
2876221 L
2882497 D
2882497 D
2882497 W
2882497 L
2892419 D
2892419 D
2892419 W
2892419 L
2911871 D
2911871 D
2911871 W
2911871 L
2929757 D
2929757 D
2929757 W
2929757 L
2942609 D
2942609 D
2942609 W
2942609 L
2949647 D
2949647 D
2949647 W
2949647 L
2960977 D
2960977 D
2960977 W
2960977 L
2979797 D
2979797 D
2979797 W
2979797 L
2985893 D
2985893 D
2985893 W
2985893 L
3010391 D
3010391 D
3010391 W
3010391 L
3014743 D
3014743 D
3014743 W
3014743 L
3015911 D
3015911 D
3015911 W
3015911 L
3028171 D
3028171 D
3028171 W
3028171 L
3048671 D
3048671 D
3048671 W
3048671 L
3056857 D
3056857 D
3056857 W
3056857 L
3059377 D
3059377 D
3059377 W
3059377 L
3066517 D
3066517 D
3066517 W
3066517 L
3075209 D
3075209 D
3075209 W
3075209 L
3120373 D
3120373 D
3120373 W
3120373 L
3132629 D
3132629 D
3132629 W
3132629 L
3136841 D
3136841 D
3136841 W
3136841 L
3192877 D
3192877 D
3192877 W
3192877 L
3243589 D
3243589 D
3243589 W
3243589 L
3248761 D
3248761 D
3248761 W
3248761 L
3270769 D
3270769 D
3270769 W
3270769 L
3317693 D
3317693 D
3317693 W
3317693 L
3340919 D
3340919 D
3340919 W
3340919 L
3413437 D
3413437 D
3413437 W
3413437 L
3423599 D
3423599 D
3423599 W
3423599 L
3424711 D
3424711 D
3424711 W
3424711 L
3446717 D
3446717 D
3446717 W
3446717 L
3457453 D
3457453 D
3457453 W
3457453 L
3482351 D
3482351 D
3482351 W
3482351 L
3490337 D
3490337 D
3490337 W
3490337 L
3530729 D
3530729 D
3530729 W
3530729 L
3551839 D
3551839 D
3551839 W
3551839 L
3579949 D
3579949 D
3579949 W
3579949 L
3580169 D
3580169 D
3580169 W
3580169 L
3616621 D
3616621 D
3616621 W
3616621 L
3646427 D
3646427 D
3646427 W
3646427 L
3651839 D
3651839 D
3651839 W
3651839 L
3651997 D
3651997 D
3651997 W
3651997 L
3666049 D
3666049 D
3666049 W
3666049 L
3669371 D
3669371 D
3669371 W
3669371 L
3672659 D
3672659 D
3672659 W
3672659 L
3679231 D
3679231 D
3679231 W
3679231 L
3694039 D
3694039 D
3694039 W
3694039 L
3716221 D
3716221 D
3716221 W
3716221 L
3727459 D
3727459 D
3727459 W
3727459 L
3727579 D
3727579 D
3727579 W
3727579 L
3729721 D
3729721 D
3729721 W
3729721 L
3748037 D
3748037 D
3748037 W
3748037 L
3751219 D
3751219 D
3751219 W
3751219 L
3777341 D
3777341 D
3777341 W
3777341 L
3790991 D
3790991 D
3790991 W
3790991 L
3823649 D
3823649 D
3823649 W
3823649 L
3832267 D
3832267 D
3832267 W
3832267 L
3840821 D
3840821 D
3840821 W
3840821 L
3886867 D
3886867 D
3886867 W
3886867 L
3887959 D
3887959 D
3887959 W
3887959 L
3900233 D
3900233 D
3900233 W
3900233 L
3916667 D
3916667 D
3916667 W
3916667 L
3969349 D
3969349 D
3969349 W
3969349 L
3969943 D
3969943 D
3969943 W
3969943 L
3979561 D
3979561 D
3979561 W
3979561 L
3990061 D
3990061 D
3990061 W
3990061 L
4002221 D
4002221 D
4002221 W
4002221 L
4022581 D
4022581 D
4022581 W
4022581 L
4050311 D
4050311 D
4050311 W
4050311 L
4072249 D
4072249 D
4072249 W
4072249 L
4100539 D
4100539 D
4100539 W
4100539 L
4114189 D
4114189 D
4114189 W
4114189 L
4203601 D
4203601 D
4203601 W
4203601 L
4206511 D
4206511 D
4206511 W
4206511 L
4261709 D
4261709 D
4261709 W
4261709 L
4277837 D
4277837 D
4277837 W
4277837 L
4316651 D
4316651 D
4316651 W
4316651 L
4320829 D
4320829 D
4320829 W
4320829 L
4334441 D
4334441 D
4334441 W
4334441 L
4405547 D
4405547 D
4405547 W
4405547 L
4432247 D
4432247 D
4432247 W
4432247 L
4471751 D
4471751 D
4471751 W
4471751 L
4476931 D
4476931 D
4476931 W
4476931 L
4488167 D
4488167 D
4488167 W
4488167 L
4489687 D
4489687 D
4489687 W
4489687 L
4499893 D
4499893 D
4499893 W
4499893 L
4521113 D
4521113 D
4521113 W
4521113 L
4525291 D
4525291 D
4525291 W
4525291 L
4584077 D
4584077 D
4584077 W
4584077 L
4589873 D
4589873 D
4589873 W
4589873 L
4594159 D
4594159 D
4594159 W
4594159 L
4600447 D
4600447 D
4600447 W
4600447 L
4614271 D
4614271 D
4614271 W
4614271 L
4632053 D
4632053 D
4632053 W
4632053 L
4636921 D
4636921 D
4636921 W
4636921 L
4660501 D
4660501 D
4660501 W
4660501 L
4661989 D
4661989 D
4661989 W
4661989 L
4664449 D
4664449 D
4664449 W
4664449 L
4687747 D
4687747 D
4687747 W
4687747 L
4801309 D
4801309 D
4801309 W
4801309 L
4803059 D
4803059 D
4803059 W
4803059 L
4806827 D
4806827 D
4806827 W
4806827 L
4842917 D
4842917 D
4842917 W
4842917 L
4915139 D
4915139 D
4915139 W
4915139 L
4923577 D
4923577 D
4923577 W
4923577 L
4956821 D
4956821 D
4956821 W
4956821 L
4957087 D
4957087 D
4957087 W
4957087 L
4959673 D
4959673 D
4959673 W
4959673 L
4984313 D
4984313 D
4984313 W
4984313 L
4991009 D
4991009 D
4991009 W
4991009 L
4998947 D
4998947 D
4998947 W
4998947 L
5000077 D
5000077 D
5000077 W
5000077 L
5026391 D
5026391 D
5026391 W
5026391 L
5030143 D
5030143 D
5030143 W
5030143 L
5041433 D
5041433 D
5041433 W
5041433 L
5083957 D
5083957 D
5083957 W
5083957 L
5090551 D
5090551 D
5090551 W
5090551 L
5103811 D
5103811 D
5103811 W
5103811 L
5108057 D
5108057 D
5108057 W
5108057 L
5113487 D
5113487 D
5113487 W
5113487 L
5114491 D
5114491 D
5114491 W
5114491 L
5139377 D
5139377 D
5139377 W
5139377 L
5140153 D
5140153 D
5140153 W
5140153 L
5151131 D
5151131 D
5151131 W
5151131 L
5159239 D
5159239 D
5159239 W
5159239 L
5162231 D
5162231 D
5162231 W
5162231 L
5198429 D
5198429 D
5198429 W
5198429 L
5318581 D
5318581 D
5318581 W
5318581 L
5321423 D
5321423 D
5321423 W
5321423 L
5369249 D
5369249 D
5369249 W
5369249 L
5387791 D
5387791 D
5387791 W
5387791 L
5390531 D
5390531 D
5390531 W
5390531 L
5420867 D
5420867 D
5420867 W
5420867 L
5430011 D
5430011 D
5430011 W
5430011 L
5447503 D
5447503 D
5447503 W
5447503 L
5474467 D
5474467 D
5474467 W
5474467 L
5476349 D
5476349 D
5476349 W
5476349 L
5489171 D
5489171 D
5489171 W
5489171 L
5511161 D
5511161 D
5511161 W
5511161 L
5556851 D
5556851 D
5556851 W
5556851 L
5567207 D
5567207 D
5567207 W
5567207 L
5587403 D
5587403 D
5587403 W
5587403 L
5627621 D
5627621 D
5627621 W
5627621 L
5676641 D
5676641 D
5676641 W
5676641 L
5682553 D
5682553 D
5682553 W
5682553 L
5686133 D
5686133 D
5686133 W
5686133 L
5791993 D
5791993 D
5791993 W
5791993 L
5792933 D
5792933 D
5792933 W
5792933 L
5795017 D
5795017 D
5795017 W
5795017 L
5802997 D
5802997 D
5802997 W
5802997 L
5804059 D
5804059 D
5804059 W
5804059 L
5842267 D
5842267 D
5842267 W
5842267 L
5848861 D
5848861 D
5848861 W
5848861 L
5868761 D
5868761 D
5868761 W
5868761 L
5915233 D
5915233 D
5915233 W
5915233 L
5917297 D
5917297 D
5917297 W
5917297 L
5964481 D
5964481 D
5964481 W
5964481 L
5968439 D
5968439 D
5968439 W
5968439 L
5992603 D
5992603 D
5992603 W
5992603 L
5993543 D
5993543 D
5993543 W
5993543 L
6024869 D
6024869 D
6024869 W
6024869 L
6040477 D
6040477 D
6040477 W
6040477 L
6068669 D
6068669 D
6068669 W
6068669 L
6081233 D
6081233 D
6081233 W
6081233 L
6097211 D
6097211 D
6097211 W
6097211 L
6101219 D
6101219 D
6101219 W
6101219 L
6112423 D
6112423 D
6112423 W
6112423 L
6119041 D
6119041 D
6119041 W
6119041 L
6183077 D
6183077 D
6183077 W
6183077 L
6228263 D
6228263 D
6228263 W
6228263 L
6268621 D
6268621 D
6268621 W
6268621 L
6299357 D
6299357 D
6299357 W
6299357 L
6310331 D
6310331 D
6310331 W
6310331 L
6322909 D
6322909 D
6322909 W
6322909 L
6327467 D
6327467 D
6327467 W
6327467 L
6354449 D
6354449 D
6354449 W
6354449 L
6409757 D
6409757 D
6409757 W
6409757 L
6431471 D
6431471 D
6431471 W
6431471 L
6440891 D
6440891 D
6440891 W
6440891 L
6451873 D
6451873 D
6451873 W
6451873 L
6472513 D
6472513 D
6472513 W
6472513 L
6477931 D
6477931 D
6477931 W
6477931 L
6483193 D
6483193 D
6483193 W
6483193 L
6489083 D
6489083 D
6489083 W
6489083 L
6543461 D
6543461 D
6543461 W
6543461 L
6563857 D
6563857 D
6563857 W
6563857 L
6591743 D
6591743 D
6591743 W
6591743 L
6591847 D
6591847 D
6591847 W
6591847 L
6617581 D
6617581 D
6617581 W
6617581 L
6673607 D
6673607 D
6673607 W
6673607 L
6731033 D
6731033 D
6731033 W
6731033 L
6736441 D
6736441 D
6736441 W
6736441 L
6746261 D
6746261 D
6746261 W
6746261 L
6752861 D
6752861 D
6752861 W
6752861 L
6808049 D
6808049 D
6808049 W
6808049 L
6830521 D
6830521 D
6830521 W
6830521 L
6834301 D
6834301 D
6834301 W
6834301 L
6847121 D
6847121 D
6847121 W
6847121 L
6883159 D
6883159 D
6883159 W
6883159 L
6929891 D
6929891 D
6929891 W
6929891 L
6991799 D
6991799 D
6991799 W
6991799 L
6995501 D
6995501 D
6995501 W
6995501 L
7024387 D
7024387 D
7024387 W
7024387 L
7029241 D
7029241 D
7029241 W
7029241 L
7033619 D
7033619 D
7033619 W
7033619 L
7045391 D
7045391 D
7045391 W
7045391 L
7048493 D
7048493 D
7048493 W
7048493 L
7049521 D
7049521 D
7049521 W
7049521 L
7050191 D
7050191 D
7050191 W
7050191 L
7059461 D
7059461 D
7059461 W
7059461 L
7098977 D
7098977 D
7098977 W
7098977 L
7114169 D
7114169 D
7114169 W
7114169 L
7144853 D
7144853 D
7144853 W
7144853 L
7157827 D
7157827 D
7157827 W
7157827 L
7193093 D
7193093 D
7193093 W
7193093 L
7193713 D
7193713 D
7193713 W
7193713 L
7210699 D
7210699 D
7210699 W
7210699 L
7222091 D
7222091 D
7222091 W
7222091 L
7249339 D
7249339 D
7249339 W
7249339 L
7254421 D
7254421 D
7254421 W
7254421 L
7272191 D
7272191 D
7272191 W
7272191 L
7290631 D
7290631 D
7290631 W
7290631 L
7310857 D
7310857 D
7310857 W
7310857 L
7310893 D
7310893 D
7310893 W
7310893 L
7404659 D
7404659 D
7404659 W
7404659 L
7423079 D
7423079 D
7423079 W
7423079 L
7428877 D
7428877 D
7428877 W
7428877 L
7479467 D
7479467 D
7479467 W
7479467 L
7497817 D
7497817 D
7497817 W
7497817 L
7545113 D
7545113 D
7545113 W
7545113 L
7574927 D
7574927 D
7574927 W
7574927 L
7625801 D
7625801 D
7625801 W
7625801 L
7630279 D
7630279 D
7630279 W
7630279 L
7649641 D
7649641 D
7649641 W
7649641 L
7674869 D
7674869 D
7674869 W
7674869 L
7692257 D
7692257 D
7692257 W
7692257 L
7695241 D
7695241 D
7695241 W
7695241 L
7703753 D
7703753 D
7703753 W
7703753 L
7723477 D
7723477 D
7723477 W
7723477 L
7791853 D
7791853 D
7791853 W
7791853 L
7812521 D
7812521 D
7812521 W
7812521 L
7843951 D
7843951 D
7843951 W
7843951 L
7859591 D
7859591 D
7859591 W
7859591 L
7888759 D
7888759 D
7888759 W
7888759 L
7919851 D
7919851 D
7919851 W
7919851 L
7925699 D
7925699 D
7925699 W
7925699 L
7926323 D
7926323 D
7926323 W
7926323 L
7976849 D
7976849 D
7976849 W
7976849 L
8013949 D
8013949 D
8013949 W
8013949 L
8066129 D
8066129 D
8066129 W
8066129 L
8079353 D
8079353 D
8079353 W
8079353 L
8141131 D
8141131 D
8141131 W
8141131 L
8189197 D
8189197 D
8189197 W
8189197 L
8199461 D
8199461 D
8199461 W
8199461 L
8221583 D
8221583 D
8221583 W
8221583 L
8223601 D
8223601 D
8223601 W
8223601 L
8232401 D
8232401 D
8232401 W
8232401 L
8330549 D
8330549 D
8330549 W
8330549 L
8347657 D
8347657 D
8347657 W
8347657 L
8349829 D
8349829 D
8349829 W
8349829 L
8351747 D
8351747 D
8351747 W
8351747 L
8353561 D
8353561 D
8353561 W
8353561 L
8382929 D
8382929 D
8382929 W
8382929 L
8455453 D
8455453 D
8455453 W
8455453 L
8462369 D
8462369 D
8462369 W
8462369 L
8494181 D
8494181 D
8494181 W
8494181 L
8538659 D
8538659 D
8538659 W
8538659 L
8576453 D
8576453 D
8576453 W
8576453 L
8580023 D
8580023 D
8580023 W
8580023 L
8587087 D
8587087 D
8587087 W
8587087 L
8588299 D
8588299 D
8588299 W
8588299 L
8640823 D
8640823 D
8640823 W
8640823 L
8667929 D
8667929 D
8667929 W
8667929 L
8668837 D
8668837 D
8668837 W
8668837 L
8678147 D
8678147 D
8678147 W
8678147 L
8722099 D
8722099 D
8722099 W
8722099 L
8756939 D
8756939 D
8756939 W
8756939 L
8789477 D
8789477 D
8789477 W
8789477 L
8807401 D
8807401 D
8807401 W
8807401 L
8820421 D
8820421 D
8820421 W
8820421 L
8832431 D
8832431 D
8832431 W
8832431 L
8837513 D
8837513 D
8837513 W
8837513 L
8844929 D
8844929 D
8844929 W
8844929 L
8860793 D
8860793 D
8860793 W
8860793 L
8867063 D
8867063 D
8867063 W
8867063 L
8898313 D
8898313 D
8898313 W
8898313 L
8917681 D
8917681 D
8917681 W
8917681 L
8924911 D
8924911 D
8924911 W
8924911 L
8935603 D
8935603 D
8935603 W
8935603 L
8945471 D
8945471 D
8945471 W
8945471 L
8960453 D
8960453 D
8960453 W
8960453 L
8962321 D
8962321 D
8962321 W
8962321 L
8966623 D
8966623 D
8966623 W
8966623 L
8973889 D
8973889 D
8973889 W
8973889 L
8978191 D
8978191 D
8978191 W
8978191 L
8986247 D
8986247 D
8986247 W
8986247 L
9007477 D
9007477 D
9007477 W
9007477 L
9038273 D
9038273 D
9038273 W
9038273 L
9047849 D
9047849 D
9047849 W
9047849 L
9052801 D
9052801 D
9052801 W
9052801 L
9063421 D
9063421 D
9063421 W
9063421 L
9090127 D
9090127 D
9090127 W
9090127 L
9103327 D
9103327 D
9103327 W
9103327 L
9109183 D
9109183 D
9109183 W
9109183 L
9112319 D
9112319 D
9112319 W
9112319 L
9117659 D
9117659 D
9117659 W
9117659 L
9121601 D
9121601 D
9121601 W
9121601 L
9155977 D
9155977 D
9155977 W
9155977 L
9169243 D
9169243 D
9169243 W
9169243 L
9178361 D
9178361 D
9178361 W
9178361 L
9195491 D
9195491 D
9195491 W
9195491 L
9261869 D
9261869 D
9261869 W
9261869 L
9279643 D
9279643 D
9279643 W
9279643 L
9279973 D
9279973 D
9279973 W
9279973 L
9305083 D
9305083 D
9305083 W
9305083 L
9328723 D
9328723 D
9328723 W
9328723 L
9355981 D
9355981 D
9355981 W
9355981 L
9370967 D
9370967 D
9370967 W
9370967 L
9373073 D
9373073 D
9373073 W
9373073 L
9387113 D
9387113 D
9387113 W
9387113 L
9390833 D
9390833 D
9390833 W
9390833 L
9438977 D
9438977 D
9438977 W
9438977 L
9456449 D
9456449 D
9456449 W
9456449 L
9479797 D
9479797 D
9479797 W
9479797 L
9548557 D
9548557 D
9548557 W
9548557 L
9576803 D
9576803 D
9576803 W
9576803 L
9584639 D
9584639 D
9584639 W
9584639 L
9590473 D
9590473 D
9590473 W
9590473 L
9600883 D
9600883 D
9600883 W
9600883 L
9613787 D
9613787 D
9613787 W
9613787 L
9623699 D
9623699 D
9623699 W
9623699 L
9646387 D
9646387 D
9646387 W
9646387 L
9673967 D
9673967 D
9673967 W
9673967 L
9680299 D
9680299 D
9680299 W
9680299 L
9705911 D
9705911 D
9705911 W
9705911 L
9713989 D
9713989 D
9713989 W
9713989 L
9723121 D
9723121 D
9723121 W
9723121 L
9733733 D
9733733 D
9733733 W
9733733 L
9761513 D
9761513 D
9761513 W
9761513 L
9765827 D
9765827 D
9765827 W
9765827 L
9777017 D
9777017 D
9777017 W
9777017 L
9804799 D
9804799 D
9804799 W
9804799 L
9838813 D
9838813 D
9838813 W
9838813 L
9871219 D
9871219 D
9871219 W
9871219 L
9887641 D
9887641 D
9887641 W
9887641 L
9892621 D
9892621 D
9892621 W
9892621 L
9899221 D
9899221 D
9899221 W
9899221 L
9899921 D
9899921 D
9899921 W
9899921 L
9982319 D
9982319 D
9982319 W
9982319 L
9983707 D
9983707 D
9983707 W
9983707 L
9988361 D
9988361 D
9988361 W
9988361 L
9995369 D
9995369 D
9995369 W
9995369 L
