964
449 D
449 W
467 D
467 W
521 D
521 W
571 D
571 W
661 D
661 W
1049 D
1049 W
1213 D
1213 W
1277 D
1277 W
1289 D
1289 W
1319 D
1319 W
1483 D
1483 W
1567 D
1567 W
1613 D
1613 W
1753 D
1753 W
1811 D
1811 W
2089 D
2089 W
2531 D
2531 W
2539 D
2539 W
2657 D
2657 W
2687 D
2687 W
2707 D
2707 W
2729 D
2729 W
2851 D
2851 W
3011 D
3011 W
3067 D
3067 W
3203 D
3203 W
3251 D
3251 W
3511 D
3511 W
3527 D
3527 W
3631 D
3631 W
3697 D
3697 W
3733 D
3733 W
3769 D
3769 W
3853 D
3853 W
3923 D
3923 W
4051 D
4051 W
4127 D
4127 W
4217 D
4217 W
4289 D
4289 W
4723 D
4723 W
4751 D
4751 W
4903 D
4903 W
4993 D
4993 W
5051 D
5051 W
5399 D
5399 W
5413 D
5413 W
5527 D
5527 W
5563 D
5563 W
5569 D
5569 W
5701 D
5701 W
5821 D
5821 W
5857 D
5857 W
5987 D
5987 W
6121 D
6121 W
6247 D
6247 W
6389 D
6389 W
6547 D
6547 W
6701 D
6701 W
6857 D
6857 W
6959 D
6959 W
7121 D
7121 W
7129 D
7129 W
7349 D
7349 W
7393 D
7393 W
7541 D
7541 W
7561 D
7561 W
7573 D
7573 W
7607 D
7607 W
7691 D
7691 W
7757 D
7757 W
7883 D
7883 W
8191 D
8191 W
8231 D
8231 W
8291 D
8291 W
8293 D
8293 W
8297 D
8297 W
8431 D
8431 W
8467 D
8467 W
8641 D
8641 W
8693 D
8693 W
8887 D
8887 W
8951 D
8951 W
8971 D
8971 W
9049 D
9049 W
9103 D
9103 W
9161 D
9161 W
9241 D
9241 W
9613 D
9613 W
9631 D
9631 W
9719 D
9719 W
9749 D
9749 W
9883 D
9883 W
2 D
2 D
2 W
2 L
3 D
3 D
3 W
3 L
5 D
5 D
5 W
5 L
7 D
7 D
7 W
7 L
11 D
11 D
11 W
11 L
13 D
13 D
13 W
13 L
17 D
17 D
17 W
17 L
19 D
19 D
19 W
19 L
23 D
23 D
23 W
23 L
29 D
29 D
29 W
29 L
41 D
41 D
41 W
41 L
43 D
43 D
43 W
43 L
47 D
47 D
47 W
47 L
59 D
59 D
59 W
59 L
61 D
61 D
61 W
61 L
67 D
67 D
67 W
67 L
79 D
79 D
79 W
79 L
83 D
83 D
83 W
83 L
113 D
113 D
113 W
113 L
131 D
131 D
131 W
131 L
139 D
139 D
139 W
139 L
151 D
151 D
151 W
151 L
199 D
199 D
199 W
199 L
229 D
229 D
229 W
229 L
283 D
283 D
283 W
283 L
449 D
449 D
449 W
449 L
467 D
467 D
467 W
467 L
521 D
521 D
521 W
521 L
571 D
571 D
571 W
571 L
577 D
577 D
577 W
577 L
587 D
587 D
587 W
587 L
619 D
619 D
619 W
619 L
661 D
661 D
661 W
661 L
683 D
683 D
683 W
683 L
701 D
701 D
701 W
701 L
787 D
787 D
787 W
787 L
919 D
919 D
919 W
919 L
983 D
983 D
983 W
983 L
997 D
997 D
997 W
997 L
1049 D
1049 D
1049 W
1049 L
1069 D
1069 D
1069 W
1069 L
1171 D
1171 D
1171 W
1171 L
1213 D
1213 D
1213 W
1213 L
1277 D
1277 D
1277 W
1277 L
1289 D
1289 D
1289 W
1289 L
1291 D
1291 D
1291 W
1291 L
1301 D
1301 D
1301 W
1301 L
1319 D
1319 D
1319 W
1319 L
1367 D
1367 D
1367 W
1367 L
1483 D
1483 D
1483 W
1483 L
1523 D
1523 D
1523 W
1523 L
1567 D
1567 D
1567 W
1567 L
1613 D
1613 D
1613 W
1613 L
1693 D
1693 D
1693 W
1693 L
1753 D
1753 D
1753 W
1753 L
1811 D
1811 D
1811 W
1811 L
1877 D
1877 D
1877 W
1877 L
1889 D
1889 D
1889 W
1889 L
2063 D
2063 D
2063 W
2063 L
2089 D
2089 D
2089 W
2089 L
2143 D
2143 D
2143 W
2143 L
2243 D
2243 D
2243 W
2243 L
2531 D
2531 D
2531 W
2531 L
2539 D
2539 D
2539 W
2539 L
2657 D
2657 D
2657 W
2657 L
2687 D
2687 D
2687 W
2687 L
2707 D
2707 D
2707 W
2707 L
2729 D
2729 D
2729 W
2729 L
2843 D
2843 D
2843 W
2843 L
2851 D
2851 D
2851 W
2851 L
2957 D
2957 D
2957 W
2957 L
3011 D
3011 D
3011 W
3011 L
3067 D
3067 D
3067 W
3067 L
3089 D
3089 D
3089 W
3089 L
3119 D
3119 D
3119 W
3119 L
3203 D
3203 D
3203 W
3203 L
3251 D
3251 D
3251 W
3251 L
3319 D
3319 D
3319 W
3319 L
3511 D
3511 D
3511 W
3511 L
3517 D
3517 D
3517 W
3517 L
3527 D
3527 D
3527 W
3527 L
3631 D
3631 D
3631 W
3631 L
3697 D
3697 D
3697 W
3697 L
3719 D
3719 D
3719 W
3719 L
3733 D
3733 D
3733 W
3733 L
3769 D
3769 D
3769 W
3769 L
3853 D
3853 D
3853 W
3853 L
3923 D
3923 D
3923 W
3923 L
3931 D
3931 D
3931 W
3931 L
3947 D
3947 D
3947 W
3947 L
4051 D
4051 D
4051 W
4051 L
4111 D
4111 D
4111 W
4111 L
4127 D
4127 D
4127 W
4127 L
4139 D
4139 D
4139 W
4139 L
4177 D
4177 D
4177 W
4177 L
4211 D
4211 D
4211 W
4211 L
4217 D
4217 D
4217 W
4217 L
4289 D
4289 D
4289 W
4289 L
4441 D
4441 D
4441 W
4441 L
4483 D
4483 D
4483 W
4483 L
4547 D
4547 D
4547 W
4547 L
4703 D
4703 D
4703 W
4703 L
4723 D
4723 D
4723 W
4723 L
4751 D
4751 D
4751 W
4751 L
4877 D
4877 D
4877 W
4877 L
4903 D
4903 D
4903 W
4903 L
4993 D
4993 D
4993 W
4993 L
4999 D
4999 D
4999 W
4999 L
5051 D
5051 D
5051 W
5051 L
5399 D
5399 D
5399 W
5399 L
5413 D
5413 D
5413 W
5413 L
5527 D
5527 D
5527 W
5527 L
5531 D
5531 D
5531 W
5531 L
5563 D
5563 D
5563 W
5563 L
5569 D
5569 D
5569 W
5569 L
5623 D
5623 D
5623 W
5623 L
5701 D
5701 D
5701 W
5701 L
5821 D
5821 D
5821 W
5821 L
5857 D
5857 D
5857 W
5857 L
5987 D
5987 D
5987 W
5987 L
6043 D
6043 D
6043 W
6043 L
6121 D
6121 D
6121 W
6121 L
6173 D
6173 D
6173 W
6173 L
6199 D
6199 D
6199 W
6199 L
6247 D
6247 D
6247 W
6247 L
6257 D
6257 D
6257 W
6257 L
6271 D
6271 D
6271 W
6271 L
6373 D
6373 D
6373 W
6373 L
6389 D
6389 D
6389 W
6389 L
6427 D
6427 D
6427 W
6427 L
6481 D
6481 D
6481 W
6481 L
6547 D
6547 D
6547 W
6547 L
6701 D
6701 D
6701 W
6701 L
6703 D
6703 D
6703 W
6703 L
6779 D
6779 D
6779 W
6779 L
6857 D
6857 D
6857 W
6857 L
6959 D
6959 D
6959 W
6959 L
7079 D
7079 D
7079 W
7079 L
7121 D
7121 D
7121 W
7121 L
7127 D
7127 D
7127 W
7127 L
7129 D
7129 D
7129 W
7129 L
7159 D
7159 D
7159 W
7159 L
7187 D
7187 D
7187 W
7187 L
7349 D
7349 D
7349 W
7349 L
7393 D
7393 D
7393 W
7393 L
7529 D
7529 D
7529 W
7529 L
7541 D
7541 D
7541 W
7541 L
7547 D
7547 D
7547 W
7547 L
7561 D
7561 D
7561 W
7561 L
7573 D
7573 D
7573 W
7573 L
7607 D
7607 D
7607 W
7607 L
7691 D
7691 D
7691 W
7691 L
7703 D
7703 D
7703 W
7703 L
7727 D
7727 D
7727 W
7727 L
7741 D
7741 D
7741 W
7741 L
7757 D
7757 D
7757 W
7757 L
7789 D
7789 D
7789 W
7789 L
7883 D
7883 D
7883 W
7883 L
8081 D
8081 D
8081 W
8081 L
8087 D
8087 D
8087 W
8087 L
8191 D
8191 D
8191 W
8191 L
8231 D
8231 D
8231 W
8231 L
8287 D
8287 D
8287 W
8287 L
8291 D
8291 D
8291 W
8291 L
8293 D
8293 D
8293 W
8293 L
8297 D
8297 D
8297 W
8297 L
8431 D
8431 D
8431 W
8431 L
8467 D
8467 D
8467 W
8467 L
8521 D
8521 D
8521 W
8521 L
8641 D
8641 D
8641 W
8641 L
8693 D
8693 D
8693 W
8693 L
8713 D
8713 D
8713 W
8713 L
8741 D
8741 D
8741 W
8741 L
8887 D
8887 D
8887 W
8887 L
8929 D
8929 D
8929 W
8929 L
8951 D
8951 D
8951 W
8951 L
8971 D
8971 D
8971 W
8971 L
9049 D
9049 D
9049 W
9049 L
9067 D
9067 D
9067 W
9067 L
9103 D
9103 D
9103 W
9103 L
9127 D
9127 D
9127 W
9127 L
9161 D
9161 D
9161 W
9161 L
9241 D
9241 D
9241 W
9241 L
9319 D
9319 D
9319 W
9319 L
9421 D
9421 D
9421 W
9421 L
9461 D
9461 D
9461 W
9461 L
9473 D
9473 D
9473 W
9473 L
9613 D
9613 D
9613 W
9613 L
9631 D
9631 D
9631 W
9631 L
9719 D
9719 D
9719 W
9719 L
9743 D
9743 D
9743 W
9743 L
9749 D
9749 D
9749 W
9749 L
9817 D
9817 D
9817 W
9817 L
9851 D
9851 D
9851 W
9851 L
9883 D
9883 D
9883 W
9883 L
