2906
47 D
47 W
53 D
53 W
59 D
59 W
79 D
79 W
113 D
113 W
197 D
197 W
227 D
227 W
24683 D
24683 W
44531 D
44531 W
45989 D
45989 W
86783 D
86783 W
105367 D
105367 W
109441 D
109441 W
178487 D
178487 W
248317 D
248317 W
267557 D
267557 W
268819 D
268819 W
321199 D
321199 W
336221 D
336221 W
367457 D
367457 W
401953 D
401953 W
443689 D
443689 W
460087 D
460087 W
494713 D
494713 W
494743 D
494743 W
513761 D
513761 W
598049 D
598049 W
632747 D
632747 W
633877 D
633877 W
637603 D
637603 W
650401 D
650401 W
664847 D
664847 W
737339 D
737339 W
747827 D
747827 W
885823 D
885823 W
894097 D
894097 W
902047 D
902047 W
934607 D
934607 W
946367 D
946367 W
988591 D
988591 W
1071053 D
1071053 W
1071991 D
1071991 W
1083431 D
1083431 W
1087817 D
1087817 W
1093591 D
1093591 W
1152989 D
1152989 W
1191107 D
1191107 W
1216069 D
1216069 W
1242977 D
1242977 W
1277357 D
1277357 W
1278439 D
1278439 W
1317227 D
1317227 W
1328671 D
1328671 W
1367291 D
1367291 W
1397311 D
1397311 W
1469291 D
1469291 W
1477631 D
1477631 W
1512607 D
1512607 W
1558967 D
1558967 W
1657001 D
1657001 W
1662571 D
1662571 W
1706633 D
1706633 W
1729129 D
1729129 W
1746923 D
1746923 W
1795439 D
1795439 W
1799801 D
1799801 W
1892431 D
1892431 W
1912453 D
1912453 W
1945859 D
1945859 W
2033021 D
2033021 W
2083573 D
2083573 W
2083769 D
2083769 W
2175461 D
2175461 W
2184157 D
2184157 W
2186831 D
2186831 W
2307763 D
2307763 W
2339131 D
2339131 W
2346271 D
2346271 W
2371207 D
2371207 W
2372239 D
2372239 W
2439097 D
2439097 W
2446051 D
2446051 W
2480311 D
2480311 W
2508899 D
2508899 W
2538203 D
2538203 W
2561431 D
2561431 W
2622761 D
2622761 W
2650013 D
2650013 W
2658793 D
2658793 W
2714419 D
2714419 W
2846647 D
2846647 W
2902411 D
2902411 W
2936851 D
2936851 W
2943671 D
2943671 W
2975389 D
2975389 W
3022087 D
3022087 W
3030107 D
3030107 W
3061739 D
3061739 W
3164827 D
3164827 W
3266447 D
3266447 W
3280477 D
3280477 W
3322547 D
3322547 W
3366821 D
3366821 W
3387803 D
3387803 W
3426029 D
3426029 W
3443851 D
3443851 W
3475559 D
3475559 W
3478127 D
3478127 W
3483481 D
3483481 W
3531659 D
3531659 W
3539059 D
3539059 W
3574189 D
3574189 W
3580207 D
3580207 W
3580403 D
3580403 W
3612149 D
3612149 W
3661949 D
3661949 W
3675337 D
3675337 W
3697657 D
3697657 W
3716831 D
3716831 W
3770677 D
3770677 W
3790103 D
3790103 W
3915077 D
3915077 W
3947473 D
3947473 W
4098817 D
4098817 W
4148621 D
4148621 W
4255939 D
4255939 W
4291673 D
4291673 W
4294439 D
4294439 W
4324843 D
4324843 W
4329847 D
4329847 W
4374353 D
4374353 W
4449521 D
4449521 W
4455797 D
4455797 W
4494901 D
4494901 W
4496579 D
4496579 W
4509259 D
4509259 W
4538257 D
4538257 W
4546403 D
4546403 W
4560637 D
4560637 W
4591381 D
4591381 W
4592881 D
4592881 W
4708183 D
4708183 W
4708877 D
4708877 W
4730909 D
4730909 W
4755589 D
4755589 W
4833019 D
4833019 W
4835477 D
4835477 W
4867873 D
4867873 W
4880069 D
4880069 W
4961317 D
4961317 W
4983229 D
4983229 W
5010287 D
5010287 W
5027591 D
5027591 W
5033543 D
5033543 W
5069423 D
5069423 W
5223671 D
5223671 W
5231981 D
5231981 W
5257949 D
5257949 W
5420143 D
5420143 W
5427907 D
5427907 W
5454343 D
5454343 W
5500247 D
5500247 W
5542549 D
5542549 W
5570293 D
5570293 W
5618909 D
5618909 W
5640157 D
5640157 W
5658547 D
5658547 W
5672677 D
5672677 W
5683189 D
5683189 W
5717951 D
5717951 W
5724533 D
5724533 W
5725157 D
5725157 W
5751037 D
5751037 W
5780809 D
5780809 W
5801239 D
5801239 W
5895761 D
5895761 W
5942561 D
5942561 W
5954789 D
5954789 W
5967991 D
5967991 W
6053357 D
6053357 W
6106873 D
6106873 W
6148463 D
6148463 W
6174583 D
6174583 W
6175333 D
6175333 W
6191323 D
6191323 W
6272417 D
6272417 W
6307831 D
6307831 W
6357349 D
6357349 W
6372697 D
6372697 W
6405541 D
6405541 W
6429433 D
6429433 W
6438163 D
6438163 W
6463073 D
6463073 W
6490307 D
6490307 W
6498161 D
6498161 W
6514657 D
6514657 W
6564113 D
6564113 W
6565501 D
6565501 W
6598639 D
6598639 W
6666679 D
6666679 W
6669163 D
6669163 W
6684163 D
6684163 W
6733109 D
6733109 W
6799811 D
6799811 W
6891691 D
6891691 W
6897073 D
6897073 W
6901241 D
6901241 W
6908411 D
6908411 W
6922673 D
6922673 W
6935543 D
6935543 W
6936469 D
6936469 W
6954889 D
6954889 W
6992753 D
6992753 W
6994319 D
6994319 W
6995393 D
6995393 W
7031113 D
7031113 W
7049879 D
7049879 W
7100857 D
7100857 W
7135133 D
7135133 W
7233979 D
7233979 W
7258411 D
7258411 W
7288711 D
7288711 W
7333247 D
7333247 W
7358231 D
7358231 W
7376279 D
7376279 W
7376339 D
7376339 W
7383223 D
7383223 W
7387657 D
7387657 W
7409777 D
7409777 W
7462321 D
7462321 W
7526153 D
7526153 W
7540189 D
7540189 W
7599413 D
7599413 W
7676861 D
7676861 W
7678189 D
7678189 W
7688297 D
7688297 W
7702781 D
7702781 W
7719979 D
7719979 W
7733809 D
7733809 W
7737299 D
7737299 W
7759387 D
7759387 W
7769647 D
7769647 W
7785359 D
7785359 W
7785413 D
7785413 W
7795559 D
7795559 W
7965653 D
7965653 W
7988983 D
7988983 W
8143183 D
8143183 W
8180423 D
8180423 W
8196029 D
8196029 W
8246743 D
8246743 W
8285533 D
8285533 W
8301437 D
8301437 W
8350973 D
8350973 W
8383961 D
8383961 W
8390981 D
8390981 W
8452981 D
8452981 W
8458651 D
8458651 W
8481059 D
8481059 W
8543149 D
8543149 W
8566799 D
8566799 W
8579513 D
8579513 W
8583629 D
8583629 W
8856689 D
8856689 W
8870573 D
8870573 W
9011903 D
9011903 W
9041077 D
9041077 W
9062453 D
9062453 W
9154231 D
9154231 W
9207089 D
9207089 W
9241021 D
9241021 W
9258209 D
9258209 W
9317767 D
9317767 W
9390127 D
9390127 W
9398923 D
9398923 W
9399139 D
9399139 W
9513103 D
9513103 W
9610927 D
9610927 W
9690479 D
9690479 W
9735223 D
9735223 W
9749989 D
9749989 W
9761489 D
9761489 W
9772487 D
9772487 W
9796037 D
9796037 W
9887509 D
9887509 W
9897469 D
9897469 W
9944029 D
9944029 W
9973049 D
9973049 W
9997753 D
9997753 W
2 D
2 D
2 W
2 L
3 D
3 D
3 W
3 L
5 D
5 D
5 W
5 L
7 D
7 D
7 W
7 L
11 D
11 D
11 W
11 L
13 D
13 D
13 W
13 L
17 D
17 D
17 W
17 L
19 D
19 D
19 W
19 L
23 D
23 D
23 W
23 L
29 D
29 D
29 W
29 L
31 D
31 D
31 W
31 L
37 D
37 D
37 W
37 L
41 D
41 D
41 W
41 L
47 D
47 D
47 W
47 L
53 D
53 D
53 W
53 L
59 D
59 D
59 W
59 L
73 D
73 D
73 W
73 L
79 D
79 D
79 W
79 L
83 D
83 D
83 W
83 L
89 D
89 D
89 W
89 L
113 D
113 D
113 W
113 L
131 D
131 D
131 W
131 L
197 D
197 D
197 W
197 L
227 D
227 D
227 W
227 L
379 D
379 D
379 W
379 L
12037 D
12037 D
12037 W
12037 L
24683 D
24683 D
24683 W
24683 L
35671 D
35671 D
35671 W
35671 L
44531 D
44531 D
44531 W
44531 L
45989 D
45989 D
45989 W
45989 L
61987 D
61987 D
61987 W
61987 L
74779 D
74779 D
74779 W
74779 L
86783 D
86783 D
86783 W
86783 L
93901 D
93901 D
93901 W
93901 L
101581 D
101581 D
101581 W
101581 L
105367 D
105367 D
105367 W
105367 L
107069 D
107069 D
107069 W
107069 L
109441 D
109441 D
109441 W
109441 L
115777 D
115777 D
115777 W
115777 L
178487 D
178487 D
178487 W
178487 L
186569 D
186569 D
186569 W
186569 L
248317 D
248317 D
248317 W
248317 L
267557 D
267557 D
267557 W
267557 L
268819 D
268819 D
268819 W
268819 L
275399 D
275399 D
275399 W
275399 L
276623 D
276623 D
276623 W
276623 L
316177 D
316177 D
316177 W
316177 L
321199 D
321199 D
321199 W
321199 L
336221 D
336221 D
336221 W
336221 L
341659 D
341659 D
341659 W
341659 L
355717 D
355717 D
355717 W
355717 L
366853 D
366853 D
366853 W
366853 L
367457 D
367457 D
367457 W
367457 L
390581 D
390581 D
390581 W
390581 L
401953 D
401953 D
401953 W
401953 L
430861 D
430861 D
430861 W
430861 L
441043 D
441043 D
441043 W
441043 L
443689 D
443689 D
443689 W
443689 L
460087 D
460087 D
460087 W
460087 L
492077 D
492077 D
492077 W
492077 L
494713 D
494713 D
494713 W
494713 L
494743 D
494743 D
494743 W
494743 L
513761 D
513761 D
513761 W
513761 L
567793 D
567793 D
567793 W
567793 L
598049 D
598049 D
598049 W
598049 L
621347 D
621347 D
621347 W
621347 L
629249 D
629249 D
629249 W
629249 L
632747 D
632747 D
632747 W
632747 L
633877 D
633877 D
633877 W
633877 L
637603 D
637603 D
637603 W
637603 L
650401 D
650401 D
650401 W
650401 L
664847 D
664847 D
664847 W
664847 L
669937 D
669937 D
669937 W
669937 L
676859 D
676859 D
676859 W
676859 L
726641 D
726641 D
726641 W
726641 L
736037 D
736037 D
736037 W
736037 L
736937 D
736937 D
736937 W
736937 L
737339 D
737339 D
737339 W
737339 L
740477 D
740477 D
740477 W
740477 L
744661 D
744661 D
744661 W
744661 L
747827 D
747827 D
747827 W
747827 L
814337 D
814337 D
814337 W
814337 L
857743 D
857743 D
857743 W
857743 L
868313 D
868313 D
868313 W
868313 L
885823 D
885823 D
885823 W
885823 L
894097 D
894097 D
894097 W
894097 L
900491 D
900491 D
900491 W
900491 L
902047 D
902047 D
902047 W
902047 L
934607 D
934607 D
934607 W
934607 L
939431 D
939431 D
939431 W
939431 L
946367 D
946367 D
946367 W
946367 L
988591 D
988591 D
988591 W
988591 L
1064771 D
1064771 D
1064771 W
1064771 L
1071053 D
1071053 D
1071053 W
1071053 L
1071991 D
1071991 D
1071991 W
1071991 L
1083431 D
1083431 D
1083431 W
1083431 L
1087817 D
1087817 D
1087817 W
1087817 L
1093591 D
1093591 D
1093591 W
1093591 L
1118951 D
1118951 D
1118951 W
1118951 L
1152989 D
1152989 D
1152989 W
1152989 L
1191107 D
1191107 D
1191107 W
1191107 L
1216069 D
1216069 D
1216069 W
1216069 L
1241893 D
1241893 D
1241893 W
1241893 L
1242977 D
1242977 D
1242977 W
1242977 L
1258099 D
1258099 D
1258099 W
1258099 L
1262869 D
1262869 D
1262869 W
1262869 L
1265861 D
1265861 D
1265861 W
1265861 L
1277357 D
1277357 D
1277357 W
1277357 L
1278439 D
1278439 D
1278439 W
1278439 L
1290857 D
1290857 D
1290857 W
1290857 L
1317227 D
1317227 D
1317227 W
1317227 L
1317247 D
1317247 D
1317247 W
1317247 L
1322359 D
1322359 D
1322359 W
1322359 L
1328671 D
1328671 D
1328671 W
1328671 L
1342067 D
1342067 D
1342067 W
1342067 L
1367291 D
1367291 D
1367291 W
1367291 L
1372981 D
1372981 D
1372981 W
1372981 L
1397311 D
1397311 D
1397311 W
1397311 L
1418551 D
1418551 D
1418551 W
1418551 L
1424483 D
1424483 D
1424483 W
1424483 L
1469291 D
1469291 D
1469291 W
1469291 L
1477631 D
1477631 D
1477631 W
1477631 L
1484507 D
1484507 D
1484507 W
1484507 L
1506203 D
1506203 D
1506203 W
1506203 L
1512607 D
1512607 D
1512607 W
1512607 L
1558967 D
1558967 D
1558967 W
1558967 L
1571923 D
1571923 D
1571923 W
1571923 L
1576483 D
1576483 D
1576483 W
1576483 L
1595339 D
1595339 D
1595339 W
1595339 L
1621871 D
1621871 D
1621871 W
1621871 L
1650353 D
1650353 D
1650353 W
1650353 L
1652821 D
1652821 D
1652821 W
1652821 L
1657001 D
1657001 D
1657001 W
1657001 L
1662571 D
1662571 D
1662571 W
1662571 L
1706633 D
1706633 D
1706633 W
1706633 L
1714787 D
1714787 D
1714787 W
1714787 L
1729129 D
1729129 D
1729129 W
1729129 L
1731931 D
1731931 D
1731931 W
1731931 L
1746923 D
1746923 D
1746923 W
1746923 L
1749047 D
1749047 D
1749047 W
1749047 L
1776587 D
1776587 D
1776587 W
1776587 L
1795439 D
1795439 D
1795439 W
1795439 L
1799801 D
1799801 D
1799801 W
1799801 L
1813429 D
1813429 D
1813429 W
1813429 L
1833179 D
1833179 D
1833179 W
1833179 L
1851749 D
1851749 D
1851749 W
1851749 L
1892431 D
1892431 D
1892431 W
1892431 L
1894913 D
1894913 D
1894913 W
1894913 L
1909079 D
1909079 D
1909079 W
1909079 L
1912453 D
1912453 D
1912453 W
1912453 L
1921921 D
1921921 D
1921921 W
1921921 L
1945859 D
1945859 D
1945859 W
1945859 L
1962731 D
1962731 D
1962731 W
1962731 L
1984133 D
1984133 D
1984133 W
1984133 L
2033021 D
2033021 D
2033021 W
2033021 L
2036803 D
2036803 D
2036803 W
2036803 L
2053789 D
2053789 D
2053789 W
2053789 L
2083573 D
2083573 D
2083573 W
2083573 L
2083769 D
2083769 D
2083769 W
2083769 L
2125813 D
2125813 D
2125813 W
2125813 L
2137829 D
2137829 D
2137829 W
2137829 L
2154137 D
2154137 D
2154137 W
2154137 L
2168183 D
2168183 D
2168183 W
2168183 L
2175461 D
2175461 D
2175461 W
2175461 L
2184157 D
2184157 D
2184157 W
2184157 L
2186831 D
2186831 D
2186831 W
2186831 L
2206093 D
2206093 D
2206093 W
2206093 L
2216437 D
2216437 D
2216437 W
2216437 L
2224633 D
2224633 D
2224633 W
2224633 L
2258033 D
2258033 D
2258033 W
2258033 L
2298731 D
2298731 D
2298731 W
2298731 L
2302889 D
2302889 D
2302889 W
2302889 L
2307763 D
2307763 D
2307763 W
2307763 L
2327641 D
2327641 D
2327641 W
2327641 L
2339131 D
2339131 D
2339131 W
2339131 L
2346271 D
2346271 D
2346271 W
2346271 L
2368381 D
2368381 D
2368381 W
2368381 L
2371207 D
2371207 D
2371207 W
2371207 L
2372239 D
2372239 D
2372239 W
2372239 L
2383631 D
2383631 D
2383631 W
2383631 L
2413933 D
2413933 D
2413933 W
2413933 L
2439097 D
2439097 D
2439097 W
2439097 L
2446051 D
2446051 D
2446051 W
2446051 L
2480311 D
2480311 D
2480311 W
2480311 L
2508899 D
2508899 D
2508899 W
2508899 L
2527097 D
2527097 D
2527097 W
2527097 L
2538203 D
2538203 D
2538203 W
2538203 L
2561431 D
2561431 D
2561431 W
2561431 L
2581141 D
2581141 D
2581141 W
2581141 L
2607277 D
2607277 D
2607277 W
2607277 L
2622761 D
2622761 D
2622761 W
2622761 L
2650013 D
2650013 D
2650013 W
2650013 L
2658793 D
2658793 D
2658793 W
2658793 L
2704019 D
2704019 D
2704019 W
2704019 L
2710681 D
2710681 D
2710681 W
2710681 L
2714419 D
2714419 D
2714419 W
2714419 L
2717233 D
2717233 D
2717233 W
2717233 L
2723521 D
2723521 D
2723521 W
2723521 L
2762833 D
2762833 D
2762833 W
2762833 L
2820239 D
2820239 D
2820239 W
2820239 L
2827931 D
2827931 D
2827931 W
2827931 L
2846647 D
2846647 D
2846647 W
2846647 L
2861291 D
2861291 D
2861291 W
2861291 L
2884811 D
2884811 D
2884811 W
2884811 L
2902411 D
2902411 D
2902411 W
2902411 L
2912761 D
2912761 D
2912761 W
2912761 L
2929259 D
2929259 D
2929259 W
2929259 L
2936851 D
2936851 D
2936851 W
2936851 L
2943671 D
2943671 D
2943671 W
2943671 L
2966881 D
2966881 D
2966881 W
2966881 L
2975389 D
2975389 D
2975389 W
2975389 L
3000061 D
3000061 D
3000061 W
3000061 L
3022087 D
3022087 D
3022087 W
3022087 L
3030107 D
3030107 D
3030107 W
3030107 L
3061739 D
3061739 D
3061739 W
3061739 L
3065521 D
3065521 D
3065521 W
3065521 L
3129937 D
3129937 D
3129937 W
3129937 L
3136631 D
3136631 D
3136631 W
3136631 L
3150877 D
3150877 D
3150877 W
3150877 L
3158569 D
3158569 D
3158569 W
3158569 L
3164827 D
3164827 D
3164827 W
3164827 L
3208211 D
3208211 D
3208211 W
3208211 L
3226309 D
3226309 D
3226309 W
3226309 L
3249563 D
3249563 D
3249563 W
3249563 L
3266447 D
3266447 D
3266447 W
3266447 L
3280477 D
3280477 D
3280477 W
3280477 L
3322547 D
3322547 D
3322547 W
3322547 L
3325831 D
3325831 D
3325831 W
3325831 L
3366821 D
3366821 D
3366821 W
3366821 L
3371969 D
3371969 D
3371969 W
3371969 L
3387803 D
3387803 D
3387803 W
3387803 L
3426029 D
3426029 D
3426029 W
3426029 L
3443851 D
3443851 D
3443851 W
3443851 L
3447349 D
3447349 D
3447349 W
3447349 L
3451859 D
3451859 D
3451859 W
3451859 L
3475559 D
3475559 D
3475559 W
3475559 L
3478127 D
3478127 D
3478127 W
3478127 L
3483481 D
3483481 D
3483481 W
3483481 L
3531659 D
3531659 D
3531659 W
3531659 L
3539059 D
3539059 D
3539059 W
3539059 L
3574189 D
3574189 D
3574189 W
3574189 L
3580207 D
3580207 D
3580207 W
3580207 L
3580403 D
3580403 D
3580403 W
3580403 L
3590011 D
3590011 D
3590011 W
3590011 L
3612149 D
3612149 D
3612149 W
3612149 L
3633337 D
3633337 D
3633337 W
3633337 L
3661949 D
3661949 D
3661949 W
3661949 L
3675337 D
3675337 D
3675337 W
3675337 L
3697657 D
3697657 D
3697657 W
3697657 L
3707491 D
3707491 D
3707491 W
3707491 L
3716831 D
3716831 D
3716831 W
3716831 L
3744761 D
3744761 D
3744761 W
3744761 L
3753593 D
3753593 D
3753593 W
3753593 L
3770677 D
3770677 D
3770677 W
3770677 L
3790103 D
3790103 D
3790103 W
3790103 L
3828361 D
3828361 D
3828361 W
3828361 L
3853007 D
3853007 D
3853007 W
3853007 L
3867757 D
3867757 D
3867757 W
3867757 L
3883921 D
3883921 D
3883921 W
3883921 L
3891493 D
3891493 D
3891493 W
3891493 L
3910229 D
3910229 D
3910229 W
3910229 L
3915077 D
3915077 D
3915077 W
3915077 L
3936223 D
3936223 D
3936223 W
3936223 L
3938549 D
3938549 D
3938549 W
3938549 L
3947473 D
3947473 D
3947473 W
3947473 L
4037809 D
4037809 D
4037809 W
4037809 L
4098817 D
4098817 D
4098817 W
4098817 L
4148621 D
4148621 D
4148621 W
4148621 L
4210469 D
4210469 D
4210469 W
4210469 L
4226401 D
4226401 D
4226401 W
4226401 L
4255939 D
4255939 D
4255939 W
4255939 L
4291673 D
4291673 D
4291673 W
4291673 L
4294439 D
4294439 D
4294439 W
4294439 L
4324843 D
4324843 D
4324843 W
4324843 L
4329847 D
4329847 D
4329847 W
4329847 L
4356887 D
4356887 D
4356887 W
4356887 L
4362857 D
4362857 D
4362857 W
4362857 L
4374353 D
4374353 D
4374353 W
4374353 L
4389673 D
4389673 D
4389673 W
4389673 L
4415143 D
4415143 D
4415143 W
4415143 L
4427281 D
4427281 D
4427281 W
4427281 L
4449521 D
4449521 D
4449521 W
4449521 L
4455797 D
4455797 D
4455797 W
4455797 L
4494901 D
4494901 D
4494901 W
4494901 L
4496579 D
4496579 D
4496579 W
4496579 L
4496963 D
4496963 D
4496963 W
4496963 L
4509259 D
4509259 D
4509259 W
4509259 L
4511609 D
4511609 D
4511609 W
4511609 L
4537319 D
4537319 D
4537319 W
4537319 L
4538257 D
4538257 D
4538257 W
4538257 L
4546403 D
4546403 D
4546403 W
4546403 L
4557521 D
4557521 D
4557521 W
4557521 L
4560637 D
4560637 D
4560637 W
4560637 L
4582069 D
4582069 D
4582069 W
4582069 L
4591381 D
4591381 D
4591381 W
4591381 L
4592881 D
4592881 D
4592881 W
4592881 L
4593089 D
4593089 D
4593089 W
4593089 L
4601057 D
4601057 D
4601057 W
4601057 L
4612871 D
4612871 D
4612871 W
4612871 L
4636883 D
4636883 D
4636883 W
4636883 L
4657189 D
4657189 D
4657189 W
4657189 L
4662967 D
4662967 D
4662967 W
4662967 L
4664323 D
4664323 D
4664323 W
4664323 L
4676339 D
4676339 D
4676339 W
4676339 L
4679999 D
4679999 D
4679999 W
4679999 L
4708183 D
4708183 D
4708183 W
4708183 L
4708877 D
4708877 D
4708877 W
4708877 L
4712321 D
4712321 D
4712321 W
4712321 L
4720229 D
4720229 D
4720229 W
4720229 L
4730909 D
4730909 D
4730909 W
4730909 L
4755589 D
4755589 D
4755589 W
4755589 L
4761979 D
4761979 D
4761979 W
4761979 L
4785947 D
4785947 D
4785947 W
4785947 L
4833019 D
4833019 D
4833019 W
4833019 L
4835477 D
4835477 D
4835477 W
4835477 L
4847681 D
4847681 D
4847681 W
4847681 L
4851139 D
4851139 D
4851139 W
4851139 L
4854691 D
4854691 D
4854691 W
4854691 L
4867873 D
4867873 D
4867873 W
4867873 L
4873391 D
4873391 D
4873391 W
4873391 L
4873579 D
4873579 D
4873579 W
4873579 L
4880069 D
4880069 D
4880069 W
4880069 L
4937423 D
4937423 D
4937423 W
4937423 L
4961317 D
4961317 D
4961317 W
4961317 L
4963573 D
4963573 D
4963573 W
4963573 L
4969163 D
4969163 D
4969163 W
4969163 L
4983229 D
4983229 D
4983229 W
4983229 L
5010287 D
5010287 D
5010287 W
5010287 L
5014049 D
5014049 D
5014049 W
5014049 L
5015917 D
5015917 D
5015917 W
5015917 L
5027591 D
5027591 D
5027591 W
5027591 L
5033047 D
5033047 D
5033047 W
5033047 L
5033543 D
5033543 D
5033543 W
5033543 L
5069033 D
5069033 D
5069033 W
5069033 L
5069423 D
5069423 D
5069423 W
5069423 L
5087149 D
5087149 D
5087149 W
5087149 L
5087653 D
5087653 D
5087653 W
5087653 L
5126269 D
5126269 D
5126269 W
5126269 L
5140297 D
5140297 D
5140297 W
5140297 L
5144899 D
5144899 D
5144899 W
5144899 L
5223671 D
5223671 D
5223671 W
5223671 L
5231981 D
5231981 D
5231981 W
5231981 L
5249081 D
5249081 D
5249081 W
5249081 L
5257949 D
5257949 D
5257949 W
5257949 L
5375641 D
5375641 D
5375641 W
5375641 L
5381699 D
5381699 D
5381699 W
5381699 L
5392301 D
5392301 D
5392301 W
5392301 L
5417791 D
5417791 D
5417791 W
5417791 L
5420143 D
5420143 D
5420143 W
5420143 L
5427907 D
5427907 D
5427907 W
5427907 L
5454343 D
5454343 D
5454343 W
5454343 L
5500247 D
5500247 D
5500247 W
5500247 L
5542549 D
5542549 D
5542549 W
5542549 L
5549437 D
5549437 D
5549437 W
5549437 L
5570293 D
5570293 D
5570293 W
5570293 L
5600671 D
5600671 D
5600671 W
5600671 L
5618909 D
5618909 D
5618909 W
5618909 L
5620427 D
5620427 D
5620427 W
5620427 L
5631767 D
5631767 D
5631767 W
5631767 L
5639507 D
5639507 D
5639507 W
5639507 L
5640157 D
5640157 D
5640157 W
5640157 L
5658547 D
5658547 D
5658547 W
5658547 L
5672677 D
5672677 D
5672677 W
5672677 L
5683189 D
5683189 D
5683189 W
5683189 L
5701733 D
5701733 D
5701733 W
5701733 L
5717951 D
5717951 D
5717951 W
5717951 L
5723131 D
5723131 D
5723131 W
5723131 L
5724533 D
5724533 D
5724533 W
5724533 L
5725157 D
5725157 D
5725157 W
5725157 L
5751037 D
5751037 D
5751037 W
5751037 L
5778041 D
5778041 D
5778041 W
5778041 L
5779153 D
5779153 D
5779153 W
5779153 L
5780809 D
5780809 D
5780809 W
5780809 L
5801239 D
5801239 D
5801239 W
5801239 L
5818289 D
5818289 D
5818289 W
5818289 L
5834431 D
5834431 D
5834431 W
5834431 L
5895761 D
5895761 D
5895761 W
5895761 L
5935739 D
5935739 D
5935739 W
5935739 L
5942561 D
5942561 D
5942561 W
5942561 L
5954789 D
5954789 D
5954789 W
5954789 L
5958773 D
5958773 D
5958773 W
5958773 L
5964391 D
5964391 D
5964391 W
5964391 L
5967991 D
5967991 D
5967991 W
5967991 L
5972699 D
5972699 D
5972699 W
5972699 L
6014053 D
6014053 D
6014053 W
6014053 L
6053357 D
6053357 D
6053357 W
6053357 L
6106873 D
6106873 D
6106873 W
6106873 L
6118967 D
6118967 D
6118967 W
6118967 L
6148463 D
6148463 D
6148463 W
6148463 L
6174583 D
6174583 D
6174583 W
6174583 L
6175333 D
6175333 D
6175333 W
6175333 L
6190187 D
6190187 D
6190187 W
6190187 L
6191323 D
6191323 D
6191323 W
6191323 L
6206531 D
6206531 D
6206531 W
6206531 L
6272417 D
6272417 D
6272417 W
6272417 L
6307831 D
6307831 D
6307831 W
6307831 L
6326707 D
6326707 D
6326707 W
6326707 L
6337871 D
6337871 D
6337871 W
6337871 L
6357349 D
6357349 D
6357349 W
6357349 L
6372697 D
6372697 D
6372697 W
6372697 L
6388979 D
6388979 D
6388979 W
6388979 L
6405541 D
6405541 D
6405541 W
6405541 L
6429433 D
6429433 D
6429433 W
6429433 L
6438163 D
6438163 D
6438163 W
6438163 L
6463073 D
6463073 D
6463073 W
6463073 L
6490307 D
6490307 D
6490307 W
6490307 L
6492383 D
6492383 D
6492383 W
6492383 L
6494951 D
6494951 D
6494951 W
6494951 L
6498161 D
6498161 D
6498161 W
6498161 L
6514657 D
6514657 D
6514657 W
6514657 L
6537547 D
6537547 D
6537547 W
6537547 L
6552901 D
6552901 D
6552901 W
6552901 L
6564113 D
6564113 D
6564113 W
6564113 L
6565501 D
6565501 D
6565501 W
6565501 L
6572143 D
6572143 D
6572143 W
6572143 L
6598639 D
6598639 D
6598639 W
6598639 L
6633947 D
6633947 D
6633947 W
6633947 L
6652441 D
6652441 D
6652441 W
6652441 L
6666679 D
6666679 D
6666679 W
6666679 L
6669163 D
6669163 D
6669163 W
6669163 L
6684163 D
6684163 D
6684163 W
6684163 L
6716761 D
6716761 D
6716761 W
6716761 L
6727667 D
6727667 D
6727667 W
6727667 L
6733109 D
6733109 D
6733109 W
6733109 L
6799811 D
6799811 D
6799811 W
6799811 L
6812453 D
6812453 D
6812453 W
6812453 L
6891691 D
6891691 D
6891691 W
6891691 L
6896447 D
6896447 D
6896447 W
6896447 L
6897073 D
6897073 D
6897073 W
6897073 L
6901241 D
6901241 D
6901241 W
6901241 L
6908411 D
6908411 D
6908411 W
6908411 L
6913573 D
6913573 D
6913573 W
6913573 L
6922673 D
6922673 D
6922673 W
6922673 L
6935543 D
6935543 D
6935543 W
6935543 L
6936469 D
6936469 D
6936469 W
6936469 L
6954889 D
6954889 D
6954889 W
6954889 L
6959509 D
6959509 D
6959509 W
6959509 L
6992753 D
6992753 D
6992753 W
6992753 L
6994319 D
6994319 D
6994319 W
6994319 L
6995393 D
6995393 D
6995393 W
6995393 L
7031113 D
7031113 D
7031113 W
7031113 L
7049879 D
7049879 D
7049879 W
7049879 L
7068349 D
7068349 D
7068349 W
7068349 L
7100857 D
7100857 D
7100857 W
7100857 L
7135133 D
7135133 D
7135133 W
7135133 L
7142141 D
7142141 D
7142141 W
7142141 L
7165031 D
7165031 D
7165031 W
7165031 L
7233979 D
7233979 D
7233979 W
7233979 L
7258411 D
7258411 D
7258411 W
7258411 L
7276609 D
7276609 D
7276609 W
7276609 L
7288711 D
7288711 D
7288711 W
7288711 L
7333247 D
7333247 D
7333247 W
7333247 L
7358231 D
7358231 D
7358231 W
7358231 L
7376279 D
7376279 D
7376279 W
7376279 L
7376339 D
7376339 D
7376339 W
7376339 L
7383223 D
7383223 D
7383223 W
7383223 L
7387657 D
7387657 D
7387657 W
7387657 L
7391759 D
7391759 D
7391759 W
7391759 L
7403023 D
7403023 D
7403023 W
7403023 L
7409777 D
7409777 D
7409777 W
7409777 L
7420261 D
7420261 D
7420261 W
7420261 L
7457053 D
7457053 D
7457053 W
7457053 L
7462321 D
7462321 D
7462321 W
7462321 L
7466917 D
7466917 D
7466917 W
7466917 L
7474681 D
7474681 D
7474681 W
7474681 L
7511473 D
7511473 D
7511473 W
7511473 L
7526153 D
7526153 D
7526153 W
7526153 L
7540189 D
7540189 D
7540189 W
7540189 L
7561969 D
7561969 D
7561969 W
7561969 L
7599413 D
7599413 D
7599413 W
7599413 L
7616027 D
7616027 D
7616027 W
7616027 L
7622423 D
7622423 D
7622423 W
7622423 L
7647667 D
7647667 D
7647667 W
7647667 L
7676861 D
7676861 D
7676861 W
7676861 L
7678189 D
7678189 D
7678189 W
7678189 L
7688297 D
7688297 D
7688297 W
7688297 L
7702781 D
7702781 D
7702781 W
7702781 L
7708669 D
7708669 D
7708669 W
7708669 L
7719979 D
7719979 D
7719979 W
7719979 L
7732171 D
7732171 D
7732171 W
7732171 L
7733809 D
7733809 D
7733809 W
7733809 L
7737299 D
7737299 D
7737299 W
7737299 L
7759387 D
7759387 D
7759387 W
7759387 L
7769647 D
7769647 D
7769647 W
7769647 L
7776589 D
7776589 D
7776589 W
7776589 L
7785359 D
7785359 D
7785359 W
7785359 L
7785413 D
7785413 D
7785413 W
7785413 L
7795559 D
7795559 D
7795559 W
7795559 L
7814291 D
7814291 D
7814291 W
7814291 L
7904651 D
7904651 D
7904651 W
7904651 L
7965653 D
7965653 D
7965653 W
7965653 L
7988983 D
7988983 D
7988983 W
7988983 L
7999403 D
7999403 D
7999403 W
7999403 L
8054087 D
8054087 D
8054087 W
8054087 L
8143183 D
8143183 D
8143183 W
8143183 L
8162251 D
8162251 D
8162251 W
8162251 L
8180423 D
8180423 D
8180423 W
8180423 L
8196029 D
8196029 D
8196029 W
8196029 L
8199143 D
8199143 D
8199143 W
8199143 L
8246743 D
8246743 D
8246743 W
8246743 L
8252779 D
8252779 D
8252779 W
8252779 L
8285533 D
8285533 D
8285533 W
8285533 L
8301437 D
8301437 D
8301437 W
8301437 L
8345153 D
8345153 D
8345153 W
8345153 L
8350973 D
8350973 D
8350973 W
8350973 L
8370631 D
8370631 D
8370631 W
8370631 L
8383961 D
8383961 D
8383961 W
8383961 L
8384429 D
8384429 D
8384429 W
8384429 L
8390981 D
8390981 D
8390981 W
8390981 L
8438407 D
8438407 D
8438407 W
8438407 L
8452981 D
8452981 D
8452981 W
8452981 L
8458651 D
8458651 D
8458651 W
8458651 L
8459651 D
8459651 D
8459651 W
8459651 L
8481059 D
8481059 D
8481059 W
8481059 L
8483807 D
8483807 D
8483807 W
8483807 L
8505989 D
8505989 D
8505989 W
8505989 L
8523043 D
8523043 D
8523043 W
8523043 L
8543149 D
8543149 D
8543149 W
8543149 L
8548759 D
8548759 D
8548759 W
8548759 L
8566799 D
8566799 D
8566799 W
8566799 L
8579513 D
8579513 D
8579513 W
8579513 L
8583629 D
8583629 D
8583629 W
8583629 L
8591293 D
8591293 D
8591293 W
8591293 L
8613457 D
8613457 D
8613457 W
8613457 L
8616541 D
8616541 D
8616541 W
8616541 L
8631881 D
8631881 D
8631881 W
8631881 L
8633279 D
8633279 D
8633279 W
8633279 L
8666783 D
8666783 D
8666783 W
8666783 L
8671367 D
8671367 D
8671367 W
8671367 L
8691391 D
8691391 D
8691391 W
8691391 L
8742653 D
8742653 D
8742653 W
8742653 L
8754281 D
8754281 D
8754281 W
8754281 L
8768027 D
8768027 D
8768027 W
8768027 L
8783557 D
8783557 D
8783557 W
8783557 L
8852429 D
8852429 D
8852429 W
8852429 L
8856689 D
8856689 D
8856689 W
8856689 L
8870573 D
8870573 D
8870573 W
8870573 L
8879777 D
8879777 D
8879777 W
8879777 L
8908327 D
8908327 D
8908327 W
8908327 L
8983951 D
8983951 D
8983951 W
8983951 L
8992331 D
8992331 D
8992331 W
8992331 L
9011903 D
9011903 D
9011903 W
9011903 L
9041077 D
9041077 D
9041077 W
9041077 L
9062453 D
9062453 D
9062453 W
9062453 L
9154231 D
9154231 D
9154231 W
9154231 L
9207089 D
9207089 D
9207089 W
9207089 L
9217883 D
9217883 D
9217883 W
9217883 L
9241021 D
9241021 D
9241021 W
9241021 L
9258209 D
9258209 D
9258209 W
9258209 L
9317767 D
9317767 D
9317767 W
9317767 L
9340501 D
9340501 D
9340501 W
9340501 L
9360499 D
9360499 D
9360499 W
9360499 L
9374227 D
9374227 D
9374227 W
9374227 L
9385721 D
9385721 D
9385721 W
9385721 L
9390127 D
9390127 D
9390127 W
9390127 L
9398923 D
9398923 D
9398923 W
9398923 L
9399139 D
9399139 D
9399139 W
9399139 L
9404561 D
9404561 D
9404561 W
9404561 L
9414287 D
9414287 D
9414287 W
9414287 L
9427181 D
9427181 D
9427181 W
9427181 L
9448259 D
9448259 D
9448259 W
9448259 L
9513103 D
9513103 D
9513103 W
9513103 L
9610927 D
9610927 D
9610927 W
9610927 L
9690479 D
9690479 D
9690479 W
9690479 L
9696361 D
9696361 D
9696361 W
9696361 L
9706867 D
9706867 D
9706867 W
9706867 L
9726713 D
9726713 D
9726713 W
9726713 L
9735223 D
9735223 D
9735223 W
9735223 L
9749989 D
9749989 D
9749989 W
9749989 L
9758767 D
9758767 D
9758767 W
9758767 L
9761489 D
9761489 D
9761489 W
9761489 L
9772487 D
9772487 D
9772487 W
9772487 L
9778211 D
9778211 D
9778211 W
9778211 L
9796037 D
9796037 D
9796037 W
9796037 L
9849311 D
9849311 D
9849311 W
9849311 L
9861463 D
9861463 D
9861463 W
9861463 L
9866419 D
9866419 D
9866419 W
9866419 L
9887509 D
9887509 D
9887509 W
9887509 L
9897469 D
9897469 D
9897469 W
9897469 L
9944029 D
9944029 D
9944029 W
9944029 L
9973049 D
9973049 D
9973049 W
9973049 L
9997753 D
9997753 D
9997753 W
9997753 L
