3018
2 W
2 W
2 W
2 W
2 W
2 W
2 W
2 W
2 W
2 W
2 W
2 W
2 W
2 W
2 W
2 W
2 W
2 W
2 W
2 W
2 W
2 W
2 W
2 W
2 W
2 W
2 D
2 W
3 W
3 W
3 W
3 W
3 W
3 W
3 W
3 W
3 W
3 W
3 W
3 W
3 W
3 W
3 W
3 W
3 W
5 W
5 W
5 W
5 W
5 W
5 D
5 W
7 W
7 W
11 W
13 W
13 W
13 W
13 D
13 W
17 D
17 W
29 W
37 D
37 W
41 W
41 W
41 D
41 W
47 W
53 D
53 W
59 W
61 W
61 D
61 W
71 W
73 D
73 W
79 D
79 W
97 D
97 W
103 D
103 W
107 D
107 W
113 D
113 W
131 D
131 W
139 D
139 W
151 D
151 W
157 D
157 W
181 D
181 W
211 W
223 D
223 W
233 D
233 W
311 D
311 W
317 D
317 W
379 D
379 W
457 D
457 W
487 D
487 W
547 D
547 W
661 D
661 W
751 D
751 W
839 D
839 W
947 D
947 W
1231 D
1231 W
1381 D
1381 W
1433 D
1433 W
1601 D
1601 W
1723 D
1723 W
2111 D
2111 W
2287 D
2287 W
2351 D
2351 W
2477 D
2477 W
2663 D
2663 W
3637 D
3637 W
4027 D
4027 W
5087 D
5087 W
5303 D
5303 W
6007 D
6007 W
8623 D
8623 W
10289 D
10289 W
10847 D
10847 W
13049 D
13049 W
16811 D
16811 W
23099 D
23099 W
24019 D
24019 W
29803 D
29803 W
30187 D
30187 W
31741 D
31741 W
41887 D
41887 W
43037 D
43037 W
43793 D
43793 W
47869 D
47869 W
60937 D
60937 W
104309 D
104309 W
150301 D
150301 W
158293 D
158293 W
215353 D
215353 W
326257 D
326257 W
379997 D
379997 W
441449 D
441449 W
541859 D
541859 W
643081 D
643081 W
740561 D
740561 W
750517 D
750517 W
1064153 D
1064153 W
1323649 D
1323649 W
4303609 D
4303609 W
5005001 D
5005001 W
5040601 D
5040601 W
5097139 D
5097139 W
5099053 D
5099053 W
5144989 D
5144989 W
5159827 D
5159827 W
5181899 D
5181899 W
5190851 D
5190851 W
5208059 D
5208059 W
5213179 D
5213179 W
5275663 D
5275663 W
5289497 D
5289497 W
5324491 D
5324491 W
5352821 D
5352821 W
5361833 D
5361833 W
5368403 D
5368403 W
5375113 D
5375113 W
5383967 D
5383967 W
5396431 D
5396431 W
5415187 D
5415187 W
5427283 D
5427283 W
5451301 D
5451301 W
5454347 D
5454347 W
5455063 D
5455063 W
5489279 D
5489279 W
5499073 D
5499073 W
5555083 D
5555083 W
5564639 D
5564639 W
5602721 D
5602721 W
5645501 D
5645501 W
5675713 D
5675713 W
5678609 D
5678609 W
5744677 D
5744677 W
5749411 D
5749411 W
5750737 D
5750737 W
5769469 D
5769469 W
5774453 D
5774453 W
5775899 D
5775899 W
5799487 D
5799487 W
5816407 D
5816407 W
5853307 D
5853307 W
5962613 D
5962613 W
5964811 D
5964811 W
5977337 D
5977337 W
6030247 D
6030247 W
6034537 D
6034537 W
6077983 D
6077983 W
6079417 D
6079417 W
6095263 D
6095263 W
6145927 D
6145927 W
6153557 D
6153557 W
6183431 D
6183431 W
6191693 D
6191693 W
6193381 D
6193381 W
6218687 D
6218687 W
6220897 D
6220897 W
6263051 D
6263051 W
6272579 D
6272579 W
6281161 D
6281161 W
6284737 D
6284737 W
6291539 D
6291539 W
6314899 D
6314899 W
6315917 D
6315917 W
6326137 D
6326137 W
6329573 D
6329573 W
6342883 D
6342883 W
6350837 D
6350837 W
6410137 D
6410137 W
6441229 D
6441229 W
6447407 D
6447407 W
6459979 D
6459979 W
6528677 D
6528677 W
6554123 D
6554123 W
6585881 D
6585881 W
6603017 D
6603017 W
6605119 D
6605119 W
6609181 D
6609181 W
6712913 D
6712913 W
6719357 D
6719357 W
6764981 D
6764981 W
6775541 D
6775541 W
6782767 D
6782767 W
6832027 D
6832027 W
6908597 D
6908597 W
6926743 D
6926743 W
6981011 D
6981011 W
7009601 D
7009601 W
7050689 D
7050689 W
7060111 D
7060111 W
7086217 D
7086217 W
7087937 D
7087937 W
7135559 D
7135559 W
7158583 D
7158583 W
7178287 D
7178287 W
7289507 D
7289507 W
7325231 D
7325231 W
7338797 D
7338797 W
7341449 D
7341449 W
7350173 D
7350173 W
7412393 D
7412393 W
7460477 D
7460477 W
7466653 D
7466653 W
7478299 D
7478299 W
7482733 D
7482733 W
7484011 D
7484011 W
7484303 D
7484303 W
7500833 D
7500833 W
7530217 D
7530217 W
7533641 D
7533641 W
7549601 D
7549601 W
7580303 D
7580303 W
7595969 D
7595969 W
7598849 D
7598849 W
7601777 D
7601777 W
7649573 D
7649573 W
7661077 D
7661077 W
7663177 D
7663177 W
7700729 D
7700729 W
7715333 D
7715333 W
7779943 D
7779943 W
7793153 D
7793153 W
7797599 D
7797599 W
7822333 D
7822333 W
7833653 D
7833653 W
7839779 D
7839779 W
7859363 D
7859363 W
7905467 D
7905467 W
7911767 D
7911767 W
7934779 D
7934779 W
7948189 D
7948189 W
7965271 D
7965271 W
7999351 D
7999351 W
8056261 D
8056261 W
8057143 D
8057143 W
8088079 D
8088079 W
8130797 D
8130797 W
8133613 D
8133613 W
8151901 D
8151901 W
8156699 D
8156699 W
8178337 D
8178337 W
8181527 D
8181527 W
8183809 D
8183809 W
8204041 D
8204041 W
8247583 D
8247583 W
8268941 D
8268941 W
8269897 D
8269897 W
8280967 D
8280967 W
8307361 D
8307361 W
8324567 D
8324567 W
8342681 D
8342681 W
8368289 D
8368289 W
8401637 D
8401637 W
8407363 D
8407363 W
8436671 D
8436671 W
8437367 D
8437367 W
8473723 D
8473723 W
8484569 D
8484569 W
8600341 D
8600341 W
8605871 D
8605871 W
8621413 D
8621413 W
8637007 D
8637007 W
8644019 D
8644019 W
8662531 D
8662531 W
8666747 D
8666747 W
8673109 D
8673109 W
8694767 D
8694767 W
8707031 D
8707031 W
8744003 D
8744003 W
8754959 D
8754959 W
8758201 D
8758201 W
8768017 D
8768017 W
8779201 D
8779201 W
8786893 D
8786893 W
8809259 D
8809259 W
8833501 D
8833501 W
8842259 D
8842259 W
8850157 D
8850157 W
8865427 D
8865427 W
8886421 D
8886421 W
8894429 D
8894429 W
8918983 D
8918983 W
8927407 D
8927407 W
8947721 D
8947721 W
8978909 D
8978909 W
9015521 D
9015521 W
9049657 D
9049657 W
9061111 D
9061111 W
9064591 D
9064591 W
9103447 D
9103447 W
9111023 D
9111023 W
9121213 D
9121213 W
9142369 D
9142369 W
9183341 D
9183341 W
9189049 D
9189049 W
9290417 D
9290417 W
9308627 D
9308627 W
9309511 D
9309511 W
9312559 D
9312559 W
9325313 D
9325313 W
9335621 D
9335621 W
9345857 D
9345857 W
9350293 D
9350293 W
9394093 D
9394093 W
9441349 D
9441349 W
9460939 D
9460939 W
9555757 D
9555757 W
9560237 D
9560237 W
9590369 D
9590369 W
9628699 D
9628699 W
9668819 D
9668819 W
9737887 D
9737887 W
9764399 D
9764399 W
9802571 D
9802571 W
9818729 D
9818729 W
9851113 D
9851113 W
9857647 D
9857647 W
9871523 D
9871523 W
9871891 D
9871891 W
9883949 D
9883949 W
9916583 D
9916583 W
9952039 D
9952039 W
2 L
2 L
2 L
2 L
2 L
2 L
2 L
2 L
2 L
2 L
2 L
2 L
2 L
2 L
2 L
2 L
2 L
2 L
2 L
2 L
2 L
2 L
2 L
2 L
2 L
2 L
2 L
2 L
2 L
2 L
2 L
2 L
2 L
2 L
3 L
3 L
3 L
3 L
3 L
3 L
3 L
3 L
3 L
3 L
3 L
3 L
3 L
3 L
3 L
3 L
3 L
3 L
3 L
3 L
3 L
3 L
3 L
3 L
5 L
5 L
5 L
5 L
5 L
5 L
5 L
5 L
5 D
5 D
5 W
5 L
7 L
7 L
7 L
11 L
11 L
11 L
13 L
13 L
13 L
13 L
17 L
17 L
17 D
17 D
17 W
17 L
19 D
19 D
19 W
19 L
23 L
29 L
29 L
31 L
37 D
37 D
37 W
37 L
41 L
41 L
41 D
41 D
41 W
41 L
47 L
47 L
53 D
53 D
53 W
53 L
59 L
61 L
71 L
71 D
71 D
71 W
71 L
73 D
73 D
73 W
73 L
79 L
83 L
97 D
97 D
97 W
97 L
103 L
107 D
107 D
107 W
107 L
109 D
109 D
109 W
109 L
113 D
113 D
113 W
113 L
131 D
131 D
131 W
131 L
139 D
139 D
139 W
139 L
151 D
151 D
151 W
151 L
157 D
157 D
157 W
157 L
167 D
167 D
167 W
167 L
181 L
193 L
211 D
211 D
211 W
211 L
223 D
223 D
223 W
223 L
233 D
233 D
233 W
233 L
293 D
293 D
293 W
293 L
311 D
311 D
311 W
311 L
317 D
317 D
317 W
317 L
379 D
379 D
379 W
379 L
457 D
457 D
457 W
457 L
487 L
499 D
499 D
499 W
499 L
541 D
541 D
541 W
541 L
547 D
547 D
547 W
547 L
587 D
587 D
587 W
587 L
659 D
659 D
659 W
659 L
661 D
661 D
661 W
661 L
751 D
751 D
751 W
751 L
839 D
839 D
839 W
839 L
937 D
937 D
937 W
937 L
947 D
947 D
947 W
947 L
1231 D
1231 D
1231 W
1231 L
1301 D
1301 D
1301 W
1301 L
1381 D
1381 D
1381 W
1381 L
1433 D
1433 D
1433 W
1433 L
1523 D
1523 D
1523 W
1523 L
1601 D
1601 D
1601 W
1601 L
1723 L
1783 D
1783 D
1783 W
1783 L
1907 D
1907 D
1907 W
1907 L
2063 D
2063 D
2063 W
2063 L
2111 D
2111 D
2111 W
2111 L
2287 D
2287 D
2287 W
2287 L
2297 D
2297 D
2297 W
2297 L
2351 D
2351 D
2351 W
2351 L
2477 D
2477 D
2477 W
2477 L
2663 D
2663 D
2663 W
2663 L
3637 D
3637 D
3637 W
3637 L
4027 D
4027 D
4027 W
4027 L
4657 D
4657 D
4657 W
4657 L
5087 D
5087 D
5087 W
5087 L
5303 D
5303 D
5303 W
5303 L
5743 D
5743 D
5743 W
5743 L
6007 D
6007 D
6007 W
6007 L
6143 D
6143 D
6143 W
6143 L
6553 D
6553 D
6553 W
6553 L
6899 D
6899 D
6899 W
6899 L
7177 D
7177 D
7177 W
7177 L
7297 D
7297 D
7297 W
7297 L
7349 D
7349 D
7349 W
7349 L
8623 D
8623 D
8623 W
8623 L
10289 D
10289 D
10289 W
10289 L
10567 D
10567 D
10567 W
10567 L
10847 D
10847 D
10847 W
10847 L
12011 D
12011 D
12011 W
12011 L
12391 D
12391 D
12391 W
12391 L
13049 D
13049 D
13049 W
13049 L
13121 D
13121 D
13121 W
13121 L
14713 D
14713 D
14713 W
14713 L
16811 D
16811 D
16811 W
16811 L
23099 D
23099 D
23099 W
23099 L
23719 D
23719 D
23719 W
23719 L
24019 D
24019 D
24019 W
24019 L
25771 D
25771 D
25771 W
25771 L
29803 D
29803 D
29803 W
29803 L
30187 D
30187 D
30187 W
30187 L
31741 D
31741 D
31741 W
31741 L
39511 D
39511 D
39511 W
39511 L
41887 D
41887 D
41887 W
41887 L
43037 D
43037 D
43037 W
43037 L
43793 D
43793 D
43793 W
43793 L
47869 D
47869 D
47869 W
47869 L
60937 D
60937 D
60937 W
60937 L
66457 D
66457 D
66457 W
66457 L
82217 D
82217 D
82217 W
82217 L
83639 D
83639 D
83639 W
83639 L
84589 D
84589 D
84589 W
84589 L
104309 D
104309 D
104309 W
104309 L
110587 D
110587 D
110587 W
110587 L
140831 D
140831 D
140831 W
140831 L
146239 D
146239 D
146239 W
146239 L
150301 D
150301 D
150301 W
150301 L
158293 D
158293 D
158293 W
158293 L
201589 D
201589 D
201589 W
201589 L
215353 D
215353 D
215353 W
215353 L
326257 D
326257 D
326257 W
326257 L
379997 D
379997 D
379997 W
379997 L
441449 D
441449 D
441449 W
441449 L
541859 D
541859 D
541859 W
541859 L
595363 D
595363 D
595363 W
595363 L
643081 D
643081 D
643081 W
643081 L
740561 D
740561 D
740561 W
740561 L
750517 D
750517 D
750517 W
750517 L
954277 D
954277 D
954277 W
954277 L
1064153 D
1064153 D
1064153 W
1064153 L
1272577 D
1272577 D
1272577 W
1272577 L
1313443 D
1313443 D
1313443 W
1313443 L
1323649 D
1323649 D
1323649 W
1323649 L
1367713 D
1367713 D
1367713 W
1367713 L
1412603 D
1412603 D
1412603 W
1412603 L
1585477 D
1585477 D
1585477 W
1585477 L
2048369 D
2048369 D
2048369 W
2048369 L
3042317 D
3042317 D
3042317 W
3042317 L
3676847 D
3676847 D
3676847 W
3676847 L
4303609 D
4303609 D
4303609 W
4303609 L
5005001 D
5005001 D
5005001 W
5005001 L
5006621 D
5006621 D
5006621 W
5006621 L
5008079 D
5008079 D
5008079 W
5008079 L
5010329 D
5010329 D
5010329 W
5010329 L
5019257 D
5019257 D
5019257 W
5019257 L
5040601 D
5040601 D
5040601 W
5040601 L
5097139 D
5097139 D
5097139 W
5097139 L
5098087 D
5098087 D
5098087 W
5098087 L
5099053 D
5099053 D
5099053 W
5099053 L
5107231 D
5107231 D
5107231 W
5107231 L
5108011 D
5108011 D
5108011 W
5108011 L
5114449 D
5114449 D
5114449 W
5114449 L
5121161 D
5121161 D
5121161 W
5121161 L
5131421 D
5131421 D
5131421 W
5131421 L
5142679 D
5142679 D
5142679 W
5142679 L
5144989 D
5144989 D
5144989 W
5144989 L
5159827 D
5159827 D
5159827 W
5159827 L
5181899 D
5181899 D
5181899 W
5181899 L
5190851 D
5190851 D
5190851 W
5190851 L
5208059 D
5208059 D
5208059 W
5208059 L
5212811 D
5212811 D
5212811 W
5212811 L
5213179 D
5213179 D
5213179 W
5213179 L
5240843 D
5240843 D
5240843 W
5240843 L
5256253 D
5256253 D
5256253 W
5256253 L
5275663 D
5275663 D
5275663 W
5275663 L
5289497 D
5289497 D
5289497 W
5289497 L
5324491 D
5324491 D
5324491 W
5324491 L
5326397 D
5326397 D
5326397 W
5326397 L
5332333 D
5332333 D
5332333 W
5332333 L
5345941 D
5345941 D
5345941 W
5345941 L
5352821 D
5352821 D
5352821 W
5352821 L
5361833 D
5361833 D
5361833 W
5361833 L
5363291 D
5363291 D
5363291 W
5363291 L
5368403 D
5368403 D
5368403 W
5368403 L
5375113 D
5375113 D
5375113 W
5375113 L
5377979 D
5377979 D
5377979 W
5377979 L
5383967 D
5383967 D
5383967 W
5383967 L
5396431 D
5396431 D
5396431 W
5396431 L
5397377 D
5397377 D
5397377 W
5397377 L
5415187 D
5415187 D
5415187 W
5415187 L
5419369 D
5419369 D
5419369 W
5419369 L
5427283 D
5427283 D
5427283 W
5427283 L
5443127 D
5443127 D
5443127 W
5443127 L
5443673 D
5443673 D
5443673 W
5443673 L
5451301 D
5451301 D
5451301 W
5451301 L
5454347 D
5454347 D
5454347 W
5454347 L
5455063 D
5455063 D
5455063 W
5455063 L
5489279 D
5489279 D
5489279 W
5489279 L
5499073 D
5499073 D
5499073 W
5499073 L
5502401 D
5502401 D
5502401 W
5502401 L
5555083 D
5555083 D
5555083 W
5555083 L
5555609 D
5555609 D
5555609 W
5555609 L
5564639 D
5564639 D
5564639 W
5564639 L
5591197 D
5591197 D
5591197 W
5591197 L
5602721 D
5602721 D
5602721 W
5602721 L
5645501 D
5645501 D
5645501 W
5645501 L
5650811 D
5650811 D
5650811 W
5650811 L
5652541 D
5652541 D
5652541 W
5652541 L
5667989 D
5667989 D
5667989 W
5667989 L
5669501 D
5669501 D
5669501 W
5669501 L
5675401 D
5675401 D
5675401 W
5675401 L
5675713 D
5675713 D
5675713 W
5675713 L
5678609 D
5678609 D
5678609 W
5678609 L
5717827 D
5717827 D
5717827 W
5717827 L
5724847 D
5724847 D
5724847 W
5724847 L
5736149 D
5736149 D
5736149 W
5736149 L
5736439 D
5736439 D
5736439 W
5736439 L
5744677 D
5744677 D
5744677 W
5744677 L
5749411 D
5749411 D
5749411 W
5749411 L
5750737 D
5750737 D
5750737 W
5750737 L
5751373 D
5751373 D
5751373 W
5751373 L
5762293 D
5762293 D
5762293 W
5762293 L
5769469 D
5769469 D
5769469 W
5769469 L
5774453 D
5774453 D
5774453 W
5774453 L
5775899 D
5775899 D
5775899 W
5775899 L
5792027 D
5792027 D
5792027 W
5792027 L
5799487 D
5799487 D
5799487 W
5799487 L
5816407 D
5816407 D
5816407 W
5816407 L
5823029 D
5823029 D
5823029 W
5823029 L
5824813 D
5824813 D
5824813 W
5824813 L
5846123 D
5846123 D
5846123 W
5846123 L
5846513 D
5846513 D
5846513 W
5846513 L
5847679 D
5847679 D
5847679 W
5847679 L
5853307 D
5853307 D
5853307 W
5853307 L
5880163 D
5880163 D
5880163 W
5880163 L
5889739 D
5889739 D
5889739 W
5889739 L
5893087 D
5893087 D
5893087 W
5893087 L
5905813 D
5905813 D
5905813 W
5905813 L
5920693 D
5920693 D
5920693 W
5920693 L
5922841 D
5922841 D
5922841 W
5922841 L
5929403 D
5929403 D
5929403 W
5929403 L
5943703 D
5943703 D
5943703 W
5943703 L
5958503 D
5958503 D
5958503 W
5958503 L
5960639 D
5960639 D
5960639 W
5960639 L
5962613 D
5962613 D
5962613 W
5962613 L
5964811 D
5964811 D
5964811 W
5964811 L
5977337 D
5977337 D
5977337 W
5977337 L
5991263 D
5991263 D
5991263 W
5991263 L
6003419 D
6003419 D
6003419 W
6003419 L
6011141 D
6011141 D
6011141 W
6011141 L
6030247 D
6030247 D
6030247 W
6030247 L
6031423 D
6031423 D
6031423 W
6031423 L
6034537 D
6034537 D
6034537 W
6034537 L
6043157 D
6043157 D
6043157 W
6043157 L
6049097 D
6049097 D
6049097 W
6049097 L
6050293 D
6050293 D
6050293 W
6050293 L
6068957 D
6068957 D
6068957 W
6068957 L
6077983 D
6077983 D
6077983 W
6077983 L
6079417 D
6079417 D
6079417 W
6079417 L
6080689 D
6080689 D
6080689 W
6080689 L
6090751 D
6090751 D
6090751 W
6090751 L
6095263 D
6095263 D
6095263 W
6095263 L
6103397 D
6103397 D
6103397 W
6103397 L
6137981 D
6137981 D
6137981 W
6137981 L
6140219 D
6140219 D
6140219 W
6140219 L
6145927 D
6145927 D
6145927 W
6145927 L
6153557 D
6153557 D
6153557 W
6153557 L
6163169 D
6163169 D
6163169 W
6163169 L
6170159 D
6170159 D
6170159 W
6170159 L
6176221 D
6176221 D
6176221 W
6176221 L
6177419 D
6177419 D
6177419 W
6177419 L
6183431 D
6183431 D
6183431 W
6183431 L
6190571 D
6190571 D
6190571 W
6190571 L
6191693 D
6191693 D
6191693 W
6191693 L
6193381 D
6193381 D
6193381 W
6193381 L
6200653 D
6200653 D
6200653 W
6200653 L
6218687 D
6218687 D
6218687 W
6218687 L
6220897 D
6220897 D
6220897 W
6220897 L
6246077 D
6246077 D
6246077 W
6246077 L
6263051 D
6263051 D
6263051 W
6263051 L
6272579 D
6272579 D
6272579 W
6272579 L
6272927 D
6272927 D
6272927 W
6272927 L
6281161 D
6281161 D
6281161 W
6281161 L
6284737 D
6284737 D
6284737 W
6284737 L
6291539 D
6291539 D
6291539 W
6291539 L
6299369 D
6299369 D
6299369 W
6299369 L
6314899 D
6314899 D
6314899 W
6314899 L
6315917 D
6315917 D
6315917 W
6315917 L
6326137 D
6326137 D
6326137 W
6326137 L
6329573 D
6329573 D
6329573 W
6329573 L
6342883 D
6342883 D
6342883 W
6342883 L
6350837 D
6350837 D
6350837 W
6350837 L
6360787 D
6360787 D
6360787 W
6360787 L
6381191 D
6381191 D
6381191 W
6381191 L
6381523 D
6381523 D
6381523 W
6381523 L
6410137 D
6410137 D
6410137 W
6410137 L
6435841 D
6435841 D
6435841 W
6435841 L
6441229 D
6441229 D
6441229 W
6441229 L
6447407 D
6447407 D
6447407 W
6447407 L
6448853 D
6448853 D
6448853 W
6448853 L
6459979 D
6459979 D
6459979 W
6459979 L
6489859 D
6489859 D
6489859 W
6489859 L
6503011 D
6503011 D
6503011 W
6503011 L
6528677 D
6528677 D
6528677 W
6528677 L
6541937 D
6541937 D
6541937 W
6541937 L
6551591 D
6551591 D
6551591 W
6551591 L
6554123 D
6554123 D
6554123 W
6554123 L
6585881 D
6585881 D
6585881 W
6585881 L
6591899 D
6591899 D
6591899 W
6591899 L
6603017 D
6603017 D
6603017 W
6603017 L
6605119 D
6605119 D
6605119 W
6605119 L
6609181 D
6609181 D
6609181 W
6609181 L
6609503 D
6609503 D
6609503 W
6609503 L
6614159 D
6614159 D
6614159 W
6614159 L
6691513 D
6691513 D
6691513 W
6691513 L
6705659 D
6705659 D
6705659 W
6705659 L
6706397 D
6706397 D
6706397 W
6706397 L
6712913 D
6712913 D
6712913 W
6712913 L
6719357 D
6719357 D
6719357 W
6719357 L
6721181 D
6721181 D
6721181 W
6721181 L
6740941 D
6740941 D
6740941 W
6740941 L
6764981 D
6764981 D
6764981 W
6764981 L
6766979 D
6766979 D
6766979 W
6766979 L
6767639 D
6767639 D
6767639 W
6767639 L
6775541 D
6775541 D
6775541 W
6775541 L
6780259 D
6780259 D
6780259 W
6780259 L
6782767 D
6782767 D
6782767 W
6782767 L
6782833 D
6782833 D
6782833 W
6782833 L
6809753 D
6809753 D
6809753 W
6809753 L
6829169 D
6829169 D
6829169 W
6829169 L
6832027 D
6832027 D
6832027 W
6832027 L
6832877 D
6832877 D
6832877 W
6832877 L
6862381 D
6862381 D
6862381 W
6862381 L
6867629 D
6867629 D
6867629 W
6867629 L
6908597 D
6908597 D
6908597 W
6908597 L
6910499 D
6910499 D
6910499 W
6910499 L
6926743 D
6926743 D
6926743 W
6926743 L
6934771 D
6934771 D
6934771 W
6934771 L
6968501 D
6968501 D
6968501 W
6968501 L
6976939 D
6976939 D
6976939 W
6976939 L
6981011 D
6981011 D
6981011 W
6981011 L
7006157 D
7006157 D
7006157 W
7006157 L
7009601 D
7009601 D
7009601 W
7009601 L
7015649 D
7015649 D
7015649 W
7015649 L
7039223 D
7039223 D
7039223 W
7039223 L
7050689 D
7050689 D
7050689 W
7050689 L
7060111 D
7060111 D
7060111 W
7060111 L
7086217 D
7086217 D
7086217 W
7086217 L
7087937 D
7087937 D
7087937 W
7087937 L
7106423 D
7106423 D
7106423 W
7106423 L
7113749 D
7113749 D
7113749 W
7113749 L
7130533 D
7130533 D
7130533 W
7130533 L
7135559 D
7135559 D
7135559 W
7135559 L
7158583 D
7158583 D
7158583 W
7158583 L
7169159 D
7169159 D
7169159 W
7169159 L
7169627 D
7169627 D
7169627 W
7169627 L
7178287 D
7178287 D
7178287 W
7178287 L
7212727 D
7212727 D
7212727 W
7212727 L
7223609 D
7223609 D
7223609 W
7223609 L
7255487 D
7255487 D
7255487 W
7255487 L
7264651 D
7264651 D
7264651 W
7264651 L
7267171 D
7267171 D
7267171 W
7267171 L
7270573 D
7270573 D
7270573 W
7270573 L
7273999 D
7273999 D
7273999 W
7273999 L
7287107 D
7287107 D
7287107 W
7287107 L
7289507 D
7289507 D
7289507 W
7289507 L
7315877 D
7315877 D
7315877 W
7315877 L
7325231 D
7325231 D
7325231 W
7325231 L
7338797 D
7338797 D
7338797 W
7338797 L
7341449 D
7341449 D
7341449 W
7341449 L
7350173 D
7350173 D
7350173 W
7350173 L
7358861 D
7358861 D
7358861 W
7358861 L
7393921 D
7393921 D
7393921 W
7393921 L
7412393 D
7412393 D
7412393 W
7412393 L
7430987 D
7430987 D
7430987 W
7430987 L
7441751 D
7441751 D
7441751 W
7441751 L
7460477 D
7460477 D
7460477 W
7460477 L
7466653 D
7466653 D
7466653 W
7466653 L
7474097 D
7474097 D
7474097 W
7474097 L
7478299 D
7478299 D
7478299 W
7478299 L
7482733 D
7482733 D
7482733 W
7482733 L
7484011 D
7484011 D
7484011 W
7484011 L
7484303 D
7484303 D
7484303 W
7484303 L
7489357 D
7489357 D
7489357 W
7489357 L
7500833 D
7500833 D
7500833 W
7500833 L
7527467 D
7527467 D
7527467 W
7527467 L
7530217 D
7530217 D
7530217 W
7530217 L
7533641 D
7533641 D
7533641 W
7533641 L
7548523 D
7548523 D
7548523 W
7548523 L
7549601 D
7549601 D
7549601 W
7549601 L
7580303 D
7580303 D
7580303 W
7580303 L
7595969 D
7595969 D
7595969 W
7595969 L
7597823 D
7597823 D
7597823 W
7597823 L
7598849 D
7598849 D
7598849 W
7598849 L
7601777 D
7601777 D
7601777 W
7601777 L
7640579 D
7640579 D
7640579 W
7640579 L
7645483 D
7645483 D
7645483 W
7645483 L
7649573 D
7649573 D
7649573 W
7649573 L
7661077 D
7661077 D
7661077 W
7661077 L
7663177 D
7663177 D
7663177 W
7663177 L
7700729 D
7700729 D
7700729 W
7700729 L
7704163 D
7704163 D
7704163 W
7704163 L
7715333 D
7715333 D
7715333 W
7715333 L
7748893 D
7748893 D
7748893 W
7748893 L
7779943 D
7779943 D
7779943 W
7779943 L
7788317 D
7788317 D
7788317 W
7788317 L
7793153 D
7793153 D
7793153 W
7793153 L
7797599 D
7797599 D
7797599 W
7797599 L
7822333 D
7822333 D
7822333 W
7822333 L
7824611 D
7824611 D
7824611 W
7824611 L
7833653 D
7833653 D
7833653 W
7833653 L
7839779 D
7839779 D
7839779 W
7839779 L
7859363 D
7859363 D
7859363 W
7859363 L
7861747 D
7861747 D
7861747 W
7861747 L
7899053 D
7899053 D
7899053 W
7899053 L
7905467 D
7905467 D
7905467 W
7905467 L
7911767 D
7911767 D
7911767 W
7911767 L
7934779 D
7934779 D
7934779 W
7934779 L
7948189 D
7948189 D
7948189 W
7948189 L
7965271 D
7965271 D
7965271 W
7965271 L
7999351 D
7999351 D
7999351 W
7999351 L
8001857 D
8001857 D
8001857 W
8001857 L
8011169 D
8011169 D
8011169 W
8011169 L
8027609 D
8027609 D
8027609 W
8027609 L
8049401 D
8049401 D
8049401 W
8049401 L
8056261 D
8056261 D
8056261 W
8056261 L
8057143 D
8057143 D
8057143 W
8057143 L
8088079 D
8088079 D
8088079 W
8088079 L
8105653 D
8105653 D
8105653 W
8105653 L
8130797 D
8130797 D
8130797 W
8130797 L
8133613 D
8133613 D
8133613 W
8133613 L
8151901 D
8151901 D
8151901 W
8151901 L
8156699 D
8156699 D
8156699 W
8156699 L
8178337 D
8178337 D
8178337 W
8178337 L
8181527 D
8181527 D
8181527 W
8181527 L
8183809 D
8183809 D
8183809 W
8183809 L
8204041 D
8204041 D
8204041 W
8204041 L
8205881 D
8205881 D
8205881 W
8205881 L
8228893 D
8228893 D
8228893 W
8228893 L
8240957 D
8240957 D
8240957 W
8240957 L
8245883 D
8245883 D
8245883 W
8245883 L
8247583 D
8247583 D
8247583 W
8247583 L
8248663 D
8248663 D
8248663 W
8248663 L
8268941 D
8268941 D
8268941 W
8268941 L
8269897 D
8269897 D
8269897 W
8269897 L
8270849 D
8270849 D
8270849 W
8270849 L
8280967 D
8280967 D
8280967 W
8280967 L
8302321 D
8302321 D
8302321 W
8302321 L
8307361 D
8307361 D
8307361 W
8307361 L
8313647 D
8313647 D
8313647 W
8313647 L
8321843 D
8321843 D
8321843 W
8321843 L
8324567 D
8324567 D
8324567 W
8324567 L
8337127 D
8337127 D
8337127 W
8337127 L
8342681 D
8342681 D
8342681 W
8342681 L
8356099 D
8356099 D
8356099 W
8356099 L
8368289 D
8368289 D
8368289 W
8368289 L
8376989 D
8376989 D
8376989 W
8376989 L
8401637 D
8401637 D
8401637 W
8401637 L
8407363 D
8407363 D
8407363 W
8407363 L
8411567 D
8411567 D
8411567 W
8411567 L
8436671 D
8436671 D
8436671 W
8436671 L
8437367 D
8437367 D
8437367 W
8437367 L
8446517 D
8446517 D
8446517 W
8446517 L
8468441 D
8468441 D
8468441 W
8468441 L
8473723 D
8473723 D
8473723 W
8473723 L
8484569 D
8484569 D
8484569 W
8484569 L
8494069 D
8494069 D
8494069 W
8494069 L
8516887 D
8516887 D
8516887 W
8516887 L
8531489 D
8531489 D
8531489 W
8531489 L
8537563 D
8537563 D
8537563 W
8537563 L
8555933 D
8555933 D
8555933 W
8555933 L
8574661 D
8574661 D
8574661 W
8574661 L
8577977 D
8577977 D
8577977 W
8577977 L
8600341 D
8600341 D
8600341 W
8600341 L
8605871 D
8605871 D
8605871 W
8605871 L
8618879 D
8618879 D
8618879 W
8618879 L
8621413 D
8621413 D
8621413 W
8621413 L
8637007 D
8637007 D
8637007 W
8637007 L
8638867 D
8638867 D
8638867 W
8638867 L
8644019 D
8644019 D
8644019 W
8644019 L
8651141 D
8651141 D
8651141 W
8651141 L
8662531 D
8662531 D
8662531 W
8662531 L
8663777 D
8663777 D
8663777 W
8663777 L
8666747 D
8666747 D
8666747 W
8666747 L
8673109 D
8673109 D
8673109 W
8673109 L
8694767 D
8694767 D
8694767 W
8694767 L
8701207 D
8701207 D
8701207 W
8701207 L
8702489 D
8702489 D
8702489 W
8702489 L
8707031 D
8707031 D
8707031 W
8707031 L
8710589 D
8710589 D
8710589 W
8710589 L
8720417 D
8720417 D
8720417 W
8720417 L
8726381 D
8726381 D
8726381 W
8726381 L
8744003 D
8744003 D
8744003 W
8744003 L
8747213 D
8747213 D
8747213 W
8747213 L
8754959 D
8754959 D
8754959 W
8754959 L
8758201 D
8758201 D
8758201 W
8758201 L
8760811 D
8760811 D
8760811 W
8760811 L
8768017 D
8768017 D
8768017 W
8768017 L
8771897 D
8771897 D
8771897 W
8771897 L
8779201 D
8779201 D
8779201 W
8779201 L
8786893 D
8786893 D
8786893 W
8786893 L
8790919 D
8790919 D
8790919 W
8790919 L
8791987 D
8791987 D
8791987 W
8791987 L
8801129 D
8801129 D
8801129 W
8801129 L
8809259 D
8809259 D
8809259 W
8809259 L
8814833 D
8814833 D
8814833 W
8814833 L
8833501 D
8833501 D
8833501 W
8833501 L
8842259 D
8842259 D
8842259 W
8842259 L
8850157 D
8850157 D
8850157 W
8850157 L
8861857 D
8861857 D
8861857 W
8861857 L
8865427 D
8865427 D
8865427 W
8865427 L
8878003 D
8878003 D
8878003 W
8878003 L
8886421 D
8886421 D
8886421 W
8886421 L
8887897 D
8887897 D
8887897 W
8887897 L
8894429 D
8894429 D
8894429 W
8894429 L
8911313 D
8911313 D
8911313 W
8911313 L
8918983 D
8918983 D
8918983 W
8918983 L
8927407 D
8927407 D
8927407 W
8927407 L
8932523 D
8932523 D
8932523 W
8932523 L
8944123 D
8944123 D
8944123 W
8944123 L
8947721 D
8947721 D
8947721 W
8947721 L
8950373 D
8950373 D
8950373 W
8950373 L
8978909 D
8978909 D
8978909 W
8978909 L
8990459 D
8990459 D
8990459 W
8990459 L
9006199 D
9006199 D
9006199 W
9006199 L
9009811 D
9009811 D
9009811 W
9009811 L
9015521 D
9015521 D
9015521 W
9015521 L
9049657 D
9049657 D
9049657 W
9049657 L
9049849 D
9049849 D
9049849 W
9049849 L
9061111 D
9061111 D
9061111 W
9061111 L
9064591 D
9064591 D
9064591 W
9064591 L
9086783 D
9086783 D
9086783 W
9086783 L
9103447 D
9103447 D
9103447 W
9103447 L
9111023 D
9111023 D
9111023 W
9111023 L
9121213 D
9121213 D
9121213 W
9121213 L
9133483 D
9133483 D
9133483 W
9133483 L
9142369 D
9142369 D
9142369 W
9142369 L
9174647 D
9174647 D
9174647 W
9174647 L
9183341 D
9183341 D
9183341 W
9183341 L
9189049 D
9189049 D
9189049 W
9189049 L
9217777 D
9217777 D
9217777 W
9217777 L
9231379 D
9231379 D
9231379 W
9231379 L
9279041 D
9279041 D
9279041 W
9279041 L
9281399 D
9281399 D
9281399 W
9281399 L
9290417 D
9290417 D
9290417 W
9290417 L
9308627 D
9308627 D
9308627 W
9308627 L
9309511 D
9309511 D
9309511 W
9309511 L
9312559 D
9312559 D
9312559 W
9312559 L
9325313 D
9325313 D
9325313 W
9325313 L
9335621 D
9335621 D
9335621 W
9335621 L
9345857 D
9345857 D
9345857 W
9345857 L
9350293 D
9350293 D
9350293 W
9350293 L
9354043 D
9354043 D
9354043 W
9354043 L
9369301 D
9369301 D
9369301 W
9369301 L
9372343 D
9372343 D
9372343 W
9372343 L
9394093 D
9394093 D
9394093 W
9394093 L
9414913 D
9414913 D
9414913 W
9414913 L
9441349 D
9441349 D
9441349 W
9441349 L
9442057 D
9442057 D
9442057 W
9442057 L
9442231 D
9442231 D
9442231 W
9442231 L
9455119 D
9455119 D
9455119 W
9455119 L
9460939 D
9460939 D
9460939 W
9460939 L
9492941 D
9492941 D
9492941 W
9492941 L
9535039 D
9535039 D
9535039 W
9535039 L
9550397 D
9550397 D
9550397 W
9550397 L
9555757 D
9555757 D
9555757 W
9555757 L
9557113 D
9557113 D
9557113 W
9557113 L
9560237 D
9560237 D
9560237 W
9560237 L
9590369 D
9590369 D
9590369 W
9590369 L
9614729 D
9614729 D
9614729 W
9614729 L
9622099 D
9622099 D
9622099 W
9622099 L
9628699 D
9628699 D
9628699 W
9628699 L
9645131 D
9645131 D
9645131 W
9645131 L
9657553 D
9657553 D
9657553 W
9657553 L
9668819 D
9668819 D
9668819 W
9668819 L
9682223 D
9682223 D
9682223 W
9682223 L
9734141 D
9734141 D
9734141 W
9734141 L
9737887 D
9737887 D
9737887 W
9737887 L
9739237 D
9739237 D
9739237 W
9739237 L
9740113 D
9740113 D
9740113 W
9740113 L
9745979 D
9745979 D
9745979 W
9745979 L
9764399 D
9764399 D
9764399 W
9764399 L
9793951 D
9793951 D
9793951 W
9793951 L
9802571 D
9802571 D
9802571 W
9802571 L
9818729 D
9818729 D
9818729 W
9818729 L
9843583 D
9843583 D
9843583 W
9843583 L
9851113 D
9851113 D
9851113 W
9851113 L
9857647 D
9857647 D
9857647 W
9857647 L
9871471 D
9871471 D
9871471 W
9871471 L
9871523 D
9871523 D
9871523 W
9871523 L
9871891 D
9871891 D
9871891 W
9871891 L
9872581 D
9872581 D
9872581 W
9872581 L
9883949 D
9883949 D
9883949 W
9883949 L
9916583 D
9916583 D
9916583 W
9916583 L
9938527 D
9938527 D
9938527 W
9938527 L
9952039 D
9952039 D
9952039 W
9952039 L
9958999 D
9958999 D
9958999 W
9958999 L
9971359 D
9971359 D
9971359 W
9971359 L
9981899 D
9981899 D
9981899 W
9981899 L
