241426525039
513393851 501025810
992364269 672472111
482843110 4139001
120189560 164274269
513393851 490036718
588790451 361493230
476905159 115250055
513393851 591224906
411058853 302995150
158905621 706030656
859436625 685690513
884659593 17087297
626518300 630556025
464496440 73007572
290124557 235607552
513393851 961919715
976681022 757349301
513393851 654458463
896269504 91770396
831019650 515274788
581341329 465805886
912196943 501025810
69345988 941744857
924135681 627277603
172278422 617499703
513393851 209220180
513393851 671598123
982394350 534920188
903217239 455510017
932285719 744102582
131087868 60875819
511427680 289499955
877021268 443430924
827727490 50518053
145861824 344508857
731102662 637648303
469950022 266583338
82522544 780256127
15974247 644588953
911103847 243978213
932733422 501025810
14277291 61511346
545016264 226387760
438090239 500114818
814239909 495831141
816245990 455410868
513393851 817379936
731430710 501025810
725022977 79790215
825489651 780723123
587825016 415117755
140903768 403897324
189464551 217467825
704783845 287670634
125421770 439896138
391467368 97689380
475884054 723578641
577242678 919921860
513393851 701120276
285472135 342106632
513393851 826543709
358819707 262728582
442230779 271558752
411714820 169631860
359627415 631293848
800001988 307041378
242867103 501025810
513393851 667362772
631858123 869241374
776858221 449186835
753476959 785712944
883415929 641441624
222223468 884396324
715904506 565402982
906178346 480116017
490651619 501025810
529465829 901990254
845644409 559925494
752000947 852079320
77514769 576216700
478738743 610605181
445915725 33288020
400781730 933311469
778877167 834465451
644337341 563523061
513393851 907436600
738221999 115408952
375971973 259964723
617855661 507444681
513393851 370143693
414775827 329682531
398244238 721390232
752072423 265627825
143569830 208920509
646355680 257112855
889657795 924643816
291405590 324343408
554457239 683632371
616458069 911244608
508257580 259155033
584450005 132819621
617528916 736339727
265549999 830761675
276710320 428105608
504327004 649958839
831427456 796624694
487105156 29906920
487156148 458918739
497342791 501025810
933052026 321465764
969489954 501025810
472894157 498941537
168714079 861252959
577519501 576731325
486285321 501025810
429116829 922994347
796959702 375206300
410507895 637862238
922860470 373496824
630749895 941059366
319669337 699413996
449158838 259399051
624089728 50291113
513393851 658150275
813823631 479013112
725043301 606851196
255900081 310076496
736943860 77444069
838970103 488436734
418725030 254644817
520508004 316220443
782981311 694967988
436075509 748624380
376252761 105622280
695965205 547121181
714245608 619074564
454653187 926426852
760798850 846100281
502112897 4675887
393520283 616338103
513393851 288957957
513393851 405499086
912790111 633876223
590456667 459390804
365275127 642702929
513393851 356738191
336388543 243152829
175979286 811435848
769169160 200329071
460182298 585715537
539892885 814674252
893001166 322236105
332396070 789036067
142349251 253497326
250539629 981249374
473459382 558055541
34634934 558067125
518037749 146890226
945423027 896333748
216092611 501025810
193059750 847539861
685936513 670958595
211448554 49524407
586411163 875958503
574101162 301253482
691857038 782484563
13156447 356138938
329803927 615767734
522465665 523967452
513393851 556910422
91760567 751981789
852899078 515588274
988446227 10829619
856008135 501025810
232023336 329664406
513393851 581143879
446111997 403355016
214168202 195328160
379128087 882156897
757398359 781627226
73063256 381776376
513393851 943265352
207915485 259402045
149223428 677788363
456805318 923288708
746021338 722271537
882442600 545673204
465016908 244972460
839275865 475877215
513393851 258256458
578753634 512104754
82638179 733683463
913488145 647042458
790171668 388264861
51099234 429499224
513393851 629113414
513393851 380131197
317519790 463986988
826228292 546994394
896714833 726521451
34636743 463801164
462855348 201601405
729775594 761903211
788041622 617913845
535518275 766828277
545631569 934514031
506380365 386595972
296086984 707525983
139799571 501025810
62481833 152055987
513393851 325895065
810480514 501025810
118209660 426869806
369026538 997691717
307054568 284885086
65189563 501025810
247756843 388768215
957192449 501025810
573511480 353953003
993411866 647324801
290671171 501025810
28432762 117694751
521831791 968061196
225926546 475871425
455011662 688282465
254249127 501025810
743331159 478593997
933195034 770059892
513393851 475099004
541061674 681389534
965792933 487915550
864627712 959509444
320476910 153973139
136186475 501025810
987558072 788396542
341249419 962377574
270214731 471136615
513393851 284489997
938483352 281305183
505755325 118998471
742408085 864289640
627746283 696002999
887168919 115376587
96275390 243772597
681295279 154885820
268892961 372236355
513393851 145958970
599120837 637322589
522078151 168723545
197247530 274601514
380345663 998061303
798150502 822505498
287341520 987307589
645145461 181095701
15520852 49311182
639022316 736111025
386830781 476288443
115623116 156787200
513393851 120307261
528114484 99546714
847507576 130011934
450398467 488881434
56372417 467256343
921343940 608117410
191891204 211740917
901117597 865855149
78205016 465268743
120110811 158610356
444810131 194809618
832175991 179668896
100844230 578523592
559058687 218559494
774855103 947027905
402591061 975315147
177977231 479671154
54757258 589296132
798272898 882489245
345188533 518865122
615676790 757863606
889374379 690134635
884348116 342025324
511152871 179717817
377650643 959275650
270806140 71341519
787232600 109816207
503079044 201830203
12807868 873824547
268600659 585934461
829537692 856353715
992988038 277538249
39719390 547464206
701210940 519778973
306065070 986299907
564656158 301780657
87178640 157671759
724268640 673247918
546827365 800073650
540872761 805070019
558292686 371893822
676455106 435014021
439057835 130453715
185830796 644447528
848059631 851601046
848539633 291711710
215650207 58597524
843044866 858962296
543939419 501025810
278857036 134427364
411512839 787900446
178518124 876416352
617509512 343611883
539287666 219451851
775581451 991437734
110955765 58677488
319440982 7339005
986157856 859144872
212146148 241821414
84876632 822795746
392028653 947696016
785188529 339051738
277835156 47053679
371652088 44984447
90134947 816837164
948476671 764302452
27552359 760976036
488538888 951904961
232624705 2618539
940900816 496287880
962376825 968231602
322330069 879273832
314687161 825133677
42610659 877395918
917542491 161496182
387006492 630072331
499749867 530097859
228678477 320391225
983943860 42826670
690993860 705668295
638234750 338897550
761685456 501439793
986730817 553374781
135764629 423389537
492248297 299827856
563217478 391858584
513393851 703116735
529706031 31285232
775005902 678649943
795215973 647160856
252118873 177771266
261475317 457495630
507361856 900665757
486640671 556824646
867607885 595603768
559318998 919752833
616112555 161553888
172109067 756962319
513393851 491862151
869692959 179057295
10772439 926051749
698310409 967911878
146728210 648389480
571233251 492232104
358562836 564216775
289473984 546243041
141278781 814877743
308574985 835444456
740217449 655327178
396586047 688143961
880178389 706661220
576227332 336789828
19846230 388153305
252325054 501025810
219391728 889840653
134189748 490959569
551000509 333690420
894290199 369055643
291568396 527294062
723358680 180459264
500490059 392278726
629724066 501025810
684078665 831492962
874977397 223367802
322990970 869684865
694438056 606675577
745833590 670598922
557567950 97176867
778475119 241313428
134659850 187741110
247320103 966474274
513393851 177161431
752955003 243130857
858954369 501025810
513393851 756170350
547560074 497345474
785211196 18595932
396670901 450609052
42194196 968646362
690772075 301499918
19233488 43083361
864418549 559423090
414790851 381682090
558579776 501025810
466288044 131661307
399619283 172095479
919910263 855566938
408430265 432494526
366893526 371305809
102294991 822528757
560908393 135361364
641002509 554635582
444207339 68687141
744699091 501025810
151183904 603219937
307536237 658580476
567990692 678630722
513393851 501025810
541839421 703106565
982443399 10814444
636367934 697807912
907219564 848592163
494868150 476989787
552218882 80228158
152888603 927883425
398388676 540806204
850168623 891919343
597629314 899681342
148710356 619609966
981984873 996755355
91133713 19481471
780827723 16113881
316119312 977633106
741943066 465953991
467158860 471505064
569608941 432455693
257557144 534185934
187225995 369501428
299333575 648594647
87314360 580052837
260035036 133221662
619348910 830174928
775495554 644559720
198221688 732276717
314506459 952151647
138461730 900739918
719302864 501025810
411371342 464362894
171528040 699668373
825047637 300153573
371687110 719665505
644798095 336735366
101998943 155282548
732530627 515964366
510382796 773947125
207997536 363804510
576519251 147876629
937765875 843794943
513393851 745497122
839811263 870321007
250390686 57029695
891682008 832413725
279571727 958764907
586054989 848791382
699606207 39637258
456760218 619468791
713276161 634110966
247004342 855773206
736125141 501025810
893527226 219465189
571755674 718084312
513393851 786875426
736474068 944404921
82860768 944878969
558421039 235407044
154885712 234170171
232259094 274194250
693291372 187799173
357553813 521020373
67259623 218341470
674795918 190683222
611237484 406421709
117014499 236345118
513393851 505808332
98992936 877186910
513393851 501025810
450583622 306260927
641737466 140508408
393331826 540326889
865018395 731400711
473374074 692754919
218686083 481354227
331537778 572703913
25302796 410097152
331010353 619396516
622342139 161544927
759539028 501025810
827342542 352979783
513393851 169141621
138152684 542448959
2259442 340953053
622652012 505425408
672703744 122388403
305475844 308016082
76342095 349507657
392871320 274938561
290632426 103556776
148750084 810048872
648567240 898576144
858800535 273670696
513393851 319843693
262364763 305980847
40059941 501025810
524541346 441697715
627449576 359462061
540363818 200281826
772254916 412911990
513393851 817620904
314541087 564894832
513393851 402151020
927543522 995177198
900711761 440210249
699331197 938966677
584637153 466074885
86440372 694047271
186320932 894806600
109722707 416332821
327276833 862745677
714678055 258370307
753396896 797858984
635931190 574681687
502963598 37888335
556895621 526881898
842239020 202107558
703156639 992723700
366780297 95436479
172516622 325236901
963260294 256918682
850921363 686776956
415997876 11837615
144261169 577326251
851063461 654870274
754780258 411130366
513393851 163340433
729765225 628202436
970646361 194648511
973609677 610860733
