3295
2 W
2 W
2 W
2 W
2 W
2 W
2 W
2 W
2 W
2 W
2 W
2 W
2 W
2 W
2 W
2 W
2 W
2 W
2 W
2 W
2 W
2 W
2 W
2 W
2 W
2 W
2 W
2 W
2 W
2 W
2 W
2 W
2 W
2 W
2 W
2 W
2 W
2 W
2 W
2 W
2 W
2 W
2 W
2 W
2 W
2 W
2 W
2 W
2 W
2 W
2 W
2 W
2 W
2 W
2 W
2 W
2 W
2 W
2 W
2 W
2 W
2 W
2 W
2 W
2 W
2 W
2 W
2 W
2 W
2 W
2 W
2 W
2 W
2 W
2 W
2 W
2 W
2 W
2 W
2 W
2 W
2 W
2 W
2 W
2 W
2 W
2 W
2 W
2 W
2 W
2 W
2 W
2 W
2 W
2 W
2 W
2 W
2 W
2 W
2 W
2 W
2 W
2 W
2 W
2 W
2 W
2 W
2 W
2 W
2 W
2 W
2 W
2 W
2 W
2 W
2 W
2 W
2 W
2 W
2 W
2 W
2 W
2 W
2 W
2 W
2 W
2 W
2 W
2 W
2 W
2 W
2 W
2 W
2 W
2 W
2 W
2 W
2 W
2 W
2 W
2 D
2 W
3 W
3 W
3 W
3 W
3 W
3 W
3 W
3 W
3 W
3 W
3 W
3 W
3 W
3 W
3 W
3 W
3 W
3 W
3 W
3 W
3 W
3 W
3 W
3 W
3 W
3 W
3 W
3 W
3 W
3 W
3 W
3 W
3 W
3 W
3 W
3 W
3 W
3 W
3 W
3 W
3 W
3 W
3 W
3 W
3 W
3 W
3 W
3 W
3 W
3 W
3 W
3 W
3 W
3 W
3 W
3 W
3 W
3 W
3 W
3 W
3 W
3 W
3 W
5 W
5 W
5 W
5 W
5 W
5 W
5 W
5 W
5 W
5 W
5 W
5 W
5 W
5 W
5 W
5 W
5 W
5 W
5 W
5 W
5 W
5 W
5 W
5 W
5 W
5 W
5 W
5 W
5 W
7 W
7 W
7 W
7 W
7 W
7 W
7 W
7 W
7 W
7 W
7 W
7 W
7 W
7 W
7 W
7 W
7 W
7 W
7 W
7 W
7 W
7 W
11 W
11 W
11 W
11 W
11 W
11 W
11 W
11 W
11 W
11 W
11 W
11 W
11 W
11 D
11 W
13 W
13 W
13 W
13 W
13 W
13 W
13 W
13 W
13 D
13 W
17 W
17 W
17 W
17 W
17 W
19 W
19 W
19 W
19 W
19 W
23 W
23 W
23 W
23 W
23 W
23 W
29 W
29 W
29 W
29 W
29 W
29 D
29 W
31 W
31 W
31 D
31 W
37 W
37 W
37 W
41 W
41 W
41 D
41 W
43 W
43 W
43 W
47 D
47 W
53 W
59 W
59 W
59 W
59 W
61 D
61 W
67 W
67 W
71 W
71 W
71 D
71 W
73 W
73 W
79 W
79 W
79 D
79 W
83 W
83 W
83 W
89 W
89 W
97 W
97 W
97 W
101 D
101 W
103 W
103 W
103 D
103 W
107 D
107 W
109 W
109 D
109 W
113 W
113 W
113 D
113 W
127 W
127 D
127 W
137 W
137 D
137 W
139 D
139 W
149 W
149 D
149 W
151 W
157 W
163 W
163 D
163 W
167 W
179 D
179 W
181 D
181 W
197 D
197 W
199 W
211 W
211 D
211 W
227 W
229 W
233 D
233 W
239 D
239 W
241 W
241 D
241 W
251 D
251 W
269 W
277 D
277 W
281 W
331 W
347 D
347 W
353 D
353 W
367 D
367 W
373 W
379 W
379 D
379 W
383 D
383 W
401 D
401 W
443 W
449 D
449 W
457 D
457 W
461 W
467 D
467 W
479 W
499 D
499 W
523 D
523 W
541 D
541 W
557 W
593 D
593 W
617 D
617 W
631 W
653 D
653 W
673 D
673 W
701 W
709 D
709 W
727 D
727 W
787 D
787 W
821 D
821 W
863 D
863 W
881 D
881 W
911 D
911 W
937 W
941 W
977 D
977 W
1049 D
1049 W
1051 W
1091 D
1091 W
1193 D
1193 W
1231 D
1231 W
1249 D
1249 W
1259 D
1259 W
1279 D
1279 W
1289 D
1289 W
1327 D
1327 W
1531 D
1531 W
1613 D
1613 W
1663 D
1663 W
1693 D
1693 W
1697 D
1697 W
1699 W
1741 D
1741 W
1913 D
1913 W
2039 D
2039 W
2063 D
2063 W
2179 D
2179 W
2311 D
2311 W
2647 D
2647 W
2693 D
2693 W
2731 D
2731 W
2749 D
2749 W
2879 D
2879 W
2909 D
2909 W
2917 W
2971 D
2971 W
3089 D
3089 W
3163 D
3163 W
3203 D
3203 W
3727 D
3727 W
3739 D
3739 W
3929 D
3929 W
4421 D
4421 W
4517 D
4517 W
4649 D
4649 W
4931 D
4931 W
5113 D
5113 W
5273 D
5273 W
5417 W
5471 D
5471 W
5657 D
5657 W
5659 D
5659 W
5717 D
5717 W
5867 D
5867 W
5953 D
5953 W
6043 D
6043 W
6361 D
6361 W
7109 D
7109 W
8101 D
8101 W
8521 D
8521 W
8713 D
8713 W
8731 D
8731 W
8837 D
8837 W
9011 D
9011 W
9187 D
9187 W
9227 D
9227 W
9319 D
9319 W
10069 D
10069 W
10357 D
10357 W
10513 D
10513 W
10559 D
10559 W
11443 W
11783 D
11783 W
11827 D
11827 W
12713 D
12713 W
12973 D
12973 W
14107 D
14107 W
14657 D
14657 W
17027 D
17027 W
17359 D
17359 W
17891 D
17891 W
18541 D
18541 W
19157 D
19157 W
20543 D
20543 W
20899 D
20899 W
21247 D
21247 W
22229 D
22229 W
22409 D
22409 W
22921 D
22921 W
23993 D
23993 W
24281 D
24281 W
24767 D
24767 W
25577 D
25577 W
28027 D
28027 W
28843 D
28843 W
30113 D
30113 W
31153 D
31153 W
33013 D
33013 W
35257 D
35257 W
36017 D
36017 W
36587 D
36587 W
37223 D
37223 W
39047 D
39047 W
41039 D
41039 W
42829 D
42829 W
45827 D
45827 W
48487 D
48487 W
51487 D
51487 W
52291 D
52291 W
53327 D
53327 W
53629 D
53629 W
59377 D
59377 W
61463 D
61463 W
67931 D
67931 W
67987 D
67987 W
72763 D
72763 W
74231 D
74231 W
80153 D
80153 W
84787 D
84787 W
86491 D
86491 W
87739 D
87739 W
93497 D
93497 W
95339 D
95339 W
97789 D
97789 W
100501 D
100501 W
100829 D
100829 W
101293 D
101293 W
104999 D
104999 W
109451 D
109451 W
109541 D
109541 W
118343 D
118343 W
127703 D
127703 W
135043 D
135043 W
140057 D
140057 W
151651 D
151651 W
164513 D
164513 W
165611 D
165611 W
166219 D
166219 W
174469 D
174469 W
175843 D
175843 W
184189 D
184189 W
187211 D
187211 W
207811 D
207811 W
213139 D
213139 W
214189 D
214189 W
223339 D
223339 W
223463 D
223463 W
225629 D
225629 W
239557 D
239557 W
273941 D
273941 W
280837 D
280837 W
284899 D
284899 W
293957 D
293957 W
307759 D
307759 W
307859 D
307859 W
309469 D
309469 W
330643 D
330643 W
373621 D
373621 W
384497 D
384497 W
385591 D
385591 W
393779 D
393779 W
412277 D
412277 W
423587 D
423587 W
426089 D
426089 W
435569 D
435569 W
457001 D
457001 W
496871 D
496871 W
528091 D
528091 W
530911 D
530911 W
555671 D
555671 W
616141 D
616141 W
644029 D
644029 W
681293 D
681293 W
762823 D
762823 W
766901 D
766901 W
819317 D
819317 W
822599 D
822599 W
870407 D
870407 W
874879 D
874879 W
884363 D
884363 W
893657 D
893657 W
1019443 D
1019443 W
1081279 D
1081279 W
1262087 D
1262087 W
1281043 D
1281043 W
1700669 D
1700669 W
2993567 D
2993567 W
3656453 D
3656453 W
3817211 D
3817211 W
3895351 D
3895351 W
3935363 D
3935363 W
4903043 D
4903043 W
5775799 D
5775799 W
5884559 D
5884559 W
5910551 D
5910551 W
6668341 D
6668341 W
6863887 D
6863887 W
7366939 D
7366939 W
7530947 D
7530947 W
7856921 D
7856921 W
7924243 D
7924243 W
8768983 D
8768983 W
9119609 D
9119609 W
9396451 D
9396451 W
2 L
2 L
2 L
2 L
2 L
2 L
2 L
2 L
2 L
2 L
2 L
2 L
2 L
2 L
2 L
2 L
2 L
2 L
2 L
2 L
2 L
2 L
2 L
2 L
2 L
2 L
2 L
2 L
2 L
2 L
2 L
2 L
2 L
2 L
2 L
2 L
2 L
2 L
2 L
2 L
2 L
2 L
2 L
2 L
2 L
2 L
2 L
2 L
2 L
2 L
2 L
2 L
2 L
2 L
2 L
2 L
2 L
2 L
2 L
2 L
2 L
2 L
2 L
2 L
2 L
2 L
2 L
2 L
2 L
2 L
2 L
2 L
2 L
2 L
2 L
2 L
2 L
2 L
2 L
2 L
2 L
2 L
2 L
2 L
2 L
2 L
2 L
2 L
2 L
2 L
2 L
2 L
2 L
2 L
2 L
2 L
2 L
2 L
2 L
2 L
2 L
2 L
2 L
2 L
2 L
2 L
2 L
2 L
2 L
2 L
2 L
2 L
2 L
2 L
2 L
2 L
2 L
2 L
2 L
2 L
2 L
2 L
2 L
2 L
2 L
2 L
2 L
2 L
2 L
2 L
2 L
2 L
2 L
2 L
2 L
2 L
2 L
2 L
2 L
2 L
2 L
2 L
2 L
2 L
2 L
2 L
2 L
2 L
2 L
2 L
2 L
2 L
2 L
2 L
2 L
2 L
2 L
2 L
2 L
2 L
2 L
2 L
2 L
2 L
2 L
2 L
2 L
2 L
2 L
2 L
2 L
2 L
2 L
2 L
2 L
2 L
2 L
2 L
2 L
2 L
2 L
2 L
2 L
2 L
2 L
2 L
2 L
2 L
2 L
2 L
2 L
2 L
2 L
2 L
2 L
2 L
2 L
3 L
3 L
3 L
3 L
3 L
3 L
3 L
3 L
3 L
3 L
3 L
3 L
3 L
3 L
3 L
3 L
3 L
3 L
3 L
3 L
3 L
3 L
3 L
3 L
3 L
3 L
3 L
3 L
3 L
3 L
3 L
3 L
3 L
3 L
3 L
3 L
3 L
3 L
3 L
3 L
3 L
3 L
3 L
3 L
3 L
3 L
3 L
3 L
3 L
3 L
3 L
3 L
3 L
3 L
3 L
3 L
3 L
3 L
3 L
3 L
3 L
3 L
3 L
3 L
3 L
3 L
3 L
3 L
3 L
3 L
3 L
3 L
3 L
3 L
3 L
3 L
3 L
3 L
3 L
3 L
3 L
3 L
3 L
3 L
3 L
3 L
3 L
3 L
3 L
3 L
3 L
3 D
3 D
3 W
3 L
5 L
5 L
5 L
5 L
5 L
5 L
5 L
5 L
5 L
5 L
5 L
5 L
5 L
5 L
5 L
5 L
5 L
5 L
5 L
5 L
5 L
5 L
5 L
5 L
5 L
5 L
5 L
5 L
5 L
5 L
5 L
5 L
5 L
5 L
5 L
5 L
5 L
5 L
5 L
5 L
5 L
5 L
5 L
5 L
5 L
5 L
5 L
5 L
5 L
5 L
5 L
5 L
5 L
5 L
5 L
5 L
5 D
5 D
5 W
5 L
7 L
7 L
7 L
7 L
7 L
7 L
7 L
7 L
7 L
7 L
7 L
7 L
7 L
7 L
7 L
7 L
7 L
7 L
7 L
7 L
7 L
7 L
7 L
7 L
7 L
7 L
7 L
7 L
7 L
7 L
7 L
7 L
7 L
7 L
7 L
7 L
7 L
7 D
7 D
7 W
7 L
11 L
11 L
11 L
11 L
11 L
11 L
11 L
11 L
11 L
11 L
11 L
11 L
11 L
11 L
11 L
11 L
11 L
11 L
11 L
11 L
11 L
11 L
13 L
13 L
13 L
13 L
13 L
13 L
13 L
13 L
13 L
13 L
13 L
13 L
17 L
17 L
17 L
17 L
17 L
17 L
17 L
17 L
17 L
17 L
17 D
17 D
17 W
17 L
19 L
19 L
19 L
19 L
19 L
19 L
19 L
19 L
19 L
19 L
19 L
19 D
19 D
19 W
19 L
23 L
23 L
23 L
23 L
23 L
23 L
23 L
23 L
23 L
23 D
23 D
23 W
23 L
29 L
29 L
29 L
29 L
29 L
29 L
29 D
29 D
29 W
29 L
31 L
31 L
31 L
31 L
31 D
31 D
31 W
31 L
37 L
37 L
37 L
37 L
37 D
37 D
37 W
37 L
41 L
41 L
41 L
41 L
41 L
41 L
41 D
41 D
41 W
41 L
43 L
43 L
43 L
43 L
43 L
47 L
47 L
47 L
47 L
47 L
53 L
53 L
59 L
59 L
59 L
61 L
61 L
61 L
61 L
61 L
61 L
61 L
67 L
67 L
67 D
67 D
67 W
67 L
71 L
71 L
71 L
71 L
73 L
73 L
73 L
73 L
73 L
79 L
79 L
83 L
83 L
83 D
83 D
83 W
83 L
89 L
89 L
89 D
89 D
89 W
89 L
97 L
97 L
97 L
101 L
101 D
101 D
101 W
101 L
103 L
103 L
103 L
107 L
107 L
109 L
109 L
109 D
109 D
109 W
109 L
113 L
113 L
113 L
113 L
113 L
113 L
113 D
113 D
113 W
113 L
127 L
127 L
127 L
131 L
137 L
137 L
137 D
137 D
137 W
137 L
139 L
139 L
139 D
139 D
139 W
139 L
149 L
149 L
151 L
151 D
151 D
151 W
151 L
157 L
163 L
163 L
163 D
163 D
163 W
163 L
167 L
167 L
167 D
167 D
167 W
167 L
173 D
173 D
173 W
173 L
179 L
179 D
179 D
179 W
179 L
181 L
191 L
191 D
191 D
191 W
191 L
193 L
197 L
197 L
199 D
199 D
199 W
199 L
211 L
211 L
223 L
227 L
229 L
229 D
229 D
229 W
229 L
233 L
233 L
239 L
239 L
239 D
239 D
239 W
239 L
241 L
241 D
241 D
241 W
241 L
251 L
263 L
269 D
269 D
269 W
269 L
271 D
271 D
271 W
271 L
277 L
277 D
277 D
277 W
277 L
281 L
281 D
281 D
281 W
281 L
307 D
307 D
307 W
307 L
311 L
313 D
313 D
313 W
313 L
331 L
331 D
331 D
331 W
331 L
337 D
337 D
337 W
337 L
347 D
347 D
347 W
347 L
349 D
349 D
349 W
349 L
353 L
359 D
359 D
359 W
359 L
367 L
367 D
367 D
367 W
367 L
373 L
373 D
373 D
373 W
373 L
379 L
379 L
383 L
389 D
389 D
389 W
389 L
401 L
433 D
433 D
433 W
433 L
443 D
443 D
443 W
443 L
449 D
449 D
449 W
449 L
457 L
461 D
461 D
461 W
461 L
463 D
463 D
463 W
463 L
467 L
479 D
479 D
479 W
479 L
487 D
487 D
487 W
487 L
499 L
503 D
503 D
503 W
503 L
523 L
541 D
541 D
541 W
541 L
557 L
569 L
577 D
577 D
577 W
577 L
587 D
587 D
587 W
587 L
593 D
593 D
593 W
593 L
617 L
619 D
619 D
619 W
619 L
631 D
631 D
631 W
631 L
643 D
643 D
643 W
643 L
647 D
647 D
647 W
647 L
653 L
661 D
661 D
661 W
661 L
673 L
691 L
701 D
701 D
701 W
701 L
709 L
727 D
727 D
727 W
727 L
743 D
743 D
743 W
743 L
751 D
751 D
751 W
751 L
787 D
787 D
787 W
787 L
797 D
797 D
797 W
797 L
821 D
821 D
821 W
821 L
853 D
853 D
853 W
853 L
859 D
859 D
859 W
859 L
863 D
863 D
863 W
863 L
881 D
881 D
881 W
881 L
911 D
911 D
911 W
911 L
929 D
929 D
929 W
929 L
937 L
941 D
941 D
941 W
941 L
967 D
967 D
967 W
967 L
977 D
977 D
977 W
977 L
1013 D
1013 D
1013 W
1013 L
1021 L
1033 D
1033 D
1033 W
1033 L
1049 D
1049 D
1049 W
1049 L
1051 L
1063 D
1063 D
1063 W
1063 L
1091 D
1091 D
1091 W
1091 L
1103 D
1103 D
1103 W
1103 L
1123 D
1123 D
1123 W
1123 L
1151 D
1151 D
1151 W
1151 L
1193 L
1217 D
1217 D
1217 W
1217 L
1231 D
1231 D
1231 W
1231 L
1249 D
1249 D
1249 W
1249 L
1259 D
1259 D
1259 W
1259 L
1279 D
1279 D
1279 W
1279 L
1283 D
1283 D
1283 W
1283 L
1289 L
1291 D
1291 D
1291 W
1291 L
1327 L
1373 D
1373 D
1373 W
1373 L
1399 D
1399 D
1399 W
1399 L
1451 D
1451 D
1451 W
1451 L
1523 L
1531 D
1531 D
1531 W
1531 L
1553 D
1553 D
1553 W
1553 L
1613 D
1613 D
1613 W
1613 L
1637 D
1637 D
1637 W
1637 L
1663 D
1663 D
1663 W
1663 L
1693 D
1693 D
1693 W
1693 L
1697 D
1697 D
1697 W
1697 L
1699 L
1741 D
1741 D
1741 W
1741 L
1831 D
1831 D
1831 W
1831 L
1861 D
1861 D
1861 W
1861 L
1871 D
1871 D
1871 W
1871 L
1907 D
1907 D
1907 W
1907 L
1913 D
1913 D
1913 W
1913 L
1951 D
1951 D
1951 W
1951 L
2029 D
2029 D
2029 W
2029 L
2039 D
2039 D
2039 W
2039 L
2053 D
2053 D
2053 W
2053 L
2063 D
2063 D
2063 W
2063 L
2111 D
2111 D
2111 W
2111 L
2141 D
2141 D
2141 W
2141 L
2179 L
2213 D
2213 D
2213 W
2213 L
2281 D
2281 D
2281 W
2281 L
2311 D
2311 D
2311 W
2311 L
2389 D
2389 D
2389 W
2389 L
2399 D
2399 D
2399 W
2399 L
2467 D
2467 D
2467 W
2467 L
2503 D
2503 D
2503 W
2503 L
2621 D
2621 D
2621 W
2621 L
2633 D
2633 D
2633 W
2633 L
2647 D
2647 D
2647 W
2647 L
2693 D
2693 D
2693 W
2693 L
2731 D
2731 D
2731 W
2731 L
2749 D
2749 D
2749 W
2749 L
2879 D
2879 D
2879 W
2879 L
2909 D
2909 D
2909 W
2909 L
2917 D
2917 D
2917 W
2917 L
2971 D
2971 D
2971 W
2971 L
3089 D
3089 D
3089 W
3089 L
3163 D
3163 D
3163 W
3163 L
3203 D
3203 D
3203 W
3203 L
3217 D
3217 D
3217 W
3217 L
3251 D
3251 D
3251 W
3251 L
3449 D
3449 D
3449 W
3449 L
3457 D
3457 D
3457 W
3457 L
3571 D
3571 D
3571 W
3571 L
3607 D
3607 D
3607 W
3607 L
3727 D
3727 D
3727 W
3727 L
3733 D
3733 D
3733 W
3733 L
3739 D
3739 D
3739 W
3739 L
3929 D
3929 D
3929 W
3929 L
4001 D
4001 D
4001 W
4001 L
4139 D
4139 D
4139 W
4139 L
4243 D
4243 D
4243 W
4243 L
4273 D
4273 D
4273 W
4273 L
4283 D
4283 D
4283 W
4283 L
4421 D
4421 D
4421 W
4421 L
4517 D
4517 D
4517 W
4517 L
4649 D
4649 D
4649 W
4649 L
4931 D
4931 D
4931 W
4931 L
4937 D
4937 D
4937 W
4937 L
5113 D
5113 D
5113 W
5113 L
5167 D
5167 D
5167 W
5167 L
5209 D
5209 D
5209 W
5209 L
5273 D
5273 D
5273 W
5273 L
5417 D
5417 D
5417 W
5417 L
5471 D
5471 D
5471 W
5471 L
5651 D
5651 D
5651 W
5651 L
5657 L
5659 D
5659 D
5659 W
5659 L
5717 D
5717 D
5717 W
5717 L
5867 D
5867 D
5867 W
5867 L
5903 D
5903 D
5903 W
5903 L
5953 D
5953 D
5953 W
5953 L
6043 L
6323 D
6323 D
6323 W
6323 L
6361 D
6361 D
6361 W
6361 L
6481 D
6481 D
6481 W
6481 L
6571 D
6571 D
6571 W
6571 L
6781 D
6781 D
6781 W
6781 L
6841 D
6841 D
6841 W
6841 L
6997 D
6997 D
6997 W
6997 L
7001 D
7001 D
7001 W
7001 L
7103 D
7103 D
7103 W
7103 L
7109 D
7109 D
7109 W
7109 L
7253 D
7253 D
7253 W
7253 L
7369 D
7369 D
7369 W
7369 L
7817 D
7817 D
7817 W
7817 L
7951 D
7951 D
7951 W
7951 L
8101 D
8101 D
8101 W
8101 L
8237 D
8237 D
8237 W
8237 L
8521 D
8521 D
8521 W
8521 L
8539 D
8539 D
8539 W
8539 L
8641 D
8641 D
8641 W
8641 L
8663 D
8663 D
8663 W
8663 L
8713 D
8713 D
8713 W
8713 L
8731 D
8731 D
8731 W
8731 L
8837 D
8837 D
8837 W
8837 L
9011 D
9011 D
9011 W
9011 L
9157 D
9157 D
9157 W
9157 L
9187 D
9187 D
9187 W
9187 L
9227 D
9227 D
9227 W
9227 L
9293 D
9293 D
9293 W
9293 L
9319 D
9319 D
9319 W
9319 L
9371 D
9371 D
9371 W
9371 L
9677 D
9677 D
9677 W
9677 L
9817 D
9817 D
9817 W
9817 L
9839 D
9839 D
9839 W
9839 L
10069 D
10069 D
10069 W
10069 L
10093 D
10093 D
10093 W
10093 L
10139 D
10139 D
10139 W
10139 L
10357 D
10357 D
10357 W
10357 L
10513 D
10513 D
10513 W
10513 L
10559 D
10559 D
10559 W
10559 L
10753 D
10753 D
10753 W
10753 L
10993 D
10993 D
10993 W
10993 L
11443 D
11443 D
11443 W
11443 L
11783 D
11783 D
11783 W
11783 L
11827 D
11827 D
11827 W
11827 L
12527 D
12527 D
12527 W
12527 L
12713 D
12713 D
12713 W
12713 L
12907 D
12907 D
12907 W
12907 L
12973 D
12973 D
12973 W
12973 L
13397 D
13397 D
13397 W
13397 L
13933 D
13933 D
13933 W
13933 L
14107 D
14107 D
14107 W
14107 L
14657 D
14657 D
14657 W
14657 L
14779 D
14779 D
14779 W
14779 L
15349 D
15349 D
15349 W
15349 L
15809 D
15809 D
15809 W
15809 L
16007 D
16007 D
16007 W
16007 L
17027 D
17027 D
17027 W
17027 L
17359 D
17359 D
17359 W
17359 L
17891 D
17891 D
17891 W
17891 L
18541 D
18541 D
18541 W
18541 L
19157 D
19157 D
19157 W
19157 L
20143 D
20143 D
20143 W
20143 L
20323 D
20323 D
20323 W
20323 L
20543 D
20543 D
20543 W
20543 L
20549 D
20549 D
20549 W
20549 L
20899 D
20899 D
20899 W
20899 L
20947 D
20947 D
20947 W
20947 L
21059 D
21059 D
21059 W
21059 L
21247 D
21247 D
21247 W
21247 L
21283 D
21283 D
21283 W
21283 L
22229 D
22229 D
22229 W
22229 L
22409 D
22409 D
22409 W
22409 L
22921 D
22921 D
22921 W
22921 L
23209 D
23209 D
23209 W
23209 L
23339 D
23339 D
23339 W
23339 L
23993 D
23993 D
23993 W
23993 L
24281 D
24281 D
24281 W
24281 L
24391 D
24391 D
24391 W
24391 L
24551 D
24551 D
24551 W
24551 L
24767 D
24767 D
24767 W
24767 L
25577 D
25577 D
25577 W
25577 L
26627 D
26627 D
26627 W
26627 L
26777 D
26777 D
26777 W
26777 L
27743 D
27743 D
27743 W
27743 L
28027 D
28027 D
28027 W
28027 L
28843 D
28843 D
28843 W
28843 L
30113 D
30113 D
30113 W
30113 L
31153 D
31153 D
31153 W
31153 L
32381 D
32381 D
32381 W
32381 L
33013 D
33013 D
33013 W
33013 L
35257 D
35257 D
35257 W
35257 L
35593 D
35593 D
35593 W
35593 L
35899 D
35899 D
35899 W
35899 L
36017 D
36017 D
36017 W
36017 L
36587 D
36587 D
36587 W
36587 L
37223 D
37223 D
37223 W
37223 L
37649 D
37649 D
37649 W
37649 L
38459 D
38459 D
38459 W
38459 L
39047 D
39047 D
39047 W
39047 L
41039 D
41039 D
41039 W
41039 L
42829 D
42829 D
42829 W
42829 L
43613 D
43613 D
43613 W
43613 L
43961 D
43961 D
43961 W
43961 L
44417 D
44417 D
44417 W
44417 L
44909 D
44909 D
44909 W
44909 L
45827 D
45827 D
45827 W
45827 L
47297 D
47297 D
47297 W
47297 L
48487 D
48487 D
48487 W
48487 L
49019 D
49019 D
49019 W
49019 L
50951 D
50951 D
50951 W
50951 L
50957 D
50957 D
50957 W
50957 L
51203 D
51203 D
51203 W
51203 L
51487 D
51487 D
51487 W
51487 L
52291 D
52291 D
52291 W
52291 L
52813 D
52813 D
52813 W
52813 L
53327 D
53327 D
53327 W
53327 L
53629 D
53629 D
53629 W
53629 L
53819 D
53819 D
53819 W
53819 L
56527 D
56527 D
56527 W
56527 L
59377 D
59377 D
59377 W
59377 L
60913 D
60913 D
60913 W
60913 L
61463 D
61463 D
61463 W
61463 L
63737 L
66109 D
66109 D
66109 W
66109 L
66457 D
66457 D
66457 W
66457 L
67931 D
67931 D
67931 W
67931 L
67987 D
67987 D
67987 W
67987 L
72763 D
72763 D
72763 W
72763 L
74231 D
74231 D
74231 W
74231 L
77587 D
77587 D
77587 W
77587 L
80153 D
80153 D
80153 W
80153 L
84787 D
84787 D
84787 W
84787 L
85297 D
85297 D
85297 W
85297 L
86491 D
86491 D
86491 W
86491 L
87049 D
87049 D
87049 W
87049 L
87739 D
87739 D
87739 W
87739 L
93497 D
93497 D
93497 W
93497 L
95339 D
95339 D
95339 W
95339 L
97789 D
97789 D
97789 W
97789 L
100501 D
100501 D
100501 W
100501 L
100829 D
100829 D
100829 W
100829 L
101293 D
101293 D
101293 W
101293 L
103183 D
103183 D
103183 W
103183 L
104999 D
104999 D
104999 W
104999 L
108631 D
108631 D
108631 W
108631 L
109451 D
109451 D
109451 W
109451 L
109541 D
109541 D
109541 W
109541 L
113557 D
113557 D
113557 W
113557 L
115469 D
115469 D
115469 W
115469 L
115811 D
115811 D
115811 W
115811 L
116833 D
116833 D
116833 W
116833 L
118343 D
118343 D
118343 W
118343 L
119087 D
119087 D
119087 W
119087 L
120767 D
120767 D
120767 W
120767 L
122953 D
122953 D
122953 W
122953 L
127703 D
127703 D
127703 W
127703 L
135043 D
135043 D
135043 W
135043 L
140057 D
140057 D
140057 W
140057 L
143461 D
143461 D
143461 W
143461 L
144031 D
144031 D
144031 W
144031 L
151651 D
151651 D
151651 W
151651 L
154291 D
154291 D
154291 W
154291 L
154423 D
154423 D
154423 W
154423 L
155137 D
155137 D
155137 W
155137 L
158141 D
158141 D
158141 W
158141 L
164513 D
164513 D
164513 W
164513 L
165611 D
165611 D
165611 W
165611 L
166219 D
166219 D
166219 W
166219 L
167159 D
167159 D
167159 W
167159 L
168913 D
168913 D
168913 W
168913 L
174469 D
174469 D
174469 W
174469 L
175843 D
175843 D
175843 W
175843 L
178897 D
178897 D
178897 W
178897 L
184189 D
184189 D
184189 W
184189 L
184607 D
184607 D
184607 W
184607 L
187211 D
187211 D
187211 W
187211 L
207811 D
207811 D
207811 W
207811 L
213139 D
213139 D
213139 W
213139 L
214189 D
214189 D
214189 W
214189 L
223339 D
223339 D
223339 W
223339 L
223463 D
223463 D
223463 W
223463 L
225629 D
225629 D
225629 W
225629 L
225637 D
225637 D
225637 W
225637 L
239557 D
239557 D
239557 W
239557 L
241537 D
241537 D
241537 W
241537 L
251533 D
251533 D
251533 W
251533 L
259621 D
259621 D
259621 W
259621 L
273941 D
273941 D
273941 W
273941 L
280837 D
280837 D
280837 W
280837 L
284899 D
284899 D
284899 W
284899 L
293957 D
293957 D
293957 W
293957 L
307759 D
307759 D
307759 W
307759 L
307859 D
307859 D
307859 W
307859 L
309469 D
309469 D
309469 W
309469 L
330643 D
330643 D
330643 W
330643 L
333331 D
333331 D
333331 W
333331 L
336223 D
336223 D
336223 W
336223 L
373621 D
373621 D
373621 W
373621 L
384497 D
384497 D
384497 W
384497 L
385591 D
385591 D
385591 W
385591 L
393779 D
393779 D
393779 W
393779 L
411667 D
411667 D
411667 W
411667 L
412277 D
412277 D
412277 W
412277 L
423587 D
423587 D
423587 W
423587 L
426089 D
426089 D
426089 W
426089 L
431369 D
431369 D
431369 W
431369 L
435569 D
435569 D
435569 W
435569 L
457001 D
457001 D
457001 W
457001 L
493001 D
493001 D
493001 W
493001 L
496871 D
496871 D
496871 W
496871 L
527929 D
527929 D
527929 W
527929 L
528091 D
528091 D
528091 W
528091 L
530911 D
530911 D
530911 W
530911 L
555671 D
555671 D
555671 W
555671 L
558937 D
558937 D
558937 W
558937 L
606449 D
606449 D
606449 W
606449 L
609607 D
609607 D
609607 W
609607 L
616141 D
616141 D
616141 W
616141 L
633209 D
633209 D
633209 W
633209 L
644029 D
644029 D
644029 W
644029 L
667549 D
667549 D
667549 W
667549 L
681293 D
681293 D
681293 W
681293 L
693619 D
693619 D
693619 W
693619 L
762823 D
762823 D
762823 W
762823 L
766901 D
766901 D
766901 W
766901 L
819317 D
819317 D
819317 W
819317 L
822599 D
822599 D
822599 W
822599 L
826667 D
826667 D
826667 W
826667 L
853079 D
853079 D
853079 W
853079 L
867571 D
867571 D
867571 W
867571 L
870407 D
870407 D
870407 W
870407 L
874879 D
874879 D
874879 W
874879 L
884363 D
884363 D
884363 W
884363 L
893657 D
893657 D
893657 W
893657 L
900869 D
900869 D
900869 W
900869 L
911159 D
911159 D
911159 W
911159 L
957871 D
957871 D
957871 W
957871 L
962609 D
962609 D
962609 W
962609 L
1005317 D
1005317 D
1005317 W
1005317 L
1019443 D
1019443 D
1019443 W
1019443 L
1081279 D
1081279 D
1081279 W
1081279 L
1083431 D
1083431 D
1083431 W
1083431 L
1160207 D
1160207 D
1160207 W
1160207 L
1184741 D
1184741 D
1184741 W
1184741 L
1214159 D
1214159 D
1214159 W
1214159 L
1262087 D
1262087 D
1262087 W
1262087 L
1281043 D
1281043 D
1281043 W
1281043 L
1298489 D
1298489 D
1298489 W
1298489 L
1430783 D
1430783 D
1430783 W
1430783 L
1488371 D
1488371 D
1488371 W
1488371 L
1505279 D
1505279 D
1505279 W
1505279 L
1557469 D
1557469 D
1557469 W
1557469 L
1695289 D
1695289 D
1695289 W
1695289 L
1700669 D
1700669 D
1700669 W
1700669 L
1827509 D
1827509 D
1827509 W
1827509 L
1936237 D
1936237 D
1936237 W
1936237 L
2093171 D
2093171 D
2093171 W
2093171 L
2161433 D
2161433 D
2161433 W
2161433 L
2255333 D
2255333 D
2255333 W
2255333 L
2868443 D
2868443 D
2868443 W
2868443 L
2914867 D
2914867 D
2914867 W
2914867 L
2953831 D
2953831 D
2953831 W
2953831 L
2993567 D
2993567 D
2993567 W
2993567 L
3048107 D
3048107 D
3048107 W
3048107 L
3578089 D
3578089 D
3578089 W
3578089 L
3656453 D
3656453 D
3656453 W
3656453 L
3748399 D
3748399 D
3748399 W
3748399 L
3817211 D
3817211 D
3817211 W
3817211 L
3895351 D
3895351 D
3895351 W
3895351 L
3907193 D
3907193 D
3907193 W
3907193 L
3935363 D
3935363 D
3935363 W
3935363 L
4038989 D
4038989 D
4038989 W
4038989 L
4537531 D
4537531 D
4537531 W
4537531 L
4548029 D
4548029 D
4548029 W
4548029 L
4558811 D
4558811 D
4558811 W
4558811 L
4903043 D
4903043 D
4903043 W
4903043 L
5380247 D
5380247 D
5380247 W
5380247 L
5775799 D
5775799 D
5775799 W
5775799 L
5884559 D
5884559 D
5884559 W
5884559 L
5910551 D
5910551 D
5910551 W
5910551 L
6037301 D
6037301 D
6037301 W
6037301 L
6354289 D
6354289 D
6354289 W
6354289 L
6652199 D
6652199 D
6652199 W
6652199 L
6668341 D
6668341 D
6668341 W
6668341 L
6863887 D
6863887 D
6863887 W
6863887 L
7366939 D
7366939 D
7366939 W
7366939 L
7448633 D
7448633 D
7448633 W
7448633 L
7530947 D
7530947 D
7530947 W
7530947 L
7562227 D
7562227 D
7562227 W
7562227 L
7840153 D
7840153 D
7840153 W
7840153 L
7856921 D
7856921 D
7856921 W
7856921 L
7924243 D
7924243 D
7924243 W
7924243 L
8637017 D
8637017 D
8637017 W
8637017 L
8671709 D
8671709 D
8671709 W
8671709 L
8707793 D
8707793 D
8707793 W
8707793 L
8768983 D
8768983 D
8768983 W
8768983 L
9055297 D
9055297 D
9055297 W
9055297 L
9119609 D
9119609 D
9119609 W
9119609 L
9396451 D
9396451 D
9396451 W
9396451 L
