2992
2 W
2 W
2 W
2 W
2 W
2 W
2 W
2 W
2 W
2 W
2 W
2 W
2 W
2 W
2 W
2 W
2 W
2 W
2 W
2 W
2 W
2 W
2 W
2 W
2 W
2 W
2 W
2 W
2 W
2 W
2 W
2 D
2 W
3 W
3 W
3 W
3 W
3 W
3 W
3 W
3 W
3 W
3 W
3 W
3 W
3 W
3 W
3 D
3 W
5 W
5 W
5 W
5 W
5 W
5 W
5 W
5 W
5 W
5 W
7 W
7 W
7 W
7 W
7 D
7 W
11 W
11 W
11 W
13 W
13 D
13 W
17 W
17 W
17 D
17 W
19 W
19 W
19 W
19 D
19 W
23 W
23 D
23 W
29 W
29 D
29 W
31 D
31 W
37 W
37 D
37 W
41 W
43 D
43 W
53 W
61 D
61 W
71 D
71 W
73 W
83 W
83 W
89 D
89 W
97 D
97 W
107 D
107 W
109 W
113 D
113 W
137 W
149 D
149 W
157 W
211 W
233 D
233 W
251 D
251 W
257 D
257 W
283 D
283 W
331 D
331 W
421 D
421 W
431 D
431 W
433 D
433 W
521 D
521 W
541 D
541 W
569 D
569 W
599 D
599 W
1009 D
1009 W
1163 D
1163 W
1381 D
1381 W
1609 D
1609 W
1637 D
1637 W
1721 D
1721 W
1951 D
1951 W
2309 D
2309 W
2731 D
2731 W
3191 D
3191 W
3253 D
3253 W
3583 W
4483 D
4483 W
6763 D
6763 W
7649 D
7649 W
9623 D
9623 W
13487 D
13487 W
13933 D
13933 W
14503 D
14503 W
15131 D
15131 W
28499 D
28499 W
32371 D
32371 W
32801 D
32801 W
43633 D
43633 W
70009 D
70009 W
83443 D
83443 W
124171 D
124171 W
177589 D
177589 W
229639 D
229639 W
296831 D
296831 W
369557 D
369557 W
484607 D
484607 W
558947 D
558947 W
568241 D
568241 W
697601 D
697601 W
729497 D
729497 W
781801 D
781801 W
832309 D
832309 W
851573 D
851573 W
1020101 D
1020101 W
1705493 D
1705493 W
3397481 D
3397481 W
4726993 D
4726993 W
5011099 D
5011099 W
5014199 D
5014199 W
5082191 D
5082191 W
5134981 D
5134981 W
5138009 D
5138009 W
5152261 D
5152261 W
5156813 D
5156813 W
5225509 D
5225509 W
5240929 D
5240929 W
5298607 D
5298607 W
5350511 D
5350511 W
5353321 D
5353321 W
5356531 D
5356531 W
5360461 D
5360461 W
5387719 D
5387719 W
5388619 D
5388619 W
5408213 D
5408213 W
5443901 D
5443901 W
5464703 D
5464703 W
5511931 D
5511931 W
5514097 D
5514097 W
5520551 D
5520551 W
5544337 D
5544337 W
5589581 D
5589581 W
5589769 D
5589769 W
5598667 D
5598667 W
5601787 D
5601787 W
5603737 D
5603737 W
5634661 D
5634661 W
5635921 D
5635921 W
5652553 D
5652553 W
5660987 D
5660987 W
5679673 D
5679673 W
5681033 D
5681033 W
5704603 D
5704603 W
5748461 D
5748461 W
5749201 D
5749201 W
5760277 D
5760277 W
5763413 D
5763413 W
5763839 D
5763839 W
5765869 D
5765869 W
5798197 D
5798197 W
5834291 D
5834291 W
5836717 D
5836717 W
5846663 D
5846663 W
5849119 D
5849119 W
5867089 D
5867089 W
5926741 D
5926741 W
5930809 D
5930809 W
5941283 D
5941283 W
5992289 D
5992289 W
6057871 D
6057871 W
6064873 D
6064873 W
6096427 D
6096427 W
6104183 D
6104183 W
6126581 D
6126581 W
6135893 D
6135893 W
6146467 D
6146467 W
6146489 D
6146489 W
6174391 D
6174391 W
6183391 D
6183391 W
6185143 D
6185143 W
6196549 D
6196549 W
6208771 D
6208771 W
6213091 D
6213091 W
6258029 D
6258029 W
6271583 D
6271583 W
6278579 D
6278579 W
6317527 D
6317527 W
6454901 D
6454901 W
6455539 D
6455539 W
6467171 D
6467171 W
6543223 D
6543223 W
6617599 D
6617599 W
6646973 D
6646973 W
6662567 D
6662567 W
6707783 D
6707783 W
6793517 D
6793517 W
6846731 D
6846731 W
6918739 D
6918739 W
6920257 D
6920257 W
6938797 D
6938797 W
6947693 D
6947693 W
6955789 D
6955789 W
6974689 D
6974689 W
6980371 D
6980371 W
6982579 D
6982579 W
7008151 D
7008151 W
7028467 D
7028467 W
7030873 D
7030873 W
7035709 D
7035709 W
7055183 D
7055183 W
7071343 D
7071343 W
7073281 D
7073281 W
7084859 D
7084859 W
7107701 D
7107701 W
7116311 D
7116311 W
7164587 D
7164587 W
7172927 D
7172927 W
7210699 D
7210699 W
7219483 D
7219483 W
7269061 D
7269061 W
7285891 D
7285891 W
7309741 D
7309741 W
7331813 D
7331813 W
7341001 D
7341001 W
7411751 D
7411751 W
7426477 D
7426477 W
7444559 D
7444559 W
7465189 D
7465189 W
7473253 D
7473253 W
7492249 D
7492249 W
7541021 D
7541021 W
7553737 D
7553737 W
7574921 D
7574921 W
7643023 D
7643023 W
7660339 D
7660339 W
7695769 D
7695769 W
7722191 D
7722191 W
7724531 D
7724531 W
7737607 D
7737607 W
7866179 D
7866179 W
7871779 D
7871779 W
7883261 D
7883261 W
7888637 D
7888637 W
7936183 D
7936183 W
7952389 D
7952389 W
7985227 D
7985227 W
7999921 D
7999921 W
8005103 D
8005103 W
8007047 D
8007047 W
8009747 D
8009747 W
8015299 D
8015299 W
8133289 D
8133289 W
8143613 D
8143613 W
8237237 D
8237237 W
8252093 D
8252093 W
8294483 D
8294483 W
8298473 D
8298473 W
8351129 D
8351129 W
8426021 D
8426021 W
8449729 D
8449729 W
8455639 D
8455639 W
8474623 D
8474623 W
8495191 D
8495191 W
8507207 D
8507207 W
8555929 D
8555929 W
8561551 D
8561551 W
8563627 D
8563627 W
8577397 D
8577397 W
8586733 D
8586733 W
8596649 D
8596649 W
8598347 D
8598347 W
8599687 D
8599687 W
8600047 D
8600047 W
8629927 D
8629927 W
8703379 D
8703379 W
8772733 D
8772733 W
8796049 D
8796049 W
8823637 D
8823637 W
8869453 D
8869453 W
8887817 D
8887817 W
8906893 D
8906893 W
9031469 D
9031469 W
9032227 D
9032227 W
9041029 D
9041029 W
9051787 D
9051787 W
9058271 D
9058271 W
9073093 D
9073093 W
9092557 D
9092557 W
9101177 D
9101177 W
9127189 D
9127189 W
9147899 D
9147899 W
9156743 D
9156743 W
9237031 D
9237031 W
9254057 D
9254057 W
9277031 D
9277031 W
9317443 D
9317443 W
9388843 D
9388843 W
9391313 D
9391313 W
9397303 D
9397303 W
9413711 D
9413711 W
9427601 D
9427601 W
9455867 D
9455867 W
9456371 D
9456371 W
9479207 D
9479207 W
9529627 D
9529627 W
9537977 D
9537977 W
9592469 D
9592469 W
9603331 D
9603331 W
9608743 D
9608743 W
9613633 D
9613633 W
9621223 D
9621223 W
9639529 D
9639529 W
9652163 D
9652163 W
9661153 D
9661153 W
9690029 D
9690029 W
9712543 D
9712543 W
9727313 D
9727313 W
9792491 D
9792491 W
9873947 D
9873947 W
9890917 D
9890917 W
9911789 D
9911789 W
9920399 D
9920399 W
9953311 D
9953311 W
9972029 D
9972029 W
2 L
2 L
2 L
2 L
2 L
2 L
2 L
2 L
2 L
2 L
2 L
2 L
2 L
2 L
2 L
2 L
2 L
2 L
2 L
2 L
2 L
2 L
2 L
2 L
2 L
2 L
2 L
2 L
2 L
2 L
2 L
2 L
2 L
2 L
2 L
2 L
2 L
2 L
2 L
2 L
2 L
2 L
2 L
2 L
2 L
2 L
2 L
2 L
2 L
2 L
3 L
3 L
3 L
3 L
3 L
3 L
3 L
3 L
3 L
3 L
3 L
3 L
3 L
3 L
3 L
3 L
3 L
3 L
5 L
5 L
5 L
5 L
5 L
5 L
5 L
5 L
5 L
5 L
5 L
5 L
5 D
5 D
5 W
5 L
7 L
7 L
7 L
7 L
7 L
7 D
7 D
7 W
7 L
11 L
11 L
11 D
11 D
11 W
11 L
13 L
13 L
13 L
17 L
17 L
17 L
19 L
19 L
19 L
19 D
19 D
19 W
19 L
23 L
23 L
23 L
29 L
29 L
29 L
29 L
31 L
31 D
31 D
31 W
31 L
37 L
37 D
37 D
37 W
37 L
41 L
43 L
43 D
43 D
43 W
43 L
47 L
47 D
47 D
47 W
47 L
53 L
53 D
53 D
53 W
53 L
61 L
67 L
71 L
73 D
73 D
73 W
73 L
83 L
89 D
89 D
89 W
89 L
97 L
103 D
103 D
103 W
103 L
107 L
109 D
109 D
109 W
109 L
113 D
113 D
113 W
113 L
131 D
131 D
131 W
131 L
137 L
149 D
149 D
149 W
149 L
157 D
157 D
157 W
157 L
167 D
167 D
167 W
167 L
173 D
173 D
173 W
173 L
179 D
179 D
179 W
179 L
191 D
191 D
191 W
191 L
211 D
211 D
211 W
211 L
233 D
233 D
233 W
233 L
241 D
241 D
241 W
241 L
251 D
251 D
251 W
251 L
257 L
281 D
281 D
281 W
281 L
283 D
283 D
283 W
283 L
331 D
331 D
331 W
331 L
397 D
397 D
397 W
397 L
419 D
419 D
419 W
419 L
421 D
421 D
421 W
421 L
431 D
431 D
431 W
431 L
433 D
433 D
433 W
433 L
443 D
443 D
443 W
443 L
499 D
499 D
499 W
499 L
521 D
521 D
521 W
521 L
541 D
541 D
541 W
541 L
569 D
569 D
569 W
569 L
599 L
677 D
677 D
677 W
677 L
811 D
811 D
811 W
811 L
1009 D
1009 D
1009 W
1009 L
1163 D
1163 D
1163 W
1163 L
1381 D
1381 D
1381 W
1381 L
1609 D
1609 D
1609 W
1609 L
1637 D
1637 D
1637 W
1637 L
1721 D
1721 D
1721 W
1721 L
1733 D
1733 D
1733 W
1733 L
1951 D
1951 D
1951 W
1951 L
2309 D
2309 D
2309 W
2309 L
2731 D
2731 D
2731 W
2731 L
2789 D
2789 D
2789 W
2789 L
2887 D
2887 D
2887 W
2887 L
3191 D
3191 D
3191 W
3191 L
3253 D
3253 D
3253 W
3253 L
3583 D
3583 D
3583 W
3583 L
4001 D
4001 D
4001 W
4001 L
4051 D
4051 D
4051 W
4051 L
4483 D
4483 D
4483 W
4483 L
5741 D
5741 D
5741 W
5741 L
5801 D
5801 D
5801 W
5801 L
6719 L
6763 D
6763 D
6763 W
6763 L
6781 D
6781 D
6781 W
6781 L
6833 D
6833 D
6833 W
6833 L
6961 D
6961 D
6961 W
6961 L
7649 D
7649 D
7649 W
7649 L
8999 D
8999 D
8999 W
8999 L
9623 D
9623 D
9623 W
9623 L
10459 D
10459 D
10459 W
10459 L
11083 D
11083 D
11083 W
11083 L
11251 D
11251 D
11251 W
11251 L
13487 D
13487 D
13487 W
13487 L
13933 D
13933 D
13933 W
13933 L
14503 D
14503 D
14503 W
14503 L
15131 D
15131 D
15131 W
15131 L
17623 D
17623 D
17623 W
17623 L
18911 D
18911 D
18911 W
18911 L
19001 D
19001 D
19001 W
19001 L
20431 D
20431 D
20431 W
20431 L
20963 D
20963 D
20963 W
20963 L
25261 D
25261 D
25261 W
25261 L
25679 D
25679 D
25679 W
25679 L
28499 D
28499 D
28499 W
28499 L
32371 D
32371 D
32371 W
32371 L
32801 D
32801 D
32801 W
32801 L
33827 D
33827 D
33827 W
33827 L
40499 D
40499 D
40499 W
40499 L
43633 D
43633 D
43633 W
43633 L
46237 D
46237 D
46237 W
46237 L
49891 D
49891 D
49891 W
49891 L
70009 D
70009 D
70009 W
70009 L
83443 D
83443 D
83443 W
83443 L
96697 D
96697 D
96697 W
96697 L
98999 D
98999 D
98999 W
98999 L
105167 D
105167 D
105167 W
105167 L
124171 D
124171 D
124171 W
124171 L
148721 D
148721 D
148721 W
148721 L
177589 D
177589 D
177589 W
177589 L
225157 D
225157 D
225157 W
225157 L
229639 D
229639 D
229639 W
229639 L
262783 D
262783 D
262783 W
262783 L
277097 D
277097 D
277097 W
277097 L
296831 D
296831 D
296831 W
296831 L
322757 D
322757 D
322757 W
322757 L
369557 D
369557 D
369557 W
369557 L
484607 D
484607 D
484607 W
484607 L
521399 D
521399 D
521399 W
521399 L
558947 D
558947 D
558947 W
558947 L
568241 D
568241 D
568241 W
568241 L
697601 D
697601 D
697601 W
697601 L
718661 D
718661 D
718661 W
718661 L
729497 D
729497 D
729497 W
729497 L
781801 D
781801 D
781801 W
781801 L
832309 D
832309 D
832309 W
832309 L
851573 D
851573 D
851573 W
851573 L
1020101 D
1020101 D
1020101 W
1020101 L
1705493 D
1705493 D
1705493 W
1705493 L
3397481 D
3397481 D
3397481 W
3397481 L
4422247 D
4422247 D
4422247 W
4422247 L
4726993 D
4726993 D
4726993 W
4726993 L
5011099 D
5011099 D
5011099 W
5011099 L
5014199 D
5014199 D
5014199 W
5014199 L
5018357 D
5018357 D
5018357 W
5018357 L
5024819 D
5024819 D
5024819 W
5024819 L
5026649 D
5026649 D
5026649 W
5026649 L
5082191 D
5082191 D
5082191 W
5082191 L
5100229 D
5100229 D
5100229 W
5100229 L
5108209 D
5108209 D
5108209 W
5108209 L
5110913 D
5110913 D
5110913 W
5110913 L
5118017 D
5118017 D
5118017 W
5118017 L
5122919 D
5122919 D
5122919 W
5122919 L
5134981 D
5134981 D
5134981 W
5134981 L
5138009 D
5138009 D
5138009 W
5138009 L
5139821 D
5139821 D
5139821 W
5139821 L
5142337 D
5142337 D
5142337 W
5142337 L
5152261 D
5152261 D
5152261 W
5152261 L
5156813 D
5156813 D
5156813 W
5156813 L
5211509 D
5211509 D
5211509 W
5211509 L
5225509 D
5225509 D
5225509 W
5225509 L
5228617 D
5228617 D
5228617 W
5228617 L
5240929 D
5240929 D
5240929 W
5240929 L
5277329 D
5277329 D
5277329 W
5277329 L
5298607 D
5298607 D
5298607 W
5298607 L
5316023 D
5316023 D
5316023 W
5316023 L
5318867 D
5318867 D
5318867 W
5318867 L
5350511 D
5350511 D
5350511 W
5350511 L
5353321 D
5353321 D
5353321 W
5353321 L
5353889 D
5353889 D
5353889 W
5353889 L
5356531 D
5356531 D
5356531 W
5356531 L
5360461 D
5360461 D
5360461 W
5360461 L
5379251 D
5379251 D
5379251 W
5379251 L
5387677 D
5387677 D
5387677 W
5387677 L
5387719 D
5387719 D
5387719 W
5387719 L
5388619 D
5388619 D
5388619 W
5388619 L
5407349 D
5407349 D
5407349 W
5407349 L
5408213 D
5408213 D
5408213 W
5408213 L
5420543 D
5420543 D
5420543 W
5420543 L
5436917 D
5436917 D
5436917 W
5436917 L
5443901 D
5443901 D
5443901 W
5443901 L
5444149 D
5444149 D
5444149 W
5444149 L
5458331 D
5458331 D
5458331 W
5458331 L
5464703 D
5464703 D
5464703 W
5464703 L
5511931 D
5511931 D
5511931 W
5511931 L
5514097 D
5514097 D
5514097 W
5514097 L
5520551 D
5520551 D
5520551 W
5520551 L
5525251 D
5525251 D
5525251 W
5525251 L
5544337 D
5544337 D
5544337 W
5544337 L
5551937 D
5551937 D
5551937 W
5551937 L
5581711 D
5581711 D
5581711 W
5581711 L
5589581 D
5589581 D
5589581 W
5589581 L
5589769 D
5589769 D
5589769 W
5589769 L
5598667 D
5598667 D
5598667 W
5598667 L
5601787 D
5601787 D
5601787 W
5601787 L
5603737 D
5603737 D
5603737 W
5603737 L
5634661 D
5634661 D
5634661 W
5634661 L
5635921 D
5635921 D
5635921 W
5635921 L
5638799 D
5638799 D
5638799 W
5638799 L
5647561 D
5647561 D
5647561 W
5647561 L
5651923 D
5651923 D
5651923 W
5651923 L
5652553 D
5652553 D
5652553 W
5652553 L
5660987 D
5660987 D
5660987 W
5660987 L
5679673 D
5679673 D
5679673 W
5679673 L
5681033 D
5681033 D
5681033 W
5681033 L
5694163 D
5694163 D
5694163 W
5694163 L
5704603 D
5704603 D
5704603 W
5704603 L
5711437 D
5711437 D
5711437 W
5711437 L
5735923 D
5735923 D
5735923 W
5735923 L
5748461 D
5748461 D
5748461 W
5748461 L
5749201 D
5749201 D
5749201 W
5749201 L
5760277 D
5760277 D
5760277 W
5760277 L
5763413 D
5763413 D
5763413 W
5763413 L
5763839 D
5763839 D
5763839 W
5763839 L
5765869 D
5765869 D
5765869 W
5765869 L
5798197 D
5798197 D
5798197 W
5798197 L
5834291 D
5834291 D
5834291 W
5834291 L
5836717 D
5836717 D
5836717 W
5836717 L
5846663 D
5846663 D
5846663 W
5846663 L
5849119 D
5849119 D
5849119 W
5849119 L
5867089 D
5867089 D
5867089 W
5867089 L
5890559 D
5890559 D
5890559 W
5890559 L
5890979 D
5890979 D
5890979 W
5890979 L
5897611 D
5897611 D
5897611 W
5897611 L
5918221 D
5918221 D
5918221 W
5918221 L
5922941 D
5922941 D
5922941 W
5922941 L
5926741 D
5926741 D
5926741 W
5926741 L
5930809 D
5930809 D
5930809 W
5930809 L
5941283 D
5941283 D
5941283 W
5941283 L
5965247 D
5965247 D
5965247 W
5965247 L
5968801 D
5968801 D
5968801 W
5968801 L
5992289 D
5992289 D
5992289 W
5992289 L
6009737 D
6009737 D
6009737 W
6009737 L
6014369 D
6014369 D
6014369 W
6014369 L
6014641 D
6014641 D
6014641 W
6014641 L
6057871 D
6057871 D
6057871 W
6057871 L
6064873 D
6064873 D
6064873 W
6064873 L
6096427 D
6096427 D
6096427 W
6096427 L
6102023 D
6102023 D
6102023 W
6102023 L
6104183 D
6104183 D
6104183 W
6104183 L
6126581 D
6126581 D
6126581 W
6126581 L
6128581 D
6128581 D
6128581 W
6128581 L
6132169 D
6132169 D
6132169 W
6132169 L
6135893 D
6135893 D
6135893 W
6135893 L
6146467 D
6146467 D
6146467 W
6146467 L
6146489 D
6146489 D
6146489 W
6146489 L
6158197 D
6158197 D
6158197 W
6158197 L
6168247 D
6168247 D
6168247 W
6168247 L
6168893 D
6168893 D
6168893 W
6168893 L
6174391 D
6174391 D
6174391 W
6174391 L
6179681 D
6179681 D
6179681 W
6179681 L
6183391 D
6183391 D
6183391 W
6183391 L
6184757 D
6184757 D
6184757 W
6184757 L
6185143 D
6185143 D
6185143 W
6185143 L
6196549 D
6196549 D
6196549 W
6196549 L
6208771 D
6208771 D
6208771 W
6208771 L
6213091 D
6213091 D
6213091 W
6213091 L
6229187 D
6229187 D
6229187 W
6229187 L
6258029 D
6258029 D
6258029 W
6258029 L
6271583 D
6271583 D
6271583 W
6271583 L
6278579 D
6278579 D
6278579 W
6278579 L
6281629 D
6281629 D
6281629 W
6281629 L
6309517 D
6309517 D
6309517 W
6309517 L
6317527 D
6317527 D
6317527 W
6317527 L
6335551 D
6335551 D
6335551 W
6335551 L
6354619 D
6354619 D
6354619 W
6354619 L
6373399 D
6373399 D
6373399 W
6373399 L
6386417 D
6386417 D
6386417 W
6386417 L
6388211 D
6388211 D
6388211 W
6388211 L
6454901 D
6454901 D
6454901 W
6454901 L
6455539 D
6455539 D
6455539 W
6455539 L
6467171 D
6467171 D
6467171 W
6467171 L
6468197 D
6468197 D
6468197 W
6468197 L
6471919 D
6471919 D
6471919 W
6471919 L
6533783 D
6533783 D
6533783 W
6533783 L
6543223 D
6543223 D
6543223 W
6543223 L
6595163 D
6595163 D
6595163 W
6595163 L
6601223 D
6601223 D
6601223 W
6601223 L
6603733 D
6603733 D
6603733 W
6603733 L
6611057 D
6611057 D
6611057 W
6611057 L
6617599 D
6617599 D
6617599 W
6617599 L
6619021 D
6619021 D
6619021 W
6619021 L
6646973 D
6646973 D
6646973 W
6646973 L
6662567 D
6662567 D
6662567 W
6662567 L
6663347 D
6663347 D
6663347 W
6663347 L
6703087 D
6703087 D
6703087 W
6703087 L
6707783 D
6707783 D
6707783 W
6707783 L
6762949 D
6762949 D
6762949 W
6762949 L
6793517 D
6793517 D
6793517 W
6793517 L
6803177 D
6803177 D
6803177 W
6803177 L
6814231 D
6814231 D
6814231 W
6814231 L
6834587 D
6834587 D
6834587 W
6834587 L
6837631 D
6837631 D
6837631 W
6837631 L
6846731 D
6846731 D
6846731 W
6846731 L
6877109 D
6877109 D
6877109 W
6877109 L
6918739 D
6918739 D
6918739 W
6918739 L
6920257 D
6920257 D
6920257 W
6920257 L
6938797 D
6938797 D
6938797 W
6938797 L
6947693 D
6947693 D
6947693 W
6947693 L
6955789 D
6955789 D
6955789 W
6955789 L
6974689 D
6974689 D
6974689 W
6974689 L
6980371 D
6980371 D
6980371 W
6980371 L
6982579 D
6982579 D
6982579 W
6982579 L
7008151 D
7008151 D
7008151 W
7008151 L
7012903 D
7012903 D
7012903 W
7012903 L
7028467 D
7028467 D
7028467 W
7028467 L
7028839 D
7028839 D
7028839 W
7028839 L
7030873 D
7030873 D
7030873 W
7030873 L
7035709 D
7035709 D
7035709 W
7035709 L
7055183 D
7055183 D
7055183 W
7055183 L
7071343 D
7071343 D
7071343 W
7071343 L
7073281 D
7073281 D
7073281 W
7073281 L
7084859 D
7084859 D
7084859 W
7084859 L
7107701 D
7107701 D
7107701 W
7107701 L
7116311 D
7116311 D
7116311 W
7116311 L
7122263 D
7122263 D
7122263 W
7122263 L
7124099 D
7124099 D
7124099 W
7124099 L
7164587 D
7164587 D
7164587 W
7164587 L
7172927 D
7172927 D
7172927 W
7172927 L
7184447 D
7184447 D
7184447 W
7184447 L
7210699 D
7210699 D
7210699 W
7210699 L
7214063 D
7214063 D
7214063 W
7214063 L
7219483 D
7219483 D
7219483 W
7219483 L
7220149 D
7220149 D
7220149 W
7220149 L
7225033 D
7225033 D
7225033 W
7225033 L
7226491 D
7226491 D
7226491 W
7226491 L
7231501 D
7231501 D
7231501 W
7231501 L
7269061 D
7269061 D
7269061 W
7269061 L
7283219 D
7283219 D
7283219 W
7283219 L
7285891 D
7285891 D
7285891 W
7285891 L
7286621 D
7286621 D
7286621 W
7286621 L
7309741 D
7309741 D
7309741 W
7309741 L
7331813 D
7331813 D
7331813 W
7331813 L
7333393 D
7333393 D
7333393 W
7333393 L
7341001 D
7341001 D
7341001 W
7341001 L
7346237 D
7346237 D
7346237 W
7346237 L
7363297 D
7363297 D
7363297 W
7363297 L
7364909 D
7364909 D
7364909 W
7364909 L
7389281 D
7389281 D
7389281 W
7389281 L
7390673 D
7390673 D
7390673 W
7390673 L
7411751 D
7411751 D
7411751 W
7411751 L
7426477 D
7426477 D
7426477 W
7426477 L
7432651 D
7432651 D
7432651 W
7432651 L
7444559 D
7444559 D
7444559 W
7444559 L
7452829 D
7452829 D
7452829 W
7452829 L
7465189 D
7465189 D
7465189 W
7465189 L
7473253 D
7473253 D
7473253 W
7473253 L
7485227 D
7485227 D
7485227 W
7485227 L
7490179 D
7490179 D
7490179 W
7490179 L
7492249 D
7492249 D
7492249 W
7492249 L
7500061 D
7500061 D
7500061 W
7500061 L
7501313 D
7501313 D
7501313 W
7501313 L
7525961 D
7525961 D
7525961 W
7525961 L
7530791 D
7530791 D
7530791 W
7530791 L
7541021 D
7541021 D
7541021 W
7541021 L
7550891 D
7550891 D
7550891 W
7550891 L
7552169 D
7552169 D
7552169 W
7552169 L
7553737 D
7553737 D
7553737 W
7553737 L
7570601 D
7570601 D
7570601 W
7570601 L
7574921 D
7574921 D
7574921 W
7574921 L
7627637 D
7627637 D
7627637 W
7627637 L
7632143 D
7632143 D
7632143 W
7632143 L
7635911 D
7635911 D
7635911 W
7635911 L
7643023 D
7643023 D
7643023 W
7643023 L
7660339 D
7660339 D
7660339 W
7660339 L
7668391 D
7668391 D
7668391 W
7668391 L
7687237 D
7687237 D
7687237 W
7687237 L
7689817 D
7689817 D
7689817 W
7689817 L
7695769 D
7695769 D
7695769 W
7695769 L
7703491 D
7703491 D
7703491 W
7703491 L
7706701 D
7706701 D
7706701 W
7706701 L
7722191 D
7722191 D
7722191 W
7722191 L
7724531 D
7724531 D
7724531 W
7724531 L
7728139 D
7728139 D
7728139 W
7728139 L
7737607 D
7737607 D
7737607 W
7737607 L
7739651 D
7739651 D
7739651 W
7739651 L
7748969 D
7748969 D
7748969 W
7748969 L
7758917 D
7758917 D
7758917 W
7758917 L
7763641 D
7763641 D
7763641 W
7763641 L
7776289 D
7776289 D
7776289 W
7776289 L
7798951 D
7798951 D
7798951 W
7798951 L
7839809 D
7839809 D
7839809 W
7839809 L
7847299 D
7847299 D
7847299 W
7847299 L
7848103 D
7848103 D
7848103 W
7848103 L
7862597 D
7862597 D
7862597 W
7862597 L
7866179 D
7866179 D
7866179 W
7866179 L
7871779 D
7871779 D
7871779 W
7871779 L
7883261 D
7883261 D
7883261 W
7883261 L
7888637 D
7888637 D
7888637 W
7888637 L
7925173 D
7925173 D
7925173 W
7925173 L
7934653 D
7934653 D
7934653 W
7934653 L
7936183 D
7936183 D
7936183 W
7936183 L
7952389 D
7952389 D
7952389 W
7952389 L
7969729 D
7969729 D
7969729 W
7969729 L
7978679 D
7978679 D
7978679 W
7978679 L
7985227 D
7985227 D
7985227 W
7985227 L
7987781 D
7987781 D
7987781 W
7987781 L
7995553 D
7995553 D
7995553 W
7995553 L
7999921 D
7999921 D
7999921 W
7999921 L
8002507 D
8002507 D
8002507 W
8002507 L
8005103 D
8005103 D
8005103 W
8005103 L
8007047 D
8007047 D
8007047 W
8007047 L
8007173 D
8007173 D
8007173 W
8007173 L
8009747 D
8009747 D
8009747 W
8009747 L
8013323 D
8013323 D
8013323 W
8013323 L
8015299 D
8015299 D
8015299 W
8015299 L
8024089 D
8024089 D
8024089 W
8024089 L
8027629 D
8027629 D
8027629 W
8027629 L
8032987 D
8032987 D
8032987 W
8032987 L
8036341 D
8036341 D
8036341 W
8036341 L
8055409 D
8055409 D
8055409 W
8055409 L
8061037 D
8061037 D
8061037 W
8061037 L
8069911 D
8069911 D
8069911 W
8069911 L
8075141 D
8075141 D
8075141 W
8075141 L
8087969 D
8087969 D
8087969 W
8087969 L
8133289 D
8133289 D
8133289 W
8133289 L
8143613 D
8143613 D
8143613 W
8143613 L
8176699 D
8176699 D
8176699 W
8176699 L
8188423 D
8188423 D
8188423 W
8188423 L
8199409 D
8199409 D
8199409 W
8199409 L
8226857 D
8226857 D
8226857 W
8226857 L
8237237 D
8237237 D
8237237 W
8237237 L
8240227 D
8240227 D
8240227 W
8240227 L
8252093 D
8252093 D
8252093 W
8252093 L
8294483 D
8294483 D
8294483 W
8294483 L
8298473 D
8298473 D
8298473 W
8298473 L
8332409 D
8332409 D
8332409 W
8332409 L
8342203 D
8342203 D
8342203 W
8342203 L
8351129 D
8351129 D
8351129 W
8351129 L
8378053 D
8378053 D
8378053 W
8378053 L
8382107 D
8382107 D
8382107 W
8382107 L
8382929 D
8382929 D
8382929 W
8382929 L
8386387 D
8386387 D
8386387 W
8386387 L
8400097 D
8400097 D
8400097 W
8400097 L
8418209 D
8418209 D
8418209 W
8418209 L
8426021 D
8426021 D
8426021 W
8426021 L
8449333 D
8449333 D
8449333 W
8449333 L
8449729 D
8449729 D
8449729 W
8449729 L
8455639 D
8455639 D
8455639 W
8455639 L
8465929 D
8465929 D
8465929 W
8465929 L
8467843 D
8467843 D
8467843 W
8467843 L
8473181 D
8473181 D
8473181 W
8473181 L
8474611 D
8474611 D
8474611 W
8474611 L
8474623 D
8474623 D
8474623 W
8474623 L
8484149 D
8484149 D
8484149 W
8484149 L
8495191 D
8495191 D
8495191 W
8495191 L
8501399 D
8501399 D
8501399 W
8501399 L
8507207 D
8507207 D
8507207 W
8507207 L
8511523 D
8511523 D
8511523 W
8511523 L
8519207 D
8519207 D
8519207 W
8519207 L
8537983 D
8537983 D
8537983 W
8537983 L
8555929 D
8555929 D
8555929 W
8555929 L
8561551 D
8561551 D
8561551 W
8561551 L
8563627 D
8563627 D
8563627 W
8563627 L
8563769 D
8563769 D
8563769 W
8563769 L
8570909 D
8570909 D
8570909 W
8570909 L
8576699 D
8576699 D
8576699 W
8576699 L
8577397 D
8577397 D
8577397 W
8577397 L
8586733 D
8586733 D
8586733 W
8586733 L
8587963 D
8587963 D
8587963 W
8587963 L
8596649 D
8596649 D
8596649 W
8596649 L
8598347 D
8598347 D
8598347 W
8598347 L
8599687 D
8599687 D
8599687 W
8599687 L
8600047 D
8600047 D
8600047 W
8600047 L
8612743 D
8612743 D
8612743 W
8612743 L
8629927 D
8629927 D
8629927 W
8629927 L
8661629 D
8661629 D
8661629 W
8661629 L
8667271 D
8667271 D
8667271 W
8667271 L
8680619 D
8680619 D
8680619 W
8680619 L
8703379 D
8703379 D
8703379 W
8703379 L
8727317 D
8727317 D
8727317 W
8727317 L
8729869 D
8729869 D
8729869 W
8729869 L
8750107 D
8750107 D
8750107 W
8750107 L
8756441 D
8756441 D
8756441 W
8756441 L
8761433 D
8761433 D
8761433 W
8761433 L
8772733 D
8772733 D
8772733 W
8772733 L
8784161 D
8784161 D
8784161 W
8784161 L
8789953 D
8789953 D
8789953 W
8789953 L
8796049 D
8796049 D
8796049 W
8796049 L
8799919 D
8799919 D
8799919 W
8799919 L
8808139 D
8808139 D
8808139 W
8808139 L
8823637 D
8823637 D
8823637 W
8823637 L
8830697 D
8830697 D
8830697 W
8830697 L
8869453 D
8869453 D
8869453 W
8869453 L
8881879 D
8881879 D
8881879 W
8881879 L
8882911 D
8882911 D
8882911 W
8882911 L
8887817 D
8887817 D
8887817 W
8887817 L
8898221 D
8898221 D
8898221 W
8898221 L
8901631 D
8901631 D
8901631 W
8901631 L
8906893 D
8906893 D
8906893 W
8906893 L
8954089 D
8954089 D
8954089 W
8954089 L
8955283 D
8955283 D
8955283 W
8955283 L
8972177 D
8972177 D
8972177 W
8972177 L
8976521 D
8976521 D
8976521 W
8976521 L
8987579 D
8987579 D
8987579 W
8987579 L
9004571 D
9004571 D
9004571 W
9004571 L
9006043 D
9006043 D
9006043 W
9006043 L
9012889 D
9012889 D
9012889 W
9012889 L
9031469 D
9031469 D
9031469 W
9031469 L
9032227 D
9032227 D
9032227 W
9032227 L
9041029 D
9041029 D
9041029 W
9041029 L
9051787 D
9051787 D
9051787 W
9051787 L
9053773 D
9053773 D
9053773 W
9053773 L
9058271 D
9058271 D
9058271 W
9058271 L
9062401 D
9062401 D
9062401 W
9062401 L
9072433 D
9072433 D
9072433 W
9072433 L
9073093 D
9073093 D
9073093 W
9073093 L
9076799 D
9076799 D
9076799 W
9076799 L
9092557 D
9092557 D
9092557 W
9092557 L
9101177 D
9101177 D
9101177 W
9101177 L
9127189 D
9127189 D
9127189 W
9127189 L
9131593 D
9131593 D
9131593 W
9131593 L
9147899 D
9147899 D
9147899 W
9147899 L
9156743 D
9156743 D
9156743 W
9156743 L
9163621 D
9163621 D
9163621 W
9163621 L
9183341 D
9183341 D
9183341 W
9183341 L
9219373 D
9219373 D
9219373 W
9219373 L
9231619 D
9231619 D
9231619 W
9231619 L
9237031 D
9237031 D
9237031 W
9237031 L
9243683 D
9243683 D
9243683 W
9243683 L
9254057 D
9254057 D
9254057 W
9254057 L
9277031 D
9277031 D
9277031 W
9277031 L
9285503 D
9285503 D
9285503 W
9285503 L
9287947 D
9287947 D
9287947 W
9287947 L
9317443 D
9317443 D
9317443 W
9317443 L
9343639 D
9343639 D
9343639 W
9343639 L
9388843 D
9388843 D
9388843 W
9388843 L
9391313 D
9391313 D
9391313 W
9391313 L
9397303 D
9397303 D
9397303 W
9397303 L
9406511 D
9406511 D
9406511 W
9406511 L
9413711 D
9413711 D
9413711 W
9413711 L
9427127 D
9427127 D
9427127 W
9427127 L
9427601 D
9427601 D
9427601 W
9427601 L
9455867 D
9455867 D
9455867 W
9455867 L
9456191 D
9456191 D
9456191 W
9456191 L
9456371 D
9456371 D
9456371 W
9456371 L
9479207 D
9479207 D
9479207 W
9479207 L
9502079 D
9502079 D
9502079 W
9502079 L
9509719 D
9509719 D
9509719 W
9509719 L
9512017 D
9512017 D
9512017 W
9512017 L
9529627 D
9529627 D
9529627 W
9529627 L
9537977 D
9537977 D
9537977 W
9537977 L
9550591 D
9550591 D
9550591 W
9550591 L
9558953 D
9558953 D
9558953 W
9558953 L
9575413 D
9575413 D
9575413 W
9575413 L
9582901 D
9582901 D
9582901 W
9582901 L
9592469 D
9592469 D
9592469 W
9592469 L
9603331 D
9603331 D
9603331 W
9603331 L
9608743 D
9608743 D
9608743 W
9608743 L
9613633 D
9613633 D
9613633 W
9613633 L
9621223 D
9621223 D
9621223 W
9621223 L
9639529 D
9639529 D
9639529 W
9639529 L
9651553 D
9651553 D
9651553 W
9651553 L
9652163 D
9652163 D
9652163 W
9652163 L
9661153 D
9661153 D
9661153 W
9661153 L
9685939 D
9685939 D
9685939 W
9685939 L
9690029 D
9690029 D
9690029 W
9690029 L
9712543 D
9712543 D
9712543 W
9712543 L
9725393 D
9725393 D
9725393 W
9725393 L
9727313 D
9727313 D
9727313 W
9727313 L
9756529 D
9756529 D
9756529 W
9756529 L
9765377 D
9765377 D
9765377 W
9765377 L
9776779 D
9776779 D
9776779 W
9776779 L
9787409 D
9787409 D
9787409 W
9787409 L
9792491 D
9792491 D
9792491 W
9792491 L
9832223 D
9832223 D
9832223 W
9832223 L
9851929 D
9851929 D
9851929 W
9851929 L
9852439 D
9852439 D
9852439 W
9852439 L
9873947 D
9873947 D
9873947 W
9873947 L
9887503 D
9887503 D
9887503 W
9887503 L
9890917 D
9890917 D
9890917 W
9890917 L
9911789 D
9911789 D
9911789 W
9911789 L
9920399 D
9920399 D
9920399 W
9920399 L
9927943 D
9927943 D
9927943 W
9927943 L
9928741 D
9928741 D
9928741 W
9928741 L
9935503 D
9935503 D
9935503 W
9935503 L
9938347 D
9938347 D
9938347 W
9938347 L
9940507 D
9940507 D
9940507 W
9940507 L
9943907 D
9943907 D
9943907 W
9943907 L
9953311 D
9953311 D
9953311 W
9953311 L
9972029 D
9972029 D
9972029 W
9972029 L
9990121 D
9990121 D
9990121 W
9990121 L
