3062
2 W
2 W
2 W
2 W
2 W
2 W
2 W
2 W
2 W
2 W
2 W
2 W
2 W
2 W
2 W
2 W
2 W
2 W
2 W
2 W
2 W
2 W
2 W
2 W
2 W
2 D
2 W
3 W
3 W
3 W
3 W
3 W
3 W
3 W
3 W
3 W
3 W
3 D
3 W
5 W
5 W
5 W
7 W
7 W
7 W
7 W
7 W
7 W
7 W
7 D
7 W
11 W
11 W
11 W
11 W
13 W
13 W
13 W
13 D
13 W
17 W
17 D
17 W
19 D
19 W
23 W
23 W
31 D
31 W
37 W
41 D
41 W
43 W
43 D
43 W
47 D
47 W
53 W
61 W
67 W
79 W
79 D
79 W
83 D
83 W
89 D
89 W
101 D
101 W
103 D
103 W
113 D
113 W
127 W
131 W
139 D
139 W
227 D
227 W
263 D
263 W
307 D
307 W
317 D
317 W
353 D
353 W
359 D
359 W
367 D
367 W
397 D
397 W
571 D
571 W
577 D
577 W
641 D
641 W
1021 W
1051 D
1051 W
1307 D
1307 W
1493 D
1493 W
1747 D
1747 W
2711 D
2711 W
2999 D
2999 W
3323 D
3323 W
3631 D
3631 W
3697 D
3697 W
4999 D
4999 W
5171 D
5171 W
5471 D
5471 W
6827 D
6827 W
9283 D
9283 W
10597 D
10597 W
14431 D
14431 W
23209 D
23209 W
24359 D
24359 W
36697 D
36697 W
41039 D
41039 W
48661 D
48661 W
48857 D
48857 W
65609 D
65609 W
69163 D
69163 W
84481 D
84481 W
106501 D
106501 W
129769 D
129769 W
197203 D
197203 W
331843 D
331843 W
335857 D
335857 W
408347 D
408347 W
552103 D
552103 W
721597 D
721597 W
815519 D
815519 W
868337 D
868337 W
2856547 D
2856547 W
3108337 D
3108337 W
4420547 D
4420547 W
5003963 D
5003963 W
5009803 D
5009803 W
5058191 D
5058191 W
5156813 D
5156813 W
5195213 D
5195213 W
5214161 D
5214161 W
5228959 D
5228959 W
5238209 D
5238209 W
5255123 D
5255123 W
5271923 D
5271923 W
5277469 D
5277469 W
5282609 D
5282609 W
5357903 D
5357903 W
5362079 D
5362079 W
5363861 D
5363861 W
5384437 D
5384437 W
5411881 D
5411881 W
5416487 D
5416487 W
5429483 D
5429483 W
5433517 D
5433517 W
5475443 D
5475443 W
5500787 D
5500787 W
5520589 D
5520589 W
5551837 D
5551837 W
5573801 D
5573801 W
5579527 D
5579527 W
5602111 D
5602111 W
5653223 D
5653223 W
5655109 D
5655109 W
5692171 D
5692171 W
5711399 D
5711399 W
5716429 D
5716429 W
5748557 D
5748557 W
5763229 D
5763229 W
5850787 D
5850787 W
5858453 D
5858453 W
5867969 D
5867969 W
5872003 D
5872003 W
5992691 D
5992691 W
6066407 W
6074707 D
6074707 W
6075479 D
6075479 W
6117697 D
6117697 W
6123713 D
6123713 W
6126017 D
6126017 W
6135539 D
6135539 W
6154487 D
6154487 W
6168989 D
6168989 W
6178397 D
6178397 W
6180133 D
6180133 W
6212551 D
6212551 W
6224429 D
6224429 W
6257831 D
6257831 W
6277213 D
6277213 W
6279617 D
6279617 W
6281729 D
6281729 W
6299977 D
6299977 W
6323791 D
6323791 W
6364571 D
6364571 W
6365959 D
6365959 W
6366037 D
6366037 W
6412199 D
6412199 W
6462487 D
6462487 W
6468149 D
6468149 W
6488501 D
6488501 W
6494549 D
6494549 W
6495803 D
6495803 W
6511133 D
6511133 W
6539539 D
6539539 W
6540067 D
6540067 W
6543457 D
6543457 W
6548413 D
6548413 W
6574157 D
6574157 W
6586873 D
6586873 W
6643229 D
6643229 W
6678109 D
6678109 W
6716113 D
6716113 W
6725197 D
6725197 W
6737651 D
6737651 W
6740369 D
6740369 W
6765461 D
6765461 W
6777049 D
6777049 W
6798349 D
6798349 W
6845009 D
6845009 W
6848027 D
6848027 W
6865561 D
6865561 W
6867743 D
6867743 W
6908413 D
6908413 W
6932333 D
6932333 W
6968443 D
6968443 W
6995227 D
6995227 W
6997559 D
6997559 W
7008713 D
7008713 W
7043791 D
7043791 W
7057667 D
7057667 W
7064441 D
7064441 W
7114973 D
7114973 W
7128347 D
7128347 W
7139663 D
7139663 W
7173209 D
7173209 W
7252499 D
7252499 W
7289993 D
7289993 W
7303687 D
7303687 W
7313693 D
7313693 W
7321109 D
7321109 W
7322683 D
7322683 W
7359581 D
7359581 W
7361309 D
7361309 W
7366397 D
7366397 W
7393273 D
7393273 W
7404031 D
7404031 W
7422221 D
7422221 W
7439347 D
7439347 W
7469431 D
7469431 W
7471691 D
7471691 W
7474171 D
7474171 W
7490767 D
7490767 W
7496053 D
7496053 W
7498019 D
7498019 W
7506259 D
7506259 W
7517773 D
7517773 W
7566073 D
7566073 W
7567663 D
7567663 W
7612621 D
7612621 W
7617433 D
7617433 W
7659721 D
7659721 W
7669171 D
7669171 W
7693757 D
7693757 W
7707571 D
7707571 W
7708483 D
7708483 W
7718941 D
7718941 W
7723297 D
7723297 W
7731671 D
7731671 W
7747499 D
7747499 W
7771993 D
7771993 W
7794089 D
7794089 W
7803643 D
7803643 W
7804721 D
7804721 W
7821167 D
7821167 W
7847311 D
7847311 W
7868431 D
7868431 W
7870903 D
7870903 W
7907701 D
7907701 W
7910081 D
7910081 W
7946303 D
7946303 W
7978877 D
7978877 W
8064367 D
8064367 W
8070457 D
8070457 W
8071807 D
8071807 W
8079289 D
8079289 W
8085019 D
8085019 W
8092963 D
8092963 W
8217929 D
8217929 W
8247391 D
8247391 W
8292887 D
8292887 W
8307841 D
8307841 W
8310971 D
8310971 W
8320519 D
8320519 W
8336479 D
8336479 W
8365901 D
8365901 W
8380403 D
8380403 W
8384729 D
8384729 W
8388427 D
8388427 W
8397079 D
8397079 W
8408663 D
8408663 W
8413057 D
8413057 W
8456333 D
8456333 W
8505793 D
8505793 W
8522429 D
8522429 W
8560303 D
8560303 W
8568839 D
8568839 W
8591603 D
8591603 W
8600089 D
8600089 W
8621939 D
8621939 W
8636633 D
8636633 W
8698889 D
8698889 W
8701723 D
8701723 W
8799277 D
8799277 W
8803589 D
8803589 W
8810147 D
8810147 W
8811779 D
8811779 W
8820257 D
8820257 W
8858299 D
8858299 W
8890243 D
8890243 W
8893589 D
8893589 W
8908019 D
8908019 W
8909473 D
8909473 W
8920433 D
8920433 W
8923099 D
8923099 W
8955131 D
8955131 W
8985247 D
8985247 W
9010439 D
9010439 W
9019939 D
9019939 W
9038671 D
9038671 W
9049237 D
9049237 W
9063751 D
9063751 W
9069833 D
9069833 W
9083069 D
9083069 W
9106621 D
9106621 W
9114719 D
9114719 W
9161057 D
9161057 W
9178327 D
9178327 W
9183541 D
9183541 W
9201611 D
9201611 W
9223661 D
9223661 W
9259619 D
9259619 W
9284707 D
9284707 W
9333479 D
9333479 W
9336589 D
9336589 W
9357449 D
9357449 W
9372841 D
9372841 W
9382619 D
9382619 W
9441539 D
9441539 W
9480613 D
9480613 W
9503773 D
9503773 W
9507263 D
9507263 W
9512717 D
9512717 W
9527423 D
9527423 W
9533539 D
9533539 W
9599309 D
9599309 W
9628811 D
9628811 W
9636061 D
9636061 W
9667201 D
9667201 W
9678901 D
9678901 W
9744589 D
9744589 W
9751667 D
9751667 W
9755843 D
9755843 W
9771053 D
9771053 W
9771703 D
9771703 W
9777473 D
9777473 W
9797113 D
9797113 W
9805661 D
9805661 W
9827197 D
9827197 W
9833179 D
9833179 W
9837691 D
9837691 W
9840521 D
9840521 W
9856757 D
9856757 W
9865033 D
9865033 W
9870451 D
9870451 W
9956279 D
9956279 W
2 L
2 L
2 L
2 L
2 L
2 L
2 L
2 L
2 L
2 L
2 L
2 L
2 L
2 L
2 L
2 L
2 L
2 L
2 L
2 L
2 L
2 L
2 L
2 L
2 L
2 L
2 L
2 L
2 L
2 L
2 L
2 L
2 L
2 L
2 L
2 L
2 L
2 L
2 L
2 L
2 L
2 L
2 L
3 L
3 L
3 L
3 L
3 L
3 L
3 L
3 L
3 L
3 L
3 L
3 L
3 L
3 L
3 L
3 L
3 L
3 L
3 L
5 L
5 L
5 L
5 L
5 L
5 L
5 L
5 L
5 L
5 L
5 L
7 L
7 L
7 L
7 L
7 L
7 L
7 L
7 L
11 L
11 L
11 L
11 D
11 D
11 W
11 L
13 L
13 L
13 L
13 D
13 D
13 W
13 L
17 L
17 L
19 L
19 L
19 L
19 D
19 D
19 W
19 L
23 L
23 L
23 L
29 D
29 D
29 W
29 L
31 D
31 D
31 W
31 L
37 D
37 D
37 W
37 L
41 L
43 L
47 D
47 D
47 W
47 L
53 D
53 D
53 W
53 L
59 D
59 D
59 W
59 L
61 L
67 D
67 D
67 W
67 L
71 D
71 D
71 W
71 L
79 L
79 L
83 L
89 D
89 D
89 W
89 L
97 D
97 D
97 W
97 L
101 D
101 D
101 W
101 L
103 D
103 D
103 W
103 L
107 L
109 D
109 D
109 W
109 L
113 D
113 D
113 W
113 L
127 D
127 D
127 W
127 L
131 D
131 D
131 W
131 L
137 D
137 D
137 W
137 L
139 L
149 L
163 D
163 D
163 W
163 L
211 D
211 D
211 W
211 L
227 D
227 D
227 W
227 L
239 D
239 D
239 W
239 L
257 D
257 D
257 W
257 L
263 D
263 D
263 W
263 L
293 D
293 D
293 W
293 L
307 D
307 D
307 W
307 L
317 D
317 D
317 W
317 L
337 D
337 D
337 W
337 L
347 D
347 D
347 W
347 L
353 D
353 D
353 W
353 L
359 L
359 D
359 D
359 W
359 L
367 D
367 D
367 W
367 L
397 D
397 D
397 W
397 L
421 D
421 D
421 W
421 L
439 D
439 D
439 W
439 L
457 L
463 D
463 D
463 W
463 L
479 D
479 D
479 W
479 L
491 D
491 D
491 W
491 L
503 D
503 D
503 W
503 L
509 D
509 D
509 W
509 L
571 D
571 D
571 W
571 L
577 D
577 D
577 W
577 L
607 D
607 D
607 W
607 L
641 D
641 D
641 W
641 L
661 L
677 D
677 D
677 W
677 L
773 D
773 D
773 W
773 L
877 D
877 D
877 W
877 L
1021 D
1021 D
1021 W
1021 L
1051 D
1051 D
1051 W
1051 L
1163 D
1163 D
1163 W
1163 L
1307 D
1307 D
1307 W
1307 L
1493 D
1493 D
1493 W
1493 L
1619 D
1619 D
1619 W
1619 L
1657 D
1657 D
1657 W
1657 L
1747 D
1747 D
1747 W
1747 L
2017 D
2017 D
2017 W
2017 L
2141 D
2141 D
2141 W
2141 L
2711 D
2711 D
2711 W
2711 L
2897 D
2897 D
2897 W
2897 L
2999 D
2999 D
2999 W
2999 L
3323 D
3323 D
3323 W
3323 L
3631 D
3631 D
3631 W
3631 L
3637 D
3637 D
3637 W
3637 L
3697 D
3697 D
3697 W
3697 L
4153 D
4153 D
4153 W
4153 L
4483 D
4483 D
4483 W
4483 L
4663 D
4663 D
4663 W
4663 L
4999 D
4999 D
4999 W
4999 L
5171 D
5171 D
5171 W
5171 L
5471 D
5471 D
5471 W
5471 L
6827 D
6827 D
6827 W
6827 L
7907 D
7907 D
7907 W
7907 L
8693 D
8693 D
8693 W
8693 L
9283 D
9283 D
9283 W
9283 L
10597 D
10597 D
10597 W
10597 L
12841 D
12841 D
12841 W
12841 L
14431 D
14431 D
14431 W
14431 L
15661 D
15661 D
15661 W
15661 L
18719 D
18719 D
18719 W
18719 L
20879 D
20879 D
20879 W
20879 L
23209 D
23209 D
23209 W
23209 L
24359 D
24359 D
24359 W
24359 L
25169 D
25169 D
25169 W
25169 L
25471 D
25471 D
25471 W
25471 L
34183 D
34183 D
34183 W
34183 L
36697 D
36697 D
36697 W
36697 L
41039 D
41039 D
41039 W
41039 L
48661 D
48661 D
48661 W
48661 L
48857 D
48857 D
48857 W
48857 L
65609 D
65609 D
65609 W
65609 L
66947 D
66947 D
66947 W
66947 L
69163 D
69163 D
69163 W
69163 L
73361 D
73361 D
73361 W
73361 L
80963 D
80963 D
80963 W
80963 L
81041 D
81041 D
81041 W
81041 L
84481 D
84481 D
84481 W
84481 L
89753 D
89753 D
89753 W
89753 L
106501 D
106501 D
106501 W
106501 L
129769 D
129769 D
129769 W
129769 L
144259 D
144259 D
144259 W
144259 L
174679 D
174679 D
174679 W
174679 L
192859 D
192859 D
192859 W
192859 L
197203 D
197203 D
197203 W
197203 L
239119 D
239119 D
239119 W
239119 L
270763 D
270763 D
270763 W
270763 L
331843 D
331843 D
331843 W
331843 L
335857 D
335857 D
335857 W
335857 L
344587 D
344587 D
344587 W
344587 L
408347 D
408347 D
408347 W
408347 L
552103 D
552103 D
552103 W
552103 L
653507 D
653507 D
653507 W
653507 L
721597 D
721597 D
721597 W
721597 L
781819 D
781819 D
781819 W
781819 L
793493 D
793493 D
793493 W
793493 L
815519 D
815519 D
815519 W
815519 L
868337 D
868337 D
868337 W
868337 L
1303481 D
1303481 D
1303481 W
1303481 L
2758397 D
2758397 D
2758397 W
2758397 L
2856547 D
2856547 D
2856547 W
2856547 L
3108337 D
3108337 D
3108337 W
3108337 L
4420547 D
4420547 D
4420547 W
4420547 L
5003963 D
5003963 D
5003963 W
5003963 L
5006513 D
5006513 D
5006513 W
5006513 L
5009803 D
5009803 D
5009803 W
5009803 L
5015083 D
5015083 D
5015083 W
5015083 L
5023153 D
5023153 D
5023153 W
5023153 L
5051041 D
5051041 D
5051041 W
5051041 L
5058191 D
5058191 D
5058191 W
5058191 L
5070167 D
5070167 D
5070167 W
5070167 L
5079157 D
5079157 D
5079157 W
5079157 L
5088113 D
5088113 D
5088113 W
5088113 L
5099219 D
5099219 D
5099219 W
5099219 L
5103947 D
5103947 D
5103947 W
5103947 L
5105629 D
5105629 D
5105629 W
5105629 L
5141309 D
5141309 D
5141309 W
5141309 L
5156813 D
5156813 D
5156813 W
5156813 L
5165191 D
5165191 D
5165191 W
5165191 L
5189251 D
5189251 D
5189251 W
5189251 L
5195213 D
5195213 D
5195213 W
5195213 L
5204083 D
5204083 D
5204083 W
5204083 L
5214161 D
5214161 D
5214161 W
5214161 L
5220251 D
5220251 D
5220251 W
5220251 L
5221829 D
5221829 D
5221829 W
5221829 L
5228959 D
5228959 D
5228959 W
5228959 L
5237209 D
5237209 D
5237209 W
5237209 L
5238209 D
5238209 D
5238209 W
5238209 L
5255123 D
5255123 D
5255123 W
5255123 L
5263253 D
5263253 D
5263253 W
5263253 L
5271923 D
5271923 D
5271923 W
5271923 L
5275909 D
5275909 D
5275909 W
5275909 L
5277211 D
5277211 D
5277211 W
5277211 L
5277469 D
5277469 D
5277469 W
5277469 L
5282609 D
5282609 D
5282609 W
5282609 L
5313881 D
5313881 D
5313881 W
5313881 L
5346307 D
5346307 D
5346307 W
5346307 L
5355433 D
5355433 D
5355433 W
5355433 L
5357903 D
5357903 D
5357903 W
5357903 L
5362079 D
5362079 D
5362079 W
5362079 L
5363861 D
5363861 D
5363861 W
5363861 L
5384437 D
5384437 D
5384437 W
5384437 L
5392823 D
5392823 D
5392823 W
5392823 L
5411881 D
5411881 D
5411881 W
5411881 L
5416487 D
5416487 D
5416487 W
5416487 L
5429483 D
5429483 D
5429483 W
5429483 L
5433517 D
5433517 D
5433517 W
5433517 L
5451323 D
5451323 D
5451323 W
5451323 L
5465071 D
5465071 D
5465071 W
5465071 L
5475443 D
5475443 D
5475443 W
5475443 L
5500787 D
5500787 D
5500787 W
5500787 L
5501449 D
5501449 D
5501449 W
5501449 L
5516617 D
5516617 D
5516617 W
5516617 L
5520589 D
5520589 D
5520589 W
5520589 L
5539361 D
5539361 D
5539361 W
5539361 L
5551837 D
5551837 D
5551837 W
5551837 L
5573801 D
5573801 D
5573801 W
5573801 L
5579527 D
5579527 D
5579527 W
5579527 L
5602111 D
5602111 D
5602111 W
5602111 L
5617457 D
5617457 D
5617457 W
5617457 L
5653223 D
5653223 D
5653223 W
5653223 L
5654689 D
5654689 D
5654689 W
5654689 L
5655109 D
5655109 D
5655109 W
5655109 L
5661169 D
5661169 D
5661169 W
5661169 L
5692171 D
5692171 D
5692171 W
5692171 L
5711399 D
5711399 D
5711399 W
5711399 L
5714519 D
5714519 D
5714519 W
5714519 L
5716429 D
5716429 D
5716429 W
5716429 L
5716517 D
5716517 D
5716517 W
5716517 L
5726843 D
5726843 D
5726843 W
5726843 L
5727809 D
5727809 D
5727809 W
5727809 L
5747129 D
5747129 D
5747129 W
5747129 L
5748557 D
5748557 D
5748557 W
5748557 L
5760193 D
5760193 D
5760193 W
5760193 L
5763229 D
5763229 D
5763229 W
5763229 L
5770559 D
5770559 D
5770559 W
5770559 L
5787101 D
5787101 D
5787101 W
5787101 L
5801347 D
5801347 D
5801347 W
5801347 L
5822573 D
5822573 D
5822573 W
5822573 L
5844581 D
5844581 D
5844581 W
5844581 L
5846233 D
5846233 D
5846233 W
5846233 L
5850787 D
5850787 D
5850787 W
5850787 L
5851319 D
5851319 D
5851319 W
5851319 L
5858453 D
5858453 D
5858453 W
5858453 L
5867969 D
5867969 D
5867969 W
5867969 L
5872003 D
5872003 D
5872003 W
5872003 L
5885059 D
5885059 D
5885059 W
5885059 L
5920757 D
5920757 D
5920757 W
5920757 L
5950927 D
5950927 D
5950927 W
5950927 L
5979229 D
5979229 D
5979229 W
5979229 L
5992691 D
5992691 D
5992691 W
5992691 L
5996587 D
5996587 D
5996587 W
5996587 L
6016123 D
6016123 D
6016123 W
6016123 L
6038393 D
6038393 D
6038393 W
6038393 L
6066407 D
6066407 D
6066407 W
6066407 L
6074707 D
6074707 D
6074707 W
6074707 L
6075479 D
6075479 D
6075479 W
6075479 L
6117697 D
6117697 D
6117697 W
6117697 L
6118237 D
6118237 D
6118237 W
6118237 L
6123713 D
6123713 D
6123713 W
6123713 L
6126017 D
6126017 D
6126017 W
6126017 L
6135539 D
6135539 D
6135539 W
6135539 L
6154487 D
6154487 D
6154487 W
6154487 L
6168989 D
6168989 D
6168989 W
6168989 L
6178397 D
6178397 D
6178397 W
6178397 L
6180133 D
6180133 D
6180133 W
6180133 L
6198209 D
6198209 D
6198209 W
6198209 L
6212551 D
6212551 D
6212551 W
6212551 L
6224429 D
6224429 D
6224429 W
6224429 L
6227959 D
6227959 D
6227959 W
6227959 L
6257831 D
6257831 D
6257831 W
6257831 L
6277213 D
6277213 D
6277213 W
6277213 L
6279617 D
6279617 D
6279617 W
6279617 L
6281729 D
6281729 D
6281729 W
6281729 L
6299977 D
6299977 D
6299977 W
6299977 L
6301553 D
6301553 D
6301553 W
6301553 L
6314761 D
6314761 D
6314761 W
6314761 L
6319847 D
6319847 D
6319847 W
6319847 L
6320333 D
6320333 D
6320333 W
6320333 L
6323791 D
6323791 D
6323791 W
6323791 L
6364571 D
6364571 D
6364571 W
6364571 L
6365959 D
6365959 D
6365959 W
6365959 L
6366037 D
6366037 D
6366037 W
6366037 L
6393209 D
6393209 D
6393209 W
6393209 L
6393467 D
6393467 D
6393467 W
6393467 L
6407039 D
6407039 D
6407039 W
6407039 L
6412199 D
6412199 D
6412199 W
6412199 L
6423623 D
6423623 D
6423623 W
6423623 L
6441053 D
6441053 D
6441053 W
6441053 L
6443779 D
6443779 D
6443779 W
6443779 L
6452827 D
6452827 D
6452827 W
6452827 L
6462487 D
6462487 D
6462487 W
6462487 L
6468149 D
6468149 D
6468149 W
6468149 L
6488501 D
6488501 D
6488501 W
6488501 L
6494549 D
6494549 D
6494549 W
6494549 L
6495803 D
6495803 D
6495803 W
6495803 L
6509843 D
6509843 D
6509843 W
6509843 L
6511133 D
6511133 D
6511133 W
6511133 L
6537029 D
6537029 D
6537029 W
6537029 L
6538757 D
6538757 D
6538757 W
6538757 L
6539539 D
6539539 D
6539539 W
6539539 L
6540067 D
6540067 D
6540067 W
6540067 L
6543457 D
6543457 D
6543457 W
6543457 L
6548413 D
6548413 D
6548413 W
6548413 L
6557339 D
6557339 D
6557339 W
6557339 L
6572927 D
6572927 D
6572927 W
6572927 L
6574157 D
6574157 D
6574157 W
6574157 L
6586873 D
6586873 D
6586873 W
6586873 L
6602549 D
6602549 D
6602549 W
6602549 L
6605813 D
6605813 D
6605813 W
6605813 L
6628261 D
6628261 D
6628261 W
6628261 L
6643229 D
6643229 D
6643229 W
6643229 L
6673861 D
6673861 D
6673861 W
6673861 L
6678109 D
6678109 D
6678109 W
6678109 L
6694663 D
6694663 D
6694663 W
6694663 L
6697837 D
6697837 D
6697837 W
6697837 L
6705793 D
6705793 D
6705793 W
6705793 L
6716113 D
6716113 D
6716113 W
6716113 L
6718471 D
6718471 D
6718471 W
6718471 L
6719113 D
6719113 D
6719113 W
6719113 L
6725197 D
6725197 D
6725197 W
6725197 L
6737651 D
6737651 D
6737651 W
6737651 L
6740369 D
6740369 D
6740369 W
6740369 L
6750511 D
6750511 D
6750511 W
6750511 L
6758567 D
6758567 D
6758567 W
6758567 L
6765461 D
6765461 D
6765461 W
6765461 L
6767053 D
6767053 D
6767053 W
6767053 L
6776039 D
6776039 D
6776039 W
6776039 L
6777049 D
6777049 D
6777049 W
6777049 L
6784711 D
6784711 D
6784711 W
6784711 L
6798349 D
6798349 D
6798349 W
6798349 L
6845009 D
6845009 D
6845009 W
6845009 L
6848027 D
6848027 D
6848027 W
6848027 L
6849497 D
6849497 D
6849497 W
6849497 L
6865303 D
6865303 D
6865303 W
6865303 L
6865561 D
6865561 D
6865561 W
6865561 L
6867743 D
6867743 D
6867743 W
6867743 L
6881509 D
6881509 D
6881509 W
6881509 L
6903397 D
6903397 D
6903397 W
6903397 L
6908413 D
6908413 D
6908413 W
6908413 L
6932333 D
6932333 D
6932333 W
6932333 L
6936773 D
6936773 D
6936773 W
6936773 L
6942413 D
6942413 D
6942413 W
6942413 L
6942493 D
6942493 D
6942493 W
6942493 L
6968443 D
6968443 D
6968443 W
6968443 L
6968939 D
6968939 D
6968939 W
6968939 L
6975401 D
6975401 D
6975401 W
6975401 L
6995227 D
6995227 D
6995227 W
6995227 L
6995383 D
6995383 D
6995383 W
6995383 L
6997559 D
6997559 D
6997559 W
6997559 L
7008713 D
7008713 D
7008713 W
7008713 L
7043791 D
7043791 D
7043791 W
7043791 L
7057667 D
7057667 D
7057667 W
7057667 L
7064441 D
7064441 D
7064441 W
7064441 L
7092053 D
7092053 D
7092053 W
7092053 L
7112983 D
7112983 D
7112983 W
7112983 L
7114973 D
7114973 D
7114973 W
7114973 L
7128347 D
7128347 D
7128347 W
7128347 L
7139663 D
7139663 D
7139663 W
7139663 L
7150691 D
7150691 D
7150691 W
7150691 L
7172791 D
7172791 D
7172791 W
7172791 L
7173097 D
7173097 D
7173097 W
7173097 L
7173209 D
7173209 D
7173209 W
7173209 L
7200763 D
7200763 D
7200763 W
7200763 L
7208521 D
7208521 D
7208521 W
7208521 L
7222123 D
7222123 D
7222123 W
7222123 L
7233311 D
7233311 D
7233311 W
7233311 L
7252499 D
7252499 D
7252499 W
7252499 L
7261699 D
7261699 D
7261699 W
7261699 L
7276433 D
7276433 D
7276433 W
7276433 L
7289993 D
7289993 D
7289993 W
7289993 L
7301159 D
7301159 D
7301159 W
7301159 L
7303687 D
7303687 D
7303687 W
7303687 L
7313693 D
7313693 D
7313693 W
7313693 L
7321109 D
7321109 D
7321109 W
7321109 L
7322683 D
7322683 D
7322683 W
7322683 L
7325159 D
7325159 D
7325159 W
7325159 L
7339489 D
7339489 D
7339489 W
7339489 L
7358017 D
7358017 D
7358017 W
7358017 L
7359581 D
7359581 D
7359581 W
7359581 L
7360459 D
7360459 D
7360459 W
7360459 L
7361309 D
7361309 D
7361309 W
7361309 L
7366397 D
7366397 D
7366397 W
7366397 L
7375517 D
7375517 D
7375517 W
7375517 L
7393273 D
7393273 D
7393273 W
7393273 L
7404031 D
7404031 D
7404031 W
7404031 L
7422221 D
7422221 D
7422221 W
7422221 L
7439347 D
7439347 D
7439347 W
7439347 L
7458643 D
7458643 D
7458643 W
7458643 L
7463801 D
7463801 D
7463801 W
7463801 L
7469431 D
7469431 D
7469431 W
7469431 L
7471691 D
7471691 D
7471691 W
7471691 L
7474171 D
7474171 D
7474171 W
7474171 L
7479851 D
7479851 D
7479851 W
7479851 L
7481917 D
7481917 D
7481917 W
7481917 L
7484557 D
7484557 D
7484557 W
7484557 L
7490767 D
7490767 D
7490767 W
7490767 L
7496053 D
7496053 D
7496053 W
7496053 L
7498019 D
7498019 D
7498019 W
7498019 L
7506259 D
7506259 D
7506259 W
7506259 L
7517773 D
7517773 D
7517773 W
7517773 L
7533269 D
7533269 D
7533269 W
7533269 L
7556573 D
7556573 D
7556573 W
7556573 L
7556683 D
7556683 D
7556683 W
7556683 L
7566073 D
7566073 D
7566073 W
7566073 L
7567663 D
7567663 D
7567663 W
7567663 L
7595629 D
7595629 D
7595629 W
7595629 L
7612621 D
7612621 D
7612621 W
7612621 L
7617433 D
7617433 D
7617433 W
7617433 L
7649969 D
7649969 D
7649969 W
7649969 L
7659721 D
7659721 D
7659721 W
7659721 L
7661777 D
7661777 D
7661777 W
7661777 L
7669171 D
7669171 D
7669171 W
7669171 L
7677001 D
7677001 D
7677001 W
7677001 L
7687081 D
7687081 D
7687081 W
7687081 L
7693757 D
7693757 D
7693757 W
7693757 L
7707571 D
7707571 D
7707571 W
7707571 L
7708483 D
7708483 D
7708483 W
7708483 L
7715551 D
7715551 D
7715551 W
7715551 L
7718941 D
7718941 D
7718941 W
7718941 L
7723297 D
7723297 D
7723297 W
7723297 L
7731671 D
7731671 D
7731671 W
7731671 L
7747499 D
7747499 D
7747499 W
7747499 L
7748893 D
7748893 D
7748893 W
7748893 L
7762991 D
7762991 D
7762991 W
7762991 L
7771993 D
7771993 D
7771993 W
7771993 L
7788493 D
7788493 D
7788493 W
7788493 L
7794089 D
7794089 D
7794089 W
7794089 L
7803643 D
7803643 D
7803643 W
7803643 L
7804721 D
7804721 D
7804721 W
7804721 L
7804957 D
7804957 D
7804957 W
7804957 L
7817879 D
7817879 D
7817879 W
7817879 L
7821167 D
7821167 D
7821167 W
7821167 L
7847311 D
7847311 D
7847311 W
7847311 L
7868431 D
7868431 D
7868431 W
7868431 L
7870903 D
7870903 D
7870903 W
7870903 L
7883299 D
7883299 D
7883299 W
7883299 L
7891439 D
7891439 D
7891439 W
7891439 L
7907701 D
7907701 D
7907701 W
7907701 L
7910081 D
7910081 D
7910081 W
7910081 L
7919341 D
7919341 D
7919341 W
7919341 L
7946303 D
7946303 D
7946303 W
7946303 L
7978877 D
7978877 D
7978877 W
7978877 L
7999543 D
7999543 D
7999543 W
7999543 L
8036261 D
8036261 D
8036261 W
8036261 L
8064367 D
8064367 D
8064367 W
8064367 L
8065283 D
8065283 D
8065283 W
8065283 L
8070457 D
8070457 D
8070457 W
8070457 L
8071807 D
8071807 D
8071807 W
8071807 L
8079289 D
8079289 D
8079289 W
8079289 L
8085019 D
8085019 D
8085019 W
8085019 L
8092963 D
8092963 D
8092963 W
8092963 L
8101253 D
8101253 D
8101253 W
8101253 L
8101901 D
8101901 D
8101901 W
8101901 L
8112227 D
8112227 D
8112227 W
8112227 L
8118589 D
8118589 D
8118589 W
8118589 L
8161807 D
8161807 D
8161807 W
8161807 L
8180201 D
8180201 D
8180201 W
8180201 L
8186089 D
8186089 D
8186089 W
8186089 L
8193307 D
8193307 D
8193307 W
8193307 L
8217929 D
8217929 D
8217929 W
8217929 L
8247391 D
8247391 D
8247391 W
8247391 L
8253793 D
8253793 D
8253793 W
8253793 L
8292887 D
8292887 D
8292887 W
8292887 L
8307841 D
8307841 D
8307841 W
8307841 L
8310971 D
8310971 D
8310971 W
8310971 L
8320519 D
8320519 D
8320519 W
8320519 L
8336479 D
8336479 D
8336479 W
8336479 L
8365901 D
8365901 D
8365901 W
8365901 L
8380403 D
8380403 D
8380403 W
8380403 L
8384729 D
8384729 D
8384729 W
8384729 L
8388427 D
8388427 D
8388427 W
8388427 L
8397079 D
8397079 D
8397079 W
8397079 L
8408663 D
8408663 D
8408663 W
8408663 L
8413057 D
8413057 D
8413057 W
8413057 L
8435269 D
8435269 D
8435269 W
8435269 L
8456333 D
8456333 D
8456333 W
8456333 L
8457233 D
8457233 D
8457233 W
8457233 L
8459933 D
8459933 D
8459933 W
8459933 L
8467609 D
8467609 D
8467609 W
8467609 L
8505793 D
8505793 D
8505793 W
8505793 L
8516029 D
8516029 D
8516029 W
8516029 L
8522429 D
8522429 D
8522429 W
8522429 L
8526533 D
8526533 D
8526533 W
8526533 L
8560303 D
8560303 D
8560303 W
8560303 L
8568839 D
8568839 D
8568839 W
8568839 L
8580617 D
8580617 D
8580617 W
8580617 L
8588191 D
8588191 D
8588191 W
8588191 L
8591603 D
8591603 D
8591603 W
8591603 L
8598899 D
8598899 D
8598899 W
8598899 L
8600089 D
8600089 D
8600089 W
8600089 L
8610649 D
8610649 D
8610649 W
8610649 L
8621939 D
8621939 D
8621939 W
8621939 L
8624507 D
8624507 D
8624507 W
8624507 L
8630591 D
8630591 D
8630591 W
8630591 L
8636633 D
8636633 D
8636633 W
8636633 L
8650927 D
8650927 D
8650927 W
8650927 L
8678759 D
8678759 D
8678759 W
8678759 L
8698889 D
8698889 D
8698889 W
8698889 L
8701723 D
8701723 D
8701723 W
8701723 L
8731039 D
8731039 D
8731039 W
8731039 L
8745119 D
8745119 D
8745119 W
8745119 L
8774351 D
8774351 D
8774351 W
8774351 L
8785061 D
8785061 D
8785061 W
8785061 L
8799277 D
8799277 D
8799277 W
8799277 L
8799911 D
8799911 D
8799911 W
8799911 L
8800511 D
8800511 D
8800511 W
8800511 L
8803589 D
8803589 D
8803589 W
8803589 L
8810147 D
8810147 D
8810147 W
8810147 L
8811779 D
8811779 D
8811779 W
8811779 L
8818141 D
8818141 D
8818141 W
8818141 L
8820257 D
8820257 D
8820257 W
8820257 L
8831833 D
8831833 D
8831833 W
8831833 L
8858299 D
8858299 D
8858299 W
8858299 L
8890243 D
8890243 D
8890243 W
8890243 L
8893589 D
8893589 D
8893589 W
8893589 L
8908019 D
8908019 D
8908019 W
8908019 L
8909473 D
8909473 D
8909473 W
8909473 L
8920433 D
8920433 D
8920433 W
8920433 L
8923099 D
8923099 D
8923099 W
8923099 L
8923991 D
8923991 D
8923991 W
8923991 L
8955131 D
8955131 D
8955131 W
8955131 L
8958793 D
8958793 D
8958793 W
8958793 L
8985247 D
8985247 D
8985247 W
8985247 L
8990041 D
8990041 D
8990041 W
8990041 L
9010439 D
9010439 D
9010439 W
9010439 L
9015847 D
9015847 D
9015847 W
9015847 L
9019939 D
9019939 D
9019939 W
9019939 L
9038671 D
9038671 D
9038671 W
9038671 L
9049237 D
9049237 D
9049237 W
9049237 L
9055027 D
9055027 D
9055027 W
9055027 L
9063751 D
9063751 D
9063751 W
9063751 L
9069833 D
9069833 D
9069833 W
9069833 L
9083069 D
9083069 D
9083069 W
9083069 L
9106621 D
9106621 D
9106621 W
9106621 L
9114719 D
9114719 D
9114719 W
9114719 L
9144727 D
9144727 D
9144727 W
9144727 L
9161057 D
9161057 D
9161057 W
9161057 L
9170081 D
9170081 D
9170081 W
9170081 L
9178327 D
9178327 D
9178327 W
9178327 L
9183103 D
9183103 D
9183103 W
9183103 L
9183541 D
9183541 D
9183541 W
9183541 L
9201611 D
9201611 D
9201611 W
9201611 L
9223661 D
9223661 D
9223661 W
9223661 L
9241273 D
9241273 D
9241273 W
9241273 L
9248249 D
9248249 D
9248249 W
9248249 L
9259619 D
9259619 D
9259619 W
9259619 L
9262573 D
9262573 D
9262573 W
9262573 L
9284707 D
9284707 D
9284707 W
9284707 L
9329861 D
9329861 D
9329861 W
9329861 L
9333479 D
9333479 D
9333479 W
9333479 L
9336589 D
9336589 D
9336589 W
9336589 L
9354703 D
9354703 D
9354703 W
9354703 L
9357449 D
9357449 D
9357449 W
9357449 L
9359491 D
9359491 D
9359491 W
9359491 L
9368977 D
9368977 D
9368977 W
9368977 L
9372841 D
9372841 D
9372841 W
9372841 L
9380009 D
9380009 D
9380009 W
9380009 L
9382619 D
9382619 D
9382619 W
9382619 L
9390581 D
9390581 D
9390581 W
9390581 L
9404233 D
9404233 D
9404233 W
9404233 L
9422291 D
9422291 D
9422291 W
9422291 L
9422639 D
9422639 D
9422639 W
9422639 L
9432011 D
9432011 D
9432011 W
9432011 L
9441539 D
9441539 D
9441539 W
9441539 L
9480613 D
9480613 D
9480613 W
9480613 L
9503773 D
9503773 D
9503773 W
9503773 L
9507263 D
9507263 D
9507263 W
9507263 L
9508069 D
9508069 D
9508069 W
9508069 L
9512717 D
9512717 D
9512717 W
9512717 L
9513481 D
9513481 D
9513481 W
9513481 L
9513853 D
9513853 D
9513853 W
9513853 L
9527423 D
9527423 D
9527423 W
9527423 L
9533539 D
9533539 D
9533539 W
9533539 L
9542557 D
9542557 D
9542557 W
9542557 L
9599309 D
9599309 D
9599309 W
9599309 L
9600389 D
9600389 D
9600389 W
9600389 L
9628811 D
9628811 D
9628811 W
9628811 L
9636061 D
9636061 D
9636061 W
9636061 L
9646771 D
9646771 D
9646771 W
9646771 L
9667201 D
9667201 D
9667201 W
9667201 L
9678901 D
9678901 D
9678901 W
9678901 L
9705719 D
9705719 D
9705719 W
9705719 L
9708263 D
9708263 D
9708263 W
9708263 L
9743779 D
9743779 D
9743779 W
9743779 L
9744589 D
9744589 D
9744589 W
9744589 L
9751667 D
9751667 D
9751667 W
9751667 L
9755843 D
9755843 D
9755843 W
9755843 L
9771053 D
9771053 D
9771053 W
9771053 L
9771703 D
9771703 D
9771703 W
9771703 L
9777473 D
9777473 D
9777473 W
9777473 L
9779207 D
9779207 D
9779207 W
9779207 L
9792659 D
9792659 D
9792659 W
9792659 L
9797113 D
9797113 D
9797113 W
9797113 L
9805661 D
9805661 D
9805661 W
9805661 L
9810257 D
9810257 D
9810257 W
9810257 L
9827197 D
9827197 D
9827197 W
9827197 L
9833179 D
9833179 D
9833179 W
9833179 L
9837691 D
9837691 D
9837691 W
9837691 L
9840521 D
9840521 D
9840521 W
9840521 L
9856757 D
9856757 D
9856757 W
9856757 L
9865033 D
9865033 D
9865033 W
9865033 L
9870451 D
9870451 D
9870451 W
9870451 L
9878839 D
9878839 D
9878839 W
9878839 L
9894847 D
9894847 D
9894847 W
9894847 L
9926837 D
9926837 D
9926837 W
9926837 L
9945259 D
9945259 D
9945259 W
9945259 L
9956279 D
9956279 D
9956279 W
9956279 L
9974389 D
9974389 D
9974389 W
9974389 L
9988981 D
9988981 D
9988981 W
9988981 L
