2636
47 D
47 W
53 D
53 W
59 D
59 W
79 D
79 W
83 D
83 W
107 D
107 W
139 D
139 W
151 D
151 W
51169 D
51169 W
56053 D
56053 W
60793 D
60793 W
66923 D
66923 W
114377 D
114377 W
130223 D
130223 W
156419 D
156419 W
164767 D
164767 W
275999 D
275999 W
284377 D
284377 W
407059 D
407059 W
518779 D
518779 W
545449 D
545449 W
579881 D
579881 W
593353 D
593353 W
602179 D
602179 W
612817 D
612817 W
622177 D
622177 W
667561 D
667561 W
711353 D
711353 W
743179 D
743179 W
808111 D
808111 W
824647 D
824647 W
852367 D
852367 W
854141 D
854141 W
906343 D
906343 W
931153 D
931153 W
950479 D
950479 W
961783 D
961783 W
967753 D
967753 W
978053 D
978053 W
984149 D
984149 W
1025047 D
1025047 W
1120517 D
1120517 W
1133159 D
1133159 W
1149971 D
1149971 W
1173593 D
1173593 W
1261373 D
1261373 W
1278481 D
1278481 W
1281547 D
1281547 W
1291211 D
1291211 W
1342829 D
1342829 W
1378189 D
1378189 W
1424441 D
1424441 W
1438061 D
1438061 W
1535299 D
1535299 W
1542997 D
1542997 W
1551959 D
1551959 W
1554439 D
1554439 W
1613921 D
1613921 W
1636823 D
1636823 W
1678463 D
1678463 W
1694081 D
1694081 W
1698799 D
1698799 W
1726481 D
1726481 W
1949417 D
1949417 W
2009857 D
2009857 W
2159351 D
2159351 W
2169031 D
2169031 W
2217379 D
2217379 W
2266133 D
2266133 W
2272199 D
2272199 W
2327599 D
2327599 W
2352131 D
2352131 W
2378921 D
2378921 W
2492593 D
2492593 W
2504519 D
2504519 W
2607557 D
2607557 W
2641687 D
2641687 W
2653571 D
2653571 W
2688223 D
2688223 W
2689303 D
2689303 W
2744003 D
2744003 W
2753459 D
2753459 W
2794607 D
2794607 W
2848633 D
2848633 W
2923387 D
2923387 W
2934733 D
2934733 W
2962703 D
2962703 W
2979313 D
2979313 W
3046427 D
3046427 W
3129629 D
3129629 W
3173293 D
3173293 W
3195259 D
3195259 W
3288833 D
3288833 W
3293977 D
3293977 W
3301681 D
3301681 W
3307831 D
3307831 W
3313267 D
3313267 W
3314791 D
3314791 W
3342721 D
3342721 W
3350549 D
3350549 W
3407891 D
3407891 W
3425479 D
3425479 W
3473741 D
3473741 W
3483853 D
3483853 W
3484279 D
3484279 W
3564137 D
3564137 W
3578573 D
3578573 W
3630257 D
3630257 W
3659083 D
3659083 W
3894307 D
3894307 W
3896449 D
3896449 W
3921023 D
3921023 W
4022197 D
4022197 W
4058851 D
4058851 W
4098011 D
4098011 W
4129313 D
4129313 W
4139909 D
4139909 W
4194851 D
4194851 W
4221479 D
4221479 W
4308781 D
4308781 W
4329011 D
4329011 W
4445459 D
4445459 W
4449119 D
4449119 W
4526143 D
4526143 W
4573367 D
4573367 W
4600007 D
4600007 W
4727953 D
4727953 W
4814743 D
4814743 W
4834451 D
4834451 W
4844689 D
4844689 W
4848037 D
4848037 W
4863641 D
4863641 W
4877557 D
4877557 W
4906933 D
4906933 W
4927009 D
4927009 W
4939021 D
4939021 W
4982311 D
4982311 W
4987403 D
4987403 W
4994089 D
4994089 W
5013451 D
5013451 W
5043553 D
5043553 W
5052521 D
5052521 W
5252347 D
5252347 W
5274067 D
5274067 W
5360503 D
5360503 W
5375641 D
5375641 W
5505749 D
5505749 W
5539883 D
5539883 W
5543771 D
5543771 W
5552501 D
5552501 W
5680189 D
5680189 W
5684537 D
5684537 W
5716961 D
5716961 W
5730341 D
5730341 W
5779339 D
5779339 W
5866607 D
5866607 W
5921759 D
5921759 W
6043949 D
6043949 W
6046069 D
6046069 W
6087383 D
6087383 W
6192229 D
6192229 W
6238369 D
6238369 W
6256981 D
6256981 W
6339989 D
6339989 W
6353759 D
6353759 W
6354331 D
6354331 W
6356803 D
6356803 W
6366071 D
6366071 W
6383593 D
6383593 W
6393353 D
6393353 W
6406313 D
6406313 W
6456509 D
6456509 W
6497837 D
6497837 W
6503099 D
6503099 W
6535751 D
6535751 W
6565991 D
6565991 W
6588613 D
6588613 W
6665567 D
6665567 W
6668269 D
6668269 W
6674779 D
6674779 W
6696023 D
6696023 W
6711863 D
6711863 W
6873719 D
6873719 W
6926081 D
6926081 W
6975919 D
6975919 W
7056083 D
7056083 W
7056349 D
7056349 W
7063267 D
7063267 W
7183963 D
7183963 W
7191757 D
7191757 W
7195807 D
7195807 W
7200769 D
7200769 W
7237561 D
7237561 W
7410889 D
7410889 W
7448017 D
7448017 W
7461031 D
7461031 W
7584949 D
7584949 W
7850509 D
7850509 W
7928303 D
7928303 W
7962397 D
7962397 W
7966237 D
7966237 W
8091617 D
8091617 W
8161001 D
8161001 W
8169013 D
8169013 W
8221751 D
8221751 W
8250107 D
8250107 W
8274109 D
8274109 W
8277257 D
8277257 W
8315353 D
8315353 W
8495677 D
8495677 W
8497913 D
8497913 W
8538611 D
8538611 W
8552771 D
8552771 W
8563831 D
8563831 W
8570117 D
8570117 W
8651609 D
8651609 W
8692069 D
8692069 W
8717563 D
8717563 W
8743997 D
8743997 W
8770939 D
8770939 W
8779853 D
8779853 W
8780887 D
8780887 W
8820829 D
8820829 W
8834281 D
8834281 W
8842541 D
8842541 W
8857027 D
8857027 W
9005011 D
9005011 W
9056657 D
9056657 W
9066677 D
9066677 W
9068287 D
9068287 W
9109361 D
9109361 W
9158263 D
9158263 W
9223661 D
9223661 W
9262007 D
9262007 W
9366419 D
9366419 W
9405761 D
9405761 W
9453211 D
9453211 W
9455917 D
9455917 W
9482411 D
9482411 W
9515069 D
9515069 W
9576841 D
9576841 W
9580201 D
9580201 W
9597389 D
9597389 W
9636281 D
9636281 W
9745069 D
9745069 W
9773833 D
9773833 W
9793477 D
9793477 W
9796529 D
9796529 W
9796939 D
9796939 W
9810571 D
9810571 W
9857321 D
9857321 W
9862079 D
9862079 W
9910883 D
9910883 W
9922247 D
9922247 W
9952121 D
9952121 W
9974761 D
9974761 W
9979511 D
9979511 W
9999677 D
9999677 W
2 D
2 D
2 W
2 L
3 D
3 D
3 W
3 L
5 D
5 D
5 W
5 L
7 D
7 D
7 W
7 L
11 D
11 D
11 W
11 L
13 D
13 D
13 W
13 L
17 D
17 D
17 W
17 L
19 D
19 D
19 W
19 L
23 D
23 D
23 W
23 L
29 D
29 D
29 W
29 L
31 D
31 D
31 W
31 L
37 D
37 D
37 W
37 L
43 D
43 D
43 W
43 L
47 D
47 D
47 W
47 L
53 D
53 D
53 W
53 L
59 D
59 D
59 W
59 L
61 D
61 D
61 W
61 L
67 D
67 D
67 W
67 L
73 D
73 D
73 W
73 L
79 D
79 D
79 W
79 L
83 D
83 D
83 W
83 L
107 D
107 D
107 W
107 L
139 D
139 D
139 W
139 L
151 D
151 D
151 W
151 L
179 D
179 D
179 W
179 L
199 D
199 D
199 W
199 L
607 D
607 D
607 W
607 L
1093 D
1093 D
1093 W
1093 L
6317 D
6317 D
6317 W
6317 L
7547 D
7547 D
7547 W
7547 L
20177 D
20177 D
20177 W
20177 L
25763 D
25763 D
25763 W
25763 L
51169 D
51169 D
51169 W
51169 L
56053 D
56053 D
56053 W
56053 L
60793 D
60793 D
60793 W
60793 L
66923 D
66923 D
66923 W
66923 L
94613 D
94613 D
94613 W
94613 L
97967 D
97967 D
97967 W
97967 L
114377 D
114377 D
114377 W
114377 L
130223 D
130223 D
130223 W
130223 L
135221 D
135221 D
135221 W
135221 L
137957 D
137957 D
137957 W
137957 L
156419 D
156419 D
156419 W
156419 L
164767 D
164767 D
164767 W
164767 L
192319 D
192319 D
192319 W
192319 L
243403 D
243403 D
243403 W
243403 L
275999 D
275999 D
275999 W
275999 L
284377 D
284377 D
284377 W
284377 L
296213 D
296213 D
296213 W
296213 L
315269 D
315269 D
315269 W
315269 L
368593 D
368593 D
368593 W
368593 L
407059 D
407059 D
407059 W
407059 L
408209 D
408209 D
408209 W
408209 L
506263 D
506263 D
506263 W
506263 L
518779 D
518779 D
518779 W
518779 L
535861 D
535861 D
535861 W
535861 L
537811 D
537811 D
537811 W
537811 L
542921 D
542921 D
542921 W
542921 L
545449 D
545449 D
545449 W
545449 L
553961 D
553961 D
553961 W
553961 L
579881 D
579881 D
579881 W
579881 L
593353 D
593353 D
593353 W
593353 L
602179 D
602179 D
602179 W
602179 L
612817 D
612817 D
612817 W
612817 L
622177 D
622177 D
622177 W
622177 L
652651 D
652651 D
652651 W
652651 L
667561 D
667561 D
667561 W
667561 L
675151 D
675151 D
675151 W
675151 L
711353 D
711353 D
711353 W
711353 L
743179 D
743179 D
743179 W
743179 L
751613 D
751613 D
751613 W
751613 L
808111 D
808111 D
808111 W
808111 L
812701 D
812701 D
812701 W
812701 L
824647 D
824647 D
824647 W
824647 L
852367 D
852367 D
852367 W
852367 L
854141 D
854141 D
854141 W
854141 L
883871 D
883871 D
883871 W
883871 L
906343 D
906343 D
906343 W
906343 L
914339 D
914339 D
914339 W
914339 L
927161 D
927161 D
927161 W
927161 L
931153 D
931153 D
931153 W
931153 L
950479 D
950479 D
950479 W
950479 L
961783 D
961783 D
961783 W
961783 L
967753 D
967753 D
967753 W
967753 L
973529 D
973529 D
973529 W
973529 L
978053 D
978053 D
978053 W
978053 L
984149 D
984149 D
984149 W
984149 L
989347 D
989347 D
989347 W
989347 L
1025047 D
1025047 D
1025047 W
1025047 L
1057919 D
1057919 D
1057919 W
1057919 L
1120517 D
1120517 D
1120517 W
1120517 L
1133159 D
1133159 D
1133159 W
1133159 L
1149971 D
1149971 D
1149971 W
1149971 L
1173593 D
1173593 D
1173593 W
1173593 L
1223897 D
1223897 D
1223897 W
1223897 L
1261373 D
1261373 D
1261373 W
1261373 L
1278481 D
1278481 D
1278481 W
1278481 L
1281547 D
1281547 D
1281547 W
1281547 L
1291211 D
1291211 D
1291211 W
1291211 L
1301617 D
1301617 D
1301617 W
1301617 L
1315949 D
1315949 D
1315949 W
1315949 L
1324033 D
1324033 D
1324033 W
1324033 L
1342829 D
1342829 D
1342829 W
1342829 L
1378189 D
1378189 D
1378189 W
1378189 L
1396033 D
1396033 D
1396033 W
1396033 L
1424441 D
1424441 D
1424441 W
1424441 L
1427453 D
1427453 D
1427453 W
1427453 L
1432217 D
1432217 D
1432217 W
1432217 L
1438061 D
1438061 D
1438061 W
1438061 L
1455683 D
1455683 D
1455683 W
1455683 L
1462933 D
1462933 D
1462933 W
1462933 L
1481989 D
1481989 D
1481989 W
1481989 L
1491521 D
1491521 D
1491521 W
1491521 L
1511047 D
1511047 D
1511047 W
1511047 L
1535299 D
1535299 D
1535299 W
1535299 L
1542997 D
1542997 D
1542997 W
1542997 L
1551959 D
1551959 D
1551959 W
1551959 L
1554439 D
1554439 D
1554439 W
1554439 L
1565041 D
1565041 D
1565041 W
1565041 L
1613921 D
1613921 D
1613921 W
1613921 L
1636823 D
1636823 D
1636823 W
1636823 L
1649621 D
1649621 D
1649621 W
1649621 L
1666081 D
1666081 D
1666081 W
1666081 L
1678463 D
1678463 D
1678463 W
1678463 L
1691461 D
1691461 D
1691461 W
1691461 L
1694081 D
1694081 D
1694081 W
1694081 L
1698061 D
1698061 D
1698061 W
1698061 L
1698799 D
1698799 D
1698799 W
1698799 L
1719301 D
1719301 D
1719301 W
1719301 L
1726481 D
1726481 D
1726481 W
1726481 L
1727779 D
1727779 D
1727779 W
1727779 L
1790669 D
1790669 D
1790669 W
1790669 L
1817093 D
1817093 D
1817093 W
1817093 L
1845029 D
1845029 D
1845029 W
1845029 L
1907377 D
1907377 D
1907377 W
1907377 L
1931569 D
1931569 D
1931569 W
1931569 L
1938239 D
1938239 D
1938239 W
1938239 L
1949417 D
1949417 D
1949417 W
1949417 L
1952441 D
1952441 D
1952441 W
1952441 L
1952837 D
1952837 D
1952837 W
1952837 L
1963153 D
1963153 D
1963153 W
1963153 L
2009857 D
2009857 D
2009857 W
2009857 L
2032159 D
2032159 D
2032159 W
2032159 L
2050957 D
2050957 D
2050957 W
2050957 L
2067337 D
2067337 D
2067337 W
2067337 L
2154881 D
2154881 D
2154881 W
2154881 L
2159351 D
2159351 D
2159351 W
2159351 L
2169031 D
2169031 D
2169031 W
2169031 L
2182199 D
2182199 D
2182199 W
2182199 L
2195359 D
2195359 D
2195359 W
2195359 L
2201839 D
2201839 D
2201839 W
2201839 L
2217277 D
2217277 D
2217277 W
2217277 L
2217379 D
2217379 D
2217379 W
2217379 L
2233951 D
2233951 D
2233951 W
2233951 L
2266133 D
2266133 D
2266133 W
2266133 L
2272199 D
2272199 D
2272199 W
2272199 L
2327599 D
2327599 D
2327599 W
2327599 L
2337001 D
2337001 D
2337001 W
2337001 L
2352131 D
2352131 D
2352131 W
2352131 L
2378921 D
2378921 D
2378921 W
2378921 L
2436557 D
2436557 D
2436557 W
2436557 L
2487977 D
2487977 D
2487977 W
2487977 L
2492593 D
2492593 D
2492593 W
2492593 L
2504519 D
2504519 D
2504519 W
2504519 L
2538769 D
2538769 D
2538769 W
2538769 L
2579989 D
2579989 D
2579989 W
2579989 L
2607557 D
2607557 D
2607557 W
2607557 L
2608097 D
2608097 D
2608097 W
2608097 L
2641687 D
2641687 D
2641687 W
2641687 L
2648227 D
2648227 D
2648227 W
2648227 L
2649887 D
2649887 D
2649887 W
2649887 L
2651687 D
2651687 D
2651687 W
2651687 L
2653571 D
2653571 D
2653571 W
2653571 L
2688223 D
2688223 D
2688223 W
2688223 L
2689303 D
2689303 D
2689303 W
2689303 L
2696647 D
2696647 D
2696647 W
2696647 L
2720897 D
2720897 D
2720897 W
2720897 L
2734763 D
2734763 D
2734763 W
2734763 L
2744003 D
2744003 D
2744003 W
2744003 L
2753459 D
2753459 D
2753459 W
2753459 L
2794607 D
2794607 D
2794607 W
2794607 L
2831221 D
2831221 D
2831221 W
2831221 L
2848633 D
2848633 D
2848633 W
2848633 L
2878303 D
2878303 D
2878303 W
2878303 L
2923387 D
2923387 D
2923387 W
2923387 L
2934733 D
2934733 D
2934733 W
2934733 L
2945869 D
2945869 D
2945869 W
2945869 L
2962703 D
2962703 D
2962703 W
2962703 L
2973043 D
2973043 D
2973043 W
2973043 L
2979313 D
2979313 D
2979313 W
2979313 L
3044369 D
3044369 D
3044369 W
3044369 L
3046427 D
3046427 D
3046427 W
3046427 L
3067553 D
3067553 D
3067553 W
3067553 L
3077687 D
3077687 D
3077687 W
3077687 L
3081809 D
3081809 D
3081809 W
3081809 L
3102763 D
3102763 D
3102763 W
3102763 L
3129629 D
3129629 D
3129629 W
3129629 L
3159883 D
3159883 D
3159883 W
3159883 L
3169723 D
3169723 D
3169723 W
3169723 L
3173293 D
3173293 D
3173293 W
3173293 L
3181931 D
3181931 D
3181931 W
3181931 L
3195259 D
3195259 D
3195259 W
3195259 L
3235109 D
3235109 D
3235109 W
3235109 L
3288833 D
3288833 D
3288833 W
3288833 L
3293977 D
3293977 D
3293977 W
3293977 L
3295883 D
3295883 D
3295883 W
3295883 L
3301681 D
3301681 D
3301681 W
3301681 L
3307831 D
3307831 D
3307831 W
3307831 L
3313267 D
3313267 D
3313267 W
3313267 L
3314791 D
3314791 D
3314791 W
3314791 L
3342721 D
3342721 D
3342721 W
3342721 L
3350549 D
3350549 D
3350549 W
3350549 L
3407891 D
3407891 D
3407891 W
3407891 L
3425479 D
3425479 D
3425479 W
3425479 L
3438353 D
3438353 D
3438353 W
3438353 L
3473741 D
3473741 D
3473741 W
3473741 L
3474259 D
3474259 D
3474259 W
3474259 L
3474371 D
3474371 D
3474371 W
3474371 L
3481109 D
3481109 D
3481109 W
3481109 L
3483853 D
3483853 D
3483853 W
3483853 L
3484279 D
3484279 D
3484279 W
3484279 L
3564137 D
3564137 D
3564137 W
3564137 L
3578573 D
3578573 D
3578573 W
3578573 L
3595121 D
3595121 D
3595121 W
3595121 L
3596251 D
3596251 D
3596251 W
3596251 L
3629173 D
3629173 D
3629173 W
3629173 L
3630257 D
3630257 D
3630257 W
3630257 L
3631211 D
3631211 D
3631211 W
3631211 L
3636757 D
3636757 D
3636757 W
3636757 L
3659083 D
3659083 D
3659083 W
3659083 L
3701417 D
3701417 D
3701417 W
3701417 L
3868751 D
3868751 D
3868751 W
3868751 L
3877669 D
3877669 D
3877669 W
3877669 L
3894307 D
3894307 D
3894307 W
3894307 L
3896449 D
3896449 D
3896449 W
3896449 L
3906433 D
3906433 D
3906433 W
3906433 L
3913159 D
3913159 D
3913159 W
3913159 L
3921023 D
3921023 D
3921023 W
3921023 L
3967877 D
3967877 D
3967877 W
3967877 L
3986663 D
3986663 D
3986663 W
3986663 L
3986813 D
3986813 D
3986813 W
3986813 L
4012069 D
4012069 D
4012069 W
4012069 L
4022197 D
4022197 D
4022197 W
4022197 L
4058851 D
4058851 D
4058851 W
4058851 L
4098011 D
4098011 D
4098011 W
4098011 L
4108999 D
4108999 D
4108999 W
4108999 L
4129313 D
4129313 D
4129313 W
4129313 L
4138577 D
4138577 D
4138577 W
4138577 L
4139909 D
4139909 D
4139909 W
4139909 L
4149347 D
4149347 D
4149347 W
4149347 L
4164053 D
4164053 D
4164053 W
4164053 L
4194851 D
4194851 D
4194851 W
4194851 L
4221479 D
4221479 D
4221479 W
4221479 L
4252757 D
4252757 D
4252757 W
4252757 L
4308781 D
4308781 D
4308781 W
4308781 L
4329011 D
4329011 D
4329011 W
4329011 L
4345031 D
4345031 D
4345031 W
4345031 L
4388269 D
4388269 D
4388269 W
4388269 L
4445459 D
4445459 D
4445459 W
4445459 L
4449119 D
4449119 D
4449119 W
4449119 L
4499839 D
4499839 D
4499839 W
4499839 L
4526143 D
4526143 D
4526143 W
4526143 L
4573367 D
4573367 D
4573367 W
4573367 L
4600007 D
4600007 D
4600007 W
4600007 L
4655851 D
4655851 D
4655851 W
4655851 L
4727953 D
4727953 D
4727953 W
4727953 L
4760939 D
4760939 D
4760939 W
4760939 L
4770977 D
4770977 D
4770977 W
4770977 L
4814743 D
4814743 D
4814743 W
4814743 L
4834451 D
4834451 D
4834451 W
4834451 L
4836521 D
4836521 D
4836521 W
4836521 L
4837531 D
4837531 D
4837531 W
4837531 L
4844689 D
4844689 D
4844689 W
4844689 L
4848037 D
4848037 D
4848037 W
4848037 L
4857659 D
4857659 D
4857659 W
4857659 L
4863641 D
4863641 D
4863641 W
4863641 L
4877557 D
4877557 D
4877557 W
4877557 L
4882907 D
4882907 D
4882907 W
4882907 L
4894297 D
4894297 D
4894297 W
4894297 L
4906933 D
4906933 D
4906933 W
4906933 L
4927009 D
4927009 D
4927009 W
4927009 L
4939021 D
4939021 D
4939021 W
4939021 L
4978471 D
4978471 D
4978471 W
4978471 L
4982311 D
4982311 D
4982311 W
4982311 L
4987403 D
4987403 D
4987403 W
4987403 L
4994089 D
4994089 D
4994089 W
4994089 L
5013451 D
5013451 D
5013451 W
5013451 L
5029289 D
5029289 D
5029289 W
5029289 L
5043553 D
5043553 D
5043553 W
5043553 L
5052521 D
5052521 D
5052521 W
5052521 L
5107891 D
5107891 D
5107891 W
5107891 L
5169061 D
5169061 D
5169061 W
5169061 L
5188277 D
5188277 D
5188277 W
5188277 L
5200753 D
5200753 D
5200753 W
5200753 L
5252347 D
5252347 D
5252347 W
5252347 L
5254721 D
5254721 D
5254721 W
5254721 L
5274067 D
5274067 D
5274067 W
5274067 L
5295791 D
5295791 D
5295791 W
5295791 L
5300951 D
5300951 D
5300951 W
5300951 L
5360503 D
5360503 D
5360503 W
5360503 L
5375641 D
5375641 D
5375641 W
5375641 L
5433671 D
5433671 D
5433671 W
5433671 L
5434243 D
5434243 D
5434243 W
5434243 L
5460167 D
5460167 D
5460167 W
5460167 L
5491081 D
5491081 D
5491081 W
5491081 L
5505749 D
5505749 D
5505749 W
5505749 L
5539883 D
5539883 D
5539883 W
5539883 L
5543771 D
5543771 D
5543771 W
5543771 L
5552501 D
5552501 D
5552501 W
5552501 L
5611369 D
5611369 D
5611369 W
5611369 L
5641709 D
5641709 D
5641709 W
5641709 L
5645273 D
5645273 D
5645273 W
5645273 L
5680189 D
5680189 D
5680189 W
5680189 L
5684537 D
5684537 D
5684537 W
5684537 L
5690599 D
5690599 D
5690599 W
5690599 L
5710961 D
5710961 D
5710961 W
5710961 L
5716961 D
5716961 D
5716961 W
5716961 L
5730341 D
5730341 D
5730341 W
5730341 L
5731423 D
5731423 D
5731423 W
5731423 L
5759953 D
5759953 D
5759953 W
5759953 L
5768689 D
5768689 D
5768689 W
5768689 L
5779339 D
5779339 D
5779339 W
5779339 L
5783017 D
5783017 D
5783017 W
5783017 L
5866607 D
5866607 D
5866607 W
5866607 L
5889043 D
5889043 D
5889043 W
5889043 L
5914471 D
5914471 D
5914471 W
5914471 L
5921759 D
5921759 D
5921759 W
5921759 L
6043949 D
6043949 D
6043949 W
6043949 L
6046069 D
6046069 D
6046069 W
6046069 L
6081743 D
6081743 D
6081743 W
6081743 L
6087383 D
6087383 D
6087383 W
6087383 L
6094009 D
6094009 D
6094009 W
6094009 L
6110053 D
6110053 D
6110053 W
6110053 L
6192229 D
6192229 D
6192229 W
6192229 L
6206999 D
6206999 D
6206999 W
6206999 L
6238369 D
6238369 D
6238369 W
6238369 L
6249791 D
6249791 D
6249791 W
6249791 L
6256981 D
6256981 D
6256981 W
6256981 L
6271189 D
6271189 D
6271189 W
6271189 L
6280189 D
6280189 D
6280189 W
6280189 L
6339989 D
6339989 D
6339989 W
6339989 L
6353759 D
6353759 D
6353759 W
6353759 L
6354331 D
6354331 D
6354331 W
6354331 L
6356803 D
6356803 D
6356803 W
6356803 L
6366071 D
6366071 D
6366071 W
6366071 L
6383593 D
6383593 D
6383593 W
6383593 L
6391261 D
6391261 D
6391261 W
6391261 L
6393353 D
6393353 D
6393353 W
6393353 L
6406313 D
6406313 D
6406313 W
6406313 L
6456509 D
6456509 D
6456509 W
6456509 L
6497837 D
6497837 D
6497837 W
6497837 L
6502631 D
6502631 D
6502631 W
6502631 L
6503099 D
6503099 D
6503099 W
6503099 L
6535751 D
6535751 D
6535751 W
6535751 L
6537407 D
6537407 D
6537407 W
6537407 L
6565991 D
6565991 D
6565991 W
6565991 L
6576389 D
6576389 D
6576389 W
6576389 L
6588613 D
6588613 D
6588613 W
6588613 L
6665567 D
6665567 D
6665567 W
6665567 L
6668269 D
6668269 D
6668269 W
6668269 L
6674779 D
6674779 D
6674779 W
6674779 L
6696023 D
6696023 D
6696023 W
6696023 L
6698033 D
6698033 D
6698033 W
6698033 L
6708503 D
6708503 D
6708503 W
6708503 L
6711863 D
6711863 D
6711863 W
6711863 L
6775211 D
6775211 D
6775211 W
6775211 L
6800257 D
6800257 D
6800257 W
6800257 L
6809029 D
6809029 D
6809029 W
6809029 L
6827377 D
6827377 D
6827377 W
6827377 L
6851333 D
6851333 D
6851333 W
6851333 L
6858017 D
6858017 D
6858017 W
6858017 L
6873719 D
6873719 D
6873719 W
6873719 L
6889427 D
6889427 D
6889427 W
6889427 L
6899077 D
6899077 D
6899077 W
6899077 L
6926081 D
6926081 D
6926081 W
6926081 L
6975919 D
6975919 D
6975919 W
6975919 L
6998461 D
6998461 D
6998461 W
6998461 L
7056083 D
7056083 D
7056083 W
7056083 L
7056349 D
7056349 D
7056349 W
7056349 L
7059529 D
7059529 D
7059529 W
7059529 L
7063267 D
7063267 D
7063267 W
7063267 L
7183963 D
7183963 D
7183963 W
7183963 L
7191757 D
7191757 D
7191757 W
7191757 L
7195807 D
7195807 D
7195807 W
7195807 L
7200769 D
7200769 D
7200769 W
7200769 L
7237561 D
7237561 D
7237561 W
7237561 L
7253723 D
7253723 D
7253723 W
7253723 L
7341143 D
7341143 D
7341143 W
7341143 L
7376279 D
7376279 D
7376279 W
7376279 L
7380473 D
7380473 D
7380473 W
7380473 L
7410889 D
7410889 D
7410889 W
7410889 L
7444721 D
7444721 D
7444721 W
7444721 L
7448017 D
7448017 D
7448017 W
7448017 L
7461031 D
7461031 D
7461031 W
7461031 L
7464959 D
7464959 D
7464959 W
7464959 L
7519067 D
7519067 D
7519067 W
7519067 L
7564457 D
7564457 D
7564457 W
7564457 L
7584949 D
7584949 D
7584949 W
7584949 L
7614067 D
7614067 D
7614067 W
7614067 L
7617583 D
7617583 D
7617583 W
7617583 L
7671227 D
7671227 D
7671227 W
7671227 L
7702451 D
7702451 D
7702451 W
7702451 L
7703387 D
7703387 D
7703387 W
7703387 L
7773499 D
7773499 D
7773499 W
7773499 L
7850509 D
7850509 D
7850509 W
7850509 L
7853929 D
7853929 D
7853929 W
7853929 L
7891237 D
7891237 D
7891237 W
7891237 L
7915279 D
7915279 D
7915279 W
7915279 L
7928303 D
7928303 D
7928303 W
7928303 L
7935853 D
7935853 D
7935853 W
7935853 L
7962397 D
7962397 D
7962397 W
7962397 L
7964167 D
7964167 D
7964167 W
7964167 L
7966237 D
7966237 D
7966237 W
7966237 L
8007001 D
8007001 D
8007001 W
8007001 L
8011891 D
8011891 D
8011891 W
8011891 L
8028739 D
8028739 D
8028739 W
8028739 L
8042443 D
8042443 D
8042443 W
8042443 L
8047883 D
8047883 D
8047883 W
8047883 L
8091617 D
8091617 D
8091617 W
8091617 L
8161001 D
8161001 D
8161001 W
8161001 L
8169013 D
8169013 D
8169013 W
8169013 L
8185729 D
8185729 D
8185729 W
8185729 L
8221277 D
8221277 D
8221277 W
8221277 L
8221751 D
8221751 D
8221751 W
8221751 L
8226541 D
8226541 D
8226541 W
8226541 L
8231549 D
8231549 D
8231549 W
8231549 L
8250107 D
8250107 D
8250107 W
8250107 L
8274109 D
8274109 D
8274109 W
8274109 L
8277257 D
8277257 D
8277257 W
8277257 L
8288957 D
8288957 D
8288957 W
8288957 L
8294233 D
8294233 D
8294233 W
8294233 L
8305529 D
8305529 D
8305529 W
8305529 L
8315353 D
8315353 D
8315353 W
8315353 L
8330689 D
8330689 D
8330689 W
8330689 L
8341451 D
8341451 D
8341451 W
8341451 L
8346361 D
8346361 D
8346361 W
8346361 L
8460671 D
8460671 D
8460671 W
8460671 L
8495677 D
8495677 D
8495677 W
8495677 L
8496721 D
8496721 D
8496721 W
8496721 L
8497913 D
8497913 D
8497913 W
8497913 L
8507791 D
8507791 D
8507791 W
8507791 L
8530427 D
8530427 D
8530427 W
8530427 L
8538611 D
8538611 D
8538611 W
8538611 L
8550557 D
8550557 D
8550557 W
8550557 L
8552771 D
8552771 D
8552771 W
8552771 L
8563831 D
8563831 D
8563831 W
8563831 L
8570117 D
8570117 D
8570117 W
8570117 L
8643589 D
8643589 D
8643589 W
8643589 L
8651609 D
8651609 D
8651609 W
8651609 L
8666459 D
8666459 D
8666459 W
8666459 L
8675591 D
8675591 D
8675591 W
8675591 L
8692069 D
8692069 D
8692069 W
8692069 L
8701997 D
8701997 D
8701997 W
8701997 L
8717563 D
8717563 D
8717563 W
8717563 L
8718007 D
8718007 D
8718007 W
8718007 L
8724323 D
8724323 D
8724323 W
8724323 L
8742037 D
8742037 D
8742037 W
8742037 L
8743997 D
8743997 D
8743997 W
8743997 L
8770939 D
8770939 D
8770939 W
8770939 L
8775997 D
8775997 D
8775997 W
8775997 L
8779853 D
8779853 D
8779853 W
8779853 L
8780887 D
8780887 D
8780887 W
8780887 L
8797961 D
8797961 D
8797961 W
8797961 L
8820829 D
8820829 D
8820829 W
8820829 L
8834281 D
8834281 D
8834281 W
8834281 L
8842541 D
8842541 D
8842541 W
8842541 L
8857027 D
8857027 D
8857027 W
8857027 L
8893327 D
8893327 D
8893327 W
8893327 L
8923807 D
8923807 D
8923807 W
8923807 L
8948689 D
8948689 D
8948689 W
8948689 L
8979337 D
8979337 D
8979337 W
8979337 L
9005011 D
9005011 D
9005011 W
9005011 L
9056657 D
9056657 D
9056657 W
9056657 L
9066677 D
9066677 D
9066677 W
9066677 L
9068287 D
9068287 D
9068287 W
9068287 L
9077521 D
9077521 D
9077521 W
9077521 L
9109361 D
9109361 D
9109361 W
9109361 L
9133669 D
9133669 D
9133669 W
9133669 L
9157693 D
9157693 D
9157693 W
9157693 L
9158263 D
9158263 D
9158263 W
9158263 L
9164627 D
9164627 D
9164627 W
9164627 L
9187427 D
9187427 D
9187427 W
9187427 L
9223661 D
9223661 D
9223661 W
9223661 L
9243833 D
9243833 D
9243833 W
9243833 L
9261173 D
9261173 D
9261173 W
9261173 L
9262007 D
9262007 D
9262007 W
9262007 L
9263167 D
9263167 D
9263167 W
9263167 L
9344537 D
9344537 D
9344537 W
9344537 L
9347081 D
9347081 D
9347081 W
9347081 L
9347257 D
9347257 D
9347257 W
9347257 L
9358897 D
9358897 D
9358897 W
9358897 L
9366419 D
9366419 D
9366419 W
9366419 L
9405761 D
9405761 D
9405761 W
9405761 L
9408331 D
9408331 D
9408331 W
9408331 L
9440429 D
9440429 D
9440429 W
9440429 L
9453211 D
9453211 D
9453211 W
9453211 L
9455917 D
9455917 D
9455917 W
9455917 L
9475621 D
9475621 D
9475621 W
9475621 L
9482411 D
9482411 D
9482411 W
9482411 L
9515069 D
9515069 D
9515069 W
9515069 L
9553253 D
9553253 D
9553253 W
9553253 L
9572093 D
9572093 D
9572093 W
9572093 L
9576841 D
9576841 D
9576841 W
9576841 L
9580201 D
9580201 D
9580201 W
9580201 L
9597389 D
9597389 D
9597389 W
9597389 L
9636281 D
9636281 D
9636281 W
9636281 L
9741773 D
9741773 D
9741773 W
9741773 L
9745069 D
9745069 D
9745069 W
9745069 L
9752579 D
9752579 D
9752579 W
9752579 L
9758557 D
9758557 D
9758557 W
9758557 L
9773833 D
9773833 D
9773833 W
9773833 L
9793477 D
9793477 D
9793477 W
9793477 L
9796529 D
9796529 D
9796529 W
9796529 L
9796939 D
9796939 D
9796939 W
9796939 L
9797993 D
9797993 D
9797993 W
9797993 L
9809141 D
9809141 D
9809141 W
9809141 L
9810571 D
9810571 D
9810571 W
9810571 L
9847997 D
9847997 D
9847997 W
9847997 L
9857321 D
9857321 D
9857321 W
9857321 L
9862079 D
9862079 D
9862079 W
9862079 L
9872111 D
9872111 D
9872111 W
9872111 L
9910883 D
9910883 D
9910883 W
9910883 L
9922247 D
9922247 D
9922247 W
9922247 L
9923509 D
9923509 D
9923509 W
9923509 L
9947101 D
9947101 D
9947101 W
9947101 L
9952121 D
9952121 D
9952121 W
9952121 L
9974761 D
9974761 D
9974761 W
9974761 L
9979511 D
9979511 D
9979511 W
9979511 L
9997577 D
9997577 D
9997577 W
9997577 L
9999677 D
9999677 D
9999677 W
9999677 L
