3167
2 W
2 W
2 W
2 W
2 W
2 W
2 W
2 W
2 W
2 W
2 W
2 W
2 W
2 W
2 W
2 W
2 W
2 W
2 W
2 W
2 W
2 W
2 W
2 W
2 W
3 W
3 W
3 W
3 W
3 W
3 W
3 W
3 W
3 W
3 W
3 W
3 W
3 W
5 W
5 W
5 W
5 W
5 W
5 W
5 W
5 W
5 D
5 W
7 W
7 W
7 W
11 W
11 W
13 W
13 W
13 D
13 W
19 D
19 W
23 D
23 W
31 W
37 D
37 W
43 D
43 W
47 D
47 W
59 D
59 W
61 D
61 W
73 D
73 W
83 D
83 W
101 D
101 W
107 W
127 D
127 W
131 D
131 W
149 D
149 W
163 D
163 W
173 D
173 W
179 D
179 W
181 D
181 W
191 D
191 W
229 W
233 D
233 W
271 D
271 W
277 D
277 W
313 D
313 W
349 D
349 W
433 W
449 D
449 W
569 D
569 W
659 D
659 W
757 D
757 W
821 D
821 W
977 D
977 W
1039 D
1039 W
1213 D
1213 W
1741 D
1741 W
1997 D
1997 W
2129 D
2129 W
2131 D
2131 W
2459 D
2459 W
2833 D
2833 W
2861 D
2861 W
3457 D
3457 W
4093 D
4093 W
4549 D
4549 W
4957 D
4957 W
5639 D
5639 W
7867 D
7867 W
9403 D
9403 W
12583 D
12583 W
13229 D
13229 W
18793 D
18793 W
19031 D
19031 W
19937 D
19937 W
26641 D
26641 W
29123 D
29123 W
29567 D
29567 W
45757 D
45757 W
45841 D
45841 W
55201 D
55201 W
58537 D
58537 W
64109 D
64109 W
78853 D
78853 W
79873 D
79873 W
96497 D
96497 W
104959 D
104959 W
106907 D
106907 W
113557 D
113557 W
130643 D
130643 W
138577 D
138577 W
142111 D
142111 W
164893 D
164893 W
166669 D
166669 W
181513 D
181513 W
351269 D
351269 W
478129 D
478129 W
594821 D
594821 W
606493 D
606493 W
1563911 D
1563911 W
1690849 D
1690849 W
1842233 D
1842233 W
1897681 D
1897681 W
3464093 D
3464093 W
4772309 D
4772309 W
5041081 D
5041081 W
5090963 D
5090963 W
5098903 D
5098903 W
5120189 D
5120189 W
5123527 D
5123527 W
5160851 D
5160851 W
5181283 D
5181283 W
5240101 D
5240101 W
5243239 D
5243239 W
5251273 D
5251273 W
5271143 D
5271143 W
5284651 D
5284651 W
5381881 D
5381881 W
5408881 D
5408881 W
5412349 D
5412349 W
5427967 D
5427967 W
5443771 D
5443771 W
5449259 D
5449259 W
5453999 D
5453999 W
5461087 D
5461087 W
5466953 D
5466953 W
5471117 D
5471117 W
5488159 D
5488159 W
5504449 D
5504449 W
5535661 D
5535661 W
5536079 D
5536079 W
5545357 D
5545357 W
5547583 D
5547583 W
5549669 D
5549669 W
5578987 D
5578987 W
5591771 D
5591771 W
5607167 D
5607167 W
5608091 D
5608091 W
5608483 D
5608483 W
5628661 D
5628661 W
5646317 D
5646317 W
5677853 D
5677853 W
5682581 D
5682581 W
5703301 D
5703301 W
5703679 D
5703679 W
5804431 D
5804431 W
5814713 D
5814713 W
5823421 D
5823421 W
5840539 D
5840539 W
5861623 D
5861623 W
5883107 D
5883107 W
5968889 D
5968889 W
5969519 D
5969519 W
6010591 D
6010591 W
6032777 D
6032777 W
6039809 D
6039809 W
6069619 D
6069619 W
6101671 D
6101671 W
6144079 D
6144079 W
6211853 D
6211853 W
6223471 D
6223471 W
6236393 D
6236393 W
6236903 D
6236903 W
6272689 D
6272689 W
6278939 D
6278939 W
6316339 D
6316339 W
6388051 D
6388051 W
6399587 D
6399587 W
6465293 D
6465293 W
6480373 D
6480373 W
6485497 D
6485497 W
6512323 D
6512323 W
6535901 D
6535901 W
6539317 D
6539317 W
6591619 D
6591619 W
6596911 D
6596911 W
6609847 D
6609847 W
6620461 D
6620461 W
6626579 D
6626579 W
6651221 D
6651221 W
6657979 D
6657979 W
6667127 D
6667127 W
6671047 D
6671047 W
6700147 D
6700147 W
6703591 D
6703591 W
6741793 D
6741793 W
6758839 D
6758839 W
6779459 D
6779459 W
6789967 D
6789967 W
6828517 D
6828517 W
6839153 D
6839153 W
6839311 D
6839311 W
6844987 D
6844987 W
6861709 D
6861709 W
6882439 D
6882439 W
6893641 D
6893641 W
6908309 D
6908309 W
6953543 D
6953543 W
6982009 D
6982009 W
7018367 D
7018367 W
7030427 D
7030427 W
7048469 D
7048469 W
7063097 D
7063097 W
7072369 D
7072369 W
7087517 D
7087517 W
7103441 D
7103441 W
7128509 D
7128509 W
7149589 D
7149589 W
7156333 D
7156333 W
7180169 D
7180169 W
7217629 D
7217629 W
7228399 D
7228399 W
7236443 D
7236443 W
7260397 D
7260397 W
7290391 D
7290391 W
7306613 D
7306613 W
7307401 D
7307401 W
7316359 D
7316359 W
7337689 D
7337689 W
7348207 D
7348207 W
7390913 D
7390913 W
7392443 D
7392443 W
7422403 D
7422403 W
7423919 D
7423919 W
7424437 D
7424437 W
7432141 D
7432141 W
7434877 D
7434877 W
7441867 D
7441867 W
7487341 D
7487341 W
7488017 D
7488017 W
7502291 D
7502291 W
7503989 D
7503989 W
7536773 D
7536773 W
7552271 D
7552271 W
7561349 D
7561349 W
7564313 D
7564313 W
7569427 D
7569427 W
7620931 D
7620931 W
7635557 D
7635557 W
7748291 D
7748291 W
7765019 D
7765019 W
7774567 D
7774567 W
7810511 D
7810511 W
7829587 D
7829587 W
7873387 D
7873387 W
7904653 D
7904653 W
7908209 D
7908209 W
7940399 D
7940399 W
7947971 D
7947971 W
7980859 D
7980859 W
7994237 D
7994237 W
8096189 D
8096189 W
8196437 D
8196437 W
8214223 D
8214223 W
8225201 D
8225201 W
8250257 D
8250257 W
8295121 D
8295121 W
8298313 D
8298313 W
8299427 D
8299427 W
8333599 D
8333599 W
8362853 D
8362853 W
8366119 D
8366119 W
8476723 D
8476723 W
8478167 D
8478167 W
8484871 D
8484871 W
8489357 D
8489357 W
8511511 D
8511511 W
8514469 D
8514469 W
8542601 D
8542601 W
8554019 D
8554019 W
8585893 D
8585893 W
8625517 D
8625517 W
8750657 D
8750657 W
8757173 D
8757173 W
8766451 D
8766451 W
8777569 D
8777569 W
8794033 D
8794033 W
8798269 D
8798269 W
8824691 D
8824691 W
8829503 D
8829503 W
8832961 D
8832961 W
8865137 D
8865137 W
8872261 D
8872261 W
8915083 D
8915083 W
8938381 D
8938381 W
8949791 D
8949791 W
8957693 D
8957693 W
8988509 D
8988509 W
9027511 D
9027511 W
9031699 D
9031699 W
9068177 D
9068177 W
9169417 D
9169417 W
9198901 D
9198901 W
9203641 D
9203641 W
9221929 D
9221929 W
9230929 D
9230929 W
9246403 D
9246403 W
9292471 D
9292471 W
9316903 D
9316903 W
9333011 D
9333011 W
9347911 D
9347911 W
9355637 D
9355637 W
9373577 D
9373577 W
9399967 D
9399967 W
9411343 D
9411343 W
9419609 D
9419609 W
9434539 D
9434539 W
9454031 D
9454031 W
9457927 D
9457927 W
9483673 D
9483673 W
9484523 D
9484523 W
9511361 D
9511361 W
9598807 D
9598807 W
9602479 D
9602479 W
9648557 D
9648557 W
9650149 D
9650149 W
9658837 D
9658837 W
9704479 D
9704479 W
9709079 D
9709079 W
9721991 D
9721991 W
9748561 D
9748561 W
9750383 D
9750383 W
9803051 D
9803051 W
9825007 D
9825007 W
9879997 D
9879997 W
9886277 D
9886277 W
9918523 D
9918523 W
9951419 D
9951419 W
2 L
2 L
2 L
2 L
2 L
2 L
2 L
2 L
2 L
2 L
2 L
2 L
2 L
2 L
2 L
2 L
2 L
2 L
2 L
2 L
2 L
2 L
2 L
2 L
2 L
2 L
2 L
2 L
2 L
2 L
2 L
2 L
2 L
2 L
2 L
2 L
2 L
2 L
2 L
2 L
2 L
2 L
2 L
2 L
2 L
2 L
2 L
2 L
2 L
2 L
2 L
3 L
3 L
3 L
3 L
3 L
3 L
3 L
3 L
3 L
3 L
3 L
3 L
3 L
3 L
3 L
3 L
3 L
3 L
3 D
3 D
3 W
3 L
5 L
5 L
5 L
5 L
5 L
5 L
5 L
5 L
5 L
5 L
5 D
5 D
5 W
5 L
7 L
7 L
7 L
7 L
7 L
7 L
7 L
7 D
7 D
7 W
7 L
11 L
11 L
11 L
11 D
11 D
11 W
11 L
13 L
13 L
13 L
13 D
13 D
13 W
13 L
17 L
17 L
17 D
17 D
17 W
17 L
19 L
19 L
19 L
19 L
19 D
19 D
19 W
19 L
23 L
23 D
23 D
23 W
23 L
29 L
29 D
29 D
29 W
29 L
31 L
31 L
37 L
41 D
41 D
41 W
41 L
43 L
43 L
43 D
43 D
43 W
43 L
47 L
47 D
47 D
47 W
47 L
53 L
53 L
59 L
61 D
61 D
61 W
61 L
67 L
67 D
67 D
67 W
67 L
71 D
71 D
71 W
71 L
73 D
73 D
73 W
73 L
83 L
97 D
97 D
97 W
97 L
101 D
101 D
101 W
101 L
103 D
103 D
103 W
103 L
107 L
107 D
107 D
107 W
107 L
109 D
109 D
109 W
109 L
113 L
113 D
113 D
113 W
113 L
127 L
131 D
131 D
131 W
131 L
137 D
137 D
137 W
137 L
149 D
149 D
149 W
149 L
151 D
151 D
151 W
151 L
157 D
157 D
157 W
157 L
163 D
163 D
163 W
163 L
173 L
179 D
179 D
179 W
179 L
181 D
181 D
181 W
181 L
191 L
191 L
211 D
211 D
211 W
211 L
229 D
229 D
229 W
229 L
233 L
241 D
241 D
241 W
241 L
269 D
269 D
269 W
269 L
271 D
271 D
271 W
271 L
277 D
277 D
277 W
277 L
307 D
307 D
307 W
307 L
313 D
313 D
313 W
313 L
349 D
349 D
349 W
349 L
367 L
397 D
397 D
397 W
397 L
433 D
433 D
433 W
433 L
439 D
439 D
439 W
439 L
443 D
443 D
443 W
443 L
449 D
449 D
449 W
449 L
463 D
463 D
463 W
463 L
509 D
509 D
509 W
509 L
569 D
569 D
569 W
569 L
619 D
619 D
619 W
619 L
659 D
659 D
659 W
659 L
757 D
757 D
757 W
757 L
821 L
977 D
977 D
977 W
977 L
1039 D
1039 D
1039 W
1039 L
1213 D
1213 D
1213 W
1213 L
1303 D
1303 D
1303 W
1303 L
1373 D
1373 D
1373 W
1373 L
1579 D
1579 D
1579 W
1579 L
1583 D
1583 D
1583 W
1583 L
1741 D
1741 D
1741 W
1741 L
1753 D
1753 D
1753 W
1753 L
1997 D
1997 D
1997 W
1997 L
2111 D
2111 D
2111 W
2111 L
2129 D
2129 D
2129 W
2129 L
2131 D
2131 D
2131 W
2131 L
2339 D
2339 D
2339 W
2339 L
2383 D
2383 D
2383 W
2383 L
2459 D
2459 D
2459 W
2459 L
2659 D
2659 D
2659 W
2659 L
2671 D
2671 D
2671 W
2671 L
2833 D
2833 D
2833 W
2833 L
2861 D
2861 D
2861 W
2861 L
3457 D
3457 D
3457 W
3457 L
3499 D
3499 D
3499 W
3499 L
3623 D
3623 D
3623 W
3623 L
4093 D
4093 D
4093 W
4093 L
4549 D
4549 D
4549 W
4549 L
4957 D
4957 D
4957 W
4957 L
4999 D
4999 D
4999 W
4999 L
5639 D
5639 D
5639 W
5639 L
5653 D
5653 D
5653 W
5653 L
7867 D
7867 D
7867 W
7867 L
9403 D
9403 D
9403 W
9403 L
10513 D
10513 D
10513 W
10513 L
11689 D
11689 D
11689 W
11689 L
11969 D
11969 D
11969 W
11969 L
12583 D
12583 D
12583 W
12583 L
12589 D
12589 D
12589 W
12589 L
12619 D
12619 D
12619 W
12619 L
13229 D
13229 D
13229 W
13229 L
13619 D
13619 D
13619 W
13619 L
18793 D
18793 D
18793 W
18793 L
19031 D
19031 D
19031 W
19031 L
19489 D
19489 D
19489 W
19489 L
19937 D
19937 D
19937 W
19937 L
20011 D
20011 D
20011 W
20011 L
21467 D
21467 D
21467 W
21467 L
26641 D
26641 D
26641 W
26641 L
27061 D
27061 D
27061 W
27061 L
29123 D
29123 D
29123 W
29123 L
29567 D
29567 D
29567 W
29567 L
31849 D
31849 D
31849 W
31849 L
36353 D
36353 D
36353 W
36353 L
40787 D
40787 D
40787 W
40787 L
45757 D
45757 D
45757 W
45757 L
45841 D
45841 D
45841 W
45841 L
55201 D
55201 D
55201 W
55201 L
58537 D
58537 D
58537 W
58537 L
64109 D
64109 D
64109 W
64109 L
64763 D
64763 D
64763 W
64763 L
78853 D
78853 D
78853 W
78853 L
79873 D
79873 D
79873 W
79873 L
91867 D
91867 D
91867 W
91867 L
96497 D
96497 D
96497 W
96497 L
104959 D
104959 D
104959 W
104959 L
106907 D
106907 D
106907 W
106907 L
109583 D
109583 D
109583 W
109583 L
113327 D
113327 D
113327 W
113327 L
113557 D
113557 D
113557 W
113557 L
129439 D
129439 D
129439 W
129439 L
130643 D
130643 D
130643 W
130643 L
138577 D
138577 D
138577 W
138577 L
140191 D
140191 D
140191 W
140191 L
142111 D
142111 D
142111 W
142111 L
164893 D
164893 D
164893 W
164893 L
166669 D
166669 D
166669 W
166669 L
179821 D
179821 D
179821 W
179821 L
181513 D
181513 D
181513 W
181513 L
262781 D
262781 D
262781 W
262781 L
351269 D
351269 D
351269 W
351269 L
378239 D
378239 D
378239 W
378239 L
405947 D
405947 D
405947 W
405947 L
478129 D
478129 D
478129 W
478129 L
584699 D
584699 D
584699 W
584699 L
594821 D
594821 D
594821 W
594821 L
606493 D
606493 D
606493 W
606493 L
747421 D
747421 D
747421 W
747421 L
769273 D
769273 D
769273 W
769273 L
811697 D
811697 D
811697 W
811697 L
1563911 D
1563911 D
1563911 W
1563911 L
1690849 D
1690849 D
1690849 W
1690849 L
1842233 D
1842233 D
1842233 W
1842233 L
1897681 D
1897681 D
1897681 W
1897681 L
2713589 D
2713589 D
2713589 W
2713589 L
3464093 D
3464093 D
3464093 W
3464093 L
4247741 D
4247741 D
4247741 W
4247741 L
4413173 D
4413173 D
4413173 W
4413173 L
4772309 D
4772309 D
4772309 W
4772309 L
5027941 D
5027941 D
5027941 W
5027941 L
5041081 D
5041081 D
5041081 W
5041081 L
5041693 D
5041693 D
5041693 W
5041693 L
5075233 D
5075233 D
5075233 W
5075233 L
5090963 D
5090963 D
5090963 W
5090963 L
5095729 D
5095729 D
5095729 W
5095729 L
5098903 D
5098903 D
5098903 W
5098903 L
5120051 D
5120051 D
5120051 W
5120051 L
5120189 D
5120189 D
5120189 W
5120189 L
5123527 D
5123527 D
5123527 W
5123527 L
5123623 D
5123623 D
5123623 W
5123623 L
5160851 D
5160851 D
5160851 W
5160851 L
5171333 D
5171333 D
5171333 W
5171333 L
5181283 D
5181283 D
5181283 W
5181283 L
5183309 D
5183309 D
5183309 W
5183309 L
5193329 D
5193329 D
5193329 W
5193329 L
5240101 D
5240101 D
5240101 W
5240101 L
5243239 D
5243239 D
5243239 W
5243239 L
5251273 D
5251273 D
5251273 W
5251273 L
5271143 D
5271143 D
5271143 W
5271143 L
5284651 D
5284651 D
5284651 W
5284651 L
5291941 D
5291941 D
5291941 W
5291941 L
5300579 D
5300579 D
5300579 W
5300579 L
5319683 D
5319683 D
5319683 W
5319683 L
5321227 D
5321227 D
5321227 W
5321227 L
5367731 D
5367731 D
5367731 W
5367731 L
5381881 D
5381881 D
5381881 W
5381881 L
5383507 D
5383507 D
5383507 W
5383507 L
5408881 D
5408881 D
5408881 W
5408881 L
5412349 D
5412349 D
5412349 W
5412349 L
5413391 D
5413391 D
5413391 W
5413391 L
5427967 D
5427967 D
5427967 W
5427967 L
5443397 D
5443397 D
5443397 W
5443397 L
5443771 D
5443771 D
5443771 W
5443771 L
5449259 D
5449259 D
5449259 W
5449259 L
5453999 D
5453999 D
5453999 W
5453999 L
5459599 D
5459599 D
5459599 W
5459599 L
5461087 D
5461087 D
5461087 W
5461087 L
5466953 D
5466953 D
5466953 W
5466953 L
5471117 D
5471117 D
5471117 W
5471117 L
5488159 D
5488159 D
5488159 W
5488159 L
5498993 D
5498993 D
5498993 W
5498993 L
5504449 D
5504449 D
5504449 W
5504449 L
5535191 D
5535191 D
5535191 W
5535191 L
5535661 D
5535661 D
5535661 W
5535661 L
5536079 D
5536079 D
5536079 W
5536079 L
5545357 D
5545357 D
5545357 W
5545357 L
5547583 D
5547583 D
5547583 W
5547583 L
5549669 D
5549669 D
5549669 W
5549669 L
5569009 D
5569009 D
5569009 W
5569009 L
5578987 D
5578987 D
5578987 W
5578987 L
5581351 D
5581351 D
5581351 W
5581351 L
5588243 D
5588243 D
5588243 W
5588243 L
5591771 D
5591771 D
5591771 W
5591771 L
5594053 D
5594053 D
5594053 W
5594053 L
5607167 D
5607167 D
5607167 W
5607167 L
5608091 D
5608091 D
5608091 W
5608091 L
5608483 D
5608483 D
5608483 W
5608483 L
5628661 D
5628661 D
5628661 W
5628661 L
5631299 D
5631299 D
5631299 W
5631299 L
5646317 D
5646317 D
5646317 W
5646317 L
5677853 D
5677853 D
5677853 W
5677853 L
5682581 D
5682581 D
5682581 W
5682581 L
5699807 D
5699807 D
5699807 W
5699807 L
5703301 D
5703301 D
5703301 W
5703301 L
5703679 D
5703679 D
5703679 W
5703679 L
5706193 D
5706193 D
5706193 W
5706193 L
5712869 D
5712869 D
5712869 W
5712869 L
5727017 D
5727017 D
5727017 W
5727017 L
5738419 D
5738419 D
5738419 W
5738419 L
5804431 D
5804431 D
5804431 W
5804431 L
5814713 D
5814713 D
5814713 W
5814713 L
5815739 D
5815739 D
5815739 W
5815739 L
5823421 D
5823421 D
5823421 W
5823421 L
5840539 D
5840539 D
5840539 W
5840539 L
5861623 D
5861623 D
5861623 W
5861623 L
5865823 D
5865823 D
5865823 W
5865823 L
5873741 D
5873741 D
5873741 W
5873741 L
5883107 D
5883107 D
5883107 W
5883107 L
5887601 D
5887601 D
5887601 W
5887601 L
5906687 D
5906687 D
5906687 W
5906687 L
5908471 D
5908471 D
5908471 W
5908471 L
5911357 D
5911357 D
5911357 W
5911357 L
5923523 D
5923523 D
5923523 W
5923523 L
5925389 D
5925389 D
5925389 W
5925389 L
5933489 D
5933489 D
5933489 W
5933489 L
5940289 D
5940289 D
5940289 W
5940289 L
5968889 D
5968889 D
5968889 W
5968889 L
5969519 D
5969519 D
5969519 W
5969519 L
6008231 D
6008231 D
6008231 W
6008231 L
6010591 D
6010591 D
6010591 W
6010591 L
6032777 D
6032777 D
6032777 W
6032777 L
6039809 D
6039809 D
6039809 W
6039809 L
6054487 D
6054487 D
6054487 W
6054487 L
6061541 D
6061541 D
6061541 W
6061541 L
6069619 D
6069619 D
6069619 W
6069619 L
6087283 D
6087283 D
6087283 W
6087283 L
6101671 D
6101671 D
6101671 W
6101671 L
6126821 D
6126821 D
6126821 W
6126821 L
6142463 D
6142463 D
6142463 W
6142463 L
6144079 D
6144079 D
6144079 W
6144079 L
6168779 D
6168779 D
6168779 W
6168779 L
6173647 D
6173647 D
6173647 W
6173647 L
6181009 D
6181009 D
6181009 W
6181009 L
6211853 D
6211853 D
6211853 W
6211853 L
6223471 D
6223471 D
6223471 W
6223471 L
6234901 D
6234901 D
6234901 W
6234901 L
6236393 D
6236393 D
6236393 W
6236393 L
6236903 D
6236903 D
6236903 W
6236903 L
6272689 D
6272689 D
6272689 W
6272689 L
6278939 D
6278939 D
6278939 W
6278939 L
6316339 D
6316339 D
6316339 W
6316339 L
6321767 D
6321767 D
6321767 W
6321767 L
6338771 D
6338771 D
6338771 W
6338771 L
6388051 D
6388051 D
6388051 W
6388051 L
6399587 D
6399587 D
6399587 W
6399587 L
6412919 D
6412919 D
6412919 W
6412919 L
6451091 D
6451091 D
6451091 W
6451091 L
6465293 D
6465293 D
6465293 W
6465293 L
6480373 D
6480373 D
6480373 W
6480373 L
6485497 D
6485497 D
6485497 W
6485497 L
6487751 D
6487751 D
6487751 W
6487751 L
6488389 D
6488389 D
6488389 W
6488389 L
6488681 D
6488681 D
6488681 W
6488681 L
6512323 D
6512323 D
6512323 W
6512323 L
6535901 D
6535901 D
6535901 W
6535901 L
6539317 D
6539317 D
6539317 W
6539317 L
6544163 D
6544163 D
6544163 W
6544163 L
6555691 D
6555691 D
6555691 W
6555691 L
6557381 D
6557381 D
6557381 W
6557381 L
6578393 D
6578393 D
6578393 W
6578393 L
6591619 D
6591619 D
6591619 W
6591619 L
6596911 D
6596911 D
6596911 W
6596911 L
6598387 D
6598387 D
6598387 W
6598387 L
6609847 D
6609847 D
6609847 W
6609847 L
6620461 D
6620461 D
6620461 W
6620461 L
6626579 D
6626579 D
6626579 W
6626579 L
6633701 D
6633701 D
6633701 W
6633701 L
6651221 D
6651221 D
6651221 W
6651221 L
6657979 D
6657979 D
6657979 W
6657979 L
6664199 D
6664199 D
6664199 W
6664199 L
6667127 D
6667127 D
6667127 W
6667127 L
6671047 D
6671047 D
6671047 W
6671047 L
6700147 D
6700147 D
6700147 W
6700147 L
6703591 D
6703591 D
6703591 W
6703591 L
6705329 D
6705329 D
6705329 W
6705329 L
6741793 D
6741793 D
6741793 W
6741793 L
6756199 D
6756199 D
6756199 W
6756199 L
6758839 D
6758839 D
6758839 W
6758839 L
6761203 D
6761203 D
6761203 W
6761203 L
6779459 D
6779459 D
6779459 W
6779459 L
6789967 D
6789967 D
6789967 W
6789967 L
6828517 D
6828517 D
6828517 W
6828517 L
6839153 D
6839153 D
6839153 W
6839153 L
6839311 D
6839311 D
6839311 W
6839311 L
6844987 D
6844987 D
6844987 W
6844987 L
6845911 D
6845911 D
6845911 W
6845911 L
6861709 D
6861709 D
6861709 W
6861709 L
6882439 D
6882439 D
6882439 W
6882439 L
6892099 D
6892099 D
6892099 W
6892099 L
6893641 D
6893641 D
6893641 W
6893641 L
6908309 D
6908309 D
6908309 W
6908309 L
6922759 D
6922759 D
6922759 W
6922759 L
6935483 D
6935483 D
6935483 W
6935483 L
6947783 D
6947783 D
6947783 W
6947783 L
6949793 D
6949793 D
6949793 W
6949793 L
6953543 D
6953543 D
6953543 W
6953543 L
6960197 D
6960197 D
6960197 W
6960197 L
6982009 D
6982009 D
6982009 W
6982009 L
6985009 D
6985009 D
6985009 W
6985009 L
7010603 D
7010603 D
7010603 W
7010603 L
7012847 D
7012847 D
7012847 W
7012847 L
7018367 D
7018367 D
7018367 W
7018367 L
7030427 D
7030427 D
7030427 W
7030427 L
7039327 D
7039327 D
7039327 W
7039327 L
7040557 D
7040557 D
7040557 W
7040557 L
7048469 D
7048469 D
7048469 W
7048469 L
7057901 D
7057901 D
7057901 W
7057901 L
7063097 D
7063097 D
7063097 W
7063097 L
7063747 D
7063747 D
7063747 W
7063747 L
7064479 D
7064479 D
7064479 W
7064479 L
7072369 D
7072369 D
7072369 W
7072369 L
7084333 D
7084333 D
7084333 W
7084333 L
7087517 D
7087517 D
7087517 W
7087517 L
7103441 D
7103441 D
7103441 W
7103441 L
7126069 D
7126069 D
7126069 W
7126069 L
7128509 D
7128509 D
7128509 W
7128509 L
7134737 D
7134737 D
7134737 W
7134737 L
7143211 D
7143211 D
7143211 W
7143211 L
7146791 D
7146791 D
7146791 W
7146791 L
7149589 D
7149589 D
7149589 W
7149589 L
7156333 D
7156333 D
7156333 W
7156333 L
7180169 D
7180169 D
7180169 W
7180169 L
7217629 D
7217629 D
7217629 W
7217629 L
7217893 D
7217893 D
7217893 W
7217893 L
7218791 D
7218791 D
7218791 W
7218791 L
7220557 D
7220557 D
7220557 W
7220557 L
7228399 D
7228399 D
7228399 W
7228399 L
7236443 D
7236443 D
7236443 W
7236443 L
7244437 D
7244437 D
7244437 W
7244437 L
7260397 D
7260397 D
7260397 W
7260397 L
7275397 D
7275397 D
7275397 W
7275397 L
7290317 D
7290317 D
7290317 W
7290317 L
7290391 D
7290391 D
7290391 W
7290391 L
7306613 D
7306613 D
7306613 W
7306613 L
7307401 D
7307401 D
7307401 W
7307401 L
7316359 D
7316359 D
7316359 W
7316359 L
7317809 D
7317809 D
7317809 W
7317809 L
7337689 D
7337689 D
7337689 W
7337689 L
7348207 D
7348207 D
7348207 W
7348207 L
7359007 D
7359007 D
7359007 W
7359007 L
7366477 D
7366477 D
7366477 W
7366477 L
7388191 D
7388191 D
7388191 W
7388191 L
7390913 D
7390913 D
7390913 W
7390913 L
7392443 D
7392443 D
7392443 W
7392443 L
7422403 D
7422403 D
7422403 W
7422403 L
7423511 D
7423511 D
7423511 W
7423511 L
7423919 D
7423919 D
7423919 W
7423919 L
7424437 D
7424437 D
7424437 W
7424437 L
7428529 D
7428529 D
7428529 W
7428529 L
7432141 D
7432141 D
7432141 W
7432141 L
7433653 D
7433653 D
7433653 W
7433653 L
7434877 D
7434877 D
7434877 W
7434877 L
7438567 D
7438567 D
7438567 W
7438567 L
7441867 D
7441867 D
7441867 W
7441867 L
7485847 D
7485847 D
7485847 W
7485847 L
7487341 D
7487341 D
7487341 W
7487341 L
7488017 D
7488017 D
7488017 W
7488017 L
7495879 D
7495879 D
7495879 W
7495879 L
7497593 D
7497593 D
7497593 W
7497593 L
7502291 D
7502291 D
7502291 W
7502291 L
7503989 D
7503989 D
7503989 W
7503989 L
7524917 D
7524917 D
7524917 W
7524917 L
7536773 D
7536773 D
7536773 W
7536773 L
7542533 D
7542533 D
7542533 W
7542533 L
7552271 D
7552271 D
7552271 W
7552271 L
7554509 D
7554509 D
7554509 W
7554509 L
7561349 D
7561349 D
7561349 W
7561349 L
7564313 D
7564313 D
7564313 W
7564313 L
7564871 D
7564871 D
7564871 W
7564871 L
7569427 D
7569427 D
7569427 W
7569427 L
7571731 D
7571731 D
7571731 W
7571731 L
7577279 D
7577279 D
7577279 W
7577279 L
7620673 D
7620673 D
7620673 W
7620673 L
7620931 D
7620931 D
7620931 W
7620931 L
7623899 D
7623899 D
7623899 W
7623899 L
7630849 D
7630849 D
7630849 W
7630849 L
7635557 D
7635557 D
7635557 W
7635557 L
7637629 D
7637629 D
7637629 W
7637629 L
7639363 D
7639363 D
7639363 W
7639363 L
7665733 D
7665733 D
7665733 W
7665733 L
7684639 D
7684639 D
7684639 W
7684639 L
7699753 D
7699753 D
7699753 W
7699753 L
7722941 D
7722941 D
7722941 W
7722941 L
7734137 D
7734137 D
7734137 W
7734137 L
7748291 D
7748291 D
7748291 W
7748291 L
7758433 D
7758433 D
7758433 W
7758433 L
7759051 D
7759051 D
7759051 W
7759051 L
7765019 D
7765019 D
7765019 W
7765019 L
7770899 D
7770899 D
7770899 W
7770899 L
7774567 D
7774567 D
7774567 W
7774567 L
7810511 D
7810511 D
7810511 W
7810511 L
7829587 D
7829587 D
7829587 W
7829587 L
7838893 D
7838893 D
7838893 W
7838893 L
7844987 D
7844987 D
7844987 W
7844987 L
7846901 D
7846901 D
7846901 W
7846901 L
7873387 D
7873387 D
7873387 W
7873387 L
7878383 D
7878383 D
7878383 W
7878383 L
7885901 D
7885901 D
7885901 W
7885901 L
7901539 D
7901539 D
7901539 W
7901539 L
7904653 D
7904653 D
7904653 W
7904653 L
7908209 D
7908209 D
7908209 W
7908209 L
7940399 D
7940399 D
7940399 W
7940399 L
7945633 D
7945633 D
7945633 W
7945633 L
7947971 D
7947971 D
7947971 W
7947971 L
7948841 D
7948841 D
7948841 W
7948841 L
7972049 D
7972049 D
7972049 W
7972049 L
7973321 D
7973321 D
7973321 W
7973321 L
7980859 D
7980859 D
7980859 W
7980859 L
7994237 D
7994237 D
7994237 W
7994237 L
8014129 D
8014129 D
8014129 W
8014129 L
8019611 D
8019611 D
8019611 W
8019611 L
8039501 D
8039501 D
8039501 W
8039501 L
8043983 D
8043983 D
8043983 W
8043983 L
8044867 D
8044867 D
8044867 W
8044867 L
8060461 D
8060461 D
8060461 W
8060461 L
8070397 D
8070397 D
8070397 W
8070397 L
8083661 D
8083661 D
8083661 W
8083661 L
8096189 D
8096189 D
8096189 W
8096189 L
8104829 D
8104829 D
8104829 W
8104829 L
8132431 D
8132431 D
8132431 W
8132431 L
8141999 D
8141999 D
8141999 W
8141999 L
8156591 D
8156591 D
8156591 W
8156591 L
8159663 D
8159663 D
8159663 W
8159663 L
8177303 D
8177303 D
8177303 W
8177303 L
8186489 D
8186489 D
8186489 W
8186489 L
8196437 D
8196437 D
8196437 W
8196437 L
8214223 D
8214223 D
8214223 W
8214223 L
8225201 D
8225201 D
8225201 W
8225201 L
8244139 D
8244139 D
8244139 W
8244139 L
8250257 D
8250257 D
8250257 W
8250257 L
8258101 D
8258101 D
8258101 W
8258101 L
8291069 D
8291069 D
8291069 W
8291069 L
8293651 D
8293651 D
8293651 W
8293651 L
8295121 D
8295121 D
8295121 W
8295121 L
8298313 D
8298313 D
8298313 W
8298313 L
8299427 D
8299427 D
8299427 W
8299427 L
8302501 D
8302501 D
8302501 W
8302501 L
8304629 D
8304629 D
8304629 W
8304629 L
8330617 D
8330617 D
8330617 W
8330617 L
8333599 D
8333599 D
8333599 W
8333599 L
8349511 D
8349511 D
8349511 W
8349511 L
8362853 D
8362853 D
8362853 W
8362853 L
8366119 D
8366119 D
8366119 W
8366119 L
8390441 D
8390441 D
8390441 W
8390441 L
8397377 D
8397377 D
8397377 W
8397377 L
8404337 D
8404337 D
8404337 W
8404337 L
8444279 D
8444279 D
8444279 W
8444279 L
8474623 D
8474623 D
8474623 W
8474623 L
8476723 D
8476723 D
8476723 W
8476723 L
8478167 D
8478167 D
8478167 W
8478167 L
8478797 D
8478797 D
8478797 W
8478797 L
8483317 D
8483317 D
8483317 W
8483317 L
8484871 D
8484871 D
8484871 W
8484871 L
8486623 D
8486623 D
8486623 W
8486623 L
8489357 D
8489357 D
8489357 W
8489357 L
8497037 D
8497037 D
8497037 W
8497037 L
8511511 D
8511511 D
8511511 W
8511511 L
8514469 D
8514469 D
8514469 W
8514469 L
8532191 D
8532191 D
8532191 W
8532191 L
8535089 D
8535089 D
8535089 W
8535089 L
8542601 D
8542601 D
8542601 W
8542601 L
8554019 D
8554019 D
8554019 W
8554019 L
8585893 D
8585893 D
8585893 W
8585893 L
8594723 D
8594723 D
8594723 W
8594723 L
8600309 D
8600309 D
8600309 W
8600309 L
8625517 D
8625517 D
8625517 W
8625517 L
8667151 D
8667151 D
8667151 W
8667151 L
8669593 D
8669593 D
8669593 W
8669593 L
8702593 D
8702593 D
8702593 W
8702593 L
8703911 D
8703911 D
8703911 W
8703911 L
8715671 D
8715671 D
8715671 W
8715671 L
8750657 D
8750657 D
8750657 W
8750657 L
8757173 D
8757173 D
8757173 W
8757173 L
8766451 D
8766451 D
8766451 W
8766451 L
8776609 D
8776609 D
8776609 W
8776609 L
8777569 D
8777569 D
8777569 W
8777569 L
8783279 D
8783279 D
8783279 W
8783279 L
8787617 D
8787617 D
8787617 W
8787617 L
8794033 D
8794033 D
8794033 W
8794033 L
8798269 D
8798269 D
8798269 W
8798269 L
8824691 D
8824691 D
8824691 W
8824691 L
8829503 D
8829503 D
8829503 W
8829503 L
8832961 D
8832961 D
8832961 W
8832961 L
8865137 D
8865137 D
8865137 W
8865137 L
8865149 D
8865149 D
8865149 W
8865149 L
8872261 D
8872261 D
8872261 W
8872261 L
8904127 D
8904127 D
8904127 W
8904127 L
8915083 D
8915083 D
8915083 W
8915083 L
8932453 D
8932453 D
8932453 W
8932453 L
8938381 D
8938381 D
8938381 W
8938381 L
8939407 D
8939407 D
8939407 W
8939407 L
8949791 D
8949791 D
8949791 W
8949791 L
8957693 D
8957693 D
8957693 W
8957693 L
8987347 D
8987347 D
8987347 W
8987347 L
8988509 D
8988509 D
8988509 W
8988509 L
8989027 D
8989027 D
8989027 W
8989027 L
9027511 D
9027511 D
9027511 W
9027511 L
9031699 D
9031699 D
9031699 W
9031699 L
9068177 D
9068177 D
9068177 W
9068177 L
9069163 D
9069163 D
9069163 W
9069163 L
9098693 D
9098693 D
9098693 W
9098693 L
9139517 D
9139517 D
9139517 W
9139517 L
9169417 D
9169417 D
9169417 W
9169417 L
9190789 D
9190789 D
9190789 W
9190789 L
9198901 D
9198901 D
9198901 W
9198901 L
9203641 D
9203641 D
9203641 W
9203641 L
9213527 D
9213527 D
9213527 W
9213527 L
9221929 D
9221929 D
9221929 W
9221929 L
9230929 D
9230929 D
9230929 W
9230929 L
9246403 D
9246403 D
9246403 W
9246403 L
9269159 D
9269159 D
9269159 W
9269159 L
9270203 D
9270203 D
9270203 W
9270203 L
9292333 D
9292333 D
9292333 W
9292333 L
9292471 D
9292471 D
9292471 W
9292471 L
9308567 D
9308567 D
9308567 W
9308567 L
9316903 D
9316903 D
9316903 W
9316903 L
9318893 D
9318893 D
9318893 W
9318893 L
9319781 D
9319781 D
9319781 W
9319781 L
9321929 D
9321929 D
9321929 W
9321929 L
9323077 D
9323077 D
9323077 W
9323077 L
9326041 D
9326041 D
9326041 W
9326041 L
9333011 D
9333011 D
9333011 W
9333011 L
9347911 D
9347911 D
9347911 W
9347911 L
9355637 D
9355637 D
9355637 W
9355637 L
9360647 D
9360647 D
9360647 W
9360647 L
9368339 D
9368339 D
9368339 W
9368339 L
9373577 D
9373577 D
9373577 W
9373577 L
9385967 D
9385967 D
9385967 W
9385967 L
9399967 D
9399967 D
9399967 W
9399967 L
9400969 D
9400969 D
9400969 W
9400969 L
9411343 D
9411343 D
9411343 W
9411343 L
9419609 D
9419609 D
9419609 W
9419609 L
9434539 D
9434539 D
9434539 W
9434539 L
9447241 D
9447241 D
9447241 W
9447241 L
9454031 D
9454031 D
9454031 W
9454031 L
9454901 D
9454901 D
9454901 W
9454901 L
9457927 D
9457927 D
9457927 W
9457927 L
9483673 D
9483673 D
9483673 W
9483673 L
9484523 D
9484523 D
9484523 W
9484523 L
9488291 D
9488291 D
9488291 W
9488291 L
9502583 D
9502583 D
9502583 W
9502583 L
9511361 D
9511361 D
9511361 W
9511361 L
9529427 D
9529427 D
9529427 W
9529427 L
9535367 D
9535367 D
9535367 W
9535367 L
9542587 D
9542587 D
9542587 W
9542587 L
9560843 D
9560843 D
9560843 W
9560843 L
9578749 D
9578749 D
9578749 W
9578749 L
9598807 D
9598807 D
9598807 W
9598807 L
9602479 D
9602479 D
9602479 W
9602479 L
9624239 D
9624239 D
9624239 W
9624239 L
9648557 D
9648557 D
9648557 W
9648557 L
9650149 D
9650149 D
9650149 W
9650149 L
9658837 D
9658837 D
9658837 W
9658837 L
9685589 D
9685589 D
9685589 W
9685589 L
9691733 D
9691733 D
9691733 W
9691733 L
9704479 D
9704479 D
9704479 W
9704479 L
9708949 D
9708949 D
9708949 W
9708949 L
9709079 D
9709079 D
9709079 W
9709079 L
9721991 D
9721991 D
9721991 W
9721991 L
9732967 D
9732967 D
9732967 W
9732967 L
9735191 D
9735191 D
9735191 W
9735191 L
9748561 D
9748561 D
9748561 W
9748561 L
9750383 D
9750383 D
9750383 W
9750383 L
9752707 D
9752707 D
9752707 W
9752707 L
9760909 D
9760909 D
9760909 W
9760909 L
9803051 D
9803051 D
9803051 W
9803051 L
9811313 D
9811313 D
9811313 W
9811313 L
9825007 D
9825007 D
9825007 W
9825007 L
9832567 D
9832567 D
9832567 W
9832567 L
9845713 D
9845713 D
9845713 W
9845713 L
9879997 D
9879997 D
9879997 W
9879997 L
9886277 D
9886277 D
9886277 W
9886277 L
9900467 D
9900467 D
9900467 W
9900467 L
9918523 D
9918523 D
9918523 W
9918523 L
9919727 D
9919727 D
9919727 W
9919727 L
9936061 D
9936061 D
9936061 W
9936061 L
9951419 D
9951419 D
9951419 W
9951419 L
9975197 D
9975197 D
9975197 W
9975197 L
