2758
53 D
53 W
59 D
59 W
61 D
61 W
67 D
67 W
71 D
71 W
79 D
79 W
89 D
89 W
97 D
97 W
107 D
107 W
137 D
137 W
163 D
163 W
14783 D
14783 W
39937 D
39937 W
84751 D
84751 W
92461 D
92461 W
93553 D
93553 W
95203 D
95203 W
105467 D
105467 W
122527 D
122527 W
126421 D
126421 W
138451 D
138451 W
173141 D
173141 W
192617 D
192617 W
246787 D
246787 W
303703 D
303703 W
337907 D
337907 W
417019 D
417019 W
418849 D
418849 W
459343 D
459343 W
489689 D
489689 W
501623 D
501623 W
506531 D
506531 W
521551 D
521551 W
529037 D
529037 W
551731 D
551731 W
590753 D
590753 W
609617 D
609617 W
649783 D
649783 W
659317 D
659317 W
709789 D
709789 W
748807 D
748807 W
762053 D
762053 W
829457 D
829457 W
897191 D
897191 W
906749 D
906749 W
1007417 D
1007417 W
1013197 D
1013197 W
1020043 D
1020043 W
1041203 D
1041203 W
1054931 D
1054931 W
1064519 D
1064519 W
1168639 D
1168639 W
1251641 D
1251641 W
1294453 D
1294453 W
1324187 D
1324187 W
1355063 D
1355063 W
1360259 D
1360259 W
1467751 D
1467751 W
1490477 D
1490477 W
1513819 D
1513819 W
1557131 D
1557131 W
1572929 D
1572929 W
1587739 D
1587739 W
1638019 D
1638019 W
1643597 D
1643597 W
1656931 D
1656931 W
1721299 D
1721299 W
1726031 D
1726031 W
1768477 D
1768477 W
1904977 D
1904977 W
1907693 D
1907693 W
1965629 D
1965629 W
2070137 D
2070137 W
2080759 D
2080759 W
2101139 D
2101139 W
2181719 D
2181719 W
2253371 D
2253371 W
2311223 D
2311223 W
2323463 D
2323463 W
2391157 D
2391157 W
2396123 D
2396123 W
2441107 D
2441107 W
2463569 D
2463569 W
2495417 D
2495417 W
2506783 D
2506783 W
2513723 D
2513723 W
2538619 D
2538619 W
2540641 D
2540641 W
2559811 D
2559811 W
2595629 D
2595629 W
2629177 D
2629177 W
2658793 D
2658793 W
2671087 D
2671087 W
2711119 D
2711119 W
2724599 D
2724599 W
2753939 D
2753939 W
2773007 D
2773007 W
2777729 D
2777729 W
2837227 D
2837227 W
2899829 D
2899829 W
2924827 D
2924827 W
2938069 D
2938069 W
2940089 D
2940089 W
2989759 D
2989759 W
3038177 D
3038177 W
3164173 D
3164173 W
3181163 D
3181163 W
3253231 D
3253231 W
3280307 D
3280307 W
3330979 D
3330979 W
3367909 D
3367909 W
3396377 D
3396377 W
3404551 D
3404551 W
3452453 D
3452453 W
3558481 D
3558481 W
3559379 D
3559379 W
3597887 D
3597887 W
3648427 D
3648427 W
3771343 D
3771343 W
3874723 D
3874723 W
3910441 D
3910441 W
4004851 D
4004851 W
4026083 D
4026083 W
4043687 D
4043687 W
4123541 D
4123541 W
4169129 D
4169129 W
4193507 D
4193507 W
4245613 D
4245613 W
4386133 D
4386133 W
4429643 D
4429643 W
4486093 D
4486093 W
4492451 D
4492451 W
4519453 D
4519453 W
4526597 D
4526597 W
4631399 D
4631399 W
4725827 D
4725827 W
4790749 D
4790749 W
4822759 D
4822759 W
4835273 D
4835273 W
4835549 D
4835549 W
4841153 D
4841153 W
4885333 D
4885333 W
4894349 D
4894349 W
4924573 D
4924573 W
4959413 D
4959413 W
5016679 D
5016679 W
5049349 D
5049349 W
5081819 D
5081819 W
5173387 D
5173387 W
5204207 D
5204207 W
5212993 D
5212993 W
5234743 D
5234743 W
5285219 D
5285219 W
5306309 D
5306309 W
5314139 D
5314139 W
5340541 D
5340541 W
5349413 D
5349413 W
5354681 D
5354681 W
5460629 D
5460629 W
5495177 D
5495177 W
5547733 D
5547733 W
5578319 D
5578319 W
5646541 D
5646541 W
5664671 D
5664671 W
5671031 D
5671031 W
5703199 D
5703199 W
5721713 D
5721713 W
5765933 D
5765933 W
5767477 D
5767477 W
5770147 D
5770147 W
5802751 D
5802751 W
5826577 D
5826577 W
5893897 D
5893897 W
5918323 D
5918323 W
5947891 D
5947891 W
5955839 D
5955839 W
6008729 D
6008729 W
6036323 D
6036323 W
6069913 D
6069913 W
6070679 D
6070679 W
6094397 D
6094397 W
6108511 D
6108511 W
6147487 D
6147487 W
6176617 D
6176617 W
6188263 D
6188263 W
6235961 D
6235961 W
6256139 D
6256139 W
6295841 D
6295841 W
6314881 D
6314881 W
6361297 D
6361297 W
6394009 D
6394009 W
6417413 D
6417413 W
6529349 D
6529349 W
6532871 D
6532871 W
6565463 D
6565463 W
6603917 D
6603917 W
6797509 D
6797509 W
6802373 D
6802373 W
6900613 D
6900613 W
6993451 D
6993451 W
7018981 D
7018981 W
7114963 D
7114963 W
7125971 D
7125971 W
7196647 D
7196647 W
7231957 D
7231957 W
7232383 D
7232383 W
7245701 D
7245701 W
7255357 D
7255357 W
7327871 D
7327871 W
7363319 D
7363319 W
7425841 D
7425841 W
7428671 D
7428671 W
7531913 D
7531913 W
7549753 D
7549753 W
7626587 D
7626587 W
7661281 D
7661281 W
7691443 D
7691443 W
7739227 D
7739227 W
7769639 D
7769639 W
7805093 D
7805093 W
7858771 D
7858771 W
7901203 D
7901203 W
7938041 D
7938041 W
7972553 D
7972553 W
7988977 D
7988977 W
8034097 D
8034097 W
8143141 D
8143141 W
8227069 D
8227069 W
8255561 D
8255561 W
8351881 D
8351881 W
8353661 D
8353661 W
8392147 D
8392147 W
8454799 D
8454799 W
8463353 D
8463353 W
8469283 D
8469283 W
8490413 D
8490413 W
8526541 D
8526541 W
8548693 D
8548693 W
8554829 D
8554829 W
8585429 D
8585429 W
8598781 D
8598781 W
8632103 D
8632103 W
8742421 D
8742421 W
8776673 D
8776673 W
8822587 D
8822587 W
8830957 D
8830957 W
8877409 D
8877409 W
8956547 D
8956547 W
8971283 D
8971283 W
8999687 D
8999687 W
9002087 D
9002087 W
9062279 D
9062279 W
9076811 D
9076811 W
9114163 D
9114163 W
9145699 D
9145699 W
9152831 D
9152831 W
9173093 D
9173093 W
9191227 D
9191227 W
9213563 D
9213563 W
9255173 D
9255173 W
9370547 D
9370547 W
9421567 D
9421567 W
9459487 D
9459487 W
9489167 D
9489167 W
9490067 D
9490067 W
9492269 D
9492269 W
9630319 D
9630319 W
9661693 D
9661693 W
9702437 D
9702437 W
9797719 D
9797719 W
9973933 D
9973933 W
9984437 D
9984437 W
9998777 D
9998777 W
2 D
2 D
2 W
2 L
3 D
3 D
3 W
3 L
5 D
5 D
5 W
5 L
7 D
7 D
7 W
7 L
11 D
11 D
11 W
11 L
13 D
13 D
13 W
13 L
17 D
17 D
17 W
17 L
19 D
19 D
19 W
19 L
23 D
23 D
23 W
23 L
29 D
29 D
29 W
29 L
31 D
31 D
31 W
31 L
37 D
37 D
37 W
37 L
41 D
41 D
41 W
41 L
43 D
43 D
43 W
43 L
47 D
47 D
47 W
47 L
53 D
53 D
53 W
53 L
59 D
59 D
59 W
59 L
61 D
61 D
61 W
61 L
67 D
67 D
67 W
67 L
71 D
71 D
71 W
71 L
73 D
73 D
73 W
73 L
79 D
79 D
79 W
79 L
89 D
89 D
89 W
89 L
97 D
97 D
97 W
97 L
101 D
101 D
101 W
101 L
107 D
107 D
107 W
107 L
137 D
137 D
137 W
137 L
163 D
163 D
163 W
163 L
821 D
821 D
821 W
821 L
827 D
827 D
827 W
827 L
8837 D
8837 D
8837 W
8837 L
11717 D
11717 D
11717 W
11717 L
14783 D
14783 D
14783 W
14783 L
39937 D
39937 D
39937 W
39937 L
84751 D
84751 D
84751 W
84751 L
92461 D
92461 D
92461 W
92461 L
93553 D
93553 D
93553 W
93553 L
95203 D
95203 D
95203 W
95203 L
97453 D
97453 D
97453 W
97453 L
105467 D
105467 D
105467 W
105467 L
106321 D
106321 D
106321 W
106321 L
117329 D
117329 D
117329 W
117329 L
122527 D
122527 D
122527 W
122527 L
126421 D
126421 D
126421 W
126421 L
138451 D
138451 D
138451 W
138451 L
162119 D
162119 D
162119 W
162119 L
169531 D
169531 D
169531 W
169531 L
173141 D
173141 D
173141 W
173141 L
190807 D
190807 D
190807 W
190807 L
192617 D
192617 D
192617 W
192617 L
200983 D
200983 D
200983 W
200983 L
243227 D
243227 D
243227 W
243227 L
246787 D
246787 D
246787 W
246787 L
269761 D
269761 D
269761 W
269761 L
271129 D
271129 D
271129 W
271129 L
302941 D
302941 D
302941 W
302941 L
303703 D
303703 D
303703 W
303703 L
304807 D
304807 D
304807 W
304807 L
337907 D
337907 D
337907 W
337907 L
348011 D
348011 D
348011 W
348011 L
403301 D
403301 D
403301 W
403301 L
406631 D
406631 D
406631 W
406631 L
417019 D
417019 D
417019 W
417019 L
418849 D
418849 D
418849 W
418849 L
457307 D
457307 D
457307 W
457307 L
459343 D
459343 D
459343 W
459343 L
489689 D
489689 D
489689 W
489689 L
499943 D
499943 D
499943 W
499943 L
501623 D
501623 D
501623 W
501623 L
504197 D
504197 D
504197 W
504197 L
506531 D
506531 D
506531 W
506531 L
518983 D
518983 D
518983 W
518983 L
521551 D
521551 D
521551 W
521551 L
529037 D
529037 D
529037 W
529037 L
540559 D
540559 D
540559 W
540559 L
551731 D
551731 D
551731 W
551731 L
590753 D
590753 D
590753 W
590753 L
602687 D
602687 D
602687 W
602687 L
609617 D
609617 D
609617 W
609617 L
632561 D
632561 D
632561 W
632561 L
649783 D
649783 D
649783 W
649783 L
659317 D
659317 D
659317 W
659317 L
674867 D
674867 D
674867 W
674867 L
675187 D
675187 D
675187 W
675187 L
696149 D
696149 D
696149 W
696149 L
709789 D
709789 D
709789 W
709789 L
712093 D
712093 D
712093 W
712093 L
744823 D
744823 D
744823 W
744823 L
748807 D
748807 D
748807 W
748807 L
762053 D
762053 D
762053 W
762053 L
780973 D
780973 D
780973 W
780973 L
821803 D
821803 D
821803 W
821803 L
829457 D
829457 D
829457 W
829457 L
868697 D
868697 D
868697 W
868697 L
897191 D
897191 D
897191 W
897191 L
906749 D
906749 D
906749 W
906749 L
922931 D
922931 D
922931 W
922931 L
935149 D
935149 D
935149 W
935149 L
974563 D
974563 D
974563 W
974563 L
1007417 D
1007417 D
1007417 W
1007417 L
1013197 D
1013197 D
1013197 W
1013197 L
1020043 D
1020043 D
1020043 W
1020043 L
1036747 D
1036747 D
1036747 W
1036747 L
1040821 D
1040821 D
1040821 W
1040821 L
1041203 D
1041203 D
1041203 W
1041203 L
1054931 D
1054931 D
1054931 W
1054931 L
1064519 D
1064519 D
1064519 W
1064519 L
1064989 D
1064989 D
1064989 W
1064989 L
1118857 D
1118857 D
1118857 W
1118857 L
1137313 D
1137313 D
1137313 W
1137313 L
1168639 D
1168639 D
1168639 W
1168639 L
1213327 D
1213327 D
1213327 W
1213327 L
1251641 D
1251641 D
1251641 W
1251641 L
1275803 D
1275803 D
1275803 W
1275803 L
1294453 D
1294453 D
1294453 W
1294453 L
1298371 D
1298371 D
1298371 W
1298371 L
1324187 D
1324187 D
1324187 W
1324187 L
1355063 D
1355063 D
1355063 W
1355063 L
1360259 D
1360259 D
1360259 W
1360259 L
1467751 D
1467751 D
1467751 W
1467751 L
1475239 D
1475239 D
1475239 W
1475239 L
1476283 D
1476283 D
1476283 W
1476283 L
1490477 D
1490477 D
1490477 W
1490477 L
1513819 D
1513819 D
1513819 W
1513819 L
1532257 D
1532257 D
1532257 W
1532257 L
1557131 D
1557131 D
1557131 W
1557131 L
1566239 D
1566239 D
1566239 W
1566239 L
1572929 D
1572929 D
1572929 W
1572929 L
1587739 D
1587739 D
1587739 W
1587739 L
1638019 D
1638019 D
1638019 W
1638019 L
1643597 D
1643597 D
1643597 W
1643597 L
1650281 D
1650281 D
1650281 W
1650281 L
1656931 D
1656931 D
1656931 W
1656931 L
1668481 D
1668481 D
1668481 W
1668481 L
1721299 D
1721299 D
1721299 W
1721299 L
1726031 D
1726031 D
1726031 W
1726031 L
1734097 D
1734097 D
1734097 W
1734097 L
1741049 D
1741049 D
1741049 W
1741049 L
1752323 D
1752323 D
1752323 W
1752323 L
1768477 D
1768477 D
1768477 W
1768477 L
1775309 D
1775309 D
1775309 W
1775309 L
1803799 D
1803799 D
1803799 W
1803799 L
1804433 D
1804433 D
1804433 W
1804433 L
1881769 D
1881769 D
1881769 W
1881769 L
1888213 D
1888213 D
1888213 W
1888213 L
1904977 D
1904977 D
1904977 W
1904977 L
1907693 D
1907693 D
1907693 W
1907693 L
1933177 D
1933177 D
1933177 W
1933177 L
1965629 D
1965629 D
1965629 W
1965629 L
1992583 D
1992583 D
1992583 W
1992583 L
2005139 D
2005139 D
2005139 W
2005139 L
2006491 D
2006491 D
2006491 W
2006491 L
2019181 D
2019181 D
2019181 W
2019181 L
2034941 D
2034941 D
2034941 W
2034941 L
2038747 D
2038747 D
2038747 W
2038747 L
2070137 D
2070137 D
2070137 W
2070137 L
2080759 D
2080759 D
2080759 W
2080759 L
2092249 D
2092249 D
2092249 W
2092249 L
2101139 D
2101139 D
2101139 W
2101139 L
2106523 D
2106523 D
2106523 W
2106523 L
2108033 D
2108033 D
2108033 W
2108033 L
2161349 D
2161349 D
2161349 W
2161349 L
2162543 D
2162543 D
2162543 W
2162543 L
2181719 D
2181719 D
2181719 W
2181719 L
2193053 D
2193053 D
2193053 W
2193053 L
2253371 D
2253371 D
2253371 W
2253371 L
2311223 D
2311223 D
2311223 W
2311223 L
2323463 D
2323463 D
2323463 W
2323463 L
2355347 D
2355347 D
2355347 W
2355347 L
2363653 D
2363653 D
2363653 W
2363653 L
2391157 D
2391157 D
2391157 W
2391157 L
2396123 D
2396123 D
2396123 W
2396123 L
2408213 D
2408213 D
2408213 W
2408213 L
2424161 D
2424161 D
2424161 W
2424161 L
2441107 D
2441107 D
2441107 W
2441107 L
2463569 D
2463569 D
2463569 W
2463569 L
2492767 D
2492767 D
2492767 W
2492767 L
2495417 D
2495417 D
2495417 W
2495417 L
2506783 D
2506783 D
2506783 W
2506783 L
2513723 D
2513723 D
2513723 W
2513723 L
2523163 D
2523163 D
2523163 W
2523163 L
2538619 D
2538619 D
2538619 W
2538619 L
2540641 D
2540641 D
2540641 W
2540641 L
2559811 D
2559811 D
2559811 W
2559811 L
2567569 D
2567569 D
2567569 W
2567569 L
2595629 D
2595629 D
2595629 W
2595629 L
2619641 D
2619641 D
2619641 W
2619641 L
2629177 D
2629177 D
2629177 W
2629177 L
2641193 D
2641193 D
2641193 W
2641193 L
2658793 D
2658793 D
2658793 W
2658793 L
2671087 D
2671087 D
2671087 W
2671087 L
2680607 D
2680607 D
2680607 W
2680607 L
2690719 D
2690719 D
2690719 W
2690719 L
2697529 D
2697529 D
2697529 W
2697529 L
2711119 D
2711119 D
2711119 W
2711119 L
2724599 D
2724599 D
2724599 W
2724599 L
2753939 D
2753939 D
2753939 W
2753939 L
2756147 D
2756147 D
2756147 W
2756147 L
2773007 D
2773007 D
2773007 W
2773007 L
2775067 D
2775067 D
2775067 W
2775067 L
2777729 D
2777729 D
2777729 W
2777729 L
2836487 D
2836487 D
2836487 W
2836487 L
2837227 D
2837227 D
2837227 W
2837227 L
2855093 D
2855093 D
2855093 W
2855093 L
2899829 D
2899829 D
2899829 W
2899829 L
2924827 D
2924827 D
2924827 W
2924827 L
2931421 D
2931421 D
2931421 W
2931421 L
2938069 D
2938069 D
2938069 W
2938069 L
2938451 D
2938451 D
2938451 W
2938451 L
2940089 D
2940089 D
2940089 W
2940089 L
2969389 D
2969389 D
2969389 W
2969389 L
2973023 D
2973023 D
2973023 W
2973023 L
2989759 D
2989759 D
2989759 W
2989759 L
3038177 D
3038177 D
3038177 W
3038177 L
3058127 D
3058127 D
3058127 W
3058127 L
3164173 D
3164173 D
3164173 W
3164173 L
3181163 D
3181163 D
3181163 W
3181163 L
3231269 D
3231269 D
3231269 W
3231269 L
3253231 D
3253231 D
3253231 W
3253231 L
3260899 D
3260899 D
3260899 W
3260899 L
3280307 D
3280307 D
3280307 W
3280307 L
3289709 D
3289709 D
3289709 W
3289709 L
3330979 D
3330979 D
3330979 W
3330979 L
3367909 D
3367909 D
3367909 W
3367909 L
3383819 D
3383819 D
3383819 W
3383819 L
3396377 D
3396377 D
3396377 W
3396377 L
3404551 D
3404551 D
3404551 W
3404551 L
3415781 D
3415781 D
3415781 W
3415781 L
3426053 D
3426053 D
3426053 W
3426053 L
3441371 D
3441371 D
3441371 W
3441371 L
3448507 D
3448507 D
3448507 W
3448507 L
3452081 D
3452081 D
3452081 W
3452081 L
3452453 D
3452453 D
3452453 W
3452453 L
3465947 D
3465947 D
3465947 W
3465947 L
3468943 D
3468943 D
3468943 W
3468943 L
3550219 D
3550219 D
3550219 W
3550219 L
3558481 D
3558481 D
3558481 W
3558481 L
3559379 D
3559379 D
3559379 W
3559379 L
3586087 D
3586087 D
3586087 W
3586087 L
3597887 D
3597887 D
3597887 W
3597887 L
3648427 D
3648427 D
3648427 W
3648427 L
3705101 D
3705101 D
3705101 W
3705101 L
3723581 D
3723581 D
3723581 W
3723581 L
3746399 D
3746399 D
3746399 W
3746399 L
3771343 D
3771343 D
3771343 W
3771343 L
3845987 D
3845987 D
3845987 W
3845987 L
3852547 D
3852547 D
3852547 W
3852547 L
3874723 D
3874723 D
3874723 W
3874723 L
3910441 D
3910441 D
3910441 W
3910441 L
3925807 D
3925807 D
3925807 W
3925807 L
3932039 D
3932039 D
3932039 W
3932039 L
3934421 D
3934421 D
3934421 W
3934421 L
3943999 D
3943999 D
3943999 W
3943999 L
3986009 D
3986009 D
3986009 W
3986009 L
4004851 D
4004851 D
4004851 W
4004851 L
4026083 D
4026083 D
4026083 W
4026083 L
4031563 D
4031563 D
4031563 W
4031563 L
4043687 D
4043687 D
4043687 W
4043687 L
4065773 D
4065773 D
4065773 W
4065773 L
4080511 D
4080511 D
4080511 W
4080511 L
4123541 D
4123541 D
4123541 W
4123541 L
4169129 D
4169129 D
4169129 W
4169129 L
4193507 D
4193507 D
4193507 W
4193507 L
4233473 D
4233473 D
4233473 W
4233473 L
4245613 D
4245613 D
4245613 W
4245613 L
4284013 D
4284013 D
4284013 W
4284013 L
4342993 D
4342993 D
4342993 W
4342993 L
4386133 D
4386133 D
4386133 W
4386133 L
4420891 D
4420891 D
4420891 W
4420891 L
4429643 D
4429643 D
4429643 W
4429643 L
4444357 D
4444357 D
4444357 W
4444357 L
4472651 D
4472651 D
4472651 W
4472651 L
4486093 D
4486093 D
4486093 W
4486093 L
4492451 D
4492451 D
4492451 W
4492451 L
4519453 D
4519453 D
4519453 W
4519453 L
4526597 D
4526597 D
4526597 W
4526597 L
4530511 D
4530511 D
4530511 W
4530511 L
4576501 D
4576501 D
4576501 W
4576501 L
4610731 D
4610731 D
4610731 W
4610731 L
4631399 D
4631399 D
4631399 W
4631399 L
4633381 D
4633381 D
4633381 W
4633381 L
4725827 D
4725827 D
4725827 W
4725827 L
4729799 D
4729799 D
4729799 W
4729799 L
4790749 D
4790749 D
4790749 W
4790749 L
4800221 D
4800221 D
4800221 W
4800221 L
4803283 D
4803283 D
4803283 W
4803283 L
4822759 D
4822759 D
4822759 W
4822759 L
4835273 D
4835273 D
4835273 W
4835273 L
4835549 D
4835549 D
4835549 W
4835549 L
4841153 D
4841153 D
4841153 W
4841153 L
4871723 D
4871723 D
4871723 W
4871723 L
4885333 D
4885333 D
4885333 W
4885333 L
4894349 D
4894349 D
4894349 W
4894349 L
4924573 D
4924573 D
4924573 W
4924573 L
4959413 D
4959413 D
4959413 W
4959413 L
4996891 D
4996891 D
4996891 W
4996891 L
5016679 D
5016679 D
5016679 W
5016679 L
5049349 D
5049349 D
5049349 W
5049349 L
5056957 D
5056957 D
5056957 W
5056957 L
5057053 D
5057053 D
5057053 W
5057053 L
5081819 D
5081819 D
5081819 W
5081819 L
5112059 D
5112059 D
5112059 W
5112059 L
5173387 D
5173387 D
5173387 W
5173387 L
5204207 D
5204207 D
5204207 W
5204207 L
5212993 D
5212993 D
5212993 W
5212993 L
5234743 D
5234743 D
5234743 W
5234743 L
5285219 D
5285219 D
5285219 W
5285219 L
5297359 D
5297359 D
5297359 W
5297359 L
5302967 D
5302967 D
5302967 W
5302967 L
5306309 D
5306309 D
5306309 W
5306309 L
5311847 D
5311847 D
5311847 W
5311847 L
5312233 D
5312233 D
5312233 W
5312233 L
5314139 D
5314139 D
5314139 W
5314139 L
5340541 D
5340541 D
5340541 W
5340541 L
5346751 D
5346751 D
5346751 W
5346751 L
5349413 D
5349413 D
5349413 W
5349413 L
5354681 D
5354681 D
5354681 W
5354681 L
5372249 D
5372249 D
5372249 W
5372249 L
5381297 D
5381297 D
5381297 W
5381297 L
5460629 D
5460629 D
5460629 W
5460629 L
5485769 D
5485769 D
5485769 W
5485769 L
5495177 D
5495177 D
5495177 W
5495177 L
5547733 D
5547733 D
5547733 W
5547733 L
5551927 D
5551927 D
5551927 W
5551927 L
5572921 D
5572921 D
5572921 W
5572921 L
5578319 D
5578319 D
5578319 W
5578319 L
5591779 D
5591779 D
5591779 W
5591779 L
5646541 D
5646541 D
5646541 W
5646541 L
5664671 D
5664671 D
5664671 W
5664671 L
5669659 D
5669659 D
5669659 W
5669659 L
5670593 D
5670593 D
5670593 W
5670593 L
5671031 D
5671031 D
5671031 W
5671031 L
5703199 D
5703199 D
5703199 W
5703199 L
5721713 D
5721713 D
5721713 W
5721713 L
5723327 D
5723327 D
5723327 W
5723327 L
5765933 D
5765933 D
5765933 W
5765933 L
5767477 D
5767477 D
5767477 W
5767477 L
5770147 D
5770147 D
5770147 W
5770147 L
5802751 D
5802751 D
5802751 W
5802751 L
5826577 D
5826577 D
5826577 W
5826577 L
5880769 D
5880769 D
5880769 W
5880769 L
5893897 D
5893897 D
5893897 W
5893897 L
5918323 D
5918323 D
5918323 W
5918323 L
5947891 D
5947891 D
5947891 W
5947891 L
5949313 D
5949313 D
5949313 W
5949313 L
5955839 D
5955839 D
5955839 W
5955839 L
5980439 D
5980439 D
5980439 W
5980439 L
6008729 D
6008729 D
6008729 W
6008729 L
6036323 D
6036323 D
6036323 W
6036323 L
6039101 D
6039101 D
6039101 W
6039101 L
6047287 D
6047287 D
6047287 W
6047287 L
6049357 D
6049357 D
6049357 W
6049357 L
6069913 D
6069913 D
6069913 W
6069913 L
6070679 D
6070679 D
6070679 W
6070679 L
6094397 D
6094397 D
6094397 W
6094397 L
6108511 D
6108511 D
6108511 W
6108511 L
6122411 D
6122411 D
6122411 W
6122411 L
6147487 D
6147487 D
6147487 W
6147487 L
6176617 D
6176617 D
6176617 W
6176617 L
6188263 D
6188263 D
6188263 W
6188263 L
6214931 D
6214931 D
6214931 W
6214931 L
6235961 D
6235961 D
6235961 W
6235961 L
6243197 D
6243197 D
6243197 W
6243197 L
6256139 D
6256139 D
6256139 W
6256139 L
6290101 D
6290101 D
6290101 W
6290101 L
6295841 D
6295841 D
6295841 W
6295841 L
6314881 D
6314881 D
6314881 W
6314881 L
6332059 D
6332059 D
6332059 W
6332059 L
6361297 D
6361297 D
6361297 W
6361297 L
6394009 D
6394009 D
6394009 W
6394009 L
6417413 D
6417413 D
6417413 W
6417413 L
6418387 D
6418387 D
6418387 W
6418387 L
6482537 D
6482537 D
6482537 W
6482537 L
6529349 D
6529349 D
6529349 W
6529349 L
6532871 D
6532871 D
6532871 W
6532871 L
6565463 D
6565463 D
6565463 W
6565463 L
6599839 D
6599839 D
6599839 W
6599839 L
6600667 D
6600667 D
6600667 W
6600667 L
6603917 D
6603917 D
6603917 W
6603917 L
6642803 D
6642803 D
6642803 W
6642803 L
6643633 D
6643633 D
6643633 W
6643633 L
6664429 D
6664429 D
6664429 W
6664429 L
6708409 D
6708409 D
6708409 W
6708409 L
6731821 D
6731821 D
6731821 W
6731821 L
6757853 D
6757853 D
6757853 W
6757853 L
6777739 D
6777739 D
6777739 W
6777739 L
6797509 D
6797509 D
6797509 W
6797509 L
6798937 D
6798937 D
6798937 W
6798937 L
6802373 D
6802373 D
6802373 W
6802373 L
6805283 D
6805283 D
6805283 W
6805283 L
6820057 D
6820057 D
6820057 W
6820057 L
6850601 D
6850601 D
6850601 W
6850601 L
6864233 D
6864233 D
6864233 W
6864233 L
6900613 D
6900613 D
6900613 W
6900613 L
6965809 D
6965809 D
6965809 W
6965809 L
6993451 D
6993451 D
6993451 W
6993451 L
7018981 D
7018981 D
7018981 W
7018981 L
7032881 D
7032881 D
7032881 W
7032881 L
7035839 D
7035839 D
7035839 W
7035839 L
7067209 D
7067209 D
7067209 W
7067209 L
7114963 D
7114963 D
7114963 W
7114963 L
7120541 D
7120541 D
7120541 W
7120541 L
7125971 D
7125971 D
7125971 W
7125971 L
7136203 D
7136203 D
7136203 W
7136203 L
7178113 D
7178113 D
7178113 W
7178113 L
7196647 D
7196647 D
7196647 W
7196647 L
7215829 D
7215829 D
7215829 W
7215829 L
7231747 D
7231747 D
7231747 W
7231747 L
7231957 D
7231957 D
7231957 W
7231957 L
7232383 D
7232383 D
7232383 W
7232383 L
7245701 D
7245701 D
7245701 W
7245701 L
7255357 D
7255357 D
7255357 W
7255357 L
7302613 D
7302613 D
7302613 W
7302613 L
7327871 D
7327871 D
7327871 W
7327871 L
7332379 D
7332379 D
7332379 W
7332379 L
7355669 D
7355669 D
7355669 W
7355669 L
7363319 D
7363319 D
7363319 W
7363319 L
7417873 D
7417873 D
7417873 W
7417873 L
7425841 D
7425841 D
7425841 W
7425841 L
7428671 D
7428671 D
7428671 W
7428671 L
7483603 D
7483603 D
7483603 W
7483603 L
7483783 D
7483783 D
7483783 W
7483783 L
7502189 D
7502189 D
7502189 W
7502189 L
7531913 D
7531913 D
7531913 W
7531913 L
7549753 D
7549753 D
7549753 W
7549753 L
7562189 D
7562189 D
7562189 W
7562189 L
7619827 D
7619827 D
7619827 W
7619827 L
7626587 D
7626587 D
7626587 W
7626587 L
7661281 D
7661281 D
7661281 W
7661281 L
7691443 D
7691443 D
7691443 W
7691443 L
7724419 D
7724419 D
7724419 W
7724419 L
7739227 D
7739227 D
7739227 W
7739227 L
7755497 D
7755497 D
7755497 W
7755497 L
7758209 D
7758209 D
7758209 W
7758209 L
7769639 D
7769639 D
7769639 W
7769639 L
7805093 D
7805093 D
7805093 W
7805093 L
7824977 D
7824977 D
7824977 W
7824977 L
7830853 D
7830853 D
7830853 W
7830853 L
7831493 D
7831493 D
7831493 W
7831493 L
7843763 D
7843763 D
7843763 W
7843763 L
7858771 D
7858771 D
7858771 W
7858771 L
7901203 D
7901203 D
7901203 W
7901203 L
7938041 D
7938041 D
7938041 W
7938041 L
7961497 D
7961497 D
7961497 W
7961497 L
7967689 D
7967689 D
7967689 W
7967689 L
7972553 D
7972553 D
7972553 W
7972553 L
7988977 D
7988977 D
7988977 W
7988977 L
8033293 D
8033293 D
8033293 W
8033293 L
8034097 D
8034097 D
8034097 W
8034097 L
8073799 D
8073799 D
8073799 W
8073799 L
8119451 D
8119451 D
8119451 W
8119451 L
8126711 D
8126711 D
8126711 W
8126711 L
8131693 D
8131693 D
8131693 W
8131693 L
8143141 D
8143141 D
8143141 W
8143141 L
8227069 D
8227069 D
8227069 W
8227069 L
8231659 D
8231659 D
8231659 W
8231659 L
8255561 D
8255561 D
8255561 W
8255561 L
8296879 D
8296879 D
8296879 W
8296879 L
8350457 D
8350457 D
8350457 W
8350457 L
8351881 D
8351881 D
8351881 W
8351881 L
8353661 D
8353661 D
8353661 W
8353661 L
8392147 D
8392147 D
8392147 W
8392147 L
8392903 D
8392903 D
8392903 W
8392903 L
8454799 D
8454799 D
8454799 W
8454799 L
8462801 D
8462801 D
8462801 W
8462801 L
8463353 D
8463353 D
8463353 W
8463353 L
8469283 D
8469283 D
8469283 W
8469283 L
8482373 D
8482373 D
8482373 W
8482373 L
8490413 D
8490413 D
8490413 W
8490413 L
8526541 D
8526541 D
8526541 W
8526541 L
8548693 D
8548693 D
8548693 W
8548693 L
8554829 D
8554829 D
8554829 W
8554829 L
8576761 D
8576761 D
8576761 W
8576761 L
8585429 D
8585429 D
8585429 W
8585429 L
8596583 D
8596583 D
8596583 W
8596583 L
8598781 D
8598781 D
8598781 W
8598781 L
8632103 D
8632103 D
8632103 W
8632103 L
8635817 D
8635817 D
8635817 W
8635817 L
8652403 D
8652403 D
8652403 W
8652403 L
8682203 D
8682203 D
8682203 W
8682203 L
8690413 D
8690413 D
8690413 W
8690413 L
8742421 D
8742421 D
8742421 W
8742421 L
8768579 D
8768579 D
8768579 W
8768579 L
8776673 D
8776673 D
8776673 W
8776673 L
8822587 D
8822587 D
8822587 W
8822587 L
8830957 D
8830957 D
8830957 W
8830957 L
8854757 D
8854757 D
8854757 W
8854757 L
8857879 D
8857879 D
8857879 W
8857879 L
8877409 D
8877409 D
8877409 W
8877409 L
8903371 D
8903371 D
8903371 W
8903371 L
8915717 D
8915717 D
8915717 W
8915717 L
8956547 D
8956547 D
8956547 W
8956547 L
8957083 D
8957083 D
8957083 W
8957083 L
8971283 D
8971283 D
8971283 W
8971283 L
8983703 D
8983703 D
8983703 W
8983703 L
8986547 D
8986547 D
8986547 W
8986547 L
8999687 D
8999687 D
8999687 W
8999687 L
9002087 D
9002087 D
9002087 W
9002087 L
9017053 D
9017053 D
9017053 W
9017053 L
9023327 D
9023327 D
9023327 W
9023327 L
9062279 D
9062279 D
9062279 W
9062279 L
9076811 D
9076811 D
9076811 W
9076811 L
9110489 D
9110489 D
9110489 W
9110489 L
9114163 D
9114163 D
9114163 W
9114163 L
9117599 D
9117599 D
9117599 W
9117599 L
9145699 D
9145699 D
9145699 W
9145699 L
9152831 D
9152831 D
9152831 W
9152831 L
9155291 D
9155291 D
9155291 W
9155291 L
9173093 D
9173093 D
9173093 W
9173093 L
9176831 D
9176831 D
9176831 W
9176831 L
9177929 D
9177929 D
9177929 W
9177929 L
9184367 D
9184367 D
9184367 W
9184367 L
9191227 D
9191227 D
9191227 W
9191227 L
9213563 D
9213563 D
9213563 W
9213563 L
9214123 D
9214123 D
9214123 W
9214123 L
9247603 D
9247603 D
9247603 W
9247603 L
9255173 D
9255173 D
9255173 W
9255173 L
9288767 D
9288767 D
9288767 W
9288767 L
9356981 D
9356981 D
9356981 W
9356981 L
9365821 D
9365821 D
9365821 W
9365821 L
9370547 D
9370547 D
9370547 W
9370547 L
9421567 D
9421567 D
9421567 W
9421567 L
9453373 D
9453373 D
9453373 W
9453373 L
9459487 D
9459487 D
9459487 W
9459487 L
9462911 D
9462911 D
9462911 W
9462911 L
9489167 D
9489167 D
9489167 W
9489167 L
9490067 D
9490067 D
9490067 W
9490067 L
9492269 D
9492269 D
9492269 W
9492269 L
9502433 D
9502433 D
9502433 W
9502433 L
9504323 D
9504323 D
9504323 W
9504323 L
9588511 D
9588511 D
9588511 W
9588511 L
9591163 D
9591163 D
9591163 W
9591163 L
9627707 D
9627707 D
9627707 W
9627707 L
9630319 D
9630319 D
9630319 W
9630319 L
9634777 D
9634777 D
9634777 W
9634777 L
9661693 D
9661693 D
9661693 W
9661693 L
9665143 D
9665143 D
9665143 W
9665143 L
9682297 D
9682297 D
9682297 W
9682297 L
9699923 D
9699923 D
9699923 W
9699923 L
9702437 D
9702437 D
9702437 W
9702437 L
9730529 D
9730529 D
9730529 W
9730529 L
9731027 D
9731027 D
9731027 W
9731027 L
9797719 D
9797719 D
9797719 W
9797719 L
9800207 D
9800207 D
9800207 W
9800207 L
9807709 D
9807709 D
9807709 W
9807709 L
9832099 D
9832099 D
9832099 W
9832099 L
9860657 D
9860657 D
9860657 W
9860657 L
9863599 D
9863599 D
9863599 W
9863599 L
9913637 D
9913637 D
9913637 W
9913637 L
9973933 D
9973933 D
9973933 W
9973933 L
9984437 D
9984437 D
9984437 W
9984437 L
9984929 D
9984929 D
9984929 W
9984929 L
9998777 D
9998777 D
9998777 W
9998777 L
