2822
29 D
29 W
37 D
37 W
53 D
53 W
61 D
61 W
157 D
157 W
52837 D
52837 W
126173 D
126173 W
157841 D
157841 W
215737 D
215737 W
226649 D
226649 W
228913 D
228913 W
262411 D
262411 W
267941 D
267941 W
304501 D
304501 W
344921 D
344921 W
350459 D
350459 W
435317 D
435317 W
500947 D
500947 W
506329 D
506329 W
566443 D
566443 W
617339 D
617339 W
617467 D
617467 W
643457 D
643457 W
669551 D
669551 W
708601 D
708601 W
722287 D
722287 W
747889 D
747889 W
775861 D
775861 W
823787 D
823787 W
897329 D
897329 W
922027 D
922027 W
940543 D
940543 W
962011 D
962011 W
1005827 D
1005827 W
1113961 D
1113961 W
1136567 D
1136567 W
1136843 D
1136843 W
1158551 D
1158551 W
1174673 D
1174673 W
1283981 D
1283981 W
1301497 D
1301497 W
1352191 D
1352191 W
1402501 D
1402501 W
1426499 D
1426499 W
1447861 D
1447861 W
1462939 D
1462939 W
1472293 D
1472293 W
1512827 D
1512827 W
1519123 D
1519123 W
1534957 D
1534957 W
1553887 D
1553887 W
1582703 D
1582703 W
1589123 D
1589123 W
1639367 D
1639367 W
1660423 D
1660423 W
1709593 D
1709593 W
1752323 D
1752323 W
1761901 D
1761901 W
1783429 D
1783429 W
1784773 D
1784773 W
1829249 D
1829249 W
1945721 D
1945721 W
2002883 D
2002883 W
2040803 D
2040803 W
2116183 D
2116183 W
2161829 D
2161829 W
2208887 D
2208887 W
2209891 D
2209891 W
2272103 D
2272103 W
2347523 D
2347523 W
2424427 D
2424427 W
2501563 D
2501563 W
2519557 D
2519557 W
2538017 D
2538017 W
2561813 D
2561813 W
2566177 D
2566177 W
2594063 D
2594063 W
2594803 D
2594803 W
2683771 D
2683771 W
2777339 D
2777339 W
2785781 D
2785781 W
2788769 D
2788769 W
2807591 D
2807591 W
2899907 D
2899907 W
2920117 D
2920117 W
2959757 D
2959757 W
2993371 D
2993371 W
2996207 D
2996207 W
3030283 D
3030283 W
3054673 D
3054673 W
3079411 D
3079411 W
3089269 D
3089269 W
3106769 D
3106769 W
3136373 D
3136373 W
3142829 D
3142829 W
3151601 D
3151601 W
3165067 D
3165067 W
3190381 D
3190381 W
3197419 D
3197419 W
3251933 D
3251933 W
3261473 D
3261473 W
3264491 D
3264491 W
3387557 D
3387557 W
3395701 D
3395701 W
3460181 D
3460181 W
3587407 D
3587407 W
3626429 D
3626429 W
3656953 D
3656953 W
3705469 D
3705469 W
3715837 D
3715837 W
3725119 D
3725119 W
3755797 D
3755797 W
3918869 D
3918869 W
4015381 D
4015381 W
4063643 D
4063643 W
4098817 D
4098817 W
4114879 D
4114879 W
4135037 D
4135037 W
4180621 D
4180621 W
4200127 D
4200127 W
4228789 D
4228789 W
4264261 D
4264261 W
4290683 D
4290683 W
4301369 D
4301369 W
4332929 D
4332929 W
4419271 D
4419271 W
4474733 D
4474733 W
4557461 D
4557461 W
4602749 D
4602749 W
4603327 D
4603327 W
4685393 D
4685393 W
4685729 D
4685729 W
4689239 D
4689239 W
4712299 D
4712299 W
4712797 D
4712797 W
4725151 D
4725151 W
4728121 D
4728121 W
4755397 D
4755397 W
4770527 D
4770527 W
4788241 D
4788241 W
4829789 D
4829789 W
4887829 D
4887829 W
4938473 D
4938473 W
5085989 D
5085989 W
5090927 D
5090927 W
5128897 D
5128897 W
5141273 D
5141273 W
5204077 D
5204077 W
5212799 D
5212799 W
5328241 D
5328241 W
5328997 D
5328997 W
5384371 D
5384371 W
5387117 D
5387117 W
5410663 D
5410663 W
5419013 D
5419013 W
5422051 D
5422051 W
5472659 D
5472659 W
5616287 D
5616287 W
5626867 D
5626867 W
5655739 D
5655739 W
5671553 D
5671553 W
5709817 D
5709817 W
5750887 D
5750887 W
5790943 D
5790943 W
5799947 D
5799947 W
5816821 D
5816821 W
5889517 D
5889517 W
5912531 D
5912531 W
5951137 D
5951137 W
5975969 D
5975969 W
5991829 D
5991829 W
6039491 D
6039491 W
6046021 D
6046021 W
6051061 D
6051061 W
6099239 D
6099239 W
6119797 D
6119797 W
6198691 D
6198691 W
6227821 D
6227821 W
6292339 D
6292339 W
6339637 D
6339637 W
6342101 D
6342101 W
6474893 D
6474893 W
6481207 D
6481207 W
6590069 D
6590069 W
6615589 D
6615589 W
6631367 D
6631367 W
6636769 D
6636769 W
6645077 D
6645077 W
6655631 D
6655631 W
6792547 D
6792547 W
6797369 D
6797369 W
6814309 D
6814309 W
6884641 D
6884641 W
6911057 D
6911057 W
6923627 D
6923627 W
6946301 D
6946301 W
6963419 D
6963419 W
6994927 D
6994927 W
7003957 D
7003957 W
7022359 D
7022359 W
7096651 D
7096651 W
7101907 D
7101907 W
7126277 D
7126277 W
7135813 D
7135813 W
7155341 D
7155341 W
7170901 D
7170901 W
7215451 D
7215451 W
7241497 D
7241497 W
7332733 D
7332733 W
7340227 D
7340227 W
7360723 D
7360723 W
7398431 D
7398431 W
7413737 D
7413737 W
7438169 D
7438169 W
7627853 D
7627853 W
7655657 D
7655657 W
7733501 D
7733501 W
7849949 D
7849949 W
7954333 D
7954333 W
7969043 D
7969043 W
7970551 D
7970551 W
8027497 D
8027497 W
8063981 D
8063981 W
8103427 D
8103427 W
8128543 D
8128543 W
8248063 D
8248063 W
8289703 D
8289703 W
8310803 D
8310803 W
8315429 D
8315429 W
8348159 D
8348159 W
8352727 D
8352727 W
8367397 D
8367397 W
8371763 D
8371763 W
8394863 D
8394863 W
8422877 D
8422877 W
8483723 D
8483723 W
8589739 D
8589739 W
8605469 D
8605469 W
8615423 D
8615423 W
8661727 D
8661727 W
8746063 D
8746063 W
8834131 D
8834131 W
8883397 D
8883397 W
8890187 D
8890187 W
8892119 D
8892119 W
8910767 D
8910767 W
8936413 D
8936413 W
8980891 D
8980891 W
9006197 D
9006197 W
9010003 D
9010003 W
9077713 D
9077713 W
9139811 D
9139811 W
9197381 D
9197381 W
9215233 D
9215233 W
9225487 D
9225487 W
9229247 D
9229247 W
9302197 D
9302197 W
9339193 D
9339193 W
9340897 D
9340897 W
9379297 D
9379297 W
9388507 D
9388507 W
9413927 D
9413927 W
9446597 D
9446597 W
9462151 D
9462151 W
9482219 D
9482219 W
9557651 D
9557651 W
9567647 D
9567647 W
9584507 D
9584507 W
9640667 D
9640667 W
9688517 D
9688517 W
9723941 D
9723941 W
9766843 D
9766843 W
9809143 D
9809143 W
2 D
2 D
2 W
2 L
3 D
3 D
3 W
3 L
5 D
5 D
5 W
5 L
7 D
7 D
7 W
7 L
11 D
11 D
11 W
11 L
13 D
13 D
13 W
13 L
17 D
17 D
17 W
17 L
19 D
19 D
19 W
19 L
23 D
23 D
23 W
23 L
29 D
29 D
29 W
29 L
31 D
31 D
31 W
31 L
37 D
37 D
37 W
37 L
41 D
41 D
41 W
41 L
43 D
43 D
43 W
43 L
53 D
53 D
53 W
53 L
61 D
61 D
61 W
61 L
67 D
67 D
67 W
67 L
73 D
73 D
73 W
73 L
79 D
79 D
79 W
79 L
157 D
157 D
157 W
157 L
181 D
181 D
181 W
181 L
383 D
383 D
383 W
383 L
11149 D
11149 D
11149 W
11149 L
19853 D
19853 D
19853 W
19853 L
38321 D
38321 D
38321 W
38321 L
52837 D
52837 D
52837 W
52837 L
82891 D
82891 D
82891 W
82891 L
106123 D
106123 D
106123 W
106123 L
109579 D
109579 D
109579 W
109579 L
125641 D
125641 D
125641 W
125641 L
126173 D
126173 D
126173 W
126173 L
142231 D
142231 D
142231 W
142231 L
157841 D
157841 D
157841 W
157841 L
215737 D
215737 D
215737 W
215737 L
216919 D
216919 D
216919 W
216919 L
226649 D
226649 D
226649 W
226649 L
228913 D
228913 D
228913 W
228913 L
262411 D
262411 D
262411 W
262411 L
267941 D
267941 D
267941 W
267941 L
304501 D
304501 D
304501 W
304501 L
305581 D
305581 D
305581 W
305581 L
313669 D
313669 D
313669 W
313669 L
344921 D
344921 D
344921 W
344921 L
350459 D
350459 D
350459 W
350459 L
435317 D
435317 D
435317 W
435317 L
500947 D
500947 D
500947 W
500947 L
506329 D
506329 D
506329 W
506329 L
524857 D
524857 D
524857 W
524857 L
566443 D
566443 D
566443 W
566443 L
612133 D
612133 D
612133 W
612133 L
617339 D
617339 D
617339 W
617339 L
617467 D
617467 D
617467 W
617467 L
633937 D
633937 D
633937 W
633937 L
643457 D
643457 D
643457 W
643457 L
669551 D
669551 D
669551 W
669551 L
687151 D
687151 D
687151 W
687151 L
708601 D
708601 D
708601 W
708601 L
722287 D
722287 D
722287 W
722287 L
725981 D
725981 D
725981 W
725981 L
747889 D
747889 D
747889 W
747889 L
771643 D
771643 D
771643 W
771643 L
775861 D
775861 D
775861 W
775861 L
823787 D
823787 D
823787 W
823787 L
855397 D
855397 D
855397 W
855397 L
897329 D
897329 D
897329 W
897329 L
922027 D
922027 D
922027 W
922027 L
940543 D
940543 D
940543 W
940543 L
962011 D
962011 D
962011 W
962011 L
1005827 D
1005827 D
1005827 W
1005827 L
1037801 D
1037801 D
1037801 W
1037801 L
1070429 D
1070429 D
1070429 W
1070429 L
1113961 D
1113961 D
1113961 W
1113961 L
1136567 D
1136567 D
1136567 W
1136567 L
1136843 D
1136843 D
1136843 W
1136843 L
1138979 D
1138979 D
1138979 W
1138979 L
1145461 D
1145461 D
1145461 W
1145461 L
1158551 D
1158551 D
1158551 W
1158551 L
1174673 D
1174673 D
1174673 W
1174673 L
1203493 D
1203493 D
1203493 W
1203493 L
1219507 D
1219507 D
1219507 W
1219507 L
1229131 D
1229131 D
1229131 W
1229131 L
1250099 D
1250099 D
1250099 W
1250099 L
1276739 D
1276739 D
1276739 W
1276739 L
1283981 D
1283981 D
1283981 W
1283981 L
1301497 D
1301497 D
1301497 W
1301497 L
1326821 D
1326821 D
1326821 W
1326821 L
1339147 D
1339147 D
1339147 W
1339147 L
1341209 D
1341209 D
1341209 W
1341209 L
1349737 D
1349737 D
1349737 W
1349737 L
1352191 D
1352191 D
1352191 W
1352191 L
1402501 D
1402501 D
1402501 W
1402501 L
1416829 D
1416829 D
1416829 W
1416829 L
1426499 D
1426499 D
1426499 W
1426499 L
1430503 D
1430503 D
1430503 W
1430503 L
1447861 D
1447861 D
1447861 W
1447861 L
1461139 D
1461139 D
1461139 W
1461139 L
1462939 D
1462939 D
1462939 W
1462939 L
1472293 D
1472293 D
1472293 W
1472293 L
1512827 D
1512827 D
1512827 W
1512827 L
1519123 D
1519123 D
1519123 W
1519123 L
1534957 D
1534957 D
1534957 W
1534957 L
1553887 D
1553887 D
1553887 W
1553887 L
1582703 D
1582703 D
1582703 W
1582703 L
1589123 D
1589123 D
1589123 W
1589123 L
1595593 D
1595593 D
1595593 W
1595593 L
1639367 D
1639367 D
1639367 W
1639367 L
1660423 D
1660423 D
1660423 W
1660423 L
1677787 D
1677787 D
1677787 W
1677787 L
1692149 D
1692149 D
1692149 W
1692149 L
1694503 D
1694503 D
1694503 W
1694503 L
1703231 D
1703231 D
1703231 W
1703231 L
1709593 D
1709593 D
1709593 W
1709593 L
1739821 D
1739821 D
1739821 W
1739821 L
1752323 D
1752323 D
1752323 W
1752323 L
1761901 D
1761901 D
1761901 W
1761901 L
1764053 D
1764053 D
1764053 W
1764053 L
1783429 D
1783429 D
1783429 W
1783429 L
1784773 D
1784773 D
1784773 W
1784773 L
1809079 D
1809079 D
1809079 W
1809079 L
1816901 D
1816901 D
1816901 W
1816901 L
1829249 D
1829249 D
1829249 W
1829249 L
1924459 D
1924459 D
1924459 W
1924459 L
1935889 D
1935889 D
1935889 W
1935889 L
1945721 D
1945721 D
1945721 W
1945721 L
1959227 D
1959227 D
1959227 W
1959227 L
1971667 D
1971667 D
1971667 W
1971667 L
1975511 D
1975511 D
1975511 W
1975511 L
2002883 D
2002883 D
2002883 W
2002883 L
2040803 D
2040803 D
2040803 W
2040803 L
2049121 D
2049121 D
2049121 W
2049121 L
2113129 D
2113129 D
2113129 W
2113129 L
2116183 D
2116183 D
2116183 W
2116183 L
2119157 D
2119157 D
2119157 W
2119157 L
2158433 D
2158433 D
2158433 W
2158433 L
2161829 D
2161829 D
2161829 W
2161829 L
2200651 D
2200651 D
2200651 W
2200651 L
2208887 D
2208887 D
2208887 W
2208887 L
2209891 D
2209891 D
2209891 W
2209891 L
2210347 D
2210347 D
2210347 W
2210347 L
2213243 D
2213243 D
2213243 W
2213243 L
2213971 D
2213971 D
2213971 W
2213971 L
2226041 D
2226041 D
2226041 W
2226041 L
2272103 D
2272103 D
2272103 W
2272103 L
2299541 D
2299541 D
2299541 W
2299541 L
2347523 D
2347523 D
2347523 W
2347523 L
2368601 D
2368601 D
2368601 W
2368601 L
2372431 D
2372431 D
2372431 W
2372431 L
2401579 D
2401579 D
2401579 W
2401579 L
2414611 D
2414611 D
2414611 W
2414611 L
2424427 D
2424427 D
2424427 W
2424427 L
2441987 D
2441987 D
2441987 W
2441987 L
2450207 D
2450207 D
2450207 W
2450207 L
2501563 D
2501563 D
2501563 W
2501563 L
2511823 D
2511823 D
2511823 W
2511823 L
2519557 D
2519557 D
2519557 W
2519557 L
2538017 D
2538017 D
2538017 W
2538017 L
2561813 D
2561813 D
2561813 W
2561813 L
2565713 D
2565713 D
2565713 W
2565713 L
2566177 D
2566177 D
2566177 W
2566177 L
2593067 D
2593067 D
2593067 W
2593067 L
2594063 D
2594063 D
2594063 W
2594063 L
2594803 D
2594803 D
2594803 W
2594803 L
2598157 D
2598157 D
2598157 W
2598157 L
2643913 D
2643913 D
2643913 W
2643913 L
2683771 D
2683771 D
2683771 W
2683771 L
2707037 D
2707037 D
2707037 W
2707037 L
2718127 D
2718127 D
2718127 W
2718127 L
2777339 D
2777339 D
2777339 W
2777339 L
2785781 D
2785781 D
2785781 W
2785781 L
2788769 D
2788769 D
2788769 W
2788769 L
2797453 D
2797453 D
2797453 W
2797453 L
2801473 D
2801473 D
2801473 W
2801473 L
2807591 D
2807591 D
2807591 W
2807591 L
2829839 D
2829839 D
2829839 W
2829839 L
2837357 D
2837357 D
2837357 W
2837357 L
2852471 D
2852471 D
2852471 W
2852471 L
2860237 D
2860237 D
2860237 W
2860237 L
2879609 D
2879609 D
2879609 W
2879609 L
2887141 D
2887141 D
2887141 W
2887141 L
2896837 D
2896837 D
2896837 W
2896837 L
2899907 D
2899907 D
2899907 W
2899907 L
2920117 D
2920117 D
2920117 W
2920117 L
2938037 D
2938037 D
2938037 W
2938037 L
2959757 D
2959757 D
2959757 W
2959757 L
2993371 D
2993371 D
2993371 W
2993371 L
2996207 D
2996207 D
2996207 W
2996207 L
3008693 D
3008693 D
3008693 W
3008693 L
3030283 D
3030283 D
3030283 W
3030283 L
3054673 D
3054673 D
3054673 W
3054673 L
3079411 D
3079411 D
3079411 W
3079411 L
3089269 D
3089269 D
3089269 W
3089269 L
3106769 D
3106769 D
3106769 W
3106769 L
3136373 D
3136373 D
3136373 W
3136373 L
3142829 D
3142829 D
3142829 W
3142829 L
3151601 D
3151601 D
3151601 W
3151601 L
3165067 D
3165067 D
3165067 W
3165067 L
3190381 D
3190381 D
3190381 W
3190381 L
3197419 D
3197419 D
3197419 W
3197419 L
3228187 D
3228187 D
3228187 W
3228187 L
3235901 D
3235901 D
3235901 W
3235901 L
3241429 D
3241429 D
3241429 W
3241429 L
3251933 D
3251933 D
3251933 W
3251933 L
3256943 D
3256943 D
3256943 W
3256943 L
3261473 D
3261473 D
3261473 W
3261473 L
3264491 D
3264491 D
3264491 W
3264491 L
3288673 D
3288673 D
3288673 W
3288673 L
3297803 D
3297803 D
3297803 W
3297803 L
3321841 D
3321841 D
3321841 W
3321841 L
3329033 D
3329033 D
3329033 W
3329033 L
3365599 D
3365599 D
3365599 W
3365599 L
3387557 D
3387557 D
3387557 W
3387557 L
3395701 D
3395701 D
3395701 W
3395701 L
3401621 D
3401621 D
3401621 W
3401621 L
3455209 D
3455209 D
3455209 W
3455209 L
3460181 D
3460181 D
3460181 W
3460181 L
3490891 D
3490891 D
3490891 W
3490891 L
3492971 D
3492971 D
3492971 W
3492971 L
3502633 D
3502633 D
3502633 W
3502633 L
3542503 D
3542503 D
3542503 W
3542503 L
3561581 D
3561581 D
3561581 W
3561581 L
3579083 D
3579083 D
3579083 W
3579083 L
3587407 D
3587407 D
3587407 W
3587407 L
3593633 D
3593633 D
3593633 W
3593633 L
3609191 D
3609191 D
3609191 W
3609191 L
3620119 D
3620119 D
3620119 W
3620119 L
3626429 D
3626429 D
3626429 W
3626429 L
3640597 D
3640597 D
3640597 W
3640597 L
3654149 D
3654149 D
3654149 W
3654149 L
3656953 D
3656953 D
3656953 W
3656953 L
3702229 D
3702229 D
3702229 W
3702229 L
3705469 D
3705469 D
3705469 W
3705469 L
3706897 D
3706897 D
3706897 W
3706897 L
3715837 D
3715837 D
3715837 W
3715837 L
3717041 D
3717041 D
3717041 W
3717041 L
3725119 D
3725119 D
3725119 W
3725119 L
3726013 D
3726013 D
3726013 W
3726013 L
3732727 D
3732727 D
3732727 W
3732727 L
3755797 D
3755797 D
3755797 W
3755797 L
3767923 D
3767923 D
3767923 W
3767923 L
3778637 D
3778637 D
3778637 W
3778637 L
3876277 D
3876277 D
3876277 W
3876277 L
3918869 D
3918869 D
3918869 W
3918869 L
3928553 D
3928553 D
3928553 W
3928553 L
3948521 D
3948521 D
3948521 W
3948521 L
4015381 D
4015381 D
4015381 W
4015381 L
4063643 D
4063643 D
4063643 W
4063643 L
4081157 D
4081157 D
4081157 W
4081157 L
4098817 D
4098817 D
4098817 W
4098817 L
4114879 D
4114879 D
4114879 W
4114879 L
4135037 D
4135037 D
4135037 W
4135037 L
4136681 D
4136681 D
4136681 W
4136681 L
4139329 D
4139329 D
4139329 W
4139329 L
4139917 D
4139917 D
4139917 W
4139917 L
4168831 D
4168831 D
4168831 W
4168831 L
4173989 D
4173989 D
4173989 W
4173989 L
4180621 D
4180621 D
4180621 W
4180621 L
4200127 D
4200127 D
4200127 W
4200127 L
4201447 D
4201447 D
4201447 W
4201447 L
4202677 D
4202677 D
4202677 W
4202677 L
4226203 D
4226203 D
4226203 W
4226203 L
4228789 D
4228789 D
4228789 W
4228789 L
4242209 D
4242209 D
4242209 W
4242209 L
4264261 D
4264261 D
4264261 W
4264261 L
4278671 D
4278671 D
4278671 W
4278671 L
4290683 D
4290683 D
4290683 W
4290683 L
4301369 D
4301369 D
4301369 W
4301369 L
4307021 D
4307021 D
4307021 W
4307021 L
4312733 D
4312733 D
4312733 W
4312733 L
4332929 D
4332929 D
4332929 W
4332929 L
4419271 D
4419271 D
4419271 W
4419271 L
4427719 D
4427719 D
4427719 W
4427719 L
4434421 D
4434421 D
4434421 W
4434421 L
4474733 D
4474733 D
4474733 W
4474733 L
4557461 D
4557461 D
4557461 W
4557461 L
4602749 D
4602749 D
4602749 W
4602749 L
4603327 D
4603327 D
4603327 W
4603327 L
4666967 D
4666967 D
4666967 W
4666967 L
4679359 D
4679359 D
4679359 W
4679359 L
4685393 D
4685393 D
4685393 W
4685393 L
4685729 D
4685729 D
4685729 W
4685729 L
4689239 D
4689239 D
4689239 W
4689239 L
4704391 D
4704391 D
4704391 W
4704391 L
4711627 D
4711627 D
4711627 W
4711627 L
4712299 D
4712299 D
4712299 W
4712299 L
4712797 D
4712797 D
4712797 W
4712797 L
4720361 D
4720361 D
4720361 W
4720361 L
4721957 D
4721957 D
4721957 W
4721957 L
4725151 D
4725151 D
4725151 W
4725151 L
4728121 D
4728121 D
4728121 W
4728121 L
4755397 D
4755397 D
4755397 W
4755397 L
4757957 D
4757957 D
4757957 W
4757957 L
4770527 D
4770527 D
4770527 W
4770527 L
4788241 D
4788241 D
4788241 W
4788241 L
4793857 D
4793857 D
4793857 W
4793857 L
4820663 D
4820663 D
4820663 W
4820663 L
4829789 D
4829789 D
4829789 W
4829789 L
4887829 D
4887829 D
4887829 W
4887829 L
4938473 D
4938473 D
4938473 W
4938473 L
4954109 D
4954109 D
4954109 W
4954109 L
4984871 D
4984871 D
4984871 W
4984871 L
4987867 D
4987867 D
4987867 W
4987867 L
4997549 D
4997549 D
4997549 W
4997549 L
5085989 D
5085989 D
5085989 W
5085989 L
5090927 D
5090927 D
5090927 W
5090927 L
5128897 D
5128897 D
5128897 W
5128897 L
5141273 D
5141273 D
5141273 W
5141273 L
5142121 D
5142121 D
5142121 W
5142121 L
5181223 D
5181223 D
5181223 W
5181223 L
5204077 D
5204077 D
5204077 W
5204077 L
5212799 D
5212799 D
5212799 W
5212799 L
5218391 D
5218391 D
5218391 W
5218391 L
5222873 D
5222873 D
5222873 W
5222873 L
5237473 D
5237473 D
5237473 W
5237473 L
5276969 D
5276969 D
5276969 W
5276969 L
5278073 D
5278073 D
5278073 W
5278073 L
5328241 D
5328241 D
5328241 W
5328241 L
5328997 D
5328997 D
5328997 W
5328997 L
5332037 D
5332037 D
5332037 W
5332037 L
5366771 D
5366771 D
5366771 W
5366771 L
5384371 D
5384371 D
5384371 W
5384371 L
5387111 D
5387111 D
5387111 W
5387111 L
5387117 D
5387117 D
5387117 W
5387117 L
5410663 D
5410663 D
5410663 W
5410663 L
5419013 D
5419013 D
5419013 W
5419013 L
5422051 D
5422051 D
5422051 W
5422051 L
5472659 D
5472659 D
5472659 W
5472659 L
5608747 D
5608747 D
5608747 W
5608747 L
5616287 D
5616287 D
5616287 W
5616287 L
5626867 D
5626867 D
5626867 W
5626867 L
5629229 D
5629229 D
5629229 W
5629229 L
5641327 D
5641327 D
5641327 W
5641327 L
5655739 D
5655739 D
5655739 W
5655739 L
5662561 D
5662561 D
5662561 W
5662561 L
5669159 D
5669159 D
5669159 W
5669159 L
5671553 D
5671553 D
5671553 W
5671553 L
5701123 D
5701123 D
5701123 W
5701123 L
5709817 D
5709817 D
5709817 W
5709817 L
5746817 D
5746817 D
5746817 W
5746817 L
5750887 D
5750887 D
5750887 W
5750887 L
5790943 D
5790943 D
5790943 W
5790943 L
5799947 D
5799947 D
5799947 W
5799947 L
5816821 D
5816821 D
5816821 W
5816821 L
5827361 D
5827361 D
5827361 W
5827361 L
5833181 D
5833181 D
5833181 W
5833181 L
5839903 D
5839903 D
5839903 W
5839903 L
5856187 D
5856187 D
5856187 W
5856187 L
5889517 D
5889517 D
5889517 W
5889517 L
5912531 D
5912531 D
5912531 W
5912531 L
5951137 D
5951137 D
5951137 W
5951137 L
5975969 D
5975969 D
5975969 W
5975969 L
5985761 D
5985761 D
5985761 W
5985761 L
5991829 D
5991829 D
5991829 W
5991829 L
6006599 D
6006599 D
6006599 W
6006599 L
6010451 D
6010451 D
6010451 W
6010451 L
6021437 D
6021437 D
6021437 W
6021437 L
6039491 D
6039491 D
6039491 W
6039491 L
6044827 D
6044827 D
6044827 W
6044827 L
6046021 D
6046021 D
6046021 W
6046021 L
6051061 D
6051061 D
6051061 W
6051061 L
6099239 D
6099239 D
6099239 W
6099239 L
6119797 D
6119797 D
6119797 W
6119797 L
6135209 D
6135209 D
6135209 W
6135209 L
6183893 D
6183893 D
6183893 W
6183893 L
6192143 D
6192143 D
6192143 W
6192143 L
6198691 D
6198691 D
6198691 W
6198691 L
6210599 D
6210599 D
6210599 W
6210599 L
6212839 D
6212839 D
6212839 W
6212839 L
6227821 D
6227821 D
6227821 W
6227821 L
6241229 D
6241229 D
6241229 W
6241229 L
6292339 D
6292339 D
6292339 W
6292339 L
6315223 D
6315223 D
6315223 W
6315223 L
6339637 D
6339637 D
6339637 W
6339637 L
6342101 D
6342101 D
6342101 W
6342101 L
6359621 D
6359621 D
6359621 W
6359621 L
6360083 D
6360083 D
6360083 W
6360083 L
6361609 D
6361609 D
6361609 W
6361609 L
6474893 D
6474893 D
6474893 W
6474893 L
6481207 D
6481207 D
6481207 W
6481207 L
6493831 D
6493831 D
6493831 W
6493831 L
6495661 D
6495661 D
6495661 W
6495661 L
6543643 D
6543643 D
6543643 W
6543643 L
6590069 D
6590069 D
6590069 W
6590069 L
6591791 D
6591791 D
6591791 W
6591791 L
6601447 D
6601447 D
6601447 W
6601447 L
6615589 D
6615589 D
6615589 W
6615589 L
6631367 D
6631367 D
6631367 W
6631367 L
6636769 D
6636769 D
6636769 W
6636769 L
6645077 D
6645077 D
6645077 W
6645077 L
6655133 D
6655133 D
6655133 W
6655133 L
6655631 D
6655631 D
6655631 W
6655631 L
6667643 D
6667643 D
6667643 W
6667643 L
6680939 D
6680939 D
6680939 W
6680939 L
6771803 D
6771803 D
6771803 W
6771803 L
6792547 D
6792547 D
6792547 W
6792547 L
6797369 D
6797369 D
6797369 W
6797369 L
6814309 D
6814309 D
6814309 W
6814309 L
6828859 D
6828859 D
6828859 W
6828859 L
6866767 D
6866767 D
6866767 W
6866767 L
6880259 D
6880259 D
6880259 W
6880259 L
6884641 D
6884641 D
6884641 W
6884641 L
6911057 D
6911057 D
6911057 W
6911057 L
6923627 D
6923627 D
6923627 W
6923627 L
6946301 D
6946301 D
6946301 W
6946301 L
6957091 D
6957091 D
6957091 W
6957091 L
6963419 D
6963419 D
6963419 W
6963419 L
6966809 D
6966809 D
6966809 W
6966809 L
6994927 D
6994927 D
6994927 W
6994927 L
7003957 D
7003957 D
7003957 W
7003957 L
7010569 D
7010569 D
7010569 W
7010569 L
7022359 D
7022359 D
7022359 W
7022359 L
7026463 D
7026463 D
7026463 W
7026463 L
7096651 D
7096651 D
7096651 W
7096651 L
7101907 D
7101907 D
7101907 W
7101907 L
7108861 D
7108861 D
7108861 W
7108861 L
7126277 D
7126277 D
7126277 W
7126277 L
7135813 D
7135813 D
7135813 W
7135813 L
7153313 D
7153313 D
7153313 W
7153313 L
7155341 D
7155341 D
7155341 W
7155341 L
7168283 D
7168283 D
7168283 W
7168283 L
7170901 D
7170901 D
7170901 W
7170901 L
7215451 D
7215451 D
7215451 W
7215451 L
7241497 D
7241497 D
7241497 W
7241497 L
7286777 D
7286777 D
7286777 W
7286777 L
7332319 D
7332319 D
7332319 W
7332319 L
7332733 D
7332733 D
7332733 W
7332733 L
7340227 D
7340227 D
7340227 W
7340227 L
7360723 D
7360723 D
7360723 W
7360723 L
7398431 D
7398431 D
7398431 W
7398431 L
7413737 D
7413737 D
7413737 W
7413737 L
7438169 D
7438169 D
7438169 W
7438169 L
7473541 D
7473541 D
7473541 W
7473541 L
7532501 D
7532501 D
7532501 W
7532501 L
7578029 D
7578029 D
7578029 W
7578029 L
7627853 D
7627853 D
7627853 W
7627853 L
7655657 D
7655657 D
7655657 W
7655657 L
7681577 D
7681577 D
7681577 W
7681577 L
7733501 D
7733501 D
7733501 W
7733501 L
7768333 D
7768333 D
7768333 W
7768333 L
7770121 D
7770121 D
7770121 W
7770121 L
7848637 D
7848637 D
7848637 W
7848637 L
7849949 D
7849949 D
7849949 W
7849949 L
7857947 D
7857947 D
7857947 W
7857947 L
7917241 D
7917241 D
7917241 W
7917241 L
7949233 D
7949233 D
7949233 W
7949233 L
7954333 D
7954333 D
7954333 W
7954333 L
7958563 D
7958563 D
7958563 W
7958563 L
7969043 D
7969043 D
7969043 W
7969043 L
7970551 D
7970551 D
7970551 W
7970551 L
7979863 D
7979863 D
7979863 W
7979863 L
7994093 D
7994093 D
7994093 W
7994093 L
8000989 D
8000989 D
8000989 W
8000989 L
8027497 D
8027497 D
8027497 W
8027497 L
8063981 D
8063981 D
8063981 W
8063981 L
8093483 D
8093483 D
8093483 W
8093483 L
8103427 D
8103427 D
8103427 W
8103427 L
8128543 D
8128543 D
8128543 W
8128543 L
8226091 D
8226091 D
8226091 W
8226091 L
8227081 D
8227081 D
8227081 W
8227081 L
8248063 D
8248063 D
8248063 W
8248063 L
8283269 D
8283269 D
8283269 W
8283269 L
8289703 D
8289703 D
8289703 W
8289703 L
8298221 D
8298221 D
8298221 W
8298221 L
8310803 D
8310803 D
8310803 W
8310803 L
8315429 D
8315429 D
8315429 W
8315429 L
8348159 D
8348159 D
8348159 W
8348159 L
8352727 D
8352727 D
8352727 W
8352727 L
8367397 D
8367397 D
8367397 W
8367397 L
8368111 D
8368111 D
8368111 W
8368111 L
8371763 D
8371763 D
8371763 W
8371763 L
8394863 D
8394863 D
8394863 W
8394863 L
8422877 D
8422877 D
8422877 W
8422877 L
8478727 D
8478727 D
8478727 W
8478727 L
8479619 D
8479619 D
8479619 W
8479619 L
8483723 D
8483723 D
8483723 W
8483723 L
8502509 D
8502509 D
8502509 W
8502509 L
8522237 D
8522237 D
8522237 W
8522237 L
8530591 D
8530591 D
8530591 W
8530591 L
8589739 D
8589739 D
8589739 W
8589739 L
8605469 D
8605469 D
8605469 W
8605469 L
8614079 D
8614079 D
8614079 W
8614079 L
8615423 D
8615423 D
8615423 W
8615423 L
8661727 D
8661727 D
8661727 W
8661727 L
8666173 D
8666173 D
8666173 W
8666173 L
8693983 D
8693983 D
8693983 W
8693983 L
8705861 D
8705861 D
8705861 W
8705861 L
8712017 D
8712017 D
8712017 W
8712017 L
8746063 D
8746063 D
8746063 W
8746063 L
8778629 D
8778629 D
8778629 W
8778629 L
8818231 D
8818231 D
8818231 W
8818231 L
8834131 D
8834131 D
8834131 W
8834131 L
8883397 D
8883397 D
8883397 W
8883397 L
8890187 D
8890187 D
8890187 W
8890187 L
8892119 D
8892119 D
8892119 W
8892119 L
8910767 D
8910767 D
8910767 W
8910767 L
8924081 D
8924081 D
8924081 W
8924081 L
8936357 D
8936357 D
8936357 W
8936357 L
8936413 D
8936413 D
8936413 W
8936413 L
8937367 D
8937367 D
8937367 W
8937367 L
8942243 D
8942243 D
8942243 W
8942243 L
8954171 D
8954171 D
8954171 W
8954171 L
8954531 D
8954531 D
8954531 W
8954531 L
8980891 D
8980891 D
8980891 W
8980891 L
8986409 D
8986409 D
8986409 W
8986409 L
8987137 D
8987137 D
8987137 W
8987137 L
8999957 D
8999957 D
8999957 W
8999957 L
9006197 D
9006197 D
9006197 W
9006197 L
9010003 D
9010003 D
9010003 W
9010003 L
9021707 D
9021707 D
9021707 W
9021707 L
9033187 D
9033187 D
9033187 W
9033187 L
9069371 D
9069371 D
9069371 W
9069371 L
9077713 D
9077713 D
9077713 W
9077713 L
9120277 D
9120277 D
9120277 W
9120277 L
9139811 D
9139811 D
9139811 W
9139811 L
9152237 D
9152237 D
9152237 W
9152237 L
9152557 D
9152557 D
9152557 W
9152557 L
9160103 D
9160103 D
9160103 W
9160103 L
9190757 D
9190757 D
9190757 W
9190757 L
9195397 D
9195397 D
9195397 W
9195397 L
9197381 D
9197381 D
9197381 W
9197381 L
9215233 D
9215233 D
9215233 W
9215233 L
9225487 D
9225487 D
9225487 W
9225487 L
9229247 D
9229247 D
9229247 W
9229247 L
9252679 D
9252679 D
9252679 W
9252679 L
9255221 D
9255221 D
9255221 W
9255221 L
9260893 D
9260893 D
9260893 W
9260893 L
9288023 D
9288023 D
9288023 W
9288023 L
9302197 D
9302197 D
9302197 W
9302197 L
9312707 D
9312707 D
9312707 W
9312707 L
9339193 D
9339193 D
9339193 W
9339193 L
9340897 D
9340897 D
9340897 W
9340897 L
9355721 D
9355721 D
9355721 W
9355721 L
9379297 D
9379297 D
9379297 W
9379297 L
9384251 D
9384251 D
9384251 W
9384251 L
9388507 D
9388507 D
9388507 W
9388507 L
9391639 D
9391639 D
9391639 W
9391639 L
9394967 D
9394967 D
9394967 W
9394967 L
9413927 D
9413927 D
9413927 W
9413927 L
9446597 D
9446597 D
9446597 W
9446597 L
9462151 D
9462151 D
9462151 W
9462151 L
9482219 D
9482219 D
9482219 W
9482219 L
9542749 D
9542749 D
9542749 W
9542749 L
9557651 D
9557651 D
9557651 W
9557651 L
9567647 D
9567647 D
9567647 W
9567647 L
9572869 D
9572869 D
9572869 W
9572869 L
9579671 D
9579671 D
9579671 W
9579671 L
9584507 D
9584507 D
9584507 W
9584507 L
9633623 D
9633623 D
9633623 W
9633623 L
9640667 D
9640667 D
9640667 W
9640667 L
9666347 D
9666347 D
9666347 W
9666347 L
9688517 D
9688517 D
9688517 W
9688517 L
9699763 D
9699763 D
9699763 W
9699763 L
9705847 D
9705847 D
9705847 W
9705847 L
9723941 D
9723941 D
9723941 W
9723941 L
9735437 D
9735437 D
9735437 W
9735437 L
9743633 D
9743633 D
9743633 W
9743633 L
9748019 D
9748019 D
9748019 W
9748019 L
9757873 D
9757873 D
9757873 W
9757873 L
9766843 D
9766843 D
9766843 W
9766843 L
9794639 D
9794639 D
9794639 W
9794639 L
9801271 D
9801271 D
9801271 W
9801271 L
9809143 D
9809143 D
9809143 W
9809143 L
9814429 D
9814429 D
9814429 W
9814429 L
9826237 D
9826237 D
9826237 W
9826237 L
9868561 D
9868561 D
9868561 W
9868561 L
9900893 D
9900893 D
9900893 W
9900893 L
9912121 D
9912121 D
9912121 W
9912121 L
9917569 D
9917569 D
9917569 W
9917569 L
9971407 D
9971407 D
9971407 W
9971407 L
9989569 D
9989569 D
9989569 W
9989569 L
