3191
2 W
2 W
2 W
2 W
2 W
2 W
2 W
2 W
2 W
2 W
2 W
2 W
2 W
2 W
2 W
2 W
2 W
2 W
2 W
2 W
2 W
2 W
2 W
2 W
2 W
2 W
2 W
2 W
2 W
2 W
2 W
3 W
3 W
3 W
3 W
3 W
3 W
3 W
3 W
3 W
3 W
3 W
3 W
3 W
3 W
3 D
3 W
5 W
5 W
5 W
5 D
5 W
7 W
7 W
7 W
7 W
7 W
11 W
11 W
11 D
11 W
13 W
13 D
13 W
17 W
17 W
17 W
17 D
17 W
19 W
23 D
23 W
29 D
29 W
31 D
31 W
37 D
37 W
43 D
43 W
47 D
47 W
59 D
59 W
83 D
83 W
101 D
101 W
113 D
113 W
127 D
127 W
179 D
179 W
181 W
193 D
193 W
197 D
197 W
199 D
199 W
211 D
211 W
277 D
277 W
313 D
313 W
337 W
337 D
337 W
367 D
367 W
499 D
499 W
631 D
631 W
701 W
839 D
839 W
859 D
859 W
1021 D
1021 W
1063 D
1063 W
1583 D
1583 W
1709 D
1709 W
1933 D
1933 W
2659 D
2659 W
4481 D
4481 W
5153 D
5153 W
5581 D
5581 W
5641 D
5641 W
6089 D
6089 W
6121 D
6121 W
6481 D
6481 W
6637 D
6637 W
9491 D
9491 W
13679 D
13679 W
14341 D
14341 W
15877 D
15877 W
23497 D
23497 W
23509 D
23509 W
23971 D
23971 W
35291 D
35291 W
68993 D
68993 W
75553 D
75553 W
94099 D
94099 W
111833 D
111833 W
120737 D
120737 W
134731 D
134731 W
140909 D
140909 W
209927 D
209927 W
255587 D
255587 W
263927 D
263927 W
274837 D
274837 W
357389 D
357389 W
407273 D
407273 W
412481 D
412481 W
775241 D
775241 W
1358363 D
1358363 W
2358143 D
2358143 W
2501461 D
2501461 W
3850813 D
3850813 W
5019031 D
5019031 W
5019569 D
5019569 W
5060899 D
5060899 W
5067871 D
5067871 W
5110549 D
5110549 W
5120539 D
5120539 W
5140673 D
5140673 W
5140997 D
5140997 W
5141369 D
5141369 W
5150617 D
5150617 W
5167471 D
5167471 W
5179997 D
5179997 W
5189567 D
5189567 W
5196473 D
5196473 W
5229611 D
5229611 W
5283001 D
5283001 W
5284481 D
5284481 W
5288749 D
5288749 W
5333347 D
5333347 W
5347483 D
5347483 W
5397731 D
5397731 W
5408791 D
5408791 W
5423839 D
5423839 W
5430443 D
5430443 W
5437151 D
5437151 W
5439359 D
5439359 W
5505151 D
5505151 W
5526839 D
5526839 W
5594027 D
5594027 W
5606723 D
5606723 W
5613169 D
5613169 W
5651593 D
5651593 W
5653757 D
5653757 W
5686427 D
5686427 W
5717939 D
5717939 W
5770757 D
5770757 W
5783497 D
5783497 W
5793091 D
5793091 W
5793971 D
5793971 W
5794631 D
5794631 W
5811121 D
5811121 W
5823611 D
5823611 W
5826547 D
5826547 W
5844581 D
5844581 W
5919437 D
5919437 W
5936713 D
5936713 W
5937949 D
5937949 W
5940551 D
5940551 W
5993761 D
5993761 W
6004241 D
6004241 W
6024017 D
6024017 W
6030919 D
6030919 W
6074359 D
6074359 W
6114149 D
6114149 W
6133199 D
6133199 W
6136919 D
6136919 W
6143573 D
6143573 W
6148691 D
6148691 W
6148897 D
6148897 W
6173009 D
6173009 W
6175711 D
6175711 W
6197959 D
6197959 W
6226687 D
6226687 W
6230599 D
6230599 W
6235189 D
6235189 W
6241693 D
6241693 W
6243161 D
6243161 W
6262679 D
6262679 W
6280031 D
6280031 W
6294487 D
6294487 W
6316837 D
6316837 W
6331253 D
6331253 W
6341219 D
6341219 W
6365053 D
6365053 W
6386671 D
6386671 W
6421799 D
6421799 W
6428969 D
6428969 W
6435581 D
6435581 W
6447391 D
6447391 W
6448231 D
6448231 W
6456733 D
6456733 W
6459979 D
6459979 W
6484001 D
6484001 W
6501791 D
6501791 W
6524407 D
6524407 W
6531797 D
6531797 W
6553951 D
6553951 W
6566617 D
6566617 W
6621911 D
6621911 W
6623371 D
6623371 W
6639533 D
6639533 W
6680549 D
6680549 W
6687869 D
6687869 W
6705659 D
6705659 W
6716009 D
6716009 W
6722161 D
6722161 W
6757589 D
6757589 W
6772039 D
6772039 W
6778939 D
6778939 W
6792629 D
6792629 W
6842357 D
6842357 W
6845353 D
6845353 W
6845983 D
6845983 W
6852077 D
6852077 W
6877771 D
6877771 W
6887381 D
6887381 W
6909017 D
6909017 W
6918343 D
6918343 W
6942721 D
6942721 W
6943397 D
6943397 W
6944471 D
6944471 W
6966319 D
6966319 W
7062527 D
7062527 W
7076933 D
7076933 W
7078301 D
7078301 W
7159589 D
7159589 W
7182863 D
7182863 W
7190219 D
7190219 W
7203611 D
7203611 W
7203929 D
7203929 W
7242661 D
7242661 W
7288049 D
7288049 W
7313297 D
7313297 W
7330177 D
7330177 W
7382593 D
7382593 W
7427221 D
7427221 W
7437091 D
7437091 W
7452019 D
7452019 W
7462853 D
7462853 W
7466887 D
7466887 W
7546241 D
7546241 W
7569071 D
7569071 W
7571563 D
7571563 W
7593701 D
7593701 W
7600757 D
7600757 W
7606009 D
7606009 W
7612907 D
7612907 W
7644919 D
7644919 W
7651949 D
7651949 W
7666357 D
7666357 W
7695871 D
7695871 W
7702103 D
7702103 W
7724201 D
7724201 W
7724261 D
7724261 W
7739903 D
7739903 W
7740097 D
7740097 W
7742069 D
7742069 W
7774037 D
7774037 W
7778413 D
7778413 W
7838029 D
7838029 W
7875911 D
7875911 W
7880317 D
7880317 W
7892111 D
7892111 W
7917827 D
7917827 W
7920371 D
7920371 W
7923271 D
7923271 W
7970551 D
7970551 W
7978367 D
7978367 W
7983473 D
7983473 W
8078297 D
8078297 W
8086391 D
8086391 W
8107423 D
8107423 W
8123837 D
8123837 W
8137411 D
8137411 W
8169989 D
8169989 W
8188559 D
8188559 W
8193079 D
8193079 W
8299121 D
8299121 W
8327609 D
8327609 W
8330549 D
8330549 W
8330851 D
8330851 W
8368207 D
8368207 W
8380543 D
8380543 W
8434427 D
8434427 W
8448527 D
8448527 W
8455483 D
8455483 W
8459069 D
8459069 W
8569567 D
8569567 W
8621857 D
8621857 W
8623073 D
8623073 W
8688167 D
8688167 W
8696693 D
8696693 W
8804941 D
8804941 W
8823013 D
8823013 W
8851243 D
8851243 W
8864477 D
8864477 W
8879743 D
8879743 W
8915419 D
8915419 W
8920097 D
8920097 W
8941973 D
8941973 W
8947643 D
8947643 W
8990617 D
8990617 W
9002087 D
9002087 W
9049727 D
9049727 W
9072727 D
9072727 W
9082841 D
9082841 W
9083077 D
9083077 W
9086437 D
9086437 W
9094441 D
9094441 W
9109129 D
9109129 W
9116197 D
9116197 W
9136703 D
9136703 W
9171961 D
9171961 W
9212507 D
9212507 W
9246767 D
9246767 W
9256187 D
9256187 W
9256277 D
9256277 W
9260441 D
9260441 W
9282877 D
9282877 W
9315869 D
9315869 W
9337667 D
9337667 W
9366283 D
9366283 W
9366293 D
9366293 W
9397643 D
9397643 W
9427039 D
9427039 W
9436657 D
9436657 W
9507079 D
9507079 W
9536773 D
9536773 W
9541109 D
9541109 W
9579457 D
9579457 W
9614419 D
9614419 W
9618589 D
9618589 W
9618701 D
9618701 W
9642173 D
9642173 W
9668899 D
9668899 W
9698173 D
9698173 W
9720203 D
9720203 W
9743779 D
9743779 W
9753701 D
9753701 W
9769979 D
9769979 W
9771661 D
9771661 W
9774971 D
9774971 W
9777491 D
9777491 W
9790639 D
9790639 W
9793261 D
9793261 W
9803863 D
9803863 W
9820633 D
9820633 W
9856403 D
9856403 W
9864397 D
9864397 W
9869957 D
9869957 W
9921983 D
9921983 W
9943207 D
9943207 W
2 L
2 L
2 L
2 L
2 L
2 L
2 L
2 L
2 L
2 L
2 L
2 L
2 L
2 L
2 L
2 L
2 L
2 L
2 L
2 L
2 L
2 L
2 L
2 L
2 L
2 L
2 L
2 L
2 L
2 L
2 L
2 L
2 L
2 L
2 L
2 L
2 L
2 L
2 L
2 L
2 L
2 L
2 L
2 L
2 L
3 L
3 L
3 L
3 L
3 L
3 L
3 L
3 L
3 L
3 L
3 L
3 L
3 L
3 L
3 L
3 D
3 D
3 W
3 L
5 L
5 L
5 L
5 L
5 L
5 L
5 L
5 L
5 L
5 D
5 D
5 W
5 L
7 L
7 L
7 L
7 L
7 L
7 D
7 D
7 W
7 L
11 L
11 L
13 L
13 L
13 L
13 L
17 L
17 L
19 L
19 L
19 L
23 L
23 L
23 D
23 D
23 W
23 L
29 L
29 L
31 D
31 D
31 W
31 L
37 L
43 L
47 L
47 D
47 D
47 W
47 L
53 D
53 D
53 W
53 L
59 L
59 L
67 D
67 D
67 W
67 L
73 L
79 D
79 D
79 W
79 L
83 D
83 D
83 W
83 L
89 D
89 D
89 W
89 L
97 D
97 D
97 W
97 L
101 D
101 D
101 W
101 L
107 L
113 D
113 D
113 W
113 L
127 L
149 D
149 D
149 W
149 L
157 D
157 D
157 W
157 L
163 D
163 D
163 W
163 L
167 D
167 D
167 W
167 L
179 D
179 D
179 W
179 L
181 L
191 L
193 D
193 D
193 W
193 L
197 D
197 D
197 W
197 L
199 D
199 D
199 W
199 L
211 D
211 D
211 W
211 L
229 L
241 D
241 D
241 W
241 L
251 D
251 D
251 W
251 L
263 D
263 D
263 W
263 L
277 D
277 D
277 W
277 L
283 D
283 D
283 W
283 L
311 D
311 D
311 W
311 L
313 D
313 D
313 W
313 L
337 L
359 D
359 D
359 W
359 L
367 D
367 D
367 W
367 L
379 D
379 D
379 W
379 L
383 D
383 D
383 W
383 L
499 D
499 D
499 W
499 L
569 D
569 D
569 W
569 L
571 D
571 D
571 W
571 L
631 D
631 D
631 W
631 L
701 D
701 D
701 W
701 L
797 L
839 D
839 D
839 W
839 L
859 D
859 D
859 W
859 L
883 D
883 D
883 W
883 L
1009 D
1009 D
1009 W
1009 L
1021 D
1021 D
1021 W
1021 L
1031 L
1063 D
1063 D
1063 W
1063 L
1193 D
1193 D
1193 W
1193 L
1213 D
1213 D
1213 W
1213 L
1231 D
1231 D
1231 W
1231 L
1297 D
1297 D
1297 W
1297 L
1361 D
1361 D
1361 W
1361 L
1583 D
1583 D
1583 W
1583 L
1709 D
1709 D
1709 W
1709 L
1933 L
2659 D
2659 D
2659 W
2659 L
4153 D
4153 D
4153 W
4153 L
4409 D
4409 D
4409 W
4409 L
4481 D
4481 D
4481 W
4481 L
4483 D
4483 D
4483 W
4483 L
4679 D
4679 D
4679 W
4679 L
4751 D
4751 D
4751 W
4751 L
5153 D
5153 D
5153 W
5153 L
5581 D
5581 D
5581 W
5581 L
5641 D
5641 D
5641 W
5641 L
6089 D
6089 D
6089 W
6089 L
6121 D
6121 D
6121 W
6121 L
6481 D
6481 D
6481 W
6481 L
6637 D
6637 D
6637 W
6637 L
7507 D
7507 D
7507 W
7507 L
8237 D
8237 D
8237 W
8237 L
9421 D
9421 D
9421 W
9421 L
9491 D
9491 D
9491 W
9491 L
11369 D
11369 D
11369 W
11369 L
11959 D
11959 D
11959 W
11959 L
13679 D
13679 D
13679 W
13679 L
14341 D
14341 D
14341 W
14341 L
15877 D
15877 D
15877 W
15877 L
23497 D
23497 D
23497 W
23497 L
23509 D
23509 D
23509 W
23509 L
23971 D
23971 D
23971 W
23971 L
26141 D
26141 D
26141 W
26141 L
35291 D
35291 D
35291 W
35291 L
41479 D
41479 D
41479 W
41479 L
68993 D
68993 D
68993 W
68993 L
74821 D
74821 D
74821 W
74821 L
75553 D
75553 D
75553 W
75553 L
82469 D
82469 D
82469 W
82469 L
94099 D
94099 D
94099 W
94099 L
111833 D
111833 D
111833 W
111833 L
120737 D
120737 D
120737 W
120737 L
134731 D
134731 D
134731 W
134731 L
136193 D
136193 D
136193 W
136193 L
140909 D
140909 D
140909 W
140909 L
144299 D
144299 D
144299 W
144299 L
171707 D
171707 D
171707 W
171707 L
209927 D
209927 D
209927 W
209927 L
238531 D
238531 D
238531 W
238531 L
255587 D
255587 D
255587 W
255587 L
263927 D
263927 D
263927 W
263927 L
274837 D
274837 D
274837 W
274837 L
357389 D
357389 D
357389 W
357389 L
404597 D
404597 D
404597 W
404597 L
407273 D
407273 D
407273 W
407273 L
412481 D
412481 D
412481 W
412481 L
431311 D
431311 D
431311 W
431311 L
475639 D
475639 D
475639 W
475639 L
489913 D
489913 D
489913 W
489913 L
543967 D
543967 D
543967 W
543967 L
775241 D
775241 D
775241 W
775241 L
993821 D
993821 D
993821 W
993821 L
1232831 D
1232831 D
1232831 W
1232831 L
1358363 D
1358363 D
1358363 W
1358363 L
1528441 D
1528441 D
1528441 W
1528441 L
1551157 D
1551157 D
1551157 W
1551157 L
1843201 D
1843201 D
1843201 W
1843201 L
2358143 D
2358143 D
2358143 W
2358143 L
2501461 D
2501461 D
2501461 W
2501461 L
2545561 D
2545561 D
2545561 W
2545561 L
3297911 D
3297911 D
3297911 W
3297911 L
3340201 D
3340201 D
3340201 W
3340201 L
3850813 D
3850813 D
3850813 W
3850813 L
4106807 D
4106807 D
4106807 W
4106807 L
4155919 D
4155919 D
4155919 W
4155919 L
4977691 D
4977691 D
4977691 W
4977691 L
5019031 D
5019031 D
5019031 W
5019031 L
5019569 D
5019569 D
5019569 W
5019569 L
5054069 D
5054069 D
5054069 W
5054069 L
5060899 D
5060899 D
5060899 W
5060899 L
5066639 D
5066639 D
5066639 W
5066639 L
5066717 D
5066717 D
5066717 W
5066717 L
5067871 D
5067871 D
5067871 W
5067871 L
5084423 D
5084423 D
5084423 W
5084423 L
5110549 D
5110549 D
5110549 W
5110549 L
5120539 D
5120539 D
5120539 W
5120539 L
5130017 D
5130017 D
5130017 W
5130017 L
5132773 D
5132773 D
5132773 W
5132773 L
5140673 D
5140673 D
5140673 W
5140673 L
5140997 D
5140997 D
5140997 W
5140997 L
5141369 D
5141369 D
5141369 W
5141369 L
5150617 D
5150617 D
5150617 W
5150617 L
5156383 D
5156383 D
5156383 W
5156383 L
5167471 D
5167471 D
5167471 W
5167471 L
5179997 D
5179997 D
5179997 W
5179997 L
5189567 D
5189567 D
5189567 W
5189567 L
5196473 D
5196473 D
5196473 W
5196473 L
5202359 D
5202359 D
5202359 W
5202359 L
5208739 D
5208739 D
5208739 W
5208739 L
5229611 D
5229611 D
5229611 W
5229611 L
5264089 D
5264089 D
5264089 W
5264089 L
5283001 D
5283001 D
5283001 W
5283001 L
5284481 D
5284481 D
5284481 W
5284481 L
5288749 D
5288749 D
5288749 W
5288749 L
5301679 D
5301679 D
5301679 W
5301679 L
5331787 D
5331787 D
5331787 W
5331787 L
5333347 D
5333347 D
5333347 W
5333347 L
5342593 D
5342593 D
5342593 W
5342593 L
5347483 D
5347483 D
5347483 W
5347483 L
5397731 D
5397731 D
5397731 W
5397731 L
5400743 D
5400743 D
5400743 W
5400743 L
5408791 D
5408791 D
5408791 W
5408791 L
5423839 D
5423839 D
5423839 W
5423839 L
5430443 D
5430443 D
5430443 W
5430443 L
5431813 D
5431813 D
5431813 W
5431813 L
5437151 D
5437151 D
5437151 W
5437151 L
5439359 D
5439359 D
5439359 W
5439359 L
5457653 D
5457653 D
5457653 W
5457653 L
5466983 D
5466983 D
5466983 W
5466983 L
5503657 D
5503657 D
5503657 W
5503657 L
5505151 D
5505151 D
5505151 W
5505151 L
5510189 D
5510189 D
5510189 W
5510189 L
5513437 D
5513437 D
5513437 W
5513437 L
5517053 D
5517053 D
5517053 W
5517053 L
5526839 D
5526839 D
5526839 W
5526839 L
5591813 D
5591813 D
5591813 W
5591813 L
5594027 D
5594027 D
5594027 W
5594027 L
5595451 D
5595451 D
5595451 W
5595451 L
5598071 D
5598071 D
5598071 W
5598071 L
5598679 D
5598679 D
5598679 W
5598679 L
5606723 D
5606723 D
5606723 W
5606723 L
5613169 D
5613169 D
5613169 W
5613169 L
5613763 D
5613763 D
5613763 W
5613763 L
5637173 D
5637173 D
5637173 W
5637173 L
5640683 D
5640683 D
5640683 W
5640683 L
5651593 D
5651593 D
5651593 W
5651593 L
5653169 D
5653169 D
5653169 W
5653169 L
5653757 D
5653757 D
5653757 W
5653757 L
5686427 D
5686427 D
5686427 W
5686427 L
5688547 D
5688547 D
5688547 W
5688547 L
5690693 D
5690693 D
5690693 W
5690693 L
5700347 D
5700347 D
5700347 W
5700347 L
5717939 D
5717939 D
5717939 W
5717939 L
5770757 D
5770757 D
5770757 W
5770757 L
5783497 D
5783497 D
5783497 W
5783497 L
5783749 D
5783749 D
5783749 W
5783749 L
5793091 D
5793091 D
5793091 W
5793091 L
5793971 D
5793971 D
5793971 W
5793971 L
5794631 D
5794631 D
5794631 W
5794631 L
5803283 D
5803283 D
5803283 W
5803283 L
5811121 D
5811121 D
5811121 W
5811121 L
5817533 D
5817533 D
5817533 W
5817533 L
5823611 D
5823611 D
5823611 W
5823611 L
5826547 D
5826547 D
5826547 W
5826547 L
5844581 D
5844581 D
5844581 W
5844581 L
5864633 D
5864633 D
5864633 W
5864633 L
5906189 D
5906189 D
5906189 W
5906189 L
5907607 D
5907607 D
5907607 W
5907607 L
5919437 D
5919437 D
5919437 W
5919437 L
5936713 D
5936713 D
5936713 W
5936713 L
5937949 D
5937949 D
5937949 W
5937949 L
5940551 D
5940551 D
5940551 W
5940551 L
5942161 D
5942161 D
5942161 W
5942161 L
5950753 D
5950753 D
5950753 W
5950753 L
5990423 D
5990423 D
5990423 W
5990423 L
5990659 D
5990659 D
5990659 W
5990659 L
5993761 D
5993761 D
5993761 W
5993761 L
5996327 D
5996327 D
5996327 W
5996327 L
5998957 D
5998957 D
5998957 W
5998957 L
6004241 D
6004241 D
6004241 W
6004241 L
6020327 D
6020327 D
6020327 W
6020327 L
6024017 D
6024017 D
6024017 W
6024017 L
6029831 D
6029831 D
6029831 W
6029831 L
6030919 D
6030919 D
6030919 W
6030919 L
6041929 D
6041929 D
6041929 W
6041929 L
6074359 D
6074359 D
6074359 W
6074359 L
6088109 D
6088109 D
6088109 W
6088109 L
6114149 D
6114149 D
6114149 W
6114149 L
6123017 D
6123017 D
6123017 W
6123017 L
6133199 D
6133199 D
6133199 W
6133199 L
6136919 D
6136919 D
6136919 W
6136919 L
6142207 D
6142207 D
6142207 W
6142207 L
6143573 D
6143573 D
6143573 W
6143573 L
6148691 D
6148691 D
6148691 W
6148691 L
6148897 D
6148897 D
6148897 W
6148897 L
6148999 D
6148999 D
6148999 W
6148999 L
6152537 D
6152537 D
6152537 W
6152537 L
6173009 D
6173009 D
6173009 W
6173009 L
6173051 D
6173051 D
6173051 W
6173051 L
6175711 D
6175711 D
6175711 W
6175711 L
6197959 D
6197959 D
6197959 W
6197959 L
6226687 D
6226687 D
6226687 W
6226687 L
6230599 D
6230599 D
6230599 W
6230599 L
6235189 D
6235189 D
6235189 W
6235189 L
6241693 D
6241693 D
6241693 W
6241693 L
6242261 D
6242261 D
6242261 W
6242261 L
6243161 D
6243161 D
6243161 W
6243161 L
6248521 D
6248521 D
6248521 W
6248521 L
6250987 D
6250987 D
6250987 W
6250987 L
6261919 D
6261919 D
6261919 W
6261919 L
6262679 D
6262679 D
6262679 W
6262679 L
6280031 D
6280031 D
6280031 W
6280031 L
6284633 D
6284633 D
6284633 W
6284633 L
6287111 D
6287111 D
6287111 W
6287111 L
6294487 D
6294487 D
6294487 W
6294487 L
6316837 D
6316837 D
6316837 W
6316837 L
6324037 D
6324037 D
6324037 W
6324037 L
6325321 D
6325321 D
6325321 W
6325321 L
6326129 D
6326129 D
6326129 W
6326129 L
6330257 D
6330257 D
6330257 W
6330257 L
6331253 D
6331253 D
6331253 W
6331253 L
6334879 D
6334879 D
6334879 W
6334879 L
6339209 D
6339209 D
6339209 W
6339209 L
6341219 D
6341219 D
6341219 W
6341219 L
6356551 D
6356551 D
6356551 W
6356551 L
6365053 D
6365053 D
6365053 W
6365053 L
6381343 D
6381343 D
6381343 W
6381343 L
6386671 D
6386671 D
6386671 W
6386671 L
6390407 D
6390407 D
6390407 W
6390407 L
6406639 D
6406639 D
6406639 W
6406639 L
6416831 D
6416831 D
6416831 W
6416831 L
6421799 D
6421799 D
6421799 W
6421799 L
6428969 D
6428969 D
6428969 W
6428969 L
6435581 D
6435581 D
6435581 W
6435581 L
6447391 D
6447391 D
6447391 W
6447391 L
6448231 D
6448231 D
6448231 W
6448231 L
6456733 D
6456733 D
6456733 W
6456733 L
6459979 D
6459979 D
6459979 W
6459979 L
6484001 D
6484001 D
6484001 W
6484001 L
6501791 D
6501791 D
6501791 W
6501791 L
6524407 D
6524407 D
6524407 W
6524407 L
6526217 D
6526217 D
6526217 W
6526217 L
6531797 D
6531797 D
6531797 W
6531797 L
6553951 D
6553951 D
6553951 W
6553951 L
6562559 D
6562559 D
6562559 W
6562559 L
6563021 D
6563021 D
6563021 W
6563021 L
6565681 D
6565681 D
6565681 W
6565681 L
6566617 D
6566617 D
6566617 W
6566617 L
6594457 D
6594457 D
6594457 W
6594457 L
6621911 D
6621911 D
6621911 W
6621911 L
6623371 D
6623371 D
6623371 W
6623371 L
6624589 D
6624589 D
6624589 W
6624589 L
6639533 D
6639533 D
6639533 W
6639533 L
6648517 D
6648517 D
6648517 W
6648517 L
6667523 D
6667523 D
6667523 W
6667523 L
6680137 D
6680137 D
6680137 W
6680137 L
6680549 D
6680549 D
6680549 W
6680549 L
6687869 D
6687869 D
6687869 W
6687869 L
6705659 D
6705659 D
6705659 W
6705659 L
6716009 D
6716009 D
6716009 W
6716009 L
6722161 D
6722161 D
6722161 W
6722161 L
6741953 D
6741953 D
6741953 W
6741953 L
6757589 D
6757589 D
6757589 W
6757589 L
6772039 D
6772039 D
6772039 W
6772039 L
6778147 D
6778147 D
6778147 W
6778147 L
6778939 D
6778939 D
6778939 W
6778939 L
6781501 D
6781501 D
6781501 W
6781501 L
6792629 D
6792629 D
6792629 W
6792629 L
6795421 D
6795421 D
6795421 W
6795421 L
6799003 D
6799003 D
6799003 W
6799003 L
6820739 D
6820739 D
6820739 W
6820739 L
6832747 D
6832747 D
6832747 W
6832747 L
6833297 D
6833297 D
6833297 W
6833297 L
6842357 D
6842357 D
6842357 W
6842357 L
6845353 D
6845353 D
6845353 W
6845353 L
6845983 D
6845983 D
6845983 W
6845983 L
6847487 D
6847487 D
6847487 W
6847487 L
6852077 D
6852077 D
6852077 W
6852077 L
6877771 D
6877771 D
6877771 W
6877771 L
6883729 D
6883729 D
6883729 W
6883729 L
6884639 D
6884639 D
6884639 W
6884639 L
6887381 D
6887381 D
6887381 W
6887381 L
6889921 D
6889921 D
6889921 W
6889921 L
6908711 D
6908711 D
6908711 W
6908711 L
6909017 D
6909017 D
6909017 W
6909017 L
6913987 D
6913987 D
6913987 W
6913987 L
6918343 D
6918343 D
6918343 W
6918343 L
6942721 D
6942721 D
6942721 W
6942721 L
6943397 D
6943397 D
6943397 W
6943397 L
6944471 D
6944471 D
6944471 W
6944471 L
6966319 D
6966319 D
6966319 W
6966319 L
7001851 D
7001851 D
7001851 W
7001851 L
7053367 D
7053367 D
7053367 W
7053367 L
7062527 D
7062527 D
7062527 W
7062527 L
7065229 D
7065229 D
7065229 W
7065229 L
7067377 D
7067377 D
7067377 W
7067377 L
7076933 D
7076933 D
7076933 W
7076933 L
7078301 D
7078301 D
7078301 W
7078301 L
7078921 D
7078921 D
7078921 W
7078921 L
7087897 D
7087897 D
7087897 W
7087897 L
7123279 D
7123279 D
7123279 W
7123279 L
7130731 D
7130731 D
7130731 W
7130731 L
7131629 D
7131629 D
7131629 W
7131629 L
7146521 D
7146521 D
7146521 W
7146521 L
7159589 D
7159589 D
7159589 W
7159589 L
7164499 D
7164499 D
7164499 W
7164499 L
7170679 D
7170679 D
7170679 W
7170679 L
7182863 D
7182863 D
7182863 W
7182863 L
7187363 D
7187363 D
7187363 W
7187363 L
7190219 D
7190219 D
7190219 W
7190219 L
7203611 D
7203611 D
7203611 W
7203611 L
7203929 D
7203929 D
7203929 W
7203929 L
7205041 D
7205041 D
7205041 W
7205041 L
7219727 D
7219727 D
7219727 W
7219727 L
7242661 D
7242661 D
7242661 W
7242661 L
7288049 D
7288049 D
7288049 W
7288049 L
7313297 D
7313297 D
7313297 W
7313297 L
7320211 D
7320211 D
7320211 W
7320211 L
7330177 D
7330177 D
7330177 W
7330177 L
7342679 D
7342679 D
7342679 W
7342679 L
7364017 D
7364017 D
7364017 W
7364017 L
7365401 D
7365401 D
7365401 W
7365401 L
7374569 D
7374569 D
7374569 W
7374569 L
7382593 D
7382593 D
7382593 W
7382593 L
7405061 D
7405061 D
7405061 W
7405061 L
7407641 D
7407641 D
7407641 W
7407641 L
7410961 D
7410961 D
7410961 W
7410961 L
7427221 D
7427221 D
7427221 W
7427221 L
7435709 D
7435709 D
7435709 W
7435709 L
7437091 D
7437091 D
7437091 W
7437091 L
7443367 D
7443367 D
7443367 W
7443367 L
7452019 D
7452019 D
7452019 W
7452019 L
7462853 D
7462853 D
7462853 W
7462853 L
7466887 D
7466887 D
7466887 W
7466887 L
7477667 D
7477667 D
7477667 W
7477667 L
7539431 D
7539431 D
7539431 W
7539431 L
7546241 D
7546241 D
7546241 W
7546241 L
7569071 D
7569071 D
7569071 W
7569071 L
7571563 D
7571563 D
7571563 W
7571563 L
7593701 D
7593701 D
7593701 W
7593701 L
7599533 D
7599533 D
7599533 W
7599533 L
7600757 D
7600757 D
7600757 W
7600757 L
7606009 D
7606009 D
7606009 W
7606009 L
7612907 D
7612907 D
7612907 W
7612907 L
7613831 D
7613831 D
7613831 W
7613831 L
7617341 D
7617341 D
7617341 W
7617341 L
7644919 D
7644919 D
7644919 W
7644919 L
7651949 D
7651949 D
7651949 W
7651949 L
7666357 D
7666357 D
7666357 W
7666357 L
7695871 D
7695871 D
7695871 W
7695871 L
7702103 D
7702103 D
7702103 W
7702103 L
7724201 D
7724201 D
7724201 W
7724201 L
7724261 D
7724261 D
7724261 W
7724261 L
7739903 D
7739903 D
7739903 W
7739903 L
7740097 D
7740097 D
7740097 W
7740097 L
7742069 D
7742069 D
7742069 W
7742069 L
7774037 D
7774037 D
7774037 W
7774037 L
7778413 D
7778413 D
7778413 W
7778413 L
7810643 D
7810643 D
7810643 W
7810643 L
7825247 D
7825247 D
7825247 W
7825247 L
7838029 D
7838029 D
7838029 W
7838029 L
7838969 D
7838969 D
7838969 W
7838969 L
7847699 D
7847699 D
7847699 W
7847699 L
7852261 D
7852261 D
7852261 W
7852261 L
7863521 D
7863521 D
7863521 W
7863521 L
7875911 D
7875911 D
7875911 W
7875911 L
7880317 D
7880317 D
7880317 W
7880317 L
7892111 D
7892111 D
7892111 W
7892111 L
7892603 D
7892603 D
7892603 W
7892603 L
7897907 D
7897907 D
7897907 W
7897907 L
7907447 D
7907447 D
7907447 W
7907447 L
7916809 D
7916809 D
7916809 W
7916809 L
7917827 D
7917827 D
7917827 W
7917827 L
7918643 D
7918643 D
7918643 W
7918643 L
7920371 D
7920371 D
7920371 W
7920371 L
7923271 D
7923271 D
7923271 W
7923271 L
7927169 D
7927169 D
7927169 W
7927169 L
7933769 D
7933769 D
7933769 W
7933769 L
7943293 D
7943293 D
7943293 W
7943293 L
7944227 D
7944227 D
7944227 W
7944227 L
7970551 D
7970551 D
7970551 W
7970551 L
7978367 D
7978367 D
7978367 W
7978367 L
7983473 D
7983473 D
7983473 W
7983473 L
7986647 D
7986647 D
7986647 W
7986647 L
8009461 D
8009461 D
8009461 W
8009461 L
8021681 D
8021681 D
8021681 W
8021681 L
8038271 D
8038271 D
8038271 W
8038271 L
8041379 D
8041379 D
8041379 W
8041379 L
8047771 D
8047771 D
8047771 W
8047771 L
8062009 D
8062009 D
8062009 W
8062009 L
8064761 D
8064761 D
8064761 W
8064761 L
8065117 D
8065117 D
8065117 W
8065117 L
8071033 D
8071033 D
8071033 W
8071033 L
8078297 D
8078297 D
8078297 W
8078297 L
8083861 D
8083861 D
8083861 W
8083861 L
8086063 D
8086063 D
8086063 W
8086063 L
8086391 D
8086391 D
8086391 W
8086391 L
8096203 D
8096203 D
8096203 W
8096203 L
8107423 D
8107423 D
8107423 W
8107423 L
8123837 D
8123837 D
8123837 W
8123837 L
8131241 D
8131241 D
8131241 W
8131241 L
8137411 D
8137411 D
8137411 W
8137411 L
8169989 D
8169989 D
8169989 W
8169989 L
8188559 D
8188559 D
8188559 W
8188559 L
8193079 D
8193079 D
8193079 W
8193079 L
8215247 D
8215247 D
8215247 W
8215247 L
8220733 D
8220733 D
8220733 W
8220733 L
8248507 D
8248507 D
8248507 W
8248507 L
8252399 D
8252399 D
8252399 W
8252399 L
8265197 D
8265197 D
8265197 W
8265197 L
8289647 D
8289647 D
8289647 W
8289647 L
8299121 D
8299121 D
8299121 W
8299121 L
8301823 D
8301823 D
8301823 W
8301823 L
8327609 D
8327609 D
8327609 W
8327609 L
8330549 D
8330549 D
8330549 W
8330549 L
8330851 D
8330851 D
8330851 W
8330851 L
8330857 D
8330857 D
8330857 W
8330857 L
8334367 D
8334367 D
8334367 W
8334367 L
8337221 D
8337221 D
8337221 W
8337221 L
8368207 D
8368207 D
8368207 W
8368207 L
8380543 D
8380543 D
8380543 W
8380543 L
8406631 D
8406631 D
8406631 W
8406631 L
8407649 D
8407649 D
8407649 W
8407649 L
8410057 D
8410057 D
8410057 W
8410057 L
8414443 D
8414443 D
8414443 W
8414443 L
8434427 D
8434427 D
8434427 W
8434427 L
8448527 D
8448527 D
8448527 W
8448527 L
8455483 D
8455483 D
8455483 W
8455483 L
8459069 D
8459069 D
8459069 W
8459069 L
8478149 D
8478149 D
8478149 W
8478149 L
8486039 D
8486039 D
8486039 W
8486039 L
8490457 D
8490457 D
8490457 W
8490457 L
8510011 D
8510011 D
8510011 W
8510011 L
8511383 D
8511383 D
8511383 W
8511383 L
8524279 D
8524279 D
8524279 W
8524279 L
8554789 D
8554789 D
8554789 W
8554789 L
8561057 D
8561057 D
8561057 W
8561057 L
8569567 D
8569567 D
8569567 W
8569567 L
8585807 D
8585807 D
8585807 W
8585807 L
8589041 D
8589041 D
8589041 W
8589041 L
8621857 D
8621857 D
8621857 W
8621857 L
8623073 D
8623073 D
8623073 W
8623073 L
8653157 D
8653157 D
8653157 W
8653157 L
8666891 D
8666891 D
8666891 W
8666891 L
8685683 D
8685683 D
8685683 W
8685683 L
8688167 D
8688167 D
8688167 W
8688167 L
8692681 D
8692681 D
8692681 W
8692681 L
8696693 D
8696693 D
8696693 W
8696693 L
8713307 D
8713307 D
8713307 W
8713307 L
8770193 D
8770193 D
8770193 W
8770193 L
8772781 D
8772781 D
8772781 W
8772781 L
8777173 D
8777173 D
8777173 W
8777173 L
8804539 D
8804539 D
8804539 W
8804539 L
8804941 D
8804941 D
8804941 W
8804941 L
8823013 D
8823013 D
8823013 W
8823013 L
8835763 D
8835763 D
8835763 W
8835763 L
8848187 D
8848187 D
8848187 W
8848187 L
8851243 D
8851243 D
8851243 W
8851243 L
8854843 D
8854843 D
8854843 W
8854843 L
8860673 D
8860673 D
8860673 W
8860673 L
8861519 D
8861519 D
8861519 W
8861519 L
8864477 D
8864477 D
8864477 W
8864477 L
8879743 D
8879743 D
8879743 W
8879743 L
8881997 D
8881997 D
8881997 W
8881997 L
8911547 D
8911547 D
8911547 W
8911547 L
8915419 D
8915419 D
8915419 W
8915419 L
8920097 D
8920097 D
8920097 W
8920097 L
8925583 D
8925583 D
8925583 W
8925583 L
8932181 D
8932181 D
8932181 W
8932181 L
8941973 D
8941973 D
8941973 W
8941973 L
8947643 D
8947643 D
8947643 W
8947643 L
8990617 D
8990617 D
8990617 W
8990617 L
9002087 D
9002087 D
9002087 W
9002087 L
9019147 D
9019147 D
9019147 W
9019147 L
9049727 D
9049727 D
9049727 W
9049727 L
9055763 D
9055763 D
9055763 W
9055763 L
9067637 D
9067637 D
9067637 W
9067637 L
9072727 D
9072727 D
9072727 W
9072727 L
9082841 D
9082841 D
9082841 W
9082841 L
9083077 D
9083077 D
9083077 W
9083077 L
9086437 D
9086437 D
9086437 W
9086437 L
9094441 D
9094441 D
9094441 W
9094441 L
9097303 D
9097303 D
9097303 W
9097303 L
9105119 D
9105119 D
9105119 W
9105119 L
9108709 D
9108709 D
9108709 W
9108709 L
9109129 D
9109129 D
9109129 W
9109129 L
9116197 D
9116197 D
9116197 W
9116197 L
9128017 D
9128017 D
9128017 W
9128017 L
9136703 D
9136703 D
9136703 W
9136703 L
9163169 D
9163169 D
9163169 W
9163169 L
9171961 D
9171961 D
9171961 W
9171961 L
9212507 D
9212507 D
9212507 W
9212507 L
9244031 D
9244031 D
9244031 W
9244031 L
9246767 D
9246767 D
9246767 W
9246767 L
9249671 D
9249671 D
9249671 W
9249671 L
9256187 D
9256187 D
9256187 W
9256187 L
9256277 D
9256277 D
9256277 W
9256277 L
9260441 D
9260441 D
9260441 W
9260441 L
9265411 D
9265411 D
9265411 W
9265411 L
9282877 D
9282877 D
9282877 W
9282877 L
9283069 D
9283069 D
9283069 W
9283069 L
9315869 D
9315869 D
9315869 W
9315869 L
9335519 D
9335519 D
9335519 W
9335519 L
9337667 D
9337667 D
9337667 W
9337667 L
9358709 D
9358709 D
9358709 W
9358709 L
9366283 D
9366283 D
9366283 W
9366283 L
9366293 D
9366293 D
9366293 W
9366293 L
9369751 D
9369751 D
9369751 W
9369751 L
9391847 D
9391847 D
9391847 W
9391847 L
9393019 D
9393019 D
9393019 W
9393019 L
9397643 D
9397643 D
9397643 W
9397643 L
9410861 D
9410861 D
9410861 W
9410861 L
9427039 D
9427039 D
9427039 W
9427039 L
9436657 D
9436657 D
9436657 W
9436657 L
9437231 D
9437231 D
9437231 W
9437231 L
9465931 D
9465931 D
9465931 W
9465931 L
9493529 D
9493529 D
9493529 W
9493529 L
9507079 D
9507079 D
9507079 W
9507079 L
9530581 D
9530581 D
9530581 W
9530581 L
9536773 D
9536773 D
9536773 W
9536773 L
9541109 D
9541109 D
9541109 W
9541109 L
9558127 D
9558127 D
9558127 W
9558127 L
9576023 D
9576023 D
9576023 W
9576023 L
9579457 D
9579457 D
9579457 W
9579457 L
9614419 D
9614419 D
9614419 W
9614419 L
9614729 D
9614729 D
9614729 W
9614729 L
9615379 D
9615379 D
9615379 W
9615379 L
9618589 D
9618589 D
9618589 W
9618589 L
9618701 D
9618701 D
9618701 W
9618701 L
9627953 D
9627953 D
9627953 W
9627953 L
9628219 D
9628219 D
9628219 W
9628219 L
9642173 D
9642173 D
9642173 W
9642173 L
9662551 D
9662551 D
9662551 W
9662551 L
9668899 D
9668899 D
9668899 W
9668899 L
9673553 D
9673553 D
9673553 W
9673553 L
9675779 D
9675779 D
9675779 W
9675779 L
9698173 D
9698173 D
9698173 W
9698173 L
9720203 D
9720203 D
9720203 W
9720203 L
9720937 D
9720937 D
9720937 W
9720937 L
9733541 D
9733541 D
9733541 W
9733541 L
9743779 D
9743779 D
9743779 W
9743779 L
9753701 D
9753701 D
9753701 W
9753701 L
9762619 D
9762619 D
9762619 W
9762619 L
9769979 D
9769979 D
9769979 W
9769979 L
9770273 D
9770273 D
9770273 W
9770273 L
9771661 D
9771661 D
9771661 W
9771661 L
9774971 D
9774971 D
9774971 W
9774971 L
9777491 D
9777491 D
9777491 W
9777491 L
9790217 D
9790217 D
9790217 W
9790217 L
9790639 D
9790639 D
9790639 W
9790639 L
9793261 D
9793261 D
9793261 W
9793261 L
9803863 D
9803863 D
9803863 W
9803863 L
9820633 D
9820633 D
9820633 W
9820633 L
9856403 D
9856403 D
9856403 W
9856403 L
9864397 D
9864397 D
9864397 W
9864397 L
9867931 D
9867931 D
9867931 W
9867931 L
9869957 D
9869957 D
9869957 W
9869957 L
9878899 D
9878899 D
9878899 W
9878899 L
9916589 D
9916589 D
9916589 W
9916589 L
9921983 D
9921983 D
9921983 W
9921983 L
9934657 D
9934657 D
9934657 W
9934657 L
9938833 D
9938833 D
9938833 W
9938833 L
9943207 D
9943207 D
9943207 W
9943207 L
9990961 D
9990961 D
9990961 W
9990961 L
