3511
2 W
2 W
2 W
2 W
2 W
2 W
2 W
2 W
2 W
2 W
2 W
2 W
2 W
2 W
2 W
2 W
2 W
2 W
2 W
2 W
2 W
2 W
2 W
2 W
2 W
2 W
2 W
2 W
2 W
2 W
2 W
2 W
2 W
2 W
2 W
2 W
2 W
2 W
2 W
2 W
2 W
2 W
2 W
2 W
2 W
2 W
2 W
2 W
2 W
2 W
2 W
2 W
2 W
2 W
2 W
2 W
2 W
2 W
2 W
2 W
2 W
2 W
2 W
2 W
2 W
2 W
2 W
2 W
2 W
2 W
2 W
2 W
2 W
2 W
2 W
2 W
2 W
2 W
2 W
2 W
2 W
2 W
2 W
2 W
2 W
2 W
2 W
2 W
2 W
2 W
2 W
2 W
2 W
2 W
2 W
2 W
2 W
2 W
2 W
2 W
2 W
2 W
2 W
2 W
2 W
2 W
2 W
2 W
2 W
2 W
2 W
2 W
2 W
2 W
2 W
2 W
2 W
2 W
2 W
2 W
2 W
2 W
2 W
2 W
2 W
2 W
2 W
2 W
2 W
2 W
2 W
2 W
2 W
2 W
2 W
2 D
2 W
3 W
3 W
3 W
3 W
3 W
3 W
3 W
3 W
3 W
3 W
3 W
3 W
3 W
3 W
3 W
3 W
3 W
3 W
3 W
3 W
3 W
3 W
3 W
3 W
3 W
3 W
3 W
3 W
3 W
3 W
3 W
3 W
3 W
3 W
3 W
3 W
3 W
3 W
3 W
3 W
3 W
3 W
3 W
3 W
3 W
3 W
3 W
3 W
3 W
3 W
3 W
3 W
3 W
3 W
3 W
3 W
3 W
3 W
3 D
3 W
5 W
5 W
5 W
5 W
5 W
5 W
5 W
5 W
5 W
5 W
5 W
5 W
5 W
5 W
5 W
5 W
5 W
5 W
5 W
5 W
5 W
5 W
5 W
5 W
5 W
5 W
5 W
5 W
5 W
5 W
5 W
5 W
5 W
7 W
7 W
7 W
7 W
7 W
7 W
7 W
7 W
7 W
7 W
7 W
7 W
7 W
7 W
7 W
7 W
7 W
7 W
7 W
7 W
7 W
7 W
7 W
7 D
7 W
11 W
11 W
11 W
11 W
11 W
11 W
11 W
11 W
11 W
11 W
11 W
11 W
11 W
11 W
13 W
13 W
13 W
13 W
13 W
13 W
13 W
13 W
13 W
13 W
17 W
17 W
17 W
17 W
17 W
17 W
17 W
17 W
17 W
17 W
19 W
19 W
19 W
19 W
19 W
19 D
19 W
23 W
23 W
23 W
23 W
23 W
23 W
23 W
23 W
23 W
29 W
29 W
29 W
29 W
29 W
31 W
31 W
31 W
31 W
31 W
31 W
37 W
37 W
37 D
37 W
41 W
41 W
41 W
41 W
43 W
43 W
43 W
43 D
43 W
47 W
47 W
47 D
47 W
53 W
53 W
53 W
59 W
59 W
61 W
61 D
61 W
67 W
67 W
67 D
67 W
71 W
71 D
71 W
73 W
73 D
73 W
79 W
79 D
79 W
83 W
83 W
89 W
89 W
89 D
89 W
97 W
97 D
97 W
101 D
101 W
103 W
107 D
107 W
109 D
109 W
113 W
113 D
113 W
127 W
137 D
137 W
139 W
139 D
139 W
149 W
157 D
157 W
163 D
163 W
173 D
173 W
179 D
179 W
181 W
181 D
181 W
193 W
193 D
193 W
197 W
199 W
199 W
211 W
227 D
227 W
229 W
233 W
257 W
257 W
269 D
269 W
271 D
271 W
281 W
281 D
281 W
293 W
307 D
307 W
311 W
313 W
347 D
347 W
359 D
359 W
367 D
367 W
379 W
421 W
421 D
421 W
431 D
431 W
433 D
433 W
449 W
457 D
457 W
461 W
463 D
463 W
467 D
467 W
479 D
479 W
499 D
499 W
509 D
509 W
557 D
557 W
563 D
563 W
571 D
571 W
577 D
577 W
587 D
587 W
599 D
599 W
613 D
613 W
617 D
617 W
619 D
619 W
631 D
631 W
641 D
641 W
643 D
643 W
647 D
647 W
691 D
691 W
701 D
701 W
709 W
773 D
773 W
811 D
811 W
821 D
821 W
823 D
823 W
839 D
839 W
877 D
877 W
929 D
929 W
937 D
937 W
953 D
953 W
1019 D
1019 W
1087 D
1087 W
1097 D
1097 W
1103 W
1117 D
1117 W
1277 D
1277 W
1279 D
1279 W
1301 D
1301 W
1303 D
1303 W
1307 D
1307 W
1321 D
1321 W
1367 D
1367 W
1429 D
1429 W
1621 D
1621 W
1637 D
1637 W
1831 D
1831 W
1931 D
1931 W
1951 D
1951 W
1979 D
1979 W
2017 D
2017 W
2111 D
2111 W
2143 D
2143 W
2273 D
2273 W
2287 D
2287 W
2339 D
2339 W
2503 D
2503 W
2591 D
2591 W
2659 D
2659 W
2683 D
2683 W
3181 D
3181 W
3463 D
3463 W
3709 D
3709 W
3821 D
3821 W
3911 D
3911 W
3923 D
3923 W
4751 D
4751 W
4813 D
4813 W
5119 D
5119 W
5189 D
5189 W
5209 D
5209 W
5399 D
5399 W
5483 D
5483 W
5939 D
5939 W
6029 W
6607 D
6607 W
6689 D
6689 W
6763 D
6763 W
6779 D
6779 W
7219 D
7219 W
7309 D
7309 W
7873 D
7873 W
7933 D
7933 W
8629 D
8629 W
8719 D
8719 W
8737 D
8737 W
8893 D
8893 W
8999 D
8999 W
9733 D
9733 W
9833 D
9833 W
9851 D
9851 W
9929 D
9929 W
10159 D
10159 W
10427 D
10427 W
10487 D
10487 W
11177 D
11177 W
11489 D
11489 W
11617 D
11617 W
12763 D
12763 W
14411 D
14411 W
14423 D
14423 W
15733 D
15733 W
16567 D
16567 W
16649 D
16649 W
16931 D
16931 W
16937 D
16937 W
17053 D
17053 W
18131 D
18131 W
18583 D
18583 W
19541 D
19541 W
20071 D
20071 W
20233 D
20233 W
21187 D
21187 W
21737 D
21737 W
22063 D
22063 W
24317 D
24317 W
24793 D
24793 W
24979 D
24979 W
25057 D
25057 W
25301 D
25301 W
26701 D
26701 W
27361 D
27361 W
30497 D
30497 W
32647 D
32647 W
32713 D
32713 W
35809 D
35809 W
40129 D
40129 W
40627 D
40627 W
40771 D
40771 W
42589 D
42589 W
43223 D
43223 W
44179 D
44179 W
46337 D
46337 W
47543 D
47543 W
52571 D
52571 W
54881 D
54881 W
55441 D
55441 W
61051 D
61051 W
61151 D
61151 W
63113 D
63113 W
66109 D
66109 W
67057 D
67057 W
71887 D
71887 W
73973 D
73973 W
75883 D
75883 W
75913 D
75913 W
80819 D
80819 W
84809 D
84809 W
88003 D
88003 W
89083 D
89083 W
98377 D
98377 W
103801 D
103801 W
107609 D
107609 W
108179 D
108179 W
108343 D
108343 W
119981 D
119981 W
122503 D
122503 W
132863 D
132863 W
140317 D
140317 W
142969 D
142969 W
143111 D
143111 W
143249 D
143249 W
144563 D
144563 W
155663 D
155663 W
165653 D
165653 W
170809 D
170809 W
174331 D
174331 W
176921 D
176921 W
191699 D
191699 W
204587 D
204587 W
208003 D
208003 W
216973 D
216973 W
259099 D
259099 W
298621 D
298621 W
299401 D
299401 W
321743 D
321743 W
340079 D
340079 W
351643 D
351643 W
354017 D
354017 W
365509 D
365509 W
373657 D
373657 W
416881 D
416881 W
448397 D
448397 W
465187 D
465187 W
502001 D
502001 W
504017 D
504017 W
506609 D
506609 W
570461 D
570461 W
591287 D
591287 W
617689 D
617689 W
629927 D
629927 W
633427 D
633427 W
684769 D
684769 W
716479 D
716479 W
720289 D
720289 W
733273 D
733273 W
744077 D
744077 W
795337 D
795337 W
863801 D
863801 W
878309 D
878309 W
892093 D
892093 W
905449 D
905449 W
908363 D
908363 W
934523 D
934523 W
1127333 D
1127333 W
1151629 D
1151629 W
1153553 D
1153553 W
1248691 D
1248691 W
1252921 D
1252921 W
1321379 D
1321379 W
1381397 D
1381397 W
1404937 D
1404937 W
1506781 D
1506781 W
1506851 D
1506851 W
1602323 D
1602323 W
1609567 D
1609567 W
1655279 D
1655279 W
1735553 D
1735553 W
1842233 D
1842233 W
2098009 D
2098009 W
2158649 D
2158649 W
2731607 D
2731607 W
3110867 D
3110867 W
3164401 D
3164401 W
3401917 D
3401917 W
3600001 D
3600001 W
3636839 D
3636839 W
3735881 D
3735881 W
3792577 D
3792577 W
4282903 D
4282903 W
4584791 D
4584791 W
5333857 D
5333857 W
6036313 D
6036313 W
6957631 D
6957631 W
7346869 D
7346869 W
8036711 D
8036711 W
8503223 D
8503223 W
2 L
2 L
2 L
2 L
2 L
2 L
2 L
2 L
2 L
2 L
2 L
2 L
2 L
2 L
2 L
2 L
2 L
2 L
2 L
2 L
2 L
2 L
2 L
2 L
2 L
2 L
2 L
2 L
2 L
2 L
2 L
2 L
2 L
2 L
2 L
2 L
2 L
2 L
2 L
2 L
2 L
2 L
2 L
2 L
2 L
2 L
2 L
2 L
2 L
2 L
2 L
2 L
2 L
2 L
2 L
2 L
2 L
2 L
2 L
2 L
2 L
2 L
2 L
2 L
2 L
2 L
2 L
2 L
2 L
2 L
2 L
2 L
2 L
2 L
2 L
2 L
2 L
2 L
2 L
2 L
2 L
2 L
2 L
2 L
2 L
2 L
2 L
2 L
2 L
2 L
2 L
2 L
2 L
2 L
2 L
2 L
2 L
2 L
2 L
2 L
2 L
2 L
2 L
2 L
2 L
2 L
2 L
2 L
2 L
2 L
2 L
2 L
2 L
2 L
2 L
2 L
2 L
2 L
2 L
2 L
2 L
2 L
2 L
2 L
2 L
2 L
2 L
2 L
2 L
2 L
2 L
2 L
2 L
2 L
2 L
2 L
2 L
2 L
2 L
2 L
2 L
2 L
2 L
2 L
2 L
2 L
2 L
2 L
2 L
2 L
2 L
2 L
2 L
2 L
2 L
2 L
2 L
2 L
2 L
2 L
2 L
2 L
2 L
2 L
2 L
2 L
2 L
2 L
2 L
2 L
2 L
2 L
2 L
2 L
2 L
2 L
2 L
2 L
2 L
2 L
2 L
2 L
2 L
2 L
2 L
2 L
2 L
2 L
2 L
2 L
2 L
2 L
2 L
2 L
2 L
2 L
2 L
2 L
2 L
2 L
2 L
2 L
2 L
2 L
2 L
2 L
2 D
2 D
2 W
2 L
3 L
3 L
3 L
3 L
3 L
3 L
3 L
3 L
3 L
3 L
3 L
3 L
3 L
3 L
3 L
3 L
3 L
3 L
3 L
3 L
3 L
3 L
3 L
3 L
3 L
3 L
3 L
3 L
3 L
3 L
3 L
3 L
3 L
3 L
3 L
3 L
3 L
3 L
3 L
3 L
3 L
3 L
3 L
3 L
3 L
3 L
3 L
3 L
3 L
3 L
3 L
3 L
3 L
3 L
3 L
3 L
3 L
3 L
3 L
3 L
3 L
3 L
3 L
3 L
3 L
3 L
3 L
3 L
3 L
3 L
3 L
3 L
3 L
3 L
3 L
3 L
3 L
3 L
3 L
3 L
3 L
3 L
3 L
3 L
3 L
3 L
3 L
3 L
3 L
3 L
3 L
3 L
3 L
3 L
3 L
3 L
3 L
3 L
3 L
3 L
3 L
3 L
3 L
3 L
3 L
3 L
3 L
3 L
3 L
3 L
3 L
5 L
5 L
5 L
5 L
5 L
5 L
5 L
5 L
5 L
5 L
5 L
5 L
5 L
5 L
5 L
5 L
5 L
5 L
5 L
5 L
5 L
5 L
5 L
5 L
5 L
5 L
5 L
5 L
5 L
5 L
5 L
5 L
5 L
5 L
5 L
5 L
5 L
5 L
5 L
5 L
5 L
5 L
5 D
5 D
5 W
5 L
7 L
7 L
7 L
7 L
7 L
7 L
7 L
7 L
7 L
7 L
7 L
7 L
7 L
7 L
7 L
7 L
7 L
7 L
7 L
7 L
7 L
7 L
7 L
7 L
7 L
7 L
7 L
7 L
7 L
7 L
7 L
7 L
7 L
7 L
7 L
11 L
11 L
11 L
11 L
11 L
11 L
11 L
11 L
11 L
11 L
11 L
11 L
11 L
11 L
11 L
11 L
11 L
11 L
11 L
11 L
11 L
11 D
11 D
11 W
11 L
13 L
13 L
13 L
13 L
13 L
13 L
13 L
13 L
13 L
13 L
13 L
13 L
13 L
13 L
13 D
13 D
13 W
13 L
17 L
17 L
17 L
17 L
17 L
17 L
17 L
17 L
17 L
17 L
17 L
17 L
19 L
19 L
19 L
19 L
19 L
19 L
19 L
19 L
23 L
23 L
23 L
23 L
23 L
23 L
23 L
23 L
23 L
23 L
23 L
23 L
29 L
29 L
29 L
29 L
29 L
29 L
29 L
29 L
29 L
31 L
31 L
31 L
31 L
31 L
31 L
31 L
31 L
31 L
31 D
31 D
31 W
31 L
37 L
37 L
37 L
37 L
37 L
37 D
37 D
37 W
37 L
41 L
41 L
41 L
41 L
41 L
41 L
41 L
41 D
41 D
41 W
41 L
43 L
43 L
43 L
43 L
47 L
47 L
47 L
47 L
47 L
47 D
47 D
47 W
47 L
53 L
53 L
53 L
59 L
59 L
61 L
61 L
61 L
67 L
67 L
67 L
67 D
67 D
67 W
67 L
71 L
71 L
71 L
73 L
73 L
79 L
79 L
79 L
83 L
83 L
83 D
83 D
83 W
83 L
89 L
89 L
89 L
89 D
89 D
89 W
89 L
97 L
97 L
97 D
97 D
97 W
97 L
101 L
101 L
101 L
103 L
103 D
103 D
103 W
103 L
107 L
107 D
107 D
107 W
107 L
109 L
113 L
113 L
113 D
113 D
113 W
113 L
127 L
127 L
131 L
131 L
137 L
139 L
139 L
139 L
139 D
139 D
139 W
139 L
149 L
149 D
149 D
149 W
149 L
151 L
151 L
151 D
151 D
151 W
151 L
157 L
157 D
157 D
157 W
157 L
163 L
163 D
163 D
163 W
163 L
167 L
173 L
179 D
179 D
179 W
179 L
181 L
191 L
193 L
193 D
193 D
193 W
193 L
197 L
199 L
199 L
199 D
199 D
199 W
199 L
211 D
211 D
211 W
211 L
223 D
223 D
223 W
223 L
227 L
229 L
233 L
239 L
239 L
239 D
239 D
239 W
239 L
241 D
241 D
241 W
241 L
251 D
251 D
251 W
251 L
257 L
257 D
257 D
257 W
257 L
263 L
269 L
269 L
269 D
269 D
269 W
269 L
271 D
271 D
271 W
271 L
277 D
277 D
277 W
277 L
281 L
281 L
283 L
293 L
293 D
293 D
293 W
293 L
307 D
307 D
307 W
307 L
311 L
313 D
313 D
313 W
313 L
317 L
317 D
317 D
317 W
317 L
331 D
331 D
331 W
331 L
337 D
337 D
337 W
337 L
347 D
347 D
347 W
347 L
353 D
353 D
353 W
353 L
359 L
367 L
379 D
379 D
379 W
379 L
389 D
389 D
389 W
389 L
419 D
419 D
419 W
419 L
421 L
431 D
431 D
431 W
431 L
433 D
433 D
433 W
433 L
439 L
443 L
449 D
449 D
449 W
449 L
457 L
457 D
457 D
457 W
457 L
461 D
461 D
461 W
461 L
463 D
463 D
463 W
463 L
467 D
467 D
467 W
467 L
479 D
479 D
479 W
479 L
487 L
487 D
487 D
487 W
487 L
499 D
499 D
499 W
499 L
509 L
521 D
521 D
521 W
521 L
541 D
541 D
541 W
541 L
547 D
547 D
547 W
547 L
557 L
557 L
563 D
563 D
563 W
563 L
571 D
571 D
571 W
571 L
577 L
587 L
593 D
593 D
593 W
593 L
599 L
599 D
599 D
599 W
599 L
613 D
613 D
613 W
613 L
617 D
617 D
617 W
617 L
619 D
619 D
619 W
619 L
631 D
631 D
631 W
631 L
641 D
641 D
641 W
641 L
643 D
643 D
643 W
643 L
647 D
647 D
647 W
647 L
653 D
653 D
653 W
653 L
691 D
691 D
691 W
691 L
701 D
701 D
701 W
701 L
709 L
733 D
733 D
733 W
733 L
743 D
743 D
743 W
743 L
751 L
751 D
751 D
751 W
751 L
773 D
773 D
773 W
773 L
809 D
809 D
809 W
809 L
811 L
821 L
821 L
823 D
823 D
823 W
823 L
839 D
839 D
839 W
839 L
857 D
857 D
857 W
857 L
877 L
883 L
887 D
887 D
887 W
887 L
911 D
911 D
911 W
911 L
929 D
929 D
929 W
929 L
937 L
947 D
947 D
947 W
947 L
953 D
953 D
953 W
953 L
1019 D
1019 D
1019 W
1019 L
1049 D
1049 D
1049 W
1049 L
1051 D
1051 D
1051 W
1051 L
1061 D
1061 D
1061 W
1061 L
1063 D
1063 D
1063 W
1063 L
1087 D
1087 D
1087 W
1087 L
1097 D
1097 D
1097 W
1097 L
1103 L
1117 D
1117 D
1117 W
1117 L
1163 D
1163 D
1163 W
1163 L
1277 D
1277 D
1277 W
1277 L
1279 D
1279 D
1279 W
1279 L
1283 D
1283 D
1283 W
1283 L
1301 D
1301 D
1301 W
1301 L
1303 D
1303 D
1303 W
1303 L
1307 D
1307 D
1307 W
1307 L
1321 D
1321 D
1321 W
1321 L
1367 L
1409 D
1409 D
1409 W
1409 L
1429 L
1451 D
1451 D
1451 W
1451 L
1459 D
1459 D
1459 W
1459 L
1471 D
1471 D
1471 W
1471 L
1481 D
1481 D
1481 W
1481 L
1483 D
1483 D
1483 W
1483 L
1559 D
1559 D
1559 W
1559 L
1571 D
1571 D
1571 W
1571 L
1613 D
1613 D
1613 W
1613 L
1621 L
1637 D
1637 D
1637 W
1637 L
1669 D
1669 D
1669 W
1669 L
1723 D
1723 D
1723 W
1723 L
1801 L
1831 D
1831 D
1831 W
1831 L
1871 D
1871 D
1871 W
1871 L
1901 D
1901 D
1901 W
1901 L
1931 D
1931 D
1931 W
1931 L
1951 L
1979 D
1979 D
1979 W
1979 L
2011 D
2011 D
2011 W
2011 L
2017 D
2017 D
2017 W
2017 L
2069 D
2069 D
2069 W
2069 L
2111 D
2111 D
2111 W
2111 L
2129 D
2129 D
2129 W
2129 L
2143 D
2143 D
2143 W
2143 L
2179 D
2179 D
2179 W
2179 L
2207 D
2207 D
2207 W
2207 L
2251 D
2251 D
2251 W
2251 L
2273 D
2273 D
2273 W
2273 L
2287 D
2287 D
2287 W
2287 L
2293 L
2339 L
2347 D
2347 D
2347 W
2347 L
2417 L
2473 D
2473 D
2473 W
2473 L
2503 L
2591 D
2591 D
2591 W
2591 L
2659 D
2659 D
2659 W
2659 L
2677 D
2677 D
2677 W
2677 L
2683 D
2683 D
2683 W
2683 L
2753 D
2753 D
2753 W
2753 L
2857 D
2857 D
2857 W
2857 L
2903 D
2903 D
2903 W
2903 L
2927 D
2927 D
2927 W
2927 L
3001 D
3001 D
3001 W
3001 L
3167 D
3167 D
3167 W
3167 L
3181 L
3191 D
3191 D
3191 W
3191 L
3221 D
3221 D
3221 W
3221 L
3323 D
3323 D
3323 W
3323 L
3463 D
3463 D
3463 W
3463 L
3533 D
3533 D
3533 W
3533 L
3631 D
3631 D
3631 W
3631 L
3643 D
3643 D
3643 W
3643 L
3673 D
3673 D
3673 W
3673 L
3709 D
3709 D
3709 W
3709 L
3803 D
3803 D
3803 W
3803 L
3821 D
3821 D
3821 W
3821 L
3911 D
3911 D
3911 W
3911 L
3923 D
3923 D
3923 W
3923 L
4091 D
4091 D
4091 W
4091 L
4127 D
4127 D
4127 W
4127 L
4129 D
4129 D
4129 W
4129 L
4271 D
4271 D
4271 W
4271 L
4423 D
4423 D
4423 W
4423 L
4481 D
4481 D
4481 W
4481 L
4751 D
4751 D
4751 W
4751 L
4789 D
4789 D
4789 W
4789 L
4813 D
4813 D
4813 W
4813 L
4877 D
4877 D
4877 W
4877 L
4909 D
4909 D
4909 W
4909 L
4937 D
4937 D
4937 W
4937 L
5009 D
5009 D
5009 W
5009 L
5119 D
5119 D
5119 W
5119 L
5189 D
5189 D
5189 W
5189 L
5209 D
5209 D
5209 W
5209 L
5387 D
5387 D
5387 W
5387 L
5399 D
5399 D
5399 W
5399 L
5449 D
5449 D
5449 W
5449 L
5483 D
5483 D
5483 W
5483 L
5659 D
5659 D
5659 W
5659 L
5939 D
5939 D
5939 W
5939 L
6029 L
6089 D
6089 D
6089 W
6089 L
6287 D
6287 D
6287 W
6287 L
6359 D
6359 D
6359 W
6359 L
6607 D
6607 D
6607 W
6607 L
6689 D
6689 D
6689 W
6689 L
6763 D
6763 D
6763 W
6763 L
6779 D
6779 D
6779 W
6779 L
6833 D
6833 D
6833 W
6833 L
6997 D
6997 D
6997 W
6997 L
7001 D
7001 D
7001 W
7001 L
7103 D
7103 D
7103 W
7103 L
7219 D
7219 D
7219 W
7219 L
7309 D
7309 D
7309 W
7309 L
7873 D
7873 D
7873 W
7873 L
7927 D
7927 D
7927 W
7927 L
7933 D
7933 D
7933 W
7933 L
7963 D
7963 D
7963 W
7963 L
8629 D
8629 D
8629 W
8629 L
8663 D
8663 D
8663 W
8663 L
8719 D
8719 D
8719 W
8719 L
8737 D
8737 D
8737 W
8737 L
8893 D
8893 D
8893 W
8893 L
8999 D
8999 D
8999 W
8999 L
9491 D
9491 D
9491 W
9491 L
9733 D
9733 D
9733 W
9733 L
9833 D
9833 D
9833 W
9833 L
9851 D
9851 D
9851 W
9851 L
9929 D
9929 D
9929 W
9929 L
10039 D
10039 D
10039 W
10039 L
10067 D
10067 D
10067 W
10067 L
10159 D
10159 D
10159 W
10159 L
10303 D
10303 D
10303 W
10303 L
10427 D
10427 D
10427 W
10427 L
10487 D
10487 D
10487 W
10487 L
10781 D
10781 D
10781 W
10781 L
11177 D
11177 D
11177 W
11177 L
11489 D
11489 D
11489 W
11489 L
11617 D
11617 D
11617 W
11617 L
11621 D
11621 D
11621 W
11621 L
11789 L
11959 D
11959 D
11959 W
11959 L
12007 D
12007 D
12007 W
12007 L
12197 D
12197 D
12197 W
12197 L
12373 D
12373 D
12373 W
12373 L
12763 D
12763 D
12763 W
12763 L
13267 D
13267 D
13267 W
13267 L
13597 D
13597 D
13597 W
13597 L
13649 D
13649 D
13649 W
13649 L
13723 D
13723 D
13723 W
13723 L
14411 D
14411 D
14411 W
14411 L
14419 D
14419 D
14419 W
14419 L
14423 D
14423 D
14423 W
14423 L
14753 D
14753 D
14753 W
14753 L
14771 D
14771 D
14771 W
14771 L
14821 D
14821 D
14821 W
14821 L
14929 D
14929 D
14929 W
14929 L
15271 D
15271 D
15271 W
15271 L
15277 D
15277 D
15277 W
15277 L
15733 D
15733 D
15733 W
15733 L
15817 D
15817 D
15817 W
15817 L
16091 D
16091 D
16091 W
16091 L
16567 D
16567 D
16567 W
16567 L
16649 D
16649 D
16649 W
16649 L
16931 D
16931 D
16931 W
16931 L
16937 D
16937 D
16937 W
16937 L
17053 D
17053 D
17053 W
17053 L
18131 D
18131 D
18131 W
18131 L
18481 D
18481 D
18481 W
18481 L
18583 D
18583 D
18583 W
18583 L
18661 D
18661 D
18661 W
18661 L
19081 D
19081 D
19081 W
19081 L
19403 D
19403 D
19403 W
19403 L
19541 D
19541 D
19541 W
19541 L
20071 D
20071 D
20071 W
20071 L
20233 D
20233 D
20233 W
20233 L
21179 D
21179 D
21179 W
21179 L
21187 D
21187 D
21187 W
21187 L
21529 D
21529 D
21529 W
21529 L
21737 D
21737 D
21737 W
21737 L
21739 D
21739 D
21739 W
21739 L
22063 D
22063 D
22063 W
22063 L
24317 D
24317 D
24317 W
24317 L
24683 D
24683 D
24683 W
24683 L
24793 D
24793 D
24793 W
24793 L
24979 D
24979 D
24979 W
24979 L
25057 D
25057 D
25057 W
25057 L
25301 D
25301 D
25301 W
25301 L
26701 D
26701 D
26701 W
26701 L
27361 D
27361 D
27361 W
27361 L
28493 D
28493 D
28493 W
28493 L
28513 D
28513 D
28513 W
28513 L
28657 D
28657 D
28657 W
28657 L
28979 D
28979 D
28979 W
28979 L
29531 D
29531 D
29531 W
29531 L
29663 D
29663 D
29663 W
29663 L
30497 D
30497 D
30497 W
30497 L
30949 D
30949 D
30949 W
30949 L
31657 D
31657 D
31657 W
31657 L
31741 D
31741 D
31741 W
31741 L
32069 D
32069 D
32069 W
32069 L
32089 D
32089 D
32089 W
32089 L
32647 D
32647 D
32647 W
32647 L
32713 D
32713 D
32713 W
32713 L
32869 D
32869 D
32869 W
32869 L
33119 D
33119 D
33119 W
33119 L
34439 D
34439 D
34439 W
34439 L
35461 D
35461 D
35461 W
35461 L
35809 D
35809 D
35809 W
35809 L
38609 D
38609 D
38609 W
38609 L
38783 D
38783 D
38783 W
38783 L
38833 D
38833 D
38833 W
38833 L
40129 D
40129 D
40129 W
40129 L
40627 D
40627 D
40627 W
40627 L
40771 D
40771 D
40771 W
40771 L
41603 D
41603 D
41603 W
41603 L
42589 D
42589 D
42589 W
42589 L
42767 D
42767 D
42767 W
42767 L
43223 D
43223 D
43223 W
43223 L
44179 D
44179 D
44179 W
44179 L
45317 D
45317 D
45317 W
45317 L
46337 D
46337 D
46337 W
46337 L
47419 D
47419 D
47419 W
47419 L
47543 D
47543 D
47543 W
47543 L
48119 D
48119 D
48119 W
48119 L
49697 D
49697 D
49697 W
49697 L
50593 D
50593 D
50593 W
50593 L
52571 D
52571 D
52571 W
52571 L
54499 D
54499 D
54499 W
54499 L
54881 D
54881 D
54881 W
54881 L
55441 D
55441 D
55441 W
55441 L
56003 D
56003 D
56003 W
56003 L
61051 D
61051 D
61051 W
61051 L
61151 D
61151 D
61151 W
61151 L
61667 D
61667 D
61667 W
61667 L
62581 D
62581 D
62581 W
62581 L
63113 D
63113 D
63113 W
63113 L
66109 D
66109 D
66109 W
66109 L
66523 D
66523 D
66523 W
66523 L
66809 D
66809 D
66809 W
66809 L
67057 D
67057 D
67057 W
67057 L
69337 D
69337 D
69337 W
69337 L
70667 D
70667 D
70667 W
70667 L
71887 D
71887 D
71887 W
71887 L
73973 D
73973 D
73973 W
73973 L
75883 D
75883 D
75883 W
75883 L
75913 D
75913 D
75913 W
75913 L
77201 D
77201 D
77201 W
77201 L
78497 D
78497 D
78497 W
78497 L
80669 D
80669 D
80669 W
80669 L
80819 D
80819 D
80819 W
80819 L
81019 D
81019 D
81019 W
81019 L
84809 D
84809 D
84809 W
84809 L
88003 D
88003 D
88003 W
88003 L
89083 D
89083 D
89083 W
89083 L
89491 D
89491 D
89491 W
89491 L
90619 D
90619 D
90619 W
90619 L
94811 D
94811 D
94811 W
94811 L
98377 D
98377 D
98377 W
98377 L
103801 D
103801 D
103801 W
103801 L
107609 D
107609 D
107609 W
107609 L
108179 D
108179 D
108179 W
108179 L
108343 D
108343 D
108343 W
108343 L
108707 D
108707 D
108707 W
108707 L
111043 D
111043 D
111043 W
111043 L
111697 D
111697 D
111697 W
111697 L
113023 D
113023 D
113023 W
113023 L
113539 D
113539 D
113539 W
113539 L
119981 D
119981 D
119981 W
119981 L
122503 D
122503 D
122503 W
122503 L
132863 D
132863 D
132863 W
132863 L
137131 D
137131 D
137131 W
137131 L
140317 D
140317 D
140317 W
140317 L
142969 D
142969 D
142969 W
142969 L
143111 D
143111 D
143111 W
143111 L
143249 D
143249 D
143249 W
143249 L
144563 D
144563 D
144563 W
144563 L
147293 D
147293 D
147293 W
147293 L
147787 D
147787 D
147787 W
147787 L
148361 D
148361 D
148361 W
148361 L
149059 D
149059 D
149059 W
149059 L
155581 D
155581 D
155581 W
155581 L
155663 D
155663 D
155663 W
155663 L
155689 D
155689 D
155689 W
155689 L
158189 D
158189 D
158189 W
158189 L
165653 D
165653 D
165653 W
165653 L
166151 D
166151 D
166151 W
166151 L
167339 D
167339 D
167339 W
167339 L
168067 D
168067 D
168067 W
168067 L
170809 D
170809 D
170809 W
170809 L
172999 D
172999 D
172999 W
172999 L
174331 D
174331 D
174331 W
174331 L
176921 D
176921 D
176921 W
176921 L
191699 D
191699 D
191699 W
191699 L
204587 D
204587 D
204587 W
204587 L
208003 D
208003 D
208003 W
208003 L
216973 D
216973 D
216973 W
216973 L
217421 D
217421 D
217421 W
217421 L
218003 D
218003 D
218003 W
218003 L
218389 D
218389 D
218389 W
218389 L
220699 D
220699 D
220699 W
220699 L
222799 D
222799 D
222799 W
222799 L
227131 D
227131 D
227131 W
227131 L
227993 D
227993 D
227993 W
227993 L
236641 D
236641 D
236641 W
236641 L
246173 D
246173 D
246173 W
246173 L
254407 D
254407 D
254407 W
254407 L
259099 D
259099 D
259099 W
259099 L
260609 D
260609 D
260609 W
260609 L
289193 D
289193 D
289193 W
289193 L
290057 D
290057 D
290057 W
290057 L
298621 D
298621 D
298621 W
298621 L
299401 D
299401 D
299401 W
299401 L
321743 D
321743 D
321743 W
321743 L
325421 D
325421 D
325421 W
325421 L
333227 D
333227 D
333227 W
333227 L
340079 D
340079 D
340079 W
340079 L
350137 D
350137 D
350137 W
350137 L
351643 D
351643 D
351643 W
351643 L
354017 D
354017 D
354017 W
354017 L
354661 D
354661 D
354661 W
354661 L
365509 D
365509 D
365509 W
365509 L
373657 D
373657 D
373657 W
373657 L
375643 D
375643 D
375643 W
375643 L
396527 D
396527 D
396527 W
396527 L
416881 D
416881 D
416881 W
416881 L
430319 D
430319 D
430319 W
430319 L
448397 D
448397 D
448397 W
448397 L
465187 D
465187 D
465187 W
465187 L
502001 D
502001 D
502001 W
502001 L
504017 D
504017 D
504017 W
504017 L
506609 D
506609 D
506609 W
506609 L
570461 D
570461 D
570461 W
570461 L
591287 D
591287 D
591287 W
591287 L
603431 D
603431 D
603431 W
603431 L
617689 D
617689 D
617689 W
617689 L
629927 D
629927 D
629927 W
629927 L
633427 D
633427 D
633427 W
633427 L
684769 D
684769 D
684769 W
684769 L
708857 D
708857 D
708857 W
708857 L
716479 D
716479 D
716479 W
716479 L
720289 D
720289 D
720289 W
720289 L
733273 D
733273 D
733273 W
733273 L
744077 D
744077 D
744077 W
744077 L
758243 D
758243 D
758243 W
758243 L
795337 D
795337 D
795337 W
795337 L
863801 D
863801 D
863801 W
863801 L
878309 D
878309 D
878309 W
878309 L
892093 D
892093 D
892093 W
892093 L
905449 D
905449 D
905449 W
905449 L
908363 D
908363 D
908363 W
908363 L
911707 D
911707 D
911707 W
911707 L
934523 D
934523 D
934523 W
934523 L
957991 D
957991 D
957991 W
957991 L
974089 D
974089 D
974089 W
974089 L
1002457 D
1002457 D
1002457 W
1002457 L
1061561 D
1061561 D
1061561 W
1061561 L
1105427 D
1105427 D
1105427 W
1105427 L
1127333 D
1127333 D
1127333 W
1127333 L
1151629 D
1151629 D
1151629 W
1151629 L
1153553 D
1153553 D
1153553 W
1153553 L
1186111 D
1186111 D
1186111 W
1186111 L
1205819 D
1205819 D
1205819 W
1205819 L
1238197 D
1238197 D
1238197 W
1238197 L
1248691 D
1248691 D
1248691 W
1248691 L
1252921 D
1252921 D
1252921 W
1252921 L
1255663 D
1255663 D
1255663 W
1255663 L
1321379 D
1321379 D
1321379 W
1321379 L
1369499 D
1369499 D
1369499 W
1369499 L
1381397 D
1381397 D
1381397 W
1381397 L
1404937 D
1404937 D
1404937 W
1404937 L
1506781 D
1506781 D
1506781 W
1506781 L
1506851 D
1506851 D
1506851 W
1506851 L
1602323 D
1602323 D
1602323 W
1602323 L
1609567 D
1609567 D
1609567 W
1609567 L
1655279 D
1655279 D
1655279 W
1655279 L
1656121 D
1656121 D
1656121 W
1656121 L
1735553 D
1735553 D
1735553 W
1735553 L
1773689 D
1773689 D
1773689 W
1773689 L
1774117 D
1774117 D
1774117 W
1774117 L
1836433 D
1836433 D
1836433 W
1836433 L
1842233 D
1842233 D
1842233 W
1842233 L
1865671 D
1865671 D
1865671 W
1865671 L
1871147 D
1871147 D
1871147 W
1871147 L
1894583 D
1894583 D
1894583 W
1894583 L
1920739 D
1920739 D
1920739 W
1920739 L
2087983 D
2087983 D
2087983 W
2087983 L
2098009 D
2098009 D
2098009 W
2098009 L
2158649 D
2158649 D
2158649 W
2158649 L
2174677 D
2174677 D
2174677 W
2174677 L
2187851 D
2187851 D
2187851 W
2187851 L
2218367 D
2218367 D
2218367 W
2218367 L
2360999 D
2360999 D
2360999 W
2360999 L
2454373 D
2454373 D
2454373 W
2454373 L
2456401 D
2456401 D
2456401 W
2456401 L
2485649 D
2485649 D
2485649 W
2485649 L
2576669 D
2576669 D
2576669 W
2576669 L
2731607 D
2731607 D
2731607 W
2731607 L
2809007 D
2809007 D
2809007 W
2809007 L
2973221 D
2973221 D
2973221 W
2973221 L
3110867 D
3110867 D
3110867 W
3110867 L
3164401 D
3164401 D
3164401 W
3164401 L
3401917 D
3401917 D
3401917 W
3401917 L
3541511 D
3541511 D
3541511 W
3541511 L
3600001 D
3600001 D
3600001 W
3600001 L
3636839 D
3636839 D
3636839 W
3636839 L
3735881 D
3735881 D
3735881 W
3735881 L
3792577 D
3792577 D
3792577 W
3792577 L
3880999 D
3880999 D
3880999 W
3880999 L
3990607 D
3990607 D
3990607 W
3990607 L
3997547 D
3997547 D
3997547 W
3997547 L
4282903 D
4282903 D
4282903 W
4282903 L
4584791 D
4584791 D
4584791 W
4584791 L
4603607 D
4603607 D
4603607 W
4603607 L
4691627 D
4691627 D
4691627 W
4691627 L
5333857 D
5333857 D
5333857 W
5333857 L
6036313 D
6036313 D
6036313 W
6036313 L
6223531 D
6223531 D
6223531 W
6223531 L
6678109 D
6678109 D
6678109 W
6678109 L
6957631 D
6957631 D
6957631 W
6957631 L
7267453 D
7267453 D
7267453 W
7267453 L
7346869 D
7346869 D
7346869 W
7346869 L
7480933 D
7480933 D
7480933 W
7480933 L
7481351 D
7481351 D
7481351 W
7481351 L
7998073 D
7998073 D
7998073 W
7998073 L
8036711 D
8036711 D
8036711 W
8036711 L
8377393 D
8377393 D
8377393 W
8377393 L
8503223 D
8503223 D
8503223 W
8503223 L
8793571 D
8793571 D
8793571 W
8793571 L
