5484
2 W
2 W
2 W
2 W
2 W
2 W
2 W
2 W
2 W
2 W
2 W
2 W
2 W
2 W
2 W
2 W
2 W
2 W
2 W
2 W
2 W
2 W
2 W
2 W
2 W
2 W
2 W
2 W
2 W
2 W
2 W
2 W
2 W
2 W
2 W
2 W
2 W
2 W
2 W
2 W
2 W
2 W
2 W
2 W
2 W
2 W
2 W
2 W
2 W
2 W
2 W
2 W
2 W
2 W
2 W
2 W
2 W
2 W
2 W
2 W
2 W
2 W
2 W
2 W
2 W
2 W
2 W
2 W
2 W
2 W
2 W
2 W
2 W
2 W
2 W
2 W
2 W
2 W
2 W
2 W
2 W
2 W
2 W
2 W
2 W
2 W
2 W
2 W
2 W
2 W
2 W
2 W
2 W
2 W
2 W
2 W
2 W
2 W
2 W
2 W
2 W
2 W
2 W
2 W
2 W
2 W
2 W
2 W
2 W
2 W
2 W
2 W
2 W
2 W
2 W
2 W
2 W
2 W
2 W
2 W
2 W
2 W
2 W
2 W
2 W
2 W
2 W
2 W
2 W
2 W
2 W
2 W
2 W
2 W
2 W
2 W
2 W
2 W
2 W
2 W
2 W
2 W
2 W
2 W
2 W
2 W
2 W
2 W
2 W
2 W
2 W
2 W
2 W
2 W
2 W
2 W
2 W
2 W
2 W
2 W
2 W
2 W
2 W
2 W
2 W
2 W
2 W
2 W
2 W
2 W
2 W
2 W
2 W
2 W
2 W
2 W
2 W
2 W
2 W
2 W
2 W
2 W
2 W
2 W
2 W
2 W
2 W
2 W
2 W
2 W
2 W
2 W
2 W
2 W
2 W
2 W
2 W
2 W
2 W
2 W
2 W
2 W
2 W
2 W
2 W
2 W
2 W
2 W
2 W
2 W
2 W
2 W
2 W
2 W
2 W
2 W
2 W
2 W
2 W
2 W
2 W
2 W
2 W
2 W
2 W
2 W
2 W
2 W
2 W
2 W
2 W
2 W
2 W
2 W
2 W
2 W
2 W
2 W
2 W
2 W
2 W
2 W
2 W
2 W
2 W
2 W
2 W
2 W
2 W
2 W
2 W
2 W
2 W
2 W
2 W
2 W
2 W
2 W
2 W
2 W
2 W
2 W
2 W
2 W
2 W
2 W
2 W
2 W
2 W
2 W
2 W
2 W
2 W
2 W
2 W
2 W
2 W
2 W
2 W
2 W
2 W
2 W
2 W
2 W
2 W
2 W
2 W
2 W
2 W
2 W
2 W
2 W
2 W
2 W
2 W
2 W
2 W
2 W
2 W
2 W
2 W
2 W
2 W
2 W
2 W
2 W
2 W
2 W
2 W
2 W
2 W
2 W
2 W
2 W
2 W
2 W
2 W
2 W
2 W
2 W
2 W
2 W
2 W
2 W
2 W
2 W
2 W
2 W
2 W
2 W
2 W
2 W
2 W
2 W
2 W
2 W
2 W
2 W
2 W
2 W
2 W
2 W
2 W
2 W
2 W
2 W
2 W
2 W
2 W
2 W
2 W
2 W
2 W
2 W
2 W
2 W
2 W
2 W
2 W
2 W
2 W
2 W
2 W
2 W
2 W
2 W
2 W
2 W
2 W
2 W
2 W
2 W
2 W
2 W
2 W
2 W
2 W
2 W
2 W
2 W
2 W
2 W
2 W
2 W
2 W
2 W
2 W
2 W
2 W
2 W
2 W
2 W
2 W
2 W
2 W
2 W
2 W
2 W
2 W
2 W
2 W
2 W
2 W
2 W
2 W
2 W
2 W
2 W
2 W
2 W
2 W
2 W
2 W
2 W
2 W
2 W
2 W
2 W
2 W
2 W
2 W
2 W
2 W
2 W
2 W
2 W
2 W
2 W
2 W
2 W
2 W
2 W
2 W
2 W
2 W
2 W
2 W
2 W
2 W
2 W
2 W
2 W
2 W
2 W
2 W
2 W
2 W
2 W
2 W
2 W
2 W
2 W
2 W
2 W
2 W
2 W
2 W
2 W
2 W
2 W
2 W
2 W
2 W
2 W
2 W
2 W
2 W
2 W
2 W
2 W
2 W
2 W
2 W
2 W
2 W
2 W
2 W
2 W
2 W
2 W
2 W
2 W
2 W
2 W
2 W
2 W
2 W
2 W
2 W
2 W
2 W
2 W
2 W
2 W
2 W
2 W
2 W
2 W
2 W
2 W
2 W
2 W
2 W
2 W
2 W
2 W
2 W
2 W
2 W
2 W
2 W
2 W
2 W
2 W
2 W
2 W
2 W
2 W
2 W
2 W
2 W
2 W
2 W
2 W
2 W
2 W
2 W
2 W
2 W
2 W
2 W
2 W
2 W
2 W
2 W
2 W
2 W
2 W
2 W
2 W
2 W
2 W
2 W
2 W
2 W
2 W
2 W
2 W
2 W
2 W
2 W
2 W
2 W
2 W
2 W
2 W
2 W
2 W
2 W
2 W
2 W
2 W
2 W
2 W
2 W
2 W
2 W
2 W
2 W
2 W
2 W
2 W
2 W
2 W
2 W
2 W
2 W
2 W
2 W
2 W
2 W
2 W
2 W
2 W
2 W
2 W
2 W
2 W
2 W
2 W
2 W
2 W
2 W
2 W
2 W
2 W
2 W
2 W
2 W
2 W
2 W
2 W
2 W
2 W
2 W
2 W
2 W
2 W
2 W
2 W
2 W
2 W
2 W
2 W
2 W
2 W
2 W
2 W
2 W
2 W
2 W
2 W
2 W
2 W
2 W
2 W
2 W
2 W
2 W
2 W
2 W
2 W
2 W
2 W
2 W
2 W
2 W
2 W
2 W
2 W
2 W
2 W
2 W
2 W
2 W
2 W
2 W
2 W
2 W
2 W
2 W
2 W
2 W
2 W
2 W
2 W
2 W
2 W
2 W
2 W
2 W
2 W
2 W
2 W
2 W
2 W
2 W
2 W
2 W
2 W
2 W
2 W
2 W
2 W
2 W
2 W
2 W
2 W
2 W
2 W
2 W
2 W
2 W
2 W
2 W
2 W
2 W
2 W
2 W
2 W
2 W
2 W
2 W
2 W
2 W
2 W
2 W
2 W
2 W
2 W
2 W
2 W
2 W
2 W
2 W
2 W
2 W
2 W
2 W
2 W
2 W
2 W
2 W
2 W
2 W
2 W
2 W
2 W
2 W
2 W
2 W
2 W
2 W
2 W
2 W
2 W
2 W
2 W
2 W
2 W
2 W
2 W
2 W
2 W
2 W
2 W
2 W
2 W
2 W
2 W
2 W
2 W
2 W
2 W
2 W
2 W
2 W
2 W
2 W
2 W
2 W
2 W
2 W
2 W
2 W
2 W
2 W
2 W
2 W
2 W
2 W
2 W
2 W
2 W
2 W
2 W
2 W
2 W
2 W
2 W
2 W
2 W
2 W
2 W
2 W
2 W
2 W
2 W
2 W
2 W
2 W
2 W
2 W
2 W
2 W
2 W
2 W
2 W
2 W
2 W
2 W
2 W
2 W
2 W
2 W
2 W
2 W
2 W
2 W
2 W
2 W
2 W
2 W
2 W
2 W
2 W
2 W
2 W
2 W
2 W
2 W
2 W
2 W
2 W
2 W
2 W
2 W
2 W
2 W
2 W
2 W
2 W
2 W
2 W
2 W
2 W
2 W
2 W
2 W
2 W
2 W
2 W
2 W
2 W
2 W
2 W
2 W
2 W
2 W
2 W
2 W
2 W
2 W
2 W
2 W
2 W
2 W
2 W
2 W
2 W
2 W
2 W
2 W
2 W
2 W
2 W
2 W
2 W
2 W
2 W
2 W
2 W
2 W
2 W
2 W
2 W
2 W
2 W
2 W
2 W
2 W
2 W
2 W
2 W
2 W
2 W
2 W
2 W
2 W
2 W
2 W
2 W
2 W
2 W
2 W
2 W
2 W
2 W
2 W
2 W
2 W
2 W
2 W
2 W
2 W
2 W
2 W
2 W
2 W
2 W
2 W
2 W
2 W
2 W
2 W
2 W
2 W
2 W
2 W
2 W
2 W
2 W
2 W
2 W
2 W
2 W
2 W
2 W
2 W
2 W
2 W
2 W
2 W
2 W
2 W
2 W
2 W
2 W
2 W
2 W
2 W
2 W
2 W
2 W
2 W
2 W
2 W
2 W
2 W
2 W
2 W
2 W
2 W
2 W
2 W
2 W
2 W
2 W
2 W
2 W
2 W
2 W
2 W
2 W
2 W
2 W
2 W
2 W
2 W
2 W
2 W
2 W
2 W
2 W
2 W
2 W
2 W
2 W
2 W
2 W
2 W
2 W
2 W
2 W
2 W
2 W
2 W
2 W
2 W
2 W
2 W
2 W
2 W
2 W
2 W
2 W
2 W
2 W
2 W
2 W
2 W
2 W
2 W
2 W
2 W
3 W
3 W
3 W
3 W
3 W
3 W
3 W
3 W
3 W
3 W
3 W
3 W
3 W
3 W
3 W
3 W
3 W
3 W
3 W
3 W
3 W
3 W
3 W
3 W
3 W
3 W
3 W
3 W
3 W
3 W
3 W
3 W
3 W
3 W
3 W
3 W
3 W
3 W
3 W
3 W
3 W
3 W
3 W
3 W
3 W
3 W
3 W
3 W
3 W
3 W
3 W
3 W
3 W
3 W
3 W
3 W
3 W
3 W
3 W
3 W
3 W
3 W
3 W
3 W
3 W
3 W
3 W
3 W
3 W
3 W
3 W
3 W
3 W
3 W
3 W
3 W
3 W
3 W
3 W
3 W
3 W
3 W
3 W
3 W
3 W
3 W
3 W
3 W
3 W
3 W
3 W
3 W
3 W
3 W
3 W
3 W
3 W
3 W
3 W
3 W
3 W
3 W
3 W
3 W
3 W
3 W
3 W
3 W
3 W
3 W
3 W
3 W
3 W
3 W
3 W
3 W
3 W
3 W
3 W
3 W
3 W
3 W
3 W
3 W
3 W
3 W
3 W
3 W
3 W
3 W
3 W
3 W
3 W
3 W
3 W
3 W
3 W
3 W
3 W
3 W
3 W
3 W
3 W
3 W
3 W
3 W
3 W
3 W
3 W
3 W
3 W
3 W
3 W
3 W
3 W
3 W
3 W
3 W
3 W
3 W
3 W
3 W
3 W
3 W
3 W
3 W
3 W
3 W
3 W
3 W
3 W
3 W
3 W
3 W
3 W
3 W
3 W
3 W
3 W
3 W
3 W
3 W
3 W
3 W
3 W
3 W
3 W
3 W
3 W
3 W
3 W
3 W
3 W
3 W
3 W
3 W
3 W
3 W
3 W
3 W
3 W
3 W
3 W
3 W
3 W
3 W
3 W
3 W
3 W
3 W
3 W
3 W
3 W
3 W
3 W
3 W
3 W
3 W
3 W
3 W
3 W
3 W
3 W
3 W
3 W
3 W
3 W
3 W
3 W
3 W
3 W
3 W
3 W
3 W
3 W
3 W
3 W
3 W
3 W
3 W
3 W
3 W
3 W
3 W
3 W
3 W
3 W
3 W
3 W
3 W
3 W
3 W
3 W
3 W
3 W
3 W
3 W
3 W
3 W
3 W
3 W
3 W
3 W
3 W
3 W
3 W
3 W
3 W
3 W
3 W
3 W
3 W
3 W
3 W
3 W
3 W
3 W
3 W
3 W
3 W
3 W
3 W
3 W
3 W
3 W
3 W
3 W
3 W
3 W
3 W
3 W
3 W
3 W
3 W
3 W
3 W
3 W
3 W
3 W
3 W
3 W
3 W
3 W
3 W
3 W
3 W
3 W
3 W
3 W
3 W
3 W
3 W
3 W
3 W
3 W
3 W
3 W
3 W
3 W
3 W
3 W
3 W
3 W
3 W
3 W
3 W
3 W
3 W
3 W
3 W
3 W
3 W
3 W
3 W
3 W
3 W
3 W
3 W
3 W
3 W
3 W
3 W
3 W
3 W
3 W
3 W
3 W
3 W
3 W
3 W
3 W
3 W
3 W
3 W
3 W
3 W
3 W
3 W
3 W
3 W
3 W
3 W
3 W
3 W
3 W
3 W
3 W
3 W
3 W
3 W
3 W
3 W
3 W
3 W
3 W
3 W
3 W
3 W
3 W
3 W
3 W
3 W
3 W
3 W
3 W
3 W
3 W
3 W
3 W
3 W
3 W
3 W
3 W
3 W
3 W
3 W
3 W
3 W
3 W
3 W
3 W
3 W
3 W
3 W
3 W
3 W
3 W
3 W
3 W
3 W
3 W
3 W
3 W
3 W
3 W
3 W
3 W
3 W
3 W
3 W
3 W
3 W
3 W
3 W
3 W
3 W
3 W
3 W
3 W
3 W
3 W
3 W
3 W
3 W
3 W
3 W
3 W
3 W
3 W
3 W
3 W
3 W
3 W
3 W
3 W
3 W
3 W
3 W
3 W
3 W
3 W
3 W
3 W
3 W
3 W
3 W
3 W
3 W
3 W
3 W
3 W
3 W
3 W
3 W
3 W
3 W
3 W
3 W
3 W
3 W
3 W
3 W
3 W
3 W
3 W
3 W
3 W
3 W
3 W
3 W
3 W
3 W
3 W
3 W
3 W
3 W
3 W
3 W
3 W
3 W
3 W
3 W
3 W
3 W
3 W
3 W
3 W
3 W
3 W
3 W
3 W
3 W
3 W
3 W
3 W
3 W
3 W
3 W
3 W
3 W
3 W
3 W
3 W
3 W
3 W
3 W
3 W
3 W
3 W
3 W
3 W
3 W
3 W
3 W
3 W
3 W
3 W
3 W
3 W
3 W
3 W
3 W
3 W
3 W
3 W
3 W
3 W
3 W
3 W
3 W
3 W
3 W
3 W
3 W
3 W
3 W
3 W
3 W
3 W
3 W
3 W
3 W
3 W
3 W
3 W
3 W
3 W
3 W
3 W
3 W
3 W
3 W
3 W
3 W
3 W
3 W
3 W
3 W
3 W
3 W
3 W
3 W
3 W
3 W
3 W
3 W
3 W
3 W
3 W
3 W
3 W
3 W
3 D
3 W
5 W
5 W
5 W
5 W
5 W
5 W
5 W
5 W
5 W
5 W
5 W
5 W
5 W
5 W
5 W
5 W
5 W
5 W
5 W
5 W
5 W
5 W
5 W
5 W
5 W
5 W
5 W
5 W
5 W
5 W
5 W
5 W
5 W
5 W
5 W
5 W
5 W
5 W
5 W
5 W
5 W
5 W
5 W
5 W
5 W
5 W
5 W
5 W
5 W
5 W
5 W
5 W
5 W
5 W
5 W
5 W
5 W
5 W
5 W
5 W
5 W
5 W
5 W
5 W
5 W
5 W
5 W
5 W
5 W
5 W
5 W
5 W
5 W
5 W
5 W
5 W
5 W
5 W
5 W
5 W
5 W
5 W
5 W
5 W
5 W
5 W
5 W
5 W
5 W
5 W
5 W
5 W
5 W
5 W
5 W
5 W
5 W
5 W
5 W
5 W
5 W
5 W
5 W
5 W
5 W
5 W
5 W
5 W
5 W
5 W
5 W
5 W
5 W
5 W
5 W
5 W
5 W
5 W
5 W
5 W
5 W
5 W
5 W
5 W
5 W
5 W
5 W
5 W
5 W
5 W
5 W
5 W
5 W
5 W
5 W
5 W
5 W
5 W
5 W
5 W
5 W
5 W
5 W
5 W
5 W
5 W
5 W
5 W
5 W
5 W
5 W
5 W
5 W
5 W
5 W
5 W
5 W
5 W
5 W
5 W
5 W
5 W
5 W
5 W
5 W
5 W
5 W
5 W
5 W
5 W
5 W
5 W
5 W
5 W
5 W
5 W
5 W
5 W
5 W
5 W
5 W
5 W
5 W
5 W
5 W
5 W
5 W
5 W
5 W
5 W
5 W
5 W
5 W
5 W
5 W
5 W
5 W
5 W
5 W
5 W
5 W
5 W
5 W
5 W
5 W
5 W
5 W
5 W
5 W
5 W
5 W
5 W
5 W
5 W
5 W
5 W
5 W
5 W
5 W
5 W
5 W
5 W
5 W
5 W
5 W
5 W
5 W
5 W
5 W
5 W
5 W
5 W
5 W
5 W
5 W
5 W
5 W
5 W
5 W
5 W
5 W
5 W
5 W
5 W
5 W
5 W
5 W
5 W
5 W
5 W
5 W
5 W
5 W
5 W
5 W
5 W
5 W
5 W
5 W
5 W
5 W
5 W
5 W
5 W
5 W
5 W
5 W
5 W
5 W
5 W
5 W
5 W
5 W
5 W
5 W
5 W
5 W
5 W
5 W
5 W
5 W
5 W
5 W
5 W
5 W
5 W
5 W
5 W
5 W
5 W
5 W
5 W
5 W
5 W
5 W
5 W
5 W
5 W
5 W
5 W
5 W
5 W
5 W
5 W
5 W
5 W
5 W
5 W
5 W
5 W
5 W
5 W
5 W
5 W
5 W
5 W
5 W
5 W
5 W
5 W
5 W
5 W
5 W
5 W
5 W
5 W
5 W
5 W
5 W
5 W
5 W
5 W
5 W
5 W
5 W
5 W
5 W
5 W
5 W
5 W
5 W
5 W
5 W
5 W
5 W
5 W
5 W
5 W
5 W
5 W
5 W
5 W
5 W
5 W
5 W
5 W
5 W
5 W
5 W
5 W
5 W
5 W
5 W
5 W
5 W
5 W
5 D
5 W
7 W
7 W
7 W
7 W
7 W
7 W
7 W
7 W
7 W
7 W
7 W
7 D
7 W
11 W
11 W
11 W
11 W
11 W
11 W
11 W
13 W
13 W
13 W
13 W
13 W
13 W
13 W
17 W
17 W
17 W
17 W
17 W
17 D
17 W
19 W
19 W
19 W
19 W
19 W
19 D
19 W
23 W
23 W
29 W
29 W
31 W
31 W
31 W
37 W
41 D
41 W
43 W
43 W
47 W
47 W
53 W
59 D
59 W
67 W
67 D
67 W
71 D
71 W
73 W
73 D
73 W
79 D
79 W
83 D
83 W
101 D
101 W
107 D
107 W
109 W
127 D
127 W
137 D
137 W
139 D
139 W
151 D
151 W
157 W
167 D
167 W
173 D
173 W
179 D
179 W
191 W
193 D
193 W
199 D
199 W
223 D
223 W
233 D
233 W
239 W
239 D
239 W
241 D
241 W
251 D
251 W
257 D
257 W
269 D
269 W
283 D
283 W
307 D
307 W
347 D
347 W
349 D
349 W
419 W
419 D
419 W
449 D
449 W
479 D
479 W
503 D
503 W
593 D
593 W
653 D
653 W
743 D
743 W
761 D
761 W
809 D
809 W
953 D
953 W
1031 D
1031 W
1187 D
1187 W
1399 D
1399 W
1697 D
1697 W
1871 D
1871 W
1931 D
1931 W
1949 D
1949 W
2153 D
2153 W
2269 D
2269 W
2293 D
2293 W
3853 D
3853 W
4547 D
4547 W
6899 D
6899 W
12227 D
12227 W
14411 D
14411 W
26833 D
26833 W
26891 D
26891 W
132623 D
132623 W
298157 D
298157 W
752203 D
752203 W
3947579 D
3947579 W
2 L
2 L
2 L
2 L
2 L
2 L
2 L
2 L
2 L
2 L
2 L
2 L
2 L
2 L
2 L
2 L
2 L
2 L
2 L
2 L
2 L
2 L
2 L
2 L
2 L
2 L
2 L
2 L
2 L
2 L
2 L
2 L
2 L
2 L
2 L
2 L
2 L
2 L
2 L
2 L
2 L
2 L
2 L
2 L
2 L
2 L
2 L
2 L
2 L
2 L
2 L
2 L
2 L
2 L
2 L
2 L
2 L
2 L
2 L
2 L
2 L
2 L
2 L
2 L
2 L
2 L
2 L
2 L
2 L
2 L
2 L
2 L
2 L
2 L
2 L
2 L
2 L
2 L
2 L
2 L
2 L
2 L
2 L
2 L
2 L
2 L
2 L
2 L
2 L
2 L
2 L
2 L
2 L
2 L
2 L
2 L
2 L
2 L
2 L
2 L
2 L
2 L
2 L
2 L
2 L
2 L
2 L
2 L
2 L
2 L
2 L
2 L
2 L
2 L
2 L
2 L
2 L
2 L
2 L
2 L
2 L
2 L
2 L
2 L
2 L
2 L
2 L
2 L
2 L
2 L
2 L
2 L
2 L
2 L
2 L
2 L
2 L
2 L
2 L
2 L
2 L
2 L
2 L
2 L
2 L
2 L
2 L
2 L
2 L
2 L
2 L
2 L
2 L
2 L
2 L
2 L
2 L
2 L
2 L
2 L
2 L
2 L
2 L
2 L
2 L
2 L
2 L
2 L
2 L
2 L
2 L
2 L
2 L
2 L
2 L
2 L
2 L
2 L
2 L
2 L
2 L
2 L
2 L
2 L
2 L
2 L
2 L
2 L
2 L
2 L
2 L
2 L
2 L
2 L
2 L
2 L
2 L
2 L
2 L
2 L
2 L
2 L
2 L
2 L
2 L
2 L
2 L
2 L
2 L
2 L
2 L
2 L
2 L
2 L
2 L
2 L
2 L
2 L
2 L
2 L
2 L
2 L
2 L
2 L
2 L
2 L
2 L
2 L
2 L
2 L
2 L
2 L
2 L
2 L
2 L
2 L
2 L
2 L
2 L
2 L
2 L
2 L
2 L
2 L
2 L
2 L
2 L
2 L
2 L
2 L
2 L
2 L
2 L
2 L
2 L
2 L
2 L
2 L
2 L
2 L
2 L
2 L
2 L
2 L
2 L
2 L
2 L
2 L
2 L
2 L
2 L
2 L
2 L
2 L
2 L
2 L
2 L
2 L
2 L
2 L
2 L
2 L
2 L
2 L
2 L
2 L
2 L
2 L
2 L
2 L
2 L
2 L
2 L
2 L
2 L
2 L
2 L
2 L
2 L
2 L
2 L
2 L
2 L
2 L
2 L
2 L
2 L
2 L
2 L
2 L
2 L
2 L
2 L
2 L
2 L
2 L
2 L
2 L
2 L
2 L
2 L
2 L
2 L
2 L
2 L
2 L
2 L
2 L
2 L
2 L
2 L
2 L
2 L
2 L
2 L
2 L
2 L
2 L
2 L
2 L
2 L
2 L
2 L
2 L
2 L
2 L
2 L
2 L
2 L
2 L
2 L
2 L
2 L
2 L
2 L
2 L
2 L
2 L
2 L
2 L
2 L
2 L
2 L
2 L
2 L
2 L
2 L
2 L
2 L
2 L
2 L
2 L
2 L
2 L
2 L
2 L
2 L
2 L
2 L
2 L
2 L
2 L
2 L
2 L
2 L
2 L
2 L
2 L
2 L
2 L
2 L
2 L
2 L
2 L
2 L
2 L
2 L
2 L
2 L
2 L
2 L
2 L
2 L
2 L
2 L
2 L
2 L
2 L
2 L
2 L
2 L
2 L
2 L
2 L
2 L
2 L
2 L
2 L
2 L
2 L
2 L
2 L
2 L
2 L
2 L
2 L
2 L
2 L
2 L
2 L
2 L
2 L
2 L
2 L
2 L
2 L
2 L
2 L
2 L
2 L
2 L
2 L
2 L
2 L
2 L
2 L
2 L
2 L
2 L
2 L
2 L
2 L
2 L
2 L
2 L
2 L
2 L
2 L
2 L
2 L
2 L
2 L
2 L
2 L
2 L
2 L
2 L
2 L
2 L
2 L
2 L
2 L
2 L
2 L
2 L
2 L
2 L
2 L
2 L
2 L
2 L
2 L
2 L
2 L
2 L
2 L
2 L
2 L
2 L
2 L
2 L
2 L
2 L
2 L
2 L
2 L
2 L
2 L
2 L
2 L
2 L
2 L
2 L
2 L
2 L
2 L
2 L
2 L
2 L
2 L
2 L
2 L
2 L
2 L
2 L
2 L
2 L
2 L
2 L
2 L
2 L
2 L
2 L
2 L
2 L
2 L
2 L
2 L
2 L
2 L
2 L
2 L
2 L
2 L
2 L
2 L
2 L
2 L
2 L
2 L
2 L
2 L
2 L
2 L
2 L
2 L
2 L
2 L
2 L
2 L
2 L
2 L
2 L
2 L
2 L
2 L
2 L
2 L
2 L
2 L
2 L
2 L
2 L
2 L
2 L
2 L
2 L
2 L
2 L
2 L
2 L
2 L
2 L
2 L
2 L
2 L
2 L
2 L
2 L
2 L
2 L
2 L
2 L
2 L
2 L
2 L
2 L
2 L
2 L
2 L
2 L
2 L
2 L
2 L
2 L
2 L
2 L
2 L
2 L
2 L
2 L
2 L
2 L
2 L
2 L
2 L
2 L
2 L
2 L
2 L
2 L
2 L
2 L
2 L
2 L
2 L
2 L
2 L
2 L
2 L
2 L
2 L
2 L
2 L
2 L
2 L
2 L
2 L
2 L
2 L
2 L
2 L
2 L
2 L
2 L
2 L
2 L
2 L
2 L
2 L
2 L
2 L
2 L
2 L
2 L
2 L
2 L
2 L
2 L
2 L
2 L
2 L
2 L
2 L
2 L
2 L
2 L
2 L
2 L
2 L
2 L
2 L
2 L
2 L
2 L
2 L
2 L
2 L
2 L
2 L
2 L
2 L
2 L
2 L
2 L
2 L
2 L
2 L
2 L
2 L
2 L
2 L
2 L
2 L
2 L
2 L
2 L
2 L
2 L
2 L
2 L
2 L
2 L
2 L
2 L
2 L
2 L
2 L
2 L
2 L
2 L
2 L
2 L
2 L
2 L
2 L
2 L
2 L
2 L
2 L
2 L
2 L
2 L
2 L
2 L
2 L
2 L
2 L
2 L
2 L
2 L
2 L
2 L
2 L
2 L
2 L
2 L
2 L
2 L
2 L
2 L
2 L
2 L
2 L
2 L
2 L
2 L
2 L
2 L
2 L
2 L
2 L
2 L
2 L
2 L
2 L
2 L
2 L
2 L
2 L
2 L
2 L
2 L
2 L
2 L
2 L
2 L
2 L
2 L
2 L
2 L
2 L
2 L
2 L
2 L
2 L
2 L
2 L
2 L
2 L
2 L
2 L
2 L
2 L
2 L
2 L
2 L
2 L
2 L
2 L
2 L
2 L
2 L
2 L
2 L
2 L
2 L
2 L
2 L
2 L
2 L
2 L
2 L
2 L
2 L
2 L
2 L
2 L
2 L
2 L
2 L
2 L
2 L
2 L
2 L
2 L
2 L
2 L
2 L
2 L
2 L
2 L
2 L
2 L
2 L
2 L
2 L
2 L
2 L
2 L
2 L
2 L
2 L
2 L
2 L
2 L
2 L
2 L
2 L
2 L
2 L
2 L
2 L
2 L
2 L
2 L
2 L
2 L
2 L
2 L
2 L
2 L
2 L
2 L
2 L
2 L
2 L
2 L
2 L
2 L
2 L
2 L
2 L
2 L
2 L
2 L
2 L
2 L
2 L
2 L
2 L
2 L
2 L
2 L
2 L
2 L
2 L
2 L
2 L
2 L
2 L
2 L
2 L
2 L
2 L
2 L
2 L
2 L
2 L
2 L
2 L
2 L
2 L
2 L
2 L
2 L
2 L
2 L
2 L
2 L
2 L
2 L
2 L
2 L
2 L
2 L
2 L
2 L
2 L
2 L
2 L
2 L
2 L
2 L
2 L
2 L
2 L
2 L
2 L
2 L
2 L
2 L
2 L
2 L
2 L
2 L
2 L
2 L
2 L
2 L
2 L
2 L
2 L
2 L
2 L
2 L
2 L
2 L
2 L
2 L
2 L
2 L
2 L
2 L
2 L
2 L
2 L
2 L
2 L
2 L
2 L
2 L
2 L
2 L
2 L
2 L
2 L
2 L
2 L
2 L
2 L
2 L
2 L
2 L
2 L
2 L
2 L
2 L
2 L
2 L
2 L
2 L
2 L
2 L
2 L
2 L
2 L
2 L
2 L
2 L
2 L
2 L
2 L
2 L
2 L
2 L
2 L
2 L
2 L
2 L
2 L
2 L
2 L
2 L
2 L
2 L
2 L
2 L
2 L
2 L
2 L
2 L
2 L
2 L
2 L
2 L
2 L
2 L
2 L
2 L
2 L
2 L
2 L
2 L
2 L
2 L
2 L
2 L
2 L
2 L
2 L
2 L
2 L
2 L
2 L
2 L
2 L
2 L
2 L
2 L
2 L
2 L
2 L
2 L
2 L
2 L
2 L
2 L
2 L
2 L
2 L
2 L
2 L
2 L
2 L
2 L
2 L
2 L
2 L
2 L
2 L
2 L
2 L
2 L
2 L
2 L
2 L
2 L
2 L
2 L
2 L
2 L
2 L
2 L
2 L
2 L
2 L
2 L
2 L
2 L
2 L
2 L
2 L
2 L
2 L
2 L
2 L
2 L
2 L
2 L
2 L
2 L
2 L
2 L
2 L
2 L
2 L
2 L
2 L
2 L
2 L
2 L
2 L
2 L
2 L
2 L
2 L
2 L
2 L
2 L
2 L
2 L
2 L
2 L
2 L
2 L
2 L
2 L
2 L
2 L
2 L
2 L
2 L
2 L
2 L
2 L
2 L
2 L
2 L
2 L
2 L
2 L
2 L
2 L
2 L
2 L
2 L
2 L
2 L
2 L
2 L
2 L
2 L
2 L
2 L
2 L
2 L
2 L
2 L
2 L
2 L
2 L
2 L
2 L
2 L
2 L
2 L
2 L
2 L
2 L
2 L
2 L
2 L
2 L
2 L
2 L
2 L
2 L
2 L
2 L
2 L
2 L
2 L
2 L
2 L
2 L
2 L
2 L
2 L
2 L
2 L
2 L
2 L
2 L
2 L
2 L
2 L
2 L
2 L
2 L
2 L
2 L
2 L
2 L
2 L
2 L
2 L
2 L
2 L
2 L
2 L
2 L
2 L
2 L
2 L
2 L
2 L
2 L
2 L
2 L
2 L
2 L
2 L
2 L
2 L
2 L
2 L
2 L
2 L
2 L
2 L
2 L
2 L
2 L
2 L
2 L
2 L
2 L
2 L
2 L
2 L
2 L
2 L
2 L
2 L
2 L
2 L
2 L
2 L
2 L
2 L
2 L
2 L
2 L
2 L
2 L
2 L
2 L
2 L
2 L
2 L
2 L
2 L
2 L
2 L
2 L
2 L
2 L
2 L
2 L
2 L
2 L
2 L
2 L
2 L
2 L
2 L
2 L
2 L
2 L
2 L
2 L
2 L
2 L
2 L
2 L
2 L
2 L
2 L
2 L
2 L
2 L
2 L
2 L
2 L
2 L
2 L
2 L
2 L
2 L
2 L
2 L
2 L
2 L
2 L
2 L
2 L
2 L
2 L
2 L
2 L
2 L
2 L
2 L
2 L
2 L
2 L
2 L
2 L
2 L
2 L
2 L
2 L
2 L
2 L
2 L
2 L
2 L
2 L
2 L
2 L
2 L
2 L
2 L
2 L
2 L
2 L
2 L
2 L
2 L
2 L
2 L
2 L
2 L
2 L
2 L
2 L
2 L
2 L
2 L
2 L
2 L
2 L
2 L
2 L
2 L
2 L
2 L
2 L
2 L
2 L
2 L
2 L
2 L
2 L
2 L
2 L
2 L
2 L
2 L
2 L
2 L
2 L
2 L
2 L
2 L
2 L
2 L
2 L
2 L
2 L
2 L
2 L
2 L
2 L
2 L
2 L
2 L
2 L
2 L
2 L
2 L
2 L
2 L
2 L
2 L
2 L
2 L
2 L
2 L
2 L
2 L
2 L
2 L
2 L
2 L
2 L
2 L
2 L
2 L
2 L
2 L
2 L
2 L
2 L
2 L
2 L
2 L
2 L
2 L
2 L
2 L
2 L
2 L
2 L
2 L
2 L
2 L
2 L
2 L
2 L
2 L
2 L
2 L
2 L
2 L
2 L
2 L
2 L
2 L
2 L
2 L
2 L
2 L
2 L
2 L
2 L
2 L
2 L
2 L
2 L
2 L
2 L
2 L
2 L
2 L
2 L
2 L
2 L
2 L
2 L
2 L
2 L
2 L
2 L
2 L
2 L
2 L
2 L
2 L
2 L
2 L
2 L
2 L
2 L
2 L
2 L
2 L
2 L
2 L
2 L
2 L
2 L
2 L
2 L
2 L
2 L
2 L
2 L
2 L
2 L
2 L
2 L
2 L
2 L
2 L
2 L
2 L
2 L
2 L
2 L
2 L
2 L
2 L
2 L
2 L
2 L
2 L
2 L
2 L
2 L
2 L
2 L
2 L
2 L
2 L
2 L
2 L
2 L
2 L
2 L
2 L
2 L
2 L
3 L
3 L
3 L
3 L
3 L
3 L
3 L
3 L
3 L
3 L
3 L
3 L
3 L
3 L
3 L
3 L
3 L
3 L
3 L
3 L
3 L
3 L
3 L
3 L
3 L
3 L
3 L
3 L
3 L
3 L
3 L
3 L
3 L
3 L
3 L
3 L
3 L
3 L
3 L
3 L
3 L
3 L
3 L
3 L
3 L
3 L
3 L
3 L
3 L
3 L
3 L
3 L
3 L
3 L
3 L
3 L
3 L
3 L
3 L
3 L
3 L
3 L
3 L
3 L
3 L
3 L
3 L
3 L
3 L
3 L
3 L
3 L
3 L
3 L
3 L
3 L
3 L
3 L
3 L
3 L
3 L
3 L
3 L
3 L
3 L
3 L
3 L
3 L
3 L
3 L
3 L
3 L
3 L
3 L
3 L
3 L
3 L
3 L
3 L
3 L
3 L
3 L
3 L
3 L
3 L
3 L
3 L
3 L
3 L
3 L
3 L
3 L
3 L
3 L
3 L
3 L
3 L
3 L
3 L
3 L
3 L
3 L
3 L
3 L
3 L
3 L
3 L
3 L
3 L
3 L
3 L
3 L
3 L
3 L
3 L
3 L
3 L
3 L
3 L
3 L
3 L
3 L
3 L
3 L
3 L
3 L
3 L
3 L
3 L
3 L
3 L
3 L
3 L
3 L
3 L
3 L
3 L
3 L
3 L
3 L
3 L
3 L
3 L
3 L
3 L
3 L
3 L
3 L
3 L
3 L
3 L
3 L
3 L
3 L
3 L
3 L
3 L
3 L
3 L
3 L
3 L
3 L
3 L
3 L
3 L
3 L
3 L
3 L
3 L
3 L
3 L
3 L
3 L
3 L
3 L
3 L
3 L
3 L
3 L
3 L
3 L
3 L
3 L
3 L
3 L
3 L
3 L
3 L
3 L
3 L
3 L
3 L
3 L
3 L
3 L
3 L
3 L
3 L
3 L
3 L
3 L
3 L
3 L
3 L
3 L
3 L
3 L
3 L
3 L
3 L
3 L
3 L
3 L
3 L
3 L
3 L
3 L
3 L
3 L
3 L
3 L
3 L
3 L
3 L
3 L
3 L
3 L
3 L
3 L
3 L
3 L
3 L
3 L
3 L
3 L
3 L
3 L
3 L
3 L
3 L
3 L
3 L
3 L
3 L
3 L
3 L
3 L
3 L
3 L
3 L
3 L
3 L
3 L
3 L
3 L
3 L
3 L
3 L
3 L
3 L
3 L
3 L
3 L
3 L
3 L
3 L
3 L
3 L
3 L
3 L
3 L
3 L
3 L
3 L
3 L
3 L
3 L
3 L
3 L
3 L
3 L
3 L
3 L
3 L
3 L
3 L
3 L
3 L
3 L
3 L
3 L
3 L
3 L
3 L
3 L
3 L
3 L
3 L
3 L
3 L
3 L
3 L
3 L
3 L
3 L
3 L
3 L
3 L
3 L
3 L
3 L
3 L
3 L
3 L
3 L
3 L
3 L
3 L
3 L
3 L
3 L
3 L
3 L
3 L
3 L
3 L
3 L
3 L
3 L
3 L
3 L
3 L
3 L
3 L
3 L
3 L
3 L
3 L
3 L
3 L
3 L
3 L
3 L
3 L
3 L
3 L
3 L
3 L
3 L
3 L
3 L
3 L
3 L
3 L
3 L
3 L
3 L
3 L
3 L
3 L
3 L
3 L
3 L
3 L
3 L
3 L
3 L
3 L
3 L
3 L
3 L
3 L
3 L
3 L
3 L
3 L
3 L
3 L
3 L
3 L
3 L
3 L
3 L
3 L
3 L
3 L
3 L
3 L
3 L
3 L
3 L
3 L
3 L
3 L
3 L
3 L
3 L
3 L
3 L
3 L
3 L
3 L
3 L
3 L
3 L
3 L
3 L
3 L
3 L
3 L
3 L
3 L
3 L
3 L
3 L
3 L
3 L
3 L
3 L
3 L
3 L
3 L
3 L
3 L
3 L
3 L
3 L
3 L
3 L
3 L
3 L
3 L
3 L
3 L
3 L
3 L
3 L
3 L
3 L
3 L
3 L
3 L
3 L
3 L
3 L
3 L
3 L
3 L
3 L
3 L
3 L
3 L
3 L
3 L
3 L
3 L
3 L
3 L
3 L
3 L
3 L
3 L
3 L
3 L
3 L
3 L
3 L
3 L
3 L
3 L
3 L
3 L
3 L
3 L
3 L
3 L
3 L
3 L
3 L
3 L
3 L
3 L
3 L
3 L
3 L
3 L
3 L
3 L
3 L
3 L
3 L
3 L
3 L
3 L
3 L
3 L
3 L
3 L
3 L
3 L
3 L
3 L
3 L
3 L
3 L
3 L
3 L
3 L
3 L
3 L
3 L
3 L
3 L
3 L
3 L
3 L
3 L
3 L
3 L
3 L
3 L
3 L
3 L
3 L
3 L
3 L
3 L
3 L
3 L
3 L
3 L
3 L
3 L
3 L
3 L
3 L
3 L
3 L
3 L
3 L
3 L
3 L
3 L
3 L
3 L
3 L
3 L
3 L
3 L
3 L
3 L
3 L
3 L
3 L
3 L
3 L
3 L
3 L
3 L
3 L
3 L
3 L
3 L
3 L
3 L
3 L
3 L
3 L
3 L
3 L
3 L
3 L
3 L
3 L
3 L
3 L
3 L
3 L
3 L
3 L
3 L
3 L
3 L
3 L
3 L
3 L
3 L
3 L
3 L
3 L
3 L
3 L
3 L
3 L
3 L
3 L
3 L
3 L
3 L
3 L
3 L
3 L
3 L
3 L
3 L
3 L
3 L
3 L
3 L
3 L
3 L
3 L
3 L
3 L
3 L
3 L
3 L
3 L
3 L
3 L
3 L
3 L
3 L
3 L
3 L
3 L
3 L
3 L
3 L
3 L
3 L
3 L
3 L
3 L
3 L
3 L
3 L
3 L
3 L
3 L
3 L
3 L
3 L
3 L
3 L
3 L
3 L
3 L
3 L
3 L
3 L
3 L
3 L
3 L
3 L
3 L
3 L
3 L
3 L
3 L
3 L
3 L
3 L
3 L
3 L
3 L
3 L
3 L
3 L
3 L
3 L
3 L
3 L
3 L
3 L
3 L
3 L
3 L
3 L
3 L
3 L
3 L
3 L
3 L
3 L
3 L
3 L
3 L
3 L
3 L
3 L
3 L
3 L
3 L
3 L
3 L
3 L
3 L
3 L
3 L
3 L
3 L
3 L
3 L
3 L
3 L
3 L
3 L
3 L
3 L
3 L
3 L
3 L
3 L
3 L
3 L
3 L
3 L
3 L
3 L
3 L
3 L
3 L
3 L
3 L
3 L
3 L
3 L
3 L
3 L
3 L
3 L
3 L
3 L
3 L
3 L
3 L
3 L
3 L
3 L
3 L
3 L
3 L
3 L
3 L
3 L
3 L
3 L
3 L
3 L
3 L
3 L
3 L
3 L
3 L
3 L
3 L
3 L
3 L
3 L
3 L
3 L
3 L
3 L
3 L
3 L
3 L
3 L
3 L
3 L
3 L
3 L
3 L
3 L
3 L
3 L
3 L
3 L
3 L
3 L
3 L
3 L
3 L
3 L
3 L
3 L
3 L
3 L
3 L
3 L
3 L
3 L
3 L
3 L
3 L
3 L
3 L
3 L
3 L
3 L
3 L
3 L
3 L
3 L
3 L
3 L
3 L
3 L
3 L
3 L
3 L
3 L
3 L
3 L
3 L
3 L
3 L
3 L
3 L
3 L
3 L
3 L
3 L
3 L
3 L
3 L
3 L
3 L
3 L
3 L
3 L
3 D
3 D
3 W
3 L
5 L
5 L
5 L
5 L
5 L
5 L
5 L
5 L
5 L
5 L
5 L
5 L
5 L
5 L
5 L
5 L
5 L
5 L
5 L
5 L
5 L
5 L
5 L
5 L
5 L
5 L
5 L
5 L
5 L
5 L
5 L
5 L
5 L
5 L
5 L
5 L
5 L
5 L
5 L
5 L
5 L
5 L
5 L
5 L
5 L
5 L
5 L
5 L
5 L
5 L
5 L
5 L
5 L
5 L
5 L
5 L
5 L
5 L
5 L
5 L
5 L
5 L
5 L
5 L
5 L
5 L
5 L
5 L
5 L
5 L
5 L
5 L
5 L
5 L
5 L
5 L
5 L
5 L
5 L
5 L
5 L
5 L
5 L
5 L
5 L
5 L
5 L
5 L
5 L
5 L
5 L
5 L
5 L
5 L
5 L
5 L
5 L
5 L
5 L
5 L
5 L
5 L
5 L
5 L
5 L
5 L
5 L
5 L
5 L
5 L
5 L
5 L
5 L
5 L
5 L
5 L
5 L
5 L
5 L
5 L
5 L
5 L
5 L
5 L
5 L
5 L
5 L
5 L
5 L
5 L
5 L
5 L
5 L
5 L
5 L
5 L
5 L
5 L
5 L
5 L
5 L
5 L
5 L
5 L
5 L
5 L
5 L
5 L
5 L
5 L
5 L
5 L
5 L
5 L
5 L
5 L
5 L
5 L
5 L
5 L
5 L
5 L
5 L
5 L
5 L
5 L
5 L
5 L
5 L
5 L
5 L
5 L
5 L
5 L
5 L
5 L
5 L
5 L
5 L
5 L
5 L
5 L
5 L
5 L
5 L
5 L
5 L
5 L
5 L
5 L
5 L
5 L
5 L
5 L
5 L
5 L
5 L
5 L
5 L
5 L
5 L
5 L
5 L
5 L
5 L
5 L
5 L
5 L
5 L
5 L
5 L
5 L
5 L
5 L
5 L
5 L
5 L
5 L
5 L
5 L
5 L
5 L
5 L
5 L
5 L
5 L
5 L
5 L
5 L
5 L
5 L
5 L
5 L
5 L
5 L
5 L
5 L
5 L
5 L
5 L
5 L
5 L
5 L
5 L
5 L
5 L
5 L
5 L
5 L
5 L
5 L
5 L
5 L
5 L
5 L
5 L
5 L
5 L
5 L
5 L
5 L
5 L
5 L
5 L
5 L
5 L
5 L
5 L
5 L
5 L
5 L
5 L
5 L
5 L
5 L
5 L
5 L
5 L
5 L
5 L
5 L
5 L
5 L
5 L
5 L
5 L
5 L
5 L
5 L
5 L
5 L
5 L
5 L
5 L
5 L
5 L
5 L
5 L
5 L
5 L
5 L
5 L
5 L
5 L
5 L
5 L
5 L
5 L
5 L
5 L
5 L
5 L
5 L
5 L
5 L
5 L
5 L
5 L
5 L
5 L
5 L
5 L
5 L
5 L
5 L
5 L
5 L
5 L
5 L
5 L
5 L
5 L
5 L
5 L
5 L
5 L
5 L
5 L
5 L
5 L
5 L
5 L
5 L
5 L
5 L
5 L
5 L
5 L
5 L
5 L
5 L
5 L
5 L
5 L
5 L
5 L
5 L
5 L
5 L
5 L
5 L
5 L
5 L
5 L
5 L
5 L
5 L
5 L
5 L
5 L
5 L
5 L
5 L
5 L
5 L
5 L
5 L
5 L
5 L
5 L
5 L
5 L
5 L
5 L
5 L
5 L
5 L
5 L
5 L
5 L
5 L
5 L
5 L
5 L
5 L
5 L
5 L
5 L
5 L
5 L
5 L
5 L
5 L
5 L
5 L
5 L
5 L
5 L
5 L
5 L
5 L
5 L
5 L
5 L
5 L
5 L
5 L
5 L
5 L
5 L
5 L
5 L
5 L
5 L
5 L
5 L
5 L
5 L
5 L
5 L
5 L
5 L
5 L
5 L
5 L
5 L
5 L
5 L
5 L
5 L
5 L
5 L
5 L
5 L
5 L
5 L
5 L
5 L
5 L
5 L
5 L
5 L
5 L
5 L
5 L
5 L
5 L
5 L
5 L
5 L
5 L
5 L
5 L
5 L
5 L
5 L
5 L
5 L
5 L
5 L
5 L
5 L
5 L
5 L
5 L
5 L
5 L
5 L
5 L
5 L
5 L
5 L
5 L
5 L
5 L
5 L
5 L
5 L
5 L
5 L
5 L
5 L
5 L
5 L
5 L
5 L
5 L
5 L
5 L
5 L
5 L
5 L
5 L
5 L
5 L
5 L
5 L
5 L
5 L
5 L
5 L
5 L
5 L
5 L
5 L
5 L
5 L
5 L
5 L
5 L
5 L
5 L
5 L
5 L
5 L
5 L
5 L
5 L
5 L
5 L
5 L
5 L
5 L
5 L
5 L
5 L
5 L
5 L
5 L
5 L
5 L
5 L
5 L
5 L
5 L
5 L
5 L
5 L
5 L
5 L
5 L
5 L
5 L
5 L
5 L
5 L
5 L
5 L
5 L
5 L
5 L
5 L
5 L
5 L
5 L
5 L
5 L
5 L
5 L
5 L
5 L
5 L
5 L
5 L
5 L
7 L
7 L
7 L
7 L
7 L
7 L
7 L
7 L
7 L
7 L
7 L
7 L
7 L
7 L
7 L
7 L
7 L
7 L
11 L
11 L
11 L
11 L
11 L
11 L
11 L
11 L
11 L
11 L
11 L
11 L
11 D
11 D
11 W
11 L
13 L
13 L
13 L
13 L
13 L
13 L
13 L
13 L
13 L
13 L
13 L
13 L
17 L
17 L
17 L
17 L
17 L
17 L
17 L
17 L
17 L
17 L
19 L
19 L
19 L
19 L
19 L
19 L
19 D
19 D
19 W
19 L
23 L
23 L
23 D
23 D
23 W
23 L
29 L
29 L
29 L
29 L
31 L
31 L
37 L
37 L
37 D
37 D
37 W
37 L
41 L
41 D
41 D
41 W
41 L
43 L
43 D
43 D
43 W
43 L
47 L
47 L
47 L
47 L
47 D
47 D
47 W
47 L
53 L
59 L
59 L
61 L
67 L
67 D
67 D
67 W
67 L
71 L
73 L
73 D
73 D
73 W
73 L
79 L
79 L
79 D
79 D
79 W
79 L
83 L
83 L
89 L
101 L
101 D
101 D
101 W
101 L
103 L
103 D
103 D
103 W
103 L
107 L
109 L
113 D
113 D
113 W
113 L
127 L
131 D
131 D
131 W
131 L
137 L
139 L
139 D
139 D
139 W
139 L
149 D
149 D
149 W
149 L
151 D
151 D
151 W
151 L
157 D
157 D
157 W
157 L
167 L
167 D
167 D
167 W
167 L
173 D
173 D
173 W
173 L
179 L
191 D
191 D
191 W
191 L
193 D
193 D
193 W
193 L
197 D
197 D
197 W
197 L
199 D
199 D
199 W
199 L
211 D
211 D
211 W
211 L
223 D
223 D
223 W
223 L
227 D
227 D
227 W
227 L
233 L
239 L
241 D
241 D
241 W
241 L
251 D
251 D
251 W
251 L
257 L
257 D
257 D
257 W
257 L
263 D
263 D
263 W
263 L
269 L
271 D
271 D
271 W
271 L
281 D
281 D
281 W
281 L
283 L
307 D
307 D
307 W
307 L
313 D
313 D
313 W
313 L
317 D
317 D
317 W
317 L
347 D
347 D
347 W
347 L
349 D
349 D
349 W
349 L
353 D
353 D
353 W
353 L
359 L
419 L
449 D
449 D
449 W
449 L
479 D
479 D
479 W
479 L
503 D
503 D
503 W
503 L
563 L
569 D
569 D
569 W
569 L
593 D
593 D
593 W
593 L
617 D
617 D
617 W
617 L
653 D
653 D
653 W
653 L
709 D
709 D
709 W
709 L
739 D
739 D
739 W
739 L
743 D
743 D
743 W
743 L
761 D
761 D
761 W
761 L
809 D
809 D
809 W
809 L
829 D
829 D
829 W
829 L
953 D
953 D
953 W
953 L
1031 D
1031 D
1031 W
1031 L
1063 D
1063 D
1063 W
1063 L
1069 D
1069 D
1069 W
1069 L
1187 D
1187 D
1187 W
1187 L
1327 D
1327 D
1327 W
1327 L
1399 D
1399 D
1399 W
1399 L
1511 D
1511 D
1511 W
1511 L
1697 D
1697 D
1697 W
1697 L
1871 L
1931 D
1931 D
1931 W
1931 L
1949 D
1949 D
1949 W
1949 L
2003 D
2003 D
2003 W
2003 L
2141 D
2141 D
2141 W
2141 L
2153 D
2153 D
2153 W
2153 L
2269 D
2269 D
2269 W
2269 L
2293 D
2293 D
2293 W
2293 L
2309 D
2309 D
2309 W
2309 L
2963 D
2963 D
2963 W
2963 L
3853 D
3853 D
3853 W
3853 L
4547 D
4547 D
4547 W
4547 L
6899 D
6899 D
6899 W
6899 L
12227 D
12227 D
12227 W
12227 L
14411 D
14411 D
14411 W
14411 L
26833 D
26833 D
26833 W
26833 L
26891 D
26891 D
26891 W
26891 L
36551 D
36551 D
36551 W
36551 L
132623 D
132623 D
132623 W
132623 L
298157 D
298157 D
298157 W
298157 L
752203 D
752203 D
752203 W
752203 L
3947579 D
3947579 D
3947579 W
3947579 L
