3104
2 W
2 W
2 W
2 W
2 W
2 W
2 W
2 W
2 W
2 W
2 W
2 W
2 W
2 W
2 W
2 W
2 W
2 W
2 W
3 W
3 W
3 W
3 W
3 W
3 W
3 W
3 W
3 W
3 W
3 W
3 W
3 D
3 W
5 W
5 W
5 W
5 W
5 W
5 W
5 W
5 W
5 W
7 W
7 W
7 W
7 W
7 W
7 W
11 W
11 W
11 W
13 W
13 W
13 D
13 W
17 W
17 D
17 W
19 W
23 W
23 W
23 D
23 W
29 W
37 W
41 W
41 D
41 W
43 W
43 D
43 W
47 D
47 W
53 W
53 D
53 W
61 D
61 W
67 D
67 W
73 W
79 W
89 D
89 W
97 W
97 D
97 W
101 D
101 W
103 D
103 W
107 D
107 W
109 W
139 D
139 W
181 D
181 W
193 D
193 W
251 W
283 D
283 W
307 D
307 W
349 W
367 D
367 W
409 D
409 W
457 D
457 W
593 D
593 W
673 D
673 W
761 D
761 W
1361 D
1361 W
1669 D
1669 W
1699 D
1699 W
1889 D
1889 W
2531 D
2531 W
2647 D
2647 W
3191 D
3191 W
6277 D
6277 W
6691 D
6691 W
6827 D
6827 W
6871 D
6871 W
8191 D
8191 W
8537 D
8537 W
8563 D
8563 W
11551 D
11551 W
12743 D
12743 W
12907 D
12907 W
30727 D
30727 W
30911 D
30911 W
34883 D
34883 W
36713 D
36713 W
56957 D
56957 W
57839 D
57839 W
82387 D
82387 W
85909 D
85909 W
107927 D
107927 W
112559 D
112559 W
117371 D
117371 W
122273 D
122273 W
136421 D
136421 W
162947 D
162947 W
368077 D
368077 W
538331 D
538331 W
753229 D
753229 W
835721 D
835721 W
862861 D
862861 W
1455329 D
1455329 W
1726757 D
1726757 W
2008529 D
2008529 W
3252779 D
3252779 W
5027117 D
5027117 W
5050013 D
5050013 W
5051443 D
5051443 W
5057669 D
5057669 W
5072161 D
5072161 W
5073389 D
5073389 W
5082059 D
5082059 W
5118889 D
5118889 W
5142469 D
5142469 W
5188531 D
5188531 W
5206319 D
5206319 W
5223577 D
5223577 W
5276969 D
5276969 W
5322193 D
5322193 W
5328119 D
5328119 W
5333791 D
5333791 W
5399831 D
5399831 W
5440829 D
5440829 W
5447069 D
5447069 W
5447579 D
5447579 W
5492609 D
5492609 W
5495291 D
5495291 W
5553209 D
5553209 W
5562467 D
5562467 W
5568581 D
5568581 W
5682293 D
5682293 W
5692559 D
5692559 W
5730983 D
5730983 W
5739091 D
5739091 W
5777987 D
5777987 W
5879413 D
5879413 W
5890237 D
5890237 W
5954147 D
5954147 W
5964373 D
5964373 W
5990381 D
5990381 W
6016273 D
6016273 W
6018223 D
6018223 W
6033821 D
6033821 W
6041419 D
6041419 W
6055603 D
6055603 W
6116189 D
6116189 W
6147131 D
6147131 W
6150853 D
6150853 W
6164827 D
6164827 W
6166049 D
6166049 W
6168647 D
6168647 W
6183599 D
6183599 W
6185197 D
6185197 W
6196471 D
6196471 W
6233401 D
6233401 W
6253139 D
6253139 W
6257663 D
6257663 W
6270833 D
6270833 W
6289499 D
6289499 W
6312667 D
6312667 W
6315167 D
6315167 W
6317581 D
6317581 W
6339709 D
6339709 W
6354529 D
6354529 W
6361657 D
6361657 W
6366649 D
6366649 W
6367409 D
6367409 W
6434111 D
6434111 W
6438379 D
6438379 W
6456283 D
6456283 W
6464989 D
6464989 W
6495263 D
6495263 W
6513497 D
6513497 W
6528377 D
6528377 W
6533383 D
6533383 W
6536813 D
6536813 W
6550031 D
6550031 W
6588689 D
6588689 W
6594257 D
6594257 W
6656917 D
6656917 W
6659689 D
6659689 W
6669281 D
6669281 W
6678017 D
6678017 W
6679999 D
6679999 W
6696359 D
6696359 W
6774433 D
6774433 W
6830431 D
6830431 W
6884893 D
6884893 W
6917353 D
6917353 W
6964313 D
6964313 W
6990307 D
6990307 W
6992429 D
6992429 W
6998623 D
6998623 W
7002059 D
7002059 W
7013203 D
7013203 W
7025111 D
7025111 W
7036247 D
7036247 W
7070431 D
7070431 W
7156043 D
7156043 W
7221257 D
7221257 W
7274467 D
7274467 W
7288691 D
7288691 W
7291261 D
7291261 W
7301933 D
7301933 W
7317881 D
7317881 W
7341029 D
7341029 W
7349323 D
7349323 W
7363373 D
7363373 W
7418387 D
7418387 W
7468157 D
7468157 W
7474591 D
7474591 W
7486033 D
7486033 W
7492567 D
7492567 W
7541179 D
7541179 W
7547843 D
7547843 W
7633921 D
7633921 W
7637291 D
7637291 W
7663261 D
7663261 W
7663829 D
7663829 W
7664227 D
7664227 W
7730981 D
7730981 W
7737529 D
7737529 W
7744547 D
7744547 W
7775701 D
7775701 W
7807103 D
7807103 W
7822559 D
7822559 W
7846799 D
7846799 W
7847501 D
7847501 W
7847813 D
7847813 W
7898621 D
7898621 W
7916933 D
7916933 W
7919621 D
7919621 W
7944631 D
7944631 W
7979833 D
7979833 W
7992659 D
7992659 W
8007689 D
8007689 W
8020687 D
8020687 W
8026813 D
8026813 W
8036003 D
8036003 W
8040583 D
8040583 W
8111723 D
8111723 W
8134639 D
8134639 W
8151809 D
8151809 W
8195267 D
8195267 W
8203409 D
8203409 W
8244619 D
8244619 W
8245453 D
8245453 W
8257871 D
8257871 W
8305573 D
8305573 W
8324623 D
8324623 W
8341877 D
8341877 W
8450653 D
8450653 W
8453897 D
8453897 W
8473609 D
8473609 W
8475947 D
8475947 W
8492369 D
8492369 W
8497859 D
8497859 W
8505619 D
8505619 W
8507321 D
8507321 W
8515207 D
8515207 W
8534261 D
8534261 W
8536417 D
8536417 W
8591563 D
8591563 W
8642119 D
8642119 W
8643889 D
8643889 W
8652781 D
8652781 W
8661953 D
8661953 W
8705689 D
8705689 W
8753893 D
8753893 W
8757857 D
8757857 W
8768621 D
8768621 W
8773153 D
8773153 W
8795747 D
8795747 W
8826691 D
8826691 W
8907631 D
8907631 W
8919593 D
8919593 W
8926189 D
8926189 W
8966299 D
8966299 W
8966369 D
8966369 W
8973409 D
8973409 W
9008633 D
9008633 W
9016769 D
9016769 W
9016961 D
9016961 W
9018421 D
9018421 W
9034033 D
9034033 W
9048973 D
9048973 W
9055313 D
9055313 W
9103901 D
9103901 W
9127231 D
9127231 W
9134087 D
9134087 W
9144689 D
9144689 W
9189623 D
9189623 W
9213871 D
9213871 W
9217031 D
9217031 W
9228787 D
9228787 W
9229177 D
9229177 W
9229331 D
9229331 W
9248333 D
9248333 W
9255691 D
9255691 W
9270563 D
9270563 W
9276301 D
9276301 W
9300157 D
9300157 W
9303241 D
9303241 W
9312949 D
9312949 W
9318017 D
9318017 W
9344977 D
9344977 W
9351557 D
9351557 W
9392359 D
9392359 W
9444839 D
9444839 W
9484907 D
9484907 W
9532163 D
9532163 W
9543451 D
9543451 W
9577457 D
9577457 W
9631591 D
9631591 W
9654247 D
9654247 W
9685271 D
9685271 W
9702509 D
9702509 W
9714457 D
9714457 W
9725741 D
9725741 W
9730843 D
9730843 W
9731143 D
9731143 W
9741911 D
9741911 W
9747343 D
9747343 W
9780493 D
9780493 W
9789833 D
9789833 W
9790621 D
9790621 W
9806837 D
9806837 W
9807503 D
9807503 W
9825913 D
9825913 W
9845063 D
9845063 W
9865927 D
9865927 W
9880529 D
9880529 W
9885583 D
9885583 W
9886813 D
9886813 W
9927497 D
9927497 W
9993079 D
9993079 W
2 L
2 L
2 L
2 L
2 L
2 L
2 L
2 L
2 L
2 L
2 L
2 L
2 L
2 L
2 L
2 L
2 L
2 L
2 L
2 L
2 L
2 L
2 L
2 L
2 L
2 L
2 L
2 L
2 L
2 L
2 L
2 L
2 L
2 L
2 L
2 L
2 L
2 L
2 L
2 L
2 L
2 D
2 D
2 W
2 L
3 L
3 L
3 L
3 L
3 L
3 L
3 L
3 L
3 L
3 L
3 L
3 L
3 L
3 L
3 L
3 L
3 L
3 L
3 L
5 L
5 L
5 L
5 L
5 L
5 L
5 L
5 L
5 L
5 L
7 L
7 L
7 L
7 L
7 L
7 L
7 L
7 L
7 L
7 L
7 L
7 D
7 D
7 W
7 L
11 L
11 L
11 L
11 D
11 D
11 W
11 L
13 L
13 L
13 D
13 D
13 W
13 L
17 L
17 L
17 L
19 L
19 L
19 L
23 L
23 L
23 L
29 L
29 D
29 D
29 W
29 L
31 D
31 D
31 W
31 L
37 D
37 D
37 W
37 L
41 L
41 L
41 L
43 L
47 D
47 D
47 W
47 L
53 L
59 D
59 D
59 W
59 L
61 D
61 D
61 W
61 L
67 L
67 D
67 D
67 W
67 L
73 D
73 D
73 W
73 L
79 L
79 D
79 D
79 W
79 L
83 D
83 D
83 W
83 L
89 D
89 D
89 W
89 L
97 L
97 D
97 D
97 W
97 L
101 L
103 D
103 D
103 W
103 L
107 L
107 D
107 D
107 W
107 L
109 D
109 D
109 W
109 L
139 L
167 D
167 D
167 W
167 L
181 D
181 D
181 W
181 L
191 D
191 D
191 W
191 L
193 D
193 D
193 W
193 L
233 D
233 D
233 W
233 L
251 D
251 D
251 W
251 L
283 D
283 D
283 W
283 L
307 D
307 D
307 W
307 L
347 D
347 D
347 W
347 L
349 D
349 D
349 W
349 L
367 D
367 D
367 W
367 L
397 D
397 D
397 W
397 L
409 D
409 D
409 W
409 L
419 D
419 D
419 W
419 L
457 D
457 D
457 W
457 L
563 D
563 D
563 W
563 L
593 D
593 D
593 W
593 L
673 D
673 D
673 W
673 L
683 D
683 D
683 W
683 L
719 D
719 D
719 W
719 L
761 D
761 D
761 W
761 L
859 D
859 D
859 W
859 L
911 L
1049 D
1049 D
1049 W
1049 L
1213 D
1213 D
1213 W
1213 L
1291 D
1291 D
1291 W
1291 L
1361 D
1361 D
1361 W
1361 L
1621 D
1621 D
1621 W
1621 L
1669 D
1669 D
1669 W
1669 L
1699 D
1699 D
1699 W
1699 L
1889 D
1889 D
1889 W
1889 L
1951 D
1951 D
1951 W
1951 L
2531 D
2531 D
2531 W
2531 L
2647 D
2647 D
2647 W
2647 L
3011 D
3011 D
3011 W
3011 L
3119 D
3119 D
3119 W
3119 L
3191 D
3191 D
3191 W
3191 L
3769 D
3769 D
3769 W
3769 L
3863 D
3863 D
3863 W
3863 L
4967 D
4967 D
4967 W
4967 L
6277 D
6277 D
6277 W
6277 L
6691 D
6691 D
6691 W
6691 L
6827 D
6827 D
6827 W
6827 L
6829 D
6829 D
6829 W
6829 L
6871 D
6871 D
6871 W
6871 L
8191 D
8191 D
8191 W
8191 L
8537 D
8537 D
8537 W
8537 L
8563 D
8563 D
8563 W
8563 L
11551 D
11551 D
11551 W
11551 L
11779 D
11779 D
11779 W
11779 L
12743 D
12743 D
12743 W
12743 L
12907 D
12907 D
12907 W
12907 L
14891 D
14891 D
14891 W
14891 L
19699 D
19699 D
19699 W
19699 L
30727 D
30727 D
30727 W
30727 L
30911 D
30911 D
30911 W
30911 L
31193 D
31193 D
31193 W
31193 L
32987 D
32987 D
32987 W
32987 L
34883 D
34883 D
34883 W
34883 L
36713 D
36713 D
36713 W
36713 L
38767 D
38767 D
38767 W
38767 L
39443 D
39443 D
39443 W
39443 L
55127 D
55127 D
55127 W
55127 L
56957 D
56957 D
56957 W
56957 L
57839 D
57839 D
57839 W
57839 L
82387 D
82387 D
82387 W
82387 L
85909 D
85909 D
85909 W
85909 L
107927 D
107927 D
107927 W
107927 L
112559 D
112559 D
112559 W
112559 L
117371 D
117371 D
117371 W
117371 L
122273 D
122273 D
122273 W
122273 L
136421 D
136421 D
136421 W
136421 L
162947 D
162947 D
162947 W
162947 L
208099 D
208099 D
208099 W
208099 L
367001 D
367001 D
367001 W
367001 L
368077 D
368077 D
368077 W
368077 L
494327 D
494327 D
494327 W
494327 L
538331 D
538331 D
538331 W
538331 L
595411 D
595411 D
595411 W
595411 L
753229 D
753229 D
753229 W
753229 L
775661 D
775661 D
775661 W
775661 L
789031 D
789031 D
789031 W
789031 L
832483 D
832483 D
832483 W
832483 L
835721 D
835721 D
835721 W
835721 L
862861 D
862861 D
862861 W
862861 L
964577 D
964577 D
964577 W
964577 L
1455329 D
1455329 D
1455329 W
1455329 L
1726757 D
1726757 D
1726757 W
1726757 L
2008529 D
2008529 D
2008529 W
2008529 L
2650013 D
2650013 D
2650013 W
2650013 L
3252779 D
3252779 D
3252779 W
3252779 L
3331577 D
3331577 D
3331577 W
3331577 L
3970711 D
3970711 D
3970711 W
3970711 L
4573537 D
4573537 D
4573537 W
4573537 L
5000927 D
5000927 D
5000927 W
5000927 L
5001421 D
5001421 D
5001421 W
5001421 L
5027117 D
5027117 D
5027117 W
5027117 L
5047187 D
5047187 D
5047187 W
5047187 L
5050013 D
5050013 D
5050013 W
5050013 L
5051443 D
5051443 D
5051443 W
5051443 L
5057369 D
5057369 D
5057369 W
5057369 L
5057669 D
5057669 D
5057669 W
5057669 L
5065759 D
5065759 D
5065759 W
5065759 L
5071709 D
5071709 D
5071709 W
5071709 L
5072161 D
5072161 D
5072161 W
5072161 L
5073389 D
5073389 D
5073389 W
5073389 L
5082059 D
5082059 D
5082059 W
5082059 L
5110093 D
5110093 D
5110093 W
5110093 L
5118889 D
5118889 D
5118889 W
5118889 L
5142469 D
5142469 D
5142469 W
5142469 L
5162011 D
5162011 D
5162011 W
5162011 L
5178553 D
5178553 D
5178553 W
5178553 L
5188531 D
5188531 D
5188531 W
5188531 L
5197217 D
5197217 D
5197217 W
5197217 L
5198819 D
5198819 D
5198819 W
5198819 L
5206319 D
5206319 D
5206319 W
5206319 L
5210519 D
5210519 D
5210519 W
5210519 L
5223577 D
5223577 D
5223577 W
5223577 L
5276969 D
5276969 D
5276969 W
5276969 L
5286937 D
5286937 D
5286937 W
5286937 L
5288963 D
5288963 D
5288963 W
5288963 L
5296771 D
5296771 D
5296771 W
5296771 L
5315897 D
5315897 D
5315897 W
5315897 L
5322193 D
5322193 D
5322193 W
5322193 L
5325037 D
5325037 D
5325037 W
5325037 L
5328119 D
5328119 D
5328119 W
5328119 L
5333791 D
5333791 D
5333791 W
5333791 L
5356489 D
5356489 D
5356489 W
5356489 L
5356577 D
5356577 D
5356577 W
5356577 L
5358407 D
5358407 D
5358407 W
5358407 L
5359769 D
5359769 D
5359769 W
5359769 L
5360669 D
5360669 D
5360669 W
5360669 L
5383871 D
5383871 D
5383871 W
5383871 L
5391559 D
5391559 D
5391559 W
5391559 L
5399831 D
5399831 D
5399831 W
5399831 L
5435851 D
5435851 D
5435851 W
5435851 L
5440829 D
5440829 D
5440829 W
5440829 L
5447069 D
5447069 D
5447069 W
5447069 L
5447579 D
5447579 D
5447579 W
5447579 L
5455949 D
5455949 D
5455949 W
5455949 L
5463839 D
5463839 D
5463839 W
5463839 L
5492609 D
5492609 D
5492609 W
5492609 L
5495291 D
5495291 D
5495291 W
5495291 L
5497231 D
5497231 D
5497231 W
5497231 L
5518111 D
5518111 D
5518111 W
5518111 L
5544509 D
5544509 D
5544509 W
5544509 L
5553209 D
5553209 D
5553209 W
5553209 L
5556517 D
5556517 D
5556517 W
5556517 L
5562467 D
5562467 D
5562467 W
5562467 L
5568581 D
5568581 D
5568581 W
5568581 L
5569303 D
5569303 D
5569303 W
5569303 L
5619973 D
5619973 D
5619973 W
5619973 L
5625749 D
5625749 D
5625749 W
5625749 L
5637173 D
5637173 D
5637173 W
5637173 L
5637469 D
5637469 D
5637469 W
5637469 L
5639587 D
5639587 D
5639587 W
5639587 L
5653723 D
5653723 D
5653723 W
5653723 L
5654293 D
5654293 D
5654293 W
5654293 L
5682293 D
5682293 D
5682293 W
5682293 L
5684849 D
5684849 D
5684849 W
5684849 L
5689241 D
5689241 D
5689241 W
5689241 L
5692559 D
5692559 D
5692559 W
5692559 L
5693669 D
5693669 D
5693669 W
5693669 L
5730983 D
5730983 D
5730983 W
5730983 L
5731981 D
5731981 D
5731981 W
5731981 L
5733053 D
5733053 D
5733053 W
5733053 L
5739091 D
5739091 D
5739091 W
5739091 L
5757623 D
5757623 D
5757623 W
5757623 L
5777987 D
5777987 D
5777987 W
5777987 L
5851367 D
5851367 D
5851367 W
5851367 L
5870393 D
5870393 D
5870393 W
5870393 L
5879413 D
5879413 D
5879413 W
5879413 L
5890237 D
5890237 D
5890237 W
5890237 L
5900981 D
5900981 D
5900981 W
5900981 L
5907133 D
5907133 D
5907133 W
5907133 L
5923241 D
5923241 D
5923241 W
5923241 L
5954147 D
5954147 D
5954147 W
5954147 L
5964373 D
5964373 D
5964373 W
5964373 L
5990381 D
5990381 D
5990381 W
5990381 L
6004021 D
6004021 D
6004021 W
6004021 L
6016273 D
6016273 D
6016273 W
6016273 L
6018223 D
6018223 D
6018223 W
6018223 L
6028177 D
6028177 D
6028177 W
6028177 L
6033821 D
6033821 D
6033821 W
6033821 L
6039463 D
6039463 D
6039463 W
6039463 L
6041419 D
6041419 D
6041419 W
6041419 L
6052601 D
6052601 D
6052601 W
6052601 L
6055603 D
6055603 D
6055603 W
6055603 L
6061189 D
6061189 D
6061189 W
6061189 L
6095977 D
6095977 D
6095977 W
6095977 L
6116189 D
6116189 D
6116189 W
6116189 L
6147131 D
6147131 D
6147131 W
6147131 L
6150853 D
6150853 D
6150853 W
6150853 L
6164827 D
6164827 D
6164827 W
6164827 L
6166049 D
6166049 D
6166049 W
6166049 L
6168647 D
6168647 D
6168647 W
6168647 L
6183599 D
6183599 D
6183599 W
6183599 L
6185197 D
6185197 D
6185197 W
6185197 L
6190073 D
6190073 D
6190073 W
6190073 L
6196471 D
6196471 D
6196471 W
6196471 L
6197731 D
6197731 D
6197731 W
6197731 L
6233401 D
6233401 D
6233401 W
6233401 L
6234407 D
6234407 D
6234407 W
6234407 L
6242771 D
6242771 D
6242771 W
6242771 L
6243577 D
6243577 D
6243577 W
6243577 L
6249391 D
6249391 D
6249391 W
6249391 L
6253139 D
6253139 D
6253139 W
6253139 L
6255751 D
6255751 D
6255751 W
6255751 L
6257663 D
6257663 D
6257663 W
6257663 L
6260941 D
6260941 D
6260941 W
6260941 L
6262147 D
6262147 D
6262147 W
6262147 L
6270833 D
6270833 D
6270833 W
6270833 L
6288173 D
6288173 D
6288173 W
6288173 L
6289499 D
6289499 D
6289499 W
6289499 L
6312667 D
6312667 D
6312667 W
6312667 L
6314773 D
6314773 D
6314773 W
6314773 L
6315167 D
6315167 D
6315167 W
6315167 L
6317581 D
6317581 D
6317581 W
6317581 L
6339709 D
6339709 D
6339709 W
6339709 L
6354529 D
6354529 D
6354529 W
6354529 L
6361657 D
6361657 D
6361657 W
6361657 L
6366649 D
6366649 D
6366649 W
6366649 L
6367409 D
6367409 D
6367409 W
6367409 L
6384101 D
6384101 D
6384101 W
6384101 L
6412919 D
6412919 D
6412919 W
6412919 L
6423929 D
6423929 D
6423929 W
6423929 L
6434111 D
6434111 D
6434111 W
6434111 L
6438379 D
6438379 D
6438379 W
6438379 L
6456283 D
6456283 D
6456283 W
6456283 L
6464989 D
6464989 D
6464989 W
6464989 L
6489991 D
6489991 D
6489991 W
6489991 L
6495263 D
6495263 D
6495263 W
6495263 L
6498707 D
6498707 D
6498707 W
6498707 L
6504677 D
6504677 D
6504677 W
6504677 L
6513497 D
6513497 D
6513497 W
6513497 L
6528377 D
6528377 D
6528377 W
6528377 L
6533383 D
6533383 D
6533383 W
6533383 L
6536813 D
6536813 D
6536813 W
6536813 L
6542717 D
6542717 D
6542717 W
6542717 L
6550031 D
6550031 D
6550031 W
6550031 L
6568493 D
6568493 D
6568493 W
6568493 L
6588689 D
6588689 D
6588689 W
6588689 L
6594257 D
6594257 D
6594257 W
6594257 L
6637399 D
6637399 D
6637399 W
6637399 L
6656917 D
6656917 D
6656917 W
6656917 L
6659689 D
6659689 D
6659689 W
6659689 L
6669281 D
6669281 D
6669281 W
6669281 L
6678017 D
6678017 D
6678017 W
6678017 L
6679999 D
6679999 D
6679999 W
6679999 L
6680341 D
6680341 D
6680341 W
6680341 L
6692689 D
6692689 D
6692689 W
6692689 L
6696359 D
6696359 D
6696359 W
6696359 L
6701741 D
6701741 D
6701741 W
6701741 L
6703199 D
6703199 D
6703199 W
6703199 L
6710723 D
6710723 D
6710723 W
6710723 L
6715691 D
6715691 D
6715691 W
6715691 L
6774433 D
6774433 D
6774433 W
6774433 L
6788777 D
6788777 D
6788777 W
6788777 L
6796507 D
6796507 D
6796507 W
6796507 L
6813403 D
6813403 D
6813403 W
6813403 L
6823963 D
6823963 D
6823963 W
6823963 L
6830431 D
6830431 D
6830431 W
6830431 L
6835657 D
6835657 D
6835657 W
6835657 L
6836659 D
6836659 D
6836659 W
6836659 L
6843203 D
6843203 D
6843203 W
6843203 L
6862201 D
6862201 D
6862201 W
6862201 L
6884893 D
6884893 D
6884893 W
6884893 L
6917353 D
6917353 D
6917353 W
6917353 L
6918203 D
6918203 D
6918203 W
6918203 L
6964313 D
6964313 D
6964313 W
6964313 L
6982531 D
6982531 D
6982531 W
6982531 L
6990307 D
6990307 D
6990307 W
6990307 L
6992429 D
6992429 D
6992429 W
6992429 L
6998623 D
6998623 D
6998623 W
6998623 L
7002059 D
7002059 D
7002059 W
7002059 L
7013203 D
7013203 D
7013203 W
7013203 L
7021559 D
7021559 D
7021559 W
7021559 L
7025111 D
7025111 D
7025111 W
7025111 L
7036247 D
7036247 D
7036247 W
7036247 L
7048003 D
7048003 D
7048003 W
7048003 L
7070431 D
7070431 D
7070431 W
7070431 L
7086041 D
7086041 D
7086041 W
7086041 L
7092593 D
7092593 D
7092593 W
7092593 L
7096051 D
7096051 D
7096051 W
7096051 L
7108643 D
7108643 D
7108643 W
7108643 L
7156043 D
7156043 D
7156043 W
7156043 L
7193309 D
7193309 D
7193309 W
7193309 L
7200047 D
7200047 D
7200047 W
7200047 L
7221257 D
7221257 D
7221257 W
7221257 L
7238573 D
7238573 D
7238573 W
7238573 L
7246717 D
7246717 D
7246717 W
7246717 L
7247411 D
7247411 D
7247411 W
7247411 L
7255153 D
7255153 D
7255153 W
7255153 L
7268593 D
7268593 D
7268593 W
7268593 L
7274467 D
7274467 D
7274467 W
7274467 L
7283291 D
7283291 D
7283291 W
7283291 L
7288691 D
7288691 D
7288691 W
7288691 L
7291261 D
7291261 D
7291261 W
7291261 L
7301933 D
7301933 D
7301933 W
7301933 L
7317881 D
7317881 D
7317881 W
7317881 L
7320679 D
7320679 D
7320679 W
7320679 L
7326157 D
7326157 D
7326157 W
7326157 L
7327949 D
7327949 D
7327949 W
7327949 L
7341029 D
7341029 D
7341029 W
7341029 L
7349323 D
7349323 D
7349323 W
7349323 L
7361821 D
7361821 D
7361821 W
7361821 L
7363373 D
7363373 D
7363373 W
7363373 L
7369951 D
7369951 D
7369951 W
7369951 L
7397921 D
7397921 D
7397921 W
7397921 L
7415113 D
7415113 D
7415113 W
7415113 L
7418387 D
7418387 D
7418387 W
7418387 L
7431719 D
7431719 D
7431719 W
7431719 L
7442467 D
7442467 D
7442467 W
7442467 L
7442621 D
7442621 D
7442621 W
7442621 L
7456187 D
7456187 D
7456187 W
7456187 L
7458169 D
7458169 D
7458169 W
7458169 L
7458989 D
7458989 D
7458989 W
7458989 L
7468157 D
7468157 D
7468157 W
7468157 L
7474591 D
7474591 D
7474591 W
7474591 L
7484747 D
7484747 D
7484747 W
7484747 L
7486033 D
7486033 D
7486033 W
7486033 L
7492567 D
7492567 D
7492567 W
7492567 L
7505051 D
7505051 D
7505051 W
7505051 L
7541179 D
7541179 D
7541179 W
7541179 L
7547843 D
7547843 D
7547843 W
7547843 L
7554083 D
7554083 D
7554083 W
7554083 L
7566553 D
7566553 D
7566553 W
7566553 L
7590361 D
7590361 D
7590361 W
7590361 L
7594627 D
7594627 D
7594627 W
7594627 L
7633921 D
7633921 D
7633921 W
7633921 L
7637291 D
7637291 D
7637291 W
7637291 L
7663261 D
7663261 D
7663261 W
7663261 L
7663829 D
7663829 D
7663829 W
7663829 L
7664227 D
7664227 D
7664227 W
7664227 L
7694143 D
7694143 D
7694143 W
7694143 L
7708777 D
7708777 D
7708777 W
7708777 L
7730981 D
7730981 D
7730981 W
7730981 L
7737529 D
7737529 D
7737529 W
7737529 L
7742593 D
7742593 D
7742593 W
7742593 L
7743991 D
7743991 D
7743991 W
7743991 L
7744547 D
7744547 D
7744547 W
7744547 L
7746073 D
7746073 D
7746073 W
7746073 L
7747499 D
7747499 D
7747499 W
7747499 L
7760057 D
7760057 D
7760057 W
7760057 L
7775701 D
7775701 D
7775701 W
7775701 L
7797131 D
7797131 D
7797131 W
7797131 L
7807103 D
7807103 D
7807103 W
7807103 L
7822559 D
7822559 D
7822559 W
7822559 L
7840297 D
7840297 D
7840297 W
7840297 L
7844383 D
7844383 D
7844383 W
7844383 L
7846799 D
7846799 D
7846799 W
7846799 L
7847501 D
7847501 D
7847501 W
7847501 L
7847813 D
7847813 D
7847813 W
7847813 L
7848377 D
7848377 D
7848377 W
7848377 L
7849453 D
7849453 D
7849453 W
7849453 L
7882297 D
7882297 D
7882297 W
7882297 L
7882489 D
7882489 D
7882489 W
7882489 L
7898621 D
7898621 D
7898621 W
7898621 L
7912237 D
7912237 D
7912237 W
7912237 L
7916933 D
7916933 D
7916933 W
7916933 L
7919621 D
7919621 D
7919621 W
7919621 L
7923337 D
7923337 D
7923337 W
7923337 L
7944631 D
7944631 D
7944631 W
7944631 L
7968031 D
7968031 D
7968031 W
7968031 L
7979833 D
7979833 D
7979833 W
7979833 L
7992659 D
7992659 D
7992659 W
7992659 L
8006221 D
8006221 D
8006221 W
8006221 L
8007689 D
8007689 D
8007689 W
8007689 L
8020687 D
8020687 D
8020687 W
8020687 L
8026813 D
8026813 D
8026813 W
8026813 L
8028037 D
8028037 D
8028037 W
8028037 L
8034569 D
8034569 D
8034569 W
8034569 L
8036003 D
8036003 D
8036003 W
8036003 L
8040583 D
8040583 D
8040583 W
8040583 L
8061331 D
8061331 D
8061331 W
8061331 L
8075521 D
8075521 D
8075521 W
8075521 L
8081113 D
8081113 D
8081113 W
8081113 L
8086321 D
8086321 D
8086321 W
8086321 L
8089397 D
8089397 D
8089397 W
8089397 L
8096107 D
8096107 D
8096107 W
8096107 L
8111723 D
8111723 D
8111723 W
8111723 L
8129267 D
8129267 D
8129267 W
8129267 L
8129707 D
8129707 D
8129707 W
8129707 L
8134639 D
8134639 D
8134639 W
8134639 L
8151809 D
8151809 D
8151809 W
8151809 L
8195267 D
8195267 D
8195267 W
8195267 L
8196641 D
8196641 D
8196641 W
8196641 L
8203409 D
8203409 D
8203409 W
8203409 L
8209763 D
8209763 D
8209763 W
8209763 L
8223881 D
8223881 D
8223881 W
8223881 L
8230813 D
8230813 D
8230813 W
8230813 L
8244619 D
8244619 D
8244619 W
8244619 L
8245453 D
8245453 D
8245453 W
8245453 L
8257871 D
8257871 D
8257871 W
8257871 L
8275511 D
8275511 D
8275511 W
8275511 L
8283521 D
8283521 D
8283521 W
8283521 L
8305573 D
8305573 D
8305573 W
8305573 L
8312233 D
8312233 D
8312233 W
8312233 L
8320001 D
8320001 D
8320001 W
8320001 L
8324623 D
8324623 D
8324623 W
8324623 L
8327513 D
8327513 D
8327513 W
8327513 L
8341877 D
8341877 D
8341877 W
8341877 L
8386571 D
8386571 D
8386571 W
8386571 L
8411723 D
8411723 D
8411723 W
8411723 L
8440603 D
8440603 D
8440603 W
8440603 L
8446829 D
8446829 D
8446829 W
8446829 L
8450653 D
8450653 D
8450653 W
8450653 L
8453897 D
8453897 D
8453897 W
8453897 L
8464193 D
8464193 D
8464193 W
8464193 L
8466181 D
8466181 D
8466181 W
8466181 L
8473609 D
8473609 D
8473609 W
8473609 L
8475947 D
8475947 D
8475947 W
8475947 L
8486243 D
8486243 D
8486243 W
8486243 L
8492369 D
8492369 D
8492369 W
8492369 L
8497859 D
8497859 D
8497859 W
8497859 L
8505619 D
8505619 D
8505619 W
8505619 L
8507321 D
8507321 D
8507321 W
8507321 L
8515207 D
8515207 D
8515207 W
8515207 L
8530241 D
8530241 D
8530241 W
8530241 L
8534261 D
8534261 D
8534261 W
8534261 L
8536417 D
8536417 D
8536417 W
8536417 L
8538713 D
8538713 D
8538713 W
8538713 L
8581411 D
8581411 D
8581411 W
8581411 L
8591563 D
8591563 D
8591563 W
8591563 L
8639711 D
8639711 D
8639711 W
8639711 L
8642119 D
8642119 D
8642119 W
8642119 L
8643889 D
8643889 D
8643889 W
8643889 L
8652781 D
8652781 D
8652781 W
8652781 L
8661413 D
8661413 D
8661413 W
8661413 L
8661953 D
8661953 D
8661953 W
8661953 L
8703859 D
8703859 D
8703859 W
8703859 L
8704169 D
8704169 D
8704169 W
8704169 L
8704973 D
8704973 D
8704973 W
8704973 L
8705077 D
8705077 D
8705077 W
8705077 L
8705689 D
8705689 D
8705689 W
8705689 L
8736209 D
8736209 D
8736209 W
8736209 L
8737343 D
8737343 D
8737343 W
8737343 L
8753893 D
8753893 D
8753893 W
8753893 L
8757223 D
8757223 D
8757223 W
8757223 L
8757857 D
8757857 D
8757857 W
8757857 L
8768621 D
8768621 D
8768621 W
8768621 L
8773153 D
8773153 D
8773153 W
8773153 L
8795747 D
8795747 D
8795747 W
8795747 L
8811499 D
8811499 D
8811499 W
8811499 L
8815403 D
8815403 D
8815403 W
8815403 L
8816221 D
8816221 D
8816221 W
8816221 L
8826691 D
8826691 D
8826691 W
8826691 L
8903371 D
8903371 D
8903371 W
8903371 L
8907631 D
8907631 D
8907631 W
8907631 L
8919593 D
8919593 D
8919593 W
8919593 L
8926189 D
8926189 D
8926189 W
8926189 L
8938871 D
8938871 D
8938871 W
8938871 L
8957513 D
8957513 D
8957513 W
8957513 L
8966299 D
8966299 D
8966299 W
8966299 L
8966369 D
8966369 D
8966369 W
8966369 L
8967967 D
8967967 D
8967967 W
8967967 L
8973409 D
8973409 D
8973409 W
8973409 L
8986793 D
8986793 D
8986793 W
8986793 L
9008633 D
9008633 D
9008633 W
9008633 L
9016769 D
9016769 D
9016769 W
9016769 L
9016961 D
9016961 D
9016961 W
9016961 L
9018421 D
9018421 D
9018421 W
9018421 L
9031181 D
9031181 D
9031181 W
9031181 L
9031619 D
9031619 D
9031619 W
9031619 L
9032671 D
9032671 D
9032671 W
9032671 L
9034033 D
9034033 D
9034033 W
9034033 L
9048973 D
9048973 D
9048973 W
9048973 L
9052787 D
9052787 D
9052787 W
9052787 L
9055313 D
9055313 D
9055313 W
9055313 L
9085399 D
9085399 D
9085399 W
9085399 L
9094517 D
9094517 D
9094517 W
9094517 L
9103901 D
9103901 D
9103901 W
9103901 L
9105743 D
9105743 D
9105743 W
9105743 L
9108433 D
9108433 D
9108433 W
9108433 L
9122263 D
9122263 D
9122263 W
9122263 L
9127231 D
9127231 D
9127231 W
9127231 L
9134087 D
9134087 D
9134087 W
9134087 L
9143291 D
9143291 D
9143291 W
9143291 L
9144689 D
9144689 D
9144689 W
9144689 L
9153869 D
9153869 D
9153869 W
9153869 L
9170929 D
9170929 D
9170929 W
9170929 L
9181097 D
9181097 D
9181097 W
9181097 L
9189623 D
9189623 D
9189623 W
9189623 L
9204859 D
9204859 D
9204859 W
9204859 L
9213871 D
9213871 D
9213871 W
9213871 L
9217031 D
9217031 D
9217031 W
9217031 L
9228787 D
9228787 D
9228787 W
9228787 L
9229177 D
9229177 D
9229177 W
9229177 L
9229331 D
9229331 D
9229331 W
9229331 L
9234647 D
9234647 D
9234647 W
9234647 L
9246473 D
9246473 D
9246473 W
9246473 L
9248333 D
9248333 D
9248333 W
9248333 L
9255691 D
9255691 D
9255691 W
9255691 L
9270563 D
9270563 D
9270563 W
9270563 L
9272773 D
9272773 D
9272773 W
9272773 L
9276301 D
9276301 D
9276301 W
9276301 L
9278041 D
9278041 D
9278041 W
9278041 L
9284917 D
9284917 D
9284917 W
9284917 L
9290591 D
9290591 D
9290591 W
9290591 L
9300157 D
9300157 D
9300157 W
9300157 L
9303241 D
9303241 D
9303241 W
9303241 L
9312949 D
9312949 D
9312949 W
9312949 L
9318017 D
9318017 D
9318017 W
9318017 L
9338983 D
9338983 D
9338983 W
9338983 L
9340003 D
9340003 D
9340003 W
9340003 L
9343511 D
9343511 D
9343511 W
9343511 L
9344977 D
9344977 D
9344977 W
9344977 L
9351557 D
9351557 D
9351557 W
9351557 L
9362107 D
9362107 D
9362107 W
9362107 L
9392359 D
9392359 D
9392359 W
9392359 L
9440293 D
9440293 D
9440293 W
9440293 L
9444839 D
9444839 D
9444839 W
9444839 L
9470161 D
9470161 D
9470161 W
9470161 L
9484907 D
9484907 D
9484907 W
9484907 L
9532163 D
9532163 D
9532163 W
9532163 L
9543451 D
9543451 D
9543451 W
9543451 L
9562031 D
9562031 D
9562031 W
9562031 L
9577457 D
9577457 D
9577457 W
9577457 L
9631591 D
9631591 D
9631591 W
9631591 L
9635953 D
9635953 D
9635953 W
9635953 L
9636493 D
9636493 D
9636493 W
9636493 L
9639589 D
9639589 D
9639589 W
9639589 L
9654247 D
9654247 D
9654247 W
9654247 L
9657113 D
9657113 D
9657113 W
9657113 L
9680591 D
9680591 D
9680591 W
9680591 L
9685271 D
9685271 D
9685271 W
9685271 L
9687211 D
9687211 D
9687211 W
9687211 L
9702509 D
9702509 D
9702509 W
9702509 L
9707947 D
9707947 D
9707947 W
9707947 L
9714457 D
9714457 D
9714457 W
9714457 L
9721577 D
9721577 D
9721577 W
9721577 L
9723179 D
9723179 D
9723179 W
9723179 L
9725741 D
9725741 D
9725741 W
9725741 L
9730843 D
9730843 D
9730843 W
9730843 L
9731143 D
9731143 D
9731143 W
9731143 L
9741911 D
9741911 D
9741911 W
9741911 L
9747343 D
9747343 D
9747343 W
9747343 L
9765209 D
9765209 D
9765209 W
9765209 L
9780493 D
9780493 D
9780493 W
9780493 L
9789833 D
9789833 D
9789833 W
9789833 L
9790621 D
9790621 D
9790621 W
9790621 L
9791923 D
9791923 D
9791923 W
9791923 L
9793507 D
9793507 D
9793507 W
9793507 L
9806837 D
9806837 D
9806837 W
9806837 L
9807503 D
9807503 D
9807503 W
9807503 L
9825913 D
9825913 D
9825913 W
9825913 L
9829481 D
9829481 D
9829481 W
9829481 L
9845063 D
9845063 D
9845063 W
9845063 L
9847009 D
9847009 D
9847009 W
9847009 L
9847463 D
9847463 D
9847463 W
9847463 L
9857579 D
9857579 D
9857579 W
9857579 L
9865927 D
9865927 D
9865927 W
9865927 L
9873041 D
9873041 D
9873041 W
9873041 L
9880529 D
9880529 D
9880529 W
9880529 L
9881749 D
9881749 D
9881749 W
9881749 L
9885583 D
9885583 D
9885583 W
9885583 L
9886813 D
9886813 D
9886813 W
9886813 L
9891923 D
9891923 D
9891923 W
9891923 L
9913429 D
9913429 D
9913429 W
9913429 L
9927497 D
9927497 D
9927497 W
9927497 L
9934087 D
9934087 D
9934087 W
9934087 L
9942797 D
9942797 D
9942797 W
9942797 L
9979789 D
9979789 D
9979789 W
9979789 L
9984133 D
9984133 D
9984133 W
9984133 L
9993079 D
9993079 D
9993079 W
9993079 L
9994669 D
9994669 D
9994669 W
9994669 L
