3197
2 W
2 W
2 W
2 W
2 W
2 W
2 W
2 W
2 W
2 W
2 W
2 W
2 W
2 W
2 W
2 W
2 W
2 W
2 D
2 W
3 W
3 W
3 W
3 W
3 W
3 W
3 W
3 W
3 W
3 W
3 W
3 W
3 W
5 W
5 W
5 W
5 W
5 W
5 W
5 W
7 W
7 W
7 W
7 D
7 W
11 D
11 W
13 W
17 D
17 W
19 W
19 W
23 W
23 W
23 D
23 W
31 D
31 W
37 D
37 W
41 D
41 W
43 D
43 W
47 W
53 D
53 W
59 W
59 W
61 W
67 D
67 W
73 W
73 D
73 W
97 D
97 W
103 D
103 W
139 D
139 W
157 D
157 W
181 W
193 D
193 W
223 D
223 W
229 D
229 W
233 D
233 W
251 D
251 W
281 D
281 W
307 D
307 W
313 D
313 W
337 D
337 W
397 D
397 W
421 D
421 W
431 D
431 W
457 D
457 W
509 D
509 W
571 D
571 W
599 D
599 W
661 D
661 W
787 D
787 W
1439 D
1439 W
1553 D
1553 W
1559 D
1559 W
1627 D
1627 W
1759 D
1759 W
2087 D
2087 W
2309 D
2309 W
2437 D
2437 W
3251 D
3251 W
3319 D
3319 W
3361 D
3361 W
3847 D
3847 W
3881 D
3881 W
4507 D
4507 W
4969 D
4969 W
5443 D
5443 W
6983 D
6983 W
7321 D
7321 W
9733 D
9733 W
12889 D
12889 W
18379 D
18379 W
19447 D
19447 W
26459 D
26459 W
27539 D
27539 W
27631 D
27631 W
33413 D
33413 W
40627 D
40627 W
46411 D
46411 W
48299 D
48299 W
50527 D
50527 W
56681 D
56681 W
76103 D
76103 W
149893 D
149893 W
207293 D
207293 W
217307 D
217307 W
247087 D
247087 W
438419 D
438419 W
586123 D
586123 W
679793 D
679793 W
903269 D
903269 W
1144139 D
1144139 W
1246561 D
1246561 W
1412429 D
1412429 W
1488793 D
1488793 W
1663379 D
1663379 W
5006761 D
5006761 W
5030639 D
5030639 W
5041303 D
5041303 W
5059291 D
5059291 W
5072621 D
5072621 W
5081837 D
5081837 W
5094533 D
5094533 W
5104991 D
5104991 W
5127553 D
5127553 W
5139161 D
5139161 W
5161339 D
5161339 W
5168047 D
5168047 W
5170283 D
5170283 W
5172061 D
5172061 W
5201741 D
5201741 W
5208367 D
5208367 W
5274817 D
5274817 W
5290907 D
5290907 W
5319661 D
5319661 W
5326903 D
5326903 W
5338877 D
5338877 W
5370403 D
5370403 W
5400089 D
5400089 W
5441083 D
5441083 W
5445113 D
5445113 W
5453423 D
5453423 W
5509429 D
5509429 W
5522233 D
5522233 W
5534519 D
5534519 W
5536301 D
5536301 W
5540497 D
5540497 W
5550157 D
5550157 W
5587943 D
5587943 W
5595043 D
5595043 W
5595449 D
5595449 W
5608769 D
5608769 W
5613169 D
5613169 W
5624327 D
5624327 W
5624611 D
5624611 W
5640881 D
5640881 W
5653103 D
5653103 W
5660923 D
5660923 W
5661973 D
5661973 W
5701981 D
5701981 W
5776873 D
5776873 W
5821331 D
5821331 W
5825671 D
5825671 W
5835871 D
5835871 W
5837773 D
5837773 W
5850209 D
5850209 W
5867749 D
5867749 W
5877269 D
5877269 W
5989639 D
5989639 W
6024047 D
6024047 W
6068957 D
6068957 W
6089737 D
6089737 W
6120347 D
6120347 W
6134339 D
6134339 W
6149981 D
6149981 W
6168523 D
6168523 W
6201301 D
6201301 W
6234113 D
6234113 W
6253993 D
6253993 W
6279127 D
6279127 W
6360199 D
6360199 W
6363139 D
6363139 W
6448781 D
6448781 W
6461821 D
6461821 W
6467689 D
6467689 W
6505783 D
6505783 W
6527627 D
6527627 W
6552851 D
6552851 W
6554699 D
6554699 W
6574111 D
6574111 W
6582847 D
6582847 W
6592151 D
6592151 W
6643789 D
6643789 W
6658859 D
6658859 W
6665059 D
6665059 W
6673493 D
6673493 W
6683947 D
6683947 W
6698281 D
6698281 W
6699599 D
6699599 W
6730681 D
6730681 W
6806147 D
6806147 W
6808013 D
6808013 W
6825757 D
6825757 W
6846811 D
6846811 W
6849569 D
6849569 W
6854983 D
6854983 W
6878603 D
6878603 W
6885551 D
6885551 W
6891161 D
6891161 W
6894211 D
6894211 W
6895927 D
6895927 W
6896293 D
6896293 W
6906719 D
6906719 W
7014947 D
7014947 W
7091881 D
7091881 W
7099627 D
7099627 W
7117841 D
7117841 W
7118117 D
7118117 W
7122607 D
7122607 W
7133177 D
7133177 W
7141577 D
7141577 W
7147691 D
7147691 W
7172237 D
7172237 W
7178027 D
7178027 W
7207297 D
7207297 W
7215067 D
7215067 W
7231967 D
7231967 W
7263203 D
7263203 W
7293233 D
7293233 W
7311119 D
7311119 W
7327451 D
7327451 W
7338689 D
7338689 W
7349059 D
7349059 W
7418051 D
7418051 W
7427779 D
7427779 W
7438241 D
7438241 W
7445369 D
7445369 W
7451161 D
7451161 W
7491811 D
7491811 W
7507471 D
7507471 W
7558207 D
7558207 W
7580303 D
7580303 W
7660721 D
7660721 W
7661207 D
7661207 W
7676531 D
7676531 W
7677889 D
7677889 W
7694891 D
7694891 W
7694987 D
7694987 W
7698241 D
7698241 W
7737689 D
7737689 W
7755481 D
7755481 W
7763863 D
7763863 W
7764683 D
7764683 W
7795807 D
7795807 W
7801019 D
7801019 W
7832989 D
7832989 W
7850951 D
7850951 W
7892413 D
7892413 W
7893397 D
7893397 W
7903999 D
7903999 W
7940761 D
7940761 W
7941641 D
7941641 W
7962541 D
7962541 W
8008811 D
8008811 W
8010143 D
8010143 W
8055361 D
8055361 W
8056957 D
8056957 W
8060263 D
8060263 W
8093611 D
8093611 W
8095679 D
8095679 W
8105491 D
8105491 W
8133019 D
8133019 W
8164213 D
8164213 W
8181731 D
8181731 W
8194387 D
8194387 W
8212283 D
8212283 W
8213459 D
8213459 W
8213897 D
8213897 W
8234899 D
8234899 W
8259551 D
8259551 W
8267711 D
8267711 W
8293039 D
8293039 W
8383961 D
8383961 W
8446261 D
8446261 W
8448799 D
8448799 W
8455193 D
8455193 W
8505433 D
8505433 W
8534003 D
8534003 W
8587493 D
8587493 W
8607077 D
8607077 W
8626621 D
8626621 W
8694031 D
8694031 W
8701289 D
8701289 W
8758721 D
8758721 W
8771069 D
8771069 W
8781079 D
8781079 W
8783129 D
8783129 W
8846731 D
8846731 W
8940499 D
8940499 W
8952161 D
8952161 W
8964419 D
8964419 W
8973329 D
8973329 W
8980627 D
8980627 W
8982247 D
8982247 W
8984671 D
8984671 W
8999927 D
8999927 W
9004349 D
9004349 W
9010531 D
9010531 W
9030887 D
9030887 W
9062279 D
9062279 W
9077329 D
9077329 W
9086593 D
9086593 W
9151969 D
9151969 W
9163571 D
9163571 W
9193927 D
9193927 W
9198667 D
9198667 W
9228787 D
9228787 W
9230027 D
9230027 W
9242741 D
9242741 W
9289351 D
9289351 W
9314233 D
9314233 W
9355223 D
9355223 W
9363469 D
9363469 W
9374821 D
9374821 W
9386743 D
9386743 W
9410561 D
9410561 W
9441547 D
9441547 W
9500923 D
9500923 W
9517549 D
9517549 W
9521453 D
9521453 W
9552733 D
9552733 W
9580867 D
9580867 W
9586601 D
9586601 W
9607781 D
9607781 W
9617371 D
9617371 W
9652921 D
9652921 W
9665947 D
9665947 W
9694273 D
9694273 W
9735839 D
9735839 W
9736411 D
9736411 W
9743317 D
9743317 W
9779909 D
9779909 W
9791351 D
9791351 W
9795413 D
9795413 W
9800663 D
9800663 W
9813469 D
9813469 W
9822973 D
9822973 W
9842383 D
9842383 W
9843109 D
9843109 W
9859937 D
9859937 W
9923747 D
9923747 W
9929371 D
9929371 W
9966419 D
9966419 W
9973903 D
9973903 W
2 L
2 L
2 L
2 L
2 L
2 L
2 L
2 L
2 L
2 L
2 L
2 L
2 L
2 L
2 L
2 L
2 L
2 L
2 L
2 L
2 L
2 L
2 L
2 L
2 L
2 L
2 L
2 L
2 L
2 L
2 L
2 L
2 L
2 L
2 L
2 L
2 L
2 L
2 L
2 L
3 L
3 L
3 L
3 L
3 L
3 L
3 L
3 L
3 L
3 L
3 L
3 L
3 L
3 L
3 L
3 L
3 D
3 D
3 W
3 L
5 L
5 L
5 L
5 L
5 L
5 L
5 L
5 L
5 L
5 L
7 L
7 L
7 L
7 L
7 L
11 L
11 D
11 D
11 W
11 L
13 L
13 L
13 L
13 L
17 L
17 L
19 L
19 L
19 L
19 D
19 D
19 W
19 L
23 L
23 L
23 L
29 L
31 D
31 D
31 W
31 L
37 L
41 D
41 D
41 W
41 L
43 L
47 L
47 D
47 D
47 W
47 L
53 L
59 L
59 D
59 D
59 W
59 L
61 L
61 L
61 D
61 D
61 W
61 L
67 D
67 D
67 W
67 L
71 D
71 D
71 W
71 L
73 L
79 L
89 D
89 D
89 W
89 L
97 D
97 D
97 W
97 L
103 L
107 D
107 D
107 W
107 L
109 D
109 D
109 W
109 L
139 D
139 D
139 W
139 L
157 D
157 D
157 W
157 L
163 D
163 D
163 W
163 L
173 D
173 D
173 W
173 L
179 D
179 D
179 W
179 L
181 L
181 D
181 D
181 W
181 L
193 D
193 D
193 W
193 L
223 D
223 D
223 W
223 L
229 D
229 D
229 W
229 L
233 D
233 D
233 W
233 L
241 D
241 D
241 W
241 L
251 D
251 D
251 W
251 L
281 D
281 D
281 W
281 L
283 D
283 D
283 W
283 L
307 L
307 D
307 D
307 W
307 L
313 D
313 D
313 W
313 L
317 L
337 D
337 D
337 W
337 L
397 D
397 D
397 W
397 L
421 D
421 D
421 W
421 L
431 D
431 D
431 W
431 L
457 D
457 D
457 W
457 L
463 D
463 D
463 W
463 L
467 D
467 D
467 W
467 L
487 D
487 D
487 W
487 L
491 D
491 D
491 W
491 L
509 D
509 D
509 W
509 L
569 D
569 D
569 W
569 L
571 D
571 D
571 W
571 L
599 D
599 D
599 W
599 L
601 D
601 D
601 W
601 L
641 D
641 D
641 W
641 L
647 D
647 D
647 W
647 L
659 D
659 D
659 W
659 L
661 D
661 D
661 W
661 L
683 D
683 D
683 W
683 L
743 D
743 D
743 W
743 L
769 D
769 D
769 W
769 L
787 D
787 D
787 W
787 L
811 D
811 D
811 W
811 L
1163 D
1163 D
1163 W
1163 L
1181 D
1181 D
1181 W
1181 L
1439 D
1439 D
1439 W
1439 L
1523 D
1523 D
1523 W
1523 L
1553 D
1553 D
1553 W
1553 L
1559 D
1559 D
1559 W
1559 L
1607 D
1607 D
1607 W
1607 L
1627 D
1627 D
1627 W
1627 L
1733 D
1733 D
1733 W
1733 L
1741 D
1741 D
1741 W
1741 L
1759 D
1759 D
1759 W
1759 L
2087 D
2087 D
2087 W
2087 L
2287 D
2287 D
2287 W
2287 L
2309 D
2309 D
2309 W
2309 L
2437 D
2437 D
2437 W
2437 L
2617 D
2617 D
2617 W
2617 L
3251 D
3251 D
3251 W
3251 L
3319 D
3319 D
3319 W
3319 L
3361 D
3361 D
3361 W
3361 L
3517 D
3517 D
3517 W
3517 L
3847 D
3847 D
3847 W
3847 L
3881 D
3881 D
3881 W
3881 L
4507 D
4507 D
4507 W
4507 L
4969 D
4969 D
4969 W
4969 L
5077 D
5077 D
5077 W
5077 L
5443 L
5479 D
5479 D
5479 W
5479 L
5843 D
5843 D
5843 W
5843 L
6043 D
6043 D
6043 W
6043 L
6983 D
6983 D
6983 W
6983 L
7321 D
7321 D
7321 W
7321 L
7523 D
7523 D
7523 W
7523 L
9733 D
9733 D
9733 W
9733 L
10069 D
10069 D
10069 W
10069 L
12889 D
12889 D
12889 W
12889 L
18379 D
18379 D
18379 W
18379 L
19447 D
19447 D
19447 W
19447 L
21577 D
21577 D
21577 W
21577 L
22067 D
22067 D
22067 W
22067 L
23321 D
23321 D
23321 W
23321 L
26161 D
26161 D
26161 W
26161 L
26459 D
26459 D
26459 W
26459 L
26513 D
26513 D
26513 W
26513 L
27539 D
27539 D
27539 W
27539 L
27631 D
27631 D
27631 W
27631 L
27827 D
27827 D
27827 W
27827 L
32323 D
32323 D
32323 W
32323 L
33223 D
33223 D
33223 W
33223 L
33413 D
33413 D
33413 W
33413 L
40627 D
40627 D
40627 W
40627 L
46411 D
46411 D
46411 W
46411 L
48299 D
48299 D
48299 W
48299 L
50527 D
50527 D
50527 W
50527 L
53897 D
53897 D
53897 W
53897 L
54167 D
54167 D
54167 W
54167 L
56681 D
56681 D
56681 W
56681 L
68611 D
68611 D
68611 W
68611 L
76103 D
76103 D
76103 W
76103 L
94351 D
94351 D
94351 W
94351 L
144763 D
144763 D
144763 W
144763 L
149893 D
149893 D
149893 W
149893 L
151303 D
151303 D
151303 W
151303 L
207293 D
207293 D
207293 W
207293 L
217307 D
217307 D
217307 W
217307 L
239999 D
239999 D
239999 W
239999 L
247087 D
247087 D
247087 W
247087 L
346933 D
346933 D
346933 W
346933 L
378149 D
378149 D
378149 W
378149 L
391231 D
391231 D
391231 W
391231 L
438419 D
438419 D
438419 W
438419 L
441841 D
441841 D
441841 W
441841 L
509521 D
509521 D
509521 W
509521 L
586123 D
586123 D
586123 W
586123 L
673111 D
673111 D
673111 W
673111 L
679793 D
679793 D
679793 W
679793 L
903269 D
903269 D
903269 W
903269 L
1045153 D
1045153 D
1045153 W
1045153 L
1097323 D
1097323 D
1097323 W
1097323 L
1144139 D
1144139 D
1144139 W
1144139 L
1246561 D
1246561 D
1246561 W
1246561 L
1390043 D
1390043 D
1390043 W
1390043 L
1412429 D
1412429 D
1412429 W
1412429 L
1488793 D
1488793 D
1488793 W
1488793 L
1663379 D
1663379 D
1663379 W
1663379 L
1757347 D
1757347 D
1757347 W
1757347 L
2041639 D
2041639 D
2041639 W
2041639 L
2204659 D
2204659 D
2204659 W
2204659 L
2537113 D
2537113 D
2537113 W
2537113 L
2558239 D
2558239 D
2558239 W
2558239 L
2572079 D
2572079 D
2572079 W
2572079 L
2876971 D
2876971 D
2876971 W
2876971 L
3575647 D
3575647 D
3575647 W
3575647 L
4801117 D
4801117 D
4801117 W
4801117 L
5004611 D
5004611 D
5004611 W
5004611 L
5006761 D
5006761 D
5006761 W
5006761 L
5030639 D
5030639 D
5030639 W
5030639 L
5041303 D
5041303 D
5041303 W
5041303 L
5059291 D
5059291 D
5059291 W
5059291 L
5072621 D
5072621 D
5072621 W
5072621 L
5073877 D
5073877 D
5073877 W
5073877 L
5081837 D
5081837 D
5081837 W
5081837 L
5094533 D
5094533 D
5094533 W
5094533 L
5104991 D
5104991 D
5104991 W
5104991 L
5118929 D
5118929 D
5118929 W
5118929 L
5121161 D
5121161 D
5121161 W
5121161 L
5127553 D
5127553 D
5127553 W
5127553 L
5139161 D
5139161 D
5139161 W
5139161 L
5159639 D
5159639 D
5159639 W
5159639 L
5161339 D
5161339 D
5161339 W
5161339 L
5168047 D
5168047 D
5168047 W
5168047 L
5170283 D
5170283 D
5170283 W
5170283 L
5172061 D
5172061 D
5172061 W
5172061 L
5201741 D
5201741 D
5201741 W
5201741 L
5208367 D
5208367 D
5208367 W
5208367 L
5208523 D
5208523 D
5208523 W
5208523 L
5208583 D
5208583 D
5208583 W
5208583 L
5250391 D
5250391 D
5250391 W
5250391 L
5262017 D
5262017 D
5262017 W
5262017 L
5274817 D
5274817 D
5274817 W
5274817 L
5290907 D
5290907 D
5290907 W
5290907 L
5311841 D
5311841 D
5311841 W
5311841 L
5319661 D
5319661 D
5319661 W
5319661 L
5322221 D
5322221 D
5322221 W
5322221 L
5325961 D
5325961 D
5325961 W
5325961 L
5326903 D
5326903 D
5326903 W
5326903 L
5338877 D
5338877 D
5338877 W
5338877 L
5363179 D
5363179 D
5363179 W
5363179 L
5365553 D
5365553 D
5365553 W
5365553 L
5370403 D
5370403 D
5370403 W
5370403 L
5393393 D
5393393 D
5393393 W
5393393 L
5397181 D
5397181 D
5397181 W
5397181 L
5400089 D
5400089 D
5400089 W
5400089 L
5405119 D
5405119 D
5405119 W
5405119 L
5441083 D
5441083 D
5441083 W
5441083 L
5445113 D
5445113 D
5445113 W
5445113 L
5453423 D
5453423 D
5453423 W
5453423 L
5462683 D
5462683 D
5462683 W
5462683 L
5463487 D
5463487 D
5463487 W
5463487 L
5509429 D
5509429 D
5509429 W
5509429 L
5513303 D
5513303 D
5513303 W
5513303 L
5522233 D
5522233 D
5522233 W
5522233 L
5534519 D
5534519 D
5534519 W
5534519 L
5536301 D
5536301 D
5536301 W
5536301 L
5540497 D
5540497 D
5540497 W
5540497 L
5542321 D
5542321 D
5542321 W
5542321 L
5550157 D
5550157 D
5550157 W
5550157 L
5554567 D
5554567 D
5554567 W
5554567 L
5557547 D
5557547 D
5557547 W
5557547 L
5560367 D
5560367 D
5560367 W
5560367 L
5561879 D
5561879 D
5561879 W
5561879 L
5587457 D
5587457 D
5587457 W
5587457 L
5587943 D
5587943 D
5587943 W
5587943 L
5595043 D
5595043 D
5595043 W
5595043 L
5595449 D
5595449 D
5595449 W
5595449 L
5608769 D
5608769 D
5608769 W
5608769 L
5613169 D
5613169 D
5613169 W
5613169 L
5622497 D
5622497 D
5622497 W
5622497 L
5624327 D
5624327 D
5624327 W
5624327 L
5624611 D
5624611 D
5624611 W
5624611 L
5629951 D
5629951 D
5629951 W
5629951 L
5630659 D
5630659 D
5630659 W
5630659 L
5640881 D
5640881 D
5640881 W
5640881 L
5653103 D
5653103 D
5653103 W
5653103 L
5654123 D
5654123 D
5654123 W
5654123 L
5660923 D
5660923 D
5660923 W
5660923 L
5661973 D
5661973 D
5661973 W
5661973 L
5688503 D
5688503 D
5688503 W
5688503 L
5694019 D
5694019 D
5694019 W
5694019 L
5701831 D
5701831 D
5701831 W
5701831 L
5701981 D
5701981 D
5701981 W
5701981 L
5724559 D
5724559 D
5724559 W
5724559 L
5776873 D
5776873 D
5776873 W
5776873 L
5798291 D
5798291 D
5798291 W
5798291 L
5821331 D
5821331 D
5821331 W
5821331 L
5825671 D
5825671 D
5825671 W
5825671 L
5835871 D
5835871 D
5835871 W
5835871 L
5837773 D
5837773 D
5837773 W
5837773 L
5850209 D
5850209 D
5850209 W
5850209 L
5857309 D
5857309 D
5857309 W
5857309 L
5867749 D
5867749 D
5867749 W
5867749 L
5869079 D
5869079 D
5869079 W
5869079 L
5877269 D
5877269 D
5877269 W
5877269 L
5897329 D
5897329 D
5897329 W
5897329 L
5922029 D
5922029 D
5922029 W
5922029 L
5941951 D
5941951 D
5941951 W
5941951 L
5948389 D
5948389 D
5948389 W
5948389 L
5961217 D
5961217 D
5961217 W
5961217 L
5974369 D
5974369 D
5974369 W
5974369 L
5989639 D
5989639 D
5989639 W
5989639 L
6024047 D
6024047 D
6024047 W
6024047 L
6030161 D
6030161 D
6030161 W
6030161 L
6062803 D
6062803 D
6062803 W
6062803 L
6068957 D
6068957 D
6068957 W
6068957 L
6073651 D
6073651 D
6073651 W
6073651 L
6079391 D
6079391 D
6079391 W
6079391 L
6085171 D
6085171 D
6085171 W
6085171 L
6089737 D
6089737 D
6089737 W
6089737 L
6089953 D
6089953 D
6089953 W
6089953 L
6099727 D
6099727 D
6099727 W
6099727 L
6103183 D
6103183 D
6103183 W
6103183 L
6106081 D
6106081 D
6106081 W
6106081 L
6120347 D
6120347 D
6120347 W
6120347 L
6130997 D
6130997 D
6130997 W
6130997 L
6134339 D
6134339 D
6134339 W
6134339 L
6146053 D
6146053 D
6146053 W
6146053 L
6149981 D
6149981 D
6149981 W
6149981 L
6157793 D
6157793 D
6157793 W
6157793 L
6160513 D
6160513 D
6160513 W
6160513 L
6168523 D
6168523 D
6168523 W
6168523 L
6201301 D
6201301 D
6201301 W
6201301 L
6234113 D
6234113 D
6234113 W
6234113 L
6253993 D
6253993 D
6253993 W
6253993 L
6279127 D
6279127 D
6279127 W
6279127 L
6318211 D
6318211 D
6318211 W
6318211 L
6333221 D
6333221 D
6333221 W
6333221 L
6336949 D
6336949 D
6336949 W
6336949 L
6360199 D
6360199 D
6360199 W
6360199 L
6363139 D
6363139 D
6363139 W
6363139 L
6397213 D
6397213 D
6397213 W
6397213 L
6401363 D
6401363 D
6401363 W
6401363 L
6409397 D
6409397 D
6409397 W
6409397 L
6410693 D
6410693 D
6410693 W
6410693 L
6410699 D
6410699 D
6410699 W
6410699 L
6424193 D
6424193 D
6424193 W
6424193 L
6445319 D
6445319 D
6445319 W
6445319 L
6448781 D
6448781 D
6448781 W
6448781 L
6451223 D
6451223 D
6451223 W
6451223 L
6461821 D
6461821 D
6461821 W
6461821 L
6467689 D
6467689 D
6467689 W
6467689 L
6493259 D
6493259 D
6493259 W
6493259 L
6505783 D
6505783 D
6505783 W
6505783 L
6527627 D
6527627 D
6527627 W
6527627 L
6546097 D
6546097 D
6546097 W
6546097 L
6546131 D
6546131 D
6546131 W
6546131 L
6552851 D
6552851 D
6552851 W
6552851 L
6554699 D
6554699 D
6554699 W
6554699 L
6574111 D
6574111 D
6574111 W
6574111 L
6582847 D
6582847 D
6582847 W
6582847 L
6592151 D
6592151 D
6592151 W
6592151 L
6643789 D
6643789 D
6643789 W
6643789 L
6644873 D
6644873 D
6644873 W
6644873 L
6658859 D
6658859 D
6658859 W
6658859 L
6664997 D
6664997 D
6664997 W
6664997 L
6665059 D
6665059 D
6665059 W
6665059 L
6673493 D
6673493 D
6673493 W
6673493 L
6683947 D
6683947 D
6683947 W
6683947 L
6690991 D
6690991 D
6690991 W
6690991 L
6696383 D
6696383 D
6696383 W
6696383 L
6698281 D
6698281 D
6698281 W
6698281 L
6699599 D
6699599 D
6699599 W
6699599 L
6708227 D
6708227 D
6708227 W
6708227 L
6730681 D
6730681 D
6730681 W
6730681 L
6748673 D
6748673 D
6748673 W
6748673 L
6806147 D
6806147 D
6806147 W
6806147 L
6808013 D
6808013 D
6808013 W
6808013 L
6815041 D
6815041 D
6815041 W
6815041 L
6825757 D
6825757 D
6825757 W
6825757 L
6838553 D
6838553 D
6838553 W
6838553 L
6846811 D
6846811 D
6846811 W
6846811 L
6849569 D
6849569 D
6849569 W
6849569 L
6850603 D
6850603 D
6850603 W
6850603 L
6854983 D
6854983 D
6854983 W
6854983 L
6878603 D
6878603 D
6878603 W
6878603 L
6885551 D
6885551 D
6885551 W
6885551 L
6891161 D
6891161 D
6891161 W
6891161 L
6894211 D
6894211 D
6894211 W
6894211 L
6895927 D
6895927 D
6895927 W
6895927 L
6896293 D
6896293 D
6896293 W
6896293 L
6906719 D
6906719 D
6906719 W
6906719 L
6918599 D
6918599 D
6918599 W
6918599 L
6953851 D
6953851 D
6953851 W
6953851 L
6989761 D
6989761 D
6989761 W
6989761 L
6992651 D
6992651 D
6992651 W
6992651 L
6996989 D
6996989 D
6996989 W
6996989 L
7014947 D
7014947 D
7014947 W
7014947 L
7016029 D
7016029 D
7016029 W
7016029 L
7026499 D
7026499 D
7026499 W
7026499 L
7064221 D
7064221 D
7064221 W
7064221 L
7080547 D
7080547 D
7080547 W
7080547 L
7087897 D
7087897 D
7087897 W
7087897 L
7091881 D
7091881 D
7091881 W
7091881 L
7099627 D
7099627 D
7099627 W
7099627 L
7117841 D
7117841 D
7117841 W
7117841 L
7118117 D
7118117 D
7118117 W
7118117 L
7122607 D
7122607 D
7122607 W
7122607 L
7133177 D
7133177 D
7133177 W
7133177 L
7141577 D
7141577 D
7141577 W
7141577 L
7147691 D
7147691 D
7147691 W
7147691 L
7166773 D
7166773 D
7166773 W
7166773 L
7172237 D
7172237 D
7172237 W
7172237 L
7178027 D
7178027 D
7178027 W
7178027 L
7207297 D
7207297 D
7207297 W
7207297 L
7208419 D
7208419 D
7208419 W
7208419 L
7215067 D
7215067 D
7215067 W
7215067 L
7221917 D
7221917 D
7221917 W
7221917 L
7230871 D
7230871 D
7230871 W
7230871 L
7231967 D
7231967 D
7231967 W
7231967 L
7263203 D
7263203 D
7263203 W
7263203 L
7293233 D
7293233 D
7293233 W
7293233 L
7300333 D
7300333 D
7300333 W
7300333 L
7311119 D
7311119 D
7311119 W
7311119 L
7323479 D
7323479 D
7323479 W
7323479 L
7327451 D
7327451 D
7327451 W
7327451 L
7338689 D
7338689 D
7338689 W
7338689 L
7343689 D
7343689 D
7343689 W
7343689 L
7344349 D
7344349 D
7344349 W
7344349 L
7349059 D
7349059 D
7349059 W
7349059 L
7377989 D
7377989 D
7377989 W
7377989 L
7417337 D
7417337 D
7417337 W
7417337 L
7418051 D
7418051 D
7418051 W
7418051 L
7426087 D
7426087 D
7426087 W
7426087 L
7427779 D
7427779 D
7427779 W
7427779 L
7438241 D
7438241 D
7438241 W
7438241 L
7443803 D
7443803 D
7443803 W
7443803 L
7445369 D
7445369 D
7445369 W
7445369 L
7451161 D
7451161 D
7451161 W
7451161 L
7469017 D
7469017 D
7469017 W
7469017 L
7491811 D
7491811 D
7491811 W
7491811 L
7507471 D
7507471 D
7507471 W
7507471 L
7518127 D
7518127 D
7518127 W
7518127 L
7535917 D
7535917 D
7535917 W
7535917 L
7540913 D
7540913 D
7540913 W
7540913 L
7546529 D
7546529 D
7546529 W
7546529 L
7553803 D
7553803 D
7553803 W
7553803 L
7558207 D
7558207 D
7558207 W
7558207 L
7580303 D
7580303 D
7580303 W
7580303 L
7594487 D
7594487 D
7594487 W
7594487 L
7594901 D
7594901 D
7594901 W
7594901 L
7599029 D
7599029 D
7599029 W
7599029 L
7619191 D
7619191 D
7619191 W
7619191 L
7660721 D
7660721 D
7660721 W
7660721 L
7661207 D
7661207 D
7661207 W
7661207 L
7676531 D
7676531 D
7676531 W
7676531 L
7677889 D
7677889 D
7677889 W
7677889 L
7694891 D
7694891 D
7694891 W
7694891 L
7694987 D
7694987 D
7694987 W
7694987 L
7698241 D
7698241 D
7698241 W
7698241 L
7707233 D
7707233 D
7707233 W
7707233 L
7716277 D
7716277 D
7716277 W
7716277 L
7735219 D
7735219 D
7735219 W
7735219 L
7737689 D
7737689 D
7737689 W
7737689 L
7755481 D
7755481 D
7755481 W
7755481 L
7761107 D
7761107 D
7761107 W
7761107 L
7763773 D
7763773 D
7763773 W
7763773 L
7763863 D
7763863 D
7763863 W
7763863 L
7764683 D
7764683 D
7764683 W
7764683 L
7766897 D
7766897 D
7766897 W
7766897 L
7773197 D
7773197 D
7773197 W
7773197 L
7782301 D
7782301 D
7782301 W
7782301 L
7795807 D
7795807 D
7795807 W
7795807 L
7801019 D
7801019 D
7801019 W
7801019 L
7827301 D
7827301 D
7827301 W
7827301 L
7832989 D
7832989 D
7832989 W
7832989 L
7845127 D
7845127 D
7845127 W
7845127 L
7850951 D
7850951 D
7850951 W
7850951 L
7855469 D
7855469 D
7855469 W
7855469 L
7865131 D
7865131 D
7865131 W
7865131 L
7877759 D
7877759 D
7877759 W
7877759 L
7892413 D
7892413 D
7892413 W
7892413 L
7893397 D
7893397 D
7893397 W
7893397 L
7896181 D
7896181 D
7896181 W
7896181 L
7903999 D
7903999 D
7903999 W
7903999 L
7909117 D
7909117 D
7909117 W
7909117 L
7940761 D
7940761 D
7940761 W
7940761 L
7941641 D
7941641 D
7941641 W
7941641 L
7954151 D
7954151 D
7954151 W
7954151 L
7962541 D
7962541 D
7962541 W
7962541 L
7969349 D
7969349 D
7969349 W
7969349 L
8008811 D
8008811 D
8008811 W
8008811 L
8009611 D
8009611 D
8009611 W
8009611 L
8010143 D
8010143 D
8010143 W
8010143 L
8036299 D
8036299 D
8036299 W
8036299 L
8055361 D
8055361 D
8055361 W
8055361 L
8056957 D
8056957 D
8056957 W
8056957 L
8060263 D
8060263 D
8060263 W
8060263 L
8061103 D
8061103 D
8061103 W
8061103 L
8063227 D
8063227 D
8063227 W
8063227 L
8074309 D
8074309 D
8074309 W
8074309 L
8078671 D
8078671 D
8078671 W
8078671 L
8088523 D
8088523 D
8088523 W
8088523 L
8093611 D
8093611 D
8093611 W
8093611 L
8095679 D
8095679 D
8095679 W
8095679 L
8105491 D
8105491 D
8105491 W
8105491 L
8120837 D
8120837 D
8120837 W
8120837 L
8124257 D
8124257 D
8124257 W
8124257 L
8133019 D
8133019 D
8133019 W
8133019 L
8164213 D
8164213 D
8164213 W
8164213 L
8181731 D
8181731 D
8181731 W
8181731 L
8186599 D
8186599 D
8186599 W
8186599 L
8190407 D
8190407 D
8190407 W
8190407 L
8194387 D
8194387 D
8194387 W
8194387 L
8196421 D
8196421 D
8196421 W
8196421 L
8198501 D
8198501 D
8198501 W
8198501 L
8204473 D
8204473 D
8204473 W
8204473 L
8212283 D
8212283 D
8212283 W
8212283 L
8213459 D
8213459 D
8213459 W
8213459 L
8213897 D
8213897 D
8213897 W
8213897 L
8223881 D
8223881 D
8223881 W
8223881 L
8227759 D
8227759 D
8227759 W
8227759 L
8229629 D
8229629 D
8229629 W
8229629 L
8232043 D
8232043 D
8232043 W
8232043 L
8234899 D
8234899 D
8234899 W
8234899 L
8259551 D
8259551 D
8259551 W
8259551 L
8267711 D
8267711 D
8267711 W
8267711 L
8293039 D
8293039 D
8293039 W
8293039 L
8311829 D
8311829 D
8311829 W
8311829 L
8353153 D
8353153 D
8353153 W
8353153 L
8371927 D
8371927 D
8371927 W
8371927 L
8383961 D
8383961 D
8383961 W
8383961 L
8390783 D
8390783 D
8390783 W
8390783 L
8441249 D
8441249 D
8441249 W
8441249 L
8444309 D
8444309 D
8444309 W
8444309 L
8446261 D
8446261 D
8446261 W
8446261 L
8448799 D
8448799 D
8448799 W
8448799 L
8455193 D
8455193 D
8455193 W
8455193 L
8462249 D
8462249 D
8462249 W
8462249 L
8472589 D
8472589 D
8472589 W
8472589 L
8481059 D
8481059 D
8481059 W
8481059 L
8486873 D
8486873 D
8486873 W
8486873 L
8505433 D
8505433 D
8505433 W
8505433 L
8534003 D
8534003 D
8534003 W
8534003 L
8535269 D
8535269 D
8535269 W
8535269 L
8545651 D
8545651 D
8545651 W
8545651 L
8587493 D
8587493 D
8587493 W
8587493 L
8607077 D
8607077 D
8607077 W
8607077 L
8610463 D
8610463 D
8610463 W
8610463 L
8613853 D
8613853 D
8613853 W
8613853 L
8615051 D
8615051 D
8615051 W
8615051 L
8626621 D
8626621 D
8626621 W
8626621 L
8645543 D
8645543 D
8645543 W
8645543 L
8650309 D
8650309 D
8650309 W
8650309 L
8694031 D
8694031 D
8694031 W
8694031 L
8700001 D
8700001 D
8700001 W
8700001 L
8701289 D
8701289 D
8701289 W
8701289 L
8703817 D
8703817 D
8703817 W
8703817 L
8704433 D
8704433 D
8704433 W
8704433 L
8710627 D
8710627 D
8710627 W
8710627 L
8758721 D
8758721 D
8758721 W
8758721 L
8770189 D
8770189 D
8770189 W
8770189 L
8771069 D
8771069 D
8771069 W
8771069 L
8773997 D
8773997 D
8773997 W
8773997 L
8781079 D
8781079 D
8781079 W
8781079 L
8783129 D
8783129 D
8783129 W
8783129 L
8787809 D
8787809 D
8787809 W
8787809 L
8818283 D
8818283 D
8818283 W
8818283 L
8846731 D
8846731 D
8846731 W
8846731 L
8897143 D
8897143 D
8897143 W
8897143 L
8904127 D
8904127 D
8904127 W
8904127 L
8940499 D
8940499 D
8940499 W
8940499 L
8952161 D
8952161 D
8952161 W
8952161 L
8964419 D
8964419 D
8964419 W
8964419 L
8973329 D
8973329 D
8973329 W
8973329 L
8980627 D
8980627 D
8980627 W
8980627 L
8982247 D
8982247 D
8982247 W
8982247 L
8984671 D
8984671 D
8984671 W
8984671 L
8999143 D
8999143 D
8999143 W
8999143 L
8999927 D
8999927 D
8999927 W
8999927 L
9004349 D
9004349 D
9004349 W
9004349 L
9010531 D
9010531 D
9010531 W
9010531 L
9030887 D
9030887 D
9030887 W
9030887 L
9062279 D
9062279 D
9062279 W
9062279 L
9075533 D
9075533 D
9075533 W
9075533 L
9077329 D
9077329 D
9077329 W
9077329 L
9079481 D
9079481 D
9079481 W
9079481 L
9083681 D
9083681 D
9083681 W
9083681 L
9086593 D
9086593 D
9086593 W
9086593 L
9100859 D
9100859 D
9100859 W
9100859 L
9116843 D
9116843 D
9116843 W
9116843 L
9151969 D
9151969 D
9151969 W
9151969 L
9163571 D
9163571 D
9163571 W
9163571 L
9173959 D
9173959 D
9173959 W
9173959 L
9193927 D
9193927 D
9193927 W
9193927 L
9196223 D
9196223 D
9196223 W
9196223 L
9198667 D
9198667 D
9198667 W
9198667 L
9200969 D
9200969 D
9200969 W
9200969 L
9214603 D
9214603 D
9214603 W
9214603 L
9220891 D
9220891 D
9220891 W
9220891 L
9223583 D
9223583 D
9223583 W
9223583 L
9225191 D
9225191 D
9225191 W
9225191 L
9226391 D
9226391 D
9226391 W
9226391 L
9228787 D
9228787 D
9228787 W
9228787 L
9230009 D
9230009 D
9230009 W
9230009 L
9230027 D
9230027 D
9230027 W
9230027 L
9235711 D
9235711 D
9235711 W
9235711 L
9242741 D
9242741 D
9242741 W
9242741 L
9262787 D
9262787 D
9262787 W
9262787 L
9283201 D
9283201 D
9283201 W
9283201 L
9289009 D
9289009 D
9289009 W
9289009 L
9289351 D
9289351 D
9289351 W
9289351 L
9294671 D
9294671 D
9294671 W
9294671 L
9314233 D
9314233 D
9314233 W
9314233 L
9315557 D
9315557 D
9315557 W
9315557 L
9329273 D
9329273 D
9329273 W
9329273 L
9354677 D
9354677 D
9354677 W
9354677 L
9355223 D
9355223 D
9355223 W
9355223 L
9363019 D
9363019 D
9363019 W
9363019 L
9363469 D
9363469 D
9363469 W
9363469 L
9374821 D
9374821 D
9374821 W
9374821 L
9384101 D
9384101 D
9384101 W
9384101 L
9386743 D
9386743 D
9386743 W
9386743 L
9410561 D
9410561 D
9410561 W
9410561 L
9412021 D
9412021 D
9412021 W
9412021 L
9412573 D
9412573 D
9412573 W
9412573 L
9441547 D
9441547 D
9441547 W
9441547 L
9473809 D
9473809 D
9473809 W
9473809 L
9487111 D
9487111 D
9487111 W
9487111 L
9500923 D
9500923 D
9500923 W
9500923 L
9502063 D
9502063 D
9502063 W
9502063 L
9517549 D
9517549 D
9517549 W
9517549 L
9521453 D
9521453 D
9521453 W
9521453 L
9548921 D
9548921 D
9548921 W
9548921 L
9552733 D
9552733 D
9552733 W
9552733 L
9580867 D
9580867 D
9580867 W
9580867 L
9586601 D
9586601 D
9586601 W
9586601 L
9607781 D
9607781 D
9607781 W
9607781 L
9616613 D
9616613 D
9616613 W
9616613 L
9617371 D
9617371 D
9617371 W
9617371 L
9638281 D
9638281 D
9638281 W
9638281 L
9641789 D
9641789 D
9641789 W
9641789 L
9649219 D
9649219 D
9649219 W
9649219 L
9652921 D
9652921 D
9652921 W
9652921 L
9663679 D
9663679 D
9663679 W
9663679 L
9665947 D
9665947 D
9665947 W
9665947 L
9684707 D
9684707 D
9684707 W
9684707 L
9694273 D
9694273 D
9694273 W
9694273 L
9735839 D
9735839 D
9735839 W
9735839 L
9736411 D
9736411 D
9736411 W
9736411 L
9743317 D
9743317 D
9743317 W
9743317 L
9750599 D
9750599 D
9750599 W
9750599 L
9754343 D
9754343 D
9754343 W
9754343 L
9754993 D
9754993 D
9754993 W
9754993 L
9779909 D
9779909 D
9779909 W
9779909 L
9791351 D
9791351 D
9791351 W
9791351 L
9795413 D
9795413 D
9795413 W
9795413 L
9800663 D
9800663 D
9800663 W
9800663 L
9813469 D
9813469 D
9813469 W
9813469 L
9815209 D
9815209 D
9815209 W
9815209 L
9822973 D
9822973 D
9822973 W
9822973 L
9833671 D
9833671 D
9833671 W
9833671 L
9842383 D
9842383 D
9842383 W
9842383 L
9843109 D
9843109 D
9843109 W
9843109 L
9857791 D
9857791 D
9857791 W
9857791 L
9859937 D
9859937 D
9859937 W
9859937 L
9872201 D
9872201 D
9872201 W
9872201 L
9880279 D
9880279 D
9880279 W
9880279 L
9923747 D
9923747 D
9923747 W
9923747 L
9929371 D
9929371 D
9929371 W
9929371 L
9934471 D
9934471 D
9934471 W
9934471 L
9966419 D
9966419 D
9966419 W
9966419 L
9968789 D
9968789 D
9968789 W
9968789 L
9973903 D
9973903 D
9973903 W
9973903 L
