432713461109
516939651 498500063
369205237 135103338
516939651 711512588
953670286 498500063
770637838 493902299
983537894 914820215
595613850 56855096
659277324 925285809
819391258 903300346
294436747 681215879
319328772 55161031
423746375 39673841
516939651 956620949
41665836 907670072
844922171 937813519
424881386 801746462
516939651 971373711
988186829 324124490
980187970 521149466
452874397 100746175
99747202 782207293
992304636 841483028
21289779 570632923
243957557 537633109
450938633 565265347
939244664 974868095
359007153 679294654
995968496 836715434
871420458 262891585
714055986 117454438
939920207 795858928
516403551 916563366
516939651 243145165
576670155 827575714
516939651 881993767
709655501 498500063
529362865 133427411
111402312 109432223
924687119 692623501
446465024 842745478
946279517 498500063
516939651 498500063
618003074 194159372
464060784 632745177
985949758 282163775
661102511 298676969
816389060 846982204
625899287 204080534
974026640 595134838
158139659 901010099
121320571 136401000
301094463 842943989
641685194 621908961
516939651 498500063
708234364 542221054
275500178 290191536
523229212 82629179
870790954 203822088
967658418 503515160
622134437 290710622
799100760 553018943
91061879 755043629
748851576 794603765
382843929 634532142
254292309 566532734
936998442 498500063
877172956 224382162
195914527 465125685
395694782 447426373
389889122 624757016
868147066 940282295
348081786 498500063
993800003 423319747
326714083 460446884
380877125 498500063
160403945 770761827
912338931 498500063
719760660 85166788
596405361 17388727
516939651 498500063
135126131 953221922
345155884 498500063
630961947 57732868
283451056 456192379
435168793 267027620
39959422 410679512
882355067 261626997
556527973 411218840
80407814 228583892
535167846 227551283
62132037 306309732
377722985 475791991
573812135 175332557
857981640 498500063
910308483 649873704
339405064 889683037
772706629 799792914
763493934 954246215
356485771 390500861
561555539 924040703
966696152 777161041
413218133 918288797
723597286 617155103
934757234 280338399
739293250 577551820
440161000 826157150
139488674 780811134
781127288 481904417
363560005 952004963
918291307 428048140
348179571 330901311
388725214 645477532
291020774 474722593
580826490 824366302
945366121 13877454
399699004 851548422
136909741 641995145
917907507 545957037
57721481 990265125
516939651 34844662
628005314 409981763
767909044 335261758
620422155 559473364
917736999 458369690
497663753 390084274
921663716 108123200
410641056 47281478
933531501 8315636
100975168 380957632
866214463 188318528
383753407 142522974
676856273 498500063
185005874 267971645
782505992 741760275
33832018 977785203
516939651 73071561
717543495 998207391
608525976 176163066
860805562 150542138
992381871 310477747
935807659 648445152
768284052 806776462
516939651 484469275
772869222 988346732
516939651 147857904
896568614 434294426
9213288 651996729
108436890 61821866
694615259 358491156
394224699 133097982
138158488 72202022
551991838 819957565
536086947 762546898
94379079 833238729
772592251 722787592
891191732 719699301
609735176 593413014
653624979 404105506
141082977 748990436
840546877 328925531
538656378 290398075
54271516 585485997
969262654 973106938
516939651 720901064
235869174 896750067
825453230 618560231
276250844 374566586
251416570 864402018
72589445 504889402
683481153 795342067
795476157 7705617
503869763 88263764
949492182 169125914
151039962 424275183
403587256 614220307
683615284 437647619
509489010 544643855
516939651 364266469
710427583 892754327
20010730 654734599
612462377 498500063
531740946 884299736
340285856 901346264
735470905 182645438
48912836 506325503
377569942 424060118
863530478 963559966
547027048 498500063
637743155 940073201
516939651 707507555
109122484 164531605
375600316 344194275
278750955 410543003
232498224 880368237
371720345 988230464
404389877 46436355
957395873 528474305
516939651 141587123
755032910 115482768
500643352 237608153
499896229 130120025
789326303 254798242
444533882 498500063
595785695 207119882
411998111 423546448
794941459 49337779
181167676 415458995
43260291 726699655
693404176 334319601
28911798 376968646
187151063 355169508
613163002 854626079
692357793 593801104
451825919 627591783
236892654 700662996
516939651 329348927
411146844 991376315
918044992 852998225
251040495 797021611
242703134 216302568
395891932 753114248
659187673 107157686
139292194 742006878
453507554 884552558
972926028 409812562
207066516 359348751
844812236 677145331
664020090 498500063
263216725 257839033
516939651 310943067
752145458 83074145
398604480 59831156
538198319 765506858
504988566 490602483
571147015 176446860
420871816 498500063
981523522 962698000
682020174 933503656
516939651 342982039
534947894 498500063
767799670 565375782
983356402 258988213
192498114 126116977
319229299 680928088
194080222 455445944
212050689 150328307
232110655 498500063
295061400 722219454
279687077 33572801
64507588 110539133
104450602 625113985
897195919 324418543
861613498 574443008
458386045 276713701
976633101 413847967
315062368 565798002
106447250 669639169
633103883 629834931
353755708 575642622
768600716 556955900
861943310 564494795
269548843 46953537
720131520 433102463
889479276 410852283
516939651 498500063
562353911 471645479
826587666 191943811
347731267 505969325
135417558 929998074
516939651 950329154
497624607 498500063
68397575 372667738
427210626 902009774
801939318 30872304
672816176 258056802
618233628 659486426
516939651 120719364
470763366 329490012
292095515 498500063
484015500 913280062
344109848 937273154
778014807 405768852
741580489 173860871
693690695 994974289
486456980 359586916
826829873 974191211
302224058 498500063
814811128 39943233
51507548 618153368
255282012 489104035
953501900 984910262
769058720 500186280
698479516 498500063
728130301 271770852
767422880 45607098
203449529 292228210
108775060 625951810
229860083 5437924
264018126 706995206
649951081 185810154
103408934 627545387
550540575 978094834
785779917 539829541
58905988 466399925
312026584 498500063
251760899 613804452
906102328 150077497
638212090 498500063
516939651 351946727
168951310 520498521
345942165 627299497
437488616 449170433
561965857 739068005
562480874 946662383
429680502 498500063
307106651 904844765
60269289 943898963
238712921 531361564
40325500 156154254
185768113 90188450
975486874 425797524
962216296 835946293
516939651 505845182
416308378 934991776
656139843 456751635
923432330 130515711
634350038 698018741
971070230 539271916
871879122 928574836
647638425 453396385
75515921 997151323
671886541 657943347
617953184 280656248
822927217 382174168
591277501 938696825
305350505 498500063
368760869 456469940
529223356 16947803
974107963 780125373
85396307 81316246
109165692 498500063
516939651 632696514
917859081 699968743
452252800 299804657
30488114 330650519
63096255 102608237
218278807 139477795
700070146 346440672
410847442 594879422
500914158 324134945
54562028 791109144
108520805 669248880
529109940 346462075
151055300 126101043
85989333 30966867
648557959 878417508
729926863 421061617
115272653 664541658
120084450 303335245
155271950 612611144
335682438 498500063
879448725 792773891
373570771 564450260
374246187 498500063
516939651 246485146
858890533 284047102
370007588 687516218
230543755 983778140
721413404 665314353
343212290 501202471
307447764 27777291
883828849 188008584
963316149 371267981
538744918 294553564
215628577 930828892
905204662 616458893
366724592 651957757
626147406 233935334
558845430 108171353
328269386 730316151
359045357 803610049
410711610 583841097
194549269 781173861
602545822 457305114
589326418 869735674
622223718 755530812
189287604 114715652
486457055 442596791
735489880 146435515
309619419 504372807
516939651 750662713
10335590 576776134
280238262 293398124
782649406 996704334
228355318 784954396
502952618 878301493
153686122 451398829
794066590 498500063
345601298 498500063
644923707 958603600
393630516 224537658
375248696 699325011
338753878 721493669
516939651 263212389
516939651 705308605
280512397 248940645
725346863 474984886
155944843 490416968
876962872 271702159
455281063 723214061
316882403 510987675
667835765 953763892
51187766 370438360
906768389 375077053
703346128 260800869
983204033 472922159
571342954 953294567
123394979 975887640
17043675 632622287
679235576 608001949
577957735 456171313
87449752 143284010
73695959 762387481
786615329 284575126
340377529 313056636
516939651 106526431
522422901 685748848
441906925 480356135
346102865 477464575
56719218 364171296
923920916 498500063
483387667 498500063
364215029 380683268
312816284 649564452
335717472 628898508
611191157 815754325
289855818 199092102
570101771 401231570
727623525 866719192
759113459 752823951
516939651 48625354
206146152 555677886
940346138 842077323
575594006 523902870
285970461 404030993
459252054 697986335
616876329 769337739
349876701 695875518
464980086 161505766
210149973 375726081
516939651 649106704
838711768 484924496
994361519 589556981
692623974 498500063
993597511 292569297
504604809 927715484
853870263 767945923
285297318 630299282
213073506 722705466
330519093 223275357
920520434 52975712
601973644 304472426
962353674 87587804
344918200 287519923
149990230 253692718
733262951 644248662
833295713 769866933
725126202 892429821
659072047 498500063
516939651 428777455
516939651 498500063
543752530 498500063
516939651 706993607
694499578 498500063
707349071 305277614
657868455 697938814
531879652 510768434
702482884 529676477
845460202 550585269
516939651 464333997
330504507 231789937
89556255 540737885
516939651 131134948
575672596 138668367
183672453 34228965
640743201 553945167
608049883 542238039
494367298 638898327
574239597 759709291
925330964 809617617
461635948 67902772
517748869 638959181
697746602 433427560
475778570 553679228
293113683 498500063
139147533 86458049
459326243 898513911
273764305 570664837
643602676 4206529
519076447 785618053
776541797 948343168
814081956 223419615
358272321 973847545
224911389 538938134
631178786 881126134
525615973 786084140
418994115 928691820
456384845 872984536
695608626 406997714
713555108 148745420
516939651 404622368
577695171 504250053
89575656 252397657
190297754 231767416
516939651 675525610
546853935 171546915
653139553 175263207
2321725 727927364
261805337 230473136
145616594 124283415
556262405 185456070
800164956 714930462
439167352 904992495
51869863 9397102
759706172 769734380
499088877 498500063
668468042 498500063
800782595 114636825
551169349 632593696
960490024 682433002
819147079 498500063
338793105 498500063
149086870 111557415
884625875 915306615
218396097 473578580
80247182 433369759
890089934 372363138
516939651 634829401
268756234 784833007
516939651 128578221
606203023 514384818
893500773 37716293
410782376 852444715
726076689 883316933
463095613 516417957
544435333 218300165
69542580 918395670
765700702 862429307
49566383 983211406
516306391 874772842
828702886 428381429
840765134 58946725
498700771 438536015
932886437 246392690
676222621 34689486
663845626 498500063
201474212 337458227
830130625 671730143
354332411 729510321
831562784 444886234
516939651 435272947
263883725 15672149
241951962 40551806
906660824 850572855
717030881 715293888
259066379 605202112
863482545 248618687
606518903 498500063
738495585 360623410
822596808 788286140
596713080 236292890
453712527 776679125
119724713 290573562
449382309 498500063
21697300 774921891
243576066 498500063
421693106 858782384
566336450 824904799
591865442 738336629
982327987 802004382
72444021 29280839
316908509 825349096
922648584 111004951
918253403 592716885
926085732 862265377
96155473 618714043
243740618 344004221
235027965 577381590
516939651 303084427
892647029 379004490
126858438 136210041
800344766 57538124
738194961 211843522
522480968 60743289
103620632 272242225
819820533 446502201
187504548 257502589
722086324 901872953
516939651 338974879
586997741 498500063
622167191 602394212
388801734 316320392
349298463 405767223
863569512 425442760
860380027 705549369
889923259 99698576
755374928 74307018
636739899 151015342
512974463 359907075
368132995 293557824
619459515 668161819
988337532 521487768
622457636 7219392
50069376 475551599
574330080 957160193
856945675 376811850
89212601 836507481
789502267 408783103
140491837 392062178
514777521 607279317
944373979 735153219
744465910 957715139
879493802 694912276
949763441 498500063
683093041 397997644
489540858 311685214
970514141 542820462
519011651 689372760
551270332 311418345
30466744 831794675
244698248 950506043
516939651 906829952
513274227 586705856
403127651 143168456
635753619 222450956
784906108 320965458
490350457 236237693
432081655 533864226
958202086 433655611
71905570 733982884
516939651 413826265
636928802 243815775
672081167 760740691
22688456 323937371
949935160 328778643
160768650 585695843
43187993 142355073
847775062 226915740
533928255 226812754
804161170 498500063
183582251 127615805
352069496 234836022
218652315 529009271
563179095 989738045
372310825 526534602
131109858 151723492
533280061 960461731
366592937 378537170
111191161 490357972
327461151 247484973
904024184 815147934
773087198 148944254
471295432 914647930
695709103 243991787
526398446 922774233
453526071 93515467
779661245 214467333
873306798 44576229
52804604 649678919
681550424 198222623
936906626 872610312
558287695 919842066
516939651 473325428
532344455 55847478
224928076 389861178
806382956 568604698
317155011 498500063
205250889 26951380
536663807 312694252
350259893 498443112
310925389 7013531
684197355 532334105
310050157 889957094
543596545 377741703
263482713 305884392
227165453 182351228
392620138 813776061
344105369 250411017
18965122 313664211
323137540 362289086
711660684 808654469
473716348 498500063
516939651 498500063
768446620 779867647
150550405 695018758
850056271 796850915
721187637 429907944
666447388 498500063
787017094 445953016
12719465 83475746
776666942 548445021
233954561 428636497
824359661 908074671
516939651 498500063
572323775 474685118
39890060 755779119
557225494 842154939
835933395 387486013
712018603 494461754
329663404 613656075
596371078 746571575
916717532 418924981
722116761 581692852
516939651 862225445
462202415 539378826
297858301 288339783
448252809 224507407
250201685 179893453
633233234 498500063
187736940 74928854
279421616 517472656
108234083 892028050
527350886 733834150
814220637 498500063
145299129 891650154
310013230 294274963
935284820 728365221
256664693 695199435
955627915 31104857
946998040 301537343
970776125 498500063
983886140 243300636
838057920 681295957
516939651 452955740
905596643 230158796
971530292 733371702
56895572 498500063
291359587 819527521
976880821 260461179
750761854 964666376
217350336 396697619
225837138 673304124
170942448 547853533
996875450 943245685
261936827 32431289
805842499 339203423
203491433 616231156
516939651 998128264
996228704 694397788
12802688 908316206
122388650 520696181
135215526 554942995
882015912 427694305
341951659 214131691
516939651 807404462
516939651 271700998
732358744 767208851
120969505 163983473
777774367 214728046
294459474 19536631
889515256 123203409
648413138 734858571
764941457 88700692
985907873 707792764
57215093 641948439
551610782 884871404
17542303 529530266
494210259 585277330
516939651 465338684
48560851 125335493
274445761 799949918
787708889 108142923
887748710 618810384
516939651 269780052
484308240 21530911
33971363 709371661
571758355 916784952
591551231 865564578
219083558 643357746
802906770 440899165
698186182 414345580
178691878 34907273
427417219 748302652
583386526 110003245
413825464 175398745
327672554 930905637
820777276 987593758
752656189 85827627
321868863 703226149
967007496 658732650
454054943 990398408
363696010 719950698
570013632 639776095
116671690 562006604
985346670 338601072
742294045 660020814
462020842 999067132
884807674 566796667
110970103 437223110
738651161 530872137
869251567 32869455
321002151 378760081
667800622 325226144
264768777 107030751
360372746 309629510
88001835 627377039
93382116 659005388
256620967 155716757
56274363 701694129
6972757 486744992
836483886 931791326
193841576 311456779
845996467 4392176
516939651 482633730
642569224 533809950
312454414 51625187
946429748 56884042
478298143 781992211
466527737 722363371
301447238 815570731
42530441 668517645
165262981 568486330
937695219 498500063
654906191 56121039
446893422 369822543
429851959 449319901
516939651 410230897
503631319 387538012
87173717 576590406
516749754 87954771
181142933 139252667
286369272 645017329
516939651 248433808
713009360 630122215
795029154 90633577
740642132 473842222
430880059 32955796
703511703 217589362
746505439 346747478
167530713 360667114
743526571 771672929
398095662 941280800
653465330 227707435
683292982 729802444
239056417 498500063
46813505 498500063
478983030 698994981
922611976 271729485
291867757 163712138
911552873 918559554
129500703 878860174
157704784 532225471
326870148 310994009
516939651 981119688
811468712 182113436
609578578 98905806
329786804 187329273
683911171 498500063
356112817 498500063
691460211 498500063
480494248 863263839
262137147 252775390
190954479 659272407
875907981 531031090
382702962 207088979
964223935 349296114
891860930 234313413
339155358 356095446
472531494 260165587
656611059 733690187
434711133 612095113
512454713 725400829
516939651 269687978
169770549 853928593
96798215 818448743
831970715 638923338
425342958 828570382
749095403 498500063
272763821 785130619
478131694 249081665
516939651 559082292
294073276 310776257
104686830 992988015
511160888 148969574
373503087 453653423
597272409 809174470
933229315 300404332
68285822 498500063
629091471 711703484
677266497 861867918
832682170 106292875
307844115 97311607
381910659 236737078
702778806 589034534
50012435 854236130
934669945 508496373
516939651 831957966
370512428 466040779
297354819 922309375
516939651 68273276
627320746 716786944
124033393 463664463
778068863 140502713
516939651 880789972
898977032 25383133
516939651 252766757
103703389 204525001
111469174 930305013
901951642 278027886
469102703 689173079
435176421 460399300
276792651 478714328
494614821 498500063
516939651 171372822
276790440 621224493
449338928 855548376
270945400 440518504
846408750 833242794
231940570 543388955
865594185 414866667
991623637 981139933
893344053 686164668
516939651 165479677
375237469 519985518
516939651 151098074
479161661 930336097
745455234 498500063
163174298 178374955
647660178 283089282
742874717 59862835
122274898 757103572
306873044 588239151
525861952 572175588
382888612 123360619
534657228 496206908
452479010 405564586
972536019 375043158
101689197 763827320
504758094 498500063
504586049 193189807
872071255 841998285
516939651 244184071
35653447 151322617
436117904 806848816
910443797 730686271
624273052 601152695
528338553 498500063
218730613 471400064
580893025 356138907
838874997 821159552
75977303 761415783
730393226 869314174
935823726 934989646
769228734 844070561
558246005 579786501
61401223 714482190
845083988 767462873
712456763 303741120
700387155 25107491
491832734 88990089
